[0.923s] [01m[K/home/nikhil/nourish_ws/src/ros2-bbox-juice-machine/juice_spout/src/juice_spout_node.cpp:[m[K In constructor ‘[01m[KJuiceSpoutNode::JuiceSpoutNode()[m[K’:
[0.923s] [01m[K/home/nikhil/nourish_ws/src/ros2-bbox-juice-machine/juice_spout/src/juice_spout_node.cpp:38:6:[m[K [01;35m[Kwarning: [m[K‘[01m[Kstd::shared_ptr<SubscriptionT> rclcpp::Node::create_subscription(const string&, CallbackT&&, const rmw_qos_profile_t&, rclcpp::callback_group::CallbackGroup::SharedPtr, bool, typename rclcpp::message_memory_strategy::MessageMemoryStrategy<typename rclcpp::subscription_traits::has_message_type<CallbackT>::type, AllocatorT>::SharedPtr, std::shared_ptr<PublisherT>) [with MessageT = std_msgs::msg::Bool_<std::allocator<void> >; CallbackT = JuiceSpoutNode::JuiceSpoutNode()::<lambda(std_msgs::msg::Bool_<std::allocator<void> >::SharedPtr)>; Alloc = std::allocator<void>; SubscriptionT = rclcpp::Subscription<std_msgs::msg::Bool_<std::allocator<void> > >; std::__cxx11::string = std::__cxx11::basic_string<char>; rmw_qos_profile_t = rmw_qos_profile_t; rclcpp::callback_group::CallbackGroup::SharedPtr = std::shared_ptr<rclcpp::callback_group::CallbackGroup>; typename rclcpp::message_memory_strategy::MessageMemoryStrategy<typename rclcpp::subscription_traits::has_message_type<CallbackT>::type, AllocatorT>::SharedPtr = std::shared_ptr<rclcpp::message_memory_strategy::MessageMemoryStrategy<std_msgs::msg::Bool_<std::allocator<void> >, std::allocator<void> > >][m[K’ is deprecated: use create_subscription(const std::string &, const rclcpp::QoS &, CallbackT, ...) instead [[01;35m[K-Wdeprecated-declarations[m[K]
[0.923s]      }[01;35m[K)[m[K;
[0.923s]       [01;35m[K^[m[K
[0.923s] In file included from [01m[K/home/nikhil/ros2_dashing/ros2-linux/include/rclcpp/node.hpp:1206:0[m[K,
[0.923s]                  from [01m[K/home/nikhil/ros2_dashing/ros2-linux/include/rclcpp/executors/single_threaded_executor.hpp:28[m[K,
[0.923s]                  from [01m[K/home/nikhil/ros2_dashing/ros2-linux/include/rclcpp/executors.hpp:22[m[K,
[0.923s]                  from [01m[K/home/nikhil/ros2_dashing/ros2-linux/include/rclcpp/rclcpp.hpp:144[m[K,
[0.923s]                  from [01m[K/home/nikhil/nourish_ws/src/ros2-bbox-juice-machine/juice_spout/src/juice_spout_node.cpp:4[m[K:
[0.923s] [01m[K/home/nikhil/ros2_dashing/ros2-linux/include/rclcpp/node_impl.hpp:139:1:[m[K [01;36m[Knote: [m[Kdeclared here
[0.923s]  [01;36m[KNode[m[K::create_subscription(
[0.923s]  [01;36m[K^~~~[m[K
[0.927s] [01m[K/home/nikhil/nourish_ws/src/ros2-bbox-juice-machine/juice_spout/src/juice_spout_node.cpp:43:6:[m[K [01;35m[Kwarning: [m[K‘[01m[Kstd::shared_ptr<SubscriptionT> rclcpp::Node::create_subscription(const string&, CallbackT&&, const rmw_qos_profile_t&, rclcpp::callback_group::CallbackGroup::SharedPtr, bool, typename rclcpp::message_memory_strategy::MessageMemoryStrategy<typename rclcpp::subscription_traits::has_message_type<CallbackT>::type, AllocatorT>::SharedPtr, std::shared_ptr<PublisherT>) [with MessageT = std_msgs::msg::Float32_<std::allocator<void> >; CallbackT = JuiceSpoutNode::JuiceSpoutNode()::<lambda(std_msgs::msg::Float32_<std::allocator<void> >::SharedPtr)>; Alloc = std::allocator<void>; SubscriptionT = rclcpp::Subscription<std_msgs::msg::Float32_<std::allocator<void> > >; std::__cxx11::string = std::__cxx11::basic_string<char>; rmw_qos_profile_t = rmw_qos_profile_t; rclcpp::callback_group::CallbackGroup::SharedPtr = std::shared_ptr<rclcpp::callback_group::CallbackGroup>; typename rclcpp::message_memory_strategy::MessageMemoryStrategy<typename rclcpp::subscription_traits::has_message_type<CallbackT>::type, AllocatorT>::SharedPtr = std::shared_ptr<rclcpp::message_memory_strategy::MessageMemoryStrategy<std_msgs::msg::Float32_<std::allocator<void> >, std::allocator<void> > >][m[K’ is deprecated: use create_subscription(const std::string &, const rclcpp::QoS &, CallbackT, ...) instead [[01;35m[K-Wdeprecated-declarations[m[K]
[0.927s]      }[01;35m[K)[m[K;
[0.927s]       [01;35m[K^[m[K
[0.927s] In file included from [01m[K/home/nikhil/ros2_dashing/ros2-linux/include/rclcpp/node.hpp:1206:0[m[K,
[0.927s]                  from [01m[K/home/nikhil/ros2_dashing/ros2-linux/include/rclcpp/executors/single_threaded_executor.hpp:28[m[K,
[0.927s]                  from [01m[K/home/nikhil/ros2_dashing/ros2-linux/include/rclcpp/executors.hpp:22[m[K,
[0.927s]                  from [01m[K/home/nikhil/ros2_dashing/ros2-linux/include/rclcpp/rclcpp.hpp:144[m[K,
[0.928s]                  from [01m[K/home/nikhil/nourish_ws/src/ros2-bbox-juice-machine/juice_spout/src/juice_spout_node.cpp:4[m[K:
[0.928s] [01m[K/home/nikhil/ros2_dashing/ros2-linux/include/rclcpp/node_impl.hpp:139:1:[m[K [01;36m[Knote: [m[Kdeclared here
[0.928s]  [01;36m[KNode[m[K::create_subscription(
[0.928s]  [01;36m[K^~~~[m[K
