[0.075s] [35m[1mScanning dependencies of target juice_spout[0m
[0.099s] [ 50%] [32mBuilding CXX object CMakeFiles/juice_spout.dir/src/juice_spout_node.cpp.o[0m
[3.079s] [100%] [32m[1mLinking CXX executable juice_spout[0m
[3.279s] [100%] Built target juice_spout
[3.362s] [100%] Built target juice_spout
[3.379s] [36mInstall the project...[0m
[3.388s] -- Install configuration: ""
[3.388s] -- Installing: /home/nikhil/nourish_ws/install/juice_spout/lib/juice_spout/juice_spout
[3.390s] -- Set runtime path of "/home/nikhil/nourish_ws/install/juice_spout/lib/juice_spout/juice_spout" to ""
[3.390s] -- Up-to-date: /home/nikhil/nourish_ws/install/juice_spout/share/ament_index/resource_index/package_run_dependencies/juice_spout
[3.390s] -- Up-to-date: /home/nikhil/nourish_ws/install/juice_spout/share/ament_index/resource_index/parent_prefix_path/juice_spout
[3.391s] -- Up-to-date: /home/nikhil/nourish_ws/install/juice_spout/share/juice_spout/environment/ament_prefix_path.sh
[3.391s] -- Up-to-date: /home/nikhil/nourish_ws/install/juice_spout/share/juice_spout/environment/path.sh
[3.391s] -- Up-to-date: /home/nikhil/nourish_ws/install/juice_spout/share/juice_spout/local_setup.bash
[3.391s] -- Up-to-date: /home/nikhil/nourish_ws/install/juice_spout/share/juice_spout/local_setup.sh
[3.391s] -- Up-to-date: /home/nikhil/nourish_ws/install/juice_spout/share/juice_spout/local_setup.zsh
[3.391s] -- Up-to-date: /home/nikhil/nourish_ws/install/juice_spout/share/ament_index/resource_index/packages/juice_spout
[3.391s] -- Up-to-date: /home/nikhil/nourish_ws/install/juice_spout/share/juice_spout/cmake/juice_spoutConfig.cmake
[3.391s] -- Up-to-date: /home/nikhil/nourish_ws/install/juice_spout/share/juice_spout/cmake/juice_spoutConfig-version.cmake
[3.391s] -- Up-to-date: /home/nikhil/nourish_ws/install/juice_spout/share/juice_spout/package.xml
