[0.033s] Invoking command in '/home/nikhil/nourish_ws/build/nourish_scale_msgs': /usr/bin/cmake /home/nikhil/nourish_ws/src/ros2-nourish-common-messages/nourish_scale_msgs -DCMAKE_INSTALL_PREFIX=/home/nikhil/nourish_ws/install/nourish_scale_msgs
[0.092s] -- The C compiler identification is GNU 7.5.0
[0.152s] -- The CXX compiler identification is GNU 7.5.0
[0.155s] -- Check for working C compiler: /usr/bin/cc
[0.229s] -- Check for working C compiler: /usr/bin/cc -- works
[0.229s] -- Detecting C compiler ABI info
[0.303s] -- Detecting C compiler ABI info - done
[0.308s] -- Detecting C compile features
[0.529s] -- Detecting C compile features - done
[0.531s] -- Check for working CXX compiler: /usr/bin/c++
[0.628s] -- Check for working CXX compiler: /usr/bin/c++ -- works
[0.628s] -- Detecting CXX compiler ABI info
[0.723s] -- Detecting CXX compiler ABI info - done
[0.730s] -- Detecting CXX compile features
[1.121s] -- Detecting CXX compile features - done
[1.124s] -- Found ament_cmake: 0.7.4 (/home/nikhil/ros2_dashing/ros2-linux/share/ament_cmake/cmake)
[1.152s] -- Found PythonInterp: /usr/bin/python3 (found suitable version "3.6.9", minimum required is "3") 
[1.153s] -- Using PYTHON_EXECUTABLE: /usr/bin/python3
[1.520s] -- Found rosidl_default_generators: 0.7.0 (/home/nikhil/ros2_dashing/ros2-linux/share/rosidl_default_generators/cmake)
[1.554s] -- Could not find RTI Connext - skipping rosidl_typesupport_connext_c
[1.568s] -- Found rosidl_adapter: 0.7.9 (/home/nikhil/ros2_dashing/ros2-linux/share/rosidl_adapter/cmake)
[1.580s] -- Could not find RTI Connext - skipping rosidl_typesupport_connext_cpp
[1.679s] -- Found OpenSSL: /usr/lib/x86_64-linux-gnu/libcrypto.so (found version "1.1.1") 
[1.703s] -- Found FastRTPS: /home/nikhil/ros2_dashing/ros2-linux/include  
[1.786s] -- Could not find PrismTech OpenSplice - skipping rosidl_typesupport_opensplice_c
[1.791s] -- Could not find PrismTech OpenSplice - skipping rosidl_typesupport_opensplice_cpp
[1.851s] -- Found PythonInterp: /usr/bin/python3 (found version "3.6.9") 
[2.013s] -- Using all available rosidl_typesupport_c: rosidl_typesupport_connext_c;rosidl_typesupport_fastrtps_c;rosidl_typesupport_introspection_c;rosidl_typesupport_opensplice_c
[2.018s] -- Using all available rosidl_typesupport_cpp: rosidl_typesupport_connext_cpp;rosidl_typesupport_fastrtps_cpp;rosidl_typesupport_introspection_cpp;rosidl_typesupport_opensplice_cpp
[2.106s] -- Found rmw_implementation_cmake: 0.7.2 (/home/nikhil/ros2_dashing/ros2-linux/share/rmw_implementation_cmake/cmake)
[2.136s] -- Found PythonInterp: /usr/bin/python3 (found suitable version "3.6.9", minimum required is "3.5") 
[2.137s] -- Found python_cmake_module: 0.7.10 (/home/nikhil/ros2_dashing/ros2-linux/share/python_cmake_module/cmake)
[2.164s] -- Found PythonLibs: /usr/lib/x86_64-linux-gnu/libpython3.6m.so (found suitable version "3.6.9", minimum required is "3.5") 
[2.164s] -- Using PYTHON_EXECUTABLE: /usr/bin/python3
[2.164s] -- Using PYTHON_INCLUDE_DIRS: /usr/include/python3.6m
[2.164s] -- Using PYTHON_LIBRARIES: /usr/lib/x86_64-linux-gnu/libpython3.6m.so
[2.198s] -- Found PythonExtra: .so  
[2.201s] -- Could not find RTI Connext - skipping rmw_connext_cpp
[2.208s] CMake Warning at /home/nikhil/ros2_dashing/ros2-linux/share/rmw_connext_shared_cpp/cmake/ament_cmake_export_include_directories-extras.cmake:11 (message):
[2.208s]   Package 'rmw_connext_shared_cpp' exports the include directory
[2.208s]   '/opt/rti.com/rti_connext_dds-5.3.1/include' which doesn't exist
[2.208s] Call Stack (most recent call first):
[2.209s]   /home/nikhil/ros2_dashing/ros2-linux/share/rmw_connext_shared_cpp/cmake/rmw_connext_shared_cppConfig.cmake:38 (include)
[2.209s]   /home/nikhil/ros2_dashing/ros2-linux/share/rmw_connext_cpp/cmake/ament_cmake_export_dependencies-extras.cmake:21 (find_package)
[2.209s]   /home/nikhil/ros2_dashing/ros2-linux/share/rmw_connext_cpp/cmake/rmw_connext_cppConfig.cmake:38 (include)
[2.209s]   /home/nikhil/ros2_dashing/ros2-linux/share/rmw_implementation_cmake/cmake/call_for_each_rmw_implementation.cmake:61 (find_package)
[2.209s]   /home/nikhil/ros2_dashing/ros2-linux/share/rosidl_generator_py/cmake/rosidl_generator_py_get_typesupports.cmake:26 (call_for_each_rmw_implementation)
[2.209s]   /home/nikhil/ros2_dashing/ros2-linux/share/rosidl_generator_py/cmake/rosidl_generator_py_generate_interfaces.cmake:27 (rosidl_generator_py_get_typesupports)
[2.209s]   /home/nikhil/ros2_dashing/ros2-linux/share/ament_cmake_core/cmake/core/ament_execute_extensions.cmake:48 (include)
[2.209s]   /home/nikhil/ros2_dashing/ros2-linux/share/rosidl_cmake/cmake/rosidl_generate_interfaces.cmake:286 (ament_execute_extensions)
[2.209s]   CMakeLists.txt:35 (rosidl_generate_interfaces)
[2.209s] 
[2.210s] 
[2.210s] CMake Warning at /home/nikhil/ros2_dashing/ros2-linux/share/rmw_connext_shared_cpp/cmake/ament_cmake_export_include_directories-extras.cmake:11 (message):
[2.210s]   Package 'rmw_connext_shared_cpp' exports the include directory
[2.210s]   '/opt/rti.com/rti_connext_dds-5.3.1/include/ndds' which doesn't exist
[2.210s] Call Stack (most recent call first):
[2.210s]   /home/nikhil/ros2_dashing/ros2-linux/share/rmw_connext_shared_cpp/cmake/rmw_connext_shared_cppConfig.cmake:38 (include)
[2.210s]   /home/nikhil/ros2_dashing/ros2-linux/share/rmw_connext_cpp/cmake/ament_cmake_export_dependencies-extras.cmake:21 (find_package)
[2.210s]   /home/nikhil/ros2_dashing/ros2-linux/share/rmw_connext_cpp/cmake/rmw_connext_cppConfig.cmake:38 (include)
[2.210s]   /home/nikhil/ros2_dashing/ros2-linux/share/rmw_implementation_cmake/cmake/call_for_each_rmw_implementation.cmake:61 (find_package)
[2.210s]   /home/nikhil/ros2_dashing/ros2-linux/share/rosidl_generator_py/cmake/rosidl_generator_py_get_typesupports.cmake:26 (call_for_each_rmw_implementation)
[2.210s]   /home/nikhil/ros2_dashing/ros2-linux/share/rosidl_generator_py/cmake/rosidl_generator_py_generate_interfaces.cmake:27 (rosidl_generator_py_get_typesupports)
[2.210s]   /home/nikhil/ros2_dashing/ros2-linux/share/ament_cmake_core/cmake/core/ament_execute_extensions.cmake:48 (include)
[2.210s]   /home/nikhil/ros2_dashing/ros2-linux/share/rosidl_cmake/cmake/rosidl_generate_interfaces.cmake:286 (ament_execute_extensions)
[2.210s]   CMakeLists.txt:35 (rosidl_generate_interfaces)
[2.210s] 
[2.210s] 
[2.211s] CMake Warning at /home/nikhil/ros2_dashing/ros2-linux/share/rmw_connext_shared_cpp/cmake/ament_cmake_export_libraries-extras.cmake:62 (message):
[2.211s]   Package 'rmw_connext_shared_cpp' exports the library
[2.211s]   '/opt/rti.com/rti_connext_dds-5.3.1/lib/x64Linux3gcc5.4.0/libnddsc.so'
[2.211s]   which doesn't exist
[2.211s] Call Stack (most recent call first):
[2.212s]   /home/nikhil/ros2_dashing/ros2-linux/share/rmw_connext_shared_cpp/cmake/rmw_connext_shared_cppConfig.cmake:38 (include)
[2.212s]   /home/nikhil/ros2_dashing/ros2-linux/share/rmw_connext_cpp/cmake/ament_cmake_export_dependencies-extras.cmake:21 (find_package)
[2.212s]   /home/nikhil/ros2_dashing/ros2-linux/share/rmw_connext_cpp/cmake/rmw_connext_cppConfig.cmake:38 (include)
[2.212s]   /home/nikhil/ros2_dashing/ros2-linux/share/rmw_implementation_cmake/cmake/call_for_each_rmw_implementation.cmake:61 (find_package)
[2.212s]   /home/nikhil/ros2_dashing/ros2-linux/share/rosidl_generator_py/cmake/rosidl_generator_py_get_typesupports.cmake:26 (call_for_each_rmw_implementation)
[2.212s]   /home/nikhil/ros2_dashing/ros2-linux/share/rosidl_generator_py/cmake/rosidl_generator_py_generate_interfaces.cmake:27 (rosidl_generator_py_get_typesupports)
[2.212s]   /home/nikhil/ros2_dashing/ros2-linux/share/ament_cmake_core/cmake/core/ament_execute_extensions.cmake:48 (include)
[2.212s]   /home/nikhil/ros2_dashing/ros2-linux/share/rosidl_cmake/cmake/rosidl_generate_interfaces.cmake:286 (ament_execute_extensions)
[2.212s]   CMakeLists.txt:35 (rosidl_generate_interfaces)
[2.212s] 
[2.212s] 
[2.212s] CMake Warning at /home/nikhil/ros2_dashing/ros2-linux/share/rmw_connext_shared_cpp/cmake/ament_cmake_export_libraries-extras.cmake:62 (message):
[2.212s]   Package 'rmw_connext_shared_cpp' exports the library
[2.212s]   '/opt/rti.com/rti_connext_dds-5.3.1/lib/x64Linux3gcc5.4.0/libnddscore.so'
[2.213s]   which doesn't exist
[2.213s] Call Stack (most recent call first):
[2.213s]   /home/nikhil/ros2_dashing/ros2-linux/share/rmw_connext_shared_cpp/cmake/rmw_connext_shared_cppConfig.cmake:38 (include)
[2.213s]   /home/nikhil/ros2_dashing/ros2-linux/share/rmw_connext_cpp/cmake/ament_cmake_export_dependencies-extras.cmake:21 (find_package)
[2.213s]   /home/nikhil/ros2_dashing/ros2-linux/share/rmw_connext_cpp/cmake/rmw_connext_cppConfig.cmake:38 (include)
[2.213s]   /home/nikhil/ros2_dashing/ros2-linux/share/rmw_implementation_cmake/cmake/call_for_each_rmw_implementation.cmake:61 (find_package)
[2.213s]   /home/nikhil/ros2_dashing/ros2-linux/share/rosidl_generator_py/cmake/rosidl_generator_py_get_typesupports.cmake:26 (call_for_each_rmw_implementation)
[2.213s]   /home/nikhil/ros2_dashing/ros2-linux/share/rosidl_generator_py/cmake/rosidl_generator_py_generate_interfaces.cmake:27 (rosidl_generator_py_get_typesupports)
[2.213s]   /home/nikhil/ros2_dashing/ros2-linux/share/ament_cmake_core/cmake/core/ament_execute_extensions.cmake:48 (include)
[2.213s]   /home/nikhil/ros2_dashing/ros2-linux/share/rosidl_cmake/cmake/rosidl_generate_interfaces.cmake:286 (ament_execute_extensions)
[2.213s]   CMakeLists.txt:35 (rosidl_generate_interfaces)
[2.213s] 
[2.213s] 
[2.213s] CMake Warning at /home/nikhil/ros2_dashing/ros2-linux/share/rmw_connext_shared_cpp/cmake/ament_cmake_export_libraries-extras.cmake:62 (message):
[2.213s]   Package 'rmw_connext_shared_cpp' exports the library
[2.214s]   '/opt/rti.com/rti_connext_dds-5.3.1/lib/x64Linux3gcc5.4.0/libnddscpp.so'
[2.214s]   which doesn't exist
[2.214s] Call Stack (most recent call first):
[2.214s]   /home/nikhil/ros2_dashing/ros2-linux/share/rmw_connext_shared_cpp/cmake/rmw_connext_shared_cppConfig.cmake:38 (include)
[2.214s]   /home/nikhil/ros2_dashing/ros2-linux/share/rmw_connext_cpp/cmake/ament_cmake_export_dependencies-extras.cmake:21 (find_package)
[2.214s]   /home/nikhil/ros2_dashing/ros2-linux/share/rmw_connext_cpp/cmake/rmw_connext_cppConfig.cmake:38 (include)
[2.214s]   /home/nikhil/ros2_dashing/ros2-linux/share/rmw_implementation_cmake/cmake/call_for_each_rmw_implementation.cmake:61 (find_package)
[2.214s]   /home/nikhil/ros2_dashing/ros2-linux/share/rosidl_generator_py/cmake/rosidl_generator_py_get_typesupports.cmake:26 (call_for_each_rmw_implementation)
[2.214s]   /home/nikhil/ros2_dashing/ros2-linux/share/rosidl_generator_py/cmake/rosidl_generator_py_generate_interfaces.cmake:27 (rosidl_generator_py_get_typesupports)
[2.214s]   /home/nikhil/ros2_dashing/ros2-linux/share/ament_cmake_core/cmake/core/ament_execute_extensions.cmake:48 (include)
[2.214s]   /home/nikhil/ros2_dashing/ros2-linux/share/rosidl_cmake/cmake/rosidl_generate_interfaces.cmake:286 (ament_execute_extensions)
[2.214s]   CMakeLists.txt:35 (rosidl_generate_interfaces)
[2.214s] 
[2.215s] 
[2.215s] CMake Warning at /home/nikhil/ros2_dashing/ros2-linux/share/rmw_connext_shared_cpp/cmake/ament_cmake_export_libraries-extras.cmake:62 (message):
[2.215s]   Package 'rmw_connext_shared_cpp' exports the library
[2.215s]   '/opt/rti.com/rti_connext_dds-5.3.1/lib/x64Linux3gcc5.4.0/librticonnextmsgcpp.so'
[2.215s]   which doesn't exist
[2.215s] Call Stack (most recent call first):
[2.215s]   /home/nikhil/ros2_dashing/ros2-linux/share/rmw_connext_shared_cpp/cmake/rmw_connext_shared_cppConfig.cmake:38 (include)
[2.215s]   /home/nikhil/ros2_dashing/ros2-linux/share/rmw_connext_cpp/cmake/ament_cmake_export_dependencies-extras.cmake:21 (find_package)
[2.215s]   /home/nikhil/ros2_dashing/ros2-linux/share/rmw_connext_cpp/cmake/rmw_connext_cppConfig.cmake:38 (include)
[2.215s]   /home/nikhil/ros2_dashing/ros2-linux/share/rmw_implementation_cmake/cmake/call_for_each_rmw_implementation.cmake:61 (find_package)
[2.215s]   /home/nikhil/ros2_dashing/ros2-linux/share/rosidl_generator_py/cmake/rosidl_generator_py_get_typesupports.cmake:26 (call_for_each_rmw_implementation)
[2.215s]   /home/nikhil/ros2_dashing/ros2-linux/share/rosidl_generator_py/cmake/rosidl_generator_py_generate_interfaces.cmake:27 (rosidl_generator_py_get_typesupports)
[2.216s]   /home/nikhil/ros2_dashing/ros2-linux/share/ament_cmake_core/cmake/core/ament_execute_extensions.cmake:48 (include)
[2.216s]   /home/nikhil/ros2_dashing/ros2-linux/share/rosidl_cmake/cmake/rosidl_generate_interfaces.cmake:286 (ament_execute_extensions)
[2.216s]   CMakeLists.txt:35 (rosidl_generate_interfaces)
[2.216s] 
[2.216s] 
[2.216s] CMake Warning at /home/nikhil/ros2_dashing/ros2-linux/share/rmw_connext_shared_cpp/cmake/ament_cmake_export_libraries-extras.cmake:62 (message):
[2.216s]   Package 'rmw_connext_shared_cpp' exports the library
[2.216s]   '/opt/rti.com/rti_connext_dds-5.3.1/lib/x64Linux3gcc5.4.0/libnddscd.so'
[2.216s]   which doesn't exist
[2.216s] Call Stack (most recent call first):
[2.216s]   /home/nikhil/ros2_dashing/ros2-linux/share/rmw_connext_shared_cpp/cmake/rmw_connext_shared_cppConfig.cmake:38 (include)
[2.216s]   /home/nikhil/ros2_dashing/ros2-linux/share/rmw_connext_cpp/cmake/ament_cmake_export_dependencies-extras.cmake:21 (find_package)
[2.216s]   /home/nikhil/ros2_dashing/ros2-linux/share/rmw_connext_cpp/cmake/rmw_connext_cppConfig.cmake:38 (include)
[2.216s]   /home/nikhil/ros2_dashing/ros2-linux/share/rmw_implementation_cmake/cmake/call_for_each_rmw_implementation.cmake:61 (find_package)
[2.217s]   /home/nikhil/ros2_dashing/ros2-linux/share/rosidl_generator_py/cmake/rosidl_generator_py_get_typesupports.cmake:26 (call_for_each_rmw_implementation)
[2.217s]   /home/nikhil/ros2_dashing/ros2-linux/share/rosidl_generator_py/cmake/rosidl_generator_py_generate_interfaces.cmake:27 (rosidl_generator_py_get_typesupports)
[2.217s]   /home/nikhil/ros2_dashing/ros2-linux/share/ament_cmake_core/cmake/core/ament_execute_extensions.cmake:48 (include)
[2.217s]   /home/nikhil/ros2_dashing/ros2-linux/share/rosidl_cmake/cmake/rosidl_generate_interfaces.cmake:286 (ament_execute_extensions)
[2.217s]   CMakeLists.txt:35 (rosidl_generate_interfaces)
[2.217s] 
[2.217s] 
[2.217s] CMake Warning at /home/nikhil/ros2_dashing/ros2-linux/share/rmw_connext_shared_cpp/cmake/ament_cmake_export_libraries-extras.cmake:62 (message):
[2.217s]   Package 'rmw_connext_shared_cpp' exports the library
[2.217s]   '/opt/rti.com/rti_connext_dds-5.3.1/lib/x64Linux3gcc5.4.0/libnddscored.so'
[2.218s]   which doesn't exist
[2.218s] Call Stack (most recent call first):
[2.218s]   /home/nikhil/ros2_dashing/ros2-linux/share/rmw_connext_shared_cpp/cmake/rmw_connext_shared_cppConfig.cmake:38 (include)
[2.218s]   /home/nikhil/ros2_dashing/ros2-linux/share/rmw_connext_cpp/cmake/ament_cmake_export_dependencies-extras.cmake:21 (find_package)
[2.218s]   /home/nikhil/ros2_dashing/ros2-linux/share/rmw_connext_cpp/cmake/rmw_connext_cppConfig.cmake:38 (include)
[2.218s]   /home/nikhil/ros2_dashing/ros2-linux/share/rmw_implementation_cmake/cmake/call_for_each_rmw_implementation.cmake:61 (find_package)
[2.218s]   /home/nikhil/ros2_dashing/ros2-linux/share/rosidl_generator_py/cmake/rosidl_generator_py_get_typesupports.cmake:26 (call_for_each_rmw_implementation)
[2.219s]   /home/nikhil/ros2_dashing/ros2-linux/share/rosidl_generator_py/cmake/rosidl_generator_py_generate_interfaces.cmake:27 (rosidl_generator_py_get_typesupports)
[2.220s]   /home/nikhil/ros2_dashing/ros2-linux/share/ament_cmake_core/cmake/core/ament_execute_extensions.cmake:48 (include)
[2.221s]   /home/nikhil/ros2_dashing/ros2-linux/share/rosidl_cmake/cmake/rosidl_generate_interfaces.cmake:286 (ament_execute_extensions)
[2.221s]   CMakeLists.txt:35 (rosidl_generate_interfaces)
[2.221s] 
[2.221s] 
[2.221s] CMake Warning at /home/nikhil/ros2_dashing/ros2-linux/share/rmw_connext_shared_cpp/cmake/ament_cmake_export_libraries-extras.cmake:62 (message):
[2.221s]   Package 'rmw_connext_shared_cpp' exports the library
[2.221s]   '/opt/rti.com/rti_connext_dds-5.3.1/lib/x64Linux3gcc5.4.0/libnddscppd.so'
[2.222s]   which doesn't exist
[2.222s] Call Stack (most recent call first):
[2.222s]   /home/nikhil/ros2_dashing/ros2-linux/share/rmw_connext_shared_cpp/cmake/rmw_connext_shared_cppConfig.cmake:38 (include)
[2.222s]   /home/nikhil/ros2_dashing/ros2-linux/share/rmw_connext_cpp/cmake/ament_cmake_export_dependencies-extras.cmake:21 (find_package)
[2.222s]   /home/nikhil/ros2_dashing/ros2-linux/share/rmw_connext_cpp/cmake/rmw_connext_cppConfig.cmake:38 (include)
[2.222s]   /home/nikhil/ros2_dashing/ros2-linux/share/rmw_implementation_cmake/cmake/call_for_each_rmw_implementation.cmake:61 (find_package)
[2.222s]   /home/nikhil/ros2_dashing/ros2-linux/share/rosidl_generator_py/cmake/rosidl_generator_py_get_typesupports.cmake:26 (call_for_each_rmw_implementation)
[2.222s]   /home/nikhil/ros2_dashing/ros2-linux/share/rosidl_generator_py/cmake/rosidl_generator_py_generate_interfaces.cmake:27 (rosidl_generator_py_get_typesupports)
[2.222s]   /home/nikhil/ros2_dashing/ros2-linux/share/ament_cmake_core/cmake/core/ament_execute_extensions.cmake:48 (include)
[2.223s]   /home/nikhil/ros2_dashing/ros2-linux/share/rosidl_cmake/cmake/rosidl_generate_interfaces.cmake:286 (ament_execute_extensions)
[2.224s]   CMakeLists.txt:35 (rosidl_generate_interfaces)
[2.224s] 
[2.224s] 
[2.224s] CMake Warning at /home/nikhil/ros2_dashing/ros2-linux/share/rmw_connext_shared_cpp/cmake/ament_cmake_export_libraries-extras.cmake:62 (message):
[2.225s]   Package 'rmw_connext_shared_cpp' exports the library
[2.225s]   '/opt/rti.com/rti_connext_dds-5.3.1/lib/x64Linux3gcc5.4.0/librticonnextmsgcppd.so'
[2.225s]   which doesn't exist
[2.225s] Call Stack (most recent call first):
[2.225s]   /home/nikhil/ros2_dashing/ros2-linux/share/rmw_connext_shared_cpp/cmake/rmw_connext_shared_cppConfig.cmake:38 (include)
[2.226s]   /home/nikhil/ros2_dashing/ros2-linux/share/rmw_connext_cpp/cmake/ament_cmake_export_dependencies-extras.cmake:21 (find_package)
[2.226s]   /home/nikhil/ros2_dashing/ros2-linux/share/rmw_connext_cpp/cmake/rmw_connext_cppConfig.cmake:38 (include)
[2.226s]   /home/nikhil/ros2_dashing/ros2-linux/share/rmw_implementation_cmake/cmake/call_for_each_rmw_implementation.cmake:61 (find_package)
[2.227s]   /home/nikhil/ros2_dashing/ros2-linux/share/rosidl_generator_py/cmake/rosidl_generator_py_get_typesupports.cmake:26 (call_for_each_rmw_implementation)
[2.227s]   /home/nikhil/ros2_dashing/ros2-linux/share/rosidl_generator_py/cmake/rosidl_generator_py_generate_interfaces.cmake:27 (rosidl_generator_py_get_typesupports)
[2.228s]   /home/nikhil/ros2_dashing/ros2-linux/share/ament_cmake_core/cmake/core/ament_execute_extensions.cmake:48 (include)
[2.228s]   /home/nikhil/ros2_dashing/ros2-linux/share/rosidl_cmake/cmake/rosidl_generate_interfaces.cmake:286 (ament_execute_extensions)
[2.228s]   CMakeLists.txt:35 (rosidl_generate_interfaces)
[2.229s] 
[2.229s] 
[2.343s] -- Could not find PrismTech OpenSplice - skipping rmw_opensplice_cpp
[2.388s] -- Found ament_lint_auto: 0.7.11 (/home/nikhil/ros2_dashing/ros2-linux/share/ament_lint_auto/cmake)
[2.408s] -- Added test 'lint_cmake' to check CMake code style
[2.409s] -- Added test 'xmllint' to check XML markup files
[2.416s] -- Configuring done
[2.458s] -- Generating done
[2.461s] -- Build files have been written to: /home/nikhil/nourish_ws/build/nourish_scale_msgs
[2.467s] Invoked command in '/home/nikhil/nourish_ws/build/nourish_scale_msgs' returned '0': /usr/bin/cmake /home/nikhil/nourish_ws/src/ros2-nourish-common-messages/nourish_scale_msgs -DCMAKE_INSTALL_PREFIX=/home/nikhil/nourish_ws/install/nourish_scale_msgs
[2.468s] Invoking command in '/home/nikhil/nourish_ws/build/nourish_scale_msgs': /usr/bin/cmake --build /home/nikhil/nourish_ws/build/nourish_scale_msgs -- -j12 -l12
[2.524s] [  2%] [34m[1mGenerating C code for ROS interfaces[0m
[2.524s] [35m[1mScanning dependencies of target nourish_scale_msgs__cpp[0m
[2.537s] [  5%] [34m[1mGenerating C++ code for ROS interfaces[0m
[2.960s] [35m[1mScanning dependencies of target nourish_scale_msgs__rosidl_generator_c[0m
[2.977s] [ 10%] [32mBuilding C object CMakeFiles/nourish_scale_msgs__rosidl_generator_c.dir/rosidl_generator_c/nourish_scale_msgs/srv/tare__functions.c.o[0m
[2.977s] [ 10%] [32mBuilding C object CMakeFiles/nourish_scale_msgs__rosidl_generator_c.dir/rosidl_generator_c/nourish_scale_msgs/msg/response__functions.c.o[0m
[3.045s] [ 12%] [32m[1mLinking C shared library libnourish_scale_msgs__rosidl_generator_c.so[0m
[3.119s] [ 12%] Built target nourish_scale_msgs__rosidl_generator_c
[3.144s] [ 15%] [34m[1mGenerating C type support dispatch for ROS interfaces[0m
[3.150s] [ 17%] [34m[1mGenerating C introspection for ROS interfaces[0m
[3.160s] [ 17%] Built target nourish_scale_msgs__cpp
[3.193s] [ 20%] [34m[1mGenerating C++ introspection for ROS interfaces[0m
[3.201s] [ 23%] [34m[1mGenerating C++ type support for eProsima Fast-RTPS[0m
[3.217s] [ 25%] [34m[1mGenerating C++ type support dispatch for ROS interfaces[0m
[3.762s] [35m[1mScanning dependencies of target nourish_scale_msgs__rosidl_typesupport_c[0m
[3.881s] [ 28%] [32mBuilding CXX object CMakeFiles/nourish_scale_msgs__rosidl_typesupport_c.dir/rosidl_typesupport_c/nourish_scale_msgs/srv/tare__type_support.cpp.o[0m
[3.906s] [ 30%] [32mBuilding CXX object CMakeFiles/nourish_scale_msgs__rosidl_typesupport_c.dir/rosidl_typesupport_c/nourish_scale_msgs/msg/response__type_support.cpp.o[0m
[3.915s] [35m[1mScanning dependencies of target nourish_scale_msgs__rosidl_typesupport_introspection_c[0m
[3.948s] [35m[1mScanning dependencies of target nourish_scale_msgs__rosidl_typesupport_introspection_cpp[0m
[3.952s] [35m[1mScanning dependencies of target nourish_scale_msgs__rosidl_typesupport_cpp[0m
[3.958s] [35m[1mScanning dependencies of target nourish_scale_msgs__rosidl_typesupport_fastrtps_cpp[0m
[3.994s] [ 33%] [32mBuilding C object CMakeFiles/nourish_scale_msgs__rosidl_typesupport_introspection_c.dir/rosidl_typesupport_introspection_c/nourish_scale_msgs/srv/tare__type_support.c.o[0m
[4.026s] [ 35%] [32mBuilding C object CMakeFiles/nourish_scale_msgs__rosidl_typesupport_introspection_c.dir/rosidl_typesupport_introspection_c/nourish_scale_msgs/msg/response__type_support.c.o[0m
[4.053s] [ 38%] [32mBuilding CXX object CMakeFiles/nourish_scale_msgs__rosidl_typesupport_introspection_cpp.dir/rosidl_typesupport_introspection_cpp/nourish_scale_msgs/msg/response__type_support.cpp.o[0m
[4.063s] [ 41%] [32mBuilding CXX object CMakeFiles/nourish_scale_msgs__rosidl_typesupport_cpp.dir/rosidl_typesupport_cpp/nourish_scale_msgs/srv/tare__type_support.cpp.o[0m
[4.077s] [ 43%] [32mBuilding CXX object CMakeFiles/nourish_scale_msgs__rosidl_typesupport_cpp.dir/rosidl_typesupport_cpp/nourish_scale_msgs/msg/response__type_support.cpp.o[0m
[4.091s] [ 46%] [32mBuilding CXX object CMakeFiles/nourish_scale_msgs__rosidl_typesupport_introspection_cpp.dir/rosidl_typesupport_introspection_cpp/nourish_scale_msgs/srv/tare__type_support.cpp.o[0m
[4.126s] [ 48%] [32mBuilding CXX object CMakeFiles/nourish_scale_msgs__rosidl_typesupport_fastrtps_cpp.dir/rosidl_typesupport_fastrtps_cpp/nourish_scale_msgs/msg/dds_fastrtps/response__type_support.cpp.o[0m
[4.131s] [ 51%] [32mBuilding CXX object CMakeFiles/nourish_scale_msgs__rosidl_typesupport_fastrtps_cpp.dir/rosidl_typesupport_fastrtps_cpp/nourish_scale_msgs/srv/dds_fastrtps/tare__type_support.cpp.o[0m
[4.133s] [ 53%] [32m[1mLinking CXX shared library libnourish_scale_msgs__rosidl_typesupport_c.so[0m
[4.217s] [ 56%] [32m[1mLinking C shared library libnourish_scale_msgs__rosidl_typesupport_introspection_c.so[0m
[4.359s] [ 56%] Built target nourish_scale_msgs__rosidl_typesupport_c
[4.592s] [ 56%] Built target nourish_scale_msgs__rosidl_typesupport_introspection_c
[4.733s] [ 58%] [32m[1mLinking CXX shared library libnourish_scale_msgs__rosidl_typesupport_introspection_cpp.so[0m
[4.769s] [ 61%] [32m[1mLinking CXX shared library libnourish_scale_msgs__rosidl_typesupport_cpp.so[0m
[4.842s] [ 61%] Built target nourish_scale_msgs__rosidl_typesupport_introspection_cpp
[4.880s] [ 61%] Built target nourish_scale_msgs__rosidl_typesupport_cpp
[4.929s] [ 64%] [32m[1mLinking CXX shared library libnourish_scale_msgs__rosidl_typesupport_fastrtps_cpp.so[0m
[5.066s] [ 64%] Built target nourish_scale_msgs__rosidl_typesupport_fastrtps_cpp
[5.086s] [ 66%] [34m[1mGenerating C type support for eProsima Fast-RTPS[0m
[5.857s] [35m[1mScanning dependencies of target nourish_scale_msgs__rosidl_typesupport_fastrtps_c[0m
[5.888s] [ 69%] [32mBuilding CXX object CMakeFiles/nourish_scale_msgs__rosidl_typesupport_fastrtps_c.dir/rosidl_typesupport_fastrtps_c/nourish_scale_msgs/msg/response__type_support_c.cpp.o[0m
[5.897s] [ 71%] [32mBuilding CXX object CMakeFiles/nourish_scale_msgs__rosidl_typesupport_fastrtps_c.dir/rosidl_typesupport_fastrtps_c/nourish_scale_msgs/srv/tare__type_support_c.cpp.o[0m
[6.519s] [ 74%] [32m[1mLinking CXX shared library libnourish_scale_msgs__rosidl_typesupport_fastrtps_c.so[0m
[6.741s] [ 74%] Built target nourish_scale_msgs__rosidl_typesupport_fastrtps_c
[6.815s] [35m[1mScanning dependencies of target nourish_scale_msgs[0m
[6.835s] [ 74%] Built target nourish_scale_msgs
[6.889s] [35m[1mScanning dependencies of target nourish_scale_msgs__py[0m
[6.916s] [ 76%] [34m[1mGenerating Python code for ROS interfaces[0m
[8.125s] [ 76%] Built target nourish_scale_msgs__py
[8.156s] [35m[1mScanning dependencies of target nourish_scale_msgs__python[0m
[8.247s] [ 79%] [32mBuilding C object CMakeFiles/nourish_scale_msgs__python.dir/rosidl_generator_py/nourish_scale_msgs/srv/_tare_s.c.o[0m
[8.268s] [ 82%] [32mBuilding C object CMakeFiles/nourish_scale_msgs__python.dir/rosidl_generator_py/nourish_scale_msgs/msg/_response_s.c.o[0m
[8.638s] [ 84%] [32m[1mLinking C shared library rosidl_generator_py/nourish_scale_msgs/libnourish_scale_msgs__python.so[0m
[8.815s] [ 84%] Built target nourish_scale_msgs__python
[8.875s] [35m[1mScanning dependencies of target nourish_scale_msgs__rosidl_typesupport_c__pyext[0m
[8.893s] [35m[1mScanning dependencies of target nourish_scale_msgs__rosidl_typesupport_introspection_c__pyext[0m
[8.897s] [35m[1mScanning dependencies of target nourish_scale_msgs__rosidl_typesupport_fastrtps_c__pyext[0m
[8.963s] [ 87%] [32mBuilding C object CMakeFiles/nourish_scale_msgs__rosidl_typesupport_c__pyext.dir/rosidl_generator_py/nourish_scale_msgs/_nourish_scale_msgs_s.ep.rosidl_typesupport_c.c.o[0m
[9.018s] [ 89%] [32mBuilding C object CMakeFiles/nourish_scale_msgs__rosidl_typesupport_introspection_c__pyext.dir/rosidl_generator_py/nourish_scale_msgs/_nourish_scale_msgs_s.ep.rosidl_typesupport_introspection_c.c.o[0m
[9.064s] [ 92%] [32mBuilding C object CMakeFiles/nourish_scale_msgs__rosidl_typesupport_fastrtps_c__pyext.dir/rosidl_generator_py/nourish_scale_msgs/_nourish_scale_msgs_s.ep.rosidl_typesupport_fastrtps_c.c.o[0m
[9.246s] [ 94%] [32m[1mLinking C shared library rosidl_generator_py/nourish_scale_msgs/nourish_scale_msgs_s__rosidl_typesupport_c.cpython-36m-x86_64-linux-gnu.so[0m
[9.306s] [ 97%] [32m[1mLinking C shared library rosidl_generator_py/nourish_scale_msgs/nourish_scale_msgs_s__rosidl_typesupport_introspection_c.cpython-36m-x86_64-linux-gnu.so[0m
[9.332s] [100%] [32m[1mLinking C shared library rosidl_generator_py/nourish_scale_msgs/nourish_scale_msgs_s__rosidl_typesupport_fastrtps_c.cpython-36m-x86_64-linux-gnu.so[0m
[9.371s] [100%] Built target nourish_scale_msgs__rosidl_typesupport_c__pyext
[9.531s] [100%] Built target nourish_scale_msgs__rosidl_typesupport_introspection_c__pyext
[9.569s] [100%] Built target nourish_scale_msgs__rosidl_typesupport_fastrtps_c__pyext
[9.616s] Invoked command in '/home/nikhil/nourish_ws/build/nourish_scale_msgs' returned '0': /usr/bin/cmake --build /home/nikhil/nourish_ws/build/nourish_scale_msgs -- -j12 -l12
[10.455s] Invoking command in '/home/nikhil/nourish_ws/build/nourish_scale_msgs': /usr/bin/cmake --build /home/nikhil/nourish_ws/build/nourish_scale_msgs --target install -- -j12 -l12
[10.725s] [ 10%] Built target nourish_scale_msgs__rosidl_generator_c
[10.728s] [ 12%] Built target nourish_scale_msgs__cpp
[10.796s] [ 23%] Built target nourish_scale_msgs__rosidl_typesupport_c
[10.836s] [ 33%] Built target nourish_scale_msgs__rosidl_typesupport_introspection_c
[10.838s] [ 43%] Built target nourish_scale_msgs__rosidl_typesupport_introspection_cpp
[10.839s] [ 53%] Built target nourish_scale_msgs__rosidl_typesupport_fastrtps_cpp
[10.868s] [ 64%] Built target nourish_scale_msgs__rosidl_typesupport_cpp
[10.976s] [ 74%] Built target nourish_scale_msgs__rosidl_typesupport_fastrtps_c
[11.070s] [ 74%] Built target nourish_scale_msgs
[11.109s] [ 76%] Built target nourish_scale_msgs__py
[11.151s] [ 84%] Built target nourish_scale_msgs__python
[11.189s] [ 89%] Built target nourish_scale_msgs__rosidl_typesupport_c__pyext
[11.198s] [ 94%] Built target nourish_scale_msgs__rosidl_typesupport_fastrtps_c__pyext
[11.198s] [100%] Built target nourish_scale_msgs__rosidl_typesupport_introspection_c__pyext
[11.233s] [36mInstall the project...[0m
[11.246s] -- Install configuration: ""
[11.246s] -- Installing: /home/nikhil/nourish_ws/install/nourish_scale_msgs/share/ament_index/resource_index/rosidl_interfaces/nourish_scale_msgs
[11.247s] -- Installing: /home/nikhil/nourish_ws/install/nourish_scale_msgs/lib/libnourish_scale_msgs__rosidl_typesupport_c.so
[11.247s] -- Set runtime path of "/home/nikhil/nourish_ws/install/nourish_scale_msgs/lib/libnourish_scale_msgs__rosidl_typesupport_c.so" to ""
[11.247s] -- Installing: /home/nikhil/nourish_ws/install/nourish_scale_msgs/share/nourish_scale_msgs/environment/library_path.sh
[11.247s] -- Installing: /home/nikhil/nourish_ws/install/nourish_scale_msgs/lib/libnourish_scale_msgs__rosidl_typesupport_cpp.so
[11.248s] -- Set runtime path of "/home/nikhil/nourish_ws/install/nourish_scale_msgs/lib/libnourish_scale_msgs__rosidl_typesupport_cpp.so" to ""
[11.248s] -- Installing: /home/nikhil/nourish_ws/install/nourish_scale_msgs/include/nourish_scale_msgs
[11.248s] -- Installing: /home/nikhil/nourish_ws/install/nourish_scale_msgs/include/nourish_scale_msgs/msg
[11.248s] -- Installing: /home/nikhil/nourish_ws/install/nourish_scale_msgs/include/nourish_scale_msgs/msg/response__functions.h
[11.248s] -- Installing: /home/nikhil/nourish_ws/install/nourish_scale_msgs/include/nourish_scale_msgs/msg/response__type_support.h
[11.249s] -- Installing: /home/nikhil/nourish_ws/install/nourish_scale_msgs/include/nourish_scale_msgs/msg/response.h
[11.249s] -- Installing: /home/nikhil/nourish_ws/install/nourish_scale_msgs/include/nourish_scale_msgs/msg/response__struct.h
[11.249s] -- Installing: /home/nikhil/nourish_ws/install/nourish_scale_msgs/include/nourish_scale_msgs/msg/rosidl_generator_c__visibility_control.h
[11.249s] -- Installing: /home/nikhil/nourish_ws/install/nourish_scale_msgs/include/nourish_scale_msgs/msg/response__functions.c
[11.249s] -- Installing: /home/nikhil/nourish_ws/install/nourish_scale_msgs/include/nourish_scale_msgs/srv
[11.249s] -- Installing: /home/nikhil/nourish_ws/install/nourish_scale_msgs/include/nourish_scale_msgs/srv/tare__functions.h
[11.249s] -- Installing: /home/nikhil/nourish_ws/install/nourish_scale_msgs/include/nourish_scale_msgs/srv/tare__struct.h
[11.249s] -- Installing: /home/nikhil/nourish_ws/install/nourish_scale_msgs/include/nourish_scale_msgs/srv/tare.h
[11.249s] -- Installing: /home/nikhil/nourish_ws/install/nourish_scale_msgs/include/nourish_scale_msgs/srv/tare__functions.c
[11.249s] -- Installing: /home/nikhil/nourish_ws/install/nourish_scale_msgs/include/nourish_scale_msgs/srv/tare__type_support.h
[11.250s] -- Installing: /home/nikhil/nourish_ws/install/nourish_scale_msgs/lib/libnourish_scale_msgs__rosidl_generator_c.so
[11.250s] -- Set runtime path of "/home/nikhil/nourish_ws/install/nourish_scale_msgs/lib/libnourish_scale_msgs__rosidl_generator_c.so" to ""
[11.250s] -- Up-to-date: /home/nikhil/nourish_ws/install/nourish_scale_msgs/include/nourish_scale_msgs
[11.250s] -- Up-to-date: /home/nikhil/nourish_ws/install/nourish_scale_msgs/include/nourish_scale_msgs/msg
[11.250s] -- Installing: /home/nikhil/nourish_ws/install/nourish_scale_msgs/include/nourish_scale_msgs/msg/response.hpp
[11.250s] -- Installing: /home/nikhil/nourish_ws/install/nourish_scale_msgs/include/nourish_scale_msgs/msg/response__traits.hpp
[11.250s] -- Installing: /home/nikhil/nourish_ws/install/nourish_scale_msgs/include/nourish_scale_msgs/msg/response__struct.hpp
[11.250s] -- Up-to-date: /home/nikhil/nourish_ws/install/nourish_scale_msgs/include/nourish_scale_msgs/srv
[11.250s] -- Installing: /home/nikhil/nourish_ws/install/nourish_scale_msgs/include/nourish_scale_msgs/srv/tare.hpp
[11.250s] -- Installing: /home/nikhil/nourish_ws/install/nourish_scale_msgs/include/nourish_scale_msgs/srv/tare__traits.hpp
[11.251s] -- Installing: /home/nikhil/nourish_ws/install/nourish_scale_msgs/include/nourish_scale_msgs/srv/tare__struct.hpp
[11.251s] -- Up-to-date: /home/nikhil/nourish_ws/install/nourish_scale_msgs/include/nourish_scale_msgs
[11.251s] -- Up-to-date: /home/nikhil/nourish_ws/install/nourish_scale_msgs/include/nourish_scale_msgs/msg
[11.251s] -- Installing: /home/nikhil/nourish_ws/install/nourish_scale_msgs/include/nourish_scale_msgs/msg/response__rosidl_typesupport_fastrtps_c.h
[11.251s] -- Installing: /home/nikhil/nourish_ws/install/nourish_scale_msgs/include/nourish_scale_msgs/msg/rosidl_typesupport_fastrtps_c__visibility_control.h
[11.251s] -- Up-to-date: /home/nikhil/nourish_ws/install/nourish_scale_msgs/include/nourish_scale_msgs/srv
[11.252s] -- Installing: /home/nikhil/nourish_ws/install/nourish_scale_msgs/include/nourish_scale_msgs/srv/tare__rosidl_typesupport_fastrtps_c.h
[11.252s] -- Installing: /home/nikhil/nourish_ws/install/nourish_scale_msgs/lib/libnourish_scale_msgs__rosidl_typesupport_fastrtps_c.so
[11.252s] -- Set runtime path of "/home/nikhil/nourish_ws/install/nourish_scale_msgs/lib/libnourish_scale_msgs__rosidl_typesupport_fastrtps_c.so" to ""
[11.252s] -- Up-to-date: /home/nikhil/nourish_ws/install/nourish_scale_msgs/include/nourish_scale_msgs
[11.252s] -- Up-to-date: /home/nikhil/nourish_ws/install/nourish_scale_msgs/include/nourish_scale_msgs/msg
[11.253s] -- Installing: /home/nikhil/nourish_ws/install/nourish_scale_msgs/include/nourish_scale_msgs/msg/dds_fastrtps
[11.253s] -- Installing: /home/nikhil/nourish_ws/install/nourish_scale_msgs/include/nourish_scale_msgs/msg/response__rosidl_typesupport_fastrtps_cpp.hpp
[11.253s] -- Installing: /home/nikhil/nourish_ws/install/nourish_scale_msgs/include/nourish_scale_msgs/msg/rosidl_typesupport_fastrtps_cpp__visibility_control.h
[11.253s] -- Up-to-date: /home/nikhil/nourish_ws/install/nourish_scale_msgs/include/nourish_scale_msgs/srv
[11.253s] -- Installing: /home/nikhil/nourish_ws/install/nourish_scale_msgs/include/nourish_scale_msgs/srv/dds_fastrtps
[11.253s] -- Installing: /home/nikhil/nourish_ws/install/nourish_scale_msgs/include/nourish_scale_msgs/srv/tare__rosidl_typesupport_fastrtps_cpp.hpp
[11.254s] -- Installing: /home/nikhil/nourish_ws/install/nourish_scale_msgs/lib/libnourish_scale_msgs__rosidl_typesupport_fastrtps_cpp.so
[11.254s] -- Set runtime path of "/home/nikhil/nourish_ws/install/nourish_scale_msgs/lib/libnourish_scale_msgs__rosidl_typesupport_fastrtps_cpp.so" to ""
[11.254s] -- Up-to-date: /home/nikhil/nourish_ws/install/nourish_scale_msgs/include/nourish_scale_msgs
[11.254s] -- Up-to-date: /home/nikhil/nourish_ws/install/nourish_scale_msgs/include/nourish_scale_msgs/msg
[11.254s] -- Installing: /home/nikhil/nourish_ws/install/nourish_scale_msgs/include/nourish_scale_msgs/msg/response__rosidl_typesupport_introspection_c.h
[11.254s] -- Installing: /home/nikhil/nourish_ws/install/nourish_scale_msgs/include/nourish_scale_msgs/msg/rosidl_typesupport_introspection_c__visibility_control.h
[11.254s] -- Installing: /home/nikhil/nourish_ws/install/nourish_scale_msgs/include/nourish_scale_msgs/msg/response__type_support.c
[11.255s] -- Up-to-date: /home/nikhil/nourish_ws/install/nourish_scale_msgs/include/nourish_scale_msgs/srv
[11.255s] -- Installing: /home/nikhil/nourish_ws/install/nourish_scale_msgs/include/nourish_scale_msgs/srv/tare__type_support.c
[11.255s] -- Installing: /home/nikhil/nourish_ws/install/nourish_scale_msgs/include/nourish_scale_msgs/srv/tare__rosidl_typesupport_introspection_c.h
[11.256s] -- Installing: /home/nikhil/nourish_ws/install/nourish_scale_msgs/lib/libnourish_scale_msgs__rosidl_typesupport_introspection_c.so
[11.256s] -- Set runtime path of "/home/nikhil/nourish_ws/install/nourish_scale_msgs/lib/libnourish_scale_msgs__rosidl_typesupport_introspection_c.so" to ""
[11.256s] -- Up-to-date: /home/nikhil/nourish_ws/install/nourish_scale_msgs/include/nourish_scale_msgs
[11.256s] -- Up-to-date: /home/nikhil/nourish_ws/install/nourish_scale_msgs/include/nourish_scale_msgs/msg
[11.256s] -- Installing: /home/nikhil/nourish_ws/install/nourish_scale_msgs/include/nourish_scale_msgs/msg/response__rosidl_typesupport_introspection_cpp.hpp
[11.256s] -- Installing: /home/nikhil/nourish_ws/install/nourish_scale_msgs/include/nourish_scale_msgs/msg/response__type_support.cpp
[11.256s] -- Up-to-date: /home/nikhil/nourish_ws/install/nourish_scale_msgs/include/nourish_scale_msgs/srv
[11.257s] -- Installing: /home/nikhil/nourish_ws/install/nourish_scale_msgs/include/nourish_scale_msgs/srv/tare__rosidl_typesupport_introspection_cpp.hpp
[11.257s] -- Installing: /home/nikhil/nourish_ws/install/nourish_scale_msgs/include/nourish_scale_msgs/srv/tare__type_support.cpp
[11.257s] -- Installing: /home/nikhil/nourish_ws/install/nourish_scale_msgs/lib/libnourish_scale_msgs__rosidl_typesupport_introspection_cpp.so
[11.257s] -- Set runtime path of "/home/nikhil/nourish_ws/install/nourish_scale_msgs/lib/libnourish_scale_msgs__rosidl_typesupport_introspection_cpp.so" to ""
[11.257s] -- Installing: /home/nikhil/nourish_ws/install/nourish_scale_msgs/share/nourish_scale_msgs/environment/pythonpath.sh
[11.257s] -- Installing: /home/nikhil/nourish_ws/install/nourish_scale_msgs/lib/python3.6/site-packages/nourish_scale_msgs/__init__.py
[11.297s] Compiling '/home/nikhil/nourish_ws/install/nourish_scale_msgs/lib/python3.6/site-packages/nourish_scale_msgs/__init__.py'...
[11.302s] -- Installing: /home/nikhil/nourish_ws/install/nourish_scale_msgs/lib/python3.6/site-packages/nourish_scale_msgs/msg
[11.302s] -- Installing: /home/nikhil/nourish_ws/install/nourish_scale_msgs/lib/python3.6/site-packages/nourish_scale_msgs/msg/_response_s.c
[11.302s] -- Installing: /home/nikhil/nourish_ws/install/nourish_scale_msgs/lib/python3.6/site-packages/nourish_scale_msgs/msg/__init__.py
[11.302s] -- Installing: /home/nikhil/nourish_ws/install/nourish_scale_msgs/lib/python3.6/site-packages/nourish_scale_msgs/msg/_response.py
[11.303s] -- Installing: /home/nikhil/nourish_ws/install/nourish_scale_msgs/lib/python3.6/site-packages/nourish_scale_msgs/srv
[11.303s] -- Installing: /home/nikhil/nourish_ws/install/nourish_scale_msgs/lib/python3.6/site-packages/nourish_scale_msgs/srv/_tare_s.c
[11.303s] -- Installing: /home/nikhil/nourish_ws/install/nourish_scale_msgs/lib/python3.6/site-packages/nourish_scale_msgs/srv/__init__.py
[11.303s] -- Installing: /home/nikhil/nourish_ws/install/nourish_scale_msgs/lib/python3.6/site-packages/nourish_scale_msgs/srv/_tare.py
[11.303s] -- Installing: /home/nikhil/nourish_ws/install/nourish_scale_msgs/lib/python3.6/site-packages/nourish_scale_msgs/nourish_scale_msgs_s__rosidl_typesupport_c.cpython-36m-x86_64-linux-gnu.so
[11.304s] -- Set runtime path of "/home/nikhil/nourish_ws/install/nourish_scale_msgs/lib/python3.6/site-packages/nourish_scale_msgs/nourish_scale_msgs_s__rosidl_typesupport_c.cpython-36m-x86_64-linux-gnu.so" to ""
[11.304s] -- Installing: /home/nikhil/nourish_ws/install/nourish_scale_msgs/lib/python3.6/site-packages/nourish_scale_msgs/nourish_scale_msgs_s__rosidl_typesupport_introspection_c.cpython-36m-x86_64-linux-gnu.so
[11.305s] -- Set runtime path of "/home/nikhil/nourish_ws/install/nourish_scale_msgs/lib/python3.6/site-packages/nourish_scale_msgs/nourish_scale_msgs_s__rosidl_typesupport_introspection_c.cpython-36m-x86_64-linux-gnu.so" to ""
[11.305s] -- Installing: /home/nikhil/nourish_ws/install/nourish_scale_msgs/lib/python3.6/site-packages/nourish_scale_msgs/nourish_scale_msgs_s__rosidl_typesupport_fastrtps_c.cpython-36m-x86_64-linux-gnu.so
[11.306s] -- Set runtime path of "/home/nikhil/nourish_ws/install/nourish_scale_msgs/lib/python3.6/site-packages/nourish_scale_msgs/nourish_scale_msgs_s__rosidl_typesupport_fastrtps_c.cpython-36m-x86_64-linux-gnu.so" to ""
[11.306s] -- Installing: /home/nikhil/nourish_ws/install/nourish_scale_msgs/lib/libnourish_scale_msgs__python.so
[11.306s] -- Set runtime path of "/home/nikhil/nourish_ws/install/nourish_scale_msgs/lib/libnourish_scale_msgs__python.so" to ""
[11.307s] -- Installing: /home/nikhil/nourish_ws/install/nourish_scale_msgs/share/nourish_scale_msgs/msg/Response.idl
[11.307s] -- Installing: /home/nikhil/nourish_ws/install/nourish_scale_msgs/share/nourish_scale_msgs/srv/Tare.idl
[11.307s] -- Installing: /home/nikhil/nourish_ws/install/nourish_scale_msgs/share/nourish_scale_msgs/msg/Response.msg
[11.307s] -- Installing: /home/nikhil/nourish_ws/install/nourish_scale_msgs/share/nourish_scale_msgs/srv/Tare.srv
[11.307s] -- Installing: /home/nikhil/nourish_ws/install/nourish_scale_msgs/share/nourish_scale_msgs/srv/Tare_Request.msg
[11.308s] -- Installing: /home/nikhil/nourish_ws/install/nourish_scale_msgs/share/nourish_scale_msgs/srv/Tare_Response.msg
[11.308s] -- Installing: /home/nikhil/nourish_ws/install/nourish_scale_msgs/share/ament_index/resource_index/package_run_dependencies/nourish_scale_msgs
[11.308s] -- Installing: /home/nikhil/nourish_ws/install/nourish_scale_msgs/share/ament_index/resource_index/parent_prefix_path/nourish_scale_msgs
[11.308s] -- Installing: /home/nikhil/nourish_ws/install/nourish_scale_msgs/share/nourish_scale_msgs/environment/ament_prefix_path.sh
[11.308s] -- Installing: /home/nikhil/nourish_ws/install/nourish_scale_msgs/share/nourish_scale_msgs/environment/path.sh
[11.309s] -- Installing: /home/nikhil/nourish_ws/install/nourish_scale_msgs/share/nourish_scale_msgs/local_setup.bash
[11.309s] -- Installing: /home/nikhil/nourish_ws/install/nourish_scale_msgs/share/nourish_scale_msgs/local_setup.sh
[11.309s] -- Installing: /home/nikhil/nourish_ws/install/nourish_scale_msgs/share/nourish_scale_msgs/local_setup.zsh
[11.309s] -- Installing: /home/nikhil/nourish_ws/install/nourish_scale_msgs/share/ament_index/resource_index/packages/nourish_scale_msgs
[11.309s] -- Installing: /home/nikhil/nourish_ws/install/nourish_scale_msgs/share/nourish_scale_msgs/cmake/rosidl_cmake-extras.cmake
[11.310s] -- Installing: /home/nikhil/nourish_ws/install/nourish_scale_msgs/share/nourish_scale_msgs/cmake/ament_cmake_export_libraries-extras.cmake
[11.310s] -- Installing: /home/nikhil/nourish_ws/install/nourish_scale_msgs/share/nourish_scale_msgs/cmake/ament_cmake_export_include_directories-extras.cmake
[11.310s] -- Installing: /home/nikhil/nourish_ws/install/nourish_scale_msgs/share/nourish_scale_msgs/cmake/ament_cmake_export_dependencies-extras.cmake
[11.310s] -- Installing: /home/nikhil/nourish_ws/install/nourish_scale_msgs/share/nourish_scale_msgs/cmake/nourish_scale_msgsConfig.cmake
[11.310s] -- Installing: /home/nikhil/nourish_ws/install/nourish_scale_msgs/share/nourish_scale_msgs/cmake/nourish_scale_msgsConfig-version.cmake
[11.310s] -- Installing: /home/nikhil/nourish_ws/install/nourish_scale_msgs/share/nourish_scale_msgs/package.xml
[11.316s] Invoked command in '/home/nikhil/nourish_ws/build/nourish_scale_msgs' returned '0': /usr/bin/cmake --build /home/nikhil/nourish_ws/build/nourish_scale_msgs --target install -- -j12 -l12
