[0.065s] Invoking command in '/home/nikhil/nourish_ws/build/image_transport': /usr/bin/cmake --build /home/nikhil/nourish_ws/build/image_transport -- -j12 -l12
[0.162s] [  6%] Built target gtest
[0.165s] [ 13%] Built target gtest_main
[0.232s] [ 40%] Built target image_transport
[0.341s] [ 46%] Built target image_transport_plugins
[0.343s] [ 53%] Built target republish
[0.350s] [ 60%] Built target image_transport-subscriber
[0.353s] [ 66%] Built target image_transport-camera_common
[0.359s] [ 73%] Built target image_transport-single_subscriber_publisher
[0.364s] [ 80%] Built target image_transport-publisher
[0.367s] [ 86%] Built target list_transports
[0.371s] [ 93%] Built target image_transport-message_passing
[0.375s] [100%] Built target image_transport-remapping
[0.405s] Invoked command in '/home/nikhil/nourish_ws/build/image_transport' returned '0': /usr/bin/cmake --build /home/nikhil/nourish_ws/build/image_transport -- -j12 -l12
[0.614s] Invoking command in '/home/nikhil/nourish_ws/build/image_transport': /usr/bin/cmake --build /home/nikhil/nourish_ws/build/image_transport --target install -- -j12 -l12
[0.701s] [  6%] Built target gtest
[0.702s] [ 13%] Built target gtest_main
[0.732s] [ 40%] Built target image_transport
[0.783s] [ 46%] Built target image_transport-camera_common
[0.786s] [ 60%] Built target image_transport-message_passing
[0.786s] [ 60%] Built target list_transports
[0.788s] [ 66%] Built target image_transport_plugins
[0.789s] [ 73%] Built target image_transport-subscriber
[0.790s] [ 80%] Built target republish
[0.792s] [ 86%] Built target image_transport-publisher
[0.797s] [ 93%] Built target image_transport-remapping
[0.798s] [100%] Built target image_transport-single_subscriber_publisher
[0.818s] [36mInstall the project...[0m
[0.827s] -- Install configuration: ""
[0.828s] -- Up-to-date: /home/nikhil/nourish_ws/install/image_transport/share/image_transport/default_plugins.xml
[0.828s] -- Up-to-date: /home/nikhil/nourish_ws/install/image_transport/lib/libimage_transport.so
[0.829s] -- Up-to-date: /home/nikhil/nourish_ws/install/image_transport/lib/libimage_transport_plugins.so
[0.830s] -- Up-to-date: /home/nikhil/nourish_ws/install/image_transport/lib/image_transport/list_transports
[0.831s] -- Up-to-date: /home/nikhil/nourish_ws/install/image_transport/lib/image_transport/republish
[0.831s] -- Up-to-date: /home/nikhil/nourish_ws/install/image_transport/include
[0.831s] -- Up-to-date: /home/nikhil/nourish_ws/install/image_transport/include/image_transport
[0.831s] -- Up-to-date: /home/nikhil/nourish_ws/install/image_transport/include/image_transport/raw_subscriber.h
[0.832s] -- Up-to-date: /home/nikhil/nourish_ws/install/image_transport/include/image_transport/transport_hints.h
[0.832s] -- Up-to-date: /home/nikhil/nourish_ws/install/image_transport/include/image_transport/subscriber.h
[0.832s] -- Up-to-date: /home/nikhil/nourish_ws/install/image_transport/include/image_transport/camera_subscriber.h
[0.832s] -- Up-to-date: /home/nikhil/nourish_ws/install/image_transport/include/image_transport/visibility_control.hpp
[0.832s] -- Up-to-date: /home/nikhil/nourish_ws/install/image_transport/include/image_transport/subscriber_filter.h
[0.832s] -- Up-to-date: /home/nikhil/nourish_ws/install/image_transport/include/image_transport/simple_publisher_plugin.h
[0.833s] -- Up-to-date: /home/nikhil/nourish_ws/install/image_transport/include/image_transport/raw_publisher.h
[0.833s] -- Up-to-date: /home/nikhil/nourish_ws/install/image_transport/include/image_transport/image_transport.h
[0.833s] -- Up-to-date: /home/nikhil/nourish_ws/install/image_transport/include/image_transport/camera_common.h
[0.833s] -- Up-to-date: /home/nikhil/nourish_ws/install/image_transport/include/image_transport/exception.h
[0.833s] -- Up-to-date: /home/nikhil/nourish_ws/install/image_transport/include/image_transport/loader_fwds.h
[0.833s] -- Up-to-date: /home/nikhil/nourish_ws/install/image_transport/include/image_transport/publisher.h
[0.834s] -- Up-to-date: /home/nikhil/nourish_ws/install/image_transport/include/image_transport/camera_publisher.h
[0.834s] -- Up-to-date: /home/nikhil/nourish_ws/install/image_transport/include/image_transport/subscriber_plugin.h
[0.834s] -- Up-to-date: /home/nikhil/nourish_ws/install/image_transport/include/image_transport/simple_subscriber_plugin.h
[0.834s] -- Up-to-date: /home/nikhil/nourish_ws/install/image_transport/include/image_transport/single_subscriber_publisher.h
[0.834s] -- Up-to-date: /home/nikhil/nourish_ws/install/image_transport/include/image_transport/publisher_plugin.h
[0.834s] -- Up-to-date: /home/nikhil/nourish_ws/install/image_transport/share/image_transport/environment/library_path.sh
[0.834s] -- Up-to-date: /home/nikhil/nourish_ws/install/image_transport/share/ament_index/resource_index/package_run_dependencies/image_transport
[0.834s] -- Up-to-date: /home/nikhil/nourish_ws/install/image_transport/share/ament_index/resource_index/parent_prefix_path/image_transport
[0.834s] -- Up-to-date: /home/nikhil/nourish_ws/install/image_transport/share/image_transport/environment/ament_prefix_path.sh
[0.834s] -- Up-to-date: /home/nikhil/nourish_ws/install/image_transport/share/image_transport/environment/path.sh
[0.835s] -- Up-to-date: /home/nikhil/nourish_ws/install/image_transport/share/image_transport/local_setup.bash
[0.835s] -- Up-to-date: /home/nikhil/nourish_ws/install/image_transport/share/image_transport/local_setup.sh
[0.835s] -- Up-to-date: /home/nikhil/nourish_ws/install/image_transport/share/image_transport/local_setup.zsh
[0.835s] -- Up-to-date: /home/nikhil/nourish_ws/install/image_transport/share/ament_index/resource_index/packages/image_transport
[0.835s] -- Up-to-date: /home/nikhil/nourish_ws/install/image_transport/share/ament_index/resource_index/image_transport__pluginlib__plugin/image_transport
[0.835s] -- Up-to-date: /home/nikhil/nourish_ws/install/image_transport/share/image_transport/cmake/ament_cmake_export_include_directories-extras.cmake
[0.835s] -- Up-to-date: /home/nikhil/nourish_ws/install/image_transport/share/image_transport/cmake/ament_cmake_export_libraries-extras.cmake
[0.835s] -- Up-to-date: /home/nikhil/nourish_ws/install/image_transport/share/image_transport/cmake/ament_cmake_export_dependencies-extras.cmake
[0.836s] -- Up-to-date: /home/nikhil/nourish_ws/install/image_transport/share/image_transport/cmake/image_transportConfig.cmake
[0.836s] -- Up-to-date: /home/nikhil/nourish_ws/install/image_transport/share/image_transport/cmake/image_transportConfig-version.cmake
[0.836s] -- Up-to-date: /home/nikhil/nourish_ws/install/image_transport/share/image_transport/package.xml
[1.054s] Invoked command in '/home/nikhil/nourish_ws/build/image_transport' returned '0': /usr/bin/cmake --build /home/nikhil/nourish_ws/build/image_transport --target install -- -j12 -l12
