[0.063s] -- Found ament_cmake: 0.7.4 (/home/nikhil/ros2_dashing/ros2-linux/share/ament_cmake/cmake)
[0.089s] -- Using PYTHON_EXECUTABLE: /usr/bin/python3
[0.262s] -- Found ament_lint_auto: 0.7.11 (/home/nikhil/ros2_dashing/ros2-linux/share/ament_lint_auto/cmake)
[0.331s] -- Added test 'copyright' to check for copyright in CMake / C / C++ / Python code
[0.342s] -- Added test 'cppcheck' to perform static code analysis on C / C++ code
[0.343s] -- Configured cppcheck include dirs: 
[0.354s] -- Added test 'cpplint' to check C / C++ code against the Google style
[0.356s] -- Added test 'flake8' to check Python code syntax and style conventions
[0.359s] -- Added test 'lint_cmake' to check CMake code style
[0.360s] -- Added test 'pep257' to check Python code against some of the style conventions in PEP 257
[0.372s] -- Added test 'uncrustify' to check C / C++ code style
[0.373s] -- Added test 'xmllint' to check XML markup files
[0.374s] -- Found gazebo_dev: 3.3.4 (/home/nikhil/nourish_ws/install/gazebo_dev/share/gazebo_dev/cmake)
[0.408s] -- Boost version: 1.65.1
[0.408s] -- Found the following Boost libraries:
[0.408s] --   thread
[0.408s] --   system
[0.408s] --   filesystem
[0.408s] --   program_options
[0.408s] --   regex
[0.408s] --   iostreams
[0.408s] --   date_time
[0.408s] --   chrono
[0.408s] --   atomic
[0.414s] -- Found Protobuf: /usr/lib/x86_64-linux-gnu/libprotobuf.so;-lpthread (found version "3.0.0") 
[0.429s] -- Boost version: 1.65.1
[0.430s] -- Looking for OGRE...
[0.434s] -- Found Ogre Ghadamon (1.9.0)
[0.434s] -- Found OGRE: optimized;/usr/lib/x86_64-linux-gnu/libOgreMain.so;debug;/usr/lib/x86_64-linux-gnu/libOgreMain.so
[0.467s] -- Looking for OGRE_Paging...
[0.468s] -- Found OGRE_Paging: optimized;/usr/lib/x86_64-linux-gnu/libOgrePaging.so;debug;/usr/lib/x86_64-linux-gnu/libOgrePaging.so
[0.468s] -- Looking for OGRE_Terrain...
[0.468s] -- Found OGRE_Terrain: optimized;/usr/lib/x86_64-linux-gnu/libOgreTerrain.so;debug;/usr/lib/x86_64-linux-gnu/libOgreTerrain.so
[0.468s] -- Looking for OGRE_Property...
[0.468s] -- Found OGRE_Property: optimized;/usr/lib/x86_64-linux-gnu/libOgreProperty.so;debug;/usr/lib/x86_64-linux-gnu/libOgreProperty.so
[0.468s] -- Looking for OGRE_RTShaderSystem...
[0.468s] -- Found OGRE_RTShaderSystem: optimized;/usr/lib/x86_64-linux-gnu/libOgreRTShaderSystem.so;debug;/usr/lib/x86_64-linux-gnu/libOgreRTShaderSystem.so
[0.468s] -- Looking for OGRE_Volume...
[0.468s] -- Found OGRE_Volume: optimized;/usr/lib/x86_64-linux-gnu/libOgreVolume.so;debug;/usr/lib/x86_64-linux-gnu/libOgreVolume.so
[0.468s] -- Looking for OGRE_Overlay...
[0.469s] -- Found OGRE_Overlay: optimized;/usr/lib/x86_64-linux-gnu/libOgreOverlay.so;debug;/usr/lib/x86_64-linux-gnu/libOgreOverlay.so
[0.581s] -- Found Protobuf: /usr/lib/x86_64-linux-gnu/libprotobuf.so;-lpthread;-lpthread (found suitable version "3.0.0", minimum required is "2.3.0") 
[0.588s] -- Config-file not installed for ZeroMQ -- checking for pkg-config
[0.591s] -- Checking for module 'libzmq >= 4'
[0.602s] --   Found libzmq , version 4.3.3
[0.635s] -- Checking for module 'uuid'
[0.646s] --   Found uuid, version 2.31.1
[0.685s] -- Checking for module 'tinyxml2'
[0.701s] --   Found tinyxml2, version 6.0.0
[0.783s] -- Looking for dlfcn.h - found
[0.783s] -- Looking for libdl - found
[0.787s] -- FreeImage.pc not found, we will search for FreeImage_INCLUDE_DIRS and FreeImage_LIBRARIES
[0.950s] -- Checking for module 'gts'
[0.974s] --   Found gts, version 0.7.6
[1.074s] -- Checking for module 'libswscale'
[1.107s] --   Found libswscale, version 4.8.100
[1.204s] -- Checking for module 'libavdevice >= 56.4.100'
[1.235s] --   Found libavdevice , version 57.10.100
[1.345s] -- Checking for module 'libavformat'
[1.376s] --   Found libavformat, version 57.83.100
[1.476s] -- Checking for module 'libavcodec'
[1.506s] --   Found libavcodec, version 57.107.100
[1.604s] -- Checking for module 'libavutil'
[1.635s] --   Found libavutil, version 55.78.100
[1.746s] -- Checking for module 'jsoncpp'
[1.779s] --   Found jsoncpp, version 1.7.4
[1.876s] -- Checking for module 'libzip'
[1.906s] --   Found libzip, version 1.1.2
[1.989s] -- Gazebo version: 9.13
[1.989s] -- Found gazebo_msgs: 3.3.4 (/home/nikhil/nourish_ws/install/gazebo_msgs/share/gazebo_msgs/cmake)
[2.010s] -- Found rosidl_adapter: 0.7.9 (/home/nikhil/ros2_dashing/ros2-linux/share/rosidl_adapter/cmake)
[2.073s] -- Found gazebo_ros: 3.3.4 (/home/nikhil/nourish_ws/install/gazebo_ros/share/gazebo_ros/cmake)
[2.084s] -- Found rmw_implementation_cmake: 0.7.2 (/home/nikhil/ros2_dashing/ros2-linux/share/rmw_implementation_cmake/cmake)
[2.085s] -- Using RMW implementation 'rmw_fastrtps_cpp' as default
[2.117s] -- Found image_transport: 2.1.1 (/home/nikhil/nourish_ws/install/image_transport/share/image_transport/cmake)
[2.141s] -- Found tinyxml2_vendor:  (/home/nikhil/ros2_dashing/ros2-linux/share/tinyxml2_vendor/cmake)
[2.151s] -- Found poco_vendor:  (/home/nikhil/ros2_dashing/ros2-linux/share/poco_vendor/cmake)
[2.157s] -- Found cv_bridge: 2.1.4 (/home/nikhil/nourish_ws/install/cv_bridge/share/cv_bridge/cmake)
[2.167s] -- Found nav_msgs: 0.7.0 (/home/nikhil/ros2_dashing/ros2-linux/share/nav_msgs/cmake)
[2.176s] -- Found std_srvs: 0.7.0 (/home/nikhil/ros2_dashing/ros2-linux/share/std_srvs/cmake)
[2.179s] -- Found tf2: 0.11.6 (/home/nikhil/ros2_dashing/ros2-linux/share/tf2/cmake)
[2.181s] -- Found tf2_geometry_msgs: 0.11.6 (/home/nikhil/ros2_dashing/ros2-linux/share/tf2_geometry_msgs/cmake)
[2.238s] -- Configuring incomplete, errors occurred!
[2.238s] See also "/home/nikhil/nourish_ws/build/dcb_gazebo/CMakeFiles/CMakeOutput.log".
[2.238s] See also "/home/nikhil/nourish_ws/build/dcb_gazebo/CMakeFiles/CMakeError.log".
[2.242s] Makefile:208: recipe for target 'cmake_check_build_system' failed
