[0.044s] -- Found ament_cmake: 0.7.4 (/home/nikhil/ros2_dashing/ros2-linux/share/ament_cmake/cmake)
[0.066s] -- Using PYTHON_EXECUTABLE: /usr/bin/python3
[0.236s] -- Found ament_lint_auto: 0.7.11 (/home/nikhil/ros2_dashing/ros2-linux/share/ament_lint_auto/cmake)
[0.304s] -- Added test 'copyright' to check for copyright in CMake / C / C++ / Python code
[0.315s] -- Added test 'cppcheck' to perform static code analysis on C / C++ code
[0.315s] -- Configured cppcheck include dirs: 
[0.326s] -- Added test 'cpplint' to check C / C++ code against the Google style
[0.328s] -- Added test 'flake8' to check Python code syntax and style conventions
[0.331s] -- Added test 'lint_cmake' to check CMake code style
[0.333s] -- Added test 'pep257' to check Python code against some of the style conventions in PEP 257
[0.344s] -- Added test 'uncrustify' to check C / C++ code style
[0.346s] -- Added test 'xmllint' to check XML markup files
[0.352s] CMake Error at CMakeLists.txt:46 (find_package):
[0.352s]   By not providing "Findgazebo_dev.cmake" in CMAKE_MODULE_PATH this project
[0.352s]   has asked CMake to find a package configuration file provided by
[0.352s]   "gazebo_dev", but CMake did not find one.
[0.353s] 
[0.353s]   Could not find a package configuration file provided by "gazebo_dev" with
[0.353s]   any of the following names:
[0.353s] 
[0.353s]     gazebo_devConfig.cmake
[0.353s]     gazebo_dev-config.cmake
[0.353s] 
[0.353s]   Add the installation prefix of "gazebo_dev" to CMAKE_PREFIX_PATH or set
[0.353s]   "gazebo_dev_DIR" to a directory containing one of the above files.  If
[0.353s]   "gazebo_dev" provides a separate development package or SDK, be sure it has
[0.353s]   been installed.
[0.353s] 
[0.353s] 
[0.353s] -- Configuring incomplete, errors occurred!
[0.353s] See also "/home/nikhil/nourish_ws/build/dcb_gazebo/CMakeFiles/CMakeOutput.log".
[0.354s] Makefile:208: recipe for target 'cmake_check_build_system' failed
[0.354s] make: *** [cmake_check_build_system] Error 1
