[0.089s] -- The C compiler identification is GNU 7.5.0
[0.133s] -- The CXX compiler identification is GNU 7.5.0
[0.136s] -- Check for working C compiler: /usr/bin/cc
[0.203s] -- Check for working C compiler: /usr/bin/cc -- works
[0.204s] -- Detecting C compiler ABI info
[0.276s] -- Detecting C compiler ABI info - done
[0.280s] -- Detecting C compile features
[0.491s] -- Detecting C compile features - done
[0.494s] -- Check for working CXX compiler: /usr/bin/c++
[0.581s] -- Check for working CXX compiler: /usr/bin/c++ -- works
[0.582s] -- Detecting CXX compiler ABI info
[0.661s] -- Detecting CXX compiler ABI info - done
[0.665s] -- Detecting CXX compile features
[1.019s] -- Detecting CXX compile features - done
[1.022s] -- Found ament_cmake: 0.7.4 (/home/nikhil/ros2_dashing/ros2-linux/share/ament_cmake/cmake)
[1.051s] -- Found PythonInterp: /usr/bin/python3 (found suitable version "3.6.9", minimum required is "3") 
[1.051s] -- Using PYTHON_EXECUTABLE: /usr/bin/python3
[1.262s] -- Found rosidl_default_generators: 0.7.0 (/home/nikhil/ros2_dashing/ros2-linux/share/rosidl_default_generators/cmake)
[1.291s] -- Could not find RTI Connext - skipping rosidl_typesupport_connext_c
[1.303s] -- Found rosidl_adapter: 0.7.9 (/home/nikhil/ros2_dashing/ros2-linux/share/rosidl_adapter/cmake)
[1.312s] -- Could not find RTI Connext - skipping rosidl_typesupport_connext_cpp
[1.398s] -- Found OpenSSL: /usr/lib/x86_64-linux-gnu/libcrypto.so (found version "1.1.1") 
[1.417s] -- Found FastRTPS: /home/nikhil/ros2_dashing/ros2-linux/include  
[1.490s] -- Could not find PrismTech OpenSplice - skipping rosidl_typesupport_opensplice_c
[1.495s] -- Could not find PrismTech OpenSplice - skipping rosidl_typesupport_opensplice_cpp
[1.552s] -- Found PythonInterp: /usr/bin/python3 (found version "3.6.9") 
[1.712s] -- Using all available rosidl_typesupport_c: rosidl_typesupport_connext_c;rosidl_typesupport_fastrtps_c;rosidl_typesupport_introspection_c;rosidl_typesupport_opensplice_c
[1.721s] -- Using all available rosidl_typesupport_cpp: rosidl_typesupport_connext_cpp;rosidl_typesupport_fastrtps_cpp;rosidl_typesupport_introspection_cpp;rosidl_typesupport_opensplice_cpp
[1.836s] -- Found rmw_implementation_cmake: 0.7.2 (/home/nikhil/ros2_dashing/ros2-linux/share/rmw_implementation_cmake/cmake)
[1.863s] -- Found PythonInterp: /usr/bin/python3 (found suitable version "3.6.9", minimum required is "3.5") 
[1.864s] -- Found python_cmake_module: 0.7.10 (/home/nikhil/ros2_dashing/ros2-linux/share/python_cmake_module/cmake)
[1.890s] -- Found PythonLibs: /usr/lib/x86_64-linux-gnu/libpython3.6m.so (found suitable version "3.6.9", minimum required is "3.5") 
[1.890s] -- Using PYTHON_EXECUTABLE: /usr/bin/python3
[1.891s] -- Using PYTHON_INCLUDE_DIRS: /usr/include/python3.6m
[1.891s] -- Using PYTHON_LIBRARIES: /usr/lib/x86_64-linux-gnu/libpython3.6m.so
[1.912s] -- Found PythonExtra: .so  
[1.914s] -- Could not find RTI Connext - skipping rmw_connext_cpp
[2.037s] -- Could not find PrismTech OpenSplice - skipping rmw_opensplice_cpp
[2.079s] -- Found ament_lint_auto: 0.7.11 (/home/nikhil/ros2_dashing/ros2-linux/share/ament_lint_auto/cmake)
[2.098s] -- Added test 'lint_cmake' to check CMake code style
[2.098s] -- Added test 'xmllint' to check XML markup files
[2.102s] -- Configuring done
[2.144s] -- Generating done
[2.147s] -- Build files have been written to: /home/nikhil/nourish_ws/build/juice_dcb_msgs
[2.206s] [  2%] [34m[1mGenerating C code for ROS interfaces[0m
[2.206s] [35m[1mScanning dependencies of target juice_dcb_msgs__cpp[0m
[2.218s] [  5%] [34m[1mGenerating C++ code for ROS interfaces[0m
[2.623s] [  5%] Built target juice_dcb_msgs__cpp
[2.638s] [  7%] [34m[1mGenerating C++ introspection for ROS interfaces[0m
[2.639s] [ 10%] [34m[1mGenerating C++ type support for eProsima Fast-RTPS[0m
[2.640s] [ 12%] [34m[1mGenerating C++ type support dispatch for ROS interfaces[0m
[2.678s] [35m[1mScanning dependencies of target juice_dcb_msgs__rosidl_generator_c[0m
[2.698s] [ 15%] [32mBuilding C object CMakeFiles/juice_dcb_msgs__rosidl_generator_c.dir/rosidl_generator_c/juice_dcb_msgs/msg/command_result__functions.c.o[0m
[2.699s] [ 17%] [32mBuilding C object CMakeFiles/juice_dcb_msgs__rosidl_generator_c.dir/rosidl_generator_c/juice_dcb_msgs/srv/set_pouring__functions.c.o[0m
[2.781s] [ 20%] [32m[1mLinking C shared library libjuice_dcb_msgs__rosidl_generator_c.so[0m
[2.835s] [ 20%] Built target juice_dcb_msgs__rosidl_generator_c
[2.873s] [ 23%] [34m[1mGenerating C introspection for ROS interfaces[0m
[2.874s] [ 25%] [34m[1mGenerating C type support dispatch for ROS interfaces[0m
[3.217s] [35m[1mScanning dependencies of target juice_dcb_msgs__rosidl_typesupport_introspection_cpp[0m
[3.253s] [35m[1mScanning dependencies of target juice_dcb_msgs__rosidl_typesupport_cpp[0m
[3.347s] [ 28%] [32mBuilding CXX object CMakeFiles/juice_dcb_msgs__rosidl_typesupport_cpp.dir/rosidl_typesupport_cpp/juice_dcb_msgs/srv/set_pouring__type_support.cpp.o[0m
[3.353s] [ 30%] [32mBuilding CXX object CMakeFiles/juice_dcb_msgs__rosidl_typesupport_introspection_cpp.dir/rosidl_typesupport_introspection_cpp/juice_dcb_msgs/srv/set_pouring__type_support.cpp.o[0m
[3.353s] [ 33%] [32mBuilding CXX object CMakeFiles/juice_dcb_msgs__rosidl_typesupport_introspection_cpp.dir/rosidl_typesupport_introspection_cpp/juice_dcb_msgs/msg/command_result__type_support.cpp.o[0m
[3.367s] [ 35%] [32mBuilding CXX object CMakeFiles/juice_dcb_msgs__rosidl_typesupport_cpp.dir/rosidl_typesupport_cpp/juice_dcb_msgs/msg/command_result__type_support.cpp.o[0m
[3.408s] [35m[1mScanning dependencies of target juice_dcb_msgs__rosidl_typesupport_fastrtps_cpp[0m
[3.482s] [35m[1mScanning dependencies of target juice_dcb_msgs__rosidl_typesupport_c[0m
[3.510s] [ 38%] [32mBuilding CXX object CMakeFiles/juice_dcb_msgs__rosidl_typesupport_fastrtps_cpp.dir/rosidl_typesupport_fastrtps_cpp/juice_dcb_msgs/srv/dds_fastrtps/set_pouring__type_support.cpp.o[0m
[3.515s] [ 41%] [32mBuilding CXX object CMakeFiles/juice_dcb_msgs__rosidl_typesupport_fastrtps_cpp.dir/rosidl_typesupport_fastrtps_cpp/juice_dcb_msgs/msg/dds_fastrtps/command_result__type_support.cpp.o[0m
[3.530s] [ 43%] [32mBuilding CXX object CMakeFiles/juice_dcb_msgs__rosidl_typesupport_c.dir/rosidl_typesupport_c/juice_dcb_msgs/srv/set_pouring__type_support.cpp.o[0m
[3.582s] [ 46%] [32mBuilding CXX object CMakeFiles/juice_dcb_msgs__rosidl_typesupport_c.dir/rosidl_typesupport_c/juice_dcb_msgs/msg/command_result__type_support.cpp.o[0m
[3.605s] [35m[1mScanning dependencies of target juice_dcb_msgs__rosidl_typesupport_introspection_c[0m
[3.707s] [ 48%] [32mBuilding C object CMakeFiles/juice_dcb_msgs__rosidl_typesupport_introspection_c.dir/rosidl_typesupport_introspection_c/juice_dcb_msgs/msg/command_result__type_support.c.o[0m
[3.713s] [ 51%] [32mBuilding C object CMakeFiles/juice_dcb_msgs__rosidl_typesupport_introspection_c.dir/rosidl_typesupport_introspection_c/juice_dcb_msgs/srv/set_pouring__type_support.c.o[0m
[3.797s] [ 53%] [32m[1mLinking CXX shared library libjuice_dcb_msgs__rosidl_typesupport_c.so[0m
[3.943s] [ 56%] [32m[1mLinking C shared library libjuice_dcb_msgs__rosidl_typesupport_introspection_c.so[0m
[4.017s] [ 56%] Built target juice_dcb_msgs__rosidl_typesupport_c
[4.062s] [ 58%] [32m[1mLinking CXX shared library libjuice_dcb_msgs__rosidl_typesupport_introspection_cpp.so[0m
[4.134s] [ 58%] Built target juice_dcb_msgs__rosidl_typesupport_introspection_c
[4.204s] [ 61%] [32m[1mLinking CXX shared library libjuice_dcb_msgs__rosidl_typesupport_cpp.so[0m
[4.290s] [ 61%] Built target juice_dcb_msgs__rosidl_typesupport_introspection_cpp
[4.332s] [ 64%] [32m[1mLinking CXX shared library libjuice_dcb_msgs__rosidl_typesupport_fastrtps_cpp.so[0m
[4.384s] [ 64%] Built target juice_dcb_msgs__rosidl_typesupport_cpp
[4.534s] [ 64%] Built target juice_dcb_msgs__rosidl_typesupport_fastrtps_cpp
[4.547s] [ 66%] [34m[1mGenerating C type support for eProsima Fast-RTPS[0m
[4.993s] [35m[1mScanning dependencies of target juice_dcb_msgs__rosidl_typesupport_fastrtps_c[0m
[5.045s] [ 69%] [32mBuilding CXX object CMakeFiles/juice_dcb_msgs__rosidl_typesupport_fastrtps_c.dir/rosidl_typesupport_fastrtps_c/juice_dcb_msgs/msg/command_result__type_support_c.cpp.o[0m
[5.061s] [ 71%] [32mBuilding CXX object CMakeFiles/juice_dcb_msgs__rosidl_typesupport_fastrtps_c.dir/rosidl_typesupport_fastrtps_c/juice_dcb_msgs/srv/set_pouring__type_support_c.cpp.o[0m
[5.842s] [ 74%] [32m[1mLinking CXX shared library libjuice_dcb_msgs__rosidl_typesupport_fastrtps_c.so[0m
[6.156s] [ 74%] Built target juice_dcb_msgs__rosidl_typesupport_fastrtps_c
[6.174s] [35m[1mScanning dependencies of target juice_dcb_msgs[0m
[6.194s] [ 74%] Built target juice_dcb_msgs
[6.216s] [35m[1mScanning dependencies of target juice_dcb_msgs__py[0m
[6.240s] [ 76%] [34m[1mGenerating Python code for ROS interfaces[0m
[7.305s] [ 76%] Built target juice_dcb_msgs__py
[7.322s] [35m[1mScanning dependencies of target juice_dcb_msgs__python[0m
[7.358s] [ 82%] [32mBuilding C object CMakeFiles/juice_dcb_msgs__python.dir/rosidl_generator_py/juice_dcb_msgs/srv/_set_pouring_s.c.o[0m
[7.358s] [ 82%] [32mBuilding C object CMakeFiles/juice_dcb_msgs__python.dir/rosidl_generator_py/juice_dcb_msgs/msg/_command_result_s.c.o[0m
[7.492s] [ 84%] [32m[1mLinking C shared library rosidl_generator_py/juice_dcb_msgs/libjuice_dcb_msgs__python.so[0m
[7.542s] [ 84%] Built target juice_dcb_msgs__python
[7.556s] [35m[1mScanning dependencies of target juice_dcb_msgs__rosidl_typesupport_fastrtps_c__pyext[0m
[7.558s] [35m[1mScanning dependencies of target juice_dcb_msgs__rosidl_typesupport_introspection_c__pyext[0m
[7.559s] [35m[1mScanning dependencies of target juice_dcb_msgs__rosidl_typesupport_c__pyext[0m
[7.583s] [ 87%] [32mBuilding C object CMakeFiles/juice_dcb_msgs__rosidl_typesupport_fastrtps_c__pyext.dir/rosidl_generator_py/juice_dcb_msgs/_juice_dcb_msgs_s.ep.rosidl_typesupport_fastrtps_c.c.o[0m
[7.588s] [ 89%] [32mBuilding C object CMakeFiles/juice_dcb_msgs__rosidl_typesupport_c__pyext.dir/rosidl_generator_py/juice_dcb_msgs/_juice_dcb_msgs_s.ep.rosidl_typesupport_c.c.o[0m
[7.589s] [ 92%] [32mBuilding C object CMakeFiles/juice_dcb_msgs__rosidl_typesupport_introspection_c__pyext.dir/rosidl_generator_py/juice_dcb_msgs/_juice_dcb_msgs_s.ep.rosidl_typesupport_introspection_c.c.o[0m
[7.710s] [ 94%] [32m[1mLinking C shared library rosidl_generator_py/juice_dcb_msgs/juice_dcb_msgs_s__rosidl_typesupport_c.cpython-36m-x86_64-linux-gnu.so[0m
[7.725s] [ 97%] [32m[1mLinking C shared library rosidl_generator_py/juice_dcb_msgs/juice_dcb_msgs_s__rosidl_typesupport_introspection_c.cpython-36m-x86_64-linux-gnu.so[0m
[7.726s] [100%] [32m[1mLinking C shared library rosidl_generator_py/juice_dcb_msgs/juice_dcb_msgs_s__rosidl_typesupport_fastrtps_c.cpython-36m-x86_64-linux-gnu.so[0m
[7.788s] [100%] Built target juice_dcb_msgs__rosidl_typesupport_introspection_c__pyext
[7.791s] [100%] Built target juice_dcb_msgs__rosidl_typesupport_c__pyext
[7.819s] [100%] Built target juice_dcb_msgs__rosidl_typesupport_fastrtps_c__pyext
[7.992s] [  2%] Built target juice_dcb_msgs__cpp
[7.992s] [ 12%] Built target juice_dcb_msgs__rosidl_generator_c
[8.025s] [ 23%] Built target juice_dcb_msgs__rosidl_typesupport_cpp
[8.029s] [ 33%] Built target juice_dcb_msgs__rosidl_typesupport_introspection_cpp
[8.035s] [ 46%] Built target juice_dcb_msgs__rosidl_typesupport_introspection_c
[8.035s] [ 61%] Built target juice_dcb_msgs__rosidl_typesupport_fastrtps_cpp
[8.035s] [ 64%] Built target juice_dcb_msgs__rosidl_typesupport_c
[8.085s] [ 74%] Built target juice_dcb_msgs__rosidl_typesupport_fastrtps_c
[8.121s] [ 74%] Built target juice_dcb_msgs
[8.161s] [ 76%] Built target juice_dcb_msgs__py
[8.234s] [ 84%] Built target juice_dcb_msgs__python
[8.291s] [ 89%] Built target juice_dcb_msgs__rosidl_typesupport_fastrtps_c__pyext
[8.320s] [ 94%] Built target juice_dcb_msgs__rosidl_typesupport_introspection_c__pyext
[8.320s] [100%] Built target juice_dcb_msgs__rosidl_typesupport_c__pyext
[8.441s] [36mInstall the project...[0m
[8.469s] -- Install configuration: ""
[8.470s] -- Installing: /home/nikhil/nourish_ws/install/juice_dcb_msgs/share/ament_index/resource_index/rosidl_interfaces/juice_dcb_msgs
[8.470s] -- Installing: /home/nikhil/nourish_ws/install/juice_dcb_msgs/lib/libjuice_dcb_msgs__rosidl_typesupport_c.so
[8.470s] -- Set runtime path of "/home/nikhil/nourish_ws/install/juice_dcb_msgs/lib/libjuice_dcb_msgs__rosidl_typesupport_c.so" to ""
[8.471s] -- Installing: /home/nikhil/nourish_ws/install/juice_dcb_msgs/share/juice_dcb_msgs/environment/library_path.sh
[8.491s] -- Installing: /home/nikhil/nourish_ws/install/juice_dcb_msgs/lib/libjuice_dcb_msgs__rosidl_typesupport_cpp.so
[8.491s] -- Set runtime path of "/home/nikhil/nourish_ws/install/juice_dcb_msgs/lib/libjuice_dcb_msgs__rosidl_typesupport_cpp.so" to ""
[8.492s] -- Installing: /home/nikhil/nourish_ws/install/juice_dcb_msgs/include/juice_dcb_msgs
[8.492s] -- Installing: /home/nikhil/nourish_ws/install/juice_dcb_msgs/include/juice_dcb_msgs/msg
[8.492s] -- Installing: /home/nikhil/nourish_ws/install/juice_dcb_msgs/include/juice_dcb_msgs/msg/command_result__struct.h
[8.493s] -- Installing: /home/nikhil/nourish_ws/install/juice_dcb_msgs/include/juice_dcb_msgs/msg/command_result__functions.h
[8.493s] -- Installing: /home/nikhil/nourish_ws/install/juice_dcb_msgs/include/juice_dcb_msgs/msg/command_result.h
[8.493s] -- Installing: /home/nikhil/nourish_ws/install/juice_dcb_msgs/include/juice_dcb_msgs/msg/command_result__type_support.h
[8.493s] -- Installing: /home/nikhil/nourish_ws/install/juice_dcb_msgs/include/juice_dcb_msgs/msg/rosidl_generator_c__visibility_control.h
[8.494s] -- Installing: /home/nikhil/nourish_ws/install/juice_dcb_msgs/include/juice_dcb_msgs/msg/command_result__functions.c
[8.494s] -- Installing: /home/nikhil/nourish_ws/install/juice_dcb_msgs/include/juice_dcb_msgs/srv
[8.494s] -- Installing: /home/nikhil/nourish_ws/install/juice_dcb_msgs/include/juice_dcb_msgs/srv/set_pouring__type_support.h
[8.494s] -- Installing: /home/nikhil/nourish_ws/install/juice_dcb_msgs/include/juice_dcb_msgs/srv/set_pouring__functions.h
[8.494s] -- Installing: /home/nikhil/nourish_ws/install/juice_dcb_msgs/include/juice_dcb_msgs/srv/set_pouring.h
[8.494s] -- Installing: /home/nikhil/nourish_ws/install/juice_dcb_msgs/include/juice_dcb_msgs/srv/set_pouring__functions.c
[8.495s] -- Installing: /home/nikhil/nourish_ws/install/juice_dcb_msgs/include/juice_dcb_msgs/srv/set_pouring__struct.h
[8.495s] -- Installing: /home/nikhil/nourish_ws/install/juice_dcb_msgs/lib/libjuice_dcb_msgs__rosidl_generator_c.so
[8.495s] -- Set runtime path of "/home/nikhil/nourish_ws/install/juice_dcb_msgs/lib/libjuice_dcb_msgs__rosidl_generator_c.so" to ""
[8.495s] -- Up-to-date: /home/nikhil/nourish_ws/install/juice_dcb_msgs/include/juice_dcb_msgs
[8.495s] -- Up-to-date: /home/nikhil/nourish_ws/install/juice_dcb_msgs/include/juice_dcb_msgs/msg
[8.495s] -- Installing: /home/nikhil/nourish_ws/install/juice_dcb_msgs/include/juice_dcb_msgs/msg/command_result.hpp
[8.496s] -- Installing: /home/nikhil/nourish_ws/install/juice_dcb_msgs/include/juice_dcb_msgs/msg/command_result__struct.hpp
[8.496s] -- Installing: /home/nikhil/nourish_ws/install/juice_dcb_msgs/include/juice_dcb_msgs/msg/command_result__traits.hpp
[8.496s] -- Up-to-date: /home/nikhil/nourish_ws/install/juice_dcb_msgs/include/juice_dcb_msgs/srv
[8.496s] -- Installing: /home/nikhil/nourish_ws/install/juice_dcb_msgs/include/juice_dcb_msgs/srv/set_pouring__traits.hpp
[8.496s] -- Installing: /home/nikhil/nourish_ws/install/juice_dcb_msgs/include/juice_dcb_msgs/srv/set_pouring__struct.hpp
[8.496s] -- Installing: /home/nikhil/nourish_ws/install/juice_dcb_msgs/include/juice_dcb_msgs/srv/set_pouring.hpp
[8.497s] -- Up-to-date: /home/nikhil/nourish_ws/install/juice_dcb_msgs/include/juice_dcb_msgs
[8.497s] -- Up-to-date: /home/nikhil/nourish_ws/install/juice_dcb_msgs/include/juice_dcb_msgs/msg
[8.497s] -- Installing: /home/nikhil/nourish_ws/install/juice_dcb_msgs/include/juice_dcb_msgs/msg/command_result__rosidl_typesupport_fastrtps_c.h
[8.497s] -- Installing: /home/nikhil/nourish_ws/install/juice_dcb_msgs/include/juice_dcb_msgs/msg/rosidl_typesupport_fastrtps_c__visibility_control.h
[8.497s] -- Up-to-date: /home/nikhil/nourish_ws/install/juice_dcb_msgs/include/juice_dcb_msgs/srv
[8.497s] -- Installing: /home/nikhil/nourish_ws/install/juice_dcb_msgs/include/juice_dcb_msgs/srv/set_pouring__rosidl_typesupport_fastrtps_c.h
[8.498s] -- Installing: /home/nikhil/nourish_ws/install/juice_dcb_msgs/lib/libjuice_dcb_msgs__rosidl_typesupport_fastrtps_c.so
[8.498s] -- Set runtime path of "/home/nikhil/nourish_ws/install/juice_dcb_msgs/lib/libjuice_dcb_msgs__rosidl_typesupport_fastrtps_c.so" to ""
[8.498s] -- Up-to-date: /home/nikhil/nourish_ws/install/juice_dcb_msgs/include/juice_dcb_msgs
[8.498s] -- Up-to-date: /home/nikhil/nourish_ws/install/juice_dcb_msgs/include/juice_dcb_msgs/msg
[8.499s] -- Installing: /home/nikhil/nourish_ws/install/juice_dcb_msgs/include/juice_dcb_msgs/msg/command_result__rosidl_typesupport_fastrtps_cpp.hpp
[8.499s] -- Installing: /home/nikhil/nourish_ws/install/juice_dcb_msgs/include/juice_dcb_msgs/msg/dds_fastrtps
[8.499s] -- Installing: /home/nikhil/nourish_ws/install/juice_dcb_msgs/include/juice_dcb_msgs/msg/rosidl_typesupport_fastrtps_cpp__visibility_control.h
[8.499s] -- Up-to-date: /home/nikhil/nourish_ws/install/juice_dcb_msgs/include/juice_dcb_msgs/srv
[8.499s] -- Installing: /home/nikhil/nourish_ws/install/juice_dcb_msgs/include/juice_dcb_msgs/srv/set_pouring__rosidl_typesupport_fastrtps_cpp.hpp
[8.499s] -- Installing: /home/nikhil/nourish_ws/install/juice_dcb_msgs/include/juice_dcb_msgs/srv/dds_fastrtps
[8.500s] -- Installing: /home/nikhil/nourish_ws/install/juice_dcb_msgs/lib/libjuice_dcb_msgs__rosidl_typesupport_fastrtps_cpp.so
[8.500s] -- Set runtime path of "/home/nikhil/nourish_ws/install/juice_dcb_msgs/lib/libjuice_dcb_msgs__rosidl_typesupport_fastrtps_cpp.so" to ""
[8.500s] -- Up-to-date: /home/nikhil/nourish_ws/install/juice_dcb_msgs/include/juice_dcb_msgs
[8.500s] -- Up-to-date: /home/nikhil/nourish_ws/install/juice_dcb_msgs/include/juice_dcb_msgs/msg
[8.500s] -- Installing: /home/nikhil/nourish_ws/install/juice_dcb_msgs/include/juice_dcb_msgs/msg/command_result__rosidl_typesupport_introspection_c.h
[8.500s] -- Installing: /home/nikhil/nourish_ws/install/juice_dcb_msgs/include/juice_dcb_msgs/msg/rosidl_typesupport_introspection_c__visibility_control.h
[8.501s] -- Installing: /home/nikhil/nourish_ws/install/juice_dcb_msgs/include/juice_dcb_msgs/msg/command_result__type_support.c
[8.501s] -- Up-to-date: /home/nikhil/nourish_ws/install/juice_dcb_msgs/include/juice_dcb_msgs/srv
[8.501s] -- Installing: /home/nikhil/nourish_ws/install/juice_dcb_msgs/include/juice_dcb_msgs/srv/set_pouring__rosidl_typesupport_introspection_c.h
[8.501s] -- Installing: /home/nikhil/nourish_ws/install/juice_dcb_msgs/include/juice_dcb_msgs/srv/set_pouring__type_support.c
[8.501s] -- Installing: /home/nikhil/nourish_ws/install/juice_dcb_msgs/lib/libjuice_dcb_msgs__rosidl_typesupport_introspection_c.so
[8.511s] -- Set runtime path of "/home/nikhil/nourish_ws/install/juice_dcb_msgs/lib/libjuice_dcb_msgs__rosidl_typesupport_introspection_c.so" to ""
[8.511s] -- Up-to-date: /home/nikhil/nourish_ws/install/juice_dcb_msgs/include/juice_dcb_msgs
[8.511s] -- Up-to-date: /home/nikhil/nourish_ws/install/juice_dcb_msgs/include/juice_dcb_msgs/msg
[8.512s] -- Installing: /home/nikhil/nourish_ws/install/juice_dcb_msgs/include/juice_dcb_msgs/msg/command_result__rosidl_typesupport_introspection_cpp.hpp
[8.512s] -- Installing: /home/nikhil/nourish_ws/install/juice_dcb_msgs/include/juice_dcb_msgs/msg/command_result__type_support.cpp
[8.512s] -- Up-to-date: /home/nikhil/nourish_ws/install/juice_dcb_msgs/include/juice_dcb_msgs/srv
[8.512s] -- Installing: /home/nikhil/nourish_ws/install/juice_dcb_msgs/include/juice_dcb_msgs/srv/set_pouring__rosidl_typesupport_introspection_cpp.hpp
[8.512s] -- Installing: /home/nikhil/nourish_ws/install/juice_dcb_msgs/include/juice_dcb_msgs/srv/set_pouring__type_support.cpp
[8.513s] -- Installing: /home/nikhil/nourish_ws/install/juice_dcb_msgs/lib/libjuice_dcb_msgs__rosidl_typesupport_introspection_cpp.so
[8.513s] -- Set runtime path of "/home/nikhil/nourish_ws/install/juice_dcb_msgs/lib/libjuice_dcb_msgs__rosidl_typesupport_introspection_cpp.so" to ""
[8.513s] -- Installing: /home/nikhil/nourish_ws/install/juice_dcb_msgs/share/juice_dcb_msgs/environment/pythonpath.sh
[8.513s] -- Installing: /home/nikhil/nourish_ws/install/juice_dcb_msgs/lib/python3.6/site-packages/juice_dcb_msgs/__init__.py
[8.653s] Compiling '/home/nikhil/nourish_ws/install/juice_dcb_msgs/lib/python3.6/site-packages/juice_dcb_msgs/__init__.py'...
[8.665s] -- Installing: /home/nikhil/nourish_ws/install/juice_dcb_msgs/lib/python3.6/site-packages/juice_dcb_msgs/msg
[8.665s] -- Installing: /home/nikhil/nourish_ws/install/juice_dcb_msgs/lib/python3.6/site-packages/juice_dcb_msgs/msg/_command_result.py
[8.666s] -- Installing: /home/nikhil/nourish_ws/install/juice_dcb_msgs/lib/python3.6/site-packages/juice_dcb_msgs/msg/__init__.py
[8.666s] -- Installing: /home/nikhil/nourish_ws/install/juice_dcb_msgs/lib/python3.6/site-packages/juice_dcb_msgs/msg/_command_result_s.c
[8.666s] -- Installing: /home/nikhil/nourish_ws/install/juice_dcb_msgs/lib/python3.6/site-packages/juice_dcb_msgs/srv
[8.667s] -- Installing: /home/nikhil/nourish_ws/install/juice_dcb_msgs/lib/python3.6/site-packages/juice_dcb_msgs/srv/__init__.py
[8.667s] -- Installing: /home/nikhil/nourish_ws/install/juice_dcb_msgs/lib/python3.6/site-packages/juice_dcb_msgs/srv/_set_pouring_s.c
[8.667s] -- Installing: /home/nikhil/nourish_ws/install/juice_dcb_msgs/lib/python3.6/site-packages/juice_dcb_msgs/srv/_set_pouring.py
[8.668s] -- Installing: /home/nikhil/nourish_ws/install/juice_dcb_msgs/lib/python3.6/site-packages/juice_dcb_msgs/juice_dcb_msgs_s__rosidl_typesupport_c.cpython-36m-x86_64-linux-gnu.so
[8.668s] -- Set runtime path of "/home/nikhil/nourish_ws/install/juice_dcb_msgs/lib/python3.6/site-packages/juice_dcb_msgs/juice_dcb_msgs_s__rosidl_typesupport_c.cpython-36m-x86_64-linux-gnu.so" to ""
[8.669s] -- Installing: /home/nikhil/nourish_ws/install/juice_dcb_msgs/lib/python3.6/site-packages/juice_dcb_msgs/juice_dcb_msgs_s__rosidl_typesupport_introspection_c.cpython-36m-x86_64-linux-gnu.so
[8.670s] -- Set runtime path of "/home/nikhil/nourish_ws/install/juice_dcb_msgs/lib/python3.6/site-packages/juice_dcb_msgs/juice_dcb_msgs_s__rosidl_typesupport_introspection_c.cpython-36m-x86_64-linux-gnu.so" to ""
[8.671s] -- Installing: /home/nikhil/nourish_ws/install/juice_dcb_msgs/lib/python3.6/site-packages/juice_dcb_msgs/juice_dcb_msgs_s__rosidl_typesupport_fastrtps_c.cpython-36m-x86_64-linux-gnu.so
[8.671s] -- Set runtime path of "/home/nikhil/nourish_ws/install/juice_dcb_msgs/lib/python3.6/site-packages/juice_dcb_msgs/juice_dcb_msgs_s__rosidl_typesupport_fastrtps_c.cpython-36m-x86_64-linux-gnu.so" to ""
[8.671s] -- Installing: /home/nikhil/nourish_ws/install/juice_dcb_msgs/lib/libjuice_dcb_msgs__python.so
[8.672s] -- Set runtime path of "/home/nikhil/nourish_ws/install/juice_dcb_msgs/lib/libjuice_dcb_msgs__python.so" to ""
[8.672s] -- Installing: /home/nikhil/nourish_ws/install/juice_dcb_msgs/share/juice_dcb_msgs/msg/CommandResult.idl
[8.672s] -- Installing: /home/nikhil/nourish_ws/install/juice_dcb_msgs/share/juice_dcb_msgs/srv/SetPouring.idl
[8.672s] -- Installing: /home/nikhil/nourish_ws/install/juice_dcb_msgs/share/juice_dcb_msgs/msg/CommandResult.msg
[8.673s] -- Installing: /home/nikhil/nourish_ws/install/juice_dcb_msgs/share/juice_dcb_msgs/srv/SetPouring.srv
[8.673s] -- Installing: /home/nikhil/nourish_ws/install/juice_dcb_msgs/share/juice_dcb_msgs/srv/SetPouring_Request.msg
[8.673s] -- Installing: /home/nikhil/nourish_ws/install/juice_dcb_msgs/share/juice_dcb_msgs/srv/SetPouring_Response.msg
[8.673s] -- Installing: /home/nikhil/nourish_ws/install/juice_dcb_msgs/share/ament_index/resource_index/package_run_dependencies/juice_dcb_msgs
[8.674s] -- Installing: /home/nikhil/nourish_ws/install/juice_dcb_msgs/share/ament_index/resource_index/parent_prefix_path/juice_dcb_msgs
[8.674s] -- Installing: /home/nikhil/nourish_ws/install/juice_dcb_msgs/share/juice_dcb_msgs/environment/ament_prefix_path.sh
[8.674s] -- Installing: /home/nikhil/nourish_ws/install/juice_dcb_msgs/share/juice_dcb_msgs/environment/path.sh
[8.675s] -- Installing: /home/nikhil/nourish_ws/install/juice_dcb_msgs/share/juice_dcb_msgs/local_setup.bash
[8.675s] -- Installing: /home/nikhil/nourish_ws/install/juice_dcb_msgs/share/juice_dcb_msgs/local_setup.sh
[8.675s] -- Installing: /home/nikhil/nourish_ws/install/juice_dcb_msgs/share/juice_dcb_msgs/local_setup.zsh
[8.675s] -- Installing: /home/nikhil/nourish_ws/install/juice_dcb_msgs/share/ament_index/resource_index/packages/juice_dcb_msgs
[8.676s] -- Installing: /home/nikhil/nourish_ws/install/juice_dcb_msgs/share/juice_dcb_msgs/cmake/rosidl_cmake-extras.cmake
[8.676s] -- Installing: /home/nikhil/nourish_ws/install/juice_dcb_msgs/share/juice_dcb_msgs/cmake/ament_cmake_export_libraries-extras.cmake
[8.676s] -- Installing: /home/nikhil/nourish_ws/install/juice_dcb_msgs/share/juice_dcb_msgs/cmake/ament_cmake_export_include_directories-extras.cmake
[8.676s] -- Installing: /home/nikhil/nourish_ws/install/juice_dcb_msgs/share/juice_dcb_msgs/cmake/ament_cmake_export_dependencies-extras.cmake
[8.677s] -- Installing: /home/nikhil/nourish_ws/install/juice_dcb_msgs/share/juice_dcb_msgs/cmake/juice_dcb_msgsConfig.cmake
[8.677s] -- Installing: /home/nikhil/nourish_ws/install/juice_dcb_msgs/share/juice_dcb_msgs/cmake/juice_dcb_msgsConfig-version.cmake
[8.677s] -- Installing: /home/nikhil/nourish_ws/install/juice_dcb_msgs/share/juice_dcb_msgs/package.xml
