Determining if the pthread_create exist failed with the following output:
Change Dir: /home/nikhil/nourish_ws/build/gazebo_plugins/CMakeFiles/CMakeTmp

Run Build Command:"/usr/bin/make" "cmTC_00f09/fast"
/usr/bin/make -f CMakeFiles/cmTC_00f09.dir/build.make CMakeFiles/cmTC_00f09.dir/build
make[1]: Entering directory '/home/nikhil/nourish_ws/build/gazebo_plugins/CMakeFiles/CMakeTmp'
Building C object CMakeFiles/cmTC_00f09.dir/CheckSymbolExists.c.o
/usr/bin/cc    -o CMakeFiles/cmTC_00f09.dir/CheckSymbolExists.c.o   -c /home/nikhil/nourish_ws/build/gazebo_plugins/CMakeFiles/CMakeTmp/CheckSymbolExists.c
Linking C executable cmTC_00f09
/usr/bin/cmake -E cmake_link_script CMakeFiles/cmTC_00f09.dir/link.txt --verbose=1
/usr/bin/cc      CMakeFiles/cmTC_00f09.dir/CheckSymbolExists.c.o  -o cmTC_00f09 
CMakeFiles/cmTC_00f09.dir/CheckSymbolExists.c.o: In function `main':
CheckSymbolExists.c:(.text+0x1b): undefined reference to `pthread_create'
collect2: error: ld returned 1 exit status
CMakeFiles/cmTC_00f09.dir/build.make:97: recipe for target 'cmTC_00f09' failed
make[1]: *** [cmTC_00f09] Error 1
make[1]: Leaving directory '/home/nikhil/nourish_ws/build/gazebo_plugins/CMakeFiles/CMakeTmp'
Makefile:126: recipe for target 'cmTC_00f09/fast' failed
make: *** [cmTC_00f09/fast] Error 2

File /home/nikhil/nourish_ws/build/gazebo_plugins/CMakeFiles/CMakeTmp/CheckSymbolExists.c:
/* */
#include <pthread.h>

int main(int argc, char** argv)
{
  (void)argv;
#ifndef pthread_create
  return ((int*)(&pthread_create))[argc];
#else
  (void)argc;
  return 0;
#endif
}

Determining if the function pthread_create exists in the pthreads failed with the following output:
Change Dir: /home/nikhil/nourish_ws/build/gazebo_plugins/CMakeFiles/CMakeTmp

Run Build Command:"/usr/bin/make" "cmTC_87695/fast"
/usr/bin/make -f CMakeFiles/cmTC_87695.dir/build.make CMakeFiles/cmTC_87695.dir/build
make[1]: Entering directory '/home/nikhil/nourish_ws/build/gazebo_plugins/CMakeFiles/CMakeTmp'
Building C object CMakeFiles/cmTC_87695.dir/CheckFunctionExists.c.o
/usr/bin/cc   -DCHECK_FUNCTION_EXISTS=pthread_create   -o CMakeFiles/cmTC_87695.dir/CheckFunctionExists.c.o   -c /usr/share/cmake-3.10/Modules/CheckFunctionExists.c
Linking C executable cmTC_87695
/usr/bin/cmake -E cmake_link_script CMakeFiles/cmTC_87695.dir/link.txt --verbose=1
/usr/bin/cc  -DCHECK_FUNCTION_EXISTS=pthread_create    CMakeFiles/cmTC_87695.dir/CheckFunctionExists.c.o  -o cmTC_87695 -lpthreads 
/usr/bin/ld: cannot find -lpthreads
collect2: error: ld returned 1 exit status
CMakeFiles/cmTC_87695.dir/build.make:97: recipe for target 'cmTC_87695' failed
make[1]: *** [cmTC_87695] Error 1
make[1]: Leaving directory '/home/nikhil/nourish_ws/build/gazebo_plugins/CMakeFiles/CMakeTmp'
Makefile:126: recipe for target 'cmTC_87695/fast' failed
make: *** [cmTC_87695/fast] Error 2


