[0.199s] [ 14%] Built target gtest_main
[0.208s] [ 28%] Built target gtest
[0.208s] [ 57%] Built target camera_calibration_parsers
[0.307s] [ 71%] Built target convert
[0.308s] [ 85%] Built target camera_calibration_parsers-parse_ini
[0.318s] [100%] Built target camera_calibration_parsers-parse_yml
[0.574s] [ 14%] Built target gtest_main
[0.583s] [ 28%] Built target gtest
[0.603s] [ 57%] Built target camera_calibration_parsers
[0.660s] [ 71%] Built target camera_calibration_parsers-parse_yml
[0.680s] [ 85%] Built target camera_calibration_parsers-parse_ini
[0.690s] [100%] Built target convert
[0.726s] [36mInstall the project...[0m
[0.739s] -- Install configuration: ""
[0.740s] -- Up-to-date: /home/nikhil/nourish_ws/install/camera_calibration_parsers/lib/libcamera_calibration_parsers.so
[0.741s] -- Up-to-date: /home/nikhil/nourish_ws/install/camera_calibration_parsers/lib/camera_calibration_parsers/convert
[0.741s] -- Up-to-date: /home/nikhil/nourish_ws/install/camera_calibration_parsers/include
[0.742s] -- Up-to-date: /home/nikhil/nourish_ws/install/camera_calibration_parsers/include/camera_calibration_parsers
[0.743s] -- Up-to-date: /home/nikhil/nourish_ws/install/camera_calibration_parsers/include/camera_calibration_parsers/parse_yml.h
[0.743s] -- Up-to-date: /home/nikhil/nourish_ws/install/camera_calibration_parsers/include/camera_calibration_parsers/visibility_control.hpp
[0.743s] -- Up-to-date: /home/nikhil/nourish_ws/install/camera_calibration_parsers/include/camera_calibration_parsers/parse.h
[0.744s] -- Up-to-date: /home/nikhil/nourish_ws/install/camera_calibration_parsers/include/camera_calibration_parsers/parse_ini.h
[0.744s] -- Up-to-date: /home/nikhil/nourish_ws/install/camera_calibration_parsers/include/camera_calibration_parsers/impl
[0.744s] -- Up-to-date: /home/nikhil/nourish_ws/install/camera_calibration_parsers/include/camera_calibration_parsers/impl/split.hpp
[0.745s] -- Up-to-date: /home/nikhil/nourish_ws/install/camera_calibration_parsers/include/camera_calibration_parsers/impl/filesystem_helper.hpp
[0.745s] -- Up-to-date: /home/nikhil/nourish_ws/install/camera_calibration_parsers/share/camera_calibration_parsers/environment/library_path.sh
[0.745s] -- Up-to-date: /home/nikhil/nourish_ws/install/camera_calibration_parsers/share/ament_index/resource_index/package_run_dependencies/camera_calibration_parsers
[0.746s] -- Up-to-date: /home/nikhil/nourish_ws/install/camera_calibration_parsers/share/ament_index/resource_index/parent_prefix_path/camera_calibration_parsers
[0.747s] -- Up-to-date: /home/nikhil/nourish_ws/install/camera_calibration_parsers/share/camera_calibration_parsers/environment/ament_prefix_path.sh
[0.748s] -- Up-to-date: /home/nikhil/nourish_ws/install/camera_calibration_parsers/share/camera_calibration_parsers/environment/path.sh
[0.748s] -- Up-to-date: /home/nikhil/nourish_ws/install/camera_calibration_parsers/share/camera_calibration_parsers/local_setup.bash
[0.749s] -- Up-to-date: /home/nikhil/nourish_ws/install/camera_calibration_parsers/share/camera_calibration_parsers/local_setup.sh
[0.751s] -- Up-to-date: /home/nikhil/nourish_ws/install/camera_calibration_parsers/share/camera_calibration_parsers/local_setup.zsh
[0.752s] -- Up-to-date: /home/nikhil/nourish_ws/install/camera_calibration_parsers/share/ament_index/resource_index/packages/camera_calibration_parsers
[0.752s] -- Up-to-date: /home/nikhil/nourish_ws/install/camera_calibration_parsers/share/camera_calibration_parsers/cmake/ament_cmake_export_include_directories-extras.cmake
[0.753s] -- Up-to-date: /home/nikhil/nourish_ws/install/camera_calibration_parsers/share/camera_calibration_parsers/cmake/ament_cmake_export_libraries-extras.cmake
[0.754s] -- Up-to-date: /home/nikhil/nourish_ws/install/camera_calibration_parsers/share/camera_calibration_parsers/cmake/ament_cmake_export_dependencies-extras.cmake
[0.754s] -- Up-to-date: /home/nikhil/nourish_ws/install/camera_calibration_parsers/share/camera_calibration_parsers/cmake/camera_calibration_parsersConfig.cmake
[0.754s] -- Up-to-date: /home/nikhil/nourish_ws/install/camera_calibration_parsers/share/camera_calibration_parsers/cmake/camera_calibration_parsersConfig-version.cmake
[0.755s] -- Up-to-date: /home/nikhil/nourish_ws/install/camera_calibration_parsers/share/camera_calibration_parsers/package.xml
