[0.083s] -- The C compiler identification is GNU 7.5.0
[0.133s] -- The CXX compiler identification is GNU 7.5.0
[0.136s] -- Check for working C compiler: /usr/bin/cc
[0.208s] -- Check for working C compiler: /usr/bin/cc -- works
[0.208s] -- Detecting C compiler ABI info
[0.278s] -- Detecting C compiler ABI info - done
[0.285s] -- Detecting C compile features
[0.498s] -- Detecting C compile features - done
[0.500s] -- Check for working CXX compiler: /usr/bin/c++
[0.579s] -- Check for working CXX compiler: /usr/bin/c++ -- works
[0.580s] -- Detecting CXX compiler ABI info
[0.672s] -- Detecting CXX compiler ABI info - done
[0.676s] -- Detecting CXX compile features
[1.028s] -- Detecting CXX compile features - done
[1.029s] -- Found ament_cmake: 0.7.4 (/home/nikhil/ros2_dashing/ros2-linux/share/ament_cmake/cmake)
[1.059s] -- Found PythonInterp: /usr/bin/python3 (found suitable version "3.6.9", minimum required is "3") 
[1.060s] -- Using PYTHON_EXECUTABLE: /usr/bin/python3
[1.268s] -- Found action_msgs: 0.7.4 (/home/nikhil/ros2_dashing/ros2-linux/share/action_msgs/cmake)
[1.280s] -- Found rosidl_adapter: 0.7.9 (/home/nikhil/ros2_dashing/ros2-linux/share/rosidl_adapter/cmake)
[1.322s] -- Found rosidl_default_generators: 0.7.0 (/home/nikhil/ros2_dashing/ros2-linux/share/rosidl_default_generators/cmake)
[1.342s] -- Could not find RTI Connext - skipping rosidl_typesupport_connext_c
[1.362s] -- Could not find RTI Connext - skipping rosidl_typesupport_connext_cpp
[1.451s] -- Found OpenSSL: /usr/lib/x86_64-linux-gnu/libcrypto.so (found version "1.1.1") 
[1.479s] -- Found FastRTPS: /home/nikhil/ros2_dashing/ros2-linux/include  
[1.544s] -- Could not find PrismTech OpenSplice - skipping rosidl_typesupport_opensplice_c
[1.548s] -- Could not find PrismTech OpenSplice - skipping rosidl_typesupport_opensplice_cpp
[1.600s] -- Found PythonInterp: /usr/bin/python3 (found version "3.6.9") 
[1.821s] -- Using all available rosidl_typesupport_c: rosidl_typesupport_connext_c;rosidl_typesupport_fastrtps_c;rosidl_typesupport_introspection_c;rosidl_typesupport_opensplice_c
[1.834s] -- Using all available rosidl_typesupport_cpp: rosidl_typesupport_connext_cpp;rosidl_typesupport_fastrtps_cpp;rosidl_typesupport_introspection_cpp;rosidl_typesupport_opensplice_cpp
[1.949s] -- Found rmw_implementation_cmake: 0.7.2 (/home/nikhil/ros2_dashing/ros2-linux/share/rmw_implementation_cmake/cmake)
[1.979s] -- Found PythonInterp: /usr/bin/python3 (found suitable version "3.6.9", minimum required is "3.5") 
[1.980s] -- Found python_cmake_module: 0.7.10 (/home/nikhil/ros2_dashing/ros2-linux/share/python_cmake_module/cmake)
[2.007s] -- Found PythonLibs: /usr/lib/x86_64-linux-gnu/libpython3.6m.so (found suitable version "3.6.9", minimum required is "3.5") 
[2.007s] -- Using PYTHON_EXECUTABLE: /usr/bin/python3
[2.008s] -- Using PYTHON_INCLUDE_DIRS: /usr/include/python3.6m
[2.008s] -- Using PYTHON_LIBRARIES: /usr/lib/x86_64-linux-gnu/libpython3.6m.so
[2.030s] -- Found PythonExtra: .so  
[2.033s] -- Could not find RTI Connext - skipping rmw_connext_cpp
[2.160s] -- Could not find PrismTech OpenSplice - skipping rmw_opensplice_cpp
[2.239s] -- Found ament_lint_auto: 0.7.11 (/home/nikhil/ros2_dashing/ros2-linux/share/ament_lint_auto/cmake)
[2.261s] -- Added test 'lint_cmake' to check CMake code style
[2.262s] -- Added test 'xmllint' to check XML markup files
[2.266s] -- Configuring done
[2.459s] -- Generating done
[2.463s] -- Build files have been written to: /home/nikhil/nourish_ws/build/juice_spout_msgs
[2.527s] [  1%] [34m[1mGenerating C code for ROS interfaces[0m
[2.529s] [35m[1mScanning dependencies of target juice_spout_msgs__cpp[0m
[2.546s] [  3%] [34m[1mGenerating C++ code for ROS interfaces[0m
[3.944s] [  3%] Built target juice_spout_msgs__cpp
[4.033s] [  5%] [34m[1mGenerating C++ introspection for ROS interfaces[0m
[4.047s] [  7%] [34m[1mGenerating C++ type support for eProsima Fast-RTPS[0m
[4.063s] [  9%] [34m[1mGenerating C++ type support dispatch for ROS interfaces[0m
[4.285s] [35m[1mScanning dependencies of target juice_spout_msgs__rosidl_generator_c[0m
[4.367s] [ 10%] [32mBuilding C object CMakeFiles/juice_spout_msgs__rosidl_generator_c.dir/rosidl_generator_c/juice_spout_msgs/srv/run_recipe__functions.c.o[0m
[4.367s] [ 12%] [32mBuilding C object CMakeFiles/juice_spout_msgs__rosidl_generator_c.dir/rosidl_generator_c/juice_spout_msgs/srv/set_fill__functions.c.o[0m
[4.368s] [ 14%] [32mBuilding C object CMakeFiles/juice_spout_msgs__rosidl_generator_c.dir/rosidl_generator_c/juice_spout_msgs/action/run_action_recipe__functions.c.o[0m
[4.370s] [ 16%] [32mBuilding C object CMakeFiles/juice_spout_msgs__rosidl_generator_c.dir/rosidl_generator_c/juice_spout_msgs/msg/spout_state__functions.c.o[0m
[4.523s] [ 18%] [32m[1mLinking C shared library libjuice_spout_msgs__rosidl_generator_c.so[0m
[4.579s] [ 18%] Built target juice_spout_msgs__rosidl_generator_c
[4.597s] [ 21%] [34m[1mGenerating C type support dispatch for ROS interfaces[0m
[4.598s] [ 21%] [34m[1mGenerating C introspection for ROS interfaces[0m
[4.939s] [35m[1mScanning dependencies of target juice_spout_msgs__rosidl_typesupport_cpp[0m
[4.972s] [ 23%] [32mBuilding CXX object CMakeFiles/juice_spout_msgs__rosidl_typesupport_cpp.dir/rosidl_typesupport_cpp/juice_spout_msgs/srv/set_fill__type_support.cpp.o[0m
[4.974s] [ 25%] [32mBuilding CXX object CMakeFiles/juice_spout_msgs__rosidl_typesupport_cpp.dir/rosidl_typesupport_cpp/juice_spout_msgs/srv/run_recipe__type_support.cpp.o[0m
[4.975s] [ 27%] [32mBuilding CXX object CMakeFiles/juice_spout_msgs__rosidl_typesupport_cpp.dir/rosidl_typesupport_cpp/juice_spout_msgs/msg/spout_state__type_support.cpp.o[0m
[4.976s] [ 29%] [32mBuilding CXX object CMakeFiles/juice_spout_msgs__rosidl_typesupport_cpp.dir/rosidl_typesupport_cpp/juice_spout_msgs/action/run_action_recipe__type_support.cpp.o[0m
[5.277s] [35m[1mScanning dependencies of target juice_spout_msgs__rosidl_typesupport_introspection_cpp[0m
[5.353s] [ 30%] [32mBuilding CXX object CMakeFiles/juice_spout_msgs__rosidl_typesupport_introspection_cpp.dir/rosidl_typesupport_introspection_cpp/juice_spout_msgs/srv/run_recipe__type_support.cpp.o[0m
[5.359s] [ 32%] [32mBuilding CXX object CMakeFiles/juice_spout_msgs__rosidl_typesupport_introspection_cpp.dir/rosidl_typesupport_introspection_cpp/juice_spout_msgs/action/run_action_recipe__type_support.cpp.o[0m
[5.361s] [ 34%] [32mBuilding CXX object CMakeFiles/juice_spout_msgs__rosidl_typesupport_introspection_cpp.dir/rosidl_typesupport_introspection_cpp/juice_spout_msgs/msg/spout_state__type_support.cpp.o[0m
[5.364s] [ 36%] [32mBuilding CXX object CMakeFiles/juice_spout_msgs__rosidl_typesupport_introspection_cpp.dir/rosidl_typesupport_introspection_cpp/juice_spout_msgs/srv/set_fill__type_support.cpp.o[0m
[5.588s] [ 38%] [32m[1mLinking CXX shared library libjuice_spout_msgs__rosidl_typesupport_cpp.so[0m
[5.611s] [35m[1mScanning dependencies of target juice_spout_msgs__rosidl_typesupport_fastrtps_cpp[0m
[5.694s] [35m[1mScanning dependencies of target juice_spout_msgs__rosidl_typesupport_c[0m
[5.701s] [ 40%] [32mBuilding CXX object CMakeFiles/juice_spout_msgs__rosidl_typesupport_fastrtps_cpp.dir/rosidl_typesupport_fastrtps_cpp/juice_spout_msgs/srv/dds_fastrtps/set_fill__type_support.cpp.o[0m
[5.715s] [ 41%] [32mBuilding CXX object CMakeFiles/juice_spout_msgs__rosidl_typesupport_fastrtps_cpp.dir/rosidl_typesupport_fastrtps_cpp/juice_spout_msgs/action/dds_fastrtps/run_action_recipe__type_support.cpp.o[0m
[5.716s] [ 43%] [32mBuilding CXX object CMakeFiles/juice_spout_msgs__rosidl_typesupport_fastrtps_cpp.dir/rosidl_typesupport_fastrtps_cpp/juice_spout_msgs/srv/dds_fastrtps/run_recipe__type_support.cpp.o[0m
[5.727s] [ 45%] [32mBuilding CXX object CMakeFiles/juice_spout_msgs__rosidl_typesupport_fastrtps_cpp.dir/rosidl_typesupport_fastrtps_cpp/juice_spout_msgs/msg/dds_fastrtps/spout_state__type_support.cpp.o[0m
[5.775s] [ 47%] [32mBuilding CXX object CMakeFiles/juice_spout_msgs__rosidl_typesupport_c.dir/rosidl_typesupport_c/juice_spout_msgs/srv/run_recipe__type_support.cpp.o[0m
[5.825s] [ 49%] [32mBuilding CXX object CMakeFiles/juice_spout_msgs__rosidl_typesupport_c.dir/rosidl_typesupport_c/juice_spout_msgs/msg/spout_state__type_support.cpp.o[0m
[5.826s] [ 50%] [32mBuilding CXX object CMakeFiles/juice_spout_msgs__rosidl_typesupport_c.dir/rosidl_typesupport_c/juice_spout_msgs/srv/set_fill__type_support.cpp.o[0m
[5.833s] [ 50%] Built target juice_spout_msgs__rosidl_typesupport_cpp
[5.835s] [ 52%] [32mBuilding CXX object CMakeFiles/juice_spout_msgs__rosidl_typesupport_c.dir/rosidl_typesupport_c/juice_spout_msgs/action/run_action_recipe__type_support.cpp.o[0m
[5.848s] [ 54%] [32m[1mLinking CXX shared library libjuice_spout_msgs__rosidl_typesupport_introspection_cpp.so[0m
[5.881s] [35m[1mScanning dependencies of target juice_spout_msgs__rosidl_typesupport_introspection_c[0m
[5.940s] [ 56%] [32mBuilding C object CMakeFiles/juice_spout_msgs__rosidl_typesupport_introspection_c.dir/rosidl_typesupport_introspection_c/juice_spout_msgs/srv/run_recipe__type_support.c.o[0m
[5.966s] [ 58%] [32m[1mLinking CXX shared library libjuice_spout_msgs__rosidl_typesupport_c.so[0m
[6.000s] [ 60%] [32mBuilding C object CMakeFiles/juice_spout_msgs__rosidl_typesupport_introspection_c.dir/rosidl_typesupport_introspection_c/juice_spout_msgs/msg/spout_state__type_support.c.o[0m
[6.002s] [ 61%] [32mBuilding C object CMakeFiles/juice_spout_msgs__rosidl_typesupport_introspection_c.dir/rosidl_typesupport_introspection_c/juice_spout_msgs/action/run_action_recipe__type_support.c.o[0m
[6.003s] [ 63%] [32mBuilding C object CMakeFiles/juice_spout_msgs__rosidl_typesupport_introspection_c.dir/rosidl_typesupport_introspection_c/juice_spout_msgs/srv/set_fill__type_support.c.o[0m
[6.014s] [ 63%] Built target juice_spout_msgs__rosidl_typesupport_introspection_cpp
[6.152s] [ 65%] [32m[1mLinking C shared library libjuice_spout_msgs__rosidl_typesupport_introspection_c.so[0m
[6.174s] [ 65%] Built target juice_spout_msgs__rosidl_typesupport_c
[6.217s] [ 65%] Built target juice_spout_msgs__rosidl_typesupport_introspection_c
[6.455s] [ 67%] [32m[1mLinking CXX shared library libjuice_spout_msgs__rosidl_typesupport_fastrtps_cpp.so[0m
[6.630s] [ 67%] Built target juice_spout_msgs__rosidl_typesupport_fastrtps_cpp
[6.684s] [ 69%] [34m[1mGenerating C type support for eProsima Fast-RTPS[0m
[8.082s] [35m[1mScanning dependencies of target juice_spout_msgs__rosidl_typesupport_fastrtps_c[0m
[8.122s] [ 70%] [32mBuilding CXX object CMakeFiles/juice_spout_msgs__rosidl_typesupport_fastrtps_c.dir/rosidl_typesupport_fastrtps_c/juice_spout_msgs/srv/set_fill__type_support_c.cpp.o[0m
[8.125s] [ 72%] [32mBuilding CXX object CMakeFiles/juice_spout_msgs__rosidl_typesupport_fastrtps_c.dir/rosidl_typesupport_fastrtps_c/juice_spout_msgs/srv/run_recipe__type_support_c.cpp.o[0m
[8.127s] [ 74%] [32mBuilding CXX object CMakeFiles/juice_spout_msgs__rosidl_typesupport_fastrtps_c.dir/rosidl_typesupport_fastrtps_c/juice_spout_msgs/msg/spout_state__type_support_c.cpp.o[0m
[8.127s] [ 76%] [32mBuilding CXX object CMakeFiles/juice_spout_msgs__rosidl_typesupport_fastrtps_c.dir/rosidl_typesupport_fastrtps_c/juice_spout_msgs/action/run_action_recipe__type_support_c.cpp.o[0m
[8.857s] [ 78%] [32m[1mLinking CXX shared library libjuice_spout_msgs__rosidl_typesupport_fastrtps_c.so[0m
[9.072s] [ 78%] Built target juice_spout_msgs__rosidl_typesupport_fastrtps_c
[9.094s] [35m[1mScanning dependencies of target juice_spout_msgs[0m
[9.118s] [ 78%] Built target juice_spout_msgs
[9.160s] [35m[1mScanning dependencies of target juice_spout_msgs__py[0m
[9.188s] [ 80%] [34m[1mGenerating Python code for ROS interfaces[0m
[11.739s] [ 80%] Built target juice_spout_msgs__py
[11.752s] [35m[1mScanning dependencies of target juice_spout_msgs__python[0m
[11.780s] [ 81%] [32mBuilding C object CMakeFiles/juice_spout_msgs__python.dir/rosidl_generator_py/juice_spout_msgs/srv/_set_fill_s.c.o[0m
[11.784s] [ 83%] [32mBuilding C object CMakeFiles/juice_spout_msgs__python.dir/rosidl_generator_py/juice_spout_msgs/srv/_run_recipe_s.c.o[0m
[11.784s] [ 85%] [32mBuilding C object CMakeFiles/juice_spout_msgs__python.dir/rosidl_generator_py/juice_spout_msgs/action/_run_action_recipe_s.c.o[0m
[11.789s] [ 87%] [32mBuilding C object CMakeFiles/juice_spout_msgs__python.dir/rosidl_generator_py/juice_spout_msgs/msg/_spout_state_s.c.o[0m
[11.931s] [ 89%] [32m[1mLinking C shared library rosidl_generator_py/juice_spout_msgs/libjuice_spout_msgs__python.so[0m
[11.998s] [ 89%] Built target juice_spout_msgs__python
[12.009s] [35m[1mScanning dependencies of target juice_spout_msgs__rosidl_typesupport_c__pyext[0m
[12.015s] [35m[1mScanning dependencies of target juice_spout_msgs__rosidl_typesupport_introspection_c__pyext[0m
[12.016s] [35m[1mScanning dependencies of target juice_spout_msgs__rosidl_typesupport_fastrtps_c__pyext[0m
[12.031s] [ 90%] [32mBuilding C object CMakeFiles/juice_spout_msgs__rosidl_typesupport_c__pyext.dir/rosidl_generator_py/juice_spout_msgs/_juice_spout_msgs_s.ep.rosidl_typesupport_c.c.o[0m
[12.045s] [ 92%] [32mBuilding C object CMakeFiles/juice_spout_msgs__rosidl_typesupport_fastrtps_c__pyext.dir/rosidl_generator_py/juice_spout_msgs/_juice_spout_msgs_s.ep.rosidl_typesupport_fastrtps_c.c.o[0m
[12.045s] [ 94%] [32mBuilding C object CMakeFiles/juice_spout_msgs__rosidl_typesupport_introspection_c__pyext.dir/rosidl_generator_py/juice_spout_msgs/_juice_spout_msgs_s.ep.rosidl_typesupport_introspection_c.c.o[0m
[12.157s] [ 96%] [32m[1mLinking C shared library rosidl_generator_py/juice_spout_msgs/juice_spout_msgs_s__rosidl_typesupport_c.cpython-36m-x86_64-linux-gnu.so[0m
[12.170s] [ 98%] [32m[1mLinking C shared library rosidl_generator_py/juice_spout_msgs/juice_spout_msgs_s__rosidl_typesupport_introspection_c.cpython-36m-x86_64-linux-gnu.so[0m
[12.174s] [100%] [32m[1mLinking C shared library rosidl_generator_py/juice_spout_msgs/juice_spout_msgs_s__rosidl_typesupport_fastrtps_c.cpython-36m-x86_64-linux-gnu.so[0m
[12.232s] [100%] Built target juice_spout_msgs__rosidl_typesupport_c__pyext
[12.240s] [100%] Built target juice_spout_msgs__rosidl_typesupport_introspection_c__pyext
[12.271s] [100%] Built target juice_spout_msgs__rosidl_typesupport_fastrtps_c__pyext
[12.486s] [  1%] Built target juice_spout_msgs__cpp
[12.497s] [ 12%] Built target juice_spout_msgs__rosidl_generator_c
[12.530s] [ 23%] Built target juice_spout_msgs__rosidl_typesupport_introspection_cpp
[12.542s] [ 34%] Built target juice_spout_msgs__rosidl_typesupport_cpp
[12.545s] [ 45%] Built target juice_spout_msgs__rosidl_typesupport_c
[12.546s] [ 56%] Built target juice_spout_msgs__rosidl_typesupport_fastrtps_cpp
[12.552s] [ 67%] Built target juice_spout_msgs__rosidl_typesupport_introspection_c
[12.598s] [ 78%] Built target juice_spout_msgs__rosidl_typesupport_fastrtps_c
[12.632s] [ 78%] Built target juice_spout_msgs
[12.668s] [ 80%] Built target juice_spout_msgs__py
[12.718s] [ 89%] Built target juice_spout_msgs__python
[12.765s] [100%] Built target juice_spout_msgs__rosidl_typesupport_introspection_c__pyext
[12.765s] [100%] Built target juice_spout_msgs__rosidl_typesupport_fastrtps_c__pyext
[12.765s] [100%] Built target juice_spout_msgs__rosidl_typesupport_c__pyext
[12.799s] [36mInstall the project...[0m
[12.815s] -- Install configuration: ""
[12.815s] -- Installing: /home/nikhil/nourish_ws/install/juice_spout_msgs/share/ament_index/resource_index/rosidl_interfaces/juice_spout_msgs
[12.815s] -- Installing: /home/nikhil/nourish_ws/install/juice_spout_msgs/include/juice_spout_msgs
[12.816s] -- Installing: /home/nikhil/nourish_ws/install/juice_spout_msgs/include/juice_spout_msgs/action
[12.816s] -- Installing: /home/nikhil/nourish_ws/install/juice_spout_msgs/include/juice_spout_msgs/action/run_action_recipe.hpp
[12.816s] -- Installing: /home/nikhil/nourish_ws/install/juice_spout_msgs/include/juice_spout_msgs/action/run_action_recipe__struct.hpp
[12.816s] -- Installing: /home/nikhil/nourish_ws/install/juice_spout_msgs/include/juice_spout_msgs/action/run_action_recipe__traits.hpp
[12.817s] -- Installing: /home/nikhil/nourish_ws/install/juice_spout_msgs/include/juice_spout_msgs/msg
[12.817s] -- Installing: /home/nikhil/nourish_ws/install/juice_spout_msgs/include/juice_spout_msgs/msg/spout_state__traits.hpp
[12.817s] -- Installing: /home/nikhil/nourish_ws/install/juice_spout_msgs/include/juice_spout_msgs/msg/spout_state.hpp
[12.817s] -- Installing: /home/nikhil/nourish_ws/install/juice_spout_msgs/include/juice_spout_msgs/msg/spout_state__struct.hpp
[12.817s] -- Installing: /home/nikhil/nourish_ws/install/juice_spout_msgs/include/juice_spout_msgs/srv
[12.817s] -- Installing: /home/nikhil/nourish_ws/install/juice_spout_msgs/include/juice_spout_msgs/srv/run_recipe__struct.hpp
[12.818s] -- Installing: /home/nikhil/nourish_ws/install/juice_spout_msgs/include/juice_spout_msgs/srv/set_fill.hpp
[12.818s] -- Installing: /home/nikhil/nourish_ws/install/juice_spout_msgs/include/juice_spout_msgs/srv/set_fill__traits.hpp
[12.818s] -- Installing: /home/nikhil/nourish_ws/install/juice_spout_msgs/include/juice_spout_msgs/srv/run_recipe.hpp
[12.818s] -- Installing: /home/nikhil/nourish_ws/install/juice_spout_msgs/include/juice_spout_msgs/srv/set_fill__struct.hpp
[12.819s] -- Installing: /home/nikhil/nourish_ws/install/juice_spout_msgs/include/juice_spout_msgs/srv/run_recipe__traits.hpp
[12.819s] -- Up-to-date: /home/nikhil/nourish_ws/install/juice_spout_msgs/include/juice_spout_msgs
[12.819s] -- Up-to-date: /home/nikhil/nourish_ws/install/juice_spout_msgs/include/juice_spout_msgs/action
[12.819s] -- Installing: /home/nikhil/nourish_ws/install/juice_spout_msgs/include/juice_spout_msgs/action/run_action_recipe.h
[12.820s] -- Installing: /home/nikhil/nourish_ws/install/juice_spout_msgs/include/juice_spout_msgs/action/run_action_recipe__type_support.h
[12.820s] -- Installing: /home/nikhil/nourish_ws/install/juice_spout_msgs/include/juice_spout_msgs/action/run_action_recipe__functions.c
[12.820s] -- Installing: /home/nikhil/nourish_ws/install/juice_spout_msgs/include/juice_spout_msgs/action/run_action_recipe__functions.h
[12.820s] -- Installing: /home/nikhil/nourish_ws/install/juice_spout_msgs/include/juice_spout_msgs/action/run_action_recipe__struct.h
[12.820s] -- Up-to-date: /home/nikhil/nourish_ws/install/juice_spout_msgs/include/juice_spout_msgs/msg
[12.821s] -- Installing: /home/nikhil/nourish_ws/install/juice_spout_msgs/include/juice_spout_msgs/msg/spout_state__struct.h
[12.821s] -- Installing: /home/nikhil/nourish_ws/install/juice_spout_msgs/include/juice_spout_msgs/msg/spout_state__type_support.h
[12.821s] -- Installing: /home/nikhil/nourish_ws/install/juice_spout_msgs/include/juice_spout_msgs/msg/spout_state__functions.c
[12.821s] -- Installing: /home/nikhil/nourish_ws/install/juice_spout_msgs/include/juice_spout_msgs/msg/rosidl_generator_c__visibility_control.h
[12.821s] -- Installing: /home/nikhil/nourish_ws/install/juice_spout_msgs/include/juice_spout_msgs/msg/spout_state__functions.h
[12.821s] -- Installing: /home/nikhil/nourish_ws/install/juice_spout_msgs/include/juice_spout_msgs/msg/spout_state.h
[12.822s] -- Up-to-date: /home/nikhil/nourish_ws/install/juice_spout_msgs/include/juice_spout_msgs/srv
[12.822s] -- Installing: /home/nikhil/nourish_ws/install/juice_spout_msgs/include/juice_spout_msgs/srv/run_recipe.h
[12.822s] -- Installing: /home/nikhil/nourish_ws/install/juice_spout_msgs/include/juice_spout_msgs/srv/set_fill__type_support.h
[12.822s] -- Installing: /home/nikhil/nourish_ws/install/juice_spout_msgs/include/juice_spout_msgs/srv/run_recipe__functions.c
[12.822s] -- Installing: /home/nikhil/nourish_ws/install/juice_spout_msgs/include/juice_spout_msgs/srv/set_fill__functions.c
[12.822s] -- Installing: /home/nikhil/nourish_ws/install/juice_spout_msgs/include/juice_spout_msgs/srv/run_recipe__struct.h
[12.823s] -- Installing: /home/nikhil/nourish_ws/install/juice_spout_msgs/include/juice_spout_msgs/srv/set_fill.h
[12.823s] -- Installing: /home/nikhil/nourish_ws/install/juice_spout_msgs/include/juice_spout_msgs/srv/set_fill__struct.h
[12.823s] -- Installing: /home/nikhil/nourish_ws/install/juice_spout_msgs/include/juice_spout_msgs/srv/run_recipe__type_support.h
[12.823s] -- Installing: /home/nikhil/nourish_ws/install/juice_spout_msgs/include/juice_spout_msgs/srv/set_fill__functions.h
[12.824s] -- Installing: /home/nikhil/nourish_ws/install/juice_spout_msgs/include/juice_spout_msgs/srv/run_recipe__functions.h
[12.824s] -- Installing: /home/nikhil/nourish_ws/install/juice_spout_msgs/share/juice_spout_msgs/environment/library_path.sh
[12.824s] -- Installing: /home/nikhil/nourish_ws/install/juice_spout_msgs/lib/libjuice_spout_msgs__rosidl_generator_c.so
[12.824s] -- Set runtime path of "/home/nikhil/nourish_ws/install/juice_spout_msgs/lib/libjuice_spout_msgs__rosidl_generator_c.so" to ""
[12.824s] -- Installing: /home/nikhil/nourish_ws/install/juice_spout_msgs/lib/libjuice_spout_msgs__rosidl_typesupport_c.so
[12.824s] -- Set runtime path of "/home/nikhil/nourish_ws/install/juice_spout_msgs/lib/libjuice_spout_msgs__rosidl_typesupport_c.so" to ""
[12.825s] -- Installing: /home/nikhil/nourish_ws/install/juice_spout_msgs/lib/libjuice_spout_msgs__rosidl_typesupport_cpp.so
[12.825s] -- Set runtime path of "/home/nikhil/nourish_ws/install/juice_spout_msgs/lib/libjuice_spout_msgs__rosidl_typesupport_cpp.so" to ""
[12.825s] -- Up-to-date: /home/nikhil/nourish_ws/install/juice_spout_msgs/include/juice_spout_msgs
[12.825s] -- Up-to-date: /home/nikhil/nourish_ws/install/juice_spout_msgs/include/juice_spout_msgs/action
[12.826s] -- Installing: /home/nikhil/nourish_ws/install/juice_spout_msgs/include/juice_spout_msgs/action/run_action_recipe__rosidl_typesupport_introspection_c.h
[12.826s] -- Installing: /home/nikhil/nourish_ws/install/juice_spout_msgs/include/juice_spout_msgs/action/run_action_recipe__type_support.c
[12.826s] -- Up-to-date: /home/nikhil/nourish_ws/install/juice_spout_msgs/include/juice_spout_msgs/msg
[12.826s] -- Installing: /home/nikhil/nourish_ws/install/juice_spout_msgs/include/juice_spout_msgs/msg/spout_state__type_support.c
[12.826s] -- Installing: /home/nikhil/nourish_ws/install/juice_spout_msgs/include/juice_spout_msgs/msg/rosidl_typesupport_introspection_c__visibility_control.h
[12.826s] -- Installing: /home/nikhil/nourish_ws/install/juice_spout_msgs/include/juice_spout_msgs/msg/spout_state__rosidl_typesupport_introspection_c.h
[12.827s] -- Up-to-date: /home/nikhil/nourish_ws/install/juice_spout_msgs/include/juice_spout_msgs/srv
[12.827s] -- Installing: /home/nikhil/nourish_ws/install/juice_spout_msgs/include/juice_spout_msgs/srv/run_recipe__rosidl_typesupport_introspection_c.h
[12.827s] -- Installing: /home/nikhil/nourish_ws/install/juice_spout_msgs/include/juice_spout_msgs/srv/set_fill__type_support.c
[12.828s] -- Installing: /home/nikhil/nourish_ws/install/juice_spout_msgs/include/juice_spout_msgs/srv/set_fill__rosidl_typesupport_introspection_c.h
[12.828s] -- Installing: /home/nikhil/nourish_ws/install/juice_spout_msgs/include/juice_spout_msgs/srv/run_recipe__type_support.c
[12.828s] -- Installing: /home/nikhil/nourish_ws/install/juice_spout_msgs/lib/libjuice_spout_msgs__rosidl_typesupport_introspection_c.so
[12.828s] -- Set runtime path of "/home/nikhil/nourish_ws/install/juice_spout_msgs/lib/libjuice_spout_msgs__rosidl_typesupport_introspection_c.so" to ""
[12.828s] -- Up-to-date: /home/nikhil/nourish_ws/install/juice_spout_msgs/include/juice_spout_msgs
[12.828s] -- Up-to-date: /home/nikhil/nourish_ws/install/juice_spout_msgs/include/juice_spout_msgs/action
[12.829s] -- Installing: /home/nikhil/nourish_ws/install/juice_spout_msgs/include/juice_spout_msgs/action/run_action_recipe__rosidl_typesupport_introspection_cpp.hpp
[12.829s] -- Installing: /home/nikhil/nourish_ws/install/juice_spout_msgs/include/juice_spout_msgs/action/run_action_recipe__type_support.cpp
[12.829s] -- Up-to-date: /home/nikhil/nourish_ws/install/juice_spout_msgs/include/juice_spout_msgs/msg
[12.829s] -- Installing: /home/nikhil/nourish_ws/install/juice_spout_msgs/include/juice_spout_msgs/msg/spout_state__rosidl_typesupport_introspection_cpp.hpp
[12.829s] -- Installing: /home/nikhil/nourish_ws/install/juice_spout_msgs/include/juice_spout_msgs/msg/spout_state__type_support.cpp
[12.830s] -- Up-to-date: /home/nikhil/nourish_ws/install/juice_spout_msgs/include/juice_spout_msgs/srv
[12.830s] -- Installing: /home/nikhil/nourish_ws/install/juice_spout_msgs/include/juice_spout_msgs/srv/run_recipe__type_support.cpp
[12.830s] -- Installing: /home/nikhil/nourish_ws/install/juice_spout_msgs/include/juice_spout_msgs/srv/set_fill__rosidl_typesupport_introspection_cpp.hpp
[12.830s] -- Installing: /home/nikhil/nourish_ws/install/juice_spout_msgs/include/juice_spout_msgs/srv/run_recipe__rosidl_typesupport_introspection_cpp.hpp
[12.830s] -- Installing: /home/nikhil/nourish_ws/install/juice_spout_msgs/include/juice_spout_msgs/srv/set_fill__type_support.cpp
[12.831s] -- Installing: /home/nikhil/nourish_ws/install/juice_spout_msgs/lib/libjuice_spout_msgs__rosidl_typesupport_introspection_cpp.so
[12.831s] -- Set runtime path of "/home/nikhil/nourish_ws/install/juice_spout_msgs/lib/libjuice_spout_msgs__rosidl_typesupport_introspection_cpp.so" to ""
[12.831s] -- Up-to-date: /home/nikhil/nourish_ws/install/juice_spout_msgs/include/juice_spout_msgs
[12.831s] -- Up-to-date: /home/nikhil/nourish_ws/install/juice_spout_msgs/include/juice_spout_msgs/action
[12.831s] -- Installing: /home/nikhil/nourish_ws/install/juice_spout_msgs/include/juice_spout_msgs/action/run_action_recipe__rosidl_typesupport_fastrtps_c.h
[12.831s] -- Up-to-date: /home/nikhil/nourish_ws/install/juice_spout_msgs/include/juice_spout_msgs/msg
[12.832s] -- Installing: /home/nikhil/nourish_ws/install/juice_spout_msgs/include/juice_spout_msgs/msg/spout_state__rosidl_typesupport_fastrtps_c.h
[12.832s] -- Installing: /home/nikhil/nourish_ws/install/juice_spout_msgs/include/juice_spout_msgs/msg/rosidl_typesupport_fastrtps_c__visibility_control.h
[12.832s] -- Up-to-date: /home/nikhil/nourish_ws/install/juice_spout_msgs/include/juice_spout_msgs/srv
[12.832s] -- Installing: /home/nikhil/nourish_ws/install/juice_spout_msgs/include/juice_spout_msgs/srv/run_recipe__rosidl_typesupport_fastrtps_c.h
[12.832s] -- Installing: /home/nikhil/nourish_ws/install/juice_spout_msgs/include/juice_spout_msgs/srv/set_fill__rosidl_typesupport_fastrtps_c.h
[12.832s] -- Installing: /home/nikhil/nourish_ws/install/juice_spout_msgs/lib/libjuice_spout_msgs__rosidl_typesupport_fastrtps_c.so
[12.832s] -- Set runtime path of "/home/nikhil/nourish_ws/install/juice_spout_msgs/lib/libjuice_spout_msgs__rosidl_typesupport_fastrtps_c.so" to ""
[12.833s] -- Up-to-date: /home/nikhil/nourish_ws/install/juice_spout_msgs/include/juice_spout_msgs
[12.833s] -- Up-to-date: /home/nikhil/nourish_ws/install/juice_spout_msgs/include/juice_spout_msgs/action
[12.833s] -- Installing: /home/nikhil/nourish_ws/install/juice_spout_msgs/include/juice_spout_msgs/action/run_action_recipe__rosidl_typesupport_fastrtps_cpp.hpp
[12.833s] -- Installing: /home/nikhil/nourish_ws/install/juice_spout_msgs/include/juice_spout_msgs/action/dds_fastrtps
[12.833s] -- Up-to-date: /home/nikhil/nourish_ws/install/juice_spout_msgs/include/juice_spout_msgs/msg
[12.833s] -- Installing: /home/nikhil/nourish_ws/install/juice_spout_msgs/include/juice_spout_msgs/msg/dds_fastrtps
[12.834s] -- Installing: /home/nikhil/nourish_ws/install/juice_spout_msgs/include/juice_spout_msgs/msg/rosidl_typesupport_fastrtps_cpp__visibility_control.h
[12.834s] -- Installing: /home/nikhil/nourish_ws/install/juice_spout_msgs/include/juice_spout_msgs/msg/spout_state__rosidl_typesupport_fastrtps_cpp.hpp
[12.834s] -- Up-to-date: /home/nikhil/nourish_ws/install/juice_spout_msgs/include/juice_spout_msgs/srv
[12.834s] -- Installing: /home/nikhil/nourish_ws/install/juice_spout_msgs/include/juice_spout_msgs/srv/run_recipe__rosidl_typesupport_fastrtps_cpp.hpp
[12.834s] -- Installing: /home/nikhil/nourish_ws/install/juice_spout_msgs/include/juice_spout_msgs/srv/set_fill__rosidl_typesupport_fastrtps_cpp.hpp
[12.834s] -- Installing: /home/nikhil/nourish_ws/install/juice_spout_msgs/include/juice_spout_msgs/srv/dds_fastrtps
[12.834s] -- Installing: /home/nikhil/nourish_ws/install/juice_spout_msgs/lib/libjuice_spout_msgs__rosidl_typesupport_fastrtps_cpp.so
[12.835s] -- Set runtime path of "/home/nikhil/nourish_ws/install/juice_spout_msgs/lib/libjuice_spout_msgs__rosidl_typesupport_fastrtps_cpp.so" to ""
[12.835s] -- Installing: /home/nikhil/nourish_ws/install/juice_spout_msgs/share/juice_spout_msgs/environment/pythonpath.sh
[12.835s] -- Installing: /home/nikhil/nourish_ws/install/juice_spout_msgs/lib/python3.6/site-packages/juice_spout_msgs/__init__.py
[12.889s] Compiling '/home/nikhil/nourish_ws/install/juice_spout_msgs/lib/python3.6/site-packages/juice_spout_msgs/__init__.py'...
[12.897s] -- Installing: /home/nikhil/nourish_ws/install/juice_spout_msgs/lib/python3.6/site-packages/juice_spout_msgs/srv
[12.897s] -- Installing: /home/nikhil/nourish_ws/install/juice_spout_msgs/lib/python3.6/site-packages/juice_spout_msgs/srv/_run_recipe.py
[12.897s] -- Installing: /home/nikhil/nourish_ws/install/juice_spout_msgs/lib/python3.6/site-packages/juice_spout_msgs/srv/__init__.py
[12.898s] -- Installing: /home/nikhil/nourish_ws/install/juice_spout_msgs/lib/python3.6/site-packages/juice_spout_msgs/srv/_set_fill.py
[12.898s] -- Installing: /home/nikhil/nourish_ws/install/juice_spout_msgs/lib/python3.6/site-packages/juice_spout_msgs/srv/_run_recipe_s.c
[12.898s] -- Installing: /home/nikhil/nourish_ws/install/juice_spout_msgs/lib/python3.6/site-packages/juice_spout_msgs/srv/_set_fill_s.c
[12.898s] -- Installing: /home/nikhil/nourish_ws/install/juice_spout_msgs/lib/python3.6/site-packages/juice_spout_msgs/action
[12.898s] -- Installing: /home/nikhil/nourish_ws/install/juice_spout_msgs/lib/python3.6/site-packages/juice_spout_msgs/action/_run_action_recipe_s.c
[12.899s] -- Installing: /home/nikhil/nourish_ws/install/juice_spout_msgs/lib/python3.6/site-packages/juice_spout_msgs/action/__init__.py
[12.899s] -- Installing: /home/nikhil/nourish_ws/install/juice_spout_msgs/lib/python3.6/site-packages/juice_spout_msgs/action/_run_action_recipe.py
[12.899s] -- Installing: /home/nikhil/nourish_ws/install/juice_spout_msgs/lib/python3.6/site-packages/juice_spout_msgs/msg
[12.899s] -- Installing: /home/nikhil/nourish_ws/install/juice_spout_msgs/lib/python3.6/site-packages/juice_spout_msgs/msg/_spout_state.py
[12.899s] -- Installing: /home/nikhil/nourish_ws/install/juice_spout_msgs/lib/python3.6/site-packages/juice_spout_msgs/msg/_spout_state_s.c
[12.899s] -- Installing: /home/nikhil/nourish_ws/install/juice_spout_msgs/lib/python3.6/site-packages/juice_spout_msgs/msg/__init__.py
[12.900s] -- Installing: /home/nikhil/nourish_ws/install/juice_spout_msgs/lib/python3.6/site-packages/juice_spout_msgs/juice_spout_msgs_s__rosidl_typesupport_c.cpython-36m-x86_64-linux-gnu.so
[12.900s] -- Set runtime path of "/home/nikhil/nourish_ws/install/juice_spout_msgs/lib/python3.6/site-packages/juice_spout_msgs/juice_spout_msgs_s__rosidl_typesupport_c.cpython-36m-x86_64-linux-gnu.so" to ""
[12.900s] -- Installing: /home/nikhil/nourish_ws/install/juice_spout_msgs/lib/python3.6/site-packages/juice_spout_msgs/juice_spout_msgs_s__rosidl_typesupport_introspection_c.cpython-36m-x86_64-linux-gnu.so
[12.901s] -- Set runtime path of "/home/nikhil/nourish_ws/install/juice_spout_msgs/lib/python3.6/site-packages/juice_spout_msgs/juice_spout_msgs_s__rosidl_typesupport_introspection_c.cpython-36m-x86_64-linux-gnu.so" to ""
[12.901s] -- Installing: /home/nikhil/nourish_ws/install/juice_spout_msgs/lib/python3.6/site-packages/juice_spout_msgs/juice_spout_msgs_s__rosidl_typesupport_fastrtps_c.cpython-36m-x86_64-linux-gnu.so
[12.902s] -- Set runtime path of "/home/nikhil/nourish_ws/install/juice_spout_msgs/lib/python3.6/site-packages/juice_spout_msgs/juice_spout_msgs_s__rosidl_typesupport_fastrtps_c.cpython-36m-x86_64-linux-gnu.so" to ""
[12.902s] -- Installing: /home/nikhil/nourish_ws/install/juice_spout_msgs/lib/libjuice_spout_msgs__python.so
[12.903s] -- Set runtime path of "/home/nikhil/nourish_ws/install/juice_spout_msgs/lib/libjuice_spout_msgs__python.so" to ""
[12.903s] -- Installing: /home/nikhil/nourish_ws/install/juice_spout_msgs/share/juice_spout_msgs/srv/RunRecipe.idl
[12.903s] -- Installing: /home/nikhil/nourish_ws/install/juice_spout_msgs/share/juice_spout_msgs/srv/SetFill.idl
[12.903s] -- Installing: /home/nikhil/nourish_ws/install/juice_spout_msgs/share/juice_spout_msgs/action/RunActionRecipe.idl
[12.904s] -- Installing: /home/nikhil/nourish_ws/install/juice_spout_msgs/share/juice_spout_msgs/msg/SpoutState.idl
[12.904s] -- Installing: /home/nikhil/nourish_ws/install/juice_spout_msgs/share/juice_spout_msgs/srv/RunRecipe.srv
[12.904s] -- Installing: /home/nikhil/nourish_ws/install/juice_spout_msgs/share/juice_spout_msgs/srv/RunRecipe_Request.msg
[12.904s] -- Installing: /home/nikhil/nourish_ws/install/juice_spout_msgs/share/juice_spout_msgs/srv/RunRecipe_Response.msg
[12.905s] -- Installing: /home/nikhil/nourish_ws/install/juice_spout_msgs/share/juice_spout_msgs/srv/SetFill.srv
[12.905s] -- Installing: /home/nikhil/nourish_ws/install/juice_spout_msgs/share/juice_spout_msgs/srv/SetFill_Request.msg
[12.905s] -- Installing: /home/nikhil/nourish_ws/install/juice_spout_msgs/share/juice_spout_msgs/srv/SetFill_Response.msg
[12.905s] -- Installing: /home/nikhil/nourish_ws/install/juice_spout_msgs/share/juice_spout_msgs/action/RunActionRecipe.action
[12.905s] -- Installing: /home/nikhil/nourish_ws/install/juice_spout_msgs/share/juice_spout_msgs/msg/SpoutState.msg
[12.905s] -- Installing: /home/nikhil/nourish_ws/install/juice_spout_msgs/share/ament_index/resource_index/package_run_dependencies/juice_spout_msgs
[12.906s] -- Installing: /home/nikhil/nourish_ws/install/juice_spout_msgs/share/ament_index/resource_index/parent_prefix_path/juice_spout_msgs
[12.906s] -- Installing: /home/nikhil/nourish_ws/install/juice_spout_msgs/share/juice_spout_msgs/environment/ament_prefix_path.sh
[12.906s] -- Installing: /home/nikhil/nourish_ws/install/juice_spout_msgs/share/juice_spout_msgs/environment/path.sh
[12.906s] -- Installing: /home/nikhil/nourish_ws/install/juice_spout_msgs/share/juice_spout_msgs/local_setup.bash
[12.906s] -- Installing: /home/nikhil/nourish_ws/install/juice_spout_msgs/share/juice_spout_msgs/local_setup.sh
[12.907s] -- Installing: /home/nikhil/nourish_ws/install/juice_spout_msgs/share/juice_spout_msgs/local_setup.zsh
[12.907s] -- Installing: /home/nikhil/nourish_ws/install/juice_spout_msgs/share/ament_index/resource_index/packages/juice_spout_msgs
[12.907s] -- Installing: /home/nikhil/nourish_ws/install/juice_spout_msgs/share/juice_spout_msgs/cmake/rosidl_cmake-extras.cmake
[12.907s] -- Installing: /home/nikhil/nourish_ws/install/juice_spout_msgs/share/juice_spout_msgs/cmake/ament_cmake_export_dependencies-extras.cmake
[12.907s] -- Installing: /home/nikhil/nourish_ws/install/juice_spout_msgs/share/juice_spout_msgs/cmake/ament_cmake_export_include_directories-extras.cmake
[12.908s] -- Installing: /home/nikhil/nourish_ws/install/juice_spout_msgs/share/juice_spout_msgs/cmake/ament_cmake_export_libraries-extras.cmake
[12.908s] -- Installing: /home/nikhil/nourish_ws/install/juice_spout_msgs/share/juice_spout_msgs/cmake/juice_spout_msgsConfig.cmake
[12.908s] -- Installing: /home/nikhil/nourish_ws/install/juice_spout_msgs/share/juice_spout_msgs/cmake/juice_spout_msgsConfig-version.cmake
[12.908s] -- Installing: /home/nikhil/nourish_ws/install/juice_spout_msgs/share/juice_spout_msgs/package.xml
