[0.070s] -- The C compiler identification is GNU 7.5.0
[0.113s] -- The CXX compiler identification is GNU 7.5.0
[0.116s] -- Check for working C compiler: /usr/bin/cc
[0.186s] -- Check for working C compiler: /usr/bin/cc -- works
[0.187s] -- Detecting C compiler ABI info
[0.265s] -- Detecting C compiler ABI info - done
[0.270s] -- Detecting C compile features
[0.526s] -- Detecting C compile features - done
[0.529s] -- Check for working CXX compiler: /usr/bin/c++
[0.629s] -- Check for working CXX compiler: /usr/bin/c++ -- works
[0.630s] -- Detecting CXX compiler ABI info
[0.748s] -- Detecting CXX compiler ABI info - done
[0.752s] -- Detecting CXX compile features
[1.046s] -- Detecting CXX compile features - done
[1.049s] -- Found ament_cmake: 0.7.4 (/home/nikhil/ros2_dashing/ros2-linux/share/ament_cmake/cmake)
[1.077s] -- Found PythonInterp: /usr/bin/python3 (found suitable version "3.6.9", minimum required is "3") 
[1.077s] -- Using PYTHON_EXECUTABLE: /usr/bin/python3
[1.331s] -- Configuring done
[1.332s] -- Generating done
[1.333s] -- Build files have been written to: /home/nikhil/nourish_ws/build/gazebo_ros_pkgs
[1.460s] [36mInstall the project...[0m
[1.472s] -- Install configuration: ""
[1.472s] -- Installing: /home/nikhil/nourish_ws/install/gazebo_ros_pkgs/share/ament_index/resource_index/package_run_dependencies/gazebo_ros_pkgs
[1.472s] -- Installing: /home/nikhil/nourish_ws/install/gazebo_ros_pkgs/share/ament_index/resource_index/parent_prefix_path/gazebo_ros_pkgs
[1.472s] -- Installing: /home/nikhil/nourish_ws/install/gazebo_ros_pkgs/share/gazebo_ros_pkgs/environment/ament_prefix_path.sh
[1.473s] -- Installing: /home/nikhil/nourish_ws/install/gazebo_ros_pkgs/share/gazebo_ros_pkgs/environment/path.sh
[1.473s] -- Installing: /home/nikhil/nourish_ws/install/gazebo_ros_pkgs/share/gazebo_ros_pkgs/local_setup.bash
[1.473s] -- Installing: /home/nikhil/nourish_ws/install/gazebo_ros_pkgs/share/gazebo_ros_pkgs/local_setup.sh
[1.473s] -- Installing: /home/nikhil/nourish_ws/install/gazebo_ros_pkgs/share/gazebo_ros_pkgs/local_setup.zsh
[1.473s] -- Installing: /home/nikhil/nourish_ws/install/gazebo_ros_pkgs/share/ament_index/resource_index/packages/gazebo_ros_pkgs
[1.473s] -- Installing: /home/nikhil/nourish_ws/install/gazebo_ros_pkgs/share/gazebo_ros_pkgs/cmake/gazebo_ros_pkgsConfig.cmake
[1.473s] -- Installing: /home/nikhil/nourish_ws/install/gazebo_ros_pkgs/share/gazebo_ros_pkgs/cmake/gazebo_ros_pkgsConfig-version.cmake
[1.473s] -- Installing: /home/nikhil/nourish_ws/install/gazebo_ros_pkgs/share/gazebo_ros_pkgs/package.xml
