[0.105s] [35m[1mScanning dependencies of target juice_dcb[0m
[0.132s] [ 33%] [32mBuilding CXX object CMakeFiles/juice_dcb.dir/src/juice_dcb_node.cpp.o[0m
[1.964s] [ 66%] [32m[1mLinking CXX executable juice_dcb[0m
[2.095s] [100%] Built target juice_dcb
[2.182s] [100%] Built target juice_dcb
[2.203s] [36mInstall the project...[0m
[2.214s] -- Install configuration: ""
[2.214s] -- Installing: /home/nikhil/nourish_ws/install/juice_dcb/lib/juice_dcb/juice_dcb
[2.215s] -- Set runtime path of "/home/nikhil/nourish_ws/install/juice_dcb/lib/juice_dcb/juice_dcb" to ""
[2.215s] -- Up-to-date: /home/nikhil/nourish_ws/install/juice_dcb/share/ament_index/resource_index/package_run_dependencies/juice_dcb
[2.215s] -- Up-to-date: /home/nikhil/nourish_ws/install/juice_dcb/share/ament_index/resource_index/parent_prefix_path/juice_dcb
[2.215s] -- Up-to-date: /home/nikhil/nourish_ws/install/juice_dcb/share/juice_dcb/environment/ament_prefix_path.sh
[2.216s] -- Up-to-date: /home/nikhil/nourish_ws/install/juice_dcb/share/juice_dcb/environment/path.sh
[2.216s] -- Up-to-date: /home/nikhil/nourish_ws/install/juice_dcb/share/juice_dcb/local_setup.bash
[2.216s] -- Up-to-date: /home/nikhil/nourish_ws/install/juice_dcb/share/juice_dcb/local_setup.sh
[2.216s] -- Up-to-date: /home/nikhil/nourish_ws/install/juice_dcb/share/juice_dcb/local_setup.zsh
[2.216s] -- Up-to-date: /home/nikhil/nourish_ws/install/juice_dcb/share/ament_index/resource_index/packages/juice_dcb
[2.216s] -- Up-to-date: /home/nikhil/nourish_ws/install/juice_dcb/share/juice_dcb/cmake/juice_dcbConfig.cmake
[2.216s] -- Up-to-date: /home/nikhil/nourish_ws/install/juice_dcb/share/juice_dcb/cmake/juice_dcbConfig-version.cmake
[2.216s] -- Up-to-date: /home/nikhil/nourish_ws/install/juice_dcb/share/juice_dcb/package.xml
