[0.116s] [  2%] Built target multi_camera_plugin
[0.123s] [  6%] Built target gazebo_ros_force
[0.123s] [  6%] Built target gazebo_ros_projector
[0.125s] [ 11%] Built target gazebo_ros_joint_pose_trajectory
[0.125s] [ 11%] Built target gazebo_ros_template
[0.126s] [ 15%] Built target gazebo_ros_vacuum_gripper
[0.126s] [ 16%] Built target gazebo_ros_hand_of_god
[0.128s] [ 18%] Built target gazebo_ros_planar_move
[0.131s] [ 20%] Built target gazebo_ros_diff_drive
[0.131s] [ 23%] Built target gazebo_ros_bumper
[0.135s] [ 25%] Built target gazebo_ros_joint_state_publisher
[0.138s] [ 27%] Built target gazebo_ros_ackermann_drive
[0.180s] [ 30%] Built target gtest
[0.186s] [ 32%] Built target gazebo_ros_elevator
[0.188s] [ 34%] Built target gazebo_ros_ray_sensor
[0.196s] [ 37%] Built target gazebo_ros_depth_camera
[0.197s] [ 39%] Built target gazebo_ros_gps_sensor
[0.198s] [ 41%] Built target gazebo_ros_multi_camera
[0.198s] [ 44%] Built target gazebo_ros_harness
[0.199s] [ 46%] Built target gazebo_ros_p3d
[0.199s] [ 50%] Built target gazebo_ros_ft_sensor
[0.199s] [ 51%] Built target gazebo_ros_video
[0.203s] [ 53%] Built target gazebo_ros_imu_sensor
[0.207s] [ 55%] Built target gtest_main
[0.208s] [ 58%] Built target gazebo_ros_tricycle_drive
[0.268s] [ 60%] Built target gazebo_ros_camera
[0.284s] [ 62%] Built target test_gazebo_ros_elevator
[0.284s] [ 65%] Built target test_gazebo_ros_force
[0.284s] [ 67%] Built target test_gazebo_ros_ft_sensor
[0.285s] [ 69%] Built target test_gazebo_ros_vacuum_gripper
[0.287s] [ 72%] Built target test_gazebo_ros_imu_sensor
[0.288s] [ 74%] Built target test_gazebo_ros_diff_drive
[0.288s] [ 76%] Built target test_gazebo_ros_joint_pose_trajectory
[0.289s] [ 83%] Built target test_gazebo_ros_ackermann_drive
[0.289s] [ 83%] Built target test_gazebo_ros_gps_sensor
[0.289s] [ 83%] Built target test_gazebo_ros_hand_of_god
[0.291s] [ 86%] Built target test_gazebo_ros_harness
[0.333s] [ 88%] Built target test_gazebo_ros_planar_move
[0.339s] [ 90%] Built target test_gazebo_ros_joint_state_publisher
[0.342s] [ 93%] Built target test_gazebo_ros_tricycle_drive
[0.343s] [ 95%] Built target test_gazebo_ros_p3d
[0.344s] [ 97%] Built target test_gazebo_ros_bumper
[0.346s] [100%] Built target test_gazebo_ros_ray_sensor
[0.619s] [  2%] Built target multi_camera_plugin
[0.628s] [  6%] Built target gazebo_ros_force
[0.628s] [  9%] Built target gazebo_ros_template
[0.629s] [  6%] Built target gazebo_ros_projector
[0.629s] [ 11%] Built target gazebo_ros_joint_pose_trajectory
[0.629s] [ 13%] Built target gazebo_ros_vacuum_gripper
[0.633s] [ 16%] Built target gazebo_ros_hand_of_god
[0.633s] [ 18%] Built target gazebo_ros_diff_drive
[0.633s] [ 20%] Built target gazebo_ros_planar_move
[0.633s] [ 23%] Built target gazebo_ros_bumper
[0.634s] [ 25%] Built target gazebo_ros_joint_state_publisher
[0.636s] [ 27%] Built target gazebo_ros_ackermann_drive
[0.673s] [ 30%] Built target gtest
[0.689s] [ 33%] Built target gazebo_ros_ray_sensor
[0.689s] [ 34%] Built target gazebo_ros_elevator
[0.696s] [ 37%] Built target gazebo_ros_harness
[0.697s] [ 39%] Built target gazebo_ros_video
[0.697s] [ 41%] Built target gazebo_ros_ft_sensor
[0.698s] [ 44%] Built target gazebo_ros_depth_camera
[0.700s] [ 46%] Built target gazebo_ros_gps_sensor
[0.701s] [ 48%] Built target gazebo_ros_multi_camera
[0.701s] [ 51%] Built target gazebo_ros_imu_sensor
[0.703s] [ 53%] Built target gazebo_ros_p3d
[0.707s] [ 58%] Built target gazebo_ros_tricycle_drive
[0.707s] [ 58%] Built target gtest_main
[0.772s] [ 60%] Built target gazebo_ros_camera
[0.783s] [ 62%] Built target test_gazebo_ros_force
[0.784s] [ 65%] Built target test_gazebo_ros_elevator
[0.785s] [ 69%] Built target test_gazebo_ros_vacuum_gripper
[0.785s] [ 69%] Built target test_gazebo_ros_ft_sensor
[0.787s] [ 72%] Built target test_gazebo_ros_harness
[0.787s] [ 76%] Built target test_gazebo_ros_diff_drive
[0.787s] [ 79%] Built target test_gazebo_ros_joint_pose_trajectory
[0.787s] [ 81%] Built target test_gazebo_ros_imu_sensor
[0.788s] [ 82%] Built target test_gazebo_ros_ackermann_drive
[0.788s] [ 83%] Built target test_gazebo_ros_hand_of_god
[0.792s] [ 86%] Built target test_gazebo_ros_gps_sensor
[0.829s] [ 88%] Built target test_gazebo_ros_planar_move
[0.835s] [ 90%] Built target test_gazebo_ros_ray_sensor
[0.849s] [ 93%] Built target test_gazebo_ros_bumper
[0.851s] [ 95%] Built target test_gazebo_ros_joint_state_publisher
[0.851s] [ 97%] Built target test_gazebo_ros_p3d
[0.853s] [100%] Built target test_gazebo_ros_tricycle_drive
[0.875s] [36mInstall the project...[0m
[0.885s] -- Install configuration: ""
[0.885s] -- Up-to-date: /home/nikhil/nourish_ws/install/gazebo_plugins/share/gazebo_plugins/environment/library_path.sh
[0.885s] -- Up-to-date: /home/nikhil/nourish_ws/install/gazebo_plugins/share/gazebo_plugins/environment/gazebo_plugins.sh
[0.885s] -- Up-to-date: /home/nikhil/nourish_ws/install/gazebo_plugins/share/ament_index/resource_index/package_run_dependencies/gazebo_plugins
[0.885s] -- Up-to-date: /home/nikhil/nourish_ws/install/gazebo_plugins/share/ament_index/resource_index/parent_prefix_path/gazebo_plugins
[0.886s] -- Up-to-date: /home/nikhil/nourish_ws/install/gazebo_plugins/share/gazebo_plugins/environment/ament_prefix_path.sh
[0.886s] -- Up-to-date: /home/nikhil/nourish_ws/install/gazebo_plugins/share/gazebo_plugins/environment/path.sh
[0.886s] -- Up-to-date: /home/nikhil/nourish_ws/install/gazebo_plugins/share/gazebo_plugins/local_setup.bash
[0.886s] -- Up-to-date: /home/nikhil/nourish_ws/install/gazebo_plugins/share/gazebo_plugins/local_setup.sh
[0.886s] -- Up-to-date: /home/nikhil/nourish_ws/install/gazebo_plugins/share/gazebo_plugins/local_setup.zsh
[0.886s] -- Up-to-date: /home/nikhil/nourish_ws/install/gazebo_plugins/share/ament_index/resource_index/packages/gazebo_plugins
[0.886s] -- Up-to-date: /home/nikhil/nourish_ws/install/gazebo_plugins/share/gazebo_plugins/cmake/ament_cmake_export_libraries-extras.cmake
[0.886s] -- Up-to-date: /home/nikhil/nourish_ws/install/gazebo_plugins/share/gazebo_plugins/cmake/ament_cmake_export_include_directories-extras.cmake
[0.886s] -- Up-to-date: /home/nikhil/nourish_ws/install/gazebo_plugins/share/gazebo_plugins/cmake/ament_cmake_export_dependencies-extras.cmake
[0.886s] -- Up-to-date: /home/nikhil/nourish_ws/install/gazebo_plugins/share/gazebo_plugins/cmake/gazebo_pluginsConfig.cmake
[0.886s] -- Up-to-date: /home/nikhil/nourish_ws/install/gazebo_plugins/share/gazebo_plugins/cmake/gazebo_pluginsConfig-version.cmake
[0.886s] -- Up-to-date: /home/nikhil/nourish_ws/install/gazebo_plugins/share/gazebo_plugins/package.xml
[0.887s] -- Up-to-date: /home/nikhil/nourish_ws/install/gazebo_plugins/include
[0.887s] -- Up-to-date: /home/nikhil/nourish_ws/install/gazebo_plugins/include/gazebo_plugins
[0.887s] -- Up-to-date: /home/nikhil/nourish_ws/install/gazebo_plugins/include/gazebo_plugins/gazebo_ros_vacuum_gripper.hpp
[0.887s] -- Up-to-date: /home/nikhil/nourish_ws/install/gazebo_plugins/include/gazebo_plugins/gazebo_ros_bumper.hpp
[0.887s] -- Up-to-date: /home/nikhil/nourish_ws/install/gazebo_plugins/include/gazebo_plugins/gazebo_ros_ray_sensor.hpp
[0.887s] -- Up-to-date: /home/nikhil/nourish_ws/install/gazebo_plugins/include/gazebo_plugins/gazebo_ros_p3d.hpp
[0.887s] -- Up-to-date: /home/nikhil/nourish_ws/install/gazebo_plugins/include/gazebo_plugins/gazebo_ros_gps_sensor.hpp
[0.887s] -- Up-to-date: /home/nikhil/nourish_ws/install/gazebo_plugins/include/gazebo_plugins/gazebo_ros_joint_pose_trajectory.hpp
[0.887s] -- Up-to-date: /home/nikhil/nourish_ws/install/gazebo_plugins/include/gazebo_plugins/gazebo_ros_ft_sensor.hpp
[0.887s] -- Up-to-date: /home/nikhil/nourish_ws/install/gazebo_plugins/include/gazebo_plugins/gazebo_ros_template.hpp
[0.887s] -- Up-to-date: /home/nikhil/nourish_ws/install/gazebo_plugins/include/gazebo_plugins/gazebo_ros_tricycle_drive.hpp
[0.887s] -- Up-to-date: /home/nikhil/nourish_ws/install/gazebo_plugins/include/gazebo_plugins/gazebo_ros_force.hpp
[0.887s] -- Up-to-date: /home/nikhil/nourish_ws/install/gazebo_plugins/include/gazebo_plugins/gazebo_ros_camera.hpp
[0.887s] -- Up-to-date: /home/nikhil/nourish_ws/install/gazebo_plugins/include/gazebo_plugins/gazebo_ros_imu_sensor.hpp
[0.888s] -- Up-to-date: /home/nikhil/nourish_ws/install/gazebo_plugins/include/gazebo_plugins/gazebo_ros_projector.hpp
[0.888s] -- Up-to-date: /home/nikhil/nourish_ws/install/gazebo_plugins/include/gazebo_plugins/gazebo_ros_planar_move.hpp
[0.888s] -- Up-to-date: /home/nikhil/nourish_ws/install/gazebo_plugins/include/gazebo_plugins/gazebo_ros_ackermann_drive.hpp
[0.888s] -- Up-to-date: /home/nikhil/nourish_ws/install/gazebo_plugins/include/gazebo_plugins/gazebo_ros_joint_state_publisher.hpp
[0.888s] -- Up-to-date: /home/nikhil/nourish_ws/install/gazebo_plugins/include/gazebo_plugins/gazebo_ros_video.hpp
[0.888s] -- Up-to-date: /home/nikhil/nourish_ws/install/gazebo_plugins/include/gazebo_plugins/gazebo_ros_elevator.hpp
[0.888s] -- Up-to-date: /home/nikhil/nourish_ws/install/gazebo_plugins/include/gazebo_plugins/gazebo_ros_diff_drive.hpp
[0.888s] -- Up-to-date: /home/nikhil/nourish_ws/install/gazebo_plugins/include/gazebo_plugins/gazebo_ros_harness.hpp
[0.888s] -- Up-to-date: /home/nikhil/nourish_ws/install/gazebo_plugins/include/gazebo_plugins/gazebo_ros_hand_of_god.hpp
[0.888s] -- Up-to-date: /home/nikhil/nourish_ws/install/gazebo_plugins/include/gazebo_plugins/multi_camera_plugin.hpp
[0.888s] -- Up-to-date: /home/nikhil/nourish_ws/install/gazebo_plugins/lib/libgazebo_ros_ackermann_drive.so
[0.888s] -- Up-to-date: /home/nikhil/nourish_ws/install/gazebo_plugins/lib/libgazebo_ros_bumper.so
[0.888s] -- Up-to-date: /home/nikhil/nourish_ws/install/gazebo_plugins/lib/libgazebo_ros_camera.so
[0.888s] -- Up-to-date: /home/nikhil/nourish_ws/install/gazebo_plugins/lib/libgazebo_ros_depth_camera.so
[0.888s] -- Up-to-date: /home/nikhil/nourish_ws/install/gazebo_plugins/lib/libgazebo_ros_diff_drive.so
[0.889s] -- Up-to-date: /home/nikhil/nourish_ws/install/gazebo_plugins/lib/libgazebo_ros_elevator.so
[0.889s] -- Up-to-date: /home/nikhil/nourish_ws/install/gazebo_plugins/lib/libgazebo_ros_force.so
[0.889s] -- Up-to-date: /home/nikhil/nourish_ws/install/gazebo_plugins/lib/libgazebo_ros_ft_sensor.so
[0.889s] -- Up-to-date: /home/nikhil/nourish_ws/install/gazebo_plugins/lib/libgazebo_ros_hand_of_god.so
[0.889s] -- Up-to-date: /home/nikhil/nourish_ws/install/gazebo_plugins/lib/libgazebo_ros_harness.so
[0.890s] -- Up-to-date: /home/nikhil/nourish_ws/install/gazebo_plugins/lib/libgazebo_ros_imu_sensor.so
[0.897s] -- Up-to-date: /home/nikhil/nourish_ws/install/gazebo_plugins/lib/libgazebo_ros_gps_sensor.so
[0.897s] -- Up-to-date: /home/nikhil/nourish_ws/install/gazebo_plugins/lib/libgazebo_ros_joint_pose_trajectory.so
[0.897s] -- Up-to-date: /home/nikhil/nourish_ws/install/gazebo_plugins/lib/libgazebo_ros_joint_state_publisher.so
[0.897s] -- Up-to-date: /home/nikhil/nourish_ws/install/gazebo_plugins/lib/libgazebo_ros_multi_camera.so
[0.898s] -- Up-to-date: /home/nikhil/nourish_ws/install/gazebo_plugins/lib/libgazebo_ros_planar_move.so
[0.898s] -- Up-to-date: /home/nikhil/nourish_ws/install/gazebo_plugins/lib/libgazebo_ros_projector.so
[0.898s] -- Up-to-date: /home/nikhil/nourish_ws/install/gazebo_plugins/lib/libgazebo_ros_ray_sensor.so
[0.898s] -- Up-to-date: /home/nikhil/nourish_ws/install/gazebo_plugins/lib/libgazebo_ros_p3d.so
[0.898s] -- Up-to-date: /home/nikhil/nourish_ws/install/gazebo_plugins/lib/libgazebo_ros_template.so
[0.898s] -- Up-to-date: /home/nikhil/nourish_ws/install/gazebo_plugins/lib/libgazebo_ros_tricycle_drive.so
[0.898s] -- Up-to-date: /home/nikhil/nourish_ws/install/gazebo_plugins/lib/libgazebo_ros_vacuum_gripper.so
[0.898s] -- Up-to-date: /home/nikhil/nourish_ws/install/gazebo_plugins/lib/libgazebo_ros_video.so
[0.898s] -- Up-to-date: /home/nikhil/nourish_ws/install/gazebo_plugins/lib/libmulti_camera_plugin.so
[0.898s] -- Up-to-date: /home/nikhil/nourish_ws/install/gazebo_plugins/share/gazebo_plugins//worlds
[0.898s] -- Up-to-date: /home/nikhil/nourish_ws/install/gazebo_plugins/share/gazebo_plugins//worlds/gazebo_ros_planar_move_demo.world
[0.898s] -- Up-to-date: /home/nikhil/nourish_ws/install/gazebo_plugins/share/gazebo_plugins//worlds/gazebo_ros_harness_demo.world
[0.898s] -- Up-to-date: /home/nikhil/nourish_ws/install/gazebo_plugins/share/gazebo_plugins//worlds/gazebo_ros_elevator_demo.world
[0.898s] -- Up-to-date: /home/nikhil/nourish_ws/install/gazebo_plugins/share/gazebo_plugins//worlds/gazebo_ros_template_demo.world
[0.898s] -- Up-to-date: /home/nikhil/nourish_ws/install/gazebo_plugins/share/gazebo_plugins//worlds/gazebo_ros_camera_demo.world
[0.898s] -- Up-to-date: /home/nikhil/nourish_ws/install/gazebo_plugins/share/gazebo_plugins//worlds/gazebo_ros_skid_steer_drive_demo.world
[0.899s] -- Up-to-date: /home/nikhil/nourish_ws/install/gazebo_plugins/share/gazebo_plugins//worlds/gazebo_ros_video_demo.world
[0.899s] -- Up-to-date: /home/nikhil/nourish_ws/install/gazebo_plugins/share/gazebo_plugins//worlds/gazebo_ros_camera_distortion_pincushion_demo.world
[0.899s] -- Up-to-date: /home/nikhil/nourish_ws/install/gazebo_plugins/share/gazebo_plugins//worlds/gazebo_ros_ray_sensor_demo.world
[0.899s] -- Up-to-date: /home/nikhil/nourish_ws/install/gazebo_plugins/share/gazebo_plugins//worlds/gazebo_ros_camera_distortion_barrel_demo.world
[0.899s] -- Up-to-date: /home/nikhil/nourish_ws/install/gazebo_plugins/share/gazebo_plugins//worlds/gazebo_ros_diff_drive_demo.world
[0.899s] -- Up-to-date: /home/nikhil/nourish_ws/install/gazebo_plugins/share/gazebo_plugins//worlds/gazebo_ros_ft_sensor_demo.world
[0.899s] -- Up-to-date: /home/nikhil/nourish_ws/install/gazebo_plugins/share/gazebo_plugins//worlds/gazebo_ros_bumper_demo.world
[0.899s] -- Up-to-date: /home/nikhil/nourish_ws/install/gazebo_plugins/share/gazebo_plugins//worlds/gazebo_ros_joint_state_publisher_demo.world
[0.899s] -- Up-to-date: /home/nikhil/nourish_ws/install/gazebo_plugins/share/gazebo_plugins//worlds/gazebo_ros_depth_camera_demo.world
[0.899s] -- Up-to-date: /home/nikhil/nourish_ws/install/gazebo_plugins/share/gazebo_plugins//worlds/gazebo_ros_gps_sensor_demo.world
[0.900s] -- Up-to-date: /home/nikhil/nourish_ws/install/gazebo_plugins/share/gazebo_plugins//worlds/gazebo_ros_force_demo.world
[0.901s] -- Up-to-date: /home/nikhil/nourish_ws/install/gazebo_plugins/share/gazebo_plugins//worlds/gazebo_ros_multi_camera_demo.world
[0.902s] -- Up-to-date: /home/nikhil/nourish_ws/install/gazebo_plugins/share/gazebo_plugins//worlds/gazebo_ros_vacuum_gripper_demo.world
[0.902s] -- Up-to-date: /home/nikhil/nourish_ws/install/gazebo_plugins/share/gazebo_plugins//worlds/gazebo_ros_ackermann_drive_demo.world
[0.902s] -- Up-to-date: /home/nikhil/nourish_ws/install/gazebo_plugins/share/gazebo_plugins//worlds/gazebo_ros_p3d_demo.world
[0.902s] -- Up-to-date: /home/nikhil/nourish_ws/install/gazebo_plugins/share/gazebo_plugins//worlds/gazebo_ros_tricycle_drive_demo.world
[0.902s] -- Up-to-date: /home/nikhil/nourish_ws/install/gazebo_plugins/share/gazebo_plugins//worlds/gazebo_ros_camera_triggered_demo.world
[0.902s] -- Up-to-date: /home/nikhil/nourish_ws/install/gazebo_plugins/share/gazebo_plugins//worlds/gazebo_ros_projector_demo.world
[0.902s] -- Up-to-date: /home/nikhil/nourish_ws/install/gazebo_plugins/share/gazebo_plugins//worlds/gazebo_ros_hand_of_god_demo.world
[0.902s] -- Up-to-date: /home/nikhil/nourish_ws/install/gazebo_plugins/share/gazebo_plugins//worlds/gazebo_ros_joint_pose_trajectory_demo.world
