[0.084s] -- The C compiler identification is GNU 7.5.0
[0.143s] -- The CXX compiler identification is GNU 7.5.0
[0.146s] -- Check for working C compiler: /usr/bin/cc
[0.217s] -- Check for working C compiler: /usr/bin/cc -- works
[0.218s] -- Detecting C compiler ABI info
[0.280s] -- Detecting C compiler ABI info - done
[0.286s] -- Detecting C compile features
[0.485s] -- Detecting C compile features - done
[0.487s] -- Check for working CXX compiler: /usr/bin/c++
[0.567s] -- Check for working CXX compiler: /usr/bin/c++ -- works
[0.568s] -- Detecting CXX compiler ABI info
[0.655s] -- Detecting CXX compiler ABI info - done
[0.660s] -- Detecting CXX compile features
[1.010s] -- Detecting CXX compile features - done
[1.011s] -- Found ament_cmake: 0.7.4 (/home/nikhil/ros2_dashing/ros2-linux/share/ament_cmake/cmake)
[1.043s] -- Found PythonInterp: /usr/bin/python3 (found suitable version "3.6.9", minimum required is "3") 
[1.044s] -- Using PYTHON_EXECUTABLE: /usr/bin/python3
[1.282s] -- Found rclcpp: 0.7.12 (/home/nikhil/ros2_dashing/ros2-linux/share/rclcpp/cmake)
[1.304s] -- Found rosidl_adapter: 0.7.9 (/home/nikhil/ros2_dashing/ros2-linux/share/rosidl_adapter/cmake)
[1.349s] -- Found rmw_implementation_cmake: 0.7.2 (/home/nikhil/ros2_dashing/ros2-linux/share/rmw_implementation_cmake/cmake)
[1.350s] -- Using RMW implementation 'rmw_fastrtps_cpp' as default
[1.351s] -- Looking for pthread.h
[1.443s] -- Looking for pthread.h - found
[1.443s] -- Looking for pthread_create
[1.529s] -- Looking for pthread_create - not found
[1.529s] -- Looking for pthread_create in pthreads
[1.592s] -- Looking for pthread_create in pthreads - not found
[1.592s] -- Looking for pthread_create in pthread
[1.669s] -- Looking for pthread_create in pthread - found
[1.671s] -- Found Threads: TRUE  
[1.711s] -- Found std_msgs: 0.7.0 (/home/nikhil/ros2_dashing/ros2-linux/share/std_msgs/cmake)
[1.720s] -- Found nourish_scale_msgs: 0.0.0 (/home/nikhil/nourish_ws/install/nourish_scale_msgs/share/nourish_scale_msgs/cmake)
[1.724s] -- Found nourish_dcb: 0.0.0 (/home/nikhil/nourish_ws/install/nourish_dcb/share/nourish_dcb/cmake)
[1.750s] -- Found ament_lint_auto: 0.7.11 (/home/nikhil/ros2_dashing/ros2-linux/share/ament_lint_auto/cmake)
[1.753s] -- Found ament_cmake_gtest: 0.7.4 (/home/nikhil/ros2_dashing/ros2-linux/share/ament_cmake_gtest/cmake)
[1.856s] -- Found gtest sources under '/home/nikhil/ros2_dashing/ros2-linux/src/gtest_vendor': C++ tests using 'Google Test' will be built
[1.861s] -- Check if compiler accepts -pthread
[1.963s] -- Check if compiler accepts -pthread - yes
[2.009s] -- Added test 'copyright' to check for copyright in CMake / C / C++ / Python code
[2.011s] -- Added test 'cppcheck' to perform static code analysis on C / C++ code
[2.012s] -- Configured cppcheck include dirs: /home/nikhil/nourish_ws/src/ros2-nourish-scale/nourish_scale/include
[2.016s] -- Added test 'cpplint' to check C / C++ code against the Google style
[2.022s] -- Added test 'lint_cmake' to check CMake code style
[2.029s] -- Added test 'uncrustify' to check C / C++ code style
[2.030s] -- Added test 'xmllint' to check XML markup files
[2.039s] -- Configuring done
[2.124s] -- Generating done
[2.127s] -- Build files have been written to: /home/nikhil/nourish_ws/build/nourish_scale
[2.395s] [35m[1mScanning dependencies of target scale[0m
[2.399s] [35m[1mScanning dependencies of target gtest[0m
[2.411s] [35m[1mScanning dependencies of target gtest_main[0m
[2.470s] [  8%] [32mBuilding CXX object gtest/CMakeFiles/gtest_main.dir/src/gtest_main.cc.o[0m
[2.485s] [ 16%] [32mBuilding CXX object gtest/CMakeFiles/gtest.dir/src/gtest-all.cc.o[0m
[2.486s] [ 25%] [32mBuilding CXX object CMakeFiles/scale.dir/src/scale.cpp.o[0m
[2.487s] [ 33%] [32mBuilding CXX object CMakeFiles/scale.dir/src/scale_node.cpp.o[0m
[2.495s] [ 41%] [32mBuilding CXX object CMakeFiles/scale.dir/src/scale_node_main.cpp.o[0m
[3.401s] [ 50%] [32m[1mLinking CXX static library libgtest_main.a[0m
[3.442s] [ 50%] Built target gtest_main
[5.423s] [ 58%] [32m[1mLinking CXX executable scale[0m
[5.503s] [ 66%] [32m[1mLinking CXX static library libgtest.a[0m
[5.563s] [ 66%] Built target gtest
[5.574s] [35m[1mScanning dependencies of target nourish_scale_my_test[0m
[5.620s] [ 75%] [32mBuilding CXX object CMakeFiles/nourish_scale_my_test.dir/src/scale.cpp.o[0m
[5.624s] [ 91%] [32mBuilding CXX object CMakeFiles/nourish_scale_my_test.dir/test/sample_test.cpp.o[0m
[5.624s] [ 91%] [32mBuilding CXX object CMakeFiles/nourish_scale_my_test.dir/src/scale_node.cpp.o[0m
[5.645s] [ 91%] Built target scale
[8.147s] [100%] [32m[1mLinking CXX executable nourish_scale_my_test[0m
[8.415s] [100%] Built target nourish_scale_my_test
[8.508s] [ 16%] Built target gtest_main
[8.508s] [ 33%] Built target gtest
[8.510s] [ 66%] Built target scale
[8.536s] [100%] Built target nourish_scale_my_test
[8.553s] [36mInstall the project...[0m
[8.561s] -- Install configuration: ""
[8.561s] -- Installing: /home/nikhil/nourish_ws/install/nourish_scale/lib/nourish_scale/scale
[8.562s] -- Set runtime path of "/home/nikhil/nourish_ws/install/nourish_scale/lib/nourish_scale/scale" to ""
[8.562s] -- Installing: /home/nikhil/nourish_ws/install/nourish_scale/share/ament_index/resource_index/package_run_dependencies/nourish_scale
[8.563s] -- Installing: /home/nikhil/nourish_ws/install/nourish_scale/share/ament_index/resource_index/parent_prefix_path/nourish_scale
[8.563s] -- Installing: /home/nikhil/nourish_ws/install/nourish_scale/share/nourish_scale/environment/ament_prefix_path.sh
[8.563s] -- Installing: /home/nikhil/nourish_ws/install/nourish_scale/share/nourish_scale/environment/path.sh
[8.563s] -- Installing: /home/nikhil/nourish_ws/install/nourish_scale/share/nourish_scale/local_setup.bash
[8.563s] -- Installing: /home/nikhil/nourish_ws/install/nourish_scale/share/nourish_scale/local_setup.sh
[8.563s] -- Installing: /home/nikhil/nourish_ws/install/nourish_scale/share/nourish_scale/local_setup.zsh
[8.563s] -- Installing: /home/nikhil/nourish_ws/install/nourish_scale/share/ament_index/resource_index/packages/nourish_scale
[8.563s] -- Installing: /home/nikhil/nourish_ws/install/nourish_scale/share/nourish_scale/cmake/nourish_scaleConfig.cmake
[8.563s] -- Installing: /home/nikhil/nourish_ws/install/nourish_scale/share/nourish_scale/cmake/nourish_scaleConfig-version.cmake
[8.563s] -- Installing: /home/nikhil/nourish_ws/install/nourish_scale/share/nourish_scale/package.xml
