[0.065s] Invoking command in '/home/nikhil/nourish_ws/build/juice_spout_msgs': /usr/bin/cmake --build /home/nikhil/nourish_ws/build/juice_spout_msgs -- -j12 -l12
[0.199s] [ 10%] Built target juice_spout_msgs__rosidl_generator_c
[0.219s] [ 12%] Built target juice_spout_msgs__cpp
[0.278s] [ 23%] Built target juice_spout_msgs__rosidl_typesupport_introspection_c
[0.283s] [ 34%] Built target juice_spout_msgs__rosidl_typesupport_c
[0.302s] [ 45%] Built target juice_spout_msgs__rosidl_typesupport_introspection_cpp
[0.347s] [ 56%] Built target juice_spout_msgs__rosidl_typesupport_cpp
[0.364s] [ 67%] Built target juice_spout_msgs__rosidl_typesupport_fastrtps_cpp
[0.414s] [ 78%] Built target juice_spout_msgs__rosidl_typesupport_fastrtps_c
[0.449s] [ 78%] Built target juice_spout_msgs
[0.496s] [ 80%] Built target juice_spout_msgs__py
[0.556s] [ 89%] Built target juice_spout_msgs__python
[0.602s] [ 92%] Built target juice_spout_msgs__rosidl_typesupport_c__pyext
[0.616s] [ 96%] Built target juice_spout_msgs__rosidl_typesupport_introspection_c__pyext
[0.616s] [100%] Built target juice_spout_msgs__rosidl_typesupport_fastrtps_c__pyext
[0.653s] Invoked command in '/home/nikhil/nourish_ws/build/juice_spout_msgs' returned '0': /usr/bin/cmake --build /home/nikhil/nourish_ws/build/juice_spout_msgs -- -j12 -l12
[1.060s] Invoking command in '/home/nikhil/nourish_ws/build/juice_spout_msgs': /usr/bin/cmake --build /home/nikhil/nourish_ws/build/juice_spout_msgs --target install -- -j12 -l12
[1.146s] [  1%] Built target juice_spout_msgs__cpp
[1.147s] [ 12%] Built target juice_spout_msgs__rosidl_generator_c
[1.190s] [ 23%] Built target juice_spout_msgs__rosidl_typesupport_introspection_cpp
[1.192s] [ 34%] Built target juice_spout_msgs__rosidl_typesupport_cpp
[1.199s] [ 45%] Built target juice_spout_msgs__rosidl_typesupport_introspection_c
[1.199s] [ 56%] Built target juice_spout_msgs__rosidl_typesupport_c
[1.204s] [ 67%] Built target juice_spout_msgs__rosidl_typesupport_fastrtps_cpp
[1.247s] [ 78%] Built target juice_spout_msgs__rosidl_typesupport_fastrtps_c
[1.276s] [ 78%] Built target juice_spout_msgs
[1.311s] [ 80%] Built target juice_spout_msgs__py
[1.355s] [ 89%] Built target juice_spout_msgs__python
[1.396s] [ 92%] Built target juice_spout_msgs__rosidl_typesupport_fastrtps_c__pyext
[1.399s] [ 96%] Built target juice_spout_msgs__rosidl_typesupport_introspection_c__pyext
[1.402s] [100%] Built target juice_spout_msgs__rosidl_typesupport_c__pyext
[1.431s] [36mInstall the project...[0m
[1.438s] -- Install configuration: ""
[1.439s] -- Up-to-date: /home/nikhil/nourish_ws/install/juice_spout_msgs/share/ament_index/resource_index/rosidl_interfaces/juice_spout_msgs
[1.441s] -- Up-to-date: /home/nikhil/nourish_ws/install/juice_spout_msgs/include/juice_spout_msgs
[1.441s] -- Up-to-date: /home/nikhil/nourish_ws/install/juice_spout_msgs/include/juice_spout_msgs/action
[1.441s] -- Up-to-date: /home/nikhil/nourish_ws/install/juice_spout_msgs/include/juice_spout_msgs/action/run_action_recipe.hpp
[1.442s] -- Up-to-date: /home/nikhil/nourish_ws/install/juice_spout_msgs/include/juice_spout_msgs/action/run_action_recipe__struct.hpp
[1.442s] -- Up-to-date: /home/nikhil/nourish_ws/install/juice_spout_msgs/include/juice_spout_msgs/action/run_action_recipe__traits.hpp
[1.442s] -- Up-to-date: /home/nikhil/nourish_ws/install/juice_spout_msgs/include/juice_spout_msgs/msg
[1.443s] -- Up-to-date: /home/nikhil/nourish_ws/install/juice_spout_msgs/include/juice_spout_msgs/msg/spout_state__traits.hpp
[1.444s] -- Up-to-date: /home/nikhil/nourish_ws/install/juice_spout_msgs/include/juice_spout_msgs/msg/spout_state.hpp
[1.444s] -- Up-to-date: /home/nikhil/nourish_ws/install/juice_spout_msgs/include/juice_spout_msgs/msg/spout_state__struct.hpp
[1.445s] -- Up-to-date: /home/nikhil/nourish_ws/install/juice_spout_msgs/include/juice_spout_msgs/srv
[1.445s] -- Up-to-date: /home/nikhil/nourish_ws/install/juice_spout_msgs/include/juice_spout_msgs/srv/run_recipe__struct.hpp
[1.446s] -- Up-to-date: /home/nikhil/nourish_ws/install/juice_spout_msgs/include/juice_spout_msgs/srv/set_fill.hpp
[1.446s] -- Up-to-date: /home/nikhil/nourish_ws/install/juice_spout_msgs/include/juice_spout_msgs/srv/set_fill__traits.hpp
[1.446s] -- Up-to-date: /home/nikhil/nourish_ws/install/juice_spout_msgs/include/juice_spout_msgs/srv/run_recipe.hpp
[1.447s] -- Up-to-date: /home/nikhil/nourish_ws/install/juice_spout_msgs/include/juice_spout_msgs/srv/set_fill__struct.hpp
[1.447s] -- Up-to-date: /home/nikhil/nourish_ws/install/juice_spout_msgs/include/juice_spout_msgs/srv/run_recipe__traits.hpp
[1.447s] -- Up-to-date: /home/nikhil/nourish_ws/install/juice_spout_msgs/include/juice_spout_msgs
[1.448s] -- Up-to-date: /home/nikhil/nourish_ws/install/juice_spout_msgs/include/juice_spout_msgs/action
[1.449s] -- Up-to-date: /home/nikhil/nourish_ws/install/juice_spout_msgs/include/juice_spout_msgs/action/run_action_recipe.h
[1.449s] -- Up-to-date: /home/nikhil/nourish_ws/install/juice_spout_msgs/include/juice_spout_msgs/action/run_action_recipe__type_support.h
[1.449s] -- Up-to-date: /home/nikhil/nourish_ws/install/juice_spout_msgs/include/juice_spout_msgs/action/run_action_recipe__functions.c
[1.450s] -- Up-to-date: /home/nikhil/nourish_ws/install/juice_spout_msgs/include/juice_spout_msgs/action/run_action_recipe__functions.h
[1.450s] -- Up-to-date: /home/nikhil/nourish_ws/install/juice_spout_msgs/include/juice_spout_msgs/action/run_action_recipe__struct.h
[1.450s] -- Up-to-date: /home/nikhil/nourish_ws/install/juice_spout_msgs/include/juice_spout_msgs/msg
[1.451s] -- Up-to-date: /home/nikhil/nourish_ws/install/juice_spout_msgs/include/juice_spout_msgs/msg/spout_state__struct.h
[1.451s] -- Up-to-date: /home/nikhil/nourish_ws/install/juice_spout_msgs/include/juice_spout_msgs/msg/spout_state__type_support.h
[1.453s] -- Up-to-date: /home/nikhil/nourish_ws/install/juice_spout_msgs/include/juice_spout_msgs/msg/spout_state__functions.c
[1.453s] -- Up-to-date: /home/nikhil/nourish_ws/install/juice_spout_msgs/include/juice_spout_msgs/msg/rosidl_generator_c__visibility_control.h
[1.453s] -- Up-to-date: /home/nikhil/nourish_ws/install/juice_spout_msgs/include/juice_spout_msgs/msg/spout_state__functions.h
[1.454s] -- Up-to-date: /home/nikhil/nourish_ws/install/juice_spout_msgs/include/juice_spout_msgs/msg/spout_state.h
[1.454s] -- Up-to-date: /home/nikhil/nourish_ws/install/juice_spout_msgs/include/juice_spout_msgs/srv
[1.454s] -- Up-to-date: /home/nikhil/nourish_ws/install/juice_spout_msgs/include/juice_spout_msgs/srv/run_recipe.h
[1.455s] -- Up-to-date: /home/nikhil/nourish_ws/install/juice_spout_msgs/include/juice_spout_msgs/srv/set_fill__type_support.h
[1.455s] -- Up-to-date: /home/nikhil/nourish_ws/install/juice_spout_msgs/include/juice_spout_msgs/srv/run_recipe__functions.c
[1.455s] -- Up-to-date: /home/nikhil/nourish_ws/install/juice_spout_msgs/include/juice_spout_msgs/srv/set_fill__functions.c
[1.455s] -- Up-to-date: /home/nikhil/nourish_ws/install/juice_spout_msgs/include/juice_spout_msgs/srv/run_recipe__struct.h
[1.455s] -- Up-to-date: /home/nikhil/nourish_ws/install/juice_spout_msgs/include/juice_spout_msgs/srv/set_fill.h
[1.456s] -- Up-to-date: /home/nikhil/nourish_ws/install/juice_spout_msgs/include/juice_spout_msgs/srv/set_fill__struct.h
[1.456s] -- Up-to-date: /home/nikhil/nourish_ws/install/juice_spout_msgs/include/juice_spout_msgs/srv/run_recipe__type_support.h
[1.456s] -- Up-to-date: /home/nikhil/nourish_ws/install/juice_spout_msgs/include/juice_spout_msgs/srv/set_fill__functions.h
[1.456s] -- Up-to-date: /home/nikhil/nourish_ws/install/juice_spout_msgs/include/juice_spout_msgs/srv/run_recipe__functions.h
[1.456s] -- Up-to-date: /home/nikhil/nourish_ws/install/juice_spout_msgs/share/juice_spout_msgs/environment/library_path.sh
[1.456s] -- Up-to-date: /home/nikhil/nourish_ws/install/juice_spout_msgs/lib/libjuice_spout_msgs__rosidl_generator_c.so
[1.457s] -- Up-to-date: /home/nikhil/nourish_ws/install/juice_spout_msgs/lib/libjuice_spout_msgs__rosidl_typesupport_c.so
[1.457s] -- Up-to-date: /home/nikhil/nourish_ws/install/juice_spout_msgs/lib/libjuice_spout_msgs__rosidl_typesupport_cpp.so
[1.457s] -- Up-to-date: /home/nikhil/nourish_ws/install/juice_spout_msgs/include/juice_spout_msgs
[1.457s] -- Up-to-date: /home/nikhil/nourish_ws/install/juice_spout_msgs/include/juice_spout_msgs/action
[1.457s] -- Up-to-date: /home/nikhil/nourish_ws/install/juice_spout_msgs/include/juice_spout_msgs/action/run_action_recipe__rosidl_typesupport_introspection_c.h
[1.457s] -- Up-to-date: /home/nikhil/nourish_ws/install/juice_spout_msgs/include/juice_spout_msgs/action/run_action_recipe__type_support.c
[1.458s] -- Up-to-date: /home/nikhil/nourish_ws/install/juice_spout_msgs/include/juice_spout_msgs/msg
[1.458s] -- Up-to-date: /home/nikhil/nourish_ws/install/juice_spout_msgs/include/juice_spout_msgs/msg/spout_state__type_support.c
[1.458s] -- Up-to-date: /home/nikhil/nourish_ws/install/juice_spout_msgs/include/juice_spout_msgs/msg/rosidl_typesupport_introspection_c__visibility_control.h
[1.458s] -- Up-to-date: /home/nikhil/nourish_ws/install/juice_spout_msgs/include/juice_spout_msgs/msg/spout_state__rosidl_typesupport_introspection_c.h
[1.458s] -- Up-to-date: /home/nikhil/nourish_ws/install/juice_spout_msgs/include/juice_spout_msgs/srv
[1.458s] -- Up-to-date: /home/nikhil/nourish_ws/install/juice_spout_msgs/include/juice_spout_msgs/srv/run_recipe__rosidl_typesupport_introspection_c.h
[1.458s] -- Up-to-date: /home/nikhil/nourish_ws/install/juice_spout_msgs/include/juice_spout_msgs/srv/set_fill__type_support.c
[1.460s] -- Up-to-date: /home/nikhil/nourish_ws/install/juice_spout_msgs/include/juice_spout_msgs/srv/set_fill__rosidl_typesupport_introspection_c.h
[1.460s] -- Up-to-date: /home/nikhil/nourish_ws/install/juice_spout_msgs/include/juice_spout_msgs/srv/run_recipe__type_support.c
[1.460s] -- Up-to-date: /home/nikhil/nourish_ws/install/juice_spout_msgs/lib/libjuice_spout_msgs__rosidl_typesupport_introspection_c.so
[1.461s] -- Up-to-date: /home/nikhil/nourish_ws/install/juice_spout_msgs/include/juice_spout_msgs
[1.461s] -- Up-to-date: /home/nikhil/nourish_ws/install/juice_spout_msgs/include/juice_spout_msgs/action
[1.461s] -- Up-to-date: /home/nikhil/nourish_ws/install/juice_spout_msgs/include/juice_spout_msgs/action/run_action_recipe__rosidl_typesupport_introspection_cpp.hpp
[1.461s] -- Up-to-date: /home/nikhil/nourish_ws/install/juice_spout_msgs/include/juice_spout_msgs/action/run_action_recipe__type_support.cpp
[1.461s] -- Up-to-date: /home/nikhil/nourish_ws/install/juice_spout_msgs/include/juice_spout_msgs/msg
[1.462s] -- Up-to-date: /home/nikhil/nourish_ws/install/juice_spout_msgs/include/juice_spout_msgs/msg/spout_state__rosidl_typesupport_introspection_cpp.hpp
[1.462s] -- Up-to-date: /home/nikhil/nourish_ws/install/juice_spout_msgs/include/juice_spout_msgs/msg/spout_state__type_support.cpp
[1.463s] -- Up-to-date: /home/nikhil/nourish_ws/install/juice_spout_msgs/include/juice_spout_msgs/srv
[1.463s] -- Up-to-date: /home/nikhil/nourish_ws/install/juice_spout_msgs/include/juice_spout_msgs/srv/run_recipe__type_support.cpp
[1.464s] -- Up-to-date: /home/nikhil/nourish_ws/install/juice_spout_msgs/include/juice_spout_msgs/srv/set_fill__rosidl_typesupport_introspection_cpp.hpp
[1.464s] -- Up-to-date: /home/nikhil/nourish_ws/install/juice_spout_msgs/include/juice_spout_msgs/srv/run_recipe__rosidl_typesupport_introspection_cpp.hpp
[1.464s] -- Up-to-date: /home/nikhil/nourish_ws/install/juice_spout_msgs/include/juice_spout_msgs/srv/set_fill__type_support.cpp
[1.464s] -- Up-to-date: /home/nikhil/nourish_ws/install/juice_spout_msgs/lib/libjuice_spout_msgs__rosidl_typesupport_introspection_cpp.so
[1.465s] -- Up-to-date: /home/nikhil/nourish_ws/install/juice_spout_msgs/include/juice_spout_msgs
[1.465s] -- Up-to-date: /home/nikhil/nourish_ws/install/juice_spout_msgs/include/juice_spout_msgs/action
[1.465s] -- Up-to-date: /home/nikhil/nourish_ws/install/juice_spout_msgs/include/juice_spout_msgs/action/run_action_recipe__rosidl_typesupport_fastrtps_c.h
[1.465s] -- Up-to-date: /home/nikhil/nourish_ws/install/juice_spout_msgs/include/juice_spout_msgs/msg
[1.466s] -- Up-to-date: /home/nikhil/nourish_ws/install/juice_spout_msgs/include/juice_spout_msgs/msg/spout_state__rosidl_typesupport_fastrtps_c.h
[1.467s] -- Up-to-date: /home/nikhil/nourish_ws/install/juice_spout_msgs/include/juice_spout_msgs/msg/rosidl_typesupport_fastrtps_c__visibility_control.h
[1.467s] -- Up-to-date: /home/nikhil/nourish_ws/install/juice_spout_msgs/include/juice_spout_msgs/srv
[1.467s] -- Up-to-date: /home/nikhil/nourish_ws/install/juice_spout_msgs/include/juice_spout_msgs/srv/run_recipe__rosidl_typesupport_fastrtps_c.h
[1.467s] -- Up-to-date: /home/nikhil/nourish_ws/install/juice_spout_msgs/include/juice_spout_msgs/srv/set_fill__rosidl_typesupport_fastrtps_c.h
[1.468s] -- Up-to-date: /home/nikhil/nourish_ws/install/juice_spout_msgs/lib/libjuice_spout_msgs__rosidl_typesupport_fastrtps_c.so
[1.468s] -- Up-to-date: /home/nikhil/nourish_ws/install/juice_spout_msgs/include/juice_spout_msgs
[1.468s] -- Up-to-date: /home/nikhil/nourish_ws/install/juice_spout_msgs/include/juice_spout_msgs/action
[1.468s] -- Up-to-date: /home/nikhil/nourish_ws/install/juice_spout_msgs/include/juice_spout_msgs/action/run_action_recipe__rosidl_typesupport_fastrtps_cpp.hpp
[1.468s] -- Up-to-date: /home/nikhil/nourish_ws/install/juice_spout_msgs/include/juice_spout_msgs/action/dds_fastrtps
[1.469s] -- Up-to-date: /home/nikhil/nourish_ws/install/juice_spout_msgs/include/juice_spout_msgs/msg
[1.469s] -- Up-to-date: /home/nikhil/nourish_ws/install/juice_spout_msgs/include/juice_spout_msgs/msg/dds_fastrtps
[1.470s] -- Up-to-date: /home/nikhil/nourish_ws/install/juice_spout_msgs/include/juice_spout_msgs/msg/rosidl_typesupport_fastrtps_cpp__visibility_control.h
[1.471s] -- Up-to-date: /home/nikhil/nourish_ws/install/juice_spout_msgs/include/juice_spout_msgs/msg/spout_state__rosidl_typesupport_fastrtps_cpp.hpp
[1.471s] -- Up-to-date: /home/nikhil/nourish_ws/install/juice_spout_msgs/include/juice_spout_msgs/srv
[1.472s] -- Up-to-date: /home/nikhil/nourish_ws/install/juice_spout_msgs/include/juice_spout_msgs/srv/run_recipe__rosidl_typesupport_fastrtps_cpp.hpp
[1.472s] -- Up-to-date: /home/nikhil/nourish_ws/install/juice_spout_msgs/include/juice_spout_msgs/srv/set_fill__rosidl_typesupport_fastrtps_cpp.hpp
[1.472s] -- Up-to-date: /home/nikhil/nourish_ws/install/juice_spout_msgs/include/juice_spout_msgs/srv/dds_fastrtps
[1.472s] -- Up-to-date: /home/nikhil/nourish_ws/install/juice_spout_msgs/lib/libjuice_spout_msgs__rosidl_typesupport_fastrtps_cpp.so
[1.474s] -- Up-to-date: /home/nikhil/nourish_ws/install/juice_spout_msgs/share/juice_spout_msgs/environment/pythonpath.sh
[1.474s] -- Up-to-date: /home/nikhil/nourish_ws/install/juice_spout_msgs/lib/python3.6/site-packages/juice_spout_msgs/__init__.py
[1.528s] -- Up-to-date: /home/nikhil/nourish_ws/install/juice_spout_msgs/lib/python3.6/site-packages/juice_spout_msgs/srv
[1.530s] -- Up-to-date: /home/nikhil/nourish_ws/install/juice_spout_msgs/lib/python3.6/site-packages/juice_spout_msgs/srv/_run_recipe.py
[1.531s] -- Up-to-date: /home/nikhil/nourish_ws/install/juice_spout_msgs/lib/python3.6/site-packages/juice_spout_msgs/srv/__init__.py
[1.531s] -- Up-to-date: /home/nikhil/nourish_ws/install/juice_spout_msgs/lib/python3.6/site-packages/juice_spout_msgs/srv/_set_fill.py
[1.531s] -- Up-to-date: /home/nikhil/nourish_ws/install/juice_spout_msgs/lib/python3.6/site-packages/juice_spout_msgs/srv/_run_recipe_s.c
[1.531s] -- Up-to-date: /home/nikhil/nourish_ws/install/juice_spout_msgs/lib/python3.6/site-packages/juice_spout_msgs/srv/_set_fill_s.c
[1.531s] -- Up-to-date: /home/nikhil/nourish_ws/install/juice_spout_msgs/lib/python3.6/site-packages/juice_spout_msgs/action
[1.531s] -- Up-to-date: /home/nikhil/nourish_ws/install/juice_spout_msgs/lib/python3.6/site-packages/juice_spout_msgs/action/_run_action_recipe_s.c
[1.532s] -- Up-to-date: /home/nikhil/nourish_ws/install/juice_spout_msgs/lib/python3.6/site-packages/juice_spout_msgs/action/__init__.py
[1.532s] -- Up-to-date: /home/nikhil/nourish_ws/install/juice_spout_msgs/lib/python3.6/site-packages/juice_spout_msgs/action/_run_action_recipe.py
[1.532s] -- Up-to-date: /home/nikhil/nourish_ws/install/juice_spout_msgs/lib/python3.6/site-packages/juice_spout_msgs/msg
[1.532s] -- Up-to-date: /home/nikhil/nourish_ws/install/juice_spout_msgs/lib/python3.6/site-packages/juice_spout_msgs/msg/_spout_state.py
[1.532s] -- Up-to-date: /home/nikhil/nourish_ws/install/juice_spout_msgs/lib/python3.6/site-packages/juice_spout_msgs/msg/_spout_state_s.c
[1.533s] -- Up-to-date: /home/nikhil/nourish_ws/install/juice_spout_msgs/lib/python3.6/site-packages/juice_spout_msgs/msg/__init__.py
[1.536s] -- Up-to-date: /home/nikhil/nourish_ws/install/juice_spout_msgs/lib/python3.6/site-packages/juice_spout_msgs/juice_spout_msgs_s__rosidl_typesupport_c.cpython-36m-x86_64-linux-gnu.so
[1.539s] -- Up-to-date: /home/nikhil/nourish_ws/install/juice_spout_msgs/lib/python3.6/site-packages/juice_spout_msgs/juice_spout_msgs_s__rosidl_typesupport_introspection_c.cpython-36m-x86_64-linux-gnu.so
[1.540s] -- Up-to-date: /home/nikhil/nourish_ws/install/juice_spout_msgs/lib/python3.6/site-packages/juice_spout_msgs/juice_spout_msgs_s__rosidl_typesupport_fastrtps_c.cpython-36m-x86_64-linux-gnu.so
[1.540s] -- Up-to-date: /home/nikhil/nourish_ws/install/juice_spout_msgs/lib/libjuice_spout_msgs__python.so
[1.540s] -- Up-to-date: /home/nikhil/nourish_ws/install/juice_spout_msgs/share/juice_spout_msgs/srv/RunRecipe.idl
[1.540s] -- Up-to-date: /home/nikhil/nourish_ws/install/juice_spout_msgs/share/juice_spout_msgs/srv/SetFill.idl
[1.540s] -- Up-to-date: /home/nikhil/nourish_ws/install/juice_spout_msgs/share/juice_spout_msgs/action/RunActionRecipe.idl
[1.540s] -- Up-to-date: /home/nikhil/nourish_ws/install/juice_spout_msgs/share/juice_spout_msgs/msg/SpoutState.idl
[1.540s] -- Up-to-date: /home/nikhil/nourish_ws/install/juice_spout_msgs/share/juice_spout_msgs/srv/RunRecipe.srv
[1.541s] -- Up-to-date: /home/nikhil/nourish_ws/install/juice_spout_msgs/share/juice_spout_msgs/srv/RunRecipe_Request.msg
[1.541s] -- Up-to-date: /home/nikhil/nourish_ws/install/juice_spout_msgs/share/juice_spout_msgs/srv/RunRecipe_Response.msg
[1.541s] -- Up-to-date: /home/nikhil/nourish_ws/install/juice_spout_msgs/share/juice_spout_msgs/srv/SetFill.srv
[1.541s] -- Up-to-date: /home/nikhil/nourish_ws/install/juice_spout_msgs/share/juice_spout_msgs/srv/SetFill_Request.msg
[1.541s] -- Up-to-date: /home/nikhil/nourish_ws/install/juice_spout_msgs/share/juice_spout_msgs/srv/SetFill_Response.msg
[1.541s] -- Up-to-date: /home/nikhil/nourish_ws/install/juice_spout_msgs/share/juice_spout_msgs/action/RunActionRecipe.action
[1.541s] -- Up-to-date: /home/nikhil/nourish_ws/install/juice_spout_msgs/share/juice_spout_msgs/msg/SpoutState.msg
[1.541s] -- Up-to-date: /home/nikhil/nourish_ws/install/juice_spout_msgs/share/ament_index/resource_index/package_run_dependencies/juice_spout_msgs
[1.542s] -- Up-to-date: /home/nikhil/nourish_ws/install/juice_spout_msgs/share/ament_index/resource_index/parent_prefix_path/juice_spout_msgs
[1.542s] -- Up-to-date: /home/nikhil/nourish_ws/install/juice_spout_msgs/share/juice_spout_msgs/environment/ament_prefix_path.sh
[1.542s] -- Up-to-date: /home/nikhil/nourish_ws/install/juice_spout_msgs/share/juice_spout_msgs/environment/path.sh
[1.542s] -- Up-to-date: /home/nikhil/nourish_ws/install/juice_spout_msgs/share/juice_spout_msgs/local_setup.bash
[1.542s] -- Up-to-date: /home/nikhil/nourish_ws/install/juice_spout_msgs/share/juice_spout_msgs/local_setup.sh
[1.542s] -- Up-to-date: /home/nikhil/nourish_ws/install/juice_spout_msgs/share/juice_spout_msgs/local_setup.zsh
[1.543s] -- Up-to-date: /home/nikhil/nourish_ws/install/juice_spout_msgs/share/ament_index/resource_index/packages/juice_spout_msgs
[1.544s] -- Up-to-date: /home/nikhil/nourish_ws/install/juice_spout_msgs/share/juice_spout_msgs/cmake/rosidl_cmake-extras.cmake
[1.545s] -- Up-to-date: /home/nikhil/nourish_ws/install/juice_spout_msgs/share/juice_spout_msgs/cmake/ament_cmake_export_dependencies-extras.cmake
[1.545s] -- Up-to-date: /home/nikhil/nourish_ws/install/juice_spout_msgs/share/juice_spout_msgs/cmake/ament_cmake_export_include_directories-extras.cmake
[1.545s] -- Up-to-date: /home/nikhil/nourish_ws/install/juice_spout_msgs/share/juice_spout_msgs/cmake/ament_cmake_export_libraries-extras.cmake
[1.545s] -- Up-to-date: /home/nikhil/nourish_ws/install/juice_spout_msgs/share/juice_spout_msgs/cmake/juice_spout_msgsConfig.cmake
[1.545s] -- Up-to-date: /home/nikhil/nourish_ws/install/juice_spout_msgs/share/juice_spout_msgs/cmake/juice_spout_msgsConfig-version.cmake
[1.545s] -- Up-to-date: /home/nikhil/nourish_ws/install/juice_spout_msgs/share/juice_spout_msgs/package.xml
[1.571s] Invoked command in '/home/nikhil/nourish_ws/build/juice_spout_msgs' returned '0': /usr/bin/cmake --build /home/nikhil/nourish_ws/build/juice_spout_msgs --target install -- -j12 -l12
