[0.027s] Invoking command in '/home/nikhil/nourish_ws/build/nourish_robot_arm_msgs': /usr/bin/cmake --build /home/nikhil/nourish_ws/build/nourish_robot_arm_msgs -- -j12 -l12
[0.105s] [  0%] Built target nourish_robot_arm_msgs__cpp
[0.125s] [ 12%] Built target nourish_robot_arm_msgs__rosidl_generator_c
[0.153s] [ 24%] Built target nourish_robot_arm_msgs__rosidl_typesupport_cpp
[0.157s] [ 36%] Built target nourish_robot_arm_msgs__rosidl_typesupport_introspection_cpp
[0.162s] [ 48%] Built target nourish_robot_arm_msgs__rosidl_typesupport_fastrtps_cpp
[0.171s] [ 60%] Built target nourish_robot_arm_msgs__rosidl_typesupport_c
[0.171s] [ 72%] Built target nourish_robot_arm_msgs__rosidl_typesupport_introspection_c
[0.204s] [ 84%] Built target nourish_robot_arm_msgs__rosidl_typesupport_fastrtps_c
[0.226s] [ 84%] Built target nourish_robot_arm_msgs
[0.249s] [ 85%] Built target nourish_robot_arm_msgs__py
[0.294s] [ 96%] Built target nourish_robot_arm_msgs__python
[0.324s] [ 97%] Built target nourish_robot_arm_msgs__rosidl_typesupport_fastrtps_c__pyext
[0.325s] [ 98%] Built target nourish_robot_arm_msgs__rosidl_typesupport_c__pyext
[0.326s] [100%] Built target nourish_robot_arm_msgs__rosidl_typesupport_introspection_c__pyext
[0.337s] Invoked command in '/home/nikhil/nourish_ws/build/nourish_robot_arm_msgs' returned '0': /usr/bin/cmake --build /home/nikhil/nourish_ws/build/nourish_robot_arm_msgs -- -j12 -l12
[0.670s] Invoking command in '/home/nikhil/nourish_ws/build/nourish_robot_arm_msgs': /usr/bin/cmake --build /home/nikhil/nourish_ws/build/nourish_robot_arm_msgs --target install -- -j12 -l12
[0.731s] [  0%] Built target nourish_robot_arm_msgs__cpp
[0.738s] [ 12%] Built target nourish_robot_arm_msgs__rosidl_generator_c
[0.762s] [ 24%] Built target nourish_robot_arm_msgs__rosidl_typesupport_c
[0.763s] [ 36%] Built target nourish_robot_arm_msgs__rosidl_typesupport_cpp
[0.766s] [ 48%] Built target nourish_robot_arm_msgs__rosidl_typesupport_introspection_cpp
[0.768s] [ 60%] Built target nourish_robot_arm_msgs__rosidl_typesupport_introspection_c
[0.770s] [ 72%] Built target nourish_robot_arm_msgs__rosidl_typesupport_fastrtps_cpp
[0.803s] [ 84%] Built target nourish_robot_arm_msgs__rosidl_typesupport_fastrtps_c
[0.827s] [ 84%] Built target nourish_robot_arm_msgs
[0.849s] [ 85%] Built target nourish_robot_arm_msgs__py
[0.886s] [ 96%] Built target nourish_robot_arm_msgs__python
[0.913s] [ 98%] Built target nourish_robot_arm_msgs__rosidl_typesupport_introspection_c__pyext
[0.919s] [ 99%] Built target nourish_robot_arm_msgs__rosidl_typesupport_c__pyext
[0.920s] [100%] Built target nourish_robot_arm_msgs__rosidl_typesupport_fastrtps_c__pyext
[0.945s] [36mInstall the project...[0m
[0.954s] -- Install configuration: ""
[0.954s] -- Up-to-date: /home/nikhil/nourish_ws/install/nourish_robot_arm_msgs/share/ament_index/resource_index/rosidl_interfaces/nourish_robot_arm_msgs
[0.954s] -- Up-to-date: /home/nikhil/nourish_ws/install/nourish_robot_arm_msgs/include/nourish_robot_arm_msgs
[0.955s] -- Up-to-date: /home/nikhil/nourish_ws/install/nourish_robot_arm_msgs/include/nourish_robot_arm_msgs/action
[0.955s] -- Up-to-date: /home/nikhil/nourish_ws/install/nourish_robot_arm_msgs/include/nourish_robot_arm_msgs/action/execute_path__traits.hpp
[0.955s] -- Up-to-date: /home/nikhil/nourish_ws/install/nourish_robot_arm_msgs/include/nourish_robot_arm_msgs/action/execute_path.hpp
[0.955s] -- Up-to-date: /home/nikhil/nourish_ws/install/nourish_robot_arm_msgs/include/nourish_robot_arm_msgs/action/register_point__traits.hpp
[0.956s] -- Up-to-date: /home/nikhil/nourish_ws/install/nourish_robot_arm_msgs/include/nourish_robot_arm_msgs/action/register_point.hpp
[0.956s] -- Up-to-date: /home/nikhil/nourish_ws/install/nourish_robot_arm_msgs/include/nourish_robot_arm_msgs/action/execute_path__struct.hpp
[0.956s] -- Up-to-date: /home/nikhil/nourish_ws/install/nourish_robot_arm_msgs/include/nourish_robot_arm_msgs/action/register_point__struct.hpp
[0.956s] -- Up-to-date: /home/nikhil/nourish_ws/install/nourish_robot_arm_msgs/include/nourish_robot_arm_msgs/msg
[0.956s] -- Up-to-date: /home/nikhil/nourish_ws/install/nourish_robot_arm_msgs/include/nourish_robot_arm_msgs/msg/joint.hpp
[0.956s] -- Up-to-date: /home/nikhil/nourish_ws/install/nourish_robot_arm_msgs/include/nourish_robot_arm_msgs/msg/tool__traits.hpp
[0.956s] -- Up-to-date: /home/nikhil/nourish_ws/install/nourish_robot_arm_msgs/include/nourish_robot_arm_msgs/msg/acceleration__traits.hpp
[0.956s] -- Up-to-date: /home/nikhil/nourish_ws/install/nourish_robot_arm_msgs/include/nourish_robot_arm_msgs/msg/robot_arm_state__traits.hpp
[0.956s] -- Up-to-date: /home/nikhil/nourish_ws/install/nourish_robot_arm_msgs/include/nourish_robot_arm_msgs/msg/speed__traits.hpp
[0.956s] -- Up-to-date: /home/nikhil/nourish_ws/install/nourish_robot_arm_msgs/include/nourish_robot_arm_msgs/msg/work_object.hpp
[0.956s] -- Up-to-date: /home/nikhil/nourish_ws/install/nourish_robot_arm_msgs/include/nourish_robot_arm_msgs/msg/pose__traits.hpp
[0.956s] -- Up-to-date: /home/nikhil/nourish_ws/install/nourish_robot_arm_msgs/include/nourish_robot_arm_msgs/msg/robot_move__traits.hpp
[0.957s] -- Up-to-date: /home/nikhil/nourish_ws/install/nourish_robot_arm_msgs/include/nourish_robot_arm_msgs/msg/robot_arm_state.hpp
[0.957s] -- Up-to-date: /home/nikhil/nourish_ws/install/nourish_robot_arm_msgs/include/nourish_robot_arm_msgs/msg/tool.hpp
[0.957s] -- Up-to-date: /home/nikhil/nourish_ws/install/nourish_robot_arm_msgs/include/nourish_robot_arm_msgs/msg/pose.hpp
[0.957s] -- Up-to-date: /home/nikhil/nourish_ws/install/nourish_robot_arm_msgs/include/nourish_robot_arm_msgs/msg/joint__struct.hpp
[0.957s] -- Up-to-date: /home/nikhil/nourish_ws/install/nourish_robot_arm_msgs/include/nourish_robot_arm_msgs/msg/acceleration.hpp
[0.957s] -- Up-to-date: /home/nikhil/nourish_ws/install/nourish_robot_arm_msgs/include/nourish_robot_arm_msgs/msg/zone__struct.hpp
[0.957s] -- Up-to-date: /home/nikhil/nourish_ws/install/nourish_robot_arm_msgs/include/nourish_robot_arm_msgs/msg/zone__traits.hpp
[0.957s] -- Up-to-date: /home/nikhil/nourish_ws/install/nourish_robot_arm_msgs/include/nourish_robot_arm_msgs/msg/work_object__traits.hpp
[0.957s] -- Up-to-date: /home/nikhil/nourish_ws/install/nourish_robot_arm_msgs/include/nourish_robot_arm_msgs/msg/robot_arm_state__struct.hpp
[0.957s] -- Up-to-date: /home/nikhil/nourish_ws/install/nourish_robot_arm_msgs/include/nourish_robot_arm_msgs/msg/acceleration__struct.hpp
[0.957s] -- Up-to-date: /home/nikhil/nourish_ws/install/nourish_robot_arm_msgs/include/nourish_robot_arm_msgs/msg/joint__traits.hpp
[0.957s] -- Up-to-date: /home/nikhil/nourish_ws/install/nourish_robot_arm_msgs/include/nourish_robot_arm_msgs/msg/position_state.hpp
[0.957s] -- Up-to-date: /home/nikhil/nourish_ws/install/nourish_robot_arm_msgs/include/nourish_robot_arm_msgs/msg/pose__struct.hpp
[0.957s] -- Up-to-date: /home/nikhil/nourish_ws/install/nourish_robot_arm_msgs/include/nourish_robot_arm_msgs/msg/speed.hpp
[0.957s] -- Up-to-date: /home/nikhil/nourish_ws/install/nourish_robot_arm_msgs/include/nourish_robot_arm_msgs/msg/position_state__traits.hpp
[0.957s] -- Up-to-date: /home/nikhil/nourish_ws/install/nourish_robot_arm_msgs/include/nourish_robot_arm_msgs/msg/robot_move__struct.hpp
[0.958s] -- Up-to-date: /home/nikhil/nourish_ws/install/nourish_robot_arm_msgs/include/nourish_robot_arm_msgs/msg/robot_move.hpp
[0.958s] -- Up-to-date: /home/nikhil/nourish_ws/install/nourish_robot_arm_msgs/include/nourish_robot_arm_msgs/msg/tool__struct.hpp
[0.958s] -- Up-to-date: /home/nikhil/nourish_ws/install/nourish_robot_arm_msgs/include/nourish_robot_arm_msgs/msg/position_state__struct.hpp
[0.958s] -- Up-to-date: /home/nikhil/nourish_ws/install/nourish_robot_arm_msgs/include/nourish_robot_arm_msgs/msg/speed__struct.hpp
[0.958s] -- Up-to-date: /home/nikhil/nourish_ws/install/nourish_robot_arm_msgs/include/nourish_robot_arm_msgs/msg/work_object__struct.hpp
[0.958s] -- Up-to-date: /home/nikhil/nourish_ws/install/nourish_robot_arm_msgs/include/nourish_robot_arm_msgs/msg/zone.hpp
[0.958s] -- Up-to-date: /home/nikhil/nourish_ws/install/nourish_robot_arm_msgs/include/nourish_robot_arm_msgs/srv
[0.958s] -- Up-to-date: /home/nikhil/nourish_ws/install/nourish_robot_arm_msgs/include/nourish_robot_arm_msgs/srv/poll_position.hpp
[0.958s] -- Up-to-date: /home/nikhil/nourish_ws/install/nourish_robot_arm_msgs/include/nourish_robot_arm_msgs/srv/poll_position__traits.hpp
[0.958s] -- Up-to-date: /home/nikhil/nourish_ws/install/nourish_robot_arm_msgs/include/nourish_robot_arm_msgs/srv/poll_status.hpp
[0.958s] -- Up-to-date: /home/nikhil/nourish_ws/install/nourish_robot_arm_msgs/include/nourish_robot_arm_msgs/srv/poll_status__traits.hpp
[0.958s] -- Up-to-date: /home/nikhil/nourish_ws/install/nourish_robot_arm_msgs/include/nourish_robot_arm_msgs/srv/poll_status__struct.hpp
[0.959s] -- Up-to-date: /home/nikhil/nourish_ws/install/nourish_robot_arm_msgs/include/nourish_robot_arm_msgs/srv/poll_position__struct.hpp
[0.959s] -- Up-to-date: /home/nikhil/nourish_ws/install/nourish_robot_arm_msgs/include/nourish_robot_arm_msgs
[0.959s] -- Up-to-date: /home/nikhil/nourish_ws/install/nourish_robot_arm_msgs/include/nourish_robot_arm_msgs/action
[0.959s] -- Up-to-date: /home/nikhil/nourish_ws/install/nourish_robot_arm_msgs/include/nourish_robot_arm_msgs/action/execute_path__type_support.h
[0.959s] -- Up-to-date: /home/nikhil/nourish_ws/install/nourish_robot_arm_msgs/include/nourish_robot_arm_msgs/action/register_point.h
[0.959s] -- Up-to-date: /home/nikhil/nourish_ws/install/nourish_robot_arm_msgs/include/nourish_robot_arm_msgs/action/execute_path__struct.h
[0.959s] -- Up-to-date: /home/nikhil/nourish_ws/install/nourish_robot_arm_msgs/include/nourish_robot_arm_msgs/action/register_point__functions.h
[0.959s] -- Up-to-date: /home/nikhil/nourish_ws/install/nourish_robot_arm_msgs/include/nourish_robot_arm_msgs/action/execute_path__functions.h
[0.959s] -- Up-to-date: /home/nikhil/nourish_ws/install/nourish_robot_arm_msgs/include/nourish_robot_arm_msgs/action/register_point__type_support.h
[0.960s] -- Up-to-date: /home/nikhil/nourish_ws/install/nourish_robot_arm_msgs/include/nourish_robot_arm_msgs/action/register_point__struct.h
[0.960s] -- Up-to-date: /home/nikhil/nourish_ws/install/nourish_robot_arm_msgs/include/nourish_robot_arm_msgs/action/execute_path__functions.c
[0.960s] -- Up-to-date: /home/nikhil/nourish_ws/install/nourish_robot_arm_msgs/include/nourish_robot_arm_msgs/action/execute_path.h
[0.960s] -- Up-to-date: /home/nikhil/nourish_ws/install/nourish_robot_arm_msgs/include/nourish_robot_arm_msgs/action/register_point__functions.c
[0.960s] -- Up-to-date: /home/nikhil/nourish_ws/install/nourish_robot_arm_msgs/include/nourish_robot_arm_msgs/msg
[0.960s] -- Up-to-date: /home/nikhil/nourish_ws/install/nourish_robot_arm_msgs/include/nourish_robot_arm_msgs/msg/speed__struct.h
[0.960s] -- Up-to-date: /home/nikhil/nourish_ws/install/nourish_robot_arm_msgs/include/nourish_robot_arm_msgs/msg/robot_move__type_support.h
[0.960s] -- Up-to-date: /home/nikhil/nourish_ws/install/nourish_robot_arm_msgs/include/nourish_robot_arm_msgs/msg/joint__functions.c
[0.960s] -- Up-to-date: /home/nikhil/nourish_ws/install/nourish_robot_arm_msgs/include/nourish_robot_arm_msgs/msg/zone__type_support.h
[0.960s] -- Up-to-date: /home/nikhil/nourish_ws/install/nourish_robot_arm_msgs/include/nourish_robot_arm_msgs/msg/robot_move.h
[0.961s] -- Up-to-date: /home/nikhil/nourish_ws/install/nourish_robot_arm_msgs/include/nourish_robot_arm_msgs/msg/joint__struct.h
[0.961s] -- Up-to-date: /home/nikhil/nourish_ws/install/nourish_robot_arm_msgs/include/nourish_robot_arm_msgs/msg/zone__struct.h
[0.961s] -- Up-to-date: /home/nikhil/nourish_ws/install/nourish_robot_arm_msgs/include/nourish_robot_arm_msgs/msg/robot_move__functions.h
[0.961s] -- Up-to-date: /home/nikhil/nourish_ws/install/nourish_robot_arm_msgs/include/nourish_robot_arm_msgs/msg/position_state__type_support.h
[0.961s] -- Up-to-date: /home/nikhil/nourish_ws/install/nourish_robot_arm_msgs/include/nourish_robot_arm_msgs/msg/work_object__type_support.h
[0.961s] -- Up-to-date: /home/nikhil/nourish_ws/install/nourish_robot_arm_msgs/include/nourish_robot_arm_msgs/msg/work_object__functions.h
[0.961s] -- Up-to-date: /home/nikhil/nourish_ws/install/nourish_robot_arm_msgs/include/nourish_robot_arm_msgs/msg/work_object.h
[0.961s] -- Up-to-date: /home/nikhil/nourish_ws/install/nourish_robot_arm_msgs/include/nourish_robot_arm_msgs/msg/work_object__struct.h
[0.961s] -- Up-to-date: /home/nikhil/nourish_ws/install/nourish_robot_arm_msgs/include/nourish_robot_arm_msgs/msg/speed__functions.h
[0.961s] -- Up-to-date: /home/nikhil/nourish_ws/install/nourish_robot_arm_msgs/include/nourish_robot_arm_msgs/msg/joint.h
[0.961s] -- Up-to-date: /home/nikhil/nourish_ws/install/nourish_robot_arm_msgs/include/nourish_robot_arm_msgs/msg/acceleration__functions.h
[0.961s] -- Up-to-date: /home/nikhil/nourish_ws/install/nourish_robot_arm_msgs/include/nourish_robot_arm_msgs/msg/position_state__functions.c
[0.962s] -- Up-to-date: /home/nikhil/nourish_ws/install/nourish_robot_arm_msgs/include/nourish_robot_arm_msgs/msg/robot_arm_state__functions.h
[0.962s] -- Up-to-date: /home/nikhil/nourish_ws/install/nourish_robot_arm_msgs/include/nourish_robot_arm_msgs/msg/robot_arm_state__struct.h
[0.962s] -- Up-to-date: /home/nikhil/nourish_ws/install/nourish_robot_arm_msgs/include/nourish_robot_arm_msgs/msg/robot_arm_state__type_support.h
[0.962s] -- Up-to-date: /home/nikhil/nourish_ws/install/nourish_robot_arm_msgs/include/nourish_robot_arm_msgs/msg/joint__functions.h
[0.962s] -- Up-to-date: /home/nikhil/nourish_ws/install/nourish_robot_arm_msgs/include/nourish_robot_arm_msgs/msg/pose__struct.h
[0.962s] -- Up-to-date: /home/nikhil/nourish_ws/install/nourish_robot_arm_msgs/include/nourish_robot_arm_msgs/msg/tool__functions.h
[0.962s] -- Up-to-date: /home/nikhil/nourish_ws/install/nourish_robot_arm_msgs/include/nourish_robot_arm_msgs/msg/speed__functions.c
[0.962s] -- Up-to-date: /home/nikhil/nourish_ws/install/nourish_robot_arm_msgs/include/nourish_robot_arm_msgs/msg/zone__functions.h
[0.962s] -- Up-to-date: /home/nikhil/nourish_ws/install/nourish_robot_arm_msgs/include/nourish_robot_arm_msgs/msg/speed.h
[0.962s] -- Up-to-date: /home/nikhil/nourish_ws/install/nourish_robot_arm_msgs/include/nourish_robot_arm_msgs/msg/tool__struct.h
[0.962s] -- Up-to-date: /home/nikhil/nourish_ws/install/nourish_robot_arm_msgs/include/nourish_robot_arm_msgs/msg/pose__functions.h
[0.962s] -- Up-to-date: /home/nikhil/nourish_ws/install/nourish_robot_arm_msgs/include/nourish_robot_arm_msgs/msg/position_state__struct.h
[0.962s] -- Up-to-date: /home/nikhil/nourish_ws/install/nourish_robot_arm_msgs/include/nourish_robot_arm_msgs/msg/robot_move__struct.h
[0.962s] -- Up-to-date: /home/nikhil/nourish_ws/install/nourish_robot_arm_msgs/include/nourish_robot_arm_msgs/msg/tool.h
[0.963s] -- Up-to-date: /home/nikhil/nourish_ws/install/nourish_robot_arm_msgs/include/nourish_robot_arm_msgs/msg/pose__type_support.h
[0.963s] -- Up-to-date: /home/nikhil/nourish_ws/install/nourish_robot_arm_msgs/include/nourish_robot_arm_msgs/msg/pose__functions.c
[0.963s] -- Up-to-date: /home/nikhil/nourish_ws/install/nourish_robot_arm_msgs/include/nourish_robot_arm_msgs/msg/rosidl_generator_c__visibility_control.h
[0.963s] -- Up-to-date: /home/nikhil/nourish_ws/install/nourish_robot_arm_msgs/include/nourish_robot_arm_msgs/msg/zone__functions.c
[0.963s] -- Up-to-date: /home/nikhil/nourish_ws/install/nourish_robot_arm_msgs/include/nourish_robot_arm_msgs/msg/acceleration__type_support.h
[0.963s] -- Up-to-date: /home/nikhil/nourish_ws/install/nourish_robot_arm_msgs/include/nourish_robot_arm_msgs/msg/speed__type_support.h
[0.963s] -- Up-to-date: /home/nikhil/nourish_ws/install/nourish_robot_arm_msgs/include/nourish_robot_arm_msgs/msg/zone.h
[0.963s] -- Up-to-date: /home/nikhil/nourish_ws/install/nourish_robot_arm_msgs/include/nourish_robot_arm_msgs/msg/pose.h
[0.963s] -- Up-to-date: /home/nikhil/nourish_ws/install/nourish_robot_arm_msgs/include/nourish_robot_arm_msgs/msg/work_object__functions.c
[0.963s] -- Up-to-date: /home/nikhil/nourish_ws/install/nourish_robot_arm_msgs/include/nourish_robot_arm_msgs/msg/acceleration__struct.h
[0.963s] -- Up-to-date: /home/nikhil/nourish_ws/install/nourish_robot_arm_msgs/include/nourish_robot_arm_msgs/msg/position_state__functions.h
[0.963s] -- Up-to-date: /home/nikhil/nourish_ws/install/nourish_robot_arm_msgs/include/nourish_robot_arm_msgs/msg/robot_arm_state.h
[0.963s] -- Up-to-date: /home/nikhil/nourish_ws/install/nourish_robot_arm_msgs/include/nourish_robot_arm_msgs/msg/acceleration__functions.c
[0.963s] -- Up-to-date: /home/nikhil/nourish_ws/install/nourish_robot_arm_msgs/include/nourish_robot_arm_msgs/msg/tool__functions.c
[0.964s] -- Up-to-date: /home/nikhil/nourish_ws/install/nourish_robot_arm_msgs/include/nourish_robot_arm_msgs/msg/acceleration.h
[0.964s] -- Up-to-date: /home/nikhil/nourish_ws/install/nourish_robot_arm_msgs/include/nourish_robot_arm_msgs/msg/robot_arm_state__functions.c
[0.964s] -- Up-to-date: /home/nikhil/nourish_ws/install/nourish_robot_arm_msgs/include/nourish_robot_arm_msgs/msg/tool__type_support.h
[0.964s] -- Up-to-date: /home/nikhil/nourish_ws/install/nourish_robot_arm_msgs/include/nourish_robot_arm_msgs/msg/robot_move__functions.c
[0.964s] -- Up-to-date: /home/nikhil/nourish_ws/install/nourish_robot_arm_msgs/include/nourish_robot_arm_msgs/msg/joint__type_support.h
[0.964s] -- Up-to-date: /home/nikhil/nourish_ws/install/nourish_robot_arm_msgs/include/nourish_robot_arm_msgs/msg/position_state.h
[0.964s] -- Up-to-date: /home/nikhil/nourish_ws/install/nourish_robot_arm_msgs/include/nourish_robot_arm_msgs/srv
[0.964s] -- Up-to-date: /home/nikhil/nourish_ws/install/nourish_robot_arm_msgs/include/nourish_robot_arm_msgs/srv/poll_status.h
[0.964s] -- Up-to-date: /home/nikhil/nourish_ws/install/nourish_robot_arm_msgs/include/nourish_robot_arm_msgs/srv/poll_position__functions.c
[0.964s] -- Up-to-date: /home/nikhil/nourish_ws/install/nourish_robot_arm_msgs/include/nourish_robot_arm_msgs/srv/poll_status__struct.h
[0.964s] -- Up-to-date: /home/nikhil/nourish_ws/install/nourish_robot_arm_msgs/include/nourish_robot_arm_msgs/srv/poll_position__type_support.h
[0.964s] -- Up-to-date: /home/nikhil/nourish_ws/install/nourish_robot_arm_msgs/include/nourish_robot_arm_msgs/srv/poll_position.h
[0.964s] -- Up-to-date: /home/nikhil/nourish_ws/install/nourish_robot_arm_msgs/include/nourish_robot_arm_msgs/srv/poll_position__struct.h
[0.964s] -- Up-to-date: /home/nikhil/nourish_ws/install/nourish_robot_arm_msgs/include/nourish_robot_arm_msgs/srv/poll_position__functions.h
[0.964s] -- Up-to-date: /home/nikhil/nourish_ws/install/nourish_robot_arm_msgs/include/nourish_robot_arm_msgs/srv/poll_status__functions.h
[0.964s] -- Up-to-date: /home/nikhil/nourish_ws/install/nourish_robot_arm_msgs/include/nourish_robot_arm_msgs/srv/poll_status__type_support.h
[0.964s] -- Up-to-date: /home/nikhil/nourish_ws/install/nourish_robot_arm_msgs/include/nourish_robot_arm_msgs/srv/poll_status__functions.c
[0.965s] -- Up-to-date: /home/nikhil/nourish_ws/install/nourish_robot_arm_msgs/share/nourish_robot_arm_msgs/environment/library_path.sh
[0.965s] -- Up-to-date: /home/nikhil/nourish_ws/install/nourish_robot_arm_msgs/lib/libnourish_robot_arm_msgs__rosidl_generator_c.so
[0.965s] -- Up-to-date: /home/nikhil/nourish_ws/install/nourish_robot_arm_msgs/lib/libnourish_robot_arm_msgs__rosidl_typesupport_c.so
[0.965s] -- Up-to-date: /home/nikhil/nourish_ws/install/nourish_robot_arm_msgs/lib/libnourish_robot_arm_msgs__rosidl_typesupport_cpp.so
[0.965s] -- Up-to-date: /home/nikhil/nourish_ws/install/nourish_robot_arm_msgs/include/nourish_robot_arm_msgs
[0.965s] -- Up-to-date: /home/nikhil/nourish_ws/install/nourish_robot_arm_msgs/include/nourish_robot_arm_msgs/action
[0.965s] -- Up-to-date: /home/nikhil/nourish_ws/install/nourish_robot_arm_msgs/include/nourish_robot_arm_msgs/action/execute_path__rosidl_typesupport_introspection_c.h
[0.965s] -- Up-to-date: /home/nikhil/nourish_ws/install/nourish_robot_arm_msgs/include/nourish_robot_arm_msgs/action/register_point__type_support.c
[0.965s] -- Up-to-date: /home/nikhil/nourish_ws/install/nourish_robot_arm_msgs/include/nourish_robot_arm_msgs/action/register_point__rosidl_typesupport_introspection_c.h
[0.965s] -- Up-to-date: /home/nikhil/nourish_ws/install/nourish_robot_arm_msgs/include/nourish_robot_arm_msgs/action/execute_path__type_support.c
[0.965s] -- Up-to-date: /home/nikhil/nourish_ws/install/nourish_robot_arm_msgs/include/nourish_robot_arm_msgs/msg
[0.966s] -- Up-to-date: /home/nikhil/nourish_ws/install/nourish_robot_arm_msgs/include/nourish_robot_arm_msgs/msg/speed__rosidl_typesupport_introspection_c.h
[0.966s] -- Up-to-date: /home/nikhil/nourish_ws/install/nourish_robot_arm_msgs/include/nourish_robot_arm_msgs/msg/pose__type_support.c
[0.966s] -- Up-to-date: /home/nikhil/nourish_ws/install/nourish_robot_arm_msgs/include/nourish_robot_arm_msgs/msg/pose__rosidl_typesupport_introspection_c.h
[0.966s] -- Up-to-date: /home/nikhil/nourish_ws/install/nourish_robot_arm_msgs/include/nourish_robot_arm_msgs/msg/position_state__type_support.c
[0.966s] -- Up-to-date: /home/nikhil/nourish_ws/install/nourish_robot_arm_msgs/include/nourish_robot_arm_msgs/msg/tool__type_support.c
[0.966s] -- Up-to-date: /home/nikhil/nourish_ws/install/nourish_robot_arm_msgs/include/nourish_robot_arm_msgs/msg/rosidl_typesupport_introspection_c__visibility_control.h
[0.966s] -- Up-to-date: /home/nikhil/nourish_ws/install/nourish_robot_arm_msgs/include/nourish_robot_arm_msgs/msg/robot_move__rosidl_typesupport_introspection_c.h
[0.966s] -- Up-to-date: /home/nikhil/nourish_ws/install/nourish_robot_arm_msgs/include/nourish_robot_arm_msgs/msg/joint__rosidl_typesupport_introspection_c.h
[0.966s] -- Up-to-date: /home/nikhil/nourish_ws/install/nourish_robot_arm_msgs/include/nourish_robot_arm_msgs/msg/speed__type_support.c
[0.966s] -- Up-to-date: /home/nikhil/nourish_ws/install/nourish_robot_arm_msgs/include/nourish_robot_arm_msgs/msg/zone__rosidl_typesupport_introspection_c.h
[0.966s] -- Up-to-date: /home/nikhil/nourish_ws/install/nourish_robot_arm_msgs/include/nourish_robot_arm_msgs/msg/work_object__type_support.c
[0.966s] -- Up-to-date: /home/nikhil/nourish_ws/install/nourish_robot_arm_msgs/include/nourish_robot_arm_msgs/msg/acceleration__rosidl_typesupport_introspection_c.h
[0.966s] -- Up-to-date: /home/nikhil/nourish_ws/install/nourish_robot_arm_msgs/include/nourish_robot_arm_msgs/msg/tool__rosidl_typesupport_introspection_c.h
[0.966s] -- Up-to-date: /home/nikhil/nourish_ws/install/nourish_robot_arm_msgs/include/nourish_robot_arm_msgs/msg/zone__type_support.c
[0.967s] -- Up-to-date: /home/nikhil/nourish_ws/install/nourish_robot_arm_msgs/include/nourish_robot_arm_msgs/msg/acceleration__type_support.c
[0.967s] -- Up-to-date: /home/nikhil/nourish_ws/install/nourish_robot_arm_msgs/include/nourish_robot_arm_msgs/msg/robot_arm_state__type_support.c
[0.967s] -- Up-to-date: /home/nikhil/nourish_ws/install/nourish_robot_arm_msgs/include/nourish_robot_arm_msgs/msg/robot_arm_state__rosidl_typesupport_introspection_c.h
[0.967s] -- Up-to-date: /home/nikhil/nourish_ws/install/nourish_robot_arm_msgs/include/nourish_robot_arm_msgs/msg/work_object__rosidl_typesupport_introspection_c.h
[0.967s] -- Up-to-date: /home/nikhil/nourish_ws/install/nourish_robot_arm_msgs/include/nourish_robot_arm_msgs/msg/position_state__rosidl_typesupport_introspection_c.h
[0.967s] -- Up-to-date: /home/nikhil/nourish_ws/install/nourish_robot_arm_msgs/include/nourish_robot_arm_msgs/msg/joint__type_support.c
[0.967s] -- Up-to-date: /home/nikhil/nourish_ws/install/nourish_robot_arm_msgs/include/nourish_robot_arm_msgs/msg/robot_move__type_support.c
[0.967s] -- Up-to-date: /home/nikhil/nourish_ws/install/nourish_robot_arm_msgs/include/nourish_robot_arm_msgs/srv
[0.967s] -- Up-to-date: /home/nikhil/nourish_ws/install/nourish_robot_arm_msgs/include/nourish_robot_arm_msgs/srv/poll_position__type_support.c
[0.967s] -- Up-to-date: /home/nikhil/nourish_ws/install/nourish_robot_arm_msgs/include/nourish_robot_arm_msgs/srv/poll_position__rosidl_typesupport_introspection_c.h
[0.967s] -- Up-to-date: /home/nikhil/nourish_ws/install/nourish_robot_arm_msgs/include/nourish_robot_arm_msgs/srv/poll_status__type_support.c
[0.967s] -- Up-to-date: /home/nikhil/nourish_ws/install/nourish_robot_arm_msgs/include/nourish_robot_arm_msgs/srv/poll_status__rosidl_typesupport_introspection_c.h
[0.967s] -- Up-to-date: /home/nikhil/nourish_ws/install/nourish_robot_arm_msgs/lib/libnourish_robot_arm_msgs__rosidl_typesupport_introspection_c.so
[0.967s] -- Up-to-date: /home/nikhil/nourish_ws/install/nourish_robot_arm_msgs/include/nourish_robot_arm_msgs
[0.967s] -- Up-to-date: /home/nikhil/nourish_ws/install/nourish_robot_arm_msgs/include/nourish_robot_arm_msgs/action
[0.967s] -- Up-to-date: /home/nikhil/nourish_ws/install/nourish_robot_arm_msgs/include/nourish_robot_arm_msgs/action/register_point__type_support.cpp
[0.968s] -- Up-to-date: /home/nikhil/nourish_ws/install/nourish_robot_arm_msgs/include/nourish_robot_arm_msgs/action/register_point__rosidl_typesupport_introspection_cpp.hpp
[0.968s] -- Up-to-date: /home/nikhil/nourish_ws/install/nourish_robot_arm_msgs/include/nourish_robot_arm_msgs/action/execute_path__type_support.cpp
[0.968s] -- Up-to-date: /home/nikhil/nourish_ws/install/nourish_robot_arm_msgs/include/nourish_robot_arm_msgs/action/execute_path__rosidl_typesupport_introspection_cpp.hpp
[0.968s] -- Up-to-date: /home/nikhil/nourish_ws/install/nourish_robot_arm_msgs/include/nourish_robot_arm_msgs/msg
[0.968s] -- Up-to-date: /home/nikhil/nourish_ws/install/nourish_robot_arm_msgs/include/nourish_robot_arm_msgs/msg/robot_arm_state__type_support.cpp
[0.968s] -- Up-to-date: /home/nikhil/nourish_ws/install/nourish_robot_arm_msgs/include/nourish_robot_arm_msgs/msg/robot_arm_state__rosidl_typesupport_introspection_cpp.hpp
[0.968s] -- Up-to-date: /home/nikhil/nourish_ws/install/nourish_robot_arm_msgs/include/nourish_robot_arm_msgs/msg/joint__rosidl_typesupport_introspection_cpp.hpp
[0.968s] -- Up-to-date: /home/nikhil/nourish_ws/install/nourish_robot_arm_msgs/include/nourish_robot_arm_msgs/msg/zone__type_support.cpp
[0.968s] -- Up-to-date: /home/nikhil/nourish_ws/install/nourish_robot_arm_msgs/include/nourish_robot_arm_msgs/msg/joint__type_support.cpp
[0.968s] -- Up-to-date: /home/nikhil/nourish_ws/install/nourish_robot_arm_msgs/include/nourish_robot_arm_msgs/msg/work_object__type_support.cpp
[0.968s] -- Up-to-date: /home/nikhil/nourish_ws/install/nourish_robot_arm_msgs/include/nourish_robot_arm_msgs/msg/position_state__type_support.cpp
[0.968s] -- Up-to-date: /home/nikhil/nourish_ws/install/nourish_robot_arm_msgs/include/nourish_robot_arm_msgs/msg/acceleration__rosidl_typesupport_introspection_cpp.hpp
[0.968s] -- Up-to-date: /home/nikhil/nourish_ws/install/nourish_robot_arm_msgs/include/nourish_robot_arm_msgs/msg/robot_move__rosidl_typesupport_introspection_cpp.hpp
[0.968s] -- Up-to-date: /home/nikhil/nourish_ws/install/nourish_robot_arm_msgs/include/nourish_robot_arm_msgs/msg/acceleration__type_support.cpp
[0.968s] -- Up-to-date: /home/nikhil/nourish_ws/install/nourish_robot_arm_msgs/include/nourish_robot_arm_msgs/msg/zone__rosidl_typesupport_introspection_cpp.hpp
[0.968s] -- Up-to-date: /home/nikhil/nourish_ws/install/nourish_robot_arm_msgs/include/nourish_robot_arm_msgs/msg/speed__type_support.cpp
[0.969s] -- Up-to-date: /home/nikhil/nourish_ws/install/nourish_robot_arm_msgs/include/nourish_robot_arm_msgs/msg/tool__type_support.cpp
[0.969s] -- Up-to-date: /home/nikhil/nourish_ws/install/nourish_robot_arm_msgs/include/nourish_robot_arm_msgs/msg/pose__type_support.cpp
[0.969s] -- Up-to-date: /home/nikhil/nourish_ws/install/nourish_robot_arm_msgs/include/nourish_robot_arm_msgs/msg/speed__rosidl_typesupport_introspection_cpp.hpp
[0.969s] -- Up-to-date: /home/nikhil/nourish_ws/install/nourish_robot_arm_msgs/include/nourish_robot_arm_msgs/msg/position_state__rosidl_typesupport_introspection_cpp.hpp
[0.969s] -- Up-to-date: /home/nikhil/nourish_ws/install/nourish_robot_arm_msgs/include/nourish_robot_arm_msgs/msg/tool__rosidl_typesupport_introspection_cpp.hpp
[0.969s] -- Up-to-date: /home/nikhil/nourish_ws/install/nourish_robot_arm_msgs/include/nourish_robot_arm_msgs/msg/work_object__rosidl_typesupport_introspection_cpp.hpp
[0.969s] -- Up-to-date: /home/nikhil/nourish_ws/install/nourish_robot_arm_msgs/include/nourish_robot_arm_msgs/msg/robot_move__type_support.cpp
[0.969s] -- Up-to-date: /home/nikhil/nourish_ws/install/nourish_robot_arm_msgs/include/nourish_robot_arm_msgs/msg/pose__rosidl_typesupport_introspection_cpp.hpp
[0.969s] -- Up-to-date: /home/nikhil/nourish_ws/install/nourish_robot_arm_msgs/include/nourish_robot_arm_msgs/srv
[0.969s] -- Up-to-date: /home/nikhil/nourish_ws/install/nourish_robot_arm_msgs/include/nourish_robot_arm_msgs/srv/poll_status__type_support.cpp
[0.969s] -- Up-to-date: /home/nikhil/nourish_ws/install/nourish_robot_arm_msgs/include/nourish_robot_arm_msgs/srv/poll_status__rosidl_typesupport_introspection_cpp.hpp
[0.969s] -- Up-to-date: /home/nikhil/nourish_ws/install/nourish_robot_arm_msgs/include/nourish_robot_arm_msgs/srv/poll_position__type_support.cpp
[0.969s] -- Up-to-date: /home/nikhil/nourish_ws/install/nourish_robot_arm_msgs/include/nourish_robot_arm_msgs/srv/poll_position__rosidl_typesupport_introspection_cpp.hpp
[0.969s] -- Up-to-date: /home/nikhil/nourish_ws/install/nourish_robot_arm_msgs/lib/libnourish_robot_arm_msgs__rosidl_typesupport_introspection_cpp.so
[0.969s] -- Up-to-date: /home/nikhil/nourish_ws/install/nourish_robot_arm_msgs/include/nourish_robot_arm_msgs
[0.969s] -- Up-to-date: /home/nikhil/nourish_ws/install/nourish_robot_arm_msgs/include/nourish_robot_arm_msgs/action
[0.969s] -- Up-to-date: /home/nikhil/nourish_ws/install/nourish_robot_arm_msgs/include/nourish_robot_arm_msgs/action/register_point__rosidl_typesupport_fastrtps_c.h
[0.970s] -- Up-to-date: /home/nikhil/nourish_ws/install/nourish_robot_arm_msgs/include/nourish_robot_arm_msgs/action/execute_path__rosidl_typesupport_fastrtps_c.h
[0.970s] -- Up-to-date: /home/nikhil/nourish_ws/install/nourish_robot_arm_msgs/include/nourish_robot_arm_msgs/msg
[0.970s] -- Up-to-date: /home/nikhil/nourish_ws/install/nourish_robot_arm_msgs/include/nourish_robot_arm_msgs/msg/robot_arm_state__rosidl_typesupport_fastrtps_c.h
[0.970s] -- Up-to-date: /home/nikhil/nourish_ws/install/nourish_robot_arm_msgs/include/nourish_robot_arm_msgs/msg/position_state__rosidl_typesupport_fastrtps_c.h
[0.970s] -- Up-to-date: /home/nikhil/nourish_ws/install/nourish_robot_arm_msgs/include/nourish_robot_arm_msgs/msg/tool__rosidl_typesupport_fastrtps_c.h
[0.970s] -- Up-to-date: /home/nikhil/nourish_ws/install/nourish_robot_arm_msgs/include/nourish_robot_arm_msgs/msg/robot_move__rosidl_typesupport_fastrtps_c.h
[0.970s] -- Up-to-date: /home/nikhil/nourish_ws/install/nourish_robot_arm_msgs/include/nourish_robot_arm_msgs/msg/work_object__rosidl_typesupport_fastrtps_c.h
[0.970s] -- Up-to-date: /home/nikhil/nourish_ws/install/nourish_robot_arm_msgs/include/nourish_robot_arm_msgs/msg/acceleration__rosidl_typesupport_fastrtps_c.h
[0.970s] -- Up-to-date: /home/nikhil/nourish_ws/install/nourish_robot_arm_msgs/include/nourish_robot_arm_msgs/msg/joint__rosidl_typesupport_fastrtps_c.h
[0.970s] -- Up-to-date: /home/nikhil/nourish_ws/install/nourish_robot_arm_msgs/include/nourish_robot_arm_msgs/msg/zone__rosidl_typesupport_fastrtps_c.h
[0.970s] -- Up-to-date: /home/nikhil/nourish_ws/install/nourish_robot_arm_msgs/include/nourish_robot_arm_msgs/msg/speed__rosidl_typesupport_fastrtps_c.h
[0.970s] -- Up-to-date: /home/nikhil/nourish_ws/install/nourish_robot_arm_msgs/include/nourish_robot_arm_msgs/msg/rosidl_typesupport_fastrtps_c__visibility_control.h
[0.970s] -- Up-to-date: /home/nikhil/nourish_ws/install/nourish_robot_arm_msgs/include/nourish_robot_arm_msgs/msg/pose__rosidl_typesupport_fastrtps_c.h
[0.970s] -- Up-to-date: /home/nikhil/nourish_ws/install/nourish_robot_arm_msgs/include/nourish_robot_arm_msgs/srv
[0.970s] -- Up-to-date: /home/nikhil/nourish_ws/install/nourish_robot_arm_msgs/include/nourish_robot_arm_msgs/srv/poll_position__rosidl_typesupport_fastrtps_c.h
[0.970s] -- Up-to-date: /home/nikhil/nourish_ws/install/nourish_robot_arm_msgs/include/nourish_robot_arm_msgs/srv/poll_status__rosidl_typesupport_fastrtps_c.h
[0.970s] -- Up-to-date: /home/nikhil/nourish_ws/install/nourish_robot_arm_msgs/lib/libnourish_robot_arm_msgs__rosidl_typesupport_fastrtps_c.so
[0.970s] -- Up-to-date: /home/nikhil/nourish_ws/install/nourish_robot_arm_msgs/include/nourish_robot_arm_msgs
[0.971s] -- Up-to-date: /home/nikhil/nourish_ws/install/nourish_robot_arm_msgs/include/nourish_robot_arm_msgs/action
[0.971s] -- Up-to-date: /home/nikhil/nourish_ws/install/nourish_robot_arm_msgs/include/nourish_robot_arm_msgs/action/register_point__rosidl_typesupport_fastrtps_cpp.hpp
[0.971s] -- Up-to-date: /home/nikhil/nourish_ws/install/nourish_robot_arm_msgs/include/nourish_robot_arm_msgs/action/execute_path__rosidl_typesupport_fastrtps_cpp.hpp
[0.971s] -- Up-to-date: /home/nikhil/nourish_ws/install/nourish_robot_arm_msgs/include/nourish_robot_arm_msgs/action/dds_fastrtps
[0.971s] -- Up-to-date: /home/nikhil/nourish_ws/install/nourish_robot_arm_msgs/include/nourish_robot_arm_msgs/msg
[0.971s] -- Up-to-date: /home/nikhil/nourish_ws/install/nourish_robot_arm_msgs/include/nourish_robot_arm_msgs/msg/robot_move__rosidl_typesupport_fastrtps_cpp.hpp
[0.971s] -- Up-to-date: /home/nikhil/nourish_ws/install/nourish_robot_arm_msgs/include/nourish_robot_arm_msgs/msg/dds_fastrtps
[0.971s] -- Up-to-date: /home/nikhil/nourish_ws/install/nourish_robot_arm_msgs/include/nourish_robot_arm_msgs/msg/work_object__rosidl_typesupport_fastrtps_cpp.hpp
[0.971s] -- Up-to-date: /home/nikhil/nourish_ws/install/nourish_robot_arm_msgs/include/nourish_robot_arm_msgs/msg/speed__rosidl_typesupport_fastrtps_cpp.hpp
[0.971s] -- Up-to-date: /home/nikhil/nourish_ws/install/nourish_robot_arm_msgs/include/nourish_robot_arm_msgs/msg/tool__rosidl_typesupport_fastrtps_cpp.hpp
[0.971s] -- Up-to-date: /home/nikhil/nourish_ws/install/nourish_robot_arm_msgs/include/nourish_robot_arm_msgs/msg/zone__rosidl_typesupport_fastrtps_cpp.hpp
[0.971s] -- Up-to-date: /home/nikhil/nourish_ws/install/nourish_robot_arm_msgs/include/nourish_robot_arm_msgs/msg/position_state__rosidl_typesupport_fastrtps_cpp.hpp
[0.971s] -- Up-to-date: /home/nikhil/nourish_ws/install/nourish_robot_arm_msgs/include/nourish_robot_arm_msgs/msg/pose__rosidl_typesupport_fastrtps_cpp.hpp
[0.971s] -- Up-to-date: /home/nikhil/nourish_ws/install/nourish_robot_arm_msgs/include/nourish_robot_arm_msgs/msg/robot_arm_state__rosidl_typesupport_fastrtps_cpp.hpp
[0.971s] -- Up-to-date: /home/nikhil/nourish_ws/install/nourish_robot_arm_msgs/include/nourish_robot_arm_msgs/msg/rosidl_typesupport_fastrtps_cpp__visibility_control.h
[0.971s] -- Up-to-date: /home/nikhil/nourish_ws/install/nourish_robot_arm_msgs/include/nourish_robot_arm_msgs/msg/joint__rosidl_typesupport_fastrtps_cpp.hpp
[0.971s] -- Up-to-date: /home/nikhil/nourish_ws/install/nourish_robot_arm_msgs/include/nourish_robot_arm_msgs/msg/acceleration__rosidl_typesupport_fastrtps_cpp.hpp
[0.972s] -- Up-to-date: /home/nikhil/nourish_ws/install/nourish_robot_arm_msgs/include/nourish_robot_arm_msgs/srv
[0.972s] -- Up-to-date: /home/nikhil/nourish_ws/install/nourish_robot_arm_msgs/include/nourish_robot_arm_msgs/srv/poll_position__rosidl_typesupport_fastrtps_cpp.hpp
[0.972s] -- Up-to-date: /home/nikhil/nourish_ws/install/nourish_robot_arm_msgs/include/nourish_robot_arm_msgs/srv/dds_fastrtps
[0.972s] -- Up-to-date: /home/nikhil/nourish_ws/install/nourish_robot_arm_msgs/include/nourish_robot_arm_msgs/srv/poll_status__rosidl_typesupport_fastrtps_cpp.hpp
[0.972s] -- Up-to-date: /home/nikhil/nourish_ws/install/nourish_robot_arm_msgs/lib/libnourish_robot_arm_msgs__rosidl_typesupport_fastrtps_cpp.so
[0.972s] -- Up-to-date: /home/nikhil/nourish_ws/install/nourish_robot_arm_msgs/share/nourish_robot_arm_msgs/environment/pythonpath.sh
[0.972s] -- Up-to-date: /home/nikhil/nourish_ws/install/nourish_robot_arm_msgs/lib/python3.6/site-packages/nourish_robot_arm_msgs/__init__.py
[1.006s] -- Up-to-date: /home/nikhil/nourish_ws/install/nourish_robot_arm_msgs/lib/python3.6/site-packages/nourish_robot_arm_msgs/srv
[1.007s] -- Up-to-date: /home/nikhil/nourish_ws/install/nourish_robot_arm_msgs/lib/python3.6/site-packages/nourish_robot_arm_msgs/srv/_poll_position.py
[1.007s] -- Up-to-date: /home/nikhil/nourish_ws/install/nourish_robot_arm_msgs/lib/python3.6/site-packages/nourish_robot_arm_msgs/srv/__init__.py
[1.007s] -- Up-to-date: /home/nikhil/nourish_ws/install/nourish_robot_arm_msgs/lib/python3.6/site-packages/nourish_robot_arm_msgs/srv/_poll_status_s.c
[1.007s] -- Up-to-date: /home/nikhil/nourish_ws/install/nourish_robot_arm_msgs/lib/python3.6/site-packages/nourish_robot_arm_msgs/srv/_poll_status.py
[1.007s] -- Up-to-date: /home/nikhil/nourish_ws/install/nourish_robot_arm_msgs/lib/python3.6/site-packages/nourish_robot_arm_msgs/srv/_poll_position_s.c
[1.007s] -- Up-to-date: /home/nikhil/nourish_ws/install/nourish_robot_arm_msgs/lib/python3.6/site-packages/nourish_robot_arm_msgs/action
[1.007s] -- Up-to-date: /home/nikhil/nourish_ws/install/nourish_robot_arm_msgs/lib/python3.6/site-packages/nourish_robot_arm_msgs/action/_execute_path.py
[1.007s] -- Up-to-date: /home/nikhil/nourish_ws/install/nourish_robot_arm_msgs/lib/python3.6/site-packages/nourish_robot_arm_msgs/action/__init__.py
[1.007s] -- Up-to-date: /home/nikhil/nourish_ws/install/nourish_robot_arm_msgs/lib/python3.6/site-packages/nourish_robot_arm_msgs/action/_execute_path_s.c
[1.008s] -- Up-to-date: /home/nikhil/nourish_ws/install/nourish_robot_arm_msgs/lib/python3.6/site-packages/nourish_robot_arm_msgs/action/_register_point.py
[1.008s] -- Up-to-date: /home/nikhil/nourish_ws/install/nourish_robot_arm_msgs/lib/python3.6/site-packages/nourish_robot_arm_msgs/action/_register_point_s.c
[1.008s] -- Up-to-date: /home/nikhil/nourish_ws/install/nourish_robot_arm_msgs/lib/python3.6/site-packages/nourish_robot_arm_msgs/msg
[1.008s] -- Up-to-date: /home/nikhil/nourish_ws/install/nourish_robot_arm_msgs/lib/python3.6/site-packages/nourish_robot_arm_msgs/msg/_position_state_s.c
[1.008s] -- Up-to-date: /home/nikhil/nourish_ws/install/nourish_robot_arm_msgs/lib/python3.6/site-packages/nourish_robot_arm_msgs/msg/_acceleration_s.c
[1.008s] -- Up-to-date: /home/nikhil/nourish_ws/install/nourish_robot_arm_msgs/lib/python3.6/site-packages/nourish_robot_arm_msgs/msg/_tool_s.c
[1.008s] -- Up-to-date: /home/nikhil/nourish_ws/install/nourish_robot_arm_msgs/lib/python3.6/site-packages/nourish_robot_arm_msgs/msg/_position_state.py
[1.008s] -- Up-to-date: /home/nikhil/nourish_ws/install/nourish_robot_arm_msgs/lib/python3.6/site-packages/nourish_robot_arm_msgs/msg/_robot_move_s.c
[1.008s] -- Up-to-date: /home/nikhil/nourish_ws/install/nourish_robot_arm_msgs/lib/python3.6/site-packages/nourish_robot_arm_msgs/msg/_robot_arm_state.py
[1.008s] -- Up-to-date: /home/nikhil/nourish_ws/install/nourish_robot_arm_msgs/lib/python3.6/site-packages/nourish_robot_arm_msgs/msg/_joint_s.c
[1.008s] -- Up-to-date: /home/nikhil/nourish_ws/install/nourish_robot_arm_msgs/lib/python3.6/site-packages/nourish_robot_arm_msgs/msg/_acceleration.py
[1.009s] -- Up-to-date: /home/nikhil/nourish_ws/install/nourish_robot_arm_msgs/lib/python3.6/site-packages/nourish_robot_arm_msgs/msg/_robot_arm_state_s.c
[1.009s] -- Up-to-date: /home/nikhil/nourish_ws/install/nourish_robot_arm_msgs/lib/python3.6/site-packages/nourish_robot_arm_msgs/msg/_joint.py
[1.009s] -- Up-to-date: /home/nikhil/nourish_ws/install/nourish_robot_arm_msgs/lib/python3.6/site-packages/nourish_robot_arm_msgs/msg/_speed_s.c
[1.009s] -- Up-to-date: /home/nikhil/nourish_ws/install/nourish_robot_arm_msgs/lib/python3.6/site-packages/nourish_robot_arm_msgs/msg/_work_object_s.c
[1.009s] -- Up-to-date: /home/nikhil/nourish_ws/install/nourish_robot_arm_msgs/lib/python3.6/site-packages/nourish_robot_arm_msgs/msg/__init__.py
[1.009s] -- Up-to-date: /home/nikhil/nourish_ws/install/nourish_robot_arm_msgs/lib/python3.6/site-packages/nourish_robot_arm_msgs/msg/_pose_s.c
[1.009s] -- Up-to-date: /home/nikhil/nourish_ws/install/nourish_robot_arm_msgs/lib/python3.6/site-packages/nourish_robot_arm_msgs/msg/_pose.py
[1.009s] -- Up-to-date: /home/nikhil/nourish_ws/install/nourish_robot_arm_msgs/lib/python3.6/site-packages/nourish_robot_arm_msgs/msg/_zone.py
[1.009s] -- Up-to-date: /home/nikhil/nourish_ws/install/nourish_robot_arm_msgs/lib/python3.6/site-packages/nourish_robot_arm_msgs/msg/_robot_move.py
[1.009s] -- Up-to-date: /home/nikhil/nourish_ws/install/nourish_robot_arm_msgs/lib/python3.6/site-packages/nourish_robot_arm_msgs/msg/_zone_s.c
[1.009s] -- Up-to-date: /home/nikhil/nourish_ws/install/nourish_robot_arm_msgs/lib/python3.6/site-packages/nourish_robot_arm_msgs/msg/_work_object.py
[1.009s] -- Up-to-date: /home/nikhil/nourish_ws/install/nourish_robot_arm_msgs/lib/python3.6/site-packages/nourish_robot_arm_msgs/msg/_speed.py
[1.010s] -- Up-to-date: /home/nikhil/nourish_ws/install/nourish_robot_arm_msgs/lib/python3.6/site-packages/nourish_robot_arm_msgs/msg/_tool.py
[1.010s] -- Up-to-date: /home/nikhil/nourish_ws/install/nourish_robot_arm_msgs/lib/python3.6/site-packages/nourish_robot_arm_msgs/nourish_robot_arm_msgs_s__rosidl_typesupport_c.cpython-36m-x86_64-linux-gnu.so
[1.010s] -- Up-to-date: /home/nikhil/nourish_ws/install/nourish_robot_arm_msgs/lib/python3.6/site-packages/nourish_robot_arm_msgs/nourish_robot_arm_msgs_s__rosidl_typesupport_introspection_c.cpython-36m-x86_64-linux-gnu.so
[1.014s] -- Up-to-date: /home/nikhil/nourish_ws/install/nourish_robot_arm_msgs/lib/python3.6/site-packages/nourish_robot_arm_msgs/nourish_robot_arm_msgs_s__rosidl_typesupport_fastrtps_c.cpython-36m-x86_64-linux-gnu.so
[1.015s] -- Up-to-date: /home/nikhil/nourish_ws/install/nourish_robot_arm_msgs/lib/libnourish_robot_arm_msgs__python.so
[1.015s] -- Up-to-date: /home/nikhil/nourish_ws/install/nourish_robot_arm_msgs/share/nourish_robot_arm_msgs/srv/PollPosition.idl
[1.015s] -- Up-to-date: /home/nikhil/nourish_ws/install/nourish_robot_arm_msgs/share/nourish_robot_arm_msgs/srv/PollStatus.idl
[1.015s] -- Up-to-date: /home/nikhil/nourish_ws/install/nourish_robot_arm_msgs/share/nourish_robot_arm_msgs/action/ExecutePath.idl
[1.015s] -- Up-to-date: /home/nikhil/nourish_ws/install/nourish_robot_arm_msgs/share/nourish_robot_arm_msgs/action/RegisterPoint.idl
[1.015s] -- Up-to-date: /home/nikhil/nourish_ws/install/nourish_robot_arm_msgs/share/nourish_robot_arm_msgs/msg/Acceleration.idl
[1.016s] -- Up-to-date: /home/nikhil/nourish_ws/install/nourish_robot_arm_msgs/share/nourish_robot_arm_msgs/msg/Joint.idl
[1.016s] -- Up-to-date: /home/nikhil/nourish_ws/install/nourish_robot_arm_msgs/share/nourish_robot_arm_msgs/msg/Pose.idl
[1.016s] -- Up-to-date: /home/nikhil/nourish_ws/install/nourish_robot_arm_msgs/share/nourish_robot_arm_msgs/msg/RobotArmState.idl
[1.016s] -- Up-to-date: /home/nikhil/nourish_ws/install/nourish_robot_arm_msgs/share/nourish_robot_arm_msgs/msg/RobotMove.idl
[1.016s] -- Up-to-date: /home/nikhil/nourish_ws/install/nourish_robot_arm_msgs/share/nourish_robot_arm_msgs/msg/Speed.idl
[1.016s] -- Up-to-date: /home/nikhil/nourish_ws/install/nourish_robot_arm_msgs/share/nourish_robot_arm_msgs/msg/Tool.idl
[1.016s] -- Up-to-date: /home/nikhil/nourish_ws/install/nourish_robot_arm_msgs/share/nourish_robot_arm_msgs/msg/WorkObject.idl
[1.017s] -- Up-to-date: /home/nikhil/nourish_ws/install/nourish_robot_arm_msgs/share/nourish_robot_arm_msgs/msg/Zone.idl
[1.017s] -- Up-to-date: /home/nikhil/nourish_ws/install/nourish_robot_arm_msgs/share/nourish_robot_arm_msgs/msg/PositionState.idl
[1.017s] -- Up-to-date: /home/nikhil/nourish_ws/install/nourish_robot_arm_msgs/share/nourish_robot_arm_msgs/srv/PollPosition.srv
[1.017s] -- Up-to-date: /home/nikhil/nourish_ws/install/nourish_robot_arm_msgs/share/nourish_robot_arm_msgs/srv/PollPosition_Request.msg
[1.018s] -- Up-to-date: /home/nikhil/nourish_ws/install/nourish_robot_arm_msgs/share/nourish_robot_arm_msgs/srv/PollPosition_Response.msg
[1.018s] -- Up-to-date: /home/nikhil/nourish_ws/install/nourish_robot_arm_msgs/share/nourish_robot_arm_msgs/srv/PollStatus.srv
[1.019s] -- Up-to-date: /home/nikhil/nourish_ws/install/nourish_robot_arm_msgs/share/nourish_robot_arm_msgs/srv/PollStatus_Request.msg
[1.019s] -- Up-to-date: /home/nikhil/nourish_ws/install/nourish_robot_arm_msgs/share/nourish_robot_arm_msgs/srv/PollStatus_Response.msg
[1.019s] -- Up-to-date: /home/nikhil/nourish_ws/install/nourish_robot_arm_msgs/share/nourish_robot_arm_msgs/action/ExecutePath.action
[1.019s] -- Up-to-date: /home/nikhil/nourish_ws/install/nourish_robot_arm_msgs/share/nourish_robot_arm_msgs/action/RegisterPoint.action
[1.019s] -- Up-to-date: /home/nikhil/nourish_ws/install/nourish_robot_arm_msgs/share/nourish_robot_arm_msgs/msg/Acceleration.msg
[1.020s] -- Up-to-date: /home/nikhil/nourish_ws/install/nourish_robot_arm_msgs/share/nourish_robot_arm_msgs/msg/Joint.msg
[1.020s] -- Up-to-date: /home/nikhil/nourish_ws/install/nourish_robot_arm_msgs/share/nourish_robot_arm_msgs/msg/Pose.msg
[1.021s] -- Up-to-date: /home/nikhil/nourish_ws/install/nourish_robot_arm_msgs/share/nourish_robot_arm_msgs/msg/RobotArmState.msg
[1.021s] -- Up-to-date: /home/nikhil/nourish_ws/install/nourish_robot_arm_msgs/share/nourish_robot_arm_msgs/msg/RobotMove.msg
[1.022s] -- Up-to-date: /home/nikhil/nourish_ws/install/nourish_robot_arm_msgs/share/nourish_robot_arm_msgs/msg/Speed.msg
[1.023s] -- Up-to-date: /home/nikhil/nourish_ws/install/nourish_robot_arm_msgs/share/nourish_robot_arm_msgs/msg/Tool.msg
[1.023s] -- Up-to-date: /home/nikhil/nourish_ws/install/nourish_robot_arm_msgs/share/nourish_robot_arm_msgs/msg/WorkObject.msg
[1.023s] -- Up-to-date: /home/nikhil/nourish_ws/install/nourish_robot_arm_msgs/share/nourish_robot_arm_msgs/msg/Zone.msg
[1.024s] -- Up-to-date: /home/nikhil/nourish_ws/install/nourish_robot_arm_msgs/share/nourish_robot_arm_msgs/msg/PositionState.msg
[1.024s] -- Up-to-date: /home/nikhil/nourish_ws/install/nourish_robot_arm_msgs/share/ament_index/resource_index/package_run_dependencies/nourish_robot_arm_msgs
[1.024s] -- Up-to-date: /home/nikhil/nourish_ws/install/nourish_robot_arm_msgs/share/ament_index/resource_index/parent_prefix_path/nourish_robot_arm_msgs
[1.024s] -- Up-to-date: /home/nikhil/nourish_ws/install/nourish_robot_arm_msgs/share/nourish_robot_arm_msgs/environment/ament_prefix_path.sh
[1.025s] -- Up-to-date: /home/nikhil/nourish_ws/install/nourish_robot_arm_msgs/share/nourish_robot_arm_msgs/environment/path.sh
[1.025s] -- Up-to-date: /home/nikhil/nourish_ws/install/nourish_robot_arm_msgs/share/nourish_robot_arm_msgs/local_setup.bash
[1.025s] -- Up-to-date: /home/nikhil/nourish_ws/install/nourish_robot_arm_msgs/share/nourish_robot_arm_msgs/local_setup.sh
[1.026s] -- Up-to-date: /home/nikhil/nourish_ws/install/nourish_robot_arm_msgs/share/nourish_robot_arm_msgs/local_setup.zsh
[1.026s] -- Up-to-date: /home/nikhil/nourish_ws/install/nourish_robot_arm_msgs/share/ament_index/resource_index/packages/nourish_robot_arm_msgs
[1.027s] -- Up-to-date: /home/nikhil/nourish_ws/install/nourish_robot_arm_msgs/share/nourish_robot_arm_msgs/cmake/rosidl_cmake-extras.cmake
[1.027s] -- Up-to-date: /home/nikhil/nourish_ws/install/nourish_robot_arm_msgs/share/nourish_robot_arm_msgs/cmake/ament_cmake_export_dependencies-extras.cmake
[1.027s] -- Up-to-date: /home/nikhil/nourish_ws/install/nourish_robot_arm_msgs/share/nourish_robot_arm_msgs/cmake/ament_cmake_export_include_directories-extras.cmake
[1.028s] -- Up-to-date: /home/nikhil/nourish_ws/install/nourish_robot_arm_msgs/share/nourish_robot_arm_msgs/cmake/ament_cmake_export_libraries-extras.cmake
[1.028s] -- Up-to-date: /home/nikhil/nourish_ws/install/nourish_robot_arm_msgs/share/nourish_robot_arm_msgs/cmake/nourish_robot_arm_msgsConfig.cmake
[1.028s] -- Up-to-date: /home/nikhil/nourish_ws/install/nourish_robot_arm_msgs/share/nourish_robot_arm_msgs/cmake/nourish_robot_arm_msgsConfig-version.cmake
[1.028s] -- Up-to-date: /home/nikhil/nourish_ws/install/nourish_robot_arm_msgs/share/nourish_robot_arm_msgs/package.xml
[1.033s] Invoked command in '/home/nikhil/nourish_ws/build/nourish_robot_arm_msgs' returned '0': /usr/bin/cmake --build /home/nikhil/nourish_ws/build/nourish_robot_arm_msgs --target install -- -j12 -l12
