[0.096s] [  1%] Built target juice_spout_msgs__cpp
[0.099s] [ 12%] Built target juice_spout_msgs__rosidl_generator_c
[0.152s] [ 23%] Built target juice_spout_msgs__rosidl_typesupport_introspection_cpp
[0.157s] [ 34%] Built target juice_spout_msgs__rosidl_typesupport_c
[0.165s] [ 45%] Built target juice_spout_msgs__rosidl_typesupport_cpp
[0.167s] [ 56%] Built target juice_spout_msgs__rosidl_typesupport_introspection_c
[0.179s] [ 67%] Built target juice_spout_msgs__rosidl_typesupport_fastrtps_cpp
[0.227s] [ 78%] Built target juice_spout_msgs__rosidl_typesupport_fastrtps_c
[0.258s] [ 78%] Built target juice_spout_msgs
[0.288s] [ 80%] Built target juice_spout_msgs__py
[0.329s] [ 89%] Built target juice_spout_msgs__python
[0.366s] [ 92%] Built target juice_spout_msgs__rosidl_typesupport_fastrtps_c__pyext
[0.368s] [ 96%] Built target juice_spout_msgs__rosidl_typesupport_c__pyext
[0.372s] [100%] Built target juice_spout_msgs__rosidl_typesupport_introspection_c__pyext
[0.623s] [  1%] Built target juice_spout_msgs__cpp
[0.626s] [ 12%] Built target juice_spout_msgs__rosidl_generator_c
[0.661s] [ 23%] Built target juice_spout_msgs__rosidl_typesupport_cpp
[0.664s] [ 34%] Built target juice_spout_msgs__rosidl_typesupport_introspection_cpp
[0.666s] [ 45%] Built target juice_spout_msgs__rosidl_typesupport_c
[0.672s] [ 56%] Built target juice_spout_msgs__rosidl_typesupport_introspection_c
[0.676s] [ 67%] Built target juice_spout_msgs__rosidl_typesupport_fastrtps_cpp
[0.721s] [ 78%] Built target juice_spout_msgs__rosidl_typesupport_fastrtps_c
[0.748s] [ 78%] Built target juice_spout_msgs
[0.786s] [ 80%] Built target juice_spout_msgs__py
[0.826s] [ 89%] Built target juice_spout_msgs__python
[0.860s] [ 92%] Built target juice_spout_msgs__rosidl_typesupport_fastrtps_c__pyext
[0.865s] [ 96%] Built target juice_spout_msgs__rosidl_typesupport_c__pyext
[0.866s] [100%] Built target juice_spout_msgs__rosidl_typesupport_introspection_c__pyext
[0.896s] [36mInstall the project...[0m
[0.904s] -- Install configuration: ""
[0.905s] -- Up-to-date: /home/nikhil/nourish_ws/install/juice_spout_msgs/share/ament_index/resource_index/rosidl_interfaces/juice_spout_msgs
[0.906s] -- Up-to-date: /home/nikhil/nourish_ws/install/juice_spout_msgs/include/juice_spout_msgs
[0.906s] -- Up-to-date: /home/nikhil/nourish_ws/install/juice_spout_msgs/include/juice_spout_msgs/action
[0.908s] -- Up-to-date: /home/nikhil/nourish_ws/install/juice_spout_msgs/include/juice_spout_msgs/action/run_action_recipe.hpp
[0.908s] -- Up-to-date: /home/nikhil/nourish_ws/install/juice_spout_msgs/include/juice_spout_msgs/action/run_action_recipe__struct.hpp
[0.908s] -- Up-to-date: /home/nikhil/nourish_ws/install/juice_spout_msgs/include/juice_spout_msgs/action/run_action_recipe__traits.hpp
[0.908s] -- Up-to-date: /home/nikhil/nourish_ws/install/juice_spout_msgs/include/juice_spout_msgs/msg
[0.908s] -- Up-to-date: /home/nikhil/nourish_ws/install/juice_spout_msgs/include/juice_spout_msgs/msg/spout_state__traits.hpp
[0.909s] -- Up-to-date: /home/nikhil/nourish_ws/install/juice_spout_msgs/include/juice_spout_msgs/msg/spout_state.hpp
[0.909s] -- Up-to-date: /home/nikhil/nourish_ws/install/juice_spout_msgs/include/juice_spout_msgs/msg/spout_state__struct.hpp
[0.909s] -- Up-to-date: /home/nikhil/nourish_ws/install/juice_spout_msgs/include/juice_spout_msgs/srv
[0.909s] -- Up-to-date: /home/nikhil/nourish_ws/install/juice_spout_msgs/include/juice_spout_msgs/srv/run_recipe__struct.hpp
[0.909s] -- Up-to-date: /home/nikhil/nourish_ws/install/juice_spout_msgs/include/juice_spout_msgs/srv/set_fill.hpp
[0.909s] -- Up-to-date: /home/nikhil/nourish_ws/install/juice_spout_msgs/include/juice_spout_msgs/srv/set_fill__traits.hpp
[0.909s] -- Up-to-date: /home/nikhil/nourish_ws/install/juice_spout_msgs/include/juice_spout_msgs/srv/run_recipe.hpp
[0.910s] -- Up-to-date: /home/nikhil/nourish_ws/install/juice_spout_msgs/include/juice_spout_msgs/srv/set_fill__struct.hpp
[0.910s] -- Up-to-date: /home/nikhil/nourish_ws/install/juice_spout_msgs/include/juice_spout_msgs/srv/run_recipe__traits.hpp
[0.910s] -- Up-to-date: /home/nikhil/nourish_ws/install/juice_spout_msgs/include/juice_spout_msgs
[0.910s] -- Up-to-date: /home/nikhil/nourish_ws/install/juice_spout_msgs/include/juice_spout_msgs/action
[0.910s] -- Up-to-date: /home/nikhil/nourish_ws/install/juice_spout_msgs/include/juice_spout_msgs/action/run_action_recipe.h
[0.910s] -- Up-to-date: /home/nikhil/nourish_ws/install/juice_spout_msgs/include/juice_spout_msgs/action/run_action_recipe__type_support.h
[0.910s] -- Up-to-date: /home/nikhil/nourish_ws/install/juice_spout_msgs/include/juice_spout_msgs/action/run_action_recipe__functions.c
[0.910s] -- Up-to-date: /home/nikhil/nourish_ws/install/juice_spout_msgs/include/juice_spout_msgs/action/run_action_recipe__functions.h
[0.910s] -- Up-to-date: /home/nikhil/nourish_ws/install/juice_spout_msgs/include/juice_spout_msgs/action/run_action_recipe__struct.h
[0.911s] -- Up-to-date: /home/nikhil/nourish_ws/install/juice_spout_msgs/include/juice_spout_msgs/msg
[0.911s] -- Up-to-date: /home/nikhil/nourish_ws/install/juice_spout_msgs/include/juice_spout_msgs/msg/spout_state__struct.h
[0.911s] -- Up-to-date: /home/nikhil/nourish_ws/install/juice_spout_msgs/include/juice_spout_msgs/msg/spout_state__type_support.h
[0.911s] -- Up-to-date: /home/nikhil/nourish_ws/install/juice_spout_msgs/include/juice_spout_msgs/msg/spout_state__functions.c
[0.911s] -- Up-to-date: /home/nikhil/nourish_ws/install/juice_spout_msgs/include/juice_spout_msgs/msg/rosidl_generator_c__visibility_control.h
[0.911s] -- Up-to-date: /home/nikhil/nourish_ws/install/juice_spout_msgs/include/juice_spout_msgs/msg/spout_state__functions.h
[0.911s] -- Up-to-date: /home/nikhil/nourish_ws/install/juice_spout_msgs/include/juice_spout_msgs/msg/spout_state.h
[0.911s] -- Up-to-date: /home/nikhil/nourish_ws/install/juice_spout_msgs/include/juice_spout_msgs/srv
[0.911s] -- Up-to-date: /home/nikhil/nourish_ws/install/juice_spout_msgs/include/juice_spout_msgs/srv/run_recipe.h
[0.912s] -- Up-to-date: /home/nikhil/nourish_ws/install/juice_spout_msgs/include/juice_spout_msgs/srv/set_fill__type_support.h
[0.912s] -- Up-to-date: /home/nikhil/nourish_ws/install/juice_spout_msgs/include/juice_spout_msgs/srv/run_recipe__functions.c
[0.912s] -- Up-to-date: /home/nikhil/nourish_ws/install/juice_spout_msgs/include/juice_spout_msgs/srv/set_fill__functions.c
[0.912s] -- Up-to-date: /home/nikhil/nourish_ws/install/juice_spout_msgs/include/juice_spout_msgs/srv/run_recipe__struct.h
[0.913s] -- Up-to-date: /home/nikhil/nourish_ws/install/juice_spout_msgs/include/juice_spout_msgs/srv/set_fill.h
[0.914s] -- Up-to-date: /home/nikhil/nourish_ws/install/juice_spout_msgs/include/juice_spout_msgs/srv/set_fill__struct.h
[0.914s] -- Up-to-date: /home/nikhil/nourish_ws/install/juice_spout_msgs/include/juice_spout_msgs/srv/run_recipe__type_support.h
[0.914s] -- Up-to-date: /home/nikhil/nourish_ws/install/juice_spout_msgs/include/juice_spout_msgs/srv/set_fill__functions.h
[0.914s] -- Up-to-date: /home/nikhil/nourish_ws/install/juice_spout_msgs/include/juice_spout_msgs/srv/run_recipe__functions.h
[0.914s] -- Up-to-date: /home/nikhil/nourish_ws/install/juice_spout_msgs/share/juice_spout_msgs/environment/library_path.sh
[0.915s] -- Up-to-date: /home/nikhil/nourish_ws/install/juice_spout_msgs/lib/libjuice_spout_msgs__rosidl_generator_c.so
[0.915s] -- Up-to-date: /home/nikhil/nourish_ws/install/juice_spout_msgs/lib/libjuice_spout_msgs__rosidl_typesupport_c.so
[0.916s] -- Up-to-date: /home/nikhil/nourish_ws/install/juice_spout_msgs/lib/libjuice_spout_msgs__rosidl_typesupport_cpp.so
[0.916s] -- Up-to-date: /home/nikhil/nourish_ws/install/juice_spout_msgs/include/juice_spout_msgs
[0.916s] -- Up-to-date: /home/nikhil/nourish_ws/install/juice_spout_msgs/include/juice_spout_msgs/action
[0.917s] -- Up-to-date: /home/nikhil/nourish_ws/install/juice_spout_msgs/include/juice_spout_msgs/action/run_action_recipe__rosidl_typesupport_introspection_c.h
[0.917s] -- Up-to-date: /home/nikhil/nourish_ws/install/juice_spout_msgs/include/juice_spout_msgs/action/run_action_recipe__type_support.c
[0.917s] -- Up-to-date: /home/nikhil/nourish_ws/install/juice_spout_msgs/include/juice_spout_msgs/msg
[0.917s] -- Up-to-date: /home/nikhil/nourish_ws/install/juice_spout_msgs/include/juice_spout_msgs/msg/spout_state__type_support.c
[0.917s] -- Up-to-date: /home/nikhil/nourish_ws/install/juice_spout_msgs/include/juice_spout_msgs/msg/rosidl_typesupport_introspection_c__visibility_control.h
[0.917s] -- Up-to-date: /home/nikhil/nourish_ws/install/juice_spout_msgs/include/juice_spout_msgs/msg/spout_state__rosidl_typesupport_introspection_c.h
[0.918s] -- Up-to-date: /home/nikhil/nourish_ws/install/juice_spout_msgs/include/juice_spout_msgs/srv
[0.918s] -- Up-to-date: /home/nikhil/nourish_ws/install/juice_spout_msgs/include/juice_spout_msgs/srv/run_recipe__rosidl_typesupport_introspection_c.h
[0.918s] -- Up-to-date: /home/nikhil/nourish_ws/install/juice_spout_msgs/include/juice_spout_msgs/srv/set_fill__type_support.c
[0.918s] -- Up-to-date: /home/nikhil/nourish_ws/install/juice_spout_msgs/include/juice_spout_msgs/srv/set_fill__rosidl_typesupport_introspection_c.h
[0.918s] -- Up-to-date: /home/nikhil/nourish_ws/install/juice_spout_msgs/include/juice_spout_msgs/srv/run_recipe__type_support.c
[0.920s] -- Up-to-date: /home/nikhil/nourish_ws/install/juice_spout_msgs/lib/libjuice_spout_msgs__rosidl_typesupport_introspection_c.so
[0.920s] -- Up-to-date: /home/nikhil/nourish_ws/install/juice_spout_msgs/include/juice_spout_msgs
[0.921s] -- Up-to-date: /home/nikhil/nourish_ws/install/juice_spout_msgs/include/juice_spout_msgs/action
[0.921s] -- Up-to-date: /home/nikhil/nourish_ws/install/juice_spout_msgs/include/juice_spout_msgs/action/run_action_recipe__rosidl_typesupport_introspection_cpp.hpp
[0.921s] -- Up-to-date: /home/nikhil/nourish_ws/install/juice_spout_msgs/include/juice_spout_msgs/action/run_action_recipe__type_support.cpp
[0.921s] -- Up-to-date: /home/nikhil/nourish_ws/install/juice_spout_msgs/include/juice_spout_msgs/msg
[0.922s] -- Up-to-date: /home/nikhil/nourish_ws/install/juice_spout_msgs/include/juice_spout_msgs/msg/spout_state__rosidl_typesupport_introspection_cpp.hpp
[0.923s] -- Up-to-date: /home/nikhil/nourish_ws/install/juice_spout_msgs/include/juice_spout_msgs/msg/spout_state__type_support.cpp
[0.923s] -- Up-to-date: /home/nikhil/nourish_ws/install/juice_spout_msgs/include/juice_spout_msgs/srv
[0.924s] -- Up-to-date: /home/nikhil/nourish_ws/install/juice_spout_msgs/include/juice_spout_msgs/srv/run_recipe__type_support.cpp
[0.924s] -- Up-to-date: /home/nikhil/nourish_ws/install/juice_spout_msgs/include/juice_spout_msgs/srv/set_fill__rosidl_typesupport_introspection_cpp.hpp
[0.924s] -- Up-to-date: /home/nikhil/nourish_ws/install/juice_spout_msgs/include/juice_spout_msgs/srv/run_recipe__rosidl_typesupport_introspection_cpp.hpp
[0.925s] -- Up-to-date: /home/nikhil/nourish_ws/install/juice_spout_msgs/include/juice_spout_msgs/srv/set_fill__type_support.cpp
[0.925s] -- Up-to-date: /home/nikhil/nourish_ws/install/juice_spout_msgs/lib/libjuice_spout_msgs__rosidl_typesupport_introspection_cpp.so
[0.925s] -- Up-to-date: /home/nikhil/nourish_ws/install/juice_spout_msgs/include/juice_spout_msgs
[0.925s] -- Up-to-date: /home/nikhil/nourish_ws/install/juice_spout_msgs/include/juice_spout_msgs/action
[0.926s] -- Up-to-date: /home/nikhil/nourish_ws/install/juice_spout_msgs/include/juice_spout_msgs/action/run_action_recipe__rosidl_typesupport_fastrtps_c.h
[0.926s] -- Up-to-date: /home/nikhil/nourish_ws/install/juice_spout_msgs/include/juice_spout_msgs/msg
[0.926s] -- Up-to-date: /home/nikhil/nourish_ws/install/juice_spout_msgs/include/juice_spout_msgs/msg/spout_state__rosidl_typesupport_fastrtps_c.h
[0.926s] -- Up-to-date: /home/nikhil/nourish_ws/install/juice_spout_msgs/include/juice_spout_msgs/msg/rosidl_typesupport_fastrtps_c__visibility_control.h
[0.927s] -- Up-to-date: /home/nikhil/nourish_ws/install/juice_spout_msgs/include/juice_spout_msgs/srv
[0.927s] -- Up-to-date: /home/nikhil/nourish_ws/install/juice_spout_msgs/include/juice_spout_msgs/srv/run_recipe__rosidl_typesupport_fastrtps_c.h
[0.927s] -- Up-to-date: /home/nikhil/nourish_ws/install/juice_spout_msgs/include/juice_spout_msgs/srv/set_fill__rosidl_typesupport_fastrtps_c.h
[0.927s] -- Up-to-date: /home/nikhil/nourish_ws/install/juice_spout_msgs/lib/libjuice_spout_msgs__rosidl_typesupport_fastrtps_c.so
[0.928s] -- Up-to-date: /home/nikhil/nourish_ws/install/juice_spout_msgs/include/juice_spout_msgs
[0.928s] -- Up-to-date: /home/nikhil/nourish_ws/install/juice_spout_msgs/include/juice_spout_msgs/action
[0.928s] -- Up-to-date: /home/nikhil/nourish_ws/install/juice_spout_msgs/include/juice_spout_msgs/action/run_action_recipe__rosidl_typesupport_fastrtps_cpp.hpp
[0.929s] -- Up-to-date: /home/nikhil/nourish_ws/install/juice_spout_msgs/include/juice_spout_msgs/action/dds_fastrtps
[0.929s] -- Up-to-date: /home/nikhil/nourish_ws/install/juice_spout_msgs/include/juice_spout_msgs/msg
[0.929s] -- Up-to-date: /home/nikhil/nourish_ws/install/juice_spout_msgs/include/juice_spout_msgs/msg/dds_fastrtps
[0.931s] -- Up-to-date: /home/nikhil/nourish_ws/install/juice_spout_msgs/include/juice_spout_msgs/msg/rosidl_typesupport_fastrtps_cpp__visibility_control.h
[0.931s] -- Up-to-date: /home/nikhil/nourish_ws/install/juice_spout_msgs/include/juice_spout_msgs/msg/spout_state__rosidl_typesupport_fastrtps_cpp.hpp
[0.931s] -- Up-to-date: /home/nikhil/nourish_ws/install/juice_spout_msgs/include/juice_spout_msgs/srv
[0.931s] -- Up-to-date: /home/nikhil/nourish_ws/install/juice_spout_msgs/include/juice_spout_msgs/srv/run_recipe__rosidl_typesupport_fastrtps_cpp.hpp
[0.931s] -- Up-to-date: /home/nikhil/nourish_ws/install/juice_spout_msgs/include/juice_spout_msgs/srv/set_fill__rosidl_typesupport_fastrtps_cpp.hpp
[0.932s] -- Up-to-date: /home/nikhil/nourish_ws/install/juice_spout_msgs/include/juice_spout_msgs/srv/dds_fastrtps
[0.932s] -- Up-to-date: /home/nikhil/nourish_ws/install/juice_spout_msgs/lib/libjuice_spout_msgs__rosidl_typesupport_fastrtps_cpp.so
[0.932s] -- Up-to-date: /home/nikhil/nourish_ws/install/juice_spout_msgs/share/juice_spout_msgs/environment/pythonpath.sh
[0.933s] -- Up-to-date: /home/nikhil/nourish_ws/install/juice_spout_msgs/lib/python3.6/site-packages/juice_spout_msgs/__init__.py
[0.946s] -- Up-to-date: /home/nikhil/nourish_ws/install/juice_spout_msgs/lib/python3.6/site-packages/juice_spout_msgs/srv
[0.947s] -- Up-to-date: /home/nikhil/nourish_ws/install/juice_spout_msgs/lib/python3.6/site-packages/juice_spout_msgs/srv/_run_recipe.py
[0.947s] -- Up-to-date: /home/nikhil/nourish_ws/install/juice_spout_msgs/lib/python3.6/site-packages/juice_spout_msgs/srv/__init__.py
[0.947s] -- Up-to-date: /home/nikhil/nourish_ws/install/juice_spout_msgs/lib/python3.6/site-packages/juice_spout_msgs/srv/_set_fill.py
[0.947s] -- Up-to-date: /home/nikhil/nourish_ws/install/juice_spout_msgs/lib/python3.6/site-packages/juice_spout_msgs/srv/_run_recipe_s.c
[0.947s] -- Up-to-date: /home/nikhil/nourish_ws/install/juice_spout_msgs/lib/python3.6/site-packages/juice_spout_msgs/srv/_set_fill_s.c
[0.947s] -- Up-to-date: /home/nikhil/nourish_ws/install/juice_spout_msgs/lib/python3.6/site-packages/juice_spout_msgs/action
[0.947s] -- Up-to-date: /home/nikhil/nourish_ws/install/juice_spout_msgs/lib/python3.6/site-packages/juice_spout_msgs/action/_run_action_recipe_s.c
[0.947s] -- Up-to-date: /home/nikhil/nourish_ws/install/juice_spout_msgs/lib/python3.6/site-packages/juice_spout_msgs/action/__init__.py
[0.947s] -- Up-to-date: /home/nikhil/nourish_ws/install/juice_spout_msgs/lib/python3.6/site-packages/juice_spout_msgs/action/_run_action_recipe.py
[0.947s] -- Up-to-date: /home/nikhil/nourish_ws/install/juice_spout_msgs/lib/python3.6/site-packages/juice_spout_msgs/msg
[0.948s] -- Up-to-date: /home/nikhil/nourish_ws/install/juice_spout_msgs/lib/python3.6/site-packages/juice_spout_msgs/msg/_spout_state.py
[0.948s] -- Up-to-date: /home/nikhil/nourish_ws/install/juice_spout_msgs/lib/python3.6/site-packages/juice_spout_msgs/msg/_spout_state_s.c
[0.948s] -- Up-to-date: /home/nikhil/nourish_ws/install/juice_spout_msgs/lib/python3.6/site-packages/juice_spout_msgs/msg/__init__.py
[0.948s] -- Up-to-date: /home/nikhil/nourish_ws/install/juice_spout_msgs/lib/python3.6/site-packages/juice_spout_msgs/juice_spout_msgs_s__rosidl_typesupport_c.cpython-36m-x86_64-linux-gnu.so
[0.948s] -- Up-to-date: /home/nikhil/nourish_ws/install/juice_spout_msgs/lib/python3.6/site-packages/juice_spout_msgs/juice_spout_msgs_s__rosidl_typesupport_introspection_c.cpython-36m-x86_64-linux-gnu.so
[0.948s] -- Up-to-date: /home/nikhil/nourish_ws/install/juice_spout_msgs/lib/python3.6/site-packages/juice_spout_msgs/juice_spout_msgs_s__rosidl_typesupport_fastrtps_c.cpython-36m-x86_64-linux-gnu.so
[0.949s] -- Up-to-date: /home/nikhil/nourish_ws/install/juice_spout_msgs/lib/libjuice_spout_msgs__python.so
[0.949s] -- Up-to-date: /home/nikhil/nourish_ws/install/juice_spout_msgs/share/juice_spout_msgs/srv/RunRecipe.idl
[0.949s] -- Up-to-date: /home/nikhil/nourish_ws/install/juice_spout_msgs/share/juice_spout_msgs/srv/SetFill.idl
[0.949s] -- Up-to-date: /home/nikhil/nourish_ws/install/juice_spout_msgs/share/juice_spout_msgs/action/RunActionRecipe.idl
[0.949s] -- Up-to-date: /home/nikhil/nourish_ws/install/juice_spout_msgs/share/juice_spout_msgs/msg/SpoutState.idl
[0.950s] -- Up-to-date: /home/nikhil/nourish_ws/install/juice_spout_msgs/share/juice_spout_msgs/srv/RunRecipe.srv
[0.950s] -- Up-to-date: /home/nikhil/nourish_ws/install/juice_spout_msgs/share/juice_spout_msgs/srv/RunRecipe_Request.msg
[0.950s] -- Up-to-date: /home/nikhil/nourish_ws/install/juice_spout_msgs/share/juice_spout_msgs/srv/RunRecipe_Response.msg
[0.950s] -- Up-to-date: /home/nikhil/nourish_ws/install/juice_spout_msgs/share/juice_spout_msgs/srv/SetFill.srv
[0.950s] -- Up-to-date: /home/nikhil/nourish_ws/install/juice_spout_msgs/share/juice_spout_msgs/srv/SetFill_Request.msg
[0.950s] -- Up-to-date: /home/nikhil/nourish_ws/install/juice_spout_msgs/share/juice_spout_msgs/srv/SetFill_Response.msg
[0.950s] -- Up-to-date: /home/nikhil/nourish_ws/install/juice_spout_msgs/share/juice_spout_msgs/action/RunActionRecipe.action
[0.950s] -- Up-to-date: /home/nikhil/nourish_ws/install/juice_spout_msgs/share/juice_spout_msgs/msg/SpoutState.msg
[0.950s] -- Up-to-date: /home/nikhil/nourish_ws/install/juice_spout_msgs/share/ament_index/resource_index/package_run_dependencies/juice_spout_msgs
[0.951s] -- Up-to-date: /home/nikhil/nourish_ws/install/juice_spout_msgs/share/ament_index/resource_index/parent_prefix_path/juice_spout_msgs
[0.951s] -- Up-to-date: /home/nikhil/nourish_ws/install/juice_spout_msgs/share/juice_spout_msgs/environment/ament_prefix_path.sh
[0.951s] -- Up-to-date: /home/nikhil/nourish_ws/install/juice_spout_msgs/share/juice_spout_msgs/environment/path.sh
[0.951s] -- Up-to-date: /home/nikhil/nourish_ws/install/juice_spout_msgs/share/juice_spout_msgs/local_setup.bash
[0.951s] -- Up-to-date: /home/nikhil/nourish_ws/install/juice_spout_msgs/share/juice_spout_msgs/local_setup.sh
[0.951s] -- Up-to-date: /home/nikhil/nourish_ws/install/juice_spout_msgs/share/juice_spout_msgs/local_setup.zsh
[0.951s] -- Up-to-date: /home/nikhil/nourish_ws/install/juice_spout_msgs/share/ament_index/resource_index/packages/juice_spout_msgs
[0.951s] -- Up-to-date: /home/nikhil/nourish_ws/install/juice_spout_msgs/share/juice_spout_msgs/cmake/rosidl_cmake-extras.cmake
[0.952s] -- Up-to-date: /home/nikhil/nourish_ws/install/juice_spout_msgs/share/juice_spout_msgs/cmake/ament_cmake_export_dependencies-extras.cmake
[0.952s] -- Up-to-date: /home/nikhil/nourish_ws/install/juice_spout_msgs/share/juice_spout_msgs/cmake/ament_cmake_export_include_directories-extras.cmake
[0.952s] -- Up-to-date: /home/nikhil/nourish_ws/install/juice_spout_msgs/share/juice_spout_msgs/cmake/ament_cmake_export_libraries-extras.cmake
[0.952s] -- Up-to-date: /home/nikhil/nourish_ws/install/juice_spout_msgs/share/juice_spout_msgs/cmake/juice_spout_msgsConfig.cmake
[0.952s] -- Up-to-date: /home/nikhil/nourish_ws/install/juice_spout_msgs/share/juice_spout_msgs/cmake/juice_spout_msgsConfig-version.cmake
[0.952s] -- Up-to-date: /home/nikhil/nourish_ws/install/juice_spout_msgs/share/juice_spout_msgs/package.xml
