[0.039s] Invoking command in '/home/nikhil/nourish_ws/build/nourish_scale': CMAKE_PREFIX_PATH=/home/nikhil/nourish_ws/install/nourish_dcb:/home/nikhil/nourish_ws/install/serial:/home/nikhil/nourish_ws/install/nourish_scale_msgs:/home/nikhil/nourish_ws/install/nourish_scale:/home/nikhil/nourish_ws/install/juice_dcb:/home/nikhil/nourish_ws/install/nourish_robot_arm_msgs:/home/nikhil/nourish_ws/install/juice_spout:/home/nikhil/nourish_ws/install/juice_spout_msgs:/home/nikhil/nourish_ws/install/juice_dcb_msgs:/home/nikhil/nourish_ws/install/dcb_gazebo:/home/nikhil/ros2_dashing/ros2-linux LD_LIBRARY_PATH=/home/nikhil/nourish_ws/install/nourish_scale_msgs/lib:/home/nikhil/nourish_ws/install/nourish_dcb/lib:/home/nikhil/nourish_ws/install/serial/lib:/home/nikhil/nourish_ws/install/nourish_robot_arm_msgs/lib:/home/nikhil/nourish_ws/install/juice_spout_msgs/lib:/home/nikhil/nourish_ws/install/juice_dcb_msgs/lib:/home/nikhil/ros2_dashing/ros2-linux/opt/yaml_cpp_vendor/lib:/home/nikhil/ros2_dashing/ros2-linux/opt/rviz_ogre_vendor/lib:/usr/lib:/home/nikhil/ros2_dashing/ros2-linux/lib:/usr/local/lib /usr/bin/cmake --build /home/nikhil/nourish_ws/build/nourish_scale -- -j12 -l12
[0.093s] [ 16%] Built target gtest
[0.099s] [ 33%] Built target gtest_main
[0.106s] [ 66%] Built target scale
[0.133s] [100%] Built target nourish_scale_my_test
[0.149s] Invoked command in '/home/nikhil/nourish_ws/build/nourish_scale' returned '0': CMAKE_PREFIX_PATH=/home/nikhil/nourish_ws/install/nourish_dcb:/home/nikhil/nourish_ws/install/serial:/home/nikhil/nourish_ws/install/nourish_scale_msgs:/home/nikhil/nourish_ws/install/nourish_scale:/home/nikhil/nourish_ws/install/juice_dcb:/home/nikhil/nourish_ws/install/nourish_robot_arm_msgs:/home/nikhil/nourish_ws/install/juice_spout:/home/nikhil/nourish_ws/install/juice_spout_msgs:/home/nikhil/nourish_ws/install/juice_dcb_msgs:/home/nikhil/nourish_ws/install/dcb_gazebo:/home/nikhil/ros2_dashing/ros2-linux LD_LIBRARY_PATH=/home/nikhil/nourish_ws/install/nourish_scale_msgs/lib:/home/nikhil/nourish_ws/install/nourish_dcb/lib:/home/nikhil/nourish_ws/install/serial/lib:/home/nikhil/nourish_ws/install/nourish_robot_arm_msgs/lib:/home/nikhil/nourish_ws/install/juice_spout_msgs/lib:/home/nikhil/nourish_ws/install/juice_dcb_msgs/lib:/home/nikhil/ros2_dashing/ros2-linux/opt/yaml_cpp_vendor/lib:/home/nikhil/ros2_dashing/ros2-linux/opt/rviz_ogre_vendor/lib:/usr/lib:/home/nikhil/ros2_dashing/ros2-linux/lib:/usr/local/lib /usr/bin/cmake --build /home/nikhil/nourish_ws/build/nourish_scale -- -j12 -l12
[0.187s] Invoking command in '/home/nikhil/nourish_ws/build/nourish_scale': CMAKE_PREFIX_PATH=/home/nikhil/nourish_ws/install/nourish_dcb:/home/nikhil/nourish_ws/install/serial:/home/nikhil/nourish_ws/install/nourish_scale_msgs:/home/nikhil/nourish_ws/install/nourish_scale:/home/nikhil/nourish_ws/install/juice_dcb:/home/nikhil/nourish_ws/install/nourish_robot_arm_msgs:/home/nikhil/nourish_ws/install/juice_spout:/home/nikhil/nourish_ws/install/juice_spout_msgs:/home/nikhil/nourish_ws/install/juice_dcb_msgs:/home/nikhil/nourish_ws/install/dcb_gazebo:/home/nikhil/ros2_dashing/ros2-linux LD_LIBRARY_PATH=/home/nikhil/nourish_ws/install/nourish_scale_msgs/lib:/home/nikhil/nourish_ws/install/nourish_dcb/lib:/home/nikhil/nourish_ws/install/serial/lib:/home/nikhil/nourish_ws/install/nourish_robot_arm_msgs/lib:/home/nikhil/nourish_ws/install/juice_spout_msgs/lib:/home/nikhil/nourish_ws/install/juice_dcb_msgs/lib:/home/nikhil/ros2_dashing/ros2-linux/opt/yaml_cpp_vendor/lib:/home/nikhil/ros2_dashing/ros2-linux/opt/rviz_ogre_vendor/lib:/usr/lib:/home/nikhil/ros2_dashing/ros2-linux/lib:/usr/local/lib /usr/bin/cmake --build /home/nikhil/nourish_ws/build/nourish_scale --target install -- -j12 -l12
[0.246s] [ 16%] Built target gtest
[0.247s] [ 33%] Built target gtest_main
[0.257s] [ 66%] Built target scale
[0.278s] [100%] Built target nourish_scale_my_test
[0.298s] [36mInstall the project...[0m
[0.307s] -- Install configuration: ""
[0.307s] -- Up-to-date: /home/nikhil/nourish_ws/install/nourish_scale/lib/nourish_scale/scale
[0.308s] -- Up-to-date: /home/nikhil/nourish_ws/install/nourish_scale/share/ament_index/resource_index/package_run_dependencies/nourish_scale
[0.308s] -- Up-to-date: /home/nikhil/nourish_ws/install/nourish_scale/share/ament_index/resource_index/parent_prefix_path/nourish_scale
[0.308s] -- Up-to-date: /home/nikhil/nourish_ws/install/nourish_scale/share/nourish_scale/environment/ament_prefix_path.sh
[0.308s] -- Up-to-date: /home/nikhil/nourish_ws/install/nourish_scale/share/nourish_scale/environment/path.sh
[0.308s] -- Up-to-date: /home/nikhil/nourish_ws/install/nourish_scale/share/nourish_scale/local_setup.bash
[0.308s] -- Up-to-date: /home/nikhil/nourish_ws/install/nourish_scale/share/nourish_scale/local_setup.sh
[0.308s] -- Up-to-date: /home/nikhil/nourish_ws/install/nourish_scale/share/nourish_scale/local_setup.zsh
[0.308s] -- Up-to-date: /home/nikhil/nourish_ws/install/nourish_scale/share/ament_index/resource_index/packages/nourish_scale
[0.309s] -- Up-to-date: /home/nikhil/nourish_ws/install/nourish_scale/share/nourish_scale/cmake/nourish_scaleConfig.cmake
[0.309s] -- Up-to-date: /home/nikhil/nourish_ws/install/nourish_scale/share/nourish_scale/cmake/nourish_scaleConfig-version.cmake
[0.309s] -- Up-to-date: /home/nikhil/nourish_ws/install/nourish_scale/share/nourish_scale/package.xml
[0.313s] Invoked command in '/home/nikhil/nourish_ws/build/nourish_scale' returned '0': CMAKE_PREFIX_PATH=/home/nikhil/nourish_ws/install/nourish_dcb:/home/nikhil/nourish_ws/install/serial:/home/nikhil/nourish_ws/install/nourish_scale_msgs:/home/nikhil/nourish_ws/install/nourish_scale:/home/nikhil/nourish_ws/install/juice_dcb:/home/nikhil/nourish_ws/install/nourish_robot_arm_msgs:/home/nikhil/nourish_ws/install/juice_spout:/home/nikhil/nourish_ws/install/juice_spout_msgs:/home/nikhil/nourish_ws/install/juice_dcb_msgs:/home/nikhil/nourish_ws/install/dcb_gazebo:/home/nikhil/ros2_dashing/ros2-linux LD_LIBRARY_PATH=/home/nikhil/nourish_ws/install/nourish_scale_msgs/lib:/home/nikhil/nourish_ws/install/nourish_dcb/lib:/home/nikhil/nourish_ws/install/serial/lib:/home/nikhil/nourish_ws/install/nourish_robot_arm_msgs/lib:/home/nikhil/nourish_ws/install/juice_spout_msgs/lib:/home/nikhil/nourish_ws/install/juice_dcb_msgs/lib:/home/nikhil/ros2_dashing/ros2-linux/opt/yaml_cpp_vendor/lib:/home/nikhil/ros2_dashing/ros2-linux/opt/rviz_ogre_vendor/lib:/usr/lib:/home/nikhil/ros2_dashing/ros2-linux/lib:/usr/local/lib /usr/bin/cmake --build /home/nikhil/nourish_ws/build/nourish_scale --target install -- -j12 -l12
