[0.070s] [35m[1mScanning dependencies of target scale[0m
[0.082s] [ 16%] Built target gtest_main
[0.082s] [ 33%] Built target gtest
[0.109s] [ 41%] [32mBuilding CXX object CMakeFiles/scale.dir/src/scale_node_main.cpp.o[0m
[0.126s] [ 75%] Built target nourish_scale_my_test
[0.950s] In file included from [01m[K/usr/include/x86_64-linux-gnu/c++/7/bits/c++allocator.h:33:0[m[K,
[0.950s]                  from [01m[K/usr/include/c++/7/bits/allocator.h:46[m[K,
[0.950s]                  from [01m[K/usr/include/c++/7/memory:63[m[K,
[0.950s]                  from [01m[K/home/nikhil/nourish_ws/src/ros2-nourish-scale/nourish_scale/src/scale_node_main.cpp:1[m[K:
[0.950s] /usr/include/c++/7/ext/new_allocator.h: In instantiation of ‘[01m[Kvoid __gnu_cxx::new_allocator<_Tp>::construct(_Up*, _Args&& ...) [with _Up = nourish::scale::ScaleNode; _Args = {}; _Tp = nourish::scale::ScaleNode][m[K’:
[0.950s] [01m[K/usr/include/c++/7/bits/alloc_traits.h:475:4:[m[K   required from ‘[01m[Kstatic void std::allocator_traits<std::allocator<_Tp1> >::construct(std::allocator_traits<std::allocator<_Tp1> >::allocator_type&, _Up*, _Args&& ...) [with _Up = nourish::scale::ScaleNode; _Args = {}; _Tp = nourish::scale::ScaleNode; std::allocator_traits<std::allocator<_Tp1> >::allocator_type = std::allocator<nourish::scale::ScaleNode>][m[K’
[0.950s] [01m[K/usr/include/c++/7/bits/shared_ptr_base.h:526:39:[m[K   required from ‘[01m[Kstd::_Sp_counted_ptr_inplace<_Tp, _Alloc, _Lp>::_Sp_counted_ptr_inplace(_Alloc, _Args&& ...) [with _Args = {}; _Tp = nourish::scale::ScaleNode; _Alloc = std::allocator<nourish::scale::ScaleNode>; __gnu_cxx::_Lock_policy _Lp = (__gnu_cxx::_Lock_policy)2][m[K’
[0.950s] [01m[K/usr/include/c++/7/bits/shared_ptr_base.h:637:4:[m[K   required from ‘[01m[Kstd::__shared_count<_Lp>::__shared_count(std::_Sp_make_shared_tag, _Tp*, const _Alloc&, _Args&& ...) [with _Tp = nourish::scale::ScaleNode; _Alloc = std::allocator<nourish::scale::ScaleNode>; _Args = {}; __gnu_cxx::_Lock_policy _Lp = (__gnu_cxx::_Lock_policy)2][m[K’
[0.950s] [01m[K/usr/include/c++/7/bits/shared_ptr_base.h:1295:35:[m[K   required from ‘[01m[Kstd::__shared_ptr<_Tp, _Lp>::__shared_ptr(std::_Sp_make_shared_tag, const _Alloc&, _Args&& ...) [with _Alloc = std::allocator<nourish::scale::ScaleNode>; _Args = {}; _Tp = nourish::scale::ScaleNode; __gnu_cxx::_Lock_policy _Lp = (__gnu_cxx::_Lock_policy)2][m[K’
[0.950s] [01m[K/usr/include/c++/7/bits/shared_ptr.h:344:64:[m[K   required from ‘[01m[Kstd::shared_ptr<_Tp>::shared_ptr(std::_Sp_make_shared_tag, const _Alloc&, _Args&& ...) [with _Alloc = std::allocator<nourish::scale::ScaleNode>; _Args = {}; _Tp = nourish::scale::ScaleNode][m[K’
[0.950s] [01m[K/usr/include/c++/7/bits/shared_ptr.h:690:14:[m[K   required from ‘[01m[Kstd::shared_ptr<_Tp> std::allocate_shared(const _Alloc&, _Args&& ...) [with _Tp = nourish::scale::ScaleNode; _Alloc = std::allocator<nourish::scale::ScaleNode>; _Args = {}][m[K’
[0.950s] [01m[K/usr/include/c++/7/bits/shared_ptr.h:706:39:[m[K   required from ‘[01m[Kstd::shared_ptr<_Tp> std::make_shared(_Args&& ...) [with _Tp = nourish::scale::ScaleNode; _Args = {}][m[K’
[0.950s] [01m[K/home/nikhil/nourish_ws/src/ros2-nourish-scale/nourish_scale/src/scale_node_main.cpp:10:60:[m[K   required from here
[0.951s] [01m[K/usr/include/c++/7/ext/new_allocator.h:136:4:[m[K [01;31m[Kerror: [m[Kno matching function for call to ‘[01m[Knourish::scale::ScaleNode::ScaleNode()[m[K’
[0.951s]   { [01;31m[K::new((void *)__p) _Up(std::forward<_Args>(__args)...)[m[K; }
[0.951s]     [01;31m[K^~~~~~~~~~~~~~~~~~~~~~~~~~~~~~~~~~~~~~~~~~~~~~~~~~~~~~[m[K
[0.951s] In file included from [01m[K/home/nikhil/nourish_ws/src/ros2-nourish-scale/nourish_scale/src/scale_node_main.cpp:2:0[m[K:
[0.951s] [01m[K/home/nikhil/nourish_ws/src/ros2-nourish-scale/nourish_scale/include/nourish_scale/scale.hpp:48:9:[m[K [01;36m[Knote: [m[Kcandidate: nourish::scale::ScaleNode::ScaleNode(const string&)
[0.951s]          [01;36m[KScaleNode[m[K(const std::string &serial_port);
[0.951s]          [01;36m[K^~~~~~~~~[m[K
[0.951s] [01m[K/home/nikhil/nourish_ws/src/ros2-nourish-scale/nourish_scale/include/nourish_scale/scale.hpp:48:9:[m[K [01;36m[Knote: [m[K  candidate expects 1 argument, 0 provided
[0.972s] make[2]: *** [CMakeFiles/scale.dir/src/scale_node_main.cpp.o] Error 1
[0.972s] CMakeFiles/scale.dir/build.make:62: recipe for target 'CMakeFiles/scale.dir/src/scale_node_main.cpp.o' failed
[0.973s] make[1]: *** [CMakeFiles/scale.dir/all] Error 2
[0.973s] CMakeFiles/Makefile2:67: recipe for target 'CMakeFiles/scale.dir/all' failed
[0.973s] Makefile:140: recipe for target 'all' failed
[0.973s] make: *** [all] Error 2
