[0.067s] Invoking command in '/home/nikhil/nourish_ws/build/image_geometry': /usr/bin/cmake --build /home/nikhil/nourish_ws/build/image_geometry -- -j12 -l12
[0.176s] [ 22%] Built target gtest
[0.180s] [ 55%] Built target image_geometry
[0.182s] [ 77%] Built target gtest_main
[0.262s] [100%] Built target image_geometry-utest
[0.314s] Invoked command in '/home/nikhil/nourish_ws/build/image_geometry' returned '0': /usr/bin/cmake --build /home/nikhil/nourish_ws/build/image_geometry -- -j12 -l12
[0.399s] Invoking command in '/home/nikhil/nourish_ws/build/image_geometry': /usr/bin/cmake --build /home/nikhil/nourish_ws/build/image_geometry --target install -- -j12 -l12
[0.486s] [ 22%] Built target gtest_main
[0.487s] [ 44%] Built target gtest
[0.502s] [ 77%] Built target image_geometry
[0.561s] [100%] Built target image_geometry-utest
[0.602s] [36mInstall the project...[0m
[0.617s] -- Install configuration: ""
[0.618s] -- Up-to-date: /home/nikhil/nourish_ws/install/image_geometry/share/image_geometry/environment/pythonpath.sh
[0.618s] -- Up-to-date: /home/nikhil/nourish_ws/install/image_geometry/lib/python3.6/site-packages/image_geometry
[0.618s] -- Up-to-date: /home/nikhil/nourish_ws/install/image_geometry/lib/python3.6/site-packages/image_geometry/cameramodels.py
[0.618s] -- Up-to-date: /home/nikhil/nourish_ws/install/image_geometry/lib/python3.6/site-packages/image_geometry/__init__.py
[0.671s] Listing '/home/nikhil/nourish_ws/install/image_geometry/lib/python3.6/site-packages/image_geometry'...
[0.677s] -- Up-to-date: /home/nikhil/nourish_ws/install/image_geometry/include/image_geometry
[0.678s] -- Up-to-date: /home/nikhil/nourish_ws/install/image_geometry/include/image_geometry/visibility_control.hpp
[0.678s] -- Up-to-date: /home/nikhil/nourish_ws/install/image_geometry/include/image_geometry/stereo_camera_model.h
[0.678s] -- Up-to-date: /home/nikhil/nourish_ws/install/image_geometry/include/image_geometry/pinhole_camera_model.h
[0.679s] -- Up-to-date: /home/nikhil/nourish_ws/install/image_geometry/lib/libimage_geometry.so
[0.679s] -- Up-to-date: /home/nikhil/nourish_ws/install/image_geometry/share/image_geometry/environment/library_path.sh
[0.679s] -- Up-to-date: /home/nikhil/nourish_ws/install/image_geometry/share/ament_index/resource_index/package_run_dependencies/image_geometry
[0.679s] -- Up-to-date: /home/nikhil/nourish_ws/install/image_geometry/share/ament_index/resource_index/parent_prefix_path/image_geometry
[0.679s] -- Up-to-date: /home/nikhil/nourish_ws/install/image_geometry/share/image_geometry/environment/ament_prefix_path.sh
[0.679s] -- Up-to-date: /home/nikhil/nourish_ws/install/image_geometry/share/image_geometry/environment/path.sh
[0.680s] -- Up-to-date: /home/nikhil/nourish_ws/install/image_geometry/share/image_geometry/local_setup.bash
[0.680s] -- Up-to-date: /home/nikhil/nourish_ws/install/image_geometry/share/image_geometry/local_setup.sh
[0.680s] -- Up-to-date: /home/nikhil/nourish_ws/install/image_geometry/share/image_geometry/local_setup.zsh
[0.681s] -- Up-to-date: /home/nikhil/nourish_ws/install/image_geometry/share/ament_index/resource_index/packages/image_geometry
[0.681s] -- Up-to-date: /home/nikhil/nourish_ws/install/image_geometry/share/image_geometry/cmake/ament_cmake_export_libraries-extras.cmake
[0.681s] -- Up-to-date: /home/nikhil/nourish_ws/install/image_geometry/share/image_geometry/cmake/ament_cmake_export_dependencies-extras.cmake
[0.681s] -- Up-to-date: /home/nikhil/nourish_ws/install/image_geometry/share/image_geometry/cmake/ament_cmake_export_include_directories-extras.cmake
[0.681s] -- Up-to-date: /home/nikhil/nourish_ws/install/image_geometry/share/image_geometry/cmake/image_geometryConfig.cmake
[0.682s] -- Up-to-date: /home/nikhil/nourish_ws/install/image_geometry/share/image_geometry/cmake/image_geometryConfig-version.cmake
[0.682s] -- Up-to-date: /home/nikhil/nourish_ws/install/image_geometry/share/image_geometry/package.xml
[0.710s] Invoked command in '/home/nikhil/nourish_ws/build/image_geometry' returned '0': /usr/bin/cmake --build /home/nikhil/nourish_ws/build/image_geometry --target install -- -j12 -l12
