[0.131s] DEBUG:colcon:Command line arguments: ['/usr/bin/colcon', 'build']
[0.131s] DEBUG:colcon:Parsed command line arguments: Namespace(ament_cmake_args=None, base_paths=['.'], build_base='build', catkin_cmake_args=None, catkin_skip_building_tests=False, cmake_args=None, cmake_clean_cache=False, cmake_clean_first=False, cmake_force_configure=False, cmake_target=None, cmake_target_skip_unavailable=False, continue_on_error=False, event_handlers=None, executor='parallel', ignore_user_meta=False, install_base='install', log_base=None, log_level=None, main=<bound method BuildVerb.main of <colcon_core.verb.build.BuildVerb object at 0x7fb87be01a20>>, merge_install=False, metas=['./colcon.meta'], packages_above=None, packages_above_depth=None, packages_end=None, packages_ignore=None, packages_ignore_regex=None, packages_select=None, packages_select_build_failed=False, packages_select_by_dep=None, packages_select_regex=None, packages_select_test_failures=False, packages_skip=None, packages_skip_build_finished=False, packages_skip_by_dep=None, packages_skip_regex=None, packages_skip_test_passed=False, packages_skip_up_to=None, packages_start=None, packages_up_to=None, parallel_workers=12, paths=None, symlink_install=False, test_result_base=None, verb_extension=<colcon_core.verb.build.BuildVerb object at 0x7fb87be01a20>, verb_name='build', verb_parser=<colcon_defaults.argument_parser.defaults.DefaultArgumentsDecorator object at 0x7fb87be01d68>)
[0.162s] Level 1:colcon.colcon_core.package_discovery:discover_packages(colcon_meta) check parameters
[0.162s] Level 1:colcon.colcon_core.package_discovery:discover_packages(recursive) check parameters
[0.162s] Level 1:colcon.colcon_core.package_discovery:discover_packages(ignore) check parameters
[0.162s] Level 1:colcon.colcon_core.package_discovery:discover_packages(path) check parameters
[0.163s] Level 1:colcon.colcon_core.package_discovery:discover_packages(colcon_meta) discover
[0.163s] Level 1:colcon.colcon_core.package_discovery:discover_packages(recursive) discover
[0.163s] INFO:colcon.colcon_core.package_discovery:Crawling recursively for packages in '/home/nikhil/nourish_ws'
[0.163s] Level 1:colcon.colcon_core.package_identification:_identify(.) by extensions ['ignore', 'ignore_ament_install']
[0.163s] Level 1:colcon.colcon_core.package_identification:_identify(.) by extension 'ignore'
[0.163s] Level 1:colcon.colcon_core.package_identification:_identify(.) by extension 'ignore_ament_install'
[0.163s] Level 1:colcon.colcon_core.package_identification:_identify(.) by extensions ['colcon_pkg']
[0.163s] Level 1:colcon.colcon_core.package_identification:_identify(.) by extension 'colcon_pkg'
[0.163s] Level 1:colcon.colcon_core.package_identification:_identify(.) by extensions ['colcon_meta']
[0.163s] Level 1:colcon.colcon_core.package_identification:_identify(.) by extension 'colcon_meta'
[0.163s] Level 1:colcon.colcon_core.package_identification:_identify(.) by extensions ['ros']
[0.163s] Level 1:colcon.colcon_core.package_identification:_identify(.) by extension 'ros'
[0.173s] Level 1:colcon.colcon_core.package_identification:_identify(.) by extensions ['cmake', 'python']
[0.174s] Level 1:colcon.colcon_core.package_identification:_identify(.) by extension 'cmake'
[0.174s] Level 1:colcon.colcon_core.package_identification:_identify(.) by extension 'python'
[0.174s] Level 1:colcon.colcon_core.package_identification:_identify(.) by extensions ['python_setup_py']
[0.174s] Level 1:colcon.colcon_core.package_identification:_identify(.) by extension 'python_setup_py'
[0.174s] Level 1:colcon.colcon_core.package_identification:_identify(build) by extensions ['ignore', 'ignore_ament_install']
[0.174s] Level 1:colcon.colcon_core.package_identification:_identify(build) by extension 'ignore'
[0.174s] Level 1:colcon.colcon_core.package_identification:_identify(build) ignored
[0.174s] Level 1:colcon.colcon_core.package_identification:_identify(install) by extensions ['ignore', 'ignore_ament_install']
[0.174s] Level 1:colcon.colcon_core.package_identification:_identify(install) by extension 'ignore'
[0.174s] Level 1:colcon.colcon_core.package_identification:_identify(install) ignored
[0.175s] Level 1:colcon.colcon_core.package_identification:_identify(log) by extensions ['ignore', 'ignore_ament_install']
[0.175s] Level 1:colcon.colcon_core.package_identification:_identify(log) by extension 'ignore'
[0.175s] Level 1:colcon.colcon_core.package_identification:_identify(log) ignored
[0.175s] Level 1:colcon.colcon_core.package_identification:_identify(src) by extensions ['ignore', 'ignore_ament_install']
[0.175s] Level 1:colcon.colcon_core.package_identification:_identify(src) by extension 'ignore'
[0.175s] Level 1:colcon.colcon_core.package_identification:_identify(src) by extension 'ignore_ament_install'
[0.175s] Level 1:colcon.colcon_core.package_identification:_identify(src) by extensions ['colcon_pkg']
[0.175s] Level 1:colcon.colcon_core.package_identification:_identify(src) by extension 'colcon_pkg'
[0.175s] Level 1:colcon.colcon_core.package_identification:_identify(src) by extensions ['colcon_meta']
[0.175s] Level 1:colcon.colcon_core.package_identification:_identify(src) by extension 'colcon_meta'
[0.175s] Level 1:colcon.colcon_core.package_identification:_identify(src) by extensions ['ros']
[0.175s] Level 1:colcon.colcon_core.package_identification:_identify(src) by extension 'ros'
[0.175s] Level 1:colcon.colcon_core.package_identification:_identify(src) by extensions ['cmake', 'python']
[0.175s] Level 1:colcon.colcon_core.package_identification:_identify(src) by extension 'cmake'
[0.175s] Level 1:colcon.colcon_core.package_identification:_identify(src) by extension 'python'
[0.175s] Level 1:colcon.colcon_core.package_identification:_identify(src) by extensions ['python_setup_py']
[0.175s] Level 1:colcon.colcon_core.package_identification:_identify(src) by extension 'python_setup_py'
[0.175s] Level 1:colcon.colcon_core.package_identification:_identify(src/dcb_gazebo) by extensions ['ignore', 'ignore_ament_install']
[0.176s] Level 1:colcon.colcon_core.package_identification:_identify(src/dcb_gazebo) by extension 'ignore'
[0.176s] Level 1:colcon.colcon_core.package_identification:_identify(src/dcb_gazebo) by extension 'ignore_ament_install'
[0.176s] Level 1:colcon.colcon_core.package_identification:_identify(src/dcb_gazebo) by extensions ['colcon_pkg']
[0.176s] Level 1:colcon.colcon_core.package_identification:_identify(src/dcb_gazebo) by extension 'colcon_pkg'
[0.176s] Level 1:colcon.colcon_core.package_identification:_identify(src/dcb_gazebo) by extensions ['colcon_meta']
[0.176s] Level 1:colcon.colcon_core.package_identification:_identify(src/dcb_gazebo) by extension 'colcon_meta'
[0.176s] Level 1:colcon.colcon_core.package_identification:_identify(src/dcb_gazebo) by extensions ['ros']
[0.176s] Level 1:colcon.colcon_core.package_identification:_identify(src/dcb_gazebo) by extension 'ros'
[0.178s] DEBUG:colcon.colcon_core.package_identification:Package 'src/dcb_gazebo' with type 'ros.ament_cmake' and name 'dolly_gazebo'
[0.178s] Level 1:colcon.colcon_core.package_identification:_identify(src/dcb_plugin) by extensions ['ignore', 'ignore_ament_install']
[0.178s] Level 1:colcon.colcon_core.package_identification:_identify(src/dcb_plugin) by extension 'ignore'
[0.178s] Level 1:colcon.colcon_core.package_identification:_identify(src/dcb_plugin) by extension 'ignore_ament_install'
[0.178s] Level 1:colcon.colcon_core.package_identification:_identify(src/dcb_plugin) by extensions ['colcon_pkg']
[0.178s] Level 1:colcon.colcon_core.package_identification:_identify(src/dcb_plugin) by extension 'colcon_pkg'
[0.178s] Level 1:colcon.colcon_core.package_identification:_identify(src/dcb_plugin) by extensions ['colcon_meta']
[0.178s] Level 1:colcon.colcon_core.package_identification:_identify(src/dcb_plugin) by extension 'colcon_meta'
[0.178s] Level 1:colcon.colcon_core.package_identification:_identify(src/dcb_plugin) by extensions ['ros']
[0.178s] Level 1:colcon.colcon_core.package_identification:_identify(src/dcb_plugin) by extension 'ros'
[0.178s] Level 1:colcon.colcon_core.package_identification:_identify(src/dcb_plugin) by extensions ['cmake', 'python']
[0.178s] Level 1:colcon.colcon_core.package_identification:_identify(src/dcb_plugin) by extension 'cmake'
[0.178s] Level 1:colcon.colcon_core.package_identification:_identify(src/dcb_plugin) by extension 'python'
[0.178s] Level 1:colcon.colcon_core.package_identification:_identify(src/dcb_plugin) by extensions ['python_setup_py']
[0.178s] Level 1:colcon.colcon_core.package_identification:_identify(src/dcb_plugin) by extension 'python_setup_py'
[0.178s] Level 1:colcon.colcon_core.package_identification:_identify(src/ros2-bbox-juice-machine) by extensions ['ignore', 'ignore_ament_install']
[0.179s] Level 1:colcon.colcon_core.package_identification:_identify(src/ros2-bbox-juice-machine) by extension 'ignore'
[0.179s] Level 1:colcon.colcon_core.package_identification:_identify(src/ros2-bbox-juice-machine) by extension 'ignore_ament_install'
[0.179s] Level 1:colcon.colcon_core.package_identification:_identify(src/ros2-bbox-juice-machine) by extensions ['colcon_pkg']
[0.179s] Level 1:colcon.colcon_core.package_identification:_identify(src/ros2-bbox-juice-machine) by extension 'colcon_pkg'
[0.179s] Level 1:colcon.colcon_core.package_identification:_identify(src/ros2-bbox-juice-machine) by extensions ['colcon_meta']
[0.179s] Level 1:colcon.colcon_core.package_identification:_identify(src/ros2-bbox-juice-machine) by extension 'colcon_meta'
[0.179s] Level 1:colcon.colcon_core.package_identification:_identify(src/ros2-bbox-juice-machine) by extensions ['ros']
[0.179s] Level 1:colcon.colcon_core.package_identification:_identify(src/ros2-bbox-juice-machine) by extension 'ros'
[0.179s] Level 1:colcon.colcon_core.package_identification:_identify(src/ros2-bbox-juice-machine) by extensions ['cmake', 'python']
[0.179s] Level 1:colcon.colcon_core.package_identification:_identify(src/ros2-bbox-juice-machine) by extension 'cmake'
[0.179s] Level 1:colcon.colcon_core.package_identification:_identify(src/ros2-bbox-juice-machine) by extension 'python'
[0.179s] Level 1:colcon.colcon_core.package_identification:_identify(src/ros2-bbox-juice-machine) by extensions ['python_setup_py']
[0.179s] Level 1:colcon.colcon_core.package_identification:_identify(src/ros2-bbox-juice-machine) by extension 'python_setup_py'
[0.179s] Level 1:colcon.colcon_core.package_identification:_identify(src/ros2-bbox-juice-machine/juice_dcb) by extensions ['ignore', 'ignore_ament_install']
[0.179s] Level 1:colcon.colcon_core.package_identification:_identify(src/ros2-bbox-juice-machine/juice_dcb) by extension 'ignore'
[0.179s] Level 1:colcon.colcon_core.package_identification:_identify(src/ros2-bbox-juice-machine/juice_dcb) by extension 'ignore_ament_install'
[0.179s] Level 1:colcon.colcon_core.package_identification:_identify(src/ros2-bbox-juice-machine/juice_dcb) by extensions ['colcon_pkg']
[0.179s] Level 1:colcon.colcon_core.package_identification:_identify(src/ros2-bbox-juice-machine/juice_dcb) by extension 'colcon_pkg'
[0.179s] Level 1:colcon.colcon_core.package_identification:_identify(src/ros2-bbox-juice-machine/juice_dcb) by extensions ['colcon_meta']
[0.179s] Level 1:colcon.colcon_core.package_identification:_identify(src/ros2-bbox-juice-machine/juice_dcb) by extension 'colcon_meta'
[0.179s] Level 1:colcon.colcon_core.package_identification:_identify(src/ros2-bbox-juice-machine/juice_dcb) by extensions ['ros']
[0.179s] Level 1:colcon.colcon_core.package_identification:_identify(src/ros2-bbox-juice-machine/juice_dcb) by extension 'ros'
[0.180s] DEBUG:colcon.colcon_core.package_identification:Package 'src/ros2-bbox-juice-machine/juice_dcb' with type 'ros.ament_cmake' and name 'juice_dcb'
[0.180s] Level 1:colcon.colcon_core.package_identification:_identify(src/ros2-bbox-juice-machine/juice_spout) by extensions ['ignore', 'ignore_ament_install']
[0.180s] Level 1:colcon.colcon_core.package_identification:_identify(src/ros2-bbox-juice-machine/juice_spout) by extension 'ignore'
[0.180s] Level 1:colcon.colcon_core.package_identification:_identify(src/ros2-bbox-juice-machine/juice_spout) by extension 'ignore_ament_install'
[0.180s] Level 1:colcon.colcon_core.package_identification:_identify(src/ros2-bbox-juice-machine/juice_spout) by extensions ['colcon_pkg']
[0.180s] Level 1:colcon.colcon_core.package_identification:_identify(src/ros2-bbox-juice-machine/juice_spout) by extension 'colcon_pkg'
[0.180s] Level 1:colcon.colcon_core.package_identification:_identify(src/ros2-bbox-juice-machine/juice_spout) by extensions ['colcon_meta']
[0.180s] Level 1:colcon.colcon_core.package_identification:_identify(src/ros2-bbox-juice-machine/juice_spout) by extension 'colcon_meta'
[0.180s] Level 1:colcon.colcon_core.package_identification:_identify(src/ros2-bbox-juice-machine/juice_spout) by extensions ['ros']
[0.181s] Level 1:colcon.colcon_core.package_identification:_identify(src/ros2-bbox-juice-machine/juice_spout) by extension 'ros'
[0.181s] DEBUG:colcon.colcon_core.package_identification:Package 'src/ros2-bbox-juice-machine/juice_spout' with type 'ros.ament_cmake' and name 'juice_spout'
[0.181s] Level 1:colcon.colcon_core.package_identification:_identify(src/ros2-nourish-common-messages) by extensions ['ignore', 'ignore_ament_install']
[0.181s] Level 1:colcon.colcon_core.package_identification:_identify(src/ros2-nourish-common-messages) by extension 'ignore'
[0.181s] Level 1:colcon.colcon_core.package_identification:_identify(src/ros2-nourish-common-messages) by extension 'ignore_ament_install'
[0.181s] Level 1:colcon.colcon_core.package_identification:_identify(src/ros2-nourish-common-messages) by extensions ['colcon_pkg']
[0.181s] Level 1:colcon.colcon_core.package_identification:_identify(src/ros2-nourish-common-messages) by extension 'colcon_pkg'
[0.181s] Level 1:colcon.colcon_core.package_identification:_identify(src/ros2-nourish-common-messages) by extensions ['colcon_meta']
[0.181s] Level 1:colcon.colcon_core.package_identification:_identify(src/ros2-nourish-common-messages) by extension 'colcon_meta'
[0.181s] Level 1:colcon.colcon_core.package_identification:_identify(src/ros2-nourish-common-messages) by extensions ['ros']
[0.181s] Level 1:colcon.colcon_core.package_identification:_identify(src/ros2-nourish-common-messages) by extension 'ros'
[0.182s] Level 1:colcon.colcon_core.package_identification:_identify(src/ros2-nourish-common-messages) by extensions ['cmake', 'python']
[0.182s] Level 1:colcon.colcon_core.package_identification:_identify(src/ros2-nourish-common-messages) by extension 'cmake'
[0.182s] Level 1:colcon.colcon_core.package_identification:_identify(src/ros2-nourish-common-messages) by extension 'python'
[0.182s] Level 1:colcon.colcon_core.package_identification:_identify(src/ros2-nourish-common-messages) by extensions ['python_setup_py']
[0.182s] Level 1:colcon.colcon_core.package_identification:_identify(src/ros2-nourish-common-messages) by extension 'python_setup_py'
[0.182s] Level 1:colcon.colcon_core.package_identification:_identify(src/ros2-nourish-common-messages/juice_dcb_msgs) by extensions ['ignore', 'ignore_ament_install']
[0.182s] Level 1:colcon.colcon_core.package_identification:_identify(src/ros2-nourish-common-messages/juice_dcb_msgs) by extension 'ignore'
[0.182s] Level 1:colcon.colcon_core.package_identification:_identify(src/ros2-nourish-common-messages/juice_dcb_msgs) by extension 'ignore_ament_install'
[0.182s] Level 1:colcon.colcon_core.package_identification:_identify(src/ros2-nourish-common-messages/juice_dcb_msgs) by extensions ['colcon_pkg']
[0.182s] Level 1:colcon.colcon_core.package_identification:_identify(src/ros2-nourish-common-messages/juice_dcb_msgs) by extension 'colcon_pkg'
[0.182s] Level 1:colcon.colcon_core.package_identification:_identify(src/ros2-nourish-common-messages/juice_dcb_msgs) by extensions ['colcon_meta']
[0.182s] Level 1:colcon.colcon_core.package_identification:_identify(src/ros2-nourish-common-messages/juice_dcb_msgs) by extension 'colcon_meta'
[0.182s] Level 1:colcon.colcon_core.package_identification:_identify(src/ros2-nourish-common-messages/juice_dcb_msgs) by extensions ['ros']
[0.182s] Level 1:colcon.colcon_core.package_identification:_identify(src/ros2-nourish-common-messages/juice_dcb_msgs) by extension 'ros'
[0.183s] DEBUG:colcon.colcon_core.package_identification:Package 'src/ros2-nourish-common-messages/juice_dcb_msgs' with type 'ros.ament_cmake' and name 'juice_dcb_msgs'
[0.183s] Level 1:colcon.colcon_core.package_identification:_identify(src/ros2-nourish-common-messages/juice_spout_msgs) by extensions ['ignore', 'ignore_ament_install']
[0.183s] Level 1:colcon.colcon_core.package_identification:_identify(src/ros2-nourish-common-messages/juice_spout_msgs) by extension 'ignore'
[0.183s] Level 1:colcon.colcon_core.package_identification:_identify(src/ros2-nourish-common-messages/juice_spout_msgs) by extension 'ignore_ament_install'
[0.183s] Level 1:colcon.colcon_core.package_identification:_identify(src/ros2-nourish-common-messages/juice_spout_msgs) by extensions ['colcon_pkg']
[0.183s] Level 1:colcon.colcon_core.package_identification:_identify(src/ros2-nourish-common-messages/juice_spout_msgs) by extension 'colcon_pkg'
[0.183s] Level 1:colcon.colcon_core.package_identification:_identify(src/ros2-nourish-common-messages/juice_spout_msgs) by extensions ['colcon_meta']
[0.183s] Level 1:colcon.colcon_core.package_identification:_identify(src/ros2-nourish-common-messages/juice_spout_msgs) by extension 'colcon_meta'
[0.183s] Level 1:colcon.colcon_core.package_identification:_identify(src/ros2-nourish-common-messages/juice_spout_msgs) by extensions ['ros']
[0.183s] Level 1:colcon.colcon_core.package_identification:_identify(src/ros2-nourish-common-messages/juice_spout_msgs) by extension 'ros'
[0.184s] DEBUG:colcon.colcon_core.package_identification:Package 'src/ros2-nourish-common-messages/juice_spout_msgs' with type 'ros.ament_cmake' and name 'juice_spout_msgs'
[0.184s] Level 1:colcon.colcon_core.package_identification:_identify(src/ros2-nourish-common-messages/nourish_robot_arm_msgs) by extensions ['ignore', 'ignore_ament_install']
[0.184s] Level 1:colcon.colcon_core.package_identification:_identify(src/ros2-nourish-common-messages/nourish_robot_arm_msgs) by extension 'ignore'
[0.184s] Level 1:colcon.colcon_core.package_identification:_identify(src/ros2-nourish-common-messages/nourish_robot_arm_msgs) by extension 'ignore_ament_install'
[0.184s] Level 1:colcon.colcon_core.package_identification:_identify(src/ros2-nourish-common-messages/nourish_robot_arm_msgs) by extensions ['colcon_pkg']
[0.184s] Level 1:colcon.colcon_core.package_identification:_identify(src/ros2-nourish-common-messages/nourish_robot_arm_msgs) by extension 'colcon_pkg'
[0.184s] Level 1:colcon.colcon_core.package_identification:_identify(src/ros2-nourish-common-messages/nourish_robot_arm_msgs) by extensions ['colcon_meta']
[0.184s] Level 1:colcon.colcon_core.package_identification:_identify(src/ros2-nourish-common-messages/nourish_robot_arm_msgs) by extension 'colcon_meta'
[0.184s] Level 1:colcon.colcon_core.package_identification:_identify(src/ros2-nourish-common-messages/nourish_robot_arm_msgs) by extensions ['ros']
[0.184s] Level 1:colcon.colcon_core.package_identification:_identify(src/ros2-nourish-common-messages/nourish_robot_arm_msgs) by extension 'ros'
[0.185s] DEBUG:colcon.colcon_core.package_identification:Package 'src/ros2-nourish-common-messages/nourish_robot_arm_msgs' with type 'ros.ament_cmake' and name 'nourish_robot_arm_msgs'
[0.185s] Level 1:colcon.colcon_core.package_identification:_identify(src/ros2-nourish-common-messages/nourish_scale_msgs) by extensions ['ignore', 'ignore_ament_install']
[0.185s] Level 1:colcon.colcon_core.package_identification:_identify(src/ros2-nourish-common-messages/nourish_scale_msgs) by extension 'ignore'
[0.185s] Level 1:colcon.colcon_core.package_identification:_identify(src/ros2-nourish-common-messages/nourish_scale_msgs) by extension 'ignore_ament_install'
[0.185s] Level 1:colcon.colcon_core.package_identification:_identify(src/ros2-nourish-common-messages/nourish_scale_msgs) by extensions ['colcon_pkg']
[0.185s] Level 1:colcon.colcon_core.package_identification:_identify(src/ros2-nourish-common-messages/nourish_scale_msgs) by extension 'colcon_pkg'
[0.185s] Level 1:colcon.colcon_core.package_identification:_identify(src/ros2-nourish-common-messages/nourish_scale_msgs) by extensions ['colcon_meta']
[0.185s] Level 1:colcon.colcon_core.package_identification:_identify(src/ros2-nourish-common-messages/nourish_scale_msgs) by extension 'colcon_meta'
[0.185s] Level 1:colcon.colcon_core.package_identification:_identify(src/ros2-nourish-common-messages/nourish_scale_msgs) by extensions ['ros']
[0.185s] Level 1:colcon.colcon_core.package_identification:_identify(src/ros2-nourish-common-messages/nourish_scale_msgs) by extension 'ros'
[0.185s] DEBUG:colcon.colcon_core.package_identification:Package 'src/ros2-nourish-common-messages/nourish_scale_msgs' with type 'ros.ament_cmake' and name 'nourish_scale_msgs'
[0.186s] Level 1:colcon.colcon_core.package_identification:_identify(src/ros2-nourish-dcb) by extensions ['ignore', 'ignore_ament_install']
[0.186s] Level 1:colcon.colcon_core.package_identification:_identify(src/ros2-nourish-dcb) by extension 'ignore'
[0.186s] Level 1:colcon.colcon_core.package_identification:_identify(src/ros2-nourish-dcb) by extension 'ignore_ament_install'
[0.186s] Level 1:colcon.colcon_core.package_identification:_identify(src/ros2-nourish-dcb) by extensions ['colcon_pkg']
[0.186s] Level 1:colcon.colcon_core.package_identification:_identify(src/ros2-nourish-dcb) by extension 'colcon_pkg'
[0.186s] Level 1:colcon.colcon_core.package_identification:_identify(src/ros2-nourish-dcb) by extensions ['colcon_meta']
[0.186s] Level 1:colcon.colcon_core.package_identification:_identify(src/ros2-nourish-dcb) by extension 'colcon_meta'
[0.186s] Level 1:colcon.colcon_core.package_identification:_identify(src/ros2-nourish-dcb) by extensions ['ros']
[0.186s] Level 1:colcon.colcon_core.package_identification:_identify(src/ros2-nourish-dcb) by extension 'ros'
[0.186s] DEBUG:colcon.colcon_core.package_identification:Package 'src/ros2-nourish-dcb' with type 'ros.ament_cmake' and name 'nourish_dcb'
[0.186s] Level 1:colcon.colcon_core.package_identification:_identify(src/ros2-nourish-scale) by extensions ['ignore', 'ignore_ament_install']
[0.187s] Level 1:colcon.colcon_core.package_identification:_identify(src/ros2-nourish-scale) by extension 'ignore'
[0.187s] Level 1:colcon.colcon_core.package_identification:_identify(src/ros2-nourish-scale) by extension 'ignore_ament_install'
[0.187s] Level 1:colcon.colcon_core.package_identification:_identify(src/ros2-nourish-scale) by extensions ['colcon_pkg']
[0.187s] Level 1:colcon.colcon_core.package_identification:_identify(src/ros2-nourish-scale) by extension 'colcon_pkg'
[0.187s] Level 1:colcon.colcon_core.package_identification:_identify(src/ros2-nourish-scale) by extensions ['colcon_meta']
[0.187s] Level 1:colcon.colcon_core.package_identification:_identify(src/ros2-nourish-scale) by extension 'colcon_meta'
[0.187s] Level 1:colcon.colcon_core.package_identification:_identify(src/ros2-nourish-scale) by extensions ['ros']
[0.187s] Level 1:colcon.colcon_core.package_identification:_identify(src/ros2-nourish-scale) by extension 'ros'
[0.187s] Level 1:colcon.colcon_core.package_identification:_identify(src/ros2-nourish-scale) by extensions ['cmake', 'python']
[0.187s] Level 1:colcon.colcon_core.package_identification:_identify(src/ros2-nourish-scale) by extension 'cmake'
[0.187s] Level 1:colcon.colcon_core.package_identification:_identify(src/ros2-nourish-scale) by extension 'python'
[0.187s] Level 1:colcon.colcon_core.package_identification:_identify(src/ros2-nourish-scale) by extensions ['python_setup_py']
[0.187s] Level 1:colcon.colcon_core.package_identification:_identify(src/ros2-nourish-scale) by extension 'python_setup_py'
[0.187s] Level 1:colcon.colcon_core.package_identification:_identify(src/ros2-nourish-scale/nourish_scale) by extensions ['ignore', 'ignore_ament_install']
[0.187s] Level 1:colcon.colcon_core.package_identification:_identify(src/ros2-nourish-scale/nourish_scale) by extension 'ignore'
[0.187s] Level 1:colcon.colcon_core.package_identification:_identify(src/ros2-nourish-scale/nourish_scale) by extension 'ignore_ament_install'
[0.187s] Level 1:colcon.colcon_core.package_identification:_identify(src/ros2-nourish-scale/nourish_scale) by extensions ['colcon_pkg']
[0.187s] Level 1:colcon.colcon_core.package_identification:_identify(src/ros2-nourish-scale/nourish_scale) by extension 'colcon_pkg'
[0.187s] Level 1:colcon.colcon_core.package_identification:_identify(src/ros2-nourish-scale/nourish_scale) by extensions ['colcon_meta']
[0.187s] Level 1:colcon.colcon_core.package_identification:_identify(src/ros2-nourish-scale/nourish_scale) by extension 'colcon_meta'
[0.187s] Level 1:colcon.colcon_core.package_identification:_identify(src/ros2-nourish-scale/nourish_scale) by extensions ['ros']
[0.187s] Level 1:colcon.colcon_core.package_identification:_identify(src/ros2-nourish-scale/nourish_scale) by extension 'ros'
[0.188s] DEBUG:colcon.colcon_core.package_identification:Package 'src/ros2-nourish-scale/nourish_scale' with type 'ros.ament_cmake' and name 'nourish_scale'
[0.188s] Level 1:colcon.colcon_core.package_identification:_identify(src/serial-ros2) by extensions ['ignore', 'ignore_ament_install']
[0.188s] Level 1:colcon.colcon_core.package_identification:_identify(src/serial-ros2) by extension 'ignore'
[0.188s] Level 1:colcon.colcon_core.package_identification:_identify(src/serial-ros2) by extension 'ignore_ament_install'
[0.188s] Level 1:colcon.colcon_core.package_identification:_identify(src/serial-ros2) by extensions ['colcon_pkg']
[0.188s] Level 1:colcon.colcon_core.package_identification:_identify(src/serial-ros2) by extension 'colcon_pkg'
[0.188s] Level 1:colcon.colcon_core.package_identification:_identify(src/serial-ros2) by extensions ['colcon_meta']
[0.188s] Level 1:colcon.colcon_core.package_identification:_identify(src/serial-ros2) by extension 'colcon_meta'
[0.188s] Level 1:colcon.colcon_core.package_identification:_identify(src/serial-ros2) by extensions ['ros']
[0.188s] Level 1:colcon.colcon_core.package_identification:_identify(src/serial-ros2) by extension 'ros'
[0.189s] DEBUG:colcon.colcon_core.package_identification:Package 'src/serial-ros2' with type 'ros.ament_cmake' and name 'serial'
[0.189s] Level 1:colcon.colcon_core.package_discovery:discover_packages(recursive) using defaults
[0.189s] Level 1:colcon.colcon_core.package_discovery:discover_packages(ignore) discover
[0.189s] Level 1:colcon.colcon_core.package_discovery:discover_packages(ignore) using defaults
[0.189s] Level 1:colcon.colcon_core.package_discovery:discover_packages(path) discover
[0.189s] Level 1:colcon.colcon_core.package_discovery:discover_packages(path) using defaults
[0.194s] Level 5:colcon.colcon_core.verb:set package 'dolly_gazebo' build argument 'cmake_args' from command line to 'None'
[0.194s] Level 5:colcon.colcon_core.verb:set package 'dolly_gazebo' build argument 'cmake_target' from command line to 'None'
[0.194s] Level 5:colcon.colcon_core.verb:set package 'dolly_gazebo' build argument 'cmake_target_skip_unavailable' from command line to 'False'
[0.194s] Level 5:colcon.colcon_core.verb:set package 'dolly_gazebo' build argument 'cmake_clean_cache' from command line to 'False'
[0.194s] Level 5:colcon.colcon_core.verb:set package 'dolly_gazebo' build argument 'cmake_clean_first' from command line to 'False'
[0.194s] Level 5:colcon.colcon_core.verb:set package 'dolly_gazebo' build argument 'cmake_force_configure' from command line to 'False'
[0.194s] Level 5:colcon.colcon_core.verb:set package 'dolly_gazebo' build argument 'ament_cmake_args' from command line to 'None'
[0.194s] Level 5:colcon.colcon_core.verb:set package 'dolly_gazebo' build argument 'catkin_cmake_args' from command line to 'None'
[0.194s] Level 5:colcon.colcon_core.verb:set package 'dolly_gazebo' build argument 'catkin_skip_building_tests' from command line to 'False'
[0.194s] DEBUG:colcon.colcon_core.verb:Building package 'dolly_gazebo' with the following arguments: {'ament_cmake_args': None, 'build_base': '/home/nikhil/nourish_ws/build/dolly_gazebo', 'catkin_cmake_args': None, 'catkin_skip_building_tests': False, 'cmake_args': None, 'cmake_clean_cache': False, 'cmake_clean_first': False, 'cmake_force_configure': False, 'cmake_target': None, 'cmake_target_skip_unavailable': False, 'install_base': '/home/nikhil/nourish_ws/install/dolly_gazebo', 'merge_install': False, 'path': '/home/nikhil/nourish_ws/src/dcb_gazebo', 'symlink_install': False, 'test_result_base': None}
[0.197s] Level 5:colcon.colcon_core.verb:set package 'juice_dcb_msgs' build argument 'cmake_args' from command line to 'None'
[0.197s] Level 5:colcon.colcon_core.verb:set package 'juice_dcb_msgs' build argument 'cmake_target' from command line to 'None'
[0.197s] Level 5:colcon.colcon_core.verb:set package 'juice_dcb_msgs' build argument 'cmake_target_skip_unavailable' from command line to 'False'
[0.197s] Level 5:colcon.colcon_core.verb:set package 'juice_dcb_msgs' build argument 'cmake_clean_cache' from command line to 'False'
[0.197s] Level 5:colcon.colcon_core.verb:set package 'juice_dcb_msgs' build argument 'cmake_clean_first' from command line to 'False'
[0.197s] Level 5:colcon.colcon_core.verb:set package 'juice_dcb_msgs' build argument 'cmake_force_configure' from command line to 'False'
[0.197s] Level 5:colcon.colcon_core.verb:set package 'juice_dcb_msgs' build argument 'ament_cmake_args' from command line to 'None'
[0.197s] Level 5:colcon.colcon_core.verb:set package 'juice_dcb_msgs' build argument 'catkin_cmake_args' from command line to 'None'
[0.197s] Level 5:colcon.colcon_core.verb:set package 'juice_dcb_msgs' build argument 'catkin_skip_building_tests' from command line to 'False'
[0.197s] DEBUG:colcon.colcon_core.verb:Building package 'juice_dcb_msgs' with the following arguments: {'ament_cmake_args': None, 'build_base': '/home/nikhil/nourish_ws/build/juice_dcb_msgs', 'catkin_cmake_args': None, 'catkin_skip_building_tests': False, 'cmake_args': None, 'cmake_clean_cache': False, 'cmake_clean_first': False, 'cmake_force_configure': False, 'cmake_target': None, 'cmake_target_skip_unavailable': False, 'install_base': '/home/nikhil/nourish_ws/install/juice_dcb_msgs', 'merge_install': False, 'path': '/home/nikhil/nourish_ws/src/ros2-nourish-common-messages/juice_dcb_msgs', 'symlink_install': False, 'test_result_base': None}
[0.199s] Level 5:colcon.colcon_core.verb:set package 'juice_spout_msgs' build argument 'cmake_args' from command line to 'None'
[0.199s] Level 5:colcon.colcon_core.verb:set package 'juice_spout_msgs' build argument 'cmake_target' from command line to 'None'
[0.199s] Level 5:colcon.colcon_core.verb:set package 'juice_spout_msgs' build argument 'cmake_target_skip_unavailable' from command line to 'False'
[0.199s] Level 5:colcon.colcon_core.verb:set package 'juice_spout_msgs' build argument 'cmake_clean_cache' from command line to 'False'
[0.199s] Level 5:colcon.colcon_core.verb:set package 'juice_spout_msgs' build argument 'cmake_clean_first' from command line to 'False'
[0.199s] Level 5:colcon.colcon_core.verb:set package 'juice_spout_msgs' build argument 'cmake_force_configure' from command line to 'False'
[0.199s] Level 5:colcon.colcon_core.verb:set package 'juice_spout_msgs' build argument 'ament_cmake_args' from command line to 'None'
[0.199s] Level 5:colcon.colcon_core.verb:set package 'juice_spout_msgs' build argument 'catkin_cmake_args' from command line to 'None'
[0.199s] Level 5:colcon.colcon_core.verb:set package 'juice_spout_msgs' build argument 'catkin_skip_building_tests' from command line to 'False'
[0.199s] DEBUG:colcon.colcon_core.verb:Building package 'juice_spout_msgs' with the following arguments: {'ament_cmake_args': None, 'build_base': '/home/nikhil/nourish_ws/build/juice_spout_msgs', 'catkin_cmake_args': None, 'catkin_skip_building_tests': False, 'cmake_args': None, 'cmake_clean_cache': False, 'cmake_clean_first': False, 'cmake_force_configure': False, 'cmake_target': None, 'cmake_target_skip_unavailable': False, 'install_base': '/home/nikhil/nourish_ws/install/juice_spout_msgs', 'merge_install': False, 'path': '/home/nikhil/nourish_ws/src/ros2-nourish-common-messages/juice_spout_msgs', 'symlink_install': False, 'test_result_base': None}
[0.202s] Level 5:colcon.colcon_core.verb:set package 'nourish_robot_arm_msgs' build argument 'cmake_args' from command line to 'None'
[0.202s] Level 5:colcon.colcon_core.verb:set package 'nourish_robot_arm_msgs' build argument 'cmake_target' from command line to 'None'
[0.202s] Level 5:colcon.colcon_core.verb:set package 'nourish_robot_arm_msgs' build argument 'cmake_target_skip_unavailable' from command line to 'False'
[0.202s] Level 5:colcon.colcon_core.verb:set package 'nourish_robot_arm_msgs' build argument 'cmake_clean_cache' from command line to 'False'
[0.203s] Level 5:colcon.colcon_core.verb:set package 'nourish_robot_arm_msgs' build argument 'cmake_clean_first' from command line to 'False'
[0.203s] Level 5:colcon.colcon_core.verb:set package 'nourish_robot_arm_msgs' build argument 'cmake_force_configure' from command line to 'False'
[0.203s] Level 5:colcon.colcon_core.verb:set package 'nourish_robot_arm_msgs' build argument 'ament_cmake_args' from command line to 'None'
[0.203s] Level 5:colcon.colcon_core.verb:set package 'nourish_robot_arm_msgs' build argument 'catkin_cmake_args' from command line to 'None'
[0.203s] Level 5:colcon.colcon_core.verb:set package 'nourish_robot_arm_msgs' build argument 'catkin_skip_building_tests' from command line to 'False'
[0.203s] DEBUG:colcon.colcon_core.verb:Building package 'nourish_robot_arm_msgs' with the following arguments: {'ament_cmake_args': None, 'build_base': '/home/nikhil/nourish_ws/build/nourish_robot_arm_msgs', 'catkin_cmake_args': None, 'catkin_skip_building_tests': False, 'cmake_args': None, 'cmake_clean_cache': False, 'cmake_clean_first': False, 'cmake_force_configure': False, 'cmake_target': None, 'cmake_target_skip_unavailable': False, 'install_base': '/home/nikhil/nourish_ws/install/nourish_robot_arm_msgs', 'merge_install': False, 'path': '/home/nikhil/nourish_ws/src/ros2-nourish-common-messages/nourish_robot_arm_msgs', 'symlink_install': False, 'test_result_base': None}
[0.205s] Level 5:colcon.colcon_core.verb:set package 'nourish_scale_msgs' build argument 'cmake_args' from command line to 'None'
[0.205s] Level 5:colcon.colcon_core.verb:set package 'nourish_scale_msgs' build argument 'cmake_target' from command line to 'None'
[0.205s] Level 5:colcon.colcon_core.verb:set package 'nourish_scale_msgs' build argument 'cmake_target_skip_unavailable' from command line to 'False'
[0.205s] Level 5:colcon.colcon_core.verb:set package 'nourish_scale_msgs' build argument 'cmake_clean_cache' from command line to 'False'
[0.205s] Level 5:colcon.colcon_core.verb:set package 'nourish_scale_msgs' build argument 'cmake_clean_first' from command line to 'False'
[0.205s] Level 5:colcon.colcon_core.verb:set package 'nourish_scale_msgs' build argument 'cmake_force_configure' from command line to 'False'
[0.205s] Level 5:colcon.colcon_core.verb:set package 'nourish_scale_msgs' build argument 'ament_cmake_args' from command line to 'None'
[0.205s] Level 5:colcon.colcon_core.verb:set package 'nourish_scale_msgs' build argument 'catkin_cmake_args' from command line to 'None'
[0.205s] Level 5:colcon.colcon_core.verb:set package 'nourish_scale_msgs' build argument 'catkin_skip_building_tests' from command line to 'False'
[0.205s] DEBUG:colcon.colcon_core.verb:Building package 'nourish_scale_msgs' with the following arguments: {'ament_cmake_args': None, 'build_base': '/home/nikhil/nourish_ws/build/nourish_scale_msgs', 'catkin_cmake_args': None, 'catkin_skip_building_tests': False, 'cmake_args': None, 'cmake_clean_cache': False, 'cmake_clean_first': False, 'cmake_force_configure': False, 'cmake_target': None, 'cmake_target_skip_unavailable': False, 'install_base': '/home/nikhil/nourish_ws/install/nourish_scale_msgs', 'merge_install': False, 'path': '/home/nikhil/nourish_ws/src/ros2-nourish-common-messages/nourish_scale_msgs', 'symlink_install': False, 'test_result_base': None}
[0.207s] Level 5:colcon.colcon_core.verb:set package 'serial' build argument 'cmake_args' from command line to 'None'
[0.207s] Level 5:colcon.colcon_core.verb:set package 'serial' build argument 'cmake_target' from command line to 'None'
[0.207s] Level 5:colcon.colcon_core.verb:set package 'serial' build argument 'cmake_target_skip_unavailable' from command line to 'False'
[0.207s] Level 5:colcon.colcon_core.verb:set package 'serial' build argument 'cmake_clean_cache' from command line to 'False'
[0.208s] Level 5:colcon.colcon_core.verb:set package 'serial' build argument 'cmake_clean_first' from command line to 'False'
[0.208s] Level 5:colcon.colcon_core.verb:set package 'serial' build argument 'cmake_force_configure' from command line to 'False'
[0.208s] Level 5:colcon.colcon_core.verb:set package 'serial' build argument 'ament_cmake_args' from command line to 'None'
[0.208s] Level 5:colcon.colcon_core.verb:set package 'serial' build argument 'catkin_cmake_args' from command line to 'None'
[0.208s] Level 5:colcon.colcon_core.verb:set package 'serial' build argument 'catkin_skip_building_tests' from command line to 'False'
[0.208s] DEBUG:colcon.colcon_core.verb:Building package 'serial' with the following arguments: {'ament_cmake_args': None, 'build_base': '/home/nikhil/nourish_ws/build/serial', 'catkin_cmake_args': None, 'catkin_skip_building_tests': False, 'cmake_args': None, 'cmake_clean_cache': False, 'cmake_clean_first': False, 'cmake_force_configure': False, 'cmake_target': None, 'cmake_target_skip_unavailable': False, 'install_base': '/home/nikhil/nourish_ws/install/serial', 'merge_install': False, 'path': '/home/nikhil/nourish_ws/src/serial-ros2', 'symlink_install': False, 'test_result_base': None}
[0.210s] Level 5:colcon.colcon_core.verb:set package 'juice_spout' build argument 'cmake_args' from command line to 'None'
[0.210s] Level 5:colcon.colcon_core.verb:set package 'juice_spout' build argument 'cmake_target' from command line to 'None'
[0.210s] Level 5:colcon.colcon_core.verb:set package 'juice_spout' build argument 'cmake_target_skip_unavailable' from command line to 'False'
[0.210s] Level 5:colcon.colcon_core.verb:set package 'juice_spout' build argument 'cmake_clean_cache' from command line to 'False'
[0.210s] Level 5:colcon.colcon_core.verb:set package 'juice_spout' build argument 'cmake_clean_first' from command line to 'False'
[0.210s] Level 5:colcon.colcon_core.verb:set package 'juice_spout' build argument 'cmake_force_configure' from command line to 'False'
[0.210s] Level 5:colcon.colcon_core.verb:set package 'juice_spout' build argument 'ament_cmake_args' from command line to 'None'
[0.210s] Level 5:colcon.colcon_core.verb:set package 'juice_spout' build argument 'catkin_cmake_args' from command line to 'None'
[0.210s] Level 5:colcon.colcon_core.verb:set package 'juice_spout' build argument 'catkin_skip_building_tests' from command line to 'False'
[0.210s] DEBUG:colcon.colcon_core.verb:Building package 'juice_spout' with the following arguments: {'ament_cmake_args': None, 'build_base': '/home/nikhil/nourish_ws/build/juice_spout', 'catkin_cmake_args': None, 'catkin_skip_building_tests': False, 'cmake_args': None, 'cmake_clean_cache': False, 'cmake_clean_first': False, 'cmake_force_configure': False, 'cmake_target': None, 'cmake_target_skip_unavailable': False, 'install_base': '/home/nikhil/nourish_ws/install/juice_spout', 'merge_install': False, 'path': '/home/nikhil/nourish_ws/src/ros2-bbox-juice-machine/juice_spout', 'symlink_install': False, 'test_result_base': None}
[0.219s] Level 5:colcon.colcon_core.verb:set package 'nourish_dcb' build argument 'cmake_args' from command line to 'None'
[0.219s] Level 5:colcon.colcon_core.verb:set package 'nourish_dcb' build argument 'cmake_target' from command line to 'None'
[0.219s] Level 5:colcon.colcon_core.verb:set package 'nourish_dcb' build argument 'cmake_target_skip_unavailable' from command line to 'False'
[0.219s] Level 5:colcon.colcon_core.verb:set package 'nourish_dcb' build argument 'cmake_clean_cache' from command line to 'False'
[0.219s] Level 5:colcon.colcon_core.verb:set package 'nourish_dcb' build argument 'cmake_clean_first' from command line to 'False'
[0.219s] Level 5:colcon.colcon_core.verb:set package 'nourish_dcb' build argument 'cmake_force_configure' from command line to 'False'
[0.219s] Level 5:colcon.colcon_core.verb:set package 'nourish_dcb' build argument 'ament_cmake_args' from command line to 'None'
[0.219s] Level 5:colcon.colcon_core.verb:set package 'nourish_dcb' build argument 'catkin_cmake_args' from command line to 'None'
[0.219s] Level 5:colcon.colcon_core.verb:set package 'nourish_dcb' build argument 'catkin_skip_building_tests' from command line to 'False'
[0.219s] DEBUG:colcon.colcon_core.verb:Building package 'nourish_dcb' with the following arguments: {'ament_cmake_args': None, 'build_base': '/home/nikhil/nourish_ws/build/nourish_dcb', 'catkin_cmake_args': None, 'catkin_skip_building_tests': False, 'cmake_args': None, 'cmake_clean_cache': False, 'cmake_clean_first': False, 'cmake_force_configure': False, 'cmake_target': None, 'cmake_target_skip_unavailable': False, 'install_base': '/home/nikhil/nourish_ws/install/nourish_dcb', 'merge_install': False, 'path': '/home/nikhil/nourish_ws/src/ros2-nourish-dcb', 'symlink_install': False, 'test_result_base': None}
[0.222s] Level 5:colcon.colcon_core.verb:set package 'juice_dcb' build argument 'cmake_args' from command line to 'None'
[0.222s] Level 5:colcon.colcon_core.verb:set package 'juice_dcb' build argument 'cmake_target' from command line to 'None'
[0.222s] Level 5:colcon.colcon_core.verb:set package 'juice_dcb' build argument 'cmake_target_skip_unavailable' from command line to 'False'
[0.222s] Level 5:colcon.colcon_core.verb:set package 'juice_dcb' build argument 'cmake_clean_cache' from command line to 'False'
[0.222s] Level 5:colcon.colcon_core.verb:set package 'juice_dcb' build argument 'cmake_clean_first' from command line to 'False'
[0.222s] Level 5:colcon.colcon_core.verb:set package 'juice_dcb' build argument 'cmake_force_configure' from command line to 'False'
[0.222s] Level 5:colcon.colcon_core.verb:set package 'juice_dcb' build argument 'ament_cmake_args' from command line to 'None'
[0.222s] Level 5:colcon.colcon_core.verb:set package 'juice_dcb' build argument 'catkin_cmake_args' from command line to 'None'
[0.222s] Level 5:colcon.colcon_core.verb:set package 'juice_dcb' build argument 'catkin_skip_building_tests' from command line to 'False'
[0.222s] DEBUG:colcon.colcon_core.verb:Building package 'juice_dcb' with the following arguments: {'ament_cmake_args': None, 'build_base': '/home/nikhil/nourish_ws/build/juice_dcb', 'catkin_cmake_args': None, 'catkin_skip_building_tests': False, 'cmake_args': None, 'cmake_clean_cache': False, 'cmake_clean_first': False, 'cmake_force_configure': False, 'cmake_target': None, 'cmake_target_skip_unavailable': False, 'install_base': '/home/nikhil/nourish_ws/install/juice_dcb', 'merge_install': False, 'path': '/home/nikhil/nourish_ws/src/ros2-bbox-juice-machine/juice_dcb', 'symlink_install': False, 'test_result_base': None}
[0.224s] Level 5:colcon.colcon_core.verb:set package 'nourish_scale' build argument 'cmake_args' from command line to 'None'
[0.224s] Level 5:colcon.colcon_core.verb:set package 'nourish_scale' build argument 'cmake_target' from command line to 'None'
[0.224s] Level 5:colcon.colcon_core.verb:set package 'nourish_scale' build argument 'cmake_target_skip_unavailable' from command line to 'False'
[0.224s] Level 5:colcon.colcon_core.verb:set package 'nourish_scale' build argument 'cmake_clean_cache' from command line to 'False'
[0.224s] Level 5:colcon.colcon_core.verb:set package 'nourish_scale' build argument 'cmake_clean_first' from command line to 'False'
[0.224s] Level 5:colcon.colcon_core.verb:set package 'nourish_scale' build argument 'cmake_force_configure' from command line to 'False'
[0.224s] Level 5:colcon.colcon_core.verb:set package 'nourish_scale' build argument 'ament_cmake_args' from command line to 'None'
[0.224s] Level 5:colcon.colcon_core.verb:set package 'nourish_scale' build argument 'catkin_cmake_args' from command line to 'None'
[0.224s] Level 5:colcon.colcon_core.verb:set package 'nourish_scale' build argument 'catkin_skip_building_tests' from command line to 'False'
[0.224s] DEBUG:colcon.colcon_core.verb:Building package 'nourish_scale' with the following arguments: {'ament_cmake_args': None, 'build_base': '/home/nikhil/nourish_ws/build/nourish_scale', 'catkin_cmake_args': None, 'catkin_skip_building_tests': False, 'cmake_args': None, 'cmake_clean_cache': False, 'cmake_clean_first': False, 'cmake_force_configure': False, 'cmake_target': None, 'cmake_target_skip_unavailable': False, 'install_base': '/home/nikhil/nourish_ws/install/nourish_scale', 'merge_install': False, 'path': '/home/nikhil/nourish_ws/src/ros2-nourish-scale/nourish_scale', 'symlink_install': False, 'test_result_base': None}
[0.225s] INFO:colcon.colcon_core.executor:Executing jobs using 'parallel' executor
[0.226s] DEBUG:colcon.colcon_parallel_executor.executor.parallel:run_until_complete
[0.227s] INFO:colcon.colcon_ros.task.ament_cmake.build:Building ROS package in '/home/nikhil/nourish_ws/src/serial-ros2' with build type 'ament_cmake'
[0.230s] INFO:colcon.colcon_core.plugin_system:Skipping extension 'colcon_core.shell.bat': Not used on non-Windows systems
[0.230s] INFO:colcon.colcon_cmake.task.cmake.build:Building CMake package in '/home/nikhil/nourish_ws/src/serial-ros2'
[0.230s] INFO:colcon.colcon_core.shell:Skip shell extension 'powershell' for command environment: Not usable outside of PowerShell
[0.230s] DEBUG:colcon.colcon_core.shell:Skip shell extension 'dsv' for command environment
[0.236s] INFO:colcon.colcon_ros.task.ament_cmake.build:Building ROS package in '/home/nikhil/nourish_ws/src/ros2-nourish-common-messages/juice_dcb_msgs' with build type 'ament_cmake'
[0.237s] INFO:colcon.colcon_cmake.task.cmake.build:Building CMake package in '/home/nikhil/nourish_ws/src/ros2-nourish-common-messages/juice_dcb_msgs'
[0.237s] INFO:colcon.colcon_core.shell:Skip shell extension 'powershell' for command environment: Not usable outside of PowerShell
[0.237s] DEBUG:colcon.colcon_core.shell:Skip shell extension 'dsv' for command environment
[0.242s] INFO:colcon.colcon_ros.task.ament_cmake.build:Building ROS package in '/home/nikhil/nourish_ws/src/ros2-nourish-common-messages/juice_spout_msgs' with build type 'ament_cmake'
[0.243s] INFO:colcon.colcon_cmake.task.cmake.build:Building CMake package in '/home/nikhil/nourish_ws/src/ros2-nourish-common-messages/juice_spout_msgs'
[0.244s] INFO:colcon.colcon_core.shell:Skip shell extension 'powershell' for command environment: Not usable outside of PowerShell
[0.244s] DEBUG:colcon.colcon_core.shell:Skip shell extension 'dsv' for command environment
[0.248s] INFO:colcon.colcon_ros.task.ament_cmake.build:Building ROS package in '/home/nikhil/nourish_ws/src/ros2-nourish-common-messages/nourish_scale_msgs' with build type 'ament_cmake'
[0.249s] INFO:colcon.colcon_cmake.task.cmake.build:Building CMake package in '/home/nikhil/nourish_ws/src/ros2-nourish-common-messages/nourish_scale_msgs'
[0.250s] INFO:colcon.colcon_core.shell:Skip shell extension 'powershell' for command environment: Not usable outside of PowerShell
[0.250s] DEBUG:colcon.colcon_core.shell:Skip shell extension 'dsv' for command environment
[0.255s] INFO:colcon.colcon_ros.task.ament_cmake.build:Building ROS package in '/home/nikhil/nourish_ws/src/dcb_gazebo' with build type 'ament_cmake'
[0.256s] INFO:colcon.colcon_cmake.task.cmake.build:Building CMake package in '/home/nikhil/nourish_ws/src/dcb_gazebo'
[0.256s] INFO:colcon.colcon_core.shell:Skip shell extension 'powershell' for command environment: Not usable outside of PowerShell
[0.256s] DEBUG:colcon.colcon_core.shell:Skip shell extension 'dsv' for command environment
[0.261s] INFO:colcon.colcon_ros.task.ament_cmake.build:Building ROS package in '/home/nikhil/nourish_ws/src/ros2-nourish-common-messages/nourish_robot_arm_msgs' with build type 'ament_cmake'
[0.262s] INFO:colcon.colcon_cmake.task.cmake.build:Building CMake package in '/home/nikhil/nourish_ws/src/ros2-nourish-common-messages/nourish_robot_arm_msgs'
[0.262s] INFO:colcon.colcon_core.shell:Skip shell extension 'powershell' for command environment: Not usable outside of PowerShell
[0.262s] DEBUG:colcon.colcon_core.shell:Skip shell extension 'dsv' for command environment
[0.273s] DEBUG:colcon.colcon_core.event_handler.log_command:Invoking command in '/home/nikhil/nourish_ws/build/serial': /usr/bin/cmake --build /home/nikhil/nourish_ws/build/serial -- -j12 -l12
[0.278s] DEBUG:colcon.colcon_core.event_handler.log_command:Invoking command in '/home/nikhil/nourish_ws/build/juice_dcb_msgs': /usr/bin/cmake --build /home/nikhil/nourish_ws/build/juice_dcb_msgs -- -j12 -l12
[0.282s] DEBUG:colcon.colcon_core.event_handler.log_command:Invoking command in '/home/nikhil/nourish_ws/build/juice_spout_msgs': /usr/bin/cmake --build /home/nikhil/nourish_ws/build/juice_spout_msgs -- -j12 -l12
[0.288s] DEBUG:colcon.colcon_core.event_handler.log_command:Invoking command in '/home/nikhil/nourish_ws/build/nourish_scale_msgs': /usr/bin/cmake --build /home/nikhil/nourish_ws/build/nourish_scale_msgs -- -j12 -l12
[0.293s] DEBUG:colcon.colcon_core.event_handler.log_command:Invoking command in '/home/nikhil/nourish_ws/build/dolly_gazebo': /usr/bin/cmake --build /home/nikhil/nourish_ws/build/dolly_gazebo -- -j12 -l12
[0.299s] DEBUG:colcon.colcon_core.event_handler.log_command:Invoking command in '/home/nikhil/nourish_ws/build/nourish_robot_arm_msgs': /usr/bin/cmake --build /home/nikhil/nourish_ws/build/nourish_robot_arm_msgs -- -j12 -l12
[0.339s] DEBUG:colcon.colcon_core.event_handler.log_command:Invoked command in '/home/nikhil/nourish_ws/build/dolly_gazebo' returned '0': /usr/bin/cmake --build /home/nikhil/nourish_ws/build/dolly_gazebo -- -j12 -l12
[0.347s] DEBUG:colcon.colcon_core.event_handler.log_command:Invoked command in '/home/nikhil/nourish_ws/build/serial' returned '0': /usr/bin/cmake --build /home/nikhil/nourish_ws/build/serial -- -j12 -l12
[0.416s] DEBUG:colcon.colcon_core.event_handler.log_command:Invoking command in '/home/nikhil/nourish_ws/build/dolly_gazebo': /usr/bin/cmake --build /home/nikhil/nourish_ws/build/dolly_gazebo --target install -- -j12 -l12
[0.428s] DEBUG:colcon.colcon_core.event_handler.log_command:Invoking command in '/home/nikhil/nourish_ws/build/serial': /usr/bin/cmake --build /home/nikhil/nourish_ws/build/serial --target install -- -j12 -l12
[0.499s] Level 1:colcon.colcon_core.environment:create_environment_scripts_only(dolly_gazebo)
[0.507s] Level 1:colcon.colcon_core.environment:checking '/home/nikhil/nourish_ws/install/dolly_gazebo' for CMake module files
[0.509s] Level 1:colcon.colcon_core.environment:checking '/home/nikhil/nourish_ws/install/dolly_gazebo' for CMake config files
[0.513s] Level 1:colcon.colcon_core.shell:create_environment_hook('dolly_gazebo', 'cmake_prefix_path')
[0.514s] INFO:colcon.colcon_core.shell:Creating environment hook '/home/nikhil/nourish_ws/install/dolly_gazebo/share/dolly_gazebo/hook/cmake_prefix_path.ps1'
[0.515s] DEBUG:colcon.colcon_core.event_handler.log_command:Invoked command in '/home/nikhil/nourish_ws/build/dolly_gazebo' returned '0': /usr/bin/cmake --build /home/nikhil/nourish_ws/build/dolly_gazebo --target install -- -j12 -l12
[0.516s] INFO:colcon.colcon_core.shell:Creating environment descriptor '/home/nikhil/nourish_ws/install/dolly_gazebo/share/dolly_gazebo/hook/cmake_prefix_path.dsv'
[0.516s] INFO:colcon.colcon_core.shell:Creating environment hook '/home/nikhil/nourish_ws/install/dolly_gazebo/share/dolly_gazebo/hook/cmake_prefix_path.sh'
[0.518s] Level 1:colcon.colcon_core.environment:checking '/home/nikhil/nourish_ws/install/dolly_gazebo/bin'
[0.518s] Level 1:colcon.colcon_core.environment:checking '/home/nikhil/nourish_ws/install/dolly_gazebo/lib/pkgconfig/dolly_gazebo.pc'
[0.518s] Level 1:colcon.colcon_core.environment:checking '/home/nikhil/nourish_ws/install/dolly_gazebo/lib/python3.6/site-packages'
[0.519s] INFO:colcon.colcon_core.shell:Creating package script '/home/nikhil/nourish_ws/install/dolly_gazebo/share/dolly_gazebo/package.ps1'
[0.520s] INFO:colcon.colcon_core.shell:Creating package descriptor '/home/nikhil/nourish_ws/install/dolly_gazebo/share/dolly_gazebo/package.dsv'
[0.522s] INFO:colcon.colcon_core.shell:Creating package script '/home/nikhil/nourish_ws/install/dolly_gazebo/share/dolly_gazebo/package.sh'
[0.523s] INFO:colcon.colcon_core.shell:Creating package script '/home/nikhil/nourish_ws/install/dolly_gazebo/share/dolly_gazebo/package.bash'
[0.525s] INFO:colcon.colcon_core.shell:Creating package script '/home/nikhil/nourish_ws/install/dolly_gazebo/share/dolly_gazebo/package.zsh'
[0.526s] Level 1:colcon.colcon_core.environment:create_file_with_runtime_dependencies(/home/nikhil/nourish_ws/install/dolly_gazebo/share/colcon-core/packages/dolly_gazebo)
[0.527s] Level 1:colcon.colcon_core.environment:create_environment_scripts_only(serial)
[0.528s] Level 1:colcon.colcon_core.environment:checking '/home/nikhil/nourish_ws/install/serial' for CMake module files
[0.528s] DEBUG:colcon.colcon_core.event_handler.log_command:Invoked command in '/home/nikhil/nourish_ws/build/serial' returned '0': /usr/bin/cmake --build /home/nikhil/nourish_ws/build/serial --target install -- -j12 -l12
[0.529s] Level 1:colcon.colcon_core.environment:checking '/home/nikhil/nourish_ws/install/serial' for CMake config files
[0.529s] Level 1:colcon.colcon_core.shell:create_environment_hook('serial', 'cmake_prefix_path')
[0.529s] INFO:colcon.colcon_core.shell:Creating environment hook '/home/nikhil/nourish_ws/install/serial/share/serial/hook/cmake_prefix_path.ps1'
[0.530s] INFO:colcon.colcon_core.shell:Creating environment descriptor '/home/nikhil/nourish_ws/install/serial/share/serial/hook/cmake_prefix_path.dsv'
[0.530s] INFO:colcon.colcon_core.shell:Creating environment hook '/home/nikhil/nourish_ws/install/serial/share/serial/hook/cmake_prefix_path.sh'
[0.531s] Level 1:colcon.colcon_core.environment:checking '/home/nikhil/nourish_ws/install/serial/lib'
[0.531s] Level 1:colcon.colcon_core.environment:checking '/home/nikhil/nourish_ws/install/serial/bin'
[0.531s] Level 1:colcon.colcon_core.environment:checking '/home/nikhil/nourish_ws/install/serial/lib/pkgconfig/serial.pc'
[0.531s] Level 1:colcon.colcon_core.environment:checking '/home/nikhil/nourish_ws/install/serial/lib/python3.6/site-packages'
[0.532s] INFO:colcon.colcon_core.shell:Creating package script '/home/nikhil/nourish_ws/install/serial/share/serial/package.ps1'
[0.533s] INFO:colcon.colcon_core.shell:Creating package descriptor '/home/nikhil/nourish_ws/install/serial/share/serial/package.dsv'
[0.533s] INFO:colcon.colcon_core.shell:Creating package script '/home/nikhil/nourish_ws/install/serial/share/serial/package.sh'
[0.534s] INFO:colcon.colcon_core.shell:Creating package script '/home/nikhil/nourish_ws/install/serial/share/serial/package.bash'
[0.534s] INFO:colcon.colcon_core.shell:Creating package script '/home/nikhil/nourish_ws/install/serial/share/serial/package.zsh'
[0.534s] Level 1:colcon.colcon_core.environment:create_file_with_runtime_dependencies(/home/nikhil/nourish_ws/install/serial/share/colcon-core/packages/serial)
[0.535s] INFO:colcon.colcon_ros.task.ament_cmake.build:Building ROS package in '/home/nikhil/nourish_ws/src/ros2-nourish-dcb' with build type 'ament_cmake'
[0.535s] INFO:colcon.colcon_cmake.task.cmake.build:Building CMake package in '/home/nikhil/nourish_ws/src/ros2-nourish-dcb'
[0.536s] INFO:colcon.colcon_core.shell:Skip shell extension 'powershell' for command environment: Not usable outside of PowerShell
[0.536s] DEBUG:colcon.colcon_core.shell:Skip shell extension 'dsv' for command environment
[0.553s] DEBUG:colcon.colcon_core.event_handler.log_command:Invoking command in '/home/nikhil/nourish_ws/build/nourish_dcb': AMENT_PREFIX_PATH=/home/nikhil/nourish_ws/install/serial:${AMENT_PREFIX_PATH} CMAKE_PREFIX_PATH=/home/nikhil/nourish_ws/install/serial:${CMAKE_PREFIX_PATH} LD_LIBRARY_PATH=/home/nikhil/nourish_ws/install/serial/lib:${LD_LIBRARY_PATH} /usr/bin/cmake --build /home/nikhil/nourish_ws/build/nourish_dcb -- -j12 -l12
[0.574s] DEBUG:colcon.colcon_core.event_handler.log_command:Invoked command in '/home/nikhil/nourish_ws/build/juice_dcb_msgs' returned '0': /usr/bin/cmake --build /home/nikhil/nourish_ws/build/juice_dcb_msgs -- -j12 -l12
[0.583s] DEBUG:colcon.colcon_core.event_handler.log_command:Invoked command in '/home/nikhil/nourish_ws/build/nourish_scale_msgs' returned '0': /usr/bin/cmake --build /home/nikhil/nourish_ws/build/nourish_scale_msgs -- -j12 -l12
[0.614s] DEBUG:colcon.colcon_core.event_handler.log_command:Invoked command in '/home/nikhil/nourish_ws/build/juice_spout_msgs' returned '0': /usr/bin/cmake --build /home/nikhil/nourish_ws/build/juice_spout_msgs -- -j12 -l12
[0.629s] DEBUG:colcon.colcon_core.event_handler.log_command:Invoked command in '/home/nikhil/nourish_ws/build/nourish_dcb' returned '0': AMENT_PREFIX_PATH=/home/nikhil/nourish_ws/install/serial:${AMENT_PREFIX_PATH} CMAKE_PREFIX_PATH=/home/nikhil/nourish_ws/install/serial:${CMAKE_PREFIX_PATH} LD_LIBRARY_PATH=/home/nikhil/nourish_ws/install/serial/lib:${LD_LIBRARY_PATH} /usr/bin/cmake --build /home/nikhil/nourish_ws/build/nourish_dcb -- -j12 -l12
[0.638s] DEBUG:colcon.colcon_core.event_handler.log_command:Invoked command in '/home/nikhil/nourish_ws/build/nourish_robot_arm_msgs' returned '0': /usr/bin/cmake --build /home/nikhil/nourish_ws/build/nourish_robot_arm_msgs -- -j12 -l12
[0.659s] DEBUG:colcon.colcon_core.event_handler.log_command:Invoking command in '/home/nikhil/nourish_ws/build/nourish_dcb': AMENT_PREFIX_PATH=/home/nikhil/nourish_ws/install/serial:${AMENT_PREFIX_PATH} CMAKE_PREFIX_PATH=/home/nikhil/nourish_ws/install/serial:${CMAKE_PREFIX_PATH} LD_LIBRARY_PATH=/home/nikhil/nourish_ws/install/serial/lib:${LD_LIBRARY_PATH} /usr/bin/cmake --build /home/nikhil/nourish_ws/build/nourish_dcb --target install -- -j12 -l12
[0.664s] DEBUG:colcon.colcon_core.event_handler.log_command:Invoking command in '/home/nikhil/nourish_ws/build/juice_dcb_msgs': /usr/bin/cmake --build /home/nikhil/nourish_ws/build/juice_dcb_msgs --target install -- -j12 -l12
[0.679s] DEBUG:colcon.colcon_core.event_handler.log_command:Invoking command in '/home/nikhil/nourish_ws/build/nourish_scale_msgs': /usr/bin/cmake --build /home/nikhil/nourish_ws/build/nourish_scale_msgs --target install -- -j12 -l12
[0.781s] DEBUG:colcon.colcon_core.event_handler.log_command:Invoking command in '/home/nikhil/nourish_ws/build/juice_spout_msgs': /usr/bin/cmake --build /home/nikhil/nourish_ws/build/juice_spout_msgs --target install -- -j12 -l12
[0.787s] Level 1:colcon.colcon_core.environment:create_environment_scripts_only(nourish_dcb)
[0.789s] Level 1:colcon.colcon_core.environment:checking '/home/nikhil/nourish_ws/install/nourish_dcb' for CMake module files
[0.793s] Level 1:colcon.colcon_core.environment:checking '/home/nikhil/nourish_ws/install/nourish_dcb' for CMake config files
[0.794s] DEBUG:colcon.colcon_core.event_handler.log_command:Invoked command in '/home/nikhil/nourish_ws/build/nourish_dcb' returned '0': AMENT_PREFIX_PATH=/home/nikhil/nourish_ws/install/serial:${AMENT_PREFIX_PATH} CMAKE_PREFIX_PATH=/home/nikhil/nourish_ws/install/serial:${CMAKE_PREFIX_PATH} LD_LIBRARY_PATH=/home/nikhil/nourish_ws/install/serial/lib:${LD_LIBRARY_PATH} /usr/bin/cmake --build /home/nikhil/nourish_ws/build/nourish_dcb --target install -- -j12 -l12
[0.795s] Level 1:colcon.colcon_core.shell:create_environment_hook('nourish_dcb', 'cmake_prefix_path')
[0.795s] INFO:colcon.colcon_core.shell:Creating environment hook '/home/nikhil/nourish_ws/install/nourish_dcb/share/nourish_dcb/hook/cmake_prefix_path.ps1'
[0.796s] INFO:colcon.colcon_core.shell:Creating environment descriptor '/home/nikhil/nourish_ws/install/nourish_dcb/share/nourish_dcb/hook/cmake_prefix_path.dsv'
[0.796s] INFO:colcon.colcon_core.shell:Creating environment hook '/home/nikhil/nourish_ws/install/nourish_dcb/share/nourish_dcb/hook/cmake_prefix_path.sh'
[0.797s] Level 1:colcon.colcon_core.environment:checking '/home/nikhil/nourish_ws/install/nourish_dcb/lib'
[0.797s] Level 1:colcon.colcon_core.environment:checking '/home/nikhil/nourish_ws/install/nourish_dcb/bin'
[0.797s] Level 1:colcon.colcon_core.environment:checking '/home/nikhil/nourish_ws/install/nourish_dcb/lib/pkgconfig/nourish_dcb.pc'
[0.797s] Level 1:colcon.colcon_core.environment:checking '/home/nikhil/nourish_ws/install/nourish_dcb/lib/python3.6/site-packages'
[0.798s] INFO:colcon.colcon_core.shell:Creating package script '/home/nikhil/nourish_ws/install/nourish_dcb/share/nourish_dcb/package.ps1'
[0.799s] INFO:colcon.colcon_core.shell:Creating package descriptor '/home/nikhil/nourish_ws/install/nourish_dcb/share/nourish_dcb/package.dsv'
[0.800s] INFO:colcon.colcon_core.shell:Creating package script '/home/nikhil/nourish_ws/install/nourish_dcb/share/nourish_dcb/package.sh'
[0.800s] INFO:colcon.colcon_core.shell:Creating package script '/home/nikhil/nourish_ws/install/nourish_dcb/share/nourish_dcb/package.bash'
[0.800s] INFO:colcon.colcon_core.shell:Creating package script '/home/nikhil/nourish_ws/install/nourish_dcb/share/nourish_dcb/package.zsh'
[0.801s] Level 1:colcon.colcon_core.environment:create_file_with_runtime_dependencies(/home/nikhil/nourish_ws/install/nourish_dcb/share/colcon-core/packages/nourish_dcb)
[1.001s] Level 1:colcon.colcon_core.environment:create_environment_scripts_only(juice_dcb_msgs)
[1.002s] Level 1:colcon.colcon_core.environment:checking '/home/nikhil/nourish_ws/install/juice_dcb_msgs' for CMake module files
[1.003s] DEBUG:colcon.colcon_core.event_handler.log_command:Invoked command in '/home/nikhil/nourish_ws/build/juice_dcb_msgs' returned '0': /usr/bin/cmake --build /home/nikhil/nourish_ws/build/juice_dcb_msgs --target install -- -j12 -l12
[1.003s] Level 1:colcon.colcon_core.environment:checking '/home/nikhil/nourish_ws/install/juice_dcb_msgs' for CMake config files
[1.003s] Level 1:colcon.colcon_core.shell:create_environment_hook('juice_dcb_msgs', 'cmake_prefix_path')
[1.004s] INFO:colcon.colcon_core.shell:Creating environment hook '/home/nikhil/nourish_ws/install/juice_dcb_msgs/share/juice_dcb_msgs/hook/cmake_prefix_path.ps1'
[1.004s] INFO:colcon.colcon_core.shell:Creating environment descriptor '/home/nikhil/nourish_ws/install/juice_dcb_msgs/share/juice_dcb_msgs/hook/cmake_prefix_path.dsv'
[1.005s] INFO:colcon.colcon_core.shell:Creating environment hook '/home/nikhil/nourish_ws/install/juice_dcb_msgs/share/juice_dcb_msgs/hook/cmake_prefix_path.sh'
[1.005s] Level 1:colcon.colcon_core.environment:checking '/home/nikhil/nourish_ws/install/juice_dcb_msgs/lib'
[1.005s] Level 1:colcon.colcon_core.shell:create_environment_hook('juice_dcb_msgs', 'ld_library_path_lib')
[1.006s] INFO:colcon.colcon_core.shell:Creating environment hook '/home/nikhil/nourish_ws/install/juice_dcb_msgs/share/juice_dcb_msgs/hook/ld_library_path_lib.ps1'
[1.006s] INFO:colcon.colcon_core.shell:Creating environment descriptor '/home/nikhil/nourish_ws/install/juice_dcb_msgs/share/juice_dcb_msgs/hook/ld_library_path_lib.dsv'
[1.007s] INFO:colcon.colcon_core.shell:Creating environment hook '/home/nikhil/nourish_ws/install/juice_dcb_msgs/share/juice_dcb_msgs/hook/ld_library_path_lib.sh'
[1.007s] Level 1:colcon.colcon_core.environment:checking '/home/nikhil/nourish_ws/install/juice_dcb_msgs/bin'
[1.007s] Level 1:colcon.colcon_core.environment:checking '/home/nikhil/nourish_ws/install/juice_dcb_msgs/lib/pkgconfig/juice_dcb_msgs.pc'
[1.007s] Level 1:colcon.colcon_core.environment:checking '/home/nikhil/nourish_ws/install/juice_dcb_msgs/lib/python3.6/site-packages'
[1.007s] Level 1:colcon.colcon_core.shell:create_environment_hook('juice_dcb_msgs', 'pythonpath')
[1.008s] INFO:colcon.colcon_core.shell:Creating environment hook '/home/nikhil/nourish_ws/install/juice_dcb_msgs/share/juice_dcb_msgs/hook/pythonpath.ps1'
[1.008s] INFO:colcon.colcon_core.shell:Creating environment descriptor '/home/nikhil/nourish_ws/install/juice_dcb_msgs/share/juice_dcb_msgs/hook/pythonpath.dsv'
[1.008s] INFO:colcon.colcon_core.shell:Creating environment hook '/home/nikhil/nourish_ws/install/juice_dcb_msgs/share/juice_dcb_msgs/hook/pythonpath.sh'
[1.010s] INFO:colcon.colcon_core.shell:Creating package script '/home/nikhil/nourish_ws/install/juice_dcb_msgs/share/juice_dcb_msgs/package.ps1'
[1.010s] INFO:colcon.colcon_core.shell:Creating package descriptor '/home/nikhil/nourish_ws/install/juice_dcb_msgs/share/juice_dcb_msgs/package.dsv'
[1.010s] INFO:colcon.colcon_core.shell:Creating package script '/home/nikhil/nourish_ws/install/juice_dcb_msgs/share/juice_dcb_msgs/package.sh'
[1.011s] INFO:colcon.colcon_core.shell:Creating package script '/home/nikhil/nourish_ws/install/juice_dcb_msgs/share/juice_dcb_msgs/package.bash'
[1.011s] INFO:colcon.colcon_core.shell:Creating package script '/home/nikhil/nourish_ws/install/juice_dcb_msgs/share/juice_dcb_msgs/package.zsh'
[1.011s] Level 1:colcon.colcon_core.environment:create_file_with_runtime_dependencies(/home/nikhil/nourish_ws/install/juice_dcb_msgs/share/colcon-core/packages/juice_dcb_msgs)
[1.012s] INFO:colcon.colcon_ros.task.ament_cmake.build:Building ROS package in '/home/nikhil/nourish_ws/src/ros2-bbox-juice-machine/juice_dcb' with build type 'ament_cmake'
[1.013s] INFO:colcon.colcon_cmake.task.cmake.build:Building CMake package in '/home/nikhil/nourish_ws/src/ros2-bbox-juice-machine/juice_dcb'
[1.013s] INFO:colcon.colcon_core.shell:Skip shell extension 'powershell' for command environment: Not usable outside of PowerShell
[1.013s] DEBUG:colcon.colcon_core.shell:Skip shell extension 'dsv' for command environment
[1.025s] DEBUG:colcon.colcon_core.event_handler.log_command:Invoking command in '/home/nikhil/nourish_ws/build/nourish_robot_arm_msgs': /usr/bin/cmake --build /home/nikhil/nourish_ws/build/nourish_robot_arm_msgs --target install -- -j12 -l12
[1.030s] DEBUG:colcon.colcon_core.event_handler.log_command:Invoking command in '/home/nikhil/nourish_ws/build/juice_dcb': AMENT_PREFIX_PATH=/home/nikhil/nourish_ws/install/nourish_dcb:/home/nikhil/nourish_ws/install/serial:/home/nikhil/nourish_ws/install/juice_dcb_msgs:${AMENT_PREFIX_PATH} CMAKE_PREFIX_PATH=/home/nikhil/nourish_ws/install/nourish_dcb:/home/nikhil/nourish_ws/install/serial:/home/nikhil/nourish_ws/install/juice_dcb_msgs:${CMAKE_PREFIX_PATH} LD_LIBRARY_PATH=/home/nikhil/nourish_ws/install/nourish_dcb/lib:/home/nikhil/nourish_ws/install/serial/lib:/home/nikhil/nourish_ws/install/juice_dcb_msgs/lib:${LD_LIBRARY_PATH} PYTHONPATH=/home/nikhil/nourish_ws/install/juice_dcb_msgs/lib/python3.6/site-packages:${PYTHONPATH} /usr/bin/cmake --build /home/nikhil/nourish_ws/build/juice_dcb -- -j12 -l12
[1.039s] Level 1:colcon.colcon_core.environment:create_environment_scripts_only(nourish_scale_msgs)
[1.040s] Level 1:colcon.colcon_core.environment:checking '/home/nikhil/nourish_ws/install/nourish_scale_msgs' for CMake module files
[1.040s] DEBUG:colcon.colcon_core.event_handler.log_command:Invoked command in '/home/nikhil/nourish_ws/build/nourish_scale_msgs' returned '0': /usr/bin/cmake --build /home/nikhil/nourish_ws/build/nourish_scale_msgs --target install -- -j12 -l12
[1.041s] Level 1:colcon.colcon_core.environment:checking '/home/nikhil/nourish_ws/install/nourish_scale_msgs' for CMake config files
[1.041s] Level 1:colcon.colcon_core.shell:create_environment_hook('nourish_scale_msgs', 'cmake_prefix_path')
[1.042s] INFO:colcon.colcon_core.shell:Creating environment hook '/home/nikhil/nourish_ws/install/nourish_scale_msgs/share/nourish_scale_msgs/hook/cmake_prefix_path.ps1'
[1.042s] INFO:colcon.colcon_core.shell:Creating environment descriptor '/home/nikhil/nourish_ws/install/nourish_scale_msgs/share/nourish_scale_msgs/hook/cmake_prefix_path.dsv'
[1.043s] INFO:colcon.colcon_core.shell:Creating environment hook '/home/nikhil/nourish_ws/install/nourish_scale_msgs/share/nourish_scale_msgs/hook/cmake_prefix_path.sh'
[1.044s] Level 1:colcon.colcon_core.environment:checking '/home/nikhil/nourish_ws/install/nourish_scale_msgs/lib'
[1.044s] Level 1:colcon.colcon_core.shell:create_environment_hook('nourish_scale_msgs', 'ld_library_path_lib')
[1.045s] INFO:colcon.colcon_core.shell:Creating environment hook '/home/nikhil/nourish_ws/install/nourish_scale_msgs/share/nourish_scale_msgs/hook/ld_library_path_lib.ps1'
[1.045s] INFO:colcon.colcon_core.shell:Creating environment descriptor '/home/nikhil/nourish_ws/install/nourish_scale_msgs/share/nourish_scale_msgs/hook/ld_library_path_lib.dsv'
[1.045s] INFO:colcon.colcon_core.shell:Creating environment hook '/home/nikhil/nourish_ws/install/nourish_scale_msgs/share/nourish_scale_msgs/hook/ld_library_path_lib.sh'
[1.046s] Level 1:colcon.colcon_core.environment:checking '/home/nikhil/nourish_ws/install/nourish_scale_msgs/bin'
[1.046s] Level 1:colcon.colcon_core.environment:checking '/home/nikhil/nourish_ws/install/nourish_scale_msgs/lib/pkgconfig/nourish_scale_msgs.pc'
[1.046s] Level 1:colcon.colcon_core.environment:checking '/home/nikhil/nourish_ws/install/nourish_scale_msgs/lib/python3.6/site-packages'
[1.046s] Level 1:colcon.colcon_core.shell:create_environment_hook('nourish_scale_msgs', 'pythonpath')
[1.047s] INFO:colcon.colcon_core.shell:Creating environment hook '/home/nikhil/nourish_ws/install/nourish_scale_msgs/share/nourish_scale_msgs/hook/pythonpath.ps1'
[1.047s] INFO:colcon.colcon_core.shell:Creating environment descriptor '/home/nikhil/nourish_ws/install/nourish_scale_msgs/share/nourish_scale_msgs/hook/pythonpath.dsv'
[1.047s] INFO:colcon.colcon_core.shell:Creating environment hook '/home/nikhil/nourish_ws/install/nourish_scale_msgs/share/nourish_scale_msgs/hook/pythonpath.sh'
[1.048s] INFO:colcon.colcon_core.shell:Creating package script '/home/nikhil/nourish_ws/install/nourish_scale_msgs/share/nourish_scale_msgs/package.ps1'
[1.049s] INFO:colcon.colcon_core.shell:Creating package descriptor '/home/nikhil/nourish_ws/install/nourish_scale_msgs/share/nourish_scale_msgs/package.dsv'
[1.049s] INFO:colcon.colcon_core.shell:Creating package script '/home/nikhil/nourish_ws/install/nourish_scale_msgs/share/nourish_scale_msgs/package.sh'
[1.050s] INFO:colcon.colcon_core.shell:Creating package script '/home/nikhil/nourish_ws/install/nourish_scale_msgs/share/nourish_scale_msgs/package.bash'
[1.050s] INFO:colcon.colcon_core.shell:Creating package script '/home/nikhil/nourish_ws/install/nourish_scale_msgs/share/nourish_scale_msgs/package.zsh'
[1.051s] Level 1:colcon.colcon_core.environment:create_file_with_runtime_dependencies(/home/nikhil/nourish_ws/install/nourish_scale_msgs/share/colcon-core/packages/nourish_scale_msgs)
[1.051s] INFO:colcon.colcon_ros.task.ament_cmake.build:Building ROS package in '/home/nikhil/nourish_ws/src/ros2-nourish-scale/nourish_scale' with build type 'ament_cmake'
[1.052s] INFO:colcon.colcon_cmake.task.cmake.build:Building CMake package in '/home/nikhil/nourish_ws/src/ros2-nourish-scale/nourish_scale'
[1.053s] INFO:colcon.colcon_core.shell:Skip shell extension 'powershell' for command environment: Not usable outside of PowerShell
[1.053s] DEBUG:colcon.colcon_core.shell:Skip shell extension 'dsv' for command environment
[1.076s] DEBUG:colcon.colcon_core.event_handler.log_command:Invoking command in '/home/nikhil/nourish_ws/build/nourish_scale': AMENT_PREFIX_PATH=/home/nikhil/nourish_ws/install/nourish_dcb:/home/nikhil/nourish_ws/install/serial:/home/nikhil/nourish_ws/install/nourish_scale_msgs:${AMENT_PREFIX_PATH} CMAKE_PREFIX_PATH=/home/nikhil/nourish_ws/install/nourish_dcb:/home/nikhil/nourish_ws/install/serial:/home/nikhil/nourish_ws/install/nourish_scale_msgs:${CMAKE_PREFIX_PATH} LD_LIBRARY_PATH=/home/nikhil/nourish_ws/install/nourish_dcb/lib:/home/nikhil/nourish_ws/install/serial/lib:/home/nikhil/nourish_ws/install/nourish_scale_msgs/lib:${LD_LIBRARY_PATH} PYTHONPATH=/home/nikhil/nourish_ws/install/nourish_scale_msgs/lib/python3.6/site-packages:${PYTHONPATH} /usr/bin/cmake --build /home/nikhil/nourish_ws/build/nourish_scale -- -j12 -l12
[1.118s] DEBUG:colcon.colcon_core.event_handler.log_command:Invoked command in '/home/nikhil/nourish_ws/build/juice_dcb' returned '0': AMENT_PREFIX_PATH=/home/nikhil/nourish_ws/install/nourish_dcb:/home/nikhil/nourish_ws/install/serial:/home/nikhil/nourish_ws/install/juice_dcb_msgs:${AMENT_PREFIX_PATH} CMAKE_PREFIX_PATH=/home/nikhil/nourish_ws/install/nourish_dcb:/home/nikhil/nourish_ws/install/serial:/home/nikhil/nourish_ws/install/juice_dcb_msgs:${CMAKE_PREFIX_PATH} LD_LIBRARY_PATH=/home/nikhil/nourish_ws/install/nourish_dcb/lib:/home/nikhil/nourish_ws/install/serial/lib:/home/nikhil/nourish_ws/install/juice_dcb_msgs/lib:${LD_LIBRARY_PATH} PYTHONPATH=/home/nikhil/nourish_ws/install/juice_dcb_msgs/lib/python3.6/site-packages:${PYTHONPATH} /usr/bin/cmake --build /home/nikhil/nourish_ws/build/juice_dcb -- -j12 -l12
[1.138s] Level 1:colcon.colcon_core.environment:create_environment_scripts_only(juice_spout_msgs)
[1.139s] Level 1:colcon.colcon_core.environment:checking '/home/nikhil/nourish_ws/install/juice_spout_msgs' for CMake module files
[1.140s] DEBUG:colcon.colcon_core.event_handler.log_command:Invoked command in '/home/nikhil/nourish_ws/build/juice_spout_msgs' returned '0': /usr/bin/cmake --build /home/nikhil/nourish_ws/build/juice_spout_msgs --target install -- -j12 -l12
[1.141s] Level 1:colcon.colcon_core.environment:checking '/home/nikhil/nourish_ws/install/juice_spout_msgs' for CMake config files
[1.142s] Level 1:colcon.colcon_core.shell:create_environment_hook('juice_spout_msgs', 'cmake_prefix_path')
[1.143s] INFO:colcon.colcon_core.shell:Creating environment hook '/home/nikhil/nourish_ws/install/juice_spout_msgs/share/juice_spout_msgs/hook/cmake_prefix_path.ps1'
[1.144s] INFO:colcon.colcon_core.shell:Creating environment descriptor '/home/nikhil/nourish_ws/install/juice_spout_msgs/share/juice_spout_msgs/hook/cmake_prefix_path.dsv'
[1.145s] INFO:colcon.colcon_core.shell:Creating environment hook '/home/nikhil/nourish_ws/install/juice_spout_msgs/share/juice_spout_msgs/hook/cmake_prefix_path.sh'
[1.146s] Level 1:colcon.colcon_core.environment:checking '/home/nikhil/nourish_ws/install/juice_spout_msgs/lib'
[1.146s] Level 1:colcon.colcon_core.shell:create_environment_hook('juice_spout_msgs', 'ld_library_path_lib')
[1.147s] INFO:colcon.colcon_core.shell:Creating environment hook '/home/nikhil/nourish_ws/install/juice_spout_msgs/share/juice_spout_msgs/hook/ld_library_path_lib.ps1'
[1.147s] INFO:colcon.colcon_core.shell:Creating environment descriptor '/home/nikhil/nourish_ws/install/juice_spout_msgs/share/juice_spout_msgs/hook/ld_library_path_lib.dsv'
[1.148s] INFO:colcon.colcon_core.shell:Creating environment hook '/home/nikhil/nourish_ws/install/juice_spout_msgs/share/juice_spout_msgs/hook/ld_library_path_lib.sh'
[1.148s] Level 1:colcon.colcon_core.environment:checking '/home/nikhil/nourish_ws/install/juice_spout_msgs/bin'
[1.149s] Level 1:colcon.colcon_core.environment:checking '/home/nikhil/nourish_ws/install/juice_spout_msgs/lib/pkgconfig/juice_spout_msgs.pc'
[1.149s] Level 1:colcon.colcon_core.environment:checking '/home/nikhil/nourish_ws/install/juice_spout_msgs/lib/python3.6/site-packages'
[1.149s] Level 1:colcon.colcon_core.shell:create_environment_hook('juice_spout_msgs', 'pythonpath')
[1.150s] INFO:colcon.colcon_core.shell:Creating environment hook '/home/nikhil/nourish_ws/install/juice_spout_msgs/share/juice_spout_msgs/hook/pythonpath.ps1'
[1.150s] INFO:colcon.colcon_core.shell:Creating environment descriptor '/home/nikhil/nourish_ws/install/juice_spout_msgs/share/juice_spout_msgs/hook/pythonpath.dsv'
[1.151s] INFO:colcon.colcon_core.shell:Creating environment hook '/home/nikhil/nourish_ws/install/juice_spout_msgs/share/juice_spout_msgs/hook/pythonpath.sh'
[1.152s] INFO:colcon.colcon_core.shell:Creating package script '/home/nikhil/nourish_ws/install/juice_spout_msgs/share/juice_spout_msgs/package.ps1'
[1.154s] INFO:colcon.colcon_core.shell:Creating package descriptor '/home/nikhil/nourish_ws/install/juice_spout_msgs/share/juice_spout_msgs/package.dsv'
[1.154s] INFO:colcon.colcon_core.shell:Creating package script '/home/nikhil/nourish_ws/install/juice_spout_msgs/share/juice_spout_msgs/package.sh'
[1.155s] INFO:colcon.colcon_core.shell:Creating package script '/home/nikhil/nourish_ws/install/juice_spout_msgs/share/juice_spout_msgs/package.bash'
[1.155s] INFO:colcon.colcon_core.shell:Creating package script '/home/nikhil/nourish_ws/install/juice_spout_msgs/share/juice_spout_msgs/package.zsh'
[1.156s] Level 1:colcon.colcon_core.environment:create_file_with_runtime_dependencies(/home/nikhil/nourish_ws/install/juice_spout_msgs/share/colcon-core/packages/juice_spout_msgs)
[1.156s] INFO:colcon.colcon_ros.task.ament_cmake.build:Building ROS package in '/home/nikhil/nourish_ws/src/ros2-bbox-juice-machine/juice_spout' with build type 'ament_cmake'
[1.157s] INFO:colcon.colcon_cmake.task.cmake.build:Building CMake package in '/home/nikhil/nourish_ws/src/ros2-bbox-juice-machine/juice_spout'
[1.158s] INFO:colcon.colcon_core.shell:Skip shell extension 'powershell' for command environment: Not usable outside of PowerShell
[1.158s] DEBUG:colcon.colcon_core.shell:Skip shell extension 'dsv' for command environment
[1.169s] DEBUG:colcon.colcon_core.event_handler.log_command:Invoking command in '/home/nikhil/nourish_ws/build/juice_dcb': AMENT_PREFIX_PATH=/home/nikhil/nourish_ws/install/nourish_dcb:/home/nikhil/nourish_ws/install/serial:/home/nikhil/nourish_ws/install/juice_dcb_msgs:${AMENT_PREFIX_PATH} CMAKE_PREFIX_PATH=/home/nikhil/nourish_ws/install/nourish_dcb:/home/nikhil/nourish_ws/install/serial:/home/nikhil/nourish_ws/install/juice_dcb_msgs:${CMAKE_PREFIX_PATH} LD_LIBRARY_PATH=/home/nikhil/nourish_ws/install/nourish_dcb/lib:/home/nikhil/nourish_ws/install/serial/lib:/home/nikhil/nourish_ws/install/juice_dcb_msgs/lib:${LD_LIBRARY_PATH} PYTHONPATH=/home/nikhil/nourish_ws/install/juice_dcb_msgs/lib/python3.6/site-packages:${PYTHONPATH} /usr/bin/cmake --build /home/nikhil/nourish_ws/build/juice_dcb --target install -- -j12 -l12
[1.180s] DEBUG:colcon.colcon_core.event_handler.log_command:Invoking command in '/home/nikhil/nourish_ws/build/juice_spout': AMENT_PREFIX_PATH=/home/nikhil/nourish_ws/install/juice_spout_msgs:/home/nikhil/nourish_ws/install/juice_dcb_msgs:${AMENT_PREFIX_PATH} CMAKE_PREFIX_PATH=/home/nikhil/nourish_ws/install/juice_spout_msgs:/home/nikhil/nourish_ws/install/juice_dcb_msgs:${CMAKE_PREFIX_PATH} LD_LIBRARY_PATH=/home/nikhil/nourish_ws/install/juice_spout_msgs/lib:/home/nikhil/nourish_ws/install/juice_dcb_msgs/lib:${LD_LIBRARY_PATH} PYTHONPATH=/home/nikhil/nourish_ws/install/juice_spout_msgs/lib/python3.6/site-packages:/home/nikhil/nourish_ws/install/juice_dcb_msgs/lib/python3.6/site-packages:${PYTHONPATH} /usr/bin/cmake --build /home/nikhil/nourish_ws/build/juice_spout -- -j12 -l12
[1.192s] DEBUG:colcon.colcon_core.event_handler.log_command:Invoked command in '/home/nikhil/nourish_ws/build/nourish_scale' returned '0': AMENT_PREFIX_PATH=/home/nikhil/nourish_ws/install/nourish_dcb:/home/nikhil/nourish_ws/install/serial:/home/nikhil/nourish_ws/install/nourish_scale_msgs:${AMENT_PREFIX_PATH} CMAKE_PREFIX_PATH=/home/nikhil/nourish_ws/install/nourish_dcb:/home/nikhil/nourish_ws/install/serial:/home/nikhil/nourish_ws/install/nourish_scale_msgs:${CMAKE_PREFIX_PATH} LD_LIBRARY_PATH=/home/nikhil/nourish_ws/install/nourish_dcb/lib:/home/nikhil/nourish_ws/install/serial/lib:/home/nikhil/nourish_ws/install/nourish_scale_msgs/lib:${LD_LIBRARY_PATH} PYTHONPATH=/home/nikhil/nourish_ws/install/nourish_scale_msgs/lib/python3.6/site-packages:${PYTHONPATH} /usr/bin/cmake --build /home/nikhil/nourish_ws/build/nourish_scale -- -j12 -l12
[1.233s] DEBUG:colcon.colcon_core.event_handler.log_command:Invoking command in '/home/nikhil/nourish_ws/build/nourish_scale': AMENT_PREFIX_PATH=/home/nikhil/nourish_ws/install/nourish_dcb:/home/nikhil/nourish_ws/install/serial:/home/nikhil/nourish_ws/install/nourish_scale_msgs:${AMENT_PREFIX_PATH} CMAKE_PREFIX_PATH=/home/nikhil/nourish_ws/install/nourish_dcb:/home/nikhil/nourish_ws/install/serial:/home/nikhil/nourish_ws/install/nourish_scale_msgs:${CMAKE_PREFIX_PATH} LD_LIBRARY_PATH=/home/nikhil/nourish_ws/install/nourish_dcb/lib:/home/nikhil/nourish_ws/install/serial/lib:/home/nikhil/nourish_ws/install/nourish_scale_msgs/lib:${LD_LIBRARY_PATH} PYTHONPATH=/home/nikhil/nourish_ws/install/nourish_scale_msgs/lib/python3.6/site-packages:${PYTHONPATH} /usr/bin/cmake --build /home/nikhil/nourish_ws/build/nourish_scale --target install -- -j12 -l12
[1.250s] DEBUG:colcon.colcon_core.event_handler.log_command:Invoked command in '/home/nikhil/nourish_ws/build/juice_spout' returned '0': AMENT_PREFIX_PATH=/home/nikhil/nourish_ws/install/juice_spout_msgs:/home/nikhil/nourish_ws/install/juice_dcb_msgs:${AMENT_PREFIX_PATH} CMAKE_PREFIX_PATH=/home/nikhil/nourish_ws/install/juice_spout_msgs:/home/nikhil/nourish_ws/install/juice_dcb_msgs:${CMAKE_PREFIX_PATH} LD_LIBRARY_PATH=/home/nikhil/nourish_ws/install/juice_spout_msgs/lib:/home/nikhil/nourish_ws/install/juice_dcb_msgs/lib:${LD_LIBRARY_PATH} PYTHONPATH=/home/nikhil/nourish_ws/install/juice_spout_msgs/lib/python3.6/site-packages:/home/nikhil/nourish_ws/install/juice_dcb_msgs/lib/python3.6/site-packages:${PYTHONPATH} /usr/bin/cmake --build /home/nikhil/nourish_ws/build/juice_spout -- -j12 -l12
[1.267s] Level 1:colcon.colcon_core.environment:create_environment_scripts_only(juice_dcb)
[1.269s] Level 1:colcon.colcon_core.environment:checking '/home/nikhil/nourish_ws/install/juice_dcb' for CMake module files
[1.270s] DEBUG:colcon.colcon_core.event_handler.log_command:Invoked command in '/home/nikhil/nourish_ws/build/juice_dcb' returned '0': AMENT_PREFIX_PATH=/home/nikhil/nourish_ws/install/nourish_dcb:/home/nikhil/nourish_ws/install/serial:/home/nikhil/nourish_ws/install/juice_dcb_msgs:${AMENT_PREFIX_PATH} CMAKE_PREFIX_PATH=/home/nikhil/nourish_ws/install/nourish_dcb:/home/nikhil/nourish_ws/install/serial:/home/nikhil/nourish_ws/install/juice_dcb_msgs:${CMAKE_PREFIX_PATH} LD_LIBRARY_PATH=/home/nikhil/nourish_ws/install/nourish_dcb/lib:/home/nikhil/nourish_ws/install/serial/lib:/home/nikhil/nourish_ws/install/juice_dcb_msgs/lib:${LD_LIBRARY_PATH} PYTHONPATH=/home/nikhil/nourish_ws/install/juice_dcb_msgs/lib/python3.6/site-packages:${PYTHONPATH} /usr/bin/cmake --build /home/nikhil/nourish_ws/build/juice_dcb --target install -- -j12 -l12
[1.271s] Level 1:colcon.colcon_core.environment:checking '/home/nikhil/nourish_ws/install/juice_dcb' for CMake config files
[1.271s] Level 1:colcon.colcon_core.shell:create_environment_hook('juice_dcb', 'cmake_prefix_path')
[1.272s] INFO:colcon.colcon_core.shell:Creating environment hook '/home/nikhil/nourish_ws/install/juice_dcb/share/juice_dcb/hook/cmake_prefix_path.ps1'
[1.273s] INFO:colcon.colcon_core.shell:Creating environment descriptor '/home/nikhil/nourish_ws/install/juice_dcb/share/juice_dcb/hook/cmake_prefix_path.dsv'
[1.273s] INFO:colcon.colcon_core.shell:Creating environment hook '/home/nikhil/nourish_ws/install/juice_dcb/share/juice_dcb/hook/cmake_prefix_path.sh'
[1.275s] Level 1:colcon.colcon_core.environment:checking '/home/nikhil/nourish_ws/install/juice_dcb/lib'
[1.275s] Level 1:colcon.colcon_core.environment:checking '/home/nikhil/nourish_ws/install/juice_dcb/bin'
[1.275s] Level 1:colcon.colcon_core.environment:checking '/home/nikhil/nourish_ws/install/juice_dcb/lib/pkgconfig/juice_dcb.pc'
[1.275s] Level 1:colcon.colcon_core.environment:checking '/home/nikhil/nourish_ws/install/juice_dcb/lib/python3.6/site-packages'
[1.276s] INFO:colcon.colcon_core.shell:Creating package script '/home/nikhil/nourish_ws/install/juice_dcb/share/juice_dcb/package.ps1'
[1.277s] INFO:colcon.colcon_core.shell:Creating package descriptor '/home/nikhil/nourish_ws/install/juice_dcb/share/juice_dcb/package.dsv'
[1.278s] INFO:colcon.colcon_core.shell:Creating package script '/home/nikhil/nourish_ws/install/juice_dcb/share/juice_dcb/package.sh'
[1.278s] INFO:colcon.colcon_core.shell:Creating package script '/home/nikhil/nourish_ws/install/juice_dcb/share/juice_dcb/package.bash'
[1.279s] INFO:colcon.colcon_core.shell:Creating package script '/home/nikhil/nourish_ws/install/juice_dcb/share/juice_dcb/package.zsh'
[1.279s] Level 1:colcon.colcon_core.environment:create_file_with_runtime_dependencies(/home/nikhil/nourish_ws/install/juice_dcb/share/colcon-core/packages/juice_dcb)
[1.284s] DEBUG:colcon.colcon_core.event_handler.log_command:Invoking command in '/home/nikhil/nourish_ws/build/juice_spout': AMENT_PREFIX_PATH=/home/nikhil/nourish_ws/install/juice_spout_msgs:/home/nikhil/nourish_ws/install/juice_dcb_msgs:${AMENT_PREFIX_PATH} CMAKE_PREFIX_PATH=/home/nikhil/nourish_ws/install/juice_spout_msgs:/home/nikhil/nourish_ws/install/juice_dcb_msgs:${CMAKE_PREFIX_PATH} LD_LIBRARY_PATH=/home/nikhil/nourish_ws/install/juice_spout_msgs/lib:/home/nikhil/nourish_ws/install/juice_dcb_msgs/lib:${LD_LIBRARY_PATH} PYTHONPATH=/home/nikhil/nourish_ws/install/juice_spout_msgs/lib/python3.6/site-packages:/home/nikhil/nourish_ws/install/juice_dcb_msgs/lib/python3.6/site-packages:${PYTHONPATH} /usr/bin/cmake --build /home/nikhil/nourish_ws/build/juice_spout --target install -- -j12 -l12
[1.359s] Level 1:colcon.colcon_core.environment:create_environment_scripts_only(nourish_scale)
[1.360s] Level 1:colcon.colcon_core.environment:checking '/home/nikhil/nourish_ws/install/nourish_scale' for CMake module files
[1.362s] Level 1:colcon.colcon_core.environment:checking '/home/nikhil/nourish_ws/install/nourish_scale' for CMake config files
[1.363s] DEBUG:colcon.colcon_core.event_handler.log_command:Invoked command in '/home/nikhil/nourish_ws/build/nourish_scale' returned '0': AMENT_PREFIX_PATH=/home/nikhil/nourish_ws/install/nourish_dcb:/home/nikhil/nourish_ws/install/serial:/home/nikhil/nourish_ws/install/nourish_scale_msgs:${AMENT_PREFIX_PATH} CMAKE_PREFIX_PATH=/home/nikhil/nourish_ws/install/nourish_dcb:/home/nikhil/nourish_ws/install/serial:/home/nikhil/nourish_ws/install/nourish_scale_msgs:${CMAKE_PREFIX_PATH} LD_LIBRARY_PATH=/home/nikhil/nourish_ws/install/nourish_dcb/lib:/home/nikhil/nourish_ws/install/serial/lib:/home/nikhil/nourish_ws/install/nourish_scale_msgs/lib:${LD_LIBRARY_PATH} PYTHONPATH=/home/nikhil/nourish_ws/install/nourish_scale_msgs/lib/python3.6/site-packages:${PYTHONPATH} /usr/bin/cmake --build /home/nikhil/nourish_ws/build/nourish_scale --target install -- -j12 -l12
[1.363s] Level 1:colcon.colcon_core.shell:create_environment_hook('nourish_scale', 'cmake_prefix_path')
[1.364s] INFO:colcon.colcon_core.shell:Creating environment hook '/home/nikhil/nourish_ws/install/nourish_scale/share/nourish_scale/hook/cmake_prefix_path.ps1'
[1.364s] INFO:colcon.colcon_core.shell:Creating environment descriptor '/home/nikhil/nourish_ws/install/nourish_scale/share/nourish_scale/hook/cmake_prefix_path.dsv'
[1.364s] INFO:colcon.colcon_core.shell:Creating environment hook '/home/nikhil/nourish_ws/install/nourish_scale/share/nourish_scale/hook/cmake_prefix_path.sh'
[1.365s] Level 1:colcon.colcon_core.environment:checking '/home/nikhil/nourish_ws/install/nourish_scale/lib'
[1.365s] Level 1:colcon.colcon_core.environment:checking '/home/nikhil/nourish_ws/install/nourish_scale/bin'
[1.366s] Level 1:colcon.colcon_core.environment:checking '/home/nikhil/nourish_ws/install/nourish_scale/lib/pkgconfig/nourish_scale.pc'
[1.366s] Level 1:colcon.colcon_core.environment:checking '/home/nikhil/nourish_ws/install/nourish_scale/lib/python3.6/site-packages'
[1.366s] INFO:colcon.colcon_core.shell:Creating package script '/home/nikhil/nourish_ws/install/nourish_scale/share/nourish_scale/package.ps1'
[1.367s] INFO:colcon.colcon_core.shell:Creating package descriptor '/home/nikhil/nourish_ws/install/nourish_scale/share/nourish_scale/package.dsv'
[1.367s] INFO:colcon.colcon_core.shell:Creating package script '/home/nikhil/nourish_ws/install/nourish_scale/share/nourish_scale/package.sh'
[1.367s] INFO:colcon.colcon_core.shell:Creating package script '/home/nikhil/nourish_ws/install/nourish_scale/share/nourish_scale/package.bash'
[1.368s] INFO:colcon.colcon_core.shell:Creating package script '/home/nikhil/nourish_ws/install/nourish_scale/share/nourish_scale/package.zsh'
[1.368s] Level 1:colcon.colcon_core.environment:create_file_with_runtime_dependencies(/home/nikhil/nourish_ws/install/nourish_scale/share/colcon-core/packages/nourish_scale)
[1.388s] Level 1:colcon.colcon_core.environment:create_environment_scripts_only(nourish_robot_arm_msgs)
[1.388s] DEBUG:colcon.colcon_core.event_handler.log_command:Invoked command in '/home/nikhil/nourish_ws/build/nourish_robot_arm_msgs' returned '0': /usr/bin/cmake --build /home/nikhil/nourish_ws/build/nourish_robot_arm_msgs --target install -- -j12 -l12
[1.389s] Level 1:colcon.colcon_core.environment:checking '/home/nikhil/nourish_ws/install/nourish_robot_arm_msgs' for CMake module files
[1.389s] Level 1:colcon.colcon_core.environment:checking '/home/nikhil/nourish_ws/install/nourish_robot_arm_msgs' for CMake config files
[1.390s] Level 1:colcon.colcon_core.shell:create_environment_hook('nourish_robot_arm_msgs', 'cmake_prefix_path')
[1.391s] INFO:colcon.colcon_core.shell:Creating environment hook '/home/nikhil/nourish_ws/install/nourish_robot_arm_msgs/share/nourish_robot_arm_msgs/hook/cmake_prefix_path.ps1'
[1.392s] INFO:colcon.colcon_core.shell:Creating environment descriptor '/home/nikhil/nourish_ws/install/nourish_robot_arm_msgs/share/nourish_robot_arm_msgs/hook/cmake_prefix_path.dsv'
[1.392s] INFO:colcon.colcon_core.shell:Creating environment hook '/home/nikhil/nourish_ws/install/nourish_robot_arm_msgs/share/nourish_robot_arm_msgs/hook/cmake_prefix_path.sh'
[1.394s] Level 1:colcon.colcon_core.environment:checking '/home/nikhil/nourish_ws/install/nourish_robot_arm_msgs/lib'
[1.394s] Level 1:colcon.colcon_core.shell:create_environment_hook('nourish_robot_arm_msgs', 'ld_library_path_lib')
[1.394s] INFO:colcon.colcon_core.shell:Creating environment hook '/home/nikhil/nourish_ws/install/nourish_robot_arm_msgs/share/nourish_robot_arm_msgs/hook/ld_library_path_lib.ps1'
[1.395s] INFO:colcon.colcon_core.shell:Creating environment descriptor '/home/nikhil/nourish_ws/install/nourish_robot_arm_msgs/share/nourish_robot_arm_msgs/hook/ld_library_path_lib.dsv'
[1.395s] INFO:colcon.colcon_core.shell:Creating environment hook '/home/nikhil/nourish_ws/install/nourish_robot_arm_msgs/share/nourish_robot_arm_msgs/hook/ld_library_path_lib.sh'
[1.396s] Level 1:colcon.colcon_core.environment:checking '/home/nikhil/nourish_ws/install/nourish_robot_arm_msgs/bin'
[1.396s] Level 1:colcon.colcon_core.environment:checking '/home/nikhil/nourish_ws/install/nourish_robot_arm_msgs/lib/pkgconfig/nourish_robot_arm_msgs.pc'
[1.396s] Level 1:colcon.colcon_core.environment:checking '/home/nikhil/nourish_ws/install/nourish_robot_arm_msgs/lib/python3.6/site-packages'
[1.396s] Level 1:colcon.colcon_core.shell:create_environment_hook('nourish_robot_arm_msgs', 'pythonpath')
[1.396s] INFO:colcon.colcon_core.shell:Creating environment hook '/home/nikhil/nourish_ws/install/nourish_robot_arm_msgs/share/nourish_robot_arm_msgs/hook/pythonpath.ps1'
[1.397s] INFO:colcon.colcon_core.shell:Creating environment descriptor '/home/nikhil/nourish_ws/install/nourish_robot_arm_msgs/share/nourish_robot_arm_msgs/hook/pythonpath.dsv'
[1.397s] INFO:colcon.colcon_core.shell:Creating environment hook '/home/nikhil/nourish_ws/install/nourish_robot_arm_msgs/share/nourish_robot_arm_msgs/hook/pythonpath.sh'
[1.398s] INFO:colcon.colcon_core.shell:Creating package script '/home/nikhil/nourish_ws/install/nourish_robot_arm_msgs/share/nourish_robot_arm_msgs/package.ps1'
[1.398s] INFO:colcon.colcon_core.shell:Creating package descriptor '/home/nikhil/nourish_ws/install/nourish_robot_arm_msgs/share/nourish_robot_arm_msgs/package.dsv'
[1.399s] INFO:colcon.colcon_core.shell:Creating package script '/home/nikhil/nourish_ws/install/nourish_robot_arm_msgs/share/nourish_robot_arm_msgs/package.sh'
[1.399s] INFO:colcon.colcon_core.shell:Creating package script '/home/nikhil/nourish_ws/install/nourish_robot_arm_msgs/share/nourish_robot_arm_msgs/package.bash'
[1.400s] INFO:colcon.colcon_core.shell:Creating package script '/home/nikhil/nourish_ws/install/nourish_robot_arm_msgs/share/nourish_robot_arm_msgs/package.zsh'
[1.400s] Level 1:colcon.colcon_core.environment:create_file_with_runtime_dependencies(/home/nikhil/nourish_ws/install/nourish_robot_arm_msgs/share/colcon-core/packages/nourish_robot_arm_msgs)
[1.401s] Level 1:colcon.colcon_core.environment:create_environment_scripts_only(juice_spout)
[1.402s] Level 1:colcon.colcon_core.environment:checking '/home/nikhil/nourish_ws/install/juice_spout' for CMake module files
[1.403s] DEBUG:colcon.colcon_core.event_handler.log_command:Invoked command in '/home/nikhil/nourish_ws/build/juice_spout' returned '0': AMENT_PREFIX_PATH=/home/nikhil/nourish_ws/install/juice_spout_msgs:/home/nikhil/nourish_ws/install/juice_dcb_msgs:${AMENT_PREFIX_PATH} CMAKE_PREFIX_PATH=/home/nikhil/nourish_ws/install/juice_spout_msgs:/home/nikhil/nourish_ws/install/juice_dcb_msgs:${CMAKE_PREFIX_PATH} LD_LIBRARY_PATH=/home/nikhil/nourish_ws/install/juice_spout_msgs/lib:/home/nikhil/nourish_ws/install/juice_dcb_msgs/lib:${LD_LIBRARY_PATH} PYTHONPATH=/home/nikhil/nourish_ws/install/juice_spout_msgs/lib/python3.6/site-packages:/home/nikhil/nourish_ws/install/juice_dcb_msgs/lib/python3.6/site-packages:${PYTHONPATH} /usr/bin/cmake --build /home/nikhil/nourish_ws/build/juice_spout --target install -- -j12 -l12
[1.403s] Level 1:colcon.colcon_core.environment:checking '/home/nikhil/nourish_ws/install/juice_spout' for CMake config files
[1.403s] Level 1:colcon.colcon_core.shell:create_environment_hook('juice_spout', 'cmake_prefix_path')
[1.404s] INFO:colcon.colcon_core.shell:Creating environment hook '/home/nikhil/nourish_ws/install/juice_spout/share/juice_spout/hook/cmake_prefix_path.ps1'
[1.404s] INFO:colcon.colcon_core.shell:Creating environment descriptor '/home/nikhil/nourish_ws/install/juice_spout/share/juice_spout/hook/cmake_prefix_path.dsv'
[1.404s] INFO:colcon.colcon_core.shell:Creating environment hook '/home/nikhil/nourish_ws/install/juice_spout/share/juice_spout/hook/cmake_prefix_path.sh'
[1.405s] Level 1:colcon.colcon_core.environment:checking '/home/nikhil/nourish_ws/install/juice_spout/lib'
[1.405s] Level 1:colcon.colcon_core.environment:checking '/home/nikhil/nourish_ws/install/juice_spout/bin'
[1.405s] Level 1:colcon.colcon_core.environment:checking '/home/nikhil/nourish_ws/install/juice_spout/lib/pkgconfig/juice_spout.pc'
[1.405s] Level 1:colcon.colcon_core.environment:checking '/home/nikhil/nourish_ws/install/juice_spout/lib/python3.6/site-packages'
[1.406s] INFO:colcon.colcon_core.shell:Creating package script '/home/nikhil/nourish_ws/install/juice_spout/share/juice_spout/package.ps1'
[1.406s] INFO:colcon.colcon_core.shell:Creating package descriptor '/home/nikhil/nourish_ws/install/juice_spout/share/juice_spout/package.dsv'
[1.407s] INFO:colcon.colcon_core.shell:Creating package script '/home/nikhil/nourish_ws/install/juice_spout/share/juice_spout/package.sh'
[1.407s] INFO:colcon.colcon_core.shell:Creating package script '/home/nikhil/nourish_ws/install/juice_spout/share/juice_spout/package.bash'
[1.408s] INFO:colcon.colcon_core.shell:Creating package script '/home/nikhil/nourish_ws/install/juice_spout/share/juice_spout/package.zsh'
[1.408s] Level 1:colcon.colcon_core.environment:create_file_with_runtime_dependencies(/home/nikhil/nourish_ws/install/juice_spout/share/colcon-core/packages/juice_spout)
[1.408s] DEBUG:colcon.colcon_parallel_executor.executor.parallel:closing loop
[1.411s] DEBUG:colcon.colcon_parallel_executor.executor.parallel:loop closed
[1.411s] DEBUG:colcon.colcon_parallel_executor.executor.parallel:run_until_complete finished with '0'
[1.411s] DEBUG:colcon.colcon_core.event_reactor:joining thread
[1.417s] INFO:colcon.colcon_core.plugin_system:Skipping extension 'colcon_notification.desktop_notification.terminal_notifier': Not used on non-Darwin systems
[1.417s] INFO:colcon.colcon_core.plugin_system:Skipping extension 'colcon_notification.desktop_notification.win32': Not used on non-Windows systems
[1.417s] INFO:colcon.colcon_notification.desktop_notification:Sending desktop notification using 'notify2'
[1.445s] DEBUG:colcon.colcon_core.event_reactor:joined thread
[1.445s] INFO:colcon.colcon_core.shell:Creating prefix script '/home/nikhil/nourish_ws/install/local_setup.ps1'
[1.446s] INFO:colcon.colcon_core.shell:Creating prefix util module '/home/nikhil/nourish_ws/install/_local_setup_util_ps1.py'
[1.448s] INFO:colcon.colcon_core.shell:Creating prefix chain script '/home/nikhil/nourish_ws/install/setup.ps1'
[1.450s] INFO:colcon.colcon_core.shell:Creating prefix script '/home/nikhil/nourish_ws/install/local_setup.sh'
[1.450s] INFO:colcon.colcon_core.shell:Creating prefix util module '/home/nikhil/nourish_ws/install/_local_setup_util_sh.py'
[1.451s] INFO:colcon.colcon_core.shell:Creating prefix chain script '/home/nikhil/nourish_ws/install/setup.sh'
[1.453s] INFO:colcon.colcon_core.shell:Creating prefix script '/home/nikhil/nourish_ws/install/local_setup.bash'
[1.453s] INFO:colcon.colcon_core.shell:Creating prefix chain script '/home/nikhil/nourish_ws/install/setup.bash'
[1.455s] INFO:colcon.colcon_core.shell:Creating prefix script '/home/nikhil/nourish_ws/install/local_setup.zsh'
[1.456s] INFO:colcon.colcon_core.shell:Creating prefix chain script '/home/nikhil/nourish_ws/install/setup.zsh'
