[0.101s] -- The C compiler identification is GNU 7.5.0
[0.174s] -- The CXX compiler identification is GNU 7.5.0
[0.178s] -- Check for working C compiler: /usr/bin/cc
[0.282s] -- Check for working C compiler: /usr/bin/cc -- works
[0.282s] -- Detecting C compiler ABI info
[0.386s] -- Detecting C compiler ABI info - done
[0.391s] -- Detecting C compile features
[0.678s] -- Detecting C compile features - done
[0.681s] -- Check for working CXX compiler: /usr/bin/c++
[0.792s] -- Check for working CXX compiler: /usr/bin/c++ -- works
[0.793s] -- Detecting CXX compiler ABI info
[0.904s] -- Detecting CXX compiler ABI info - done
[0.910s] -- Detecting CXX compile features
[1.392s] -- Detecting CXX compile features - done
[1.397s] -- Found ament_cmake_ros: 0.7.0 (/home/nikhil/ros2_dashing/ros2-linux/share/ament_cmake_ros/cmake)
[1.446s] -- Found PythonInterp: /usr/bin/python3 (found suitable version "3.6.9", minimum required is "3") 
[1.446s] -- Using PYTHON_EXECUTABLE: /usr/bin/python3
[1.733s] -- Found ament_index_cpp: 0.7.2 (/home/nikhil/ros2_dashing/ros2-linux/share/ament_index_cpp/cmake)
[1.741s] -- Found rclcpp: 0.7.12 (/home/nikhil/ros2_dashing/ros2-linux/share/rclcpp/cmake)
[1.784s] -- Found rosidl_adapter: 0.7.9 (/home/nikhil/ros2_dashing/ros2-linux/share/rosidl_adapter/cmake)
[1.846s] -- Found rmw_implementation_cmake: 0.7.2 (/home/nikhil/ros2_dashing/ros2-linux/share/rmw_implementation_cmake/cmake)
[1.848s] -- Using RMW implementation 'rmw_fastrtps_cpp' as default
[1.849s] -- Looking for pthread.h
[1.949s] -- Looking for pthread.h - found
[1.949s] -- Looking for pthread_create
[2.041s] -- Looking for pthread_create - not found
[2.041s] -- Looking for pthread_create in pthreads
[2.127s] -- Looking for pthread_create in pthreads - not found
[2.127s] -- Looking for pthread_create in pthread
[2.233s] -- Looking for pthread_create in pthread - found
[2.235s] -- Found Threads: TRUE  
[2.290s] -- Found camera_calibration_parsers: 2.1.1 (/home/nikhil/nourish_ws/install/camera_calibration_parsers/share/camera_calibration_parsers/cmake)
[2.376s] -- Setting yaml-cpp_DIR to: '/home/nikhil/ros2_dashing/ros2-linux/share/yaml_cpp_vendor/cmake/../../../opt/yaml_cpp_vendor/lib/cmake/yaml-cpp'
[2.380s] -- Found image_transport: 2.1.1 (/home/nikhil/nourish_ws/install/image_transport/share/image_transport/cmake)
[2.429s] -- Found tinyxml2_vendor:  (/home/nikhil/ros2_dashing/ros2-linux/share/tinyxml2_vendor/cmake)
[2.452s] -- Found TinyXML2: /usr/lib/x86_64-linux-gnu/libtinyxml2.so  
[2.459s] -- Found poco_vendor:  (/home/nikhil/ros2_dashing/ros2-linux/share/poco_vendor/cmake)
[2.563s] -- Found ament_cmake_cppcheck: 0.7.11 (/home/nikhil/ros2_dashing/ros2-linux/share/ament_cmake_cppcheck/cmake)
[2.566s] -- Found ament_cmake_cpplint: 0.7.11 (/home/nikhil/ros2_dashing/ros2-linux/share/ament_cmake_cpplint/cmake)
[2.568s] -- Found ament_cmake_lint_cmake: 0.7.11 (/home/nikhil/ros2_dashing/ros2-linux/share/ament_cmake_lint_cmake/cmake)
[2.571s] -- Found ament_cmake_uncrustify: 0.7.11 (/home/nikhil/ros2_dashing/ros2-linux/share/ament_cmake_uncrustify/cmake)
[2.642s] -- Configuring done
[2.661s] -- Generating done
[2.662s] -- Build files have been written to: /home/nikhil/nourish_ws/build/camera_info_manager
[2.736s] [35m[1mScanning dependencies of target camera_info_manager[0m
[2.788s] [ 50%] [32mBuilding CXX object CMakeFiles/camera_info_manager.dir/src/camera_info_manager.cpp.o[0m
[4.691s] [100%] [32m[1mLinking CXX shared library libcamera_info_manager.so[0m
[5.156s] [100%] Built target camera_info_manager
[5.680s] [100%] Built target camera_info_manager
[5.741s] [36mInstall the project...[0m
[5.759s] -- Install configuration: ""
[5.760s] -- Installing: /home/nikhil/nourish_ws/install/camera_info_manager/lib/libcamera_info_manager.so
[5.761s] -- Set runtime path of "/home/nikhil/nourish_ws/install/camera_info_manager/lib/libcamera_info_manager.so" to ""
[5.761s] -- Installing: /home/nikhil/nourish_ws/install/camera_info_manager/include
[5.762s] -- Installing: /home/nikhil/nourish_ws/install/camera_info_manager/include/camera_info_manager
[5.762s] -- Installing: /home/nikhil/nourish_ws/install/camera_info_manager/include/camera_info_manager/camera_info_manager.h
[5.766s] -- Installing: /home/nikhil/nourish_ws/install/camera_info_manager/share/camera_info_manager/environment/library_path.sh
[5.766s] -- Installing: /home/nikhil/nourish_ws/install/camera_info_manager/share/ament_index/resource_index/package_run_dependencies/camera_info_manager
[5.766s] -- Installing: /home/nikhil/nourish_ws/install/camera_info_manager/share/ament_index/resource_index/parent_prefix_path/camera_info_manager
[5.767s] -- Installing: /home/nikhil/nourish_ws/install/camera_info_manager/share/camera_info_manager/environment/ament_prefix_path.sh
[5.767s] -- Installing: /home/nikhil/nourish_ws/install/camera_info_manager/share/camera_info_manager/environment/path.sh
[5.767s] -- Installing: /home/nikhil/nourish_ws/install/camera_info_manager/share/camera_info_manager/local_setup.bash
[5.767s] -- Installing: /home/nikhil/nourish_ws/install/camera_info_manager/share/camera_info_manager/local_setup.sh
[5.768s] -- Installing: /home/nikhil/nourish_ws/install/camera_info_manager/share/camera_info_manager/local_setup.zsh
[5.768s] -- Installing: /home/nikhil/nourish_ws/install/camera_info_manager/share/ament_index/resource_index/packages/camera_info_manager
[5.768s] -- Installing: /home/nikhil/nourish_ws/install/camera_info_manager/share/camera_info_manager/cmake/ament_cmake_export_include_directories-extras.cmake
[5.769s] -- Installing: /home/nikhil/nourish_ws/install/camera_info_manager/share/camera_info_manager/cmake/ament_cmake_export_libraries-extras.cmake
[5.769s] -- Installing: /home/nikhil/nourish_ws/install/camera_info_manager/share/camera_info_manager/cmake/camera_info_managerConfig.cmake
[5.769s] -- Installing: /home/nikhil/nourish_ws/install/camera_info_manager/share/camera_info_manager/cmake/camera_info_managerConfig-version.cmake
[5.769s] -- Installing: /home/nikhil/nourish_ws/install/camera_info_manager/share/camera_info_manager/package.xml
