[0.065s] -- The C compiler identification is GNU 7.5.0
[0.110s] -- The CXX compiler identification is GNU 7.5.0
[0.113s] -- Check for working C compiler: /usr/bin/cc
[0.174s] -- Check for working C compiler: /usr/bin/cc -- works
[0.175s] -- Detecting C compiler ABI info
[0.237s] -- Detecting C compiler ABI info - done
[0.241s] -- Detecting C compile features
[0.452s] -- Detecting C compile features - done
[0.454s] -- Check for working CXX compiler: /usr/bin/c++
[0.536s] -- Check for working CXX compiler: /usr/bin/c++ -- works
[0.536s] -- Detecting CXX compiler ABI info
[0.620s] -- Detecting CXX compiler ABI info - done
[0.625s] -- Detecting CXX compile features
[0.932s] -- Detecting CXX compile features - done
[0.935s] -- Found ament_cmake: 0.7.4 (/home/nikhil/ros2_dashing/ros2-linux/share/ament_cmake/cmake)
[0.962s] -- Found PythonInterp: /usr/bin/python3 (found suitable version "3.6.9", minimum required is "3") 
[0.962s] -- Using PYTHON_EXECUTABLE: /usr/bin/python3
[1.158s] -- Found camera_info_manager: 2.1.1 (/home/nikhil/nourish_ws/install/camera_info_manager/share/camera_info_manager/cmake)
[1.159s] -- Found gazebo_dev: 3.3.4 (/home/nikhil/nourish_ws/install/gazebo_dev/share/gazebo_dev/cmake)
[1.164s] -- Found PkgConfig: /usr/bin/pkg-config (found version "0.29.1") 
[1.168s] -- Checking for module 'bullet>=2.82'
[1.178s] --   Found bullet, version 2.87
[1.211s] -- Found Simbody: /usr/include/simbody  
[1.255s] -- Looking for pthread.h
[1.317s] -- Looking for pthread.h - found
[1.317s] -- Looking for pthread_create
[1.388s] -- Looking for pthread_create - not found
[1.389s] -- Looking for pthread_create in pthreads
[1.463s] -- Looking for pthread_create in pthreads - not found
[1.463s] -- Looking for pthread_create in pthread
[1.557s] -- Looking for pthread_create in pthread - found
[1.558s] -- Found Threads: TRUE  
[1.596s] -- Boost version: 1.65.1
[1.597s] -- Found the following Boost libraries:
[1.597s] --   thread
[1.597s] --   system
[1.597s] --   filesystem
[1.597s] --   program_options
[1.597s] --   regex
[1.597s] --   iostreams
[1.597s] --   date_time
[1.597s] --   chrono
[1.597s] --   atomic
[1.609s] -- Found Protobuf: /usr/lib/x86_64-linux-gnu/libprotobuf.so;-lpthread (found version "3.0.0") 
[1.631s] -- Boost version: 1.65.1
[1.632s] -- Looking for OGRE...
[1.632s] -- OGRE_PREFIX_WATCH changed.
[1.636s] -- Checking for module 'OGRE'
[1.647s] --   Found OGRE, version 1.9.0
[1.676s] -- Found Ogre Ghadamon (1.9.0)
[1.682s] -- Found OGRE: optimized;/usr/lib/x86_64-linux-gnu/libOgreMain.so;debug;/usr/lib/x86_64-linux-gnu/libOgreMain.so
[1.715s] -- Looking for OGRE_Paging...
[1.720s] -- Found OGRE_Paging: optimized;/usr/lib/x86_64-linux-gnu/libOgrePaging.so;debug;/usr/lib/x86_64-linux-gnu/libOgrePaging.so
[1.720s] -- Looking for OGRE_Terrain...
[1.724s] -- Found OGRE_Terrain: optimized;/usr/lib/x86_64-linux-gnu/libOgreTerrain.so;debug;/usr/lib/x86_64-linux-gnu/libOgreTerrain.so
[1.724s] -- Looking for OGRE_Property...
[1.729s] -- Found OGRE_Property: optimized;/usr/lib/x86_64-linux-gnu/libOgreProperty.so;debug;/usr/lib/x86_64-linux-gnu/libOgreProperty.so
[1.729s] -- Looking for OGRE_RTShaderSystem...
[1.733s] -- Found OGRE_RTShaderSystem: optimized;/usr/lib/x86_64-linux-gnu/libOgreRTShaderSystem.so;debug;/usr/lib/x86_64-linux-gnu/libOgreRTShaderSystem.so
[1.733s] -- Looking for OGRE_Volume...
[1.738s] -- Found OGRE_Volume: optimized;/usr/lib/x86_64-linux-gnu/libOgreVolume.so;debug;/usr/lib/x86_64-linux-gnu/libOgreVolume.so
[1.738s] -- Looking for OGRE_Overlay...
[1.742s] -- Found OGRE_Overlay: optimized;/usr/lib/x86_64-linux-gnu/libOgreOverlay.so;debug;/usr/lib/x86_64-linux-gnu/libOgreOverlay.so
[1.858s] -- Found Protobuf: /usr/lib/x86_64-linux-gnu/libprotobuf.so;-lpthread;-lpthread (found suitable version "3.0.0", minimum required is "2.3.0") 
[1.866s] -- Config-file not installed for ZeroMQ -- checking for pkg-config
[1.869s] -- Checking for module 'libzmq >= 4'
[1.880s] --   Found libzmq , version 4.3.3
[1.910s] -- Found ZeroMQ: TRUE (Required is at least version "4") 
[1.914s] -- Checking for module 'uuid'
[1.925s] --   Found uuid, version 2.31.1
[1.957s] -- Found UUID: TRUE  
[1.970s] -- Checking for module 'tinyxml2'
[1.983s] --   Found tinyxml2, version 6.0.0
[2.025s] -- Looking for dlfcn.h - found
[2.026s] -- Looking for libdl - found
[2.028s] -- Found DL: TRUE  
[2.028s] -- FreeImage.pc not found, we will search for FreeImage_INCLUDE_DIRS and FreeImage_LIBRARIES
[2.131s] -- Checking for module 'gts'
[2.145s] --   Found gts, version 0.7.6
[2.199s] -- Found GTS: TRUE  
[2.207s] -- Checking for module 'libswscale'
[2.231s] --   Found libswscale, version 4.8.100
[2.300s] -- Found SWSCALE: TRUE  
[2.308s] -- Checking for module 'libavdevice >= 56.4.100'
[2.332s] --   Found libavdevice , version 57.10.100
[2.412s] -- Found AVDEVICE: TRUE (Required is at least version "56.4.100") 
[2.420s] -- Checking for module 'libavformat'
[2.444s] --   Found libavformat, version 57.83.100
[2.543s] -- Found AVFORMAT: TRUE  
[2.556s] -- Checking for module 'libavcodec'
[2.595s] --   Found libavcodec, version 57.107.100
[2.703s] -- Found AVCODEC: TRUE  
[2.716s] -- Checking for module 'libavutil'
[2.752s] --   Found libavutil, version 55.78.100
[2.856s] -- Found AVUTIL: TRUE  
[2.874s] -- Found CURL: /usr/lib/x86_64-linux-gnu/libcurl.so (found version "7.58.0") 
[2.888s] -- Checking for module 'jsoncpp'
[2.903s] --   Found jsoncpp, version 1.7.4
[2.940s] -- Found JSONCPP: TRUE  
[2.948s] -- Checking for module 'libzip'
[2.961s] --   Found libzip, version 1.1.2
[3.002s] -- Found ZIP: TRUE  
[3.002s] -- Gazebo version: 9.13
[3.003s] -- Found gazebo_msgs: 3.3.4 (/home/nikhil/nourish_ws/install/gazebo_msgs/share/gazebo_msgs/cmake)
[3.028s] -- Found rosidl_adapter: 0.7.9 (/home/nikhil/ros2_dashing/ros2-linux/share/rosidl_adapter/cmake)
[3.100s] -- Found gazebo_ros: 3.3.4 (/home/nikhil/nourish_ws/install/gazebo_ros/share/gazebo_ros/cmake)
[3.119s] -- Found rmw_implementation_cmake: 0.7.2 (/home/nikhil/ros2_dashing/ros2-linux/share/rmw_implementation_cmake/cmake)
[3.121s] -- Using RMW implementation 'rmw_fastrtps_cpp' as default
[3.161s] -- Found image_transport: 2.1.1 (/home/nikhil/nourish_ws/install/image_transport/share/image_transport/cmake)
[3.194s] -- Found tinyxml2_vendor:  (/home/nikhil/ros2_dashing/ros2-linux/share/tinyxml2_vendor/cmake)
[3.202s] -- Found TinyXML2: /usr/lib/x86_64-linux-gnu/libtinyxml2.so  
[3.210s] -- Found poco_vendor:  (/home/nikhil/ros2_dashing/ros2-linux/share/poco_vendor/cmake)
[3.221s] -- Found cv_bridge: 2.1.4 (/home/nikhil/nourish_ws/install/cv_bridge/share/cv_bridge/cmake)
[3.244s] -- Found nav_msgs: 0.7.0 (/home/nikhil/ros2_dashing/ros2-linux/share/nav_msgs/cmake)
[3.255s] -- Found std_srvs: 0.7.0 (/home/nikhil/ros2_dashing/ros2-linux/share/std_srvs/cmake)
[3.261s] -- Found tf2: 0.11.6 (/home/nikhil/ros2_dashing/ros2-linux/share/tf2/cmake)
[3.265s] -- Found tf2_geometry_msgs: 0.11.6 (/home/nikhil/ros2_dashing/ros2-linux/share/tf2_geometry_msgs/cmake)
[4.975s] -- Found ament_cmake_gtest: 0.7.4 (/home/nikhil/ros2_dashing/ros2-linux/share/ament_cmake_gtest/cmake)
[4.979s] -- Found gtest sources under '/home/nikhil/ros2_dashing/ros2-linux/src/gtest_vendor': C++ tests using 'Google Test' will be built
[4.981s] -- Check if compiler accepts -pthread
[5.045s] -- Check if compiler accepts -pthread - yes
[11.362s] -- Found ament_lint_auto: 0.7.11 (/home/nikhil/ros2_dashing/ros2-linux/share/ament_lint_auto/cmake)
[11.442s] -- Added test 'copyright' to check for copyright in CMake / C / C++ / Python code
[11.446s] -- Added test 'cppcheck' to perform static code analysis on C / C++ code
[11.460s] -- Configured cppcheck include dirs: /home/nikhil/nourish_ws/src/ros-simulation/gazebo_ros_pkgs/gazebo_plugins/include
[11.463s] -- Added test 'cpplint' to check C / C++ code against the Google style
[11.465s] -- Added test 'lint_cmake' to check CMake code style
[11.469s] -- Added test 'uncrustify' to check C / C++ code style
[11.470s] -- Added test 'xmllint' to check XML markup files
[11.475s] -- Configuring done
[12.862s] -- Generating done
[12.868s] -- Build files have been written to: /home/nikhil/nourish_ws/build/gazebo_plugins
[12.932s] [35m[1mScanning dependencies of target gazebo_ros_joint_pose_trajectory[0m
[12.933s] [35m[1mScanning dependencies of target gazebo_ros_bumper[0m
[12.933s] [35m[1mScanning dependencies of target gazebo_ros_projector[0m
[12.933s] [35m[1mScanning dependencies of target gazebo_ros_template[0m
[12.933s] [35m[1mScanning dependencies of target gazebo_ros_vacuum_gripper[0m
[12.933s] [35m[1mScanning dependencies of target multi_camera_plugin[0m
[12.933s] [35m[1mScanning dependencies of target gazebo_ros_planar_move[0m
[12.933s] [35m[1mScanning dependencies of target gazebo_ros_diff_drive[0m
[12.934s] [35m[1mScanning dependencies of target gazebo_ros_force[0m
[12.934s] [35m[1mScanning dependencies of target gazebo_ros_ackermann_drive[0m
[12.934s] [35m[1mScanning dependencies of target gazebo_ros_hand_of_god[0m
[12.934s] [35m[1mScanning dependencies of target gazebo_ros_joint_state_publisher[0m
[13.068s] [  1%] [32mBuilding CXX object CMakeFiles/multi_camera_plugin.dir/src/multi_camera_plugin.cpp.o[0m
[13.114s] [  2%] [32mBuilding CXX object CMakeFiles/gazebo_ros_template.dir/src/gazebo_ros_template.cpp.o[0m
[13.116s] [  3%] [32mBuilding CXX object CMakeFiles/gazebo_ros_vacuum_gripper.dir/src/gazebo_ros_vacuum_gripper.cpp.o[0m
[13.118s] [  5%] [32mBuilding CXX object CMakeFiles/gazebo_ros_joint_pose_trajectory.dir/src/gazebo_ros_joint_pose_trajectory.cpp.o[0m
[13.119s] [  5%] [32mBuilding CXX object CMakeFiles/gazebo_ros_joint_state_publisher.dir/src/gazebo_ros_joint_state_publisher.cpp.o[0m
[13.119s] [  6%] [32mBuilding CXX object CMakeFiles/gazebo_ros_force.dir/src/gazebo_ros_force.cpp.o[0m
[13.121s] [  8%] [32mBuilding CXX object CMakeFiles/gazebo_ros_projector.dir/src/gazebo_ros_projector.cpp.o[0m
[13.133s] [  9%] [32mBuilding CXX object CMakeFiles/gazebo_ros_bumper.dir/src/gazebo_ros_bumper.cpp.o[0m
[13.133s] [ 10%] [32mBuilding CXX object CMakeFiles/gazebo_ros_planar_move.dir/src/gazebo_ros_planar_move.cpp.o[0m
[13.134s] [ 11%] [32mBuilding CXX object CMakeFiles/gazebo_ros_diff_drive.dir/src/gazebo_ros_diff_drive.cpp.o[0m
[13.155s] [ 12%] [32mBuilding CXX object CMakeFiles/gazebo_ros_ackermann_drive.dir/src/gazebo_ros_ackermann_drive.cpp.o[0m
[13.162s] [ 13%] [32mBuilding CXX object CMakeFiles/gazebo_ros_hand_of_god.dir/src/gazebo_ros_hand_of_god.cpp.o[0m
[22.612s] [ 15%] [32m[1mLinking CXX shared library libgazebo_ros_template.so[0m
[23.108s] [ 15%] Built target gazebo_ros_template
[23.130s] [35m[1mScanning dependencies of target gazebo_ros_ray_sensor[0m
[23.324s] [ 16%] [32mBuilding CXX object CMakeFiles/gazebo_ros_ray_sensor.dir/src/gazebo_ros_ray_sensor.cpp.o[0m
[24.469s] [ 17%] [32m[1mLinking CXX shared library libgazebo_ros_joint_state_publisher.so[0m
[24.842s] [ 18%] [32m[1mLinking CXX shared library libgazebo_ros_force.so[0m
[25.219s] [ 18%] Built target gazebo_ros_joint_state_publisher
[25.244s] [35m[1mScanning dependencies of target gazebo_ros_depth_camera[0m
[25.348s] [ 19%] [32m[1mLinking CXX shared library libgazebo_ros_vacuum_gripper.so[0m
[25.505s] [ 20%] [32mBuilding CXX object CMakeFiles/gazebo_ros_depth_camera.dir/src/gazebo_ros_depth_camera.cpp.o[0m
[25.559s] [ 20%] Built target gazebo_ros_force
[25.581s] [ 22%] [32m[1mLinking CXX shared library libgazebo_ros_joint_pose_trajectory.so[0m
[25.606s] [35m[1mScanning dependencies of target gazebo_ros_elevator[0m
[25.753s] [ 23%] [32mBuilding CXX object CMakeFiles/gazebo_ros_elevator.dir/src/gazebo_ros_elevator.cpp.o[0m
[25.880s] [ 24%] [32m[1mLinking CXX shared library libgazebo_ros_hand_of_god.so[0m
[26.152s] [ 24%] Built target gazebo_ros_vacuum_gripper
[26.178s] [35m[1mScanning dependencies of target gazebo_ros_imu_sensor[0m
[26.284s] [ 25%] [32m[1mLinking CXX shared library libgazebo_ros_bumper.so[0m
[26.381s] [ 25%] Built target gazebo_ros_joint_pose_trajectory
[26.406s] [35m[1mScanning dependencies of target gazebo_ros_video[0m
[26.411s] [ 26%] [32mBuilding CXX object CMakeFiles/gazebo_ros_imu_sensor.dir/src/gazebo_ros_imu_sensor.cpp.o[0m
[26.629s] [ 27%] [32mBuilding CXX object CMakeFiles/gazebo_ros_video.dir/src/gazebo_ros_video.cpp.o[0m
[26.666s] [ 27%] Built target gazebo_ros_hand_of_god
[26.695s] [35m[1mScanning dependencies of target gazebo_ros_gps_sensor[0m
[26.919s] [ 29%] [32mBuilding CXX object CMakeFiles/gazebo_ros_gps_sensor.dir/src/gazebo_ros_gps_sensor.cpp.o[0m
[27.152s] [ 29%] Built target gazebo_ros_bumper
[27.175s] [35m[1mScanning dependencies of target gazebo_ros_p3d[0m
[27.271s] [ 30%] [32m[1mLinking CXX shared library libgazebo_ros_projector.so[0m
[27.398s] [ 31%] [32mBuilding CXX object CMakeFiles/gazebo_ros_p3d.dir/src/gazebo_ros_p3d.cpp.o[0m
[27.840s] [ 32%] [32m[1mLinking CXX shared library libgazebo_ros_planar_move.so[0m
[28.206s] [ 32%] Built target gazebo_ros_projector
[28.228s] [35m[1mScanning dependencies of target gazebo_ros_harness[0m
[28.409s] [ 33%] [32mBuilding CXX object CMakeFiles/gazebo_ros_harness.dir/src/gazebo_ros_harness.cpp.o[0m
[28.802s] [ 33%] Built target gazebo_ros_planar_move
[28.826s] [35m[1mScanning dependencies of target gazebo_ros_ft_sensor[0m
[29.040s] [ 34%] [32mBuilding CXX object CMakeFiles/gazebo_ros_ft_sensor.dir/src/gazebo_ros_ft_sensor.cpp.o[0m
[29.042s] [ 36%] [32m[1mLinking CXX shared library libgazebo_ros_diff_drive.so[0m
[29.533s] [ 37%] [32m[1mLinking CXX shared library libgazebo_ros_ackermann_drive.so[0m
[29.998s] [ 37%] Built target gazebo_ros_diff_drive
[30.030s] [35m[1mScanning dependencies of target gazebo_ros_tricycle_drive[0m
[30.264s] [ 38%] [32mBuilding CXX object CMakeFiles/gazebo_ros_tricycle_drive.dir/src/gazebo_ros_tricycle_drive.cpp.o[0m
[30.526s] [ 38%] Built target gazebo_ros_ackermann_drive
[30.569s] [35m[1mScanning dependencies of target gtest[0m
[30.626s] [ 39%] [32mBuilding CXX object gtest/CMakeFiles/gtest.dir/src/gtest-all.cc.o[0m
[31.336s] [ 40%] [32m[1mLinking CXX shared library libmulti_camera_plugin.so[0m
[31.729s] [ 40%] Built target multi_camera_plugin
[31.752s] [35m[1mScanning dependencies of target gtest_main[0m
[31.785s] [ 41%] [32mBuilding CXX object gtest/CMakeFiles/gtest_main.dir/src/gtest_main.cc.o[0m
[32.907s] [ 43%] [32m[1mLinking CXX static library libgtest_main.a[0m
[32.990s] [ 43%] Built target gtest_main
[33.016s] [35m[1mScanning dependencies of target gazebo_ros_multi_camera[0m
[33.233s] [ 44%] [32mBuilding CXX object CMakeFiles/gazebo_ros_multi_camera.dir/src/gazebo_ros_multi_camera.cpp.o[0m
[35.169s] [ 45%] [32m[1mLinking CXX shared library libgazebo_ros_elevator.so[0m
[35.832s] [ 46%] [32m[1mLinking CXX static library libgtest.a[0m
[35.937s] [ 46%] Built target gtest
[35.958s] [ 46%] Built target gazebo_ros_elevator
[35.962s] [35m[1mScanning dependencies of target test_gazebo_ros_vacuum_gripper[0m
[35.986s] [35m[1mScanning dependencies of target test_gazebo_ros_force[0m
[36.220s] [ 47%] [32mBuilding CXX object test/CMakeFiles/test_gazebo_ros_vacuum_gripper.dir/test_gazebo_ros_vacuum_gripper.cpp.o[0m
[36.238s] [ 48%] [32mBuilding CXX object test/CMakeFiles/test_gazebo_ros_force.dir/test_gazebo_ros_force.cpp.o[0m
[37.308s] [ 50%] [32m[1mLinking CXX shared library libgazebo_ros_gps_sensor.so[0m
[38.181s] [ 50%] Built target gazebo_ros_gps_sensor
[38.234s] [35m[1mScanning dependencies of target test_gazebo_ros_ft_sensor[0m
[38.683s] [ 51%] [32mBuilding CXX object test/CMakeFiles/test_gazebo_ros_ft_sensor.dir/test_gazebo_ros_ft_sensor.cpp.o[0m
[40.175s] [ 52%] [32m[1mLinking CXX shared library libgazebo_ros_imu_sensor.so[0m
[40.293s] [ 53%] [32m[1mLinking CXX shared library libgazebo_ros_ray_sensor.so[0m
[40.771s] [ 54%] [32m[1mLinking CXX shared library libgazebo_ros_p3d.so[0m
[40.847s] [ 54%] Built target gazebo_ros_imu_sensor
[40.872s] [35m[1mScanning dependencies of target test_gazebo_ros_elevator[0m
[41.128s] [ 55%] [32mBuilding CXX object test/CMakeFiles/test_gazebo_ros_elevator.dir/test_gazebo_ros_elevator.cpp.o[0m
[41.236s] [ 56%] [32m[1mLinking CXX shared library libgazebo_ros_ft_sensor.so[0m
[41.513s] [ 58%] [32m[1mLinking CXX shared library libgazebo_ros_harness.so[0m
[41.574s] [ 58%] Built target gazebo_ros_p3d
[41.592s] [ 58%] Built target gazebo_ros_ray_sensor
[41.597s] [35m[1mScanning dependencies of target test_gazebo_ros_diff_drive[0m
[41.616s] [35m[1mScanning dependencies of target test_gazebo_ros_ackermann_drive[0m
[41.829s] [ 59%] [32mBuilding CXX object test/CMakeFiles/test_gazebo_ros_diff_drive.dir/test_gazebo_ros_diff_drive.cpp.o[0m
[41.850s] [ 60%] [32mBuilding CXX object test/CMakeFiles/test_gazebo_ros_ackermann_drive.dir/test_gazebo_ros_ackermann_drive.cpp.o[0m
[41.922s] [ 60%] Built target gazebo_ros_ft_sensor
[41.953s] [35m[1mScanning dependencies of target test_gazebo_ros_hand_of_god[0m
[42.191s] [ 61%] [32mBuilding CXX object test/CMakeFiles/test_gazebo_ros_hand_of_god.dir/test_gazebo_ros_hand_of_god.cpp.o[0m
[42.272s] [ 61%] Built target gazebo_ros_harness
[42.297s] [35m[1mScanning dependencies of target test_gazebo_ros_joint_pose_trajectory[0m
[42.555s] [ 62%] [32mBuilding CXX object test/CMakeFiles/test_gazebo_ros_joint_pose_trajectory.dir/test_gazebo_ros_joint_pose_trajectory.cpp.o[0m
[46.889s] [ 63%] [32m[1mLinking CXX shared library libgazebo_ros_tricycle_drive.so[0m
[47.915s] [ 63%] Built target gazebo_ros_tricycle_drive
[47.939s] [35m[1mScanning dependencies of target test_gazebo_ros_harness[0m
[48.177s] [ 65%] [32mBuilding CXX object test/CMakeFiles/test_gazebo_ros_harness.dir/test_gazebo_ros_harness.cpp.o[0m
[51.388s] [ 66%] [32m[1mLinking CXX shared library libgazebo_ros_depth_camera.so[0m
[52.620s] [ 66%] Built target gazebo_ros_depth_camera
[52.646s] [35m[1mScanning dependencies of target test_gazebo_ros_imu_sensor[0m
[52.867s] [ 67%] [32m[1mLinking CXX shared library libgazebo_ros_video.so[0m
[52.912s] [ 68%] [32mBuilding CXX object test/CMakeFiles/test_gazebo_ros_imu_sensor.dir/test_gazebo_ros_imu_sensor.cpp.o[0m
[54.168s] [ 68%] Built target gazebo_ros_video
[54.194s] [35m[1mScanning dependencies of target test_gazebo_ros_gps_sensor[0m
[54.430s] [ 69%] [32mBuilding CXX object test/CMakeFiles/test_gazebo_ros_gps_sensor.dir/test_gazebo_ros_gps_sensor.cpp.o[0m
[59.267s] [ 70%] [32m[1mLinking CXX shared library libgazebo_ros_multi_camera.so[0m
[60.905s] [ 70%] Built target gazebo_ros_multi_camera
[60.943s] [35m[1mScanning dependencies of target test_gazebo_ros_planar_move[0m
[61.120s] [ 72%] [32m[1mLinking CXX executable test_gazebo_ros_vacuum_gripper[0m
[61.193s] [ 73%] [32mBuilding CXX object test/CMakeFiles/test_gazebo_ros_planar_move.dir/test_gazebo_ros_planar_move.cpp.o[0m
[61.926s] [ 74%] [32m[1mLinking CXX executable test_gazebo_ros_force[0m
[64.061s] [ 74%] Built target test_gazebo_ros_vacuum_gripper
[64.083s] [35m[1mScanning dependencies of target test_gazebo_ros_joint_state_publisher[0m
[64.332s] [ 75%] [32mBuilding CXX object test/CMakeFiles/test_gazebo_ros_joint_state_publisher.dir/test_gazebo_ros_joint_state_publisher.cpp.o[0m
[64.832s] [ 76%] [32m[1mLinking CXX executable test_gazebo_ros_ft_sensor[0m
[64.969s] [ 76%] Built target test_gazebo_ros_force
[64.999s] [35m[1mScanning dependencies of target test_gazebo_ros_p3d[0m
[65.292s] [ 77%] [32mBuilding CXX object test/CMakeFiles/test_gazebo_ros_p3d.dir/test_gazebo_ros_p3d.cpp.o[0m
[67.097s] [ 79%] [32m[1mLinking CXX executable test_gazebo_ros_elevator[0m
[67.993s] [ 80%] [32m[1mLinking CXX executable test_gazebo_ros_joint_pose_trajectory[0m
[68.164s] [ 80%] Built target test_gazebo_ros_ft_sensor
[68.190s] [35m[1mScanning dependencies of target test_gazebo_ros_bumper[0m
[68.307s] [ 81%] [32m[1mLinking CXX executable test_gazebo_ros_hand_of_god[0m
[68.450s] [ 82%] [32mBuilding CXX object test/CMakeFiles/test_gazebo_ros_bumper.dir/test_gazebo_ros_bumper.cpp.o[0m
[68.976s] [ 83%] [32m[1mLinking CXX executable test_gazebo_ros_diff_drive[0m
[68.979s] [ 84%] [32m[1mLinking CXX executable test_gazebo_ros_ackermann_drive[0m
[70.672s] [ 84%] Built target test_gazebo_ros_elevator
[70.697s] [35m[1mScanning dependencies of target test_gazebo_ros_ray_sensor[0m
[70.936s] [ 86%] [32mBuilding CXX object test/CMakeFiles/test_gazebo_ros_ray_sensor.dir/test_gazebo_ros_ray_sensor.cpp.o[0m
[71.451s] [ 86%] Built target test_gazebo_ros_joint_pose_trajectory
[71.490s] [35m[1mScanning dependencies of target test_gazebo_ros_tricycle_drive[0m
[71.795s] [ 87%] [32mBuilding CXX object test/CMakeFiles/test_gazebo_ros_tricycle_drive.dir/test_gazebo_ros_tricycle_drive.cpp.o[0m
[71.977s] [ 87%] Built target test_gazebo_ros_hand_of_god
[72.066s] [35m[1mScanning dependencies of target gazebo_ros_camera[0m
[72.238s] [ 87%] Built target test_gazebo_ros_ackermann_drive
[72.303s] [ 88%] [32mBuilding CXX object CMakeFiles/gazebo_ros_camera.dir/src/gazebo_ros_camera.cpp.o[0m
[72.602s] [ 88%] Built target test_gazebo_ros_diff_drive
[75.614s] [ 89%] [32m[1mLinking CXX executable test_gazebo_ros_harness[0m
[78.388s] [ 89%] Built target test_gazebo_ros_harness
[79.410s] [ 90%] [32m[1mLinking CXX executable test_gazebo_ros_imu_sensor[0m
[80.506s] [ 91%] [32m[1mLinking CXX executable test_gazebo_ros_gps_sensor[0m
[82.166s] [ 91%] Built target test_gazebo_ros_imu_sensor
[83.181s] [ 91%] Built target test_gazebo_ros_gps_sensor
[86.664s] [ 93%] [32m[1mLinking CXX executable test_gazebo_ros_p3d[0m
[86.689s] [ 94%] [32m[1mLinking CXX executable test_gazebo_ros_planar_move[0m
[88.006s] [ 95%] [32m[1mLinking CXX executable test_gazebo_ros_joint_state_publisher[0m
[88.586s] [ 95%] Built target test_gazebo_ros_p3d
[89.255s] [ 95%] Built target test_gazebo_ros_planar_move
[89.316s] [ 96%] [32m[1mLinking CXX shared library libgazebo_ros_camera.so[0m
[89.599s] [ 97%] [32m[1mLinking CXX executable test_gazebo_ros_bumper[0m
[89.770s] [ 97%] Built target test_gazebo_ros_joint_state_publisher
[90.349s] [ 98%] [32m[1mLinking CXX executable test_gazebo_ros_tricycle_drive[0m
[90.362s] [ 98%] Built target gazebo_ros_camera
[91.242s] [ 98%] Built target test_gazebo_ros_bumper
[91.779s] [ 98%] Built target test_gazebo_ros_tricycle_drive
[92.230s] [100%] [32m[1mLinking CXX executable test_gazebo_ros_ray_sensor[0m
[93.520s] [100%] Built target test_gazebo_ros_ray_sensor
[93.826s] [  2%] Built target multi_camera_plugin
[93.834s] [  4%] Built target gazebo_ros_projector
[93.835s] [  9%] Built target gazebo_ros_joint_pose_trajectory
[93.836s] [  9%] Built target gazebo_ros_template
[93.836s] [ 13%] Built target gazebo_ros_force
[93.836s] [ 13%] Built target gazebo_ros_vacuum_gripper
[93.836s] [ 16%] Built target gazebo_ros_joint_state_publisher
[93.839s] [ 20%] Built target gazebo_ros_bumper
[93.839s] [ 20%] Built target gazebo_ros_planar_move
[93.841s] [ 23%] Built target gazebo_ros_hand_of_god
[93.842s] [ 25%] Built target gazebo_ros_diff_drive
[93.844s] [ 27%] Built target gazebo_ros_ackermann_drive
[93.882s] [ 30%] Built target gtest
[93.897s] [ 34%] Built target gazebo_ros_elevator
[93.897s] [ 34%] Built target gazebo_ros_ray_sensor
[93.901s] [ 37%] Built target gazebo_ros_harness
[93.906s] [ 39%] Built target gazebo_ros_video
[93.907s] [ 41%] Built target gazebo_ros_multi_camera
[93.907s] [ 44%] Built target gazebo_ros_gps_sensor
[93.908s] [ 46%] Built target gazebo_ros_depth_camera
[93.908s] [ 48%] Built target gazebo_ros_imu_sensor
[93.909s] [ 51%] Built target gazebo_ros_ft_sensor
[93.912s] [ 53%] Built target gazebo_ros_p3d
[93.913s] [ 55%] Built target gazebo_ros_tricycle_drive
[93.919s] [ 58%] Built target gtest_main
[93.980s] [ 60%] Built target gazebo_ros_camera
[93.998s] [ 62%] Built target test_gazebo_ros_elevator
[94.000s] [ 65%] Built target test_gazebo_ros_diff_drive
[94.000s] [ 67%] Built target test_gazebo_ros_vacuum_gripper
[94.002s] [ 72%] Built target test_gazebo_ros_harness
[94.003s] [ 72%] Built target test_gazebo_ros_force
[94.003s] [ 74%] Built target test_gazebo_ros_gps_sensor
[94.004s] [ 76%] Built target test_gazebo_ros_joint_pose_trajectory
[94.004s] [ 79%] Built target test_gazebo_ros_ft_sensor
[94.005s] [ 81%] Built target test_gazebo_ros_hand_of_god
[94.006s] [ 83%] Built target test_gazebo_ros_ackermann_drive
[94.008s] [ 86%] Built target test_gazebo_ros_imu_sensor
[94.053s] [ 88%] Built target test_gazebo_ros_planar_move
[94.058s] [ 90%] Built target test_gazebo_ros_bumper
[94.060s] [ 93%] Built target test_gazebo_ros_p3d
[94.063s] [ 95%] Built target test_gazebo_ros_tricycle_drive
[94.064s] [ 97%] Built target test_gazebo_ros_joint_state_publisher
[94.066s] [100%] Built target test_gazebo_ros_ray_sensor
[94.085s] [36mInstall the project...[0m
[94.094s] -- Install configuration: ""
[94.094s] -- Installing: /home/nikhil/nourish_ws/install/gazebo_plugins/share/gazebo_plugins/environment/library_path.sh
[94.094s] -- Installing: /home/nikhil/nourish_ws/install/gazebo_plugins/share/gazebo_plugins/environment/gazebo_plugins.sh
[94.094s] -- Installing: /home/nikhil/nourish_ws/install/gazebo_plugins/share/ament_index/resource_index/package_run_dependencies/gazebo_plugins
[94.094s] -- Installing: /home/nikhil/nourish_ws/install/gazebo_plugins/share/ament_index/resource_index/parent_prefix_path/gazebo_plugins
[94.094s] -- Installing: /home/nikhil/nourish_ws/install/gazebo_plugins/share/gazebo_plugins/environment/ament_prefix_path.sh
[94.095s] -- Installing: /home/nikhil/nourish_ws/install/gazebo_plugins/share/gazebo_plugins/environment/path.sh
[94.095s] -- Installing: /home/nikhil/nourish_ws/install/gazebo_plugins/share/gazebo_plugins/local_setup.bash
[94.095s] -- Installing: /home/nikhil/nourish_ws/install/gazebo_plugins/share/gazebo_plugins/local_setup.sh
[94.095s] -- Installing: /home/nikhil/nourish_ws/install/gazebo_plugins/share/gazebo_plugins/local_setup.zsh
[94.095s] -- Installing: /home/nikhil/nourish_ws/install/gazebo_plugins/share/ament_index/resource_index/packages/gazebo_plugins
[94.095s] -- Installing: /home/nikhil/nourish_ws/install/gazebo_plugins/share/gazebo_plugins/cmake/ament_cmake_export_libraries-extras.cmake
[94.095s] -- Installing: /home/nikhil/nourish_ws/install/gazebo_plugins/share/gazebo_plugins/cmake/ament_cmake_export_include_directories-extras.cmake
[94.095s] -- Installing: /home/nikhil/nourish_ws/install/gazebo_plugins/share/gazebo_plugins/cmake/ament_cmake_export_dependencies-extras.cmake
[94.095s] -- Installing: /home/nikhil/nourish_ws/install/gazebo_plugins/share/gazebo_plugins/cmake/gazebo_pluginsConfig.cmake
[94.095s] -- Installing: /home/nikhil/nourish_ws/install/gazebo_plugins/share/gazebo_plugins/cmake/gazebo_pluginsConfig-version.cmake
[94.095s] -- Installing: /home/nikhil/nourish_ws/install/gazebo_plugins/share/gazebo_plugins/package.xml
[94.095s] -- Installing: /home/nikhil/nourish_ws/install/gazebo_plugins/include
[94.095s] -- Installing: /home/nikhil/nourish_ws/install/gazebo_plugins/include/gazebo_plugins
[94.096s] -- Installing: /home/nikhil/nourish_ws/install/gazebo_plugins/include/gazebo_plugins/gazebo_ros_vacuum_gripper.hpp
[94.096s] -- Installing: /home/nikhil/nourish_ws/install/gazebo_plugins/include/gazebo_plugins/gazebo_ros_bumper.hpp
[94.096s] -- Installing: /home/nikhil/nourish_ws/install/gazebo_plugins/include/gazebo_plugins/gazebo_ros_ray_sensor.hpp
[94.096s] -- Installing: /home/nikhil/nourish_ws/install/gazebo_plugins/include/gazebo_plugins/gazebo_ros_p3d.hpp
[94.096s] -- Installing: /home/nikhil/nourish_ws/install/gazebo_plugins/include/gazebo_plugins/gazebo_ros_gps_sensor.hpp
[94.096s] -- Installing: /home/nikhil/nourish_ws/install/gazebo_plugins/include/gazebo_plugins/gazebo_ros_joint_pose_trajectory.hpp
[94.096s] -- Installing: /home/nikhil/nourish_ws/install/gazebo_plugins/include/gazebo_plugins/gazebo_ros_ft_sensor.hpp
[94.096s] -- Installing: /home/nikhil/nourish_ws/install/gazebo_plugins/include/gazebo_plugins/gazebo_ros_template.hpp
[94.096s] -- Installing: /home/nikhil/nourish_ws/install/gazebo_plugins/include/gazebo_plugins/gazebo_ros_tricycle_drive.hpp
[94.096s] -- Installing: /home/nikhil/nourish_ws/install/gazebo_plugins/include/gazebo_plugins/gazebo_ros_force.hpp
[94.096s] -- Installing: /home/nikhil/nourish_ws/install/gazebo_plugins/include/gazebo_plugins/gazebo_ros_camera.hpp
[94.096s] -- Installing: /home/nikhil/nourish_ws/install/gazebo_plugins/include/gazebo_plugins/gazebo_ros_imu_sensor.hpp
[94.096s] -- Installing: /home/nikhil/nourish_ws/install/gazebo_plugins/include/gazebo_plugins/gazebo_ros_projector.hpp
[94.097s] -- Installing: /home/nikhil/nourish_ws/install/gazebo_plugins/include/gazebo_plugins/gazebo_ros_planar_move.hpp
[94.097s] -- Installing: /home/nikhil/nourish_ws/install/gazebo_plugins/include/gazebo_plugins/gazebo_ros_ackermann_drive.hpp
[94.097s] -- Installing: /home/nikhil/nourish_ws/install/gazebo_plugins/include/gazebo_plugins/gazebo_ros_joint_state_publisher.hpp
[94.097s] -- Installing: /home/nikhil/nourish_ws/install/gazebo_plugins/include/gazebo_plugins/gazebo_ros_video.hpp
[94.097s] -- Installing: /home/nikhil/nourish_ws/install/gazebo_plugins/include/gazebo_plugins/gazebo_ros_elevator.hpp
[94.097s] -- Installing: /home/nikhil/nourish_ws/install/gazebo_plugins/include/gazebo_plugins/gazebo_ros_diff_drive.hpp
[94.097s] -- Installing: /home/nikhil/nourish_ws/install/gazebo_plugins/include/gazebo_plugins/gazebo_ros_harness.hpp
[94.097s] -- Installing: /home/nikhil/nourish_ws/install/gazebo_plugins/include/gazebo_plugins/gazebo_ros_hand_of_god.hpp
[94.097s] -- Installing: /home/nikhil/nourish_ws/install/gazebo_plugins/include/gazebo_plugins/multi_camera_plugin.hpp
[94.097s] -- Installing: /home/nikhil/nourish_ws/install/gazebo_plugins/lib/libgazebo_ros_ackermann_drive.so
[94.099s] -- Set runtime path of "/home/nikhil/nourish_ws/install/gazebo_plugins/lib/libgazebo_ros_ackermann_drive.so" to ""
[94.099s] -- Installing: /home/nikhil/nourish_ws/install/gazebo_plugins/lib/libgazebo_ros_bumper.so
[94.100s] -- Set runtime path of "/home/nikhil/nourish_ws/install/gazebo_plugins/lib/libgazebo_ros_bumper.so" to ""
[94.100s] -- Installing: /home/nikhil/nourish_ws/install/gazebo_plugins/lib/libgazebo_ros_camera.so
[94.102s] -- Set runtime path of "/home/nikhil/nourish_ws/install/gazebo_plugins/lib/libgazebo_ros_camera.so" to ""
[94.102s] -- Installing: /home/nikhil/nourish_ws/install/gazebo_plugins/lib/libgazebo_ros_depth_camera.so
[94.104s] -- Set runtime path of "/home/nikhil/nourish_ws/install/gazebo_plugins/lib/libgazebo_ros_depth_camera.so" to ""
[94.104s] -- Installing: /home/nikhil/nourish_ws/install/gazebo_plugins/lib/libgazebo_ros_diff_drive.so
[94.106s] -- Set runtime path of "/home/nikhil/nourish_ws/install/gazebo_plugins/lib/libgazebo_ros_diff_drive.so" to ""
[94.106s] -- Installing: /home/nikhil/nourish_ws/install/gazebo_plugins/lib/libgazebo_ros_elevator.so
[94.107s] -- Set runtime path of "/home/nikhil/nourish_ws/install/gazebo_plugins/lib/libgazebo_ros_elevator.so" to ""
[94.107s] -- Installing: /home/nikhil/nourish_ws/install/gazebo_plugins/lib/libgazebo_ros_force.so
[94.109s] -- Set runtime path of "/home/nikhil/nourish_ws/install/gazebo_plugins/lib/libgazebo_ros_force.so" to ""
[94.109s] -- Installing: /home/nikhil/nourish_ws/install/gazebo_plugins/lib/libgazebo_ros_ft_sensor.so
[94.110s] -- Set runtime path of "/home/nikhil/nourish_ws/install/gazebo_plugins/lib/libgazebo_ros_ft_sensor.so" to ""
[94.110s] -- Installing: /home/nikhil/nourish_ws/install/gazebo_plugins/lib/libgazebo_ros_hand_of_god.so
[94.111s] -- Set runtime path of "/home/nikhil/nourish_ws/install/gazebo_plugins/lib/libgazebo_ros_hand_of_god.so" to ""
[94.111s] -- Installing: /home/nikhil/nourish_ws/install/gazebo_plugins/lib/libgazebo_ros_harness.so
[94.112s] -- Set runtime path of "/home/nikhil/nourish_ws/install/gazebo_plugins/lib/libgazebo_ros_harness.so" to ""
[94.113s] -- Installing: /home/nikhil/nourish_ws/install/gazebo_plugins/lib/libgazebo_ros_imu_sensor.so
[94.114s] -- Set runtime path of "/home/nikhil/nourish_ws/install/gazebo_plugins/lib/libgazebo_ros_imu_sensor.so" to ""
[94.114s] -- Installing: /home/nikhil/nourish_ws/install/gazebo_plugins/lib/libgazebo_ros_gps_sensor.so
[94.114s] -- Set runtime path of "/home/nikhil/nourish_ws/install/gazebo_plugins/lib/libgazebo_ros_gps_sensor.so" to ""
[94.115s] -- Installing: /home/nikhil/nourish_ws/install/gazebo_plugins/lib/libgazebo_ros_joint_pose_trajectory.so
[94.116s] -- Set runtime path of "/home/nikhil/nourish_ws/install/gazebo_plugins/lib/libgazebo_ros_joint_pose_trajectory.so" to ""
[94.116s] -- Installing: /home/nikhil/nourish_ws/install/gazebo_plugins/lib/libgazebo_ros_joint_state_publisher.so
[94.117s] -- Set runtime path of "/home/nikhil/nourish_ws/install/gazebo_plugins/lib/libgazebo_ros_joint_state_publisher.so" to ""
[94.117s] -- Installing: /home/nikhil/nourish_ws/install/gazebo_plugins/lib/libgazebo_ros_multi_camera.so
[94.119s] -- Set runtime path of "/home/nikhil/nourish_ws/install/gazebo_plugins/lib/libgazebo_ros_multi_camera.so" to ""
[94.119s] -- Installing: /home/nikhil/nourish_ws/install/gazebo_plugins/lib/libgazebo_ros_planar_move.so
[94.121s] -- Set runtime path of "/home/nikhil/nourish_ws/install/gazebo_plugins/lib/libgazebo_ros_planar_move.so" to ""
[94.121s] -- Installing: /home/nikhil/nourish_ws/install/gazebo_plugins/lib/libgazebo_ros_projector.so
[94.123s] -- Set runtime path of "/home/nikhil/nourish_ws/install/gazebo_plugins/lib/libgazebo_ros_projector.so" to ""
[94.123s] -- Installing: /home/nikhil/nourish_ws/install/gazebo_plugins/lib/libgazebo_ros_ray_sensor.so
[94.125s] -- Set runtime path of "/home/nikhil/nourish_ws/install/gazebo_plugins/lib/libgazebo_ros_ray_sensor.so" to ""
[94.125s] -- Installing: /home/nikhil/nourish_ws/install/gazebo_plugins/lib/libgazebo_ros_p3d.so
[94.126s] -- Set runtime path of "/home/nikhil/nourish_ws/install/gazebo_plugins/lib/libgazebo_ros_p3d.so" to ""
[94.126s] -- Installing: /home/nikhil/nourish_ws/install/gazebo_plugins/lib/libgazebo_ros_template.so
[94.127s] -- Set runtime path of "/home/nikhil/nourish_ws/install/gazebo_plugins/lib/libgazebo_ros_template.so" to ""
[94.127s] -- Installing: /home/nikhil/nourish_ws/install/gazebo_plugins/lib/libgazebo_ros_tricycle_drive.so
[94.129s] -- Set runtime path of "/home/nikhil/nourish_ws/install/gazebo_plugins/lib/libgazebo_ros_tricycle_drive.so" to ""
[94.129s] -- Installing: /home/nikhil/nourish_ws/install/gazebo_plugins/lib/libgazebo_ros_vacuum_gripper.so
[94.130s] -- Set runtime path of "/home/nikhil/nourish_ws/install/gazebo_plugins/lib/libgazebo_ros_vacuum_gripper.so" to ""
[94.130s] -- Installing: /home/nikhil/nourish_ws/install/gazebo_plugins/lib/libgazebo_ros_video.so
[94.132s] -- Set runtime path of "/home/nikhil/nourish_ws/install/gazebo_plugins/lib/libgazebo_ros_video.so" to ""
[94.132s] -- Installing: /home/nikhil/nourish_ws/install/gazebo_plugins/lib/libmulti_camera_plugin.so
[94.132s] -- Set runtime path of "/home/nikhil/nourish_ws/install/gazebo_plugins/lib/libmulti_camera_plugin.so" to ""
[94.133s] -- Installing: /home/nikhil/nourish_ws/install/gazebo_plugins/share/gazebo_plugins//worlds
[94.133s] -- Installing: /home/nikhil/nourish_ws/install/gazebo_plugins/share/gazebo_plugins//worlds/gazebo_ros_planar_move_demo.world
[94.133s] -- Installing: /home/nikhil/nourish_ws/install/gazebo_plugins/share/gazebo_plugins//worlds/gazebo_ros_harness_demo.world
[94.133s] -- Installing: /home/nikhil/nourish_ws/install/gazebo_plugins/share/gazebo_plugins//worlds/gazebo_ros_elevator_demo.world
[94.133s] -- Installing: /home/nikhil/nourish_ws/install/gazebo_plugins/share/gazebo_plugins//worlds/gazebo_ros_template_demo.world
[94.133s] -- Installing: /home/nikhil/nourish_ws/install/gazebo_plugins/share/gazebo_plugins//worlds/gazebo_ros_camera_demo.world
[94.133s] -- Installing: /home/nikhil/nourish_ws/install/gazebo_plugins/share/gazebo_plugins//worlds/gazebo_ros_skid_steer_drive_demo.world
[94.133s] -- Installing: /home/nikhil/nourish_ws/install/gazebo_plugins/share/gazebo_plugins//worlds/gazebo_ros_video_demo.world
[94.133s] -- Installing: /home/nikhil/nourish_ws/install/gazebo_plugins/share/gazebo_plugins//worlds/gazebo_ros_camera_distortion_pincushion_demo.world
[94.133s] -- Installing: /home/nikhil/nourish_ws/install/gazebo_plugins/share/gazebo_plugins//worlds/gazebo_ros_ray_sensor_demo.world
[94.133s] -- Installing: /home/nikhil/nourish_ws/install/gazebo_plugins/share/gazebo_plugins//worlds/gazebo_ros_camera_distortion_barrel_demo.world
[94.134s] -- Installing: /home/nikhil/nourish_ws/install/gazebo_plugins/share/gazebo_plugins//worlds/gazebo_ros_diff_drive_demo.world
[94.134s] -- Installing: /home/nikhil/nourish_ws/install/gazebo_plugins/share/gazebo_plugins//worlds/gazebo_ros_ft_sensor_demo.world
[94.134s] -- Installing: /home/nikhil/nourish_ws/install/gazebo_plugins/share/gazebo_plugins//worlds/gazebo_ros_bumper_demo.world
[94.134s] -- Installing: /home/nikhil/nourish_ws/install/gazebo_plugins/share/gazebo_plugins//worlds/gazebo_ros_joint_state_publisher_demo.world
[94.134s] -- Installing: /home/nikhil/nourish_ws/install/gazebo_plugins/share/gazebo_plugins//worlds/gazebo_ros_depth_camera_demo.world
[94.134s] -- Installing: /home/nikhil/nourish_ws/install/gazebo_plugins/share/gazebo_plugins//worlds/gazebo_ros_gps_sensor_demo.world
[94.134s] -- Installing: /home/nikhil/nourish_ws/install/gazebo_plugins/share/gazebo_plugins//worlds/gazebo_ros_force_demo.world
[94.134s] -- Installing: /home/nikhil/nourish_ws/install/gazebo_plugins/share/gazebo_plugins//worlds/gazebo_ros_multi_camera_demo.world
[94.134s] -- Installing: /home/nikhil/nourish_ws/install/gazebo_plugins/share/gazebo_plugins//worlds/gazebo_ros_vacuum_gripper_demo.world
[94.134s] -- Installing: /home/nikhil/nourish_ws/install/gazebo_plugins/share/gazebo_plugins//worlds/gazebo_ros_ackermann_drive_demo.world
[94.134s] -- Installing: /home/nikhil/nourish_ws/install/gazebo_plugins/share/gazebo_plugins//worlds/gazebo_ros_p3d_demo.world
[94.134s] -- Installing: /home/nikhil/nourish_ws/install/gazebo_plugins/share/gazebo_plugins//worlds/gazebo_ros_tricycle_drive_demo.world
[94.134s] -- Installing: /home/nikhil/nourish_ws/install/gazebo_plugins/share/gazebo_plugins//worlds/gazebo_ros_camera_triggered_demo.world
[94.134s] -- Installing: /home/nikhil/nourish_ws/install/gazebo_plugins/share/gazebo_plugins//worlds/gazebo_ros_projector_demo.world
[94.134s] -- Installing: /home/nikhil/nourish_ws/install/gazebo_plugins/share/gazebo_plugins//worlds/gazebo_ros_hand_of_god_demo.world
[94.134s] -- Installing: /home/nikhil/nourish_ws/install/gazebo_plugins/share/gazebo_plugins//worlds/gazebo_ros_joint_pose_trajectory_demo.world
