[0.083s] Invoking command in '/home/nikhil/nourish_ws/build/camera_calibration_parsers': /usr/bin/cmake --build /home/nikhil/nourish_ws/build/camera_calibration_parsers -- -j12 -l12
[0.165s] [ 28%] Built target gtest
[0.166s] [ 28%] Built target gtest_main
[0.178s] [ 57%] Built target camera_calibration_parsers
[0.247s] [ 71%] Built target convert
[0.252s] [ 85%] Built target camera_calibration_parsers-parse_ini
[0.279s] [100%] Built target camera_calibration_parsers-parse_yml
[0.408s] Invoked command in '/home/nikhil/nourish_ws/build/camera_calibration_parsers' returned '0': /usr/bin/cmake --build /home/nikhil/nourish_ws/build/camera_calibration_parsers -- -j12 -l12
[0.511s] Invoking command in '/home/nikhil/nourish_ws/build/camera_calibration_parsers': /usr/bin/cmake --build /home/nikhil/nourish_ws/build/camera_calibration_parsers --target install -- -j12 -l12
[0.638s] [ 14%] Built target gtest_main
[0.639s] [ 28%] Built target gtest
[0.639s] [ 57%] Built target camera_calibration_parsers
[0.685s] [ 71%] Built target convert
[0.685s] [ 85%] Built target camera_calibration_parsers-parse_ini
[0.692s] [100%] Built target camera_calibration_parsers-parse_yml
[0.731s] [36mInstall the project...[0m
[0.745s] -- Install configuration: ""
[0.746s] -- Up-to-date: /home/nikhil/nourish_ws/install/camera_calibration_parsers/lib/libcamera_calibration_parsers.so
[0.746s] -- Up-to-date: /home/nikhil/nourish_ws/install/camera_calibration_parsers/lib/camera_calibration_parsers/convert
[0.747s] -- Up-to-date: /home/nikhil/nourish_ws/install/camera_calibration_parsers/include
[0.747s] -- Up-to-date: /home/nikhil/nourish_ws/install/camera_calibration_parsers/include/camera_calibration_parsers
[0.747s] -- Up-to-date: /home/nikhil/nourish_ws/install/camera_calibration_parsers/include/camera_calibration_parsers/parse_yml.h
[0.748s] -- Up-to-date: /home/nikhil/nourish_ws/install/camera_calibration_parsers/include/camera_calibration_parsers/visibility_control.hpp
[0.750s] -- Up-to-date: /home/nikhil/nourish_ws/install/camera_calibration_parsers/include/camera_calibration_parsers/parse.h
[0.753s] -- Up-to-date: /home/nikhil/nourish_ws/install/camera_calibration_parsers/include/camera_calibration_parsers/parse_ini.h
[0.754s] -- Up-to-date: /home/nikhil/nourish_ws/install/camera_calibration_parsers/include/camera_calibration_parsers/impl
[0.754s] -- Up-to-date: /home/nikhil/nourish_ws/install/camera_calibration_parsers/include/camera_calibration_parsers/impl/split.hpp
[0.754s] -- Up-to-date: /home/nikhil/nourish_ws/install/camera_calibration_parsers/include/camera_calibration_parsers/impl/filesystem_helper.hpp
[0.754s] -- Up-to-date: /home/nikhil/nourish_ws/install/camera_calibration_parsers/share/camera_calibration_parsers/environment/library_path.sh
[0.754s] -- Up-to-date: /home/nikhil/nourish_ws/install/camera_calibration_parsers/share/ament_index/resource_index/package_run_dependencies/camera_calibration_parsers
[0.755s] -- Up-to-date: /home/nikhil/nourish_ws/install/camera_calibration_parsers/share/ament_index/resource_index/parent_prefix_path/camera_calibration_parsers
[0.755s] -- Up-to-date: /home/nikhil/nourish_ws/install/camera_calibration_parsers/share/camera_calibration_parsers/environment/ament_prefix_path.sh
[0.755s] -- Up-to-date: /home/nikhil/nourish_ws/install/camera_calibration_parsers/share/camera_calibration_parsers/environment/path.sh
[0.755s] -- Up-to-date: /home/nikhil/nourish_ws/install/camera_calibration_parsers/share/camera_calibration_parsers/local_setup.bash
[0.755s] -- Up-to-date: /home/nikhil/nourish_ws/install/camera_calibration_parsers/share/camera_calibration_parsers/local_setup.sh
[0.755s] -- Up-to-date: /home/nikhil/nourish_ws/install/camera_calibration_parsers/share/camera_calibration_parsers/local_setup.zsh
[0.756s] -- Up-to-date: /home/nikhil/nourish_ws/install/camera_calibration_parsers/share/ament_index/resource_index/packages/camera_calibration_parsers
[0.756s] -- Up-to-date: /home/nikhil/nourish_ws/install/camera_calibration_parsers/share/camera_calibration_parsers/cmake/ament_cmake_export_include_directories-extras.cmake
[0.756s] -- Up-to-date: /home/nikhil/nourish_ws/install/camera_calibration_parsers/share/camera_calibration_parsers/cmake/ament_cmake_export_libraries-extras.cmake
[0.756s] -- Up-to-date: /home/nikhil/nourish_ws/install/camera_calibration_parsers/share/camera_calibration_parsers/cmake/ament_cmake_export_dependencies-extras.cmake
[0.756s] -- Up-to-date: /home/nikhil/nourish_ws/install/camera_calibration_parsers/share/camera_calibration_parsers/cmake/camera_calibration_parsersConfig.cmake
[0.756s] -- Up-to-date: /home/nikhil/nourish_ws/install/camera_calibration_parsers/share/camera_calibration_parsers/cmake/camera_calibration_parsersConfig-version.cmake
[0.757s] -- Up-to-date: /home/nikhil/nourish_ws/install/camera_calibration_parsers/share/camera_calibration_parsers/package.xml
[0.779s] Invoked command in '/home/nikhil/nourish_ws/build/camera_calibration_parsers' returned '0': /usr/bin/cmake --build /home/nikhil/nourish_ws/build/camera_calibration_parsers --target install -- -j12 -l12
