[0.079s] Invoking command in '/home/nikhil/nourish_ws/build/juice_spout': AMENT_PREFIX_PATH=/home/nikhil/nourish_ws/install/juice_spout_msgs:/home/nikhil/nourish_ws/install/juice_dcb_msgs:${AMENT_PREFIX_PATH} CMAKE_PREFIX_PATH=/home/nikhil/nourish_ws/install/juice_spout_msgs:/home/nikhil/nourish_ws/install/juice_dcb_msgs:${CMAKE_PREFIX_PATH} LD_LIBRARY_PATH=/home/nikhil/nourish_ws/install/juice_spout_msgs/lib:/home/nikhil/nourish_ws/install/juice_dcb_msgs/lib:${LD_LIBRARY_PATH} PYTHONPATH=/home/nikhil/nourish_ws/install/juice_spout_msgs/lib/python3.6/site-packages:/home/nikhil/nourish_ws/install/juice_dcb_msgs/lib/python3.6/site-packages:${PYTHONPATH} /usr/bin/cmake /home/nikhil/nourish_ws/src/ros2-bbox-juice-machine/juice_spout -DCMAKE_INSTALL_PREFIX=/home/nikhil/nourish_ws/install/juice_spout
[0.148s] -- The C compiler identification is GNU 7.5.0
[0.386s] -- The CXX compiler identification is GNU 7.5.0
[0.392s] -- Check for working C compiler: /usr/bin/cc
[0.859s] -- Check for working C compiler: /usr/bin/cc -- works
[0.860s] -- Detecting C compiler ABI info
[1.138s] -- Detecting C compiler ABI info - done
[1.148s] -- Detecting C compile features
[1.440s] -- Detecting C compile features - done
[1.443s] -- Check for working CXX compiler: /usr/bin/c++
[1.535s] -- Check for working CXX compiler: /usr/bin/c++ -- works
[1.536s] -- Detecting CXX compiler ABI info
[1.641s] -- Detecting CXX compiler ABI info - done
[1.646s] -- Detecting CXX compile features
[2.152s] -- Detecting CXX compile features - done
[2.154s] -- Found ament_cmake: 0.7.4 (/home/nikhil/ros2_dashing/ros2-linux/share/ament_cmake/cmake)
[2.185s] -- Found PythonInterp: /usr/bin/python3 (found suitable version "3.6.9", minimum required is "3") 
[2.185s] -- Using PYTHON_EXECUTABLE: /usr/bin/python3
[2.443s] -- Found rclcpp: 0.7.12 (/home/nikhil/ros2_dashing/ros2-linux/share/rclcpp/cmake)
[2.475s] -- Found rosidl_adapter: 0.7.9 (/home/nikhil/ros2_dashing/ros2-linux/share/rosidl_adapter/cmake)
[2.515s] -- Found rmw_implementation_cmake: 0.7.2 (/home/nikhil/ros2_dashing/ros2-linux/share/rmw_implementation_cmake/cmake)
[2.516s] -- Using RMW implementation 'rmw_fastrtps_cpp' as default
[2.517s] -- Looking for pthread.h
[2.603s] -- Looking for pthread.h - found
[2.603s] -- Looking for pthread_create
[2.695s] -- Looking for pthread_create - not found
[2.695s] -- Looking for pthread_create in pthreads
[2.775s] -- Looking for pthread_create in pthreads - not found
[2.776s] -- Looking for pthread_create in pthread
[2.865s] -- Looking for pthread_create in pthread - found
[2.867s] -- Found Threads: TRUE  
[2.919s] -- Found std_msgs: 0.7.0 (/home/nikhil/ros2_dashing/ros2-linux/share/std_msgs/cmake)
[2.926s] -- Found juice_dcb_msgs: 0.0.0 (/home/nikhil/nourish_ws/install/juice_dcb_msgs/share/juice_dcb_msgs/cmake)
[2.930s] -- Found juice_spout_msgs: 0.0.0 (/home/nikhil/nourish_ws/install/juice_spout_msgs/share/juice_spout_msgs/cmake)
[2.983s] -- Found ament_lint_auto: 0.7.11 (/home/nikhil/ros2_dashing/ros2-linux/share/ament_lint_auto/cmake)
[3.065s] -- Added test 'copyright' to check for copyright in CMake / C / C++ / Python code
[3.066s] -- Added test 'cppcheck' to perform static code analysis on C / C++ code
[3.066s] -- Configured cppcheck include dirs: /home/nikhil/nourish_ws/src/ros2-bbox-juice-machine/juice_spout/include
[3.067s] -- Added test 'cpplint' to check C / C++ code against the Google style
[3.068s] -- Added test 'lint_cmake' to check CMake code style
[3.068s] -- Added test 'uncrustify' to check C / C++ code style
[3.069s] -- Added test 'xmllint' to check XML markup files
[3.071s] -- Configuring done
[3.092s] -- Generating done
[3.094s] -- Build files have been written to: /home/nikhil/nourish_ws/build/juice_spout
[3.099s] Invoked command in '/home/nikhil/nourish_ws/build/juice_spout' returned '0': AMENT_PREFIX_PATH=/home/nikhil/nourish_ws/install/juice_spout_msgs:/home/nikhil/nourish_ws/install/juice_dcb_msgs:${AMENT_PREFIX_PATH} CMAKE_PREFIX_PATH=/home/nikhil/nourish_ws/install/juice_spout_msgs:/home/nikhil/nourish_ws/install/juice_dcb_msgs:${CMAKE_PREFIX_PATH} LD_LIBRARY_PATH=/home/nikhil/nourish_ws/install/juice_spout_msgs/lib:/home/nikhil/nourish_ws/install/juice_dcb_msgs/lib:${LD_LIBRARY_PATH} PYTHONPATH=/home/nikhil/nourish_ws/install/juice_spout_msgs/lib/python3.6/site-packages:/home/nikhil/nourish_ws/install/juice_dcb_msgs/lib/python3.6/site-packages:${PYTHONPATH} /usr/bin/cmake /home/nikhil/nourish_ws/src/ros2-bbox-juice-machine/juice_spout -DCMAKE_INSTALL_PREFIX=/home/nikhil/nourish_ws/install/juice_spout
[3.100s] Invoking command in '/home/nikhil/nourish_ws/build/juice_spout': AMENT_PREFIX_PATH=/home/nikhil/nourish_ws/install/juice_spout_msgs:/home/nikhil/nourish_ws/install/juice_dcb_msgs:${AMENT_PREFIX_PATH} CMAKE_PREFIX_PATH=/home/nikhil/nourish_ws/install/juice_spout_msgs:/home/nikhil/nourish_ws/install/juice_dcb_msgs:${CMAKE_PREFIX_PATH} LD_LIBRARY_PATH=/home/nikhil/nourish_ws/install/juice_spout_msgs/lib:/home/nikhil/nourish_ws/install/juice_dcb_msgs/lib:${LD_LIBRARY_PATH} PYTHONPATH=/home/nikhil/nourish_ws/install/juice_spout_msgs/lib/python3.6/site-packages:/home/nikhil/nourish_ws/install/juice_dcb_msgs/lib/python3.6/site-packages:${PYTHONPATH} /usr/bin/cmake --build /home/nikhil/nourish_ws/build/juice_spout -- -j12 -l12
[3.152s] [35m[1mScanning dependencies of target juice_spout[0m
[3.190s] [ 50%] [32mBuilding CXX object CMakeFiles/juice_spout.dir/src/juice_spout_node.cpp.o[0m
[4.219s] [01m[K/home/nikhil/nourish_ws/src/ros2-bbox-juice-machine/juice_spout/src/juice_spout_node.cpp:[m[K In constructor ‘[01m[KJuiceSpoutNode::JuiceSpoutNode()[m[K’:
[4.219s] [01m[K/home/nikhil/nourish_ws/src/ros2-bbox-juice-machine/juice_spout/src/juice_spout_node.cpp:38:6:[m[K [01;35m[Kwarning: [m[K‘[01m[Kstd::shared_ptr<SubscriptionT> rclcpp::Node::create_subscription(const string&, CallbackT&&, const rmw_qos_profile_t&, rclcpp::callback_group::CallbackGroup::SharedPtr, bool, typename rclcpp::message_memory_strategy::MessageMemoryStrategy<typename rclcpp::subscription_traits::has_message_type<CallbackT>::type, AllocatorT>::SharedPtr, std::shared_ptr<PublisherT>) [with MessageT = std_msgs::msg::Bool_<std::allocator<void> >; CallbackT = JuiceSpoutNode::JuiceSpoutNode()::<lambda(std_msgs::msg::Bool_<std::allocator<void> >::SharedPtr)>; Alloc = std::allocator<void>; SubscriptionT = rclcpp::Subscription<std_msgs::msg::Bool_<std::allocator<void> > >; std::__cxx11::string = std::__cxx11::basic_string<char>; rmw_qos_profile_t = rmw_qos_profile_t; rclcpp::callback_group::CallbackGroup::SharedPtr = std::shared_ptr<rclcpp::callback_group::CallbackGroup>; typename rclcpp::message_memory_strategy::MessageMemoryStrategy<typename rclcpp::subscription_traits::has_message_type<CallbackT>::type, AllocatorT>::SharedPtr = std::shared_ptr<rclcpp::message_memory_strategy::MessageMemoryStrategy<std_msgs::msg::Bool_<std::allocator<void> >, std::allocator<void> > >][m[K’ is deprecated: use create_subscription(const std::string &, const rclcpp::QoS &, CallbackT, ...) instead [[01;35m[K-Wdeprecated-declarations[m[K]
[4.219s]      }[01;35m[K)[m[K;
[4.219s]       [01;35m[K^[m[K
[4.219s] In file included from [01m[K/home/nikhil/ros2_dashing/ros2-linux/include/rclcpp/node.hpp:1206:0[m[K,
[4.219s]                  from [01m[K/home/nikhil/ros2_dashing/ros2-linux/include/rclcpp/executors/single_threaded_executor.hpp:28[m[K,
[4.219s]                  from [01m[K/home/nikhil/ros2_dashing/ros2-linux/include/rclcpp/executors.hpp:22[m[K,
[4.220s]                  from [01m[K/home/nikhil/ros2_dashing/ros2-linux/include/rclcpp/rclcpp.hpp:144[m[K,
[4.220s]                  from [01m[K/home/nikhil/nourish_ws/src/ros2-bbox-juice-machine/juice_spout/src/juice_spout_node.cpp:4[m[K:
[4.220s] [01m[K/home/nikhil/ros2_dashing/ros2-linux/include/rclcpp/node_impl.hpp:139:1:[m[K [01;36m[Knote: [m[Kdeclared here
[4.220s]  [01;36m[KNode[m[K::create_subscription(
[4.220s]  [01;36m[K^~~~[m[K
[4.225s] [01m[K/home/nikhil/nourish_ws/src/ros2-bbox-juice-machine/juice_spout/src/juice_spout_node.cpp:43:6:[m[K [01;35m[Kwarning: [m[K‘[01m[Kstd::shared_ptr<SubscriptionT> rclcpp::Node::create_subscription(const string&, CallbackT&&, const rmw_qos_profile_t&, rclcpp::callback_group::CallbackGroup::SharedPtr, bool, typename rclcpp::message_memory_strategy::MessageMemoryStrategy<typename rclcpp::subscription_traits::has_message_type<CallbackT>::type, AllocatorT>::SharedPtr, std::shared_ptr<PublisherT>) [with MessageT = std_msgs::msg::Float32_<std::allocator<void> >; CallbackT = JuiceSpoutNode::JuiceSpoutNode()::<lambda(std_msgs::msg::Float32_<std::allocator<void> >::SharedPtr)>; Alloc = std::allocator<void>; SubscriptionT = rclcpp::Subscription<std_msgs::msg::Float32_<std::allocator<void> > >; std::__cxx11::string = std::__cxx11::basic_string<char>; rmw_qos_profile_t = rmw_qos_profile_t; rclcpp::callback_group::CallbackGroup::SharedPtr = std::shared_ptr<rclcpp::callback_group::CallbackGroup>; typename rclcpp::message_memory_strategy::MessageMemoryStrategy<typename rclcpp::subscription_traits::has_message_type<CallbackT>::type, AllocatorT>::SharedPtr = std::shared_ptr<rclcpp::message_memory_strategy::MessageMemoryStrategy<std_msgs::msg::Float32_<std::allocator<void> >, std::allocator<void> > >][m[K’ is deprecated: use create_subscription(const std::string &, const rclcpp::QoS &, CallbackT, ...) instead [[01;35m[K-Wdeprecated-declarations[m[K]
[4.225s]      }[01;35m[K)[m[K;
[4.226s]       [01;35m[K^[m[K
[4.226s] In file included from [01m[K/home/nikhil/ros2_dashing/ros2-linux/include/rclcpp/node.hpp:1206:0[m[K,
[4.226s]                  from [01m[K/home/nikhil/ros2_dashing/ros2-linux/include/rclcpp/executors/single_threaded_executor.hpp:28[m[K,
[4.226s]                  from [01m[K/home/nikhil/ros2_dashing/ros2-linux/include/rclcpp/executors.hpp:22[m[K,
[4.226s]                  from [01m[K/home/nikhil/ros2_dashing/ros2-linux/include/rclcpp/rclcpp.hpp:144[m[K,
[4.226s]                  from [01m[K/home/nikhil/nourish_ws/src/ros2-bbox-juice-machine/juice_spout/src/juice_spout_node.cpp:4[m[K:
[4.226s] [01m[K/home/nikhil/ros2_dashing/ros2-linux/include/rclcpp/node_impl.hpp:139:1:[m[K [01;36m[Knote: [m[Kdeclared here
[4.226s]  [01;36m[KNode[m[K::create_subscription(
[4.227s]  [01;36m[K^~~~[m[K
[6.972s] [100%] [32m[1mLinking CXX executable juice_spout[0m
[7.174s] [100%] Built target juice_spout
[7.185s] Invoked command in '/home/nikhil/nourish_ws/build/juice_spout' returned '0': AMENT_PREFIX_PATH=/home/nikhil/nourish_ws/install/juice_spout_msgs:/home/nikhil/nourish_ws/install/juice_dcb_msgs:${AMENT_PREFIX_PATH} CMAKE_PREFIX_PATH=/home/nikhil/nourish_ws/install/juice_spout_msgs:/home/nikhil/nourish_ws/install/juice_dcb_msgs:${CMAKE_PREFIX_PATH} LD_LIBRARY_PATH=/home/nikhil/nourish_ws/install/juice_spout_msgs/lib:/home/nikhil/nourish_ws/install/juice_dcb_msgs/lib:${LD_LIBRARY_PATH} PYTHONPATH=/home/nikhil/nourish_ws/install/juice_spout_msgs/lib/python3.6/site-packages:/home/nikhil/nourish_ws/install/juice_dcb_msgs/lib/python3.6/site-packages:${PYTHONPATH} /usr/bin/cmake --build /home/nikhil/nourish_ws/build/juice_spout -- -j12 -l12
[7.208s] Invoking command in '/home/nikhil/nourish_ws/build/juice_spout': AMENT_PREFIX_PATH=/home/nikhil/nourish_ws/install/juice_spout_msgs:/home/nikhil/nourish_ws/install/juice_dcb_msgs:${AMENT_PREFIX_PATH} CMAKE_PREFIX_PATH=/home/nikhil/nourish_ws/install/juice_spout_msgs:/home/nikhil/nourish_ws/install/juice_dcb_msgs:${CMAKE_PREFIX_PATH} LD_LIBRARY_PATH=/home/nikhil/nourish_ws/install/juice_spout_msgs/lib:/home/nikhil/nourish_ws/install/juice_dcb_msgs/lib:${LD_LIBRARY_PATH} PYTHONPATH=/home/nikhil/nourish_ws/install/juice_spout_msgs/lib/python3.6/site-packages:/home/nikhil/nourish_ws/install/juice_dcb_msgs/lib/python3.6/site-packages:${PYTHONPATH} /usr/bin/cmake --build /home/nikhil/nourish_ws/build/juice_spout --target install -- -j12 -l12
[7.256s] [100%] Built target juice_spout
[7.275s] [36mInstall the project...[0m
[7.285s] -- Install configuration: ""
[7.285s] -- Installing: /home/nikhil/nourish_ws/install/juice_spout/lib/juice_spout/juice_spout
[7.287s] -- Set runtime path of "/home/nikhil/nourish_ws/install/juice_spout/lib/juice_spout/juice_spout" to ""
[7.287s] -- Installing: /home/nikhil/nourish_ws/install/juice_spout/share/ament_index/resource_index/package_run_dependencies/juice_spout
[7.287s] -- Installing: /home/nikhil/nourish_ws/install/juice_spout/share/ament_index/resource_index/parent_prefix_path/juice_spout
[7.288s] -- Installing: /home/nikhil/nourish_ws/install/juice_spout/share/juice_spout/environment/ament_prefix_path.sh
[7.288s] -- Installing: /home/nikhil/nourish_ws/install/juice_spout/share/juice_spout/environment/path.sh
[7.288s] -- Installing: /home/nikhil/nourish_ws/install/juice_spout/share/juice_spout/local_setup.bash
[7.288s] -- Installing: /home/nikhil/nourish_ws/install/juice_spout/share/juice_spout/local_setup.sh
[7.288s] -- Installing: /home/nikhil/nourish_ws/install/juice_spout/share/juice_spout/local_setup.zsh
[7.288s] -- Installing: /home/nikhil/nourish_ws/install/juice_spout/share/ament_index/resource_index/packages/juice_spout
[7.288s] -- Installing: /home/nikhil/nourish_ws/install/juice_spout/share/juice_spout/cmake/juice_spoutConfig.cmake
[7.288s] -- Installing: /home/nikhil/nourish_ws/install/juice_spout/share/juice_spout/cmake/juice_spoutConfig-version.cmake
[7.288s] -- Installing: /home/nikhil/nourish_ws/install/juice_spout/share/juice_spout/package.xml
[7.291s] Invoked command in '/home/nikhil/nourish_ws/build/juice_spout' returned '0': AMENT_PREFIX_PATH=/home/nikhil/nourish_ws/install/juice_spout_msgs:/home/nikhil/nourish_ws/install/juice_dcb_msgs:${AMENT_PREFIX_PATH} CMAKE_PREFIX_PATH=/home/nikhil/nourish_ws/install/juice_spout_msgs:/home/nikhil/nourish_ws/install/juice_dcb_msgs:${CMAKE_PREFIX_PATH} LD_LIBRARY_PATH=/home/nikhil/nourish_ws/install/juice_spout_msgs/lib:/home/nikhil/nourish_ws/install/juice_dcb_msgs/lib:${LD_LIBRARY_PATH} PYTHONPATH=/home/nikhil/nourish_ws/install/juice_spout_msgs/lib/python3.6/site-packages:/home/nikhil/nourish_ws/install/juice_dcb_msgs/lib/python3.6/site-packages:${PYTHONPATH} /usr/bin/cmake --build /home/nikhil/nourish_ws/build/juice_spout --target install -- -j12 -l12
