[0.077s] Invoking command in '/home/nikhil/nourish_ws/build/camera_calibration_parsers': /usr/bin/cmake /home/nikhil/nourish_ws/src/ros-perception/image_common/camera_calibration_parsers -DCMAKE_INSTALL_PREFIX=/home/nikhil/nourish_ws/install/camera_calibration_parsers
[0.144s] -- The C compiler identification is GNU 7.5.0
[0.234s] -- The CXX compiler identification is GNU 7.5.0
[0.238s] -- Check for working C compiler: /usr/bin/cc
[0.377s] -- Check for working C compiler: /usr/bin/cc -- works
[0.378s] -- Detecting C compiler ABI info
[0.485s] -- Detecting C compiler ABI info - done
[0.493s] -- Detecting C compile features
[0.832s] -- Detecting C compile features - done
[0.835s] -- Check for working CXX compiler: /usr/bin/c++
[1.007s] -- Check for working CXX compiler: /usr/bin/c++ -- works
[1.007s] -- Detecting CXX compiler ABI info
[1.147s] -- Detecting CXX compiler ABI info - done
[1.155s] -- Detecting CXX compile features
[1.677s] -- Detecting CXX compile features - done
[1.681s] -- Found ament_cmake_ros: 0.7.0 (/home/nikhil/ros2_dashing/ros2-linux/share/ament_cmake_ros/cmake)
[1.726s] -- Found PythonInterp: /usr/bin/python3 (found suitable version "3.6.9", minimum required is "3") 
[1.726s] -- Using PYTHON_EXECUTABLE: /usr/bin/python3
[2.017s] -- Found rclcpp: 0.7.12 (/home/nikhil/ros2_dashing/ros2-linux/share/rclcpp/cmake)
[2.048s] -- Found rosidl_adapter: 0.7.9 (/home/nikhil/ros2_dashing/ros2-linux/share/rosidl_adapter/cmake)
[2.091s] -- Found rmw_implementation_cmake: 0.7.2 (/home/nikhil/ros2_dashing/ros2-linux/share/rmw_implementation_cmake/cmake)
[2.093s] -- Using RMW implementation 'rmw_fastrtps_cpp' as default
[2.094s] -- Looking for pthread.h
[2.181s] -- Looking for pthread.h - found
[2.182s] -- Looking for pthread_create
[2.254s] -- Looking for pthread_create - not found
[2.254s] -- Looking for pthread_create in pthreads
[2.319s] -- Looking for pthread_create in pthreads - not found
[2.320s] -- Looking for pthread_create in pthread
[2.407s] -- Looking for pthread_create in pthread - found
[2.408s] -- Found Threads: TRUE  
[2.443s] -- Found sensor_msgs: 0.7.0 (/home/nikhil/ros2_dashing/ros2-linux/share/sensor_msgs/cmake)
[2.470s] -- Found yaml_cpp_vendor: 6.0.1 (/home/nikhil/ros2_dashing/ros2-linux/share/yaml_cpp_vendor/cmake)
[2.470s] -- Setting yaml-cpp_DIR to: '/home/nikhil/ros2_dashing/ros2-linux/share/yaml_cpp_vendor/cmake/../../../opt/yaml_cpp_vendor/lib/cmake/yaml-cpp'
[2.495s] -- Found ament_cmake_cppcheck: 0.7.11 (/home/nikhil/ros2_dashing/ros2-linux/share/ament_cmake_cppcheck/cmake)
[2.497s] -- Found ament_cmake_cpplint: 0.7.11 (/home/nikhil/ros2_dashing/ros2-linux/share/ament_cmake_cpplint/cmake)
[2.499s] -- Found ament_cmake_lint_cmake: 0.7.11 (/home/nikhil/ros2_dashing/ros2-linux/share/ament_cmake_lint_cmake/cmake)
[2.501s] -- Found ament_cmake_uncrustify: 0.7.11 (/home/nikhil/ros2_dashing/ros2-linux/share/ament_cmake_uncrustify/cmake)
[2.504s] -- Found ament_cmake_gtest: 0.7.4 (/home/nikhil/ros2_dashing/ros2-linux/share/ament_cmake_gtest/cmake)
[2.506s] -- Found gtest sources under '/home/nikhil/ros2_dashing/ros2-linux/src/gtest_vendor': C++ tests using 'Google Test' will be built
[2.508s] -- Check if compiler accepts -pthread
[2.688s] -- Check if compiler accepts -pthread - yes
[2.769s] -- Configuring done
[2.831s] -- Generating done
[2.833s] -- Build files have been written to: /home/nikhil/nourish_ws/build/camera_calibration_parsers
[2.837s] Invoked command in '/home/nikhil/nourish_ws/build/camera_calibration_parsers' returned '0': /usr/bin/cmake /home/nikhil/nourish_ws/src/ros-perception/image_common/camera_calibration_parsers -DCMAKE_INSTALL_PREFIX=/home/nikhil/nourish_ws/install/camera_calibration_parsers
[2.839s] Invoking command in '/home/nikhil/nourish_ws/build/camera_calibration_parsers': /usr/bin/cmake --build /home/nikhil/nourish_ws/build/camera_calibration_parsers -- -j12 -l12
[2.903s] [35m[1mScanning dependencies of target camera_calibration_parsers[0m
[2.903s] [35m[1mScanning dependencies of target gtest[0m
[2.904s] [35m[1mScanning dependencies of target gtest_main[0m
[2.930s] [  7%] [32mBuilding CXX object gtest/CMakeFiles/gtest_main.dir/src/gtest_main.cc.o[0m
[2.935s] [ 14%] [32mBuilding CXX object gtest/CMakeFiles/gtest.dir/src/gtest-all.cc.o[0m
[2.964s] [ 21%] [32mBuilding CXX object CMakeFiles/camera_calibration_parsers.dir/src/parse.cpp.o[0m
[2.966s] [ 35%] [32mBuilding CXX object CMakeFiles/camera_calibration_parsers.dir/src/parse_yml.cpp.o[0m
[2.967s] [ 35%] [32mBuilding CXX object CMakeFiles/camera_calibration_parsers.dir/src/parse_ini.cpp.o[0m
[4.012s] [ 42%] [32m[1mLinking CXX static library libgtest_main.a[0m
[4.218s] [ 42%] Built target gtest_main
[5.663s] [ 50%] [32m[1mLinking CXX shared library libcamera_calibration_parsers.so[0m
[5.905s] [ 50%] Built target camera_calibration_parsers
[5.918s] [35m[1mScanning dependencies of target convert[0m
[5.940s] [ 57%] [32mBuilding CXX object CMakeFiles/convert.dir/src/convert.cpp.o[0m
[6.700s] [ 64%] [32m[1mLinking CXX executable convert[0m
[7.096s] [ 64%] Built target convert
[7.853s] [ 71%] [32m[1mLinking CXX static library libgtest.a[0m
[7.926s] [ 71%] Built target gtest
[7.945s] [35m[1mScanning dependencies of target camera_calibration_parsers-parse_ini[0m
[7.946s] [35m[1mScanning dependencies of target camera_calibration_parsers-parse_yml[0m
[7.974s] [ 78%] [32mBuilding CXX object CMakeFiles/camera_calibration_parsers-parse_ini.dir/test/test_parse_ini.cpp.o[0m
[7.979s] [ 85%] [32mBuilding CXX object CMakeFiles/camera_calibration_parsers-parse_yml.dir/test/test_parse_yml.cpp.o[0m
[9.176s] [ 92%] [32m[1mLinking CXX executable camera_calibration_parsers-parse_ini[0m
[9.493s] [ 92%] Built target camera_calibration_parsers-parse_ini
[9.589s] [100%] [32m[1mLinking CXX executable camera_calibration_parsers-parse_yml[0m
[9.930s] [100%] Built target camera_calibration_parsers-parse_yml
[9.945s] Invoked command in '/home/nikhil/nourish_ws/build/camera_calibration_parsers' returned '0': /usr/bin/cmake --build /home/nikhil/nourish_ws/build/camera_calibration_parsers -- -j12 -l12
[10.001s] Invoking command in '/home/nikhil/nourish_ws/build/camera_calibration_parsers': /usr/bin/cmake --build /home/nikhil/nourish_ws/build/camera_calibration_parsers --target install -- -j12 -l12
[10.094s] [ 14%] Built target gtest
[10.094s] [ 28%] Built target gtest_main
[10.102s] [ 57%] Built target camera_calibration_parsers
[10.137s] [ 71%] Built target camera_calibration_parsers-parse_ini
[10.138s] [ 85%] Built target convert
[10.144s] [100%] Built target camera_calibration_parsers-parse_yml
[10.173s] [36mInstall the project...[0m
[10.188s] -- Install configuration: ""
[10.189s] -- Installing: /home/nikhil/nourish_ws/install/camera_calibration_parsers/lib/libcamera_calibration_parsers.so
[10.190s] -- Set runtime path of "/home/nikhil/nourish_ws/install/camera_calibration_parsers/lib/libcamera_calibration_parsers.so" to ""
[10.190s] -- Installing: /home/nikhil/nourish_ws/install/camera_calibration_parsers/lib/camera_calibration_parsers/convert
[10.191s] -- Set runtime path of "/home/nikhil/nourish_ws/install/camera_calibration_parsers/lib/camera_calibration_parsers/convert" to ""
[10.191s] -- Installing: /home/nikhil/nourish_ws/install/camera_calibration_parsers/include
[10.191s] -- Installing: /home/nikhil/nourish_ws/install/camera_calibration_parsers/include/camera_calibration_parsers
[10.191s] -- Installing: /home/nikhil/nourish_ws/install/camera_calibration_parsers/include/camera_calibration_parsers/parse_yml.h
[10.192s] -- Installing: /home/nikhil/nourish_ws/install/camera_calibration_parsers/include/camera_calibration_parsers/visibility_control.hpp
[10.192s] -- Installing: /home/nikhil/nourish_ws/install/camera_calibration_parsers/include/camera_calibration_parsers/parse.h
[10.192s] -- Installing: /home/nikhil/nourish_ws/install/camera_calibration_parsers/include/camera_calibration_parsers/parse_ini.h
[10.192s] -- Installing: /home/nikhil/nourish_ws/install/camera_calibration_parsers/include/camera_calibration_parsers/impl
[10.192s] -- Installing: /home/nikhil/nourish_ws/install/camera_calibration_parsers/include/camera_calibration_parsers/impl/split.hpp
[10.192s] -- Installing: /home/nikhil/nourish_ws/install/camera_calibration_parsers/include/camera_calibration_parsers/impl/filesystem_helper.hpp
[10.193s] -- Installing: /home/nikhil/nourish_ws/install/camera_calibration_parsers/share/camera_calibration_parsers/environment/library_path.sh
[10.193s] -- Installing: /home/nikhil/nourish_ws/install/camera_calibration_parsers/share/ament_index/resource_index/package_run_dependencies/camera_calibration_parsers
[10.193s] -- Installing: /home/nikhil/nourish_ws/install/camera_calibration_parsers/share/ament_index/resource_index/parent_prefix_path/camera_calibration_parsers
[10.193s] -- Installing: /home/nikhil/nourish_ws/install/camera_calibration_parsers/share/camera_calibration_parsers/environment/ament_prefix_path.sh
[10.193s] -- Installing: /home/nikhil/nourish_ws/install/camera_calibration_parsers/share/camera_calibration_parsers/environment/path.sh
[10.194s] -- Installing: /home/nikhil/nourish_ws/install/camera_calibration_parsers/share/camera_calibration_parsers/local_setup.bash
[10.194s] -- Installing: /home/nikhil/nourish_ws/install/camera_calibration_parsers/share/camera_calibration_parsers/local_setup.sh
[10.194s] -- Installing: /home/nikhil/nourish_ws/install/camera_calibration_parsers/share/camera_calibration_parsers/local_setup.zsh
[10.194s] -- Installing: /home/nikhil/nourish_ws/install/camera_calibration_parsers/share/ament_index/resource_index/packages/camera_calibration_parsers
[10.194s] -- Installing: /home/nikhil/nourish_ws/install/camera_calibration_parsers/share/camera_calibration_parsers/cmake/ament_cmake_export_include_directories-extras.cmake
[10.194s] -- Installing: /home/nikhil/nourish_ws/install/camera_calibration_parsers/share/camera_calibration_parsers/cmake/ament_cmake_export_libraries-extras.cmake
[10.195s] -- Installing: /home/nikhil/nourish_ws/install/camera_calibration_parsers/share/camera_calibration_parsers/cmake/ament_cmake_export_dependencies-extras.cmake
[10.195s] -- Installing: /home/nikhil/nourish_ws/install/camera_calibration_parsers/share/camera_calibration_parsers/cmake/camera_calibration_parsersConfig.cmake
[10.195s] -- Installing: /home/nikhil/nourish_ws/install/camera_calibration_parsers/share/camera_calibration_parsers/cmake/camera_calibration_parsersConfig-version.cmake
[10.195s] -- Installing: /home/nikhil/nourish_ws/install/camera_calibration_parsers/share/camera_calibration_parsers/package.xml
[10.201s] Invoked command in '/home/nikhil/nourish_ws/build/camera_calibration_parsers' returned '0': /usr/bin/cmake --build /home/nikhil/nourish_ws/build/camera_calibration_parsers --target install -- -j12 -l12
