[0.113s] [  2%] Built target multi_camera_plugin
[0.119s] [  4%] Built target gazebo_ros_template
[0.122s] [  9%] Built target gazebo_ros_vacuum_gripper
[0.123s] [  9%] Built target gazebo_ros_joint_pose_trajectory
[0.123s] [ 11%] Built target gazebo_ros_force
[0.124s] [ 13%] Built target gazebo_ros_projector
[0.124s] [ 16%] Built target gazebo_ros_joint_state_publisher
[0.124s] [ 18%] Built target gazebo_ros_bumper
[0.125s] [ 20%] Built target gazebo_ros_hand_of_god
[0.126s] [ 23%] Built target gazebo_ros_planar_move
[0.132s] [ 25%] Built target gazebo_ros_diff_drive
[0.134s] [ 27%] Built target gazebo_ros_ackermann_drive
[0.174s] [ 30%] Built target gtest
[0.185s] [ 32%] Built target gazebo_ros_elevator
[0.188s] [ 34%] Built target gazebo_ros_ray_sensor
[0.192s] [ 37%] Built target gazebo_ros_depth_camera
[0.193s] [ 39%] Built target gazebo_ros_harness
[0.194s] [ 41%] Built target gazebo_ros_video
[0.196s] [ 44%] Built target gazebo_ros_multi_camera
[0.198s] [ 46%] Built target gazebo_ros_imu_sensor
[0.199s] [ 48%] Built target gazebo_ros_p3d
[0.200s] [ 51%] Built target gazebo_ros_gps_sensor
[0.201s] [ 53%] Built target gazebo_ros_ft_sensor
[0.204s] [ 55%] Built target gazebo_ros_tricycle_drive
[0.207s] [ 58%] Built target gtest_main
[0.266s] [ 60%] Built target gazebo_ros_camera
[0.284s] [ 62%] Built target test_gazebo_ros_vacuum_gripper
[0.287s] [ 68%] Built target test_gazebo_ros_force
[0.288s] [ 68%] Built target test_gazebo_ros_harness
[0.288s] [ 72%] Built target test_gazebo_ros_ft_sensor
[0.288s] [ 69%] Built target test_gazebo_ros_elevator
[0.289s] [ 74%] Built target test_gazebo_ros_ackermann_drive
[0.290s] [ 77%] Built target test_gazebo_ros_hand_of_god
[0.290s] [ 79%] Built target test_gazebo_ros_gps_sensor
[0.291s] [ 81%] Built target test_gazebo_ros_joint_pose_trajectory
[0.292s] [ 86%] Built target test_gazebo_ros_diff_drive
[0.292s] [ 86%] Built target test_gazebo_ros_imu_sensor
[0.336s] [ 88%] Built target test_gazebo_ros_planar_move
[0.343s] [ 90%] Built target test_gazebo_ros_joint_state_publisher
[0.343s] [ 95%] Built target test_gazebo_ros_p3d
[0.343s] [ 95%] Built target test_gazebo_ros_tricycle_drive
[0.347s] [ 97%] Built target test_gazebo_ros_bumper
[0.350s] [100%] Built target test_gazebo_ros_ray_sensor
[0.655s] [  2%] Built target multi_camera_plugin
[0.662s] [  4%] Built target gazebo_ros_template
[0.663s] [  6%] Built target gazebo_ros_projector
[0.664s] [ 11%] Built target gazebo_ros_joint_pose_trajectory
[0.664s] [ 11%] Built target gazebo_ros_force
[0.664s] [ 13%] Built target gazebo_ros_vacuum_gripper
[0.666s] [ 16%] Built target gazebo_ros_joint_state_publisher
[0.668s] [ 18%] Built target gazebo_ros_bumper
[0.670s] [ 20%] Built target gazebo_ros_diff_drive
[0.670s] [ 23%] Built target gazebo_ros_planar_move
[0.672s] [ 27%] Built target gazebo_ros_hand_of_god
[0.672s] [ 27%] Built target gazebo_ros_ackermann_drive
[0.708s] [ 30%] Built target gtest
[0.722s] [ 32%] Built target gazebo_ros_elevator
[0.725s] [ 34%] Built target gazebo_ros_ray_sensor
[0.732s] [ 37%] Built target gazebo_ros_multi_camera
[0.732s] [ 39%] Built target gazebo_ros_gps_sensor
[0.733s] [ 44%] Built target gazebo_ros_depth_camera
[0.733s] [ 44%] Built target gazebo_ros_imu_sensor
[0.734s] [ 46%] Built target gazebo_ros_harness
[0.735s] [ 48%] Built target gazebo_ros_video
[0.737s] [ 51%] Built target gazebo_ros_ft_sensor
[0.739s] [ 53%] Built target gazebo_ros_p3d
[0.739s] [ 55%] Built target gtest_main
[0.744s] [ 58%] Built target gazebo_ros_tricycle_drive
[0.810s] [ 60%] Built target gazebo_ros_camera
[0.818s] [ 65%] Built target test_gazebo_ros_vacuum_gripper
[0.818s] [ 65%] Built target test_gazebo_ros_force
[0.819s] [ 67%] Built target test_gazebo_ros_ackermann_drive
[0.820s] [ 69%] Built target test_gazebo_ros_elevator
[0.820s] [ 72%] Built target test_gazebo_ros_joint_pose_trajectory
[0.821s] [ 74%] Built target test_gazebo_ros_diff_drive
[0.821s] [ 76%] Built target test_gazebo_ros_ft_sensor
[0.824s] [ 79%] Built target test_gazebo_ros_hand_of_god
[0.824s] [ 81%] Built target test_gazebo_ros_harness
[0.825s] [ 83%] Built target test_gazebo_ros_imu_sensor
[0.828s] [ 86%] Built target test_gazebo_ros_gps_sensor
[0.873s] [ 88%] Built target test_gazebo_ros_tricycle_drive
[0.875s] [ 90%] Built target test_gazebo_ros_joint_state_publisher
[0.876s] [ 93%] Built target test_gazebo_ros_planar_move
[0.879s] [ 95%] Built target test_gazebo_ros_p3d
[0.882s] [ 97%] Built target test_gazebo_ros_bumper
[0.884s] [100%] Built target test_gazebo_ros_ray_sensor
[0.904s] [36mInstall the project...[0m
[0.912s] -- Install configuration: ""
[0.913s] -- Up-to-date: /home/nikhil/nourish_ws/install/gazebo_plugins/share/gazebo_plugins/environment/library_path.sh
[0.913s] -- Up-to-date: /home/nikhil/nourish_ws/install/gazebo_plugins/share/gazebo_plugins/environment/gazebo_plugins.sh
[0.913s] -- Up-to-date: /home/nikhil/nourish_ws/install/gazebo_plugins/share/ament_index/resource_index/package_run_dependencies/gazebo_plugins
[0.913s] -- Up-to-date: /home/nikhil/nourish_ws/install/gazebo_plugins/share/ament_index/resource_index/parent_prefix_path/gazebo_plugins
[0.913s] -- Up-to-date: /home/nikhil/nourish_ws/install/gazebo_plugins/share/gazebo_plugins/environment/ament_prefix_path.sh
[0.913s] -- Up-to-date: /home/nikhil/nourish_ws/install/gazebo_plugins/share/gazebo_plugins/environment/path.sh
[0.913s] -- Up-to-date: /home/nikhil/nourish_ws/install/gazebo_plugins/share/gazebo_plugins/local_setup.bash
[0.913s] -- Up-to-date: /home/nikhil/nourish_ws/install/gazebo_plugins/share/gazebo_plugins/local_setup.sh
[0.914s] -- Up-to-date: /home/nikhil/nourish_ws/install/gazebo_plugins/share/gazebo_plugins/local_setup.zsh
[0.914s] -- Up-to-date: /home/nikhil/nourish_ws/install/gazebo_plugins/share/ament_index/resource_index/packages/gazebo_plugins
[0.914s] -- Up-to-date: /home/nikhil/nourish_ws/install/gazebo_plugins/share/gazebo_plugins/cmake/ament_cmake_export_libraries-extras.cmake
[0.914s] -- Up-to-date: /home/nikhil/nourish_ws/install/gazebo_plugins/share/gazebo_plugins/cmake/ament_cmake_export_include_directories-extras.cmake
[0.914s] -- Up-to-date: /home/nikhil/nourish_ws/install/gazebo_plugins/share/gazebo_plugins/cmake/ament_cmake_export_dependencies-extras.cmake
[0.914s] -- Up-to-date: /home/nikhil/nourish_ws/install/gazebo_plugins/share/gazebo_plugins/cmake/gazebo_pluginsConfig.cmake
[0.914s] -- Up-to-date: /home/nikhil/nourish_ws/install/gazebo_plugins/share/gazebo_plugins/cmake/gazebo_pluginsConfig-version.cmake
[0.914s] -- Up-to-date: /home/nikhil/nourish_ws/install/gazebo_plugins/share/gazebo_plugins/package.xml
[0.914s] -- Up-to-date: /home/nikhil/nourish_ws/install/gazebo_plugins/include
[0.914s] -- Up-to-date: /home/nikhil/nourish_ws/install/gazebo_plugins/include/gazebo_plugins
[0.914s] -- Up-to-date: /home/nikhil/nourish_ws/install/gazebo_plugins/include/gazebo_plugins/gazebo_ros_vacuum_gripper.hpp
[0.914s] -- Up-to-date: /home/nikhil/nourish_ws/install/gazebo_plugins/include/gazebo_plugins/gazebo_ros_bumper.hpp
[0.914s] -- Up-to-date: /home/nikhil/nourish_ws/install/gazebo_plugins/include/gazebo_plugins/gazebo_ros_ray_sensor.hpp
[0.914s] -- Up-to-date: /home/nikhil/nourish_ws/install/gazebo_plugins/include/gazebo_plugins/gazebo_ros_p3d.hpp
[0.914s] -- Up-to-date: /home/nikhil/nourish_ws/install/gazebo_plugins/include/gazebo_plugins/gazebo_ros_gps_sensor.hpp
[0.914s] -- Up-to-date: /home/nikhil/nourish_ws/install/gazebo_plugins/include/gazebo_plugins/gazebo_ros_joint_pose_trajectory.hpp
[0.915s] -- Up-to-date: /home/nikhil/nourish_ws/install/gazebo_plugins/include/gazebo_plugins/gazebo_ros_ft_sensor.hpp
[0.915s] -- Up-to-date: /home/nikhil/nourish_ws/install/gazebo_plugins/include/gazebo_plugins/gazebo_ros_template.hpp
[0.915s] -- Up-to-date: /home/nikhil/nourish_ws/install/gazebo_plugins/include/gazebo_plugins/gazebo_ros_tricycle_drive.hpp
[0.915s] -- Up-to-date: /home/nikhil/nourish_ws/install/gazebo_plugins/include/gazebo_plugins/gazebo_ros_force.hpp
[0.915s] -- Up-to-date: /home/nikhil/nourish_ws/install/gazebo_plugins/include/gazebo_plugins/gazebo_ros_camera.hpp
[0.915s] -- Up-to-date: /home/nikhil/nourish_ws/install/gazebo_plugins/include/gazebo_plugins/gazebo_ros_imu_sensor.hpp
[0.915s] -- Up-to-date: /home/nikhil/nourish_ws/install/gazebo_plugins/include/gazebo_plugins/gazebo_ros_projector.hpp
[0.915s] -- Up-to-date: /home/nikhil/nourish_ws/install/gazebo_plugins/include/gazebo_plugins/gazebo_ros_planar_move.hpp
[0.915s] -- Up-to-date: /home/nikhil/nourish_ws/install/gazebo_plugins/include/gazebo_plugins/gazebo_ros_ackermann_drive.hpp
[0.915s] -- Up-to-date: /home/nikhil/nourish_ws/install/gazebo_plugins/include/gazebo_plugins/gazebo_ros_joint_state_publisher.hpp
[0.915s] -- Up-to-date: /home/nikhil/nourish_ws/install/gazebo_plugins/include/gazebo_plugins/gazebo_ros_video.hpp
[0.915s] -- Up-to-date: /home/nikhil/nourish_ws/install/gazebo_plugins/include/gazebo_plugins/gazebo_ros_elevator.hpp
[0.915s] -- Up-to-date: /home/nikhil/nourish_ws/install/gazebo_plugins/include/gazebo_plugins/gazebo_ros_diff_drive.hpp
[0.915s] -- Up-to-date: /home/nikhil/nourish_ws/install/gazebo_plugins/include/gazebo_plugins/gazebo_ros_harness.hpp
[0.915s] -- Up-to-date: /home/nikhil/nourish_ws/install/gazebo_plugins/include/gazebo_plugins/gazebo_ros_hand_of_god.hpp
[0.915s] -- Up-to-date: /home/nikhil/nourish_ws/install/gazebo_plugins/include/gazebo_plugins/multi_camera_plugin.hpp
[0.916s] -- Up-to-date: /home/nikhil/nourish_ws/install/gazebo_plugins/lib/libgazebo_ros_ackermann_drive.so
[0.916s] -- Up-to-date: /home/nikhil/nourish_ws/install/gazebo_plugins/lib/libgazebo_ros_bumper.so
[0.916s] -- Up-to-date: /home/nikhil/nourish_ws/install/gazebo_plugins/lib/libgazebo_ros_camera.so
[0.916s] -- Up-to-date: /home/nikhil/nourish_ws/install/gazebo_plugins/lib/libgazebo_ros_depth_camera.so
[0.916s] -- Up-to-date: /home/nikhil/nourish_ws/install/gazebo_plugins/lib/libgazebo_ros_diff_drive.so
[0.916s] -- Up-to-date: /home/nikhil/nourish_ws/install/gazebo_plugins/lib/libgazebo_ros_elevator.so
[0.916s] -- Up-to-date: /home/nikhil/nourish_ws/install/gazebo_plugins/lib/libgazebo_ros_force.so
[0.916s] -- Up-to-date: /home/nikhil/nourish_ws/install/gazebo_plugins/lib/libgazebo_ros_ft_sensor.so
[0.916s] -- Up-to-date: /home/nikhil/nourish_ws/install/gazebo_plugins/lib/libgazebo_ros_hand_of_god.so
[0.917s] -- Up-to-date: /home/nikhil/nourish_ws/install/gazebo_plugins/lib/libgazebo_ros_harness.so
[0.917s] -- Up-to-date: /home/nikhil/nourish_ws/install/gazebo_plugins/lib/libgazebo_ros_imu_sensor.so
[0.917s] -- Up-to-date: /home/nikhil/nourish_ws/install/gazebo_plugins/lib/libgazebo_ros_gps_sensor.so
[0.918s] -- Up-to-date: /home/nikhil/nourish_ws/install/gazebo_plugins/lib/libgazebo_ros_joint_pose_trajectory.so
[0.918s] -- Up-to-date: /home/nikhil/nourish_ws/install/gazebo_plugins/lib/libgazebo_ros_joint_state_publisher.so
[0.918s] -- Up-to-date: /home/nikhil/nourish_ws/install/gazebo_plugins/lib/libgazebo_ros_multi_camera.so
[0.919s] -- Up-to-date: /home/nikhil/nourish_ws/install/gazebo_plugins/lib/libgazebo_ros_planar_move.so
[0.919s] -- Up-to-date: /home/nikhil/nourish_ws/install/gazebo_plugins/lib/libgazebo_ros_projector.so
[0.919s] -- Up-to-date: /home/nikhil/nourish_ws/install/gazebo_plugins/lib/libgazebo_ros_ray_sensor.so
[0.920s] -- Up-to-date: /home/nikhil/nourish_ws/install/gazebo_plugins/lib/libgazebo_ros_p3d.so
[0.920s] -- Up-to-date: /home/nikhil/nourish_ws/install/gazebo_plugins/lib/libgazebo_ros_template.so
[0.920s] -- Up-to-date: /home/nikhil/nourish_ws/install/gazebo_plugins/lib/libgazebo_ros_tricycle_drive.so
[0.921s] -- Up-to-date: /home/nikhil/nourish_ws/install/gazebo_plugins/lib/libgazebo_ros_vacuum_gripper.so
[0.921s] -- Up-to-date: /home/nikhil/nourish_ws/install/gazebo_plugins/lib/libgazebo_ros_video.so
[0.921s] -- Up-to-date: /home/nikhil/nourish_ws/install/gazebo_plugins/lib/libmulti_camera_plugin.so
[0.922s] -- Up-to-date: /home/nikhil/nourish_ws/install/gazebo_plugins/share/gazebo_plugins//worlds
[0.922s] -- Up-to-date: /home/nikhil/nourish_ws/install/gazebo_plugins/share/gazebo_plugins//worlds/gazebo_ros_planar_move_demo.world
[0.922s] -- Up-to-date: /home/nikhil/nourish_ws/install/gazebo_plugins/share/gazebo_plugins//worlds/gazebo_ros_harness_demo.world
[0.922s] -- Up-to-date: /home/nikhil/nourish_ws/install/gazebo_plugins/share/gazebo_plugins//worlds/gazebo_ros_elevator_demo.world
[0.922s] -- Up-to-date: /home/nikhil/nourish_ws/install/gazebo_plugins/share/gazebo_plugins//worlds/gazebo_ros_template_demo.world
[0.922s] -- Up-to-date: /home/nikhil/nourish_ws/install/gazebo_plugins/share/gazebo_plugins//worlds/gazebo_ros_camera_demo.world
[0.923s] -- Up-to-date: /home/nikhil/nourish_ws/install/gazebo_plugins/share/gazebo_plugins//worlds/gazebo_ros_skid_steer_drive_demo.world
[0.923s] -- Up-to-date: /home/nikhil/nourish_ws/install/gazebo_plugins/share/gazebo_plugins//worlds/gazebo_ros_video_demo.world
[0.923s] -- Up-to-date: /home/nikhil/nourish_ws/install/gazebo_plugins/share/gazebo_plugins//worlds/gazebo_ros_camera_distortion_pincushion_demo.world
[0.923s] -- Up-to-date: /home/nikhil/nourish_ws/install/gazebo_plugins/share/gazebo_plugins//worlds/gazebo_ros_ray_sensor_demo.world
[0.923s] -- Up-to-date: /home/nikhil/nourish_ws/install/gazebo_plugins/share/gazebo_plugins//worlds/gazebo_ros_camera_distortion_barrel_demo.world
[0.923s] -- Up-to-date: /home/nikhil/nourish_ws/install/gazebo_plugins/share/gazebo_plugins//worlds/gazebo_ros_diff_drive_demo.world
[0.923s] -- Up-to-date: /home/nikhil/nourish_ws/install/gazebo_plugins/share/gazebo_plugins//worlds/gazebo_ros_ft_sensor_demo.world
[0.923s] -- Up-to-date: /home/nikhil/nourish_ws/install/gazebo_plugins/share/gazebo_plugins//worlds/gazebo_ros_bumper_demo.world
[0.923s] -- Up-to-date: /home/nikhil/nourish_ws/install/gazebo_plugins/share/gazebo_plugins//worlds/gazebo_ros_joint_state_publisher_demo.world
[0.923s] -- Up-to-date: /home/nikhil/nourish_ws/install/gazebo_plugins/share/gazebo_plugins//worlds/gazebo_ros_depth_camera_demo.world
[0.923s] -- Up-to-date: /home/nikhil/nourish_ws/install/gazebo_plugins/share/gazebo_plugins//worlds/gazebo_ros_gps_sensor_demo.world
[0.923s] -- Up-to-date: /home/nikhil/nourish_ws/install/gazebo_plugins/share/gazebo_plugins//worlds/gazebo_ros_force_demo.world
[0.923s] -- Up-to-date: /home/nikhil/nourish_ws/install/gazebo_plugins/share/gazebo_plugins//worlds/gazebo_ros_multi_camera_demo.world
[0.923s] -- Up-to-date: /home/nikhil/nourish_ws/install/gazebo_plugins/share/gazebo_plugins//worlds/gazebo_ros_vacuum_gripper_demo.world
[0.923s] -- Up-to-date: /home/nikhil/nourish_ws/install/gazebo_plugins/share/gazebo_plugins//worlds/gazebo_ros_ackermann_drive_demo.world
[0.923s] -- Up-to-date: /home/nikhil/nourish_ws/install/gazebo_plugins/share/gazebo_plugins//worlds/gazebo_ros_p3d_demo.world
[0.923s] -- Up-to-date: /home/nikhil/nourish_ws/install/gazebo_plugins/share/gazebo_plugins//worlds/gazebo_ros_tricycle_drive_demo.world
[0.924s] -- Up-to-date: /home/nikhil/nourish_ws/install/gazebo_plugins/share/gazebo_plugins//worlds/gazebo_ros_camera_triggered_demo.world
[0.924s] -- Up-to-date: /home/nikhil/nourish_ws/install/gazebo_plugins/share/gazebo_plugins//worlds/gazebo_ros_projector_demo.world
[0.924s] -- Up-to-date: /home/nikhil/nourish_ws/install/gazebo_plugins/share/gazebo_plugins//worlds/gazebo_ros_hand_of_god_demo.world
[0.924s] -- Up-to-date: /home/nikhil/nourish_ws/install/gazebo_plugins/share/gazebo_plugins//worlds/gazebo_ros_joint_pose_trajectory_demo.world
