[0.129s] DEBUG:colcon:Command line arguments: ['/usr/bin/colcon', 'build']
[0.129s] DEBUG:colcon:Parsed command line arguments: Namespace(ament_cmake_args=None, base_paths=['.'], build_base='build', catkin_cmake_args=None, catkin_skip_building_tests=False, cmake_args=None, cmake_clean_cache=False, cmake_clean_first=False, cmake_force_configure=False, cmake_target=None, cmake_target_skip_unavailable=False, continue_on_error=False, event_handlers=None, executor='parallel', ignore_user_meta=False, install_base='install', log_base=None, log_level=None, main=<bound method BuildVerb.main of <colcon_core.verb.build.BuildVerb object at 0x7f73b79bc978>>, merge_install=False, metas=['./colcon.meta'], packages_above=None, packages_above_depth=None, packages_end=None, packages_ignore=None, packages_ignore_regex=None, packages_select=None, packages_select_build_failed=False, packages_select_by_dep=None, packages_select_regex=None, packages_select_test_failures=False, packages_skip=None, packages_skip_build_finished=False, packages_skip_by_dep=None, packages_skip_regex=None, packages_skip_test_passed=False, packages_skip_up_to=None, packages_start=None, packages_up_to=None, parallel_workers=12, paths=None, symlink_install=False, test_result_base=None, verb_extension=<colcon_core.verb.build.BuildVerb object at 0x7f73b79bc978>, verb_name='build', verb_parser=<colcon_defaults.argument_parser.defaults.DefaultArgumentsDecorator object at 0x7f73b79bccc0>)
[0.159s] Level 1:colcon.colcon_core.package_discovery:discover_packages(colcon_meta) check parameters
[0.159s] Level 1:colcon.colcon_core.package_discovery:discover_packages(recursive) check parameters
[0.159s] Level 1:colcon.colcon_core.package_discovery:discover_packages(ignore) check parameters
[0.159s] Level 1:colcon.colcon_core.package_discovery:discover_packages(path) check parameters
[0.159s] Level 1:colcon.colcon_core.package_discovery:discover_packages(colcon_meta) discover
[0.160s] Level 1:colcon.colcon_core.package_discovery:discover_packages(recursive) discover
[0.160s] INFO:colcon.colcon_core.package_discovery:Crawling recursively for packages in '/home/nikhil/nourish_ws'
[0.160s] Level 1:colcon.colcon_core.package_identification:_identify(.) by extensions ['ignore', 'ignore_ament_install']
[0.160s] Level 1:colcon.colcon_core.package_identification:_identify(.) by extension 'ignore'
[0.160s] Level 1:colcon.colcon_core.package_identification:_identify(.) by extension 'ignore_ament_install'
[0.160s] Level 1:colcon.colcon_core.package_identification:_identify(.) by extensions ['colcon_pkg']
[0.160s] Level 1:colcon.colcon_core.package_identification:_identify(.) by extension 'colcon_pkg'
[0.160s] Level 1:colcon.colcon_core.package_identification:_identify(.) by extensions ['colcon_meta']
[0.160s] Level 1:colcon.colcon_core.package_identification:_identify(.) by extension 'colcon_meta'
[0.160s] Level 1:colcon.colcon_core.package_identification:_identify(.) by extensions ['ros']
[0.160s] Level 1:colcon.colcon_core.package_identification:_identify(.) by extension 'ros'
[0.170s] Level 1:colcon.colcon_core.package_identification:_identify(.) by extensions ['cmake', 'python']
[0.170s] Level 1:colcon.colcon_core.package_identification:_identify(.) by extension 'cmake'
[0.170s] Level 1:colcon.colcon_core.package_identification:_identify(.) by extension 'python'
[0.170s] Level 1:colcon.colcon_core.package_identification:_identify(.) by extensions ['python_setup_py']
[0.170s] Level 1:colcon.colcon_core.package_identification:_identify(.) by extension 'python_setup_py'
[0.170s] Level 1:colcon.colcon_core.package_identification:_identify(build) by extensions ['ignore', 'ignore_ament_install']
[0.171s] Level 1:colcon.colcon_core.package_identification:_identify(build) by extension 'ignore'
[0.171s] Level 1:colcon.colcon_core.package_identification:_identify(build) ignored
[0.171s] Level 1:colcon.colcon_core.package_identification:_identify(install) by extensions ['ignore', 'ignore_ament_install']
[0.171s] Level 1:colcon.colcon_core.package_identification:_identify(install) by extension 'ignore'
[0.171s] Level 1:colcon.colcon_core.package_identification:_identify(install) ignored
[0.171s] Level 1:colcon.colcon_core.package_identification:_identify(log) by extensions ['ignore', 'ignore_ament_install']
[0.171s] Level 1:colcon.colcon_core.package_identification:_identify(log) by extension 'ignore'
[0.171s] Level 1:colcon.colcon_core.package_identification:_identify(log) ignored
[0.171s] Level 1:colcon.colcon_core.package_identification:_identify(src) by extensions ['ignore', 'ignore_ament_install']
[0.171s] Level 1:colcon.colcon_core.package_identification:_identify(src) by extension 'ignore'
[0.171s] Level 1:colcon.colcon_core.package_identification:_identify(src) by extension 'ignore_ament_install'
[0.171s] Level 1:colcon.colcon_core.package_identification:_identify(src) by extensions ['colcon_pkg']
[0.172s] Level 1:colcon.colcon_core.package_identification:_identify(src) by extension 'colcon_pkg'
[0.172s] Level 1:colcon.colcon_core.package_identification:_identify(src) by extensions ['colcon_meta']
[0.172s] Level 1:colcon.colcon_core.package_identification:_identify(src) by extension 'colcon_meta'
[0.172s] Level 1:colcon.colcon_core.package_identification:_identify(src) by extensions ['ros']
[0.172s] Level 1:colcon.colcon_core.package_identification:_identify(src) by extension 'ros'
[0.172s] Level 1:colcon.colcon_core.package_identification:_identify(src) by extensions ['cmake', 'python']
[0.172s] Level 1:colcon.colcon_core.package_identification:_identify(src) by extension 'cmake'
[0.172s] Level 1:colcon.colcon_core.package_identification:_identify(src) by extension 'python'
[0.172s] Level 1:colcon.colcon_core.package_identification:_identify(src) by extensions ['python_setup_py']
[0.172s] Level 1:colcon.colcon_core.package_identification:_identify(src) by extension 'python_setup_py'
[0.172s] Level 1:colcon.colcon_core.package_identification:_identify(src/dcb_gazebo) by extensions ['ignore', 'ignore_ament_install']
[0.172s] Level 1:colcon.colcon_core.package_identification:_identify(src/dcb_gazebo) by extension 'ignore'
[0.172s] Level 1:colcon.colcon_core.package_identification:_identify(src/dcb_gazebo) by extension 'ignore_ament_install'
[0.172s] Level 1:colcon.colcon_core.package_identification:_identify(src/dcb_gazebo) by extensions ['colcon_pkg']
[0.172s] Level 1:colcon.colcon_core.package_identification:_identify(src/dcb_gazebo) by extension 'colcon_pkg'
[0.172s] Level 1:colcon.colcon_core.package_identification:_identify(src/dcb_gazebo) by extensions ['colcon_meta']
[0.172s] Level 1:colcon.colcon_core.package_identification:_identify(src/dcb_gazebo) by extension 'colcon_meta'
[0.172s] Level 1:colcon.colcon_core.package_identification:_identify(src/dcb_gazebo) by extensions ['ros']
[0.172s] Level 1:colcon.colcon_core.package_identification:_identify(src/dcb_gazebo) by extension 'ros'
[0.174s] DEBUG:colcon.colcon_core.package_identification:Package 'src/dcb_gazebo' with type 'ros.ament_cmake' and name 'dolly_gazebo'
[0.174s] Level 1:colcon.colcon_core.package_identification:_identify(src/dcb_plugin) by extensions ['ignore', 'ignore_ament_install']
[0.174s] Level 1:colcon.colcon_core.package_identification:_identify(src/dcb_plugin) by extension 'ignore'
[0.174s] Level 1:colcon.colcon_core.package_identification:_identify(src/dcb_plugin) by extension 'ignore_ament_install'
[0.174s] Level 1:colcon.colcon_core.package_identification:_identify(src/dcb_plugin) by extensions ['colcon_pkg']
[0.174s] Level 1:colcon.colcon_core.package_identification:_identify(src/dcb_plugin) by extension 'colcon_pkg'
[0.174s] Level 1:colcon.colcon_core.package_identification:_identify(src/dcb_plugin) by extensions ['colcon_meta']
[0.174s] Level 1:colcon.colcon_core.package_identification:_identify(src/dcb_plugin) by extension 'colcon_meta'
[0.174s] Level 1:colcon.colcon_core.package_identification:_identify(src/dcb_plugin) by extensions ['ros']
[0.174s] Level 1:colcon.colcon_core.package_identification:_identify(src/dcb_plugin) by extension 'ros'
[0.175s] Level 1:colcon.colcon_core.package_identification:_identify(src/dcb_plugin) by extensions ['cmake', 'python']
[0.175s] Level 1:colcon.colcon_core.package_identification:_identify(src/dcb_plugin) by extension 'cmake'
[0.175s] Level 1:colcon.colcon_core.package_identification:_identify(src/dcb_plugin) by extension 'python'
[0.175s] Level 1:colcon.colcon_core.package_identification:_identify(src/dcb_plugin) by extensions ['python_setup_py']
[0.175s] Level 1:colcon.colcon_core.package_identification:_identify(src/dcb_plugin) by extension 'python_setup_py'
[0.175s] Level 1:colcon.colcon_core.package_identification:_identify(src/ros2-bbox-juice-machine) by extensions ['ignore', 'ignore_ament_install']
[0.175s] Level 1:colcon.colcon_core.package_identification:_identify(src/ros2-bbox-juice-machine) by extension 'ignore'
[0.175s] Level 1:colcon.colcon_core.package_identification:_identify(src/ros2-bbox-juice-machine) by extension 'ignore_ament_install'
[0.175s] Level 1:colcon.colcon_core.package_identification:_identify(src/ros2-bbox-juice-machine) by extensions ['colcon_pkg']
[0.175s] Level 1:colcon.colcon_core.package_identification:_identify(src/ros2-bbox-juice-machine) by extension 'colcon_pkg'
[0.175s] Level 1:colcon.colcon_core.package_identification:_identify(src/ros2-bbox-juice-machine) by extensions ['colcon_meta']
[0.175s] Level 1:colcon.colcon_core.package_identification:_identify(src/ros2-bbox-juice-machine) by extension 'colcon_meta'
[0.175s] Level 1:colcon.colcon_core.package_identification:_identify(src/ros2-bbox-juice-machine) by extensions ['ros']
[0.175s] Level 1:colcon.colcon_core.package_identification:_identify(src/ros2-bbox-juice-machine) by extension 'ros'
[0.175s] Level 1:colcon.colcon_core.package_identification:_identify(src/ros2-bbox-juice-machine) by extensions ['cmake', 'python']
[0.175s] Level 1:colcon.colcon_core.package_identification:_identify(src/ros2-bbox-juice-machine) by extension 'cmake'
[0.175s] Level 1:colcon.colcon_core.package_identification:_identify(src/ros2-bbox-juice-machine) by extension 'python'
[0.175s] Level 1:colcon.colcon_core.package_identification:_identify(src/ros2-bbox-juice-machine) by extensions ['python_setup_py']
[0.175s] Level 1:colcon.colcon_core.package_identification:_identify(src/ros2-bbox-juice-machine) by extension 'python_setup_py'
[0.175s] Level 1:colcon.colcon_core.package_identification:_identify(src/ros2-bbox-juice-machine/juice_dcb) by extensions ['ignore', 'ignore_ament_install']
[0.176s] Level 1:colcon.colcon_core.package_identification:_identify(src/ros2-bbox-juice-machine/juice_dcb) by extension 'ignore'
[0.176s] Level 1:colcon.colcon_core.package_identification:_identify(src/ros2-bbox-juice-machine/juice_dcb) by extension 'ignore_ament_install'
[0.176s] Level 1:colcon.colcon_core.package_identification:_identify(src/ros2-bbox-juice-machine/juice_dcb) by extensions ['colcon_pkg']
[0.176s] Level 1:colcon.colcon_core.package_identification:_identify(src/ros2-bbox-juice-machine/juice_dcb) by extension 'colcon_pkg'
[0.176s] Level 1:colcon.colcon_core.package_identification:_identify(src/ros2-bbox-juice-machine/juice_dcb) by extensions ['colcon_meta']
[0.176s] Level 1:colcon.colcon_core.package_identification:_identify(src/ros2-bbox-juice-machine/juice_dcb) by extension 'colcon_meta'
[0.176s] Level 1:colcon.colcon_core.package_identification:_identify(src/ros2-bbox-juice-machine/juice_dcb) by extensions ['ros']
[0.176s] Level 1:colcon.colcon_core.package_identification:_identify(src/ros2-bbox-juice-machine/juice_dcb) by extension 'ros'
[0.176s] DEBUG:colcon.colcon_core.package_identification:Package 'src/ros2-bbox-juice-machine/juice_dcb' with type 'ros.ament_cmake' and name 'juice_dcb'
[0.176s] Level 1:colcon.colcon_core.package_identification:_identify(src/ros2-bbox-juice-machine/juice_spout) by extensions ['ignore', 'ignore_ament_install']
[0.177s] Level 1:colcon.colcon_core.package_identification:_identify(src/ros2-bbox-juice-machine/juice_spout) by extension 'ignore'
[0.177s] Level 1:colcon.colcon_core.package_identification:_identify(src/ros2-bbox-juice-machine/juice_spout) by extension 'ignore_ament_install'
[0.177s] Level 1:colcon.colcon_core.package_identification:_identify(src/ros2-bbox-juice-machine/juice_spout) by extensions ['colcon_pkg']
[0.177s] Level 1:colcon.colcon_core.package_identification:_identify(src/ros2-bbox-juice-machine/juice_spout) by extension 'colcon_pkg'
[0.177s] Level 1:colcon.colcon_core.package_identification:_identify(src/ros2-bbox-juice-machine/juice_spout) by extensions ['colcon_meta']
[0.177s] Level 1:colcon.colcon_core.package_identification:_identify(src/ros2-bbox-juice-machine/juice_spout) by extension 'colcon_meta'
[0.177s] Level 1:colcon.colcon_core.package_identification:_identify(src/ros2-bbox-juice-machine/juice_spout) by extensions ['ros']
[0.177s] Level 1:colcon.colcon_core.package_identification:_identify(src/ros2-bbox-juice-machine/juice_spout) by extension 'ros'
[0.177s] DEBUG:colcon.colcon_core.package_identification:Package 'src/ros2-bbox-juice-machine/juice_spout' with type 'ros.ament_cmake' and name 'juice_spout'
[0.177s] Level 1:colcon.colcon_core.package_identification:_identify(src/ros2-nourish-common-messages) by extensions ['ignore', 'ignore_ament_install']
[0.177s] Level 1:colcon.colcon_core.package_identification:_identify(src/ros2-nourish-common-messages) by extension 'ignore'
[0.178s] Level 1:colcon.colcon_core.package_identification:_identify(src/ros2-nourish-common-messages) by extension 'ignore_ament_install'
[0.178s] Level 1:colcon.colcon_core.package_identification:_identify(src/ros2-nourish-common-messages) by extensions ['colcon_pkg']
[0.178s] Level 1:colcon.colcon_core.package_identification:_identify(src/ros2-nourish-common-messages) by extension 'colcon_pkg'
[0.178s] Level 1:colcon.colcon_core.package_identification:_identify(src/ros2-nourish-common-messages) by extensions ['colcon_meta']
[0.178s] Level 1:colcon.colcon_core.package_identification:_identify(src/ros2-nourish-common-messages) by extension 'colcon_meta'
[0.178s] Level 1:colcon.colcon_core.package_identification:_identify(src/ros2-nourish-common-messages) by extensions ['ros']
[0.178s] Level 1:colcon.colcon_core.package_identification:_identify(src/ros2-nourish-common-messages) by extension 'ros'
[0.178s] Level 1:colcon.colcon_core.package_identification:_identify(src/ros2-nourish-common-messages) by extensions ['cmake', 'python']
[0.178s] Level 1:colcon.colcon_core.package_identification:_identify(src/ros2-nourish-common-messages) by extension 'cmake'
[0.178s] Level 1:colcon.colcon_core.package_identification:_identify(src/ros2-nourish-common-messages) by extension 'python'
[0.178s] Level 1:colcon.colcon_core.package_identification:_identify(src/ros2-nourish-common-messages) by extensions ['python_setup_py']
[0.178s] Level 1:colcon.colcon_core.package_identification:_identify(src/ros2-nourish-common-messages) by extension 'python_setup_py'
[0.178s] Level 1:colcon.colcon_core.package_identification:_identify(src/ros2-nourish-common-messages/juice_dcb_msgs) by extensions ['ignore', 'ignore_ament_install']
[0.178s] Level 1:colcon.colcon_core.package_identification:_identify(src/ros2-nourish-common-messages/juice_dcb_msgs) by extension 'ignore'
[0.178s] Level 1:colcon.colcon_core.package_identification:_identify(src/ros2-nourish-common-messages/juice_dcb_msgs) by extension 'ignore_ament_install'
[0.178s] Level 1:colcon.colcon_core.package_identification:_identify(src/ros2-nourish-common-messages/juice_dcb_msgs) by extensions ['colcon_pkg']
[0.178s] Level 1:colcon.colcon_core.package_identification:_identify(src/ros2-nourish-common-messages/juice_dcb_msgs) by extension 'colcon_pkg'
[0.178s] Level 1:colcon.colcon_core.package_identification:_identify(src/ros2-nourish-common-messages/juice_dcb_msgs) by extensions ['colcon_meta']
[0.178s] Level 1:colcon.colcon_core.package_identification:_identify(src/ros2-nourish-common-messages/juice_dcb_msgs) by extension 'colcon_meta'
[0.178s] Level 1:colcon.colcon_core.package_identification:_identify(src/ros2-nourish-common-messages/juice_dcb_msgs) by extensions ['ros']
[0.178s] Level 1:colcon.colcon_core.package_identification:_identify(src/ros2-nourish-common-messages/juice_dcb_msgs) by extension 'ros'
[0.179s] DEBUG:colcon.colcon_core.package_identification:Package 'src/ros2-nourish-common-messages/juice_dcb_msgs' with type 'ros.ament_cmake' and name 'juice_dcb_msgs'
[0.179s] Level 1:colcon.colcon_core.package_identification:_identify(src/ros2-nourish-common-messages/juice_spout_msgs) by extensions ['ignore', 'ignore_ament_install']
[0.179s] Level 1:colcon.colcon_core.package_identification:_identify(src/ros2-nourish-common-messages/juice_spout_msgs) by extension 'ignore'
[0.179s] Level 1:colcon.colcon_core.package_identification:_identify(src/ros2-nourish-common-messages/juice_spout_msgs) by extension 'ignore_ament_install'
[0.179s] Level 1:colcon.colcon_core.package_identification:_identify(src/ros2-nourish-common-messages/juice_spout_msgs) by extensions ['colcon_pkg']
[0.179s] Level 1:colcon.colcon_core.package_identification:_identify(src/ros2-nourish-common-messages/juice_spout_msgs) by extension 'colcon_pkg'
[0.179s] Level 1:colcon.colcon_core.package_identification:_identify(src/ros2-nourish-common-messages/juice_spout_msgs) by extensions ['colcon_meta']
[0.179s] Level 1:colcon.colcon_core.package_identification:_identify(src/ros2-nourish-common-messages/juice_spout_msgs) by extension 'colcon_meta'
[0.179s] Level 1:colcon.colcon_core.package_identification:_identify(src/ros2-nourish-common-messages/juice_spout_msgs) by extensions ['ros']
[0.179s] Level 1:colcon.colcon_core.package_identification:_identify(src/ros2-nourish-common-messages/juice_spout_msgs) by extension 'ros'
[0.180s] DEBUG:colcon.colcon_core.package_identification:Package 'src/ros2-nourish-common-messages/juice_spout_msgs' with type 'ros.ament_cmake' and name 'juice_spout_msgs'
[0.180s] Level 1:colcon.colcon_core.package_identification:_identify(src/ros2-nourish-common-messages/nourish_robot_arm_msgs) by extensions ['ignore', 'ignore_ament_install']
[0.180s] Level 1:colcon.colcon_core.package_identification:_identify(src/ros2-nourish-common-messages/nourish_robot_arm_msgs) by extension 'ignore'
[0.180s] Level 1:colcon.colcon_core.package_identification:_identify(src/ros2-nourish-common-messages/nourish_robot_arm_msgs) by extension 'ignore_ament_install'
[0.180s] Level 1:colcon.colcon_core.package_identification:_identify(src/ros2-nourish-common-messages/nourish_robot_arm_msgs) by extensions ['colcon_pkg']
[0.180s] Level 1:colcon.colcon_core.package_identification:_identify(src/ros2-nourish-common-messages/nourish_robot_arm_msgs) by extension 'colcon_pkg'
[0.180s] Level 1:colcon.colcon_core.package_identification:_identify(src/ros2-nourish-common-messages/nourish_robot_arm_msgs) by extensions ['colcon_meta']
[0.180s] Level 1:colcon.colcon_core.package_identification:_identify(src/ros2-nourish-common-messages/nourish_robot_arm_msgs) by extension 'colcon_meta'
[0.180s] Level 1:colcon.colcon_core.package_identification:_identify(src/ros2-nourish-common-messages/nourish_robot_arm_msgs) by extensions ['ros']
[0.180s] Level 1:colcon.colcon_core.package_identification:_identify(src/ros2-nourish-common-messages/nourish_robot_arm_msgs) by extension 'ros'
[0.181s] DEBUG:colcon.colcon_core.package_identification:Package 'src/ros2-nourish-common-messages/nourish_robot_arm_msgs' with type 'ros.ament_cmake' and name 'nourish_robot_arm_msgs'
[0.181s] Level 1:colcon.colcon_core.package_identification:_identify(src/ros2-nourish-common-messages/nourish_scale_msgs) by extensions ['ignore', 'ignore_ament_install']
[0.181s] Level 1:colcon.colcon_core.package_identification:_identify(src/ros2-nourish-common-messages/nourish_scale_msgs) by extension 'ignore'
[0.181s] Level 1:colcon.colcon_core.package_identification:_identify(src/ros2-nourish-common-messages/nourish_scale_msgs) by extension 'ignore_ament_install'
[0.181s] Level 1:colcon.colcon_core.package_identification:_identify(src/ros2-nourish-common-messages/nourish_scale_msgs) by extensions ['colcon_pkg']
[0.181s] Level 1:colcon.colcon_core.package_identification:_identify(src/ros2-nourish-common-messages/nourish_scale_msgs) by extension 'colcon_pkg'
[0.181s] Level 1:colcon.colcon_core.package_identification:_identify(src/ros2-nourish-common-messages/nourish_scale_msgs) by extensions ['colcon_meta']
[0.181s] Level 1:colcon.colcon_core.package_identification:_identify(src/ros2-nourish-common-messages/nourish_scale_msgs) by extension 'colcon_meta'
[0.181s] Level 1:colcon.colcon_core.package_identification:_identify(src/ros2-nourish-common-messages/nourish_scale_msgs) by extensions ['ros']
[0.181s] Level 1:colcon.colcon_core.package_identification:_identify(src/ros2-nourish-common-messages/nourish_scale_msgs) by extension 'ros'
[0.182s] DEBUG:colcon.colcon_core.package_identification:Package 'src/ros2-nourish-common-messages/nourish_scale_msgs' with type 'ros.ament_cmake' and name 'nourish_scale_msgs'
[0.182s] Level 1:colcon.colcon_core.package_identification:_identify(src/ros2-nourish-dcb) by extensions ['ignore', 'ignore_ament_install']
[0.182s] Level 1:colcon.colcon_core.package_identification:_identify(src/ros2-nourish-dcb) by extension 'ignore'
[0.182s] Level 1:colcon.colcon_core.package_identification:_identify(src/ros2-nourish-dcb) by extension 'ignore_ament_install'
[0.182s] Level 1:colcon.colcon_core.package_identification:_identify(src/ros2-nourish-dcb) by extensions ['colcon_pkg']
[0.182s] Level 1:colcon.colcon_core.package_identification:_identify(src/ros2-nourish-dcb) by extension 'colcon_pkg'
[0.182s] Level 1:colcon.colcon_core.package_identification:_identify(src/ros2-nourish-dcb) by extensions ['colcon_meta']
[0.182s] Level 1:colcon.colcon_core.package_identification:_identify(src/ros2-nourish-dcb) by extension 'colcon_meta'
[0.182s] Level 1:colcon.colcon_core.package_identification:_identify(src/ros2-nourish-dcb) by extensions ['ros']
[0.182s] Level 1:colcon.colcon_core.package_identification:_identify(src/ros2-nourish-dcb) by extension 'ros'
[0.183s] DEBUG:colcon.colcon_core.package_identification:Package 'src/ros2-nourish-dcb' with type 'ros.ament_cmake' and name 'nourish_dcb'
[0.183s] Level 1:colcon.colcon_core.package_identification:_identify(src/ros2-nourish-scale) by extensions ['ignore', 'ignore_ament_install']
[0.183s] Level 1:colcon.colcon_core.package_identification:_identify(src/ros2-nourish-scale) by extension 'ignore'
[0.183s] Level 1:colcon.colcon_core.package_identification:_identify(src/ros2-nourish-scale) by extension 'ignore_ament_install'
[0.183s] Level 1:colcon.colcon_core.package_identification:_identify(src/ros2-nourish-scale) by extensions ['colcon_pkg']
[0.183s] Level 1:colcon.colcon_core.package_identification:_identify(src/ros2-nourish-scale) by extension 'colcon_pkg'
[0.183s] Level 1:colcon.colcon_core.package_identification:_identify(src/ros2-nourish-scale) by extensions ['colcon_meta']
[0.183s] Level 1:colcon.colcon_core.package_identification:_identify(src/ros2-nourish-scale) by extension 'colcon_meta'
[0.183s] Level 1:colcon.colcon_core.package_identification:_identify(src/ros2-nourish-scale) by extensions ['ros']
[0.183s] Level 1:colcon.colcon_core.package_identification:_identify(src/ros2-nourish-scale) by extension 'ros'
[0.183s] Level 1:colcon.colcon_core.package_identification:_identify(src/ros2-nourish-scale) by extensions ['cmake', 'python']
[0.183s] Level 1:colcon.colcon_core.package_identification:_identify(src/ros2-nourish-scale) by extension 'cmake'
[0.183s] Level 1:colcon.colcon_core.package_identification:_identify(src/ros2-nourish-scale) by extension 'python'
[0.183s] Level 1:colcon.colcon_core.package_identification:_identify(src/ros2-nourish-scale) by extensions ['python_setup_py']
[0.183s] Level 1:colcon.colcon_core.package_identification:_identify(src/ros2-nourish-scale) by extension 'python_setup_py'
[0.183s] Level 1:colcon.colcon_core.package_identification:_identify(src/ros2-nourish-scale/nourish_scale) by extensions ['ignore', 'ignore_ament_install']
[0.183s] Level 1:colcon.colcon_core.package_identification:_identify(src/ros2-nourish-scale/nourish_scale) by extension 'ignore'
[0.184s] Level 1:colcon.colcon_core.package_identification:_identify(src/ros2-nourish-scale/nourish_scale) by extension 'ignore_ament_install'
[0.184s] Level 1:colcon.colcon_core.package_identification:_identify(src/ros2-nourish-scale/nourish_scale) by extensions ['colcon_pkg']
[0.184s] Level 1:colcon.colcon_core.package_identification:_identify(src/ros2-nourish-scale/nourish_scale) by extension 'colcon_pkg'
[0.184s] Level 1:colcon.colcon_core.package_identification:_identify(src/ros2-nourish-scale/nourish_scale) by extensions ['colcon_meta']
[0.184s] Level 1:colcon.colcon_core.package_identification:_identify(src/ros2-nourish-scale/nourish_scale) by extension 'colcon_meta'
[0.184s] Level 1:colcon.colcon_core.package_identification:_identify(src/ros2-nourish-scale/nourish_scale) by extensions ['ros']
[0.184s] Level 1:colcon.colcon_core.package_identification:_identify(src/ros2-nourish-scale/nourish_scale) by extension 'ros'
[0.184s] DEBUG:colcon.colcon_core.package_identification:Package 'src/ros2-nourish-scale/nourish_scale' with type 'ros.ament_cmake' and name 'nourish_scale'
[0.184s] Level 1:colcon.colcon_core.package_identification:_identify(src/serial-ros2) by extensions ['ignore', 'ignore_ament_install']
[0.184s] Level 1:colcon.colcon_core.package_identification:_identify(src/serial-ros2) by extension 'ignore'
[0.184s] Level 1:colcon.colcon_core.package_identification:_identify(src/serial-ros2) by extension 'ignore_ament_install'
[0.184s] Level 1:colcon.colcon_core.package_identification:_identify(src/serial-ros2) by extensions ['colcon_pkg']
[0.184s] Level 1:colcon.colcon_core.package_identification:_identify(src/serial-ros2) by extension 'colcon_pkg'
[0.185s] Level 1:colcon.colcon_core.package_identification:_identify(src/serial-ros2) by extensions ['colcon_meta']
[0.185s] Level 1:colcon.colcon_core.package_identification:_identify(src/serial-ros2) by extension 'colcon_meta'
[0.185s] Level 1:colcon.colcon_core.package_identification:_identify(src/serial-ros2) by extensions ['ros']
[0.185s] Level 1:colcon.colcon_core.package_identification:_identify(src/serial-ros2) by extension 'ros'
[0.185s] DEBUG:colcon.colcon_core.package_identification:Package 'src/serial-ros2' with type 'ros.ament_cmake' and name 'serial'
[0.185s] Level 1:colcon.colcon_core.package_discovery:discover_packages(recursive) using defaults
[0.185s] Level 1:colcon.colcon_core.package_discovery:discover_packages(ignore) discover
[0.185s] Level 1:colcon.colcon_core.package_discovery:discover_packages(ignore) using defaults
[0.185s] Level 1:colcon.colcon_core.package_discovery:discover_packages(path) discover
[0.185s] Level 1:colcon.colcon_core.package_discovery:discover_packages(path) using defaults
[0.190s] Level 5:colcon.colcon_core.verb:set package 'dolly_gazebo' build argument 'cmake_args' from command line to 'None'
[0.190s] Level 5:colcon.colcon_core.verb:set package 'dolly_gazebo' build argument 'cmake_target' from command line to 'None'
[0.190s] Level 5:colcon.colcon_core.verb:set package 'dolly_gazebo' build argument 'cmake_target_skip_unavailable' from command line to 'False'
[0.190s] Level 5:colcon.colcon_core.verb:set package 'dolly_gazebo' build argument 'cmake_clean_cache' from command line to 'False'
[0.190s] Level 5:colcon.colcon_core.verb:set package 'dolly_gazebo' build argument 'cmake_clean_first' from command line to 'False'
[0.190s] Level 5:colcon.colcon_core.verb:set package 'dolly_gazebo' build argument 'cmake_force_configure' from command line to 'False'
[0.190s] Level 5:colcon.colcon_core.verb:set package 'dolly_gazebo' build argument 'ament_cmake_args' from command line to 'None'
[0.190s] Level 5:colcon.colcon_core.verb:set package 'dolly_gazebo' build argument 'catkin_cmake_args' from command line to 'None'
[0.190s] Level 5:colcon.colcon_core.verb:set package 'dolly_gazebo' build argument 'catkin_skip_building_tests' from command line to 'False'
[0.190s] DEBUG:colcon.colcon_core.verb:Building package 'dolly_gazebo' with the following arguments: {'ament_cmake_args': None, 'build_base': '/home/nikhil/nourish_ws/build/dolly_gazebo', 'catkin_cmake_args': None, 'catkin_skip_building_tests': False, 'cmake_args': None, 'cmake_clean_cache': False, 'cmake_clean_first': False, 'cmake_force_configure': False, 'cmake_target': None, 'cmake_target_skip_unavailable': False, 'install_base': '/home/nikhil/nourish_ws/install/dolly_gazebo', 'merge_install': False, 'path': '/home/nikhil/nourish_ws/src/dcb_gazebo', 'symlink_install': False, 'test_result_base': None}
[0.193s] Level 5:colcon.colcon_core.verb:set package 'juice_dcb_msgs' build argument 'cmake_args' from command line to 'None'
[0.193s] Level 5:colcon.colcon_core.verb:set package 'juice_dcb_msgs' build argument 'cmake_target' from command line to 'None'
[0.193s] Level 5:colcon.colcon_core.verb:set package 'juice_dcb_msgs' build argument 'cmake_target_skip_unavailable' from command line to 'False'
[0.193s] Level 5:colcon.colcon_core.verb:set package 'juice_dcb_msgs' build argument 'cmake_clean_cache' from command line to 'False'
[0.193s] Level 5:colcon.colcon_core.verb:set package 'juice_dcb_msgs' build argument 'cmake_clean_first' from command line to 'False'
[0.193s] Level 5:colcon.colcon_core.verb:set package 'juice_dcb_msgs' build argument 'cmake_force_configure' from command line to 'False'
[0.193s] Level 5:colcon.colcon_core.verb:set package 'juice_dcb_msgs' build argument 'ament_cmake_args' from command line to 'None'
[0.193s] Level 5:colcon.colcon_core.verb:set package 'juice_dcb_msgs' build argument 'catkin_cmake_args' from command line to 'None'
[0.193s] Level 5:colcon.colcon_core.verb:set package 'juice_dcb_msgs' build argument 'catkin_skip_building_tests' from command line to 'False'
[0.193s] DEBUG:colcon.colcon_core.verb:Building package 'juice_dcb_msgs' with the following arguments: {'ament_cmake_args': None, 'build_base': '/home/nikhil/nourish_ws/build/juice_dcb_msgs', 'catkin_cmake_args': None, 'catkin_skip_building_tests': False, 'cmake_args': None, 'cmake_clean_cache': False, 'cmake_clean_first': False, 'cmake_force_configure': False, 'cmake_target': None, 'cmake_target_skip_unavailable': False, 'install_base': '/home/nikhil/nourish_ws/install/juice_dcb_msgs', 'merge_install': False, 'path': '/home/nikhil/nourish_ws/src/ros2-nourish-common-messages/juice_dcb_msgs', 'symlink_install': False, 'test_result_base': None}
[0.195s] Level 5:colcon.colcon_core.verb:set package 'juice_spout_msgs' build argument 'cmake_args' from command line to 'None'
[0.195s] Level 5:colcon.colcon_core.verb:set package 'juice_spout_msgs' build argument 'cmake_target' from command line to 'None'
[0.195s] Level 5:colcon.colcon_core.verb:set package 'juice_spout_msgs' build argument 'cmake_target_skip_unavailable' from command line to 'False'
[0.195s] Level 5:colcon.colcon_core.verb:set package 'juice_spout_msgs' build argument 'cmake_clean_cache' from command line to 'False'
[0.195s] Level 5:colcon.colcon_core.verb:set package 'juice_spout_msgs' build argument 'cmake_clean_first' from command line to 'False'
[0.195s] Level 5:colcon.colcon_core.verb:set package 'juice_spout_msgs' build argument 'cmake_force_configure' from command line to 'False'
[0.196s] Level 5:colcon.colcon_core.verb:set package 'juice_spout_msgs' build argument 'ament_cmake_args' from command line to 'None'
[0.196s] Level 5:colcon.colcon_core.verb:set package 'juice_spout_msgs' build argument 'catkin_cmake_args' from command line to 'None'
[0.196s] Level 5:colcon.colcon_core.verb:set package 'juice_spout_msgs' build argument 'catkin_skip_building_tests' from command line to 'False'
[0.196s] DEBUG:colcon.colcon_core.verb:Building package 'juice_spout_msgs' with the following arguments: {'ament_cmake_args': None, 'build_base': '/home/nikhil/nourish_ws/build/juice_spout_msgs', 'catkin_cmake_args': None, 'catkin_skip_building_tests': False, 'cmake_args': None, 'cmake_clean_cache': False, 'cmake_clean_first': False, 'cmake_force_configure': False, 'cmake_target': None, 'cmake_target_skip_unavailable': False, 'install_base': '/home/nikhil/nourish_ws/install/juice_spout_msgs', 'merge_install': False, 'path': '/home/nikhil/nourish_ws/src/ros2-nourish-common-messages/juice_spout_msgs', 'symlink_install': False, 'test_result_base': None}
[0.198s] Level 5:colcon.colcon_core.verb:set package 'nourish_robot_arm_msgs' build argument 'cmake_args' from command line to 'None'
[0.198s] Level 5:colcon.colcon_core.verb:set package 'nourish_robot_arm_msgs' build argument 'cmake_target' from command line to 'None'
[0.198s] Level 5:colcon.colcon_core.verb:set package 'nourish_robot_arm_msgs' build argument 'cmake_target_skip_unavailable' from command line to 'False'
[0.199s] Level 5:colcon.colcon_core.verb:set package 'nourish_robot_arm_msgs' build argument 'cmake_clean_cache' from command line to 'False'
[0.199s] Level 5:colcon.colcon_core.verb:set package 'nourish_robot_arm_msgs' build argument 'cmake_clean_first' from command line to 'False'
[0.199s] Level 5:colcon.colcon_core.verb:set package 'nourish_robot_arm_msgs' build argument 'cmake_force_configure' from command line to 'False'
[0.199s] Level 5:colcon.colcon_core.verb:set package 'nourish_robot_arm_msgs' build argument 'ament_cmake_args' from command line to 'None'
[0.199s] Level 5:colcon.colcon_core.verb:set package 'nourish_robot_arm_msgs' build argument 'catkin_cmake_args' from command line to 'None'
[0.199s] Level 5:colcon.colcon_core.verb:set package 'nourish_robot_arm_msgs' build argument 'catkin_skip_building_tests' from command line to 'False'
[0.199s] DEBUG:colcon.colcon_core.verb:Building package 'nourish_robot_arm_msgs' with the following arguments: {'ament_cmake_args': None, 'build_base': '/home/nikhil/nourish_ws/build/nourish_robot_arm_msgs', 'catkin_cmake_args': None, 'catkin_skip_building_tests': False, 'cmake_args': None, 'cmake_clean_cache': False, 'cmake_clean_first': False, 'cmake_force_configure': False, 'cmake_target': None, 'cmake_target_skip_unavailable': False, 'install_base': '/home/nikhil/nourish_ws/install/nourish_robot_arm_msgs', 'merge_install': False, 'path': '/home/nikhil/nourish_ws/src/ros2-nourish-common-messages/nourish_robot_arm_msgs', 'symlink_install': False, 'test_result_base': None}
[0.201s] Level 5:colcon.colcon_core.verb:set package 'nourish_scale_msgs' build argument 'cmake_args' from command line to 'None'
[0.201s] Level 5:colcon.colcon_core.verb:set package 'nourish_scale_msgs' build argument 'cmake_target' from command line to 'None'
[0.201s] Level 5:colcon.colcon_core.verb:set package 'nourish_scale_msgs' build argument 'cmake_target_skip_unavailable' from command line to 'False'
[0.201s] Level 5:colcon.colcon_core.verb:set package 'nourish_scale_msgs' build argument 'cmake_clean_cache' from command line to 'False'
[0.201s] Level 5:colcon.colcon_core.verb:set package 'nourish_scale_msgs' build argument 'cmake_clean_first' from command line to 'False'
[0.201s] Level 5:colcon.colcon_core.verb:set package 'nourish_scale_msgs' build argument 'cmake_force_configure' from command line to 'False'
[0.201s] Level 5:colcon.colcon_core.verb:set package 'nourish_scale_msgs' build argument 'ament_cmake_args' from command line to 'None'
[0.201s] Level 5:colcon.colcon_core.verb:set package 'nourish_scale_msgs' build argument 'catkin_cmake_args' from command line to 'None'
[0.201s] Level 5:colcon.colcon_core.verb:set package 'nourish_scale_msgs' build argument 'catkin_skip_building_tests' from command line to 'False'
[0.201s] DEBUG:colcon.colcon_core.verb:Building package 'nourish_scale_msgs' with the following arguments: {'ament_cmake_args': None, 'build_base': '/home/nikhil/nourish_ws/build/nourish_scale_msgs', 'catkin_cmake_args': None, 'catkin_skip_building_tests': False, 'cmake_args': None, 'cmake_clean_cache': False, 'cmake_clean_first': False, 'cmake_force_configure': False, 'cmake_target': None, 'cmake_target_skip_unavailable': False, 'install_base': '/home/nikhil/nourish_ws/install/nourish_scale_msgs', 'merge_install': False, 'path': '/home/nikhil/nourish_ws/src/ros2-nourish-common-messages/nourish_scale_msgs', 'symlink_install': False, 'test_result_base': None}
[0.203s] Level 5:colcon.colcon_core.verb:set package 'serial' build argument 'cmake_args' from command line to 'None'
[0.203s] Level 5:colcon.colcon_core.verb:set package 'serial' build argument 'cmake_target' from command line to 'None'
[0.203s] Level 5:colcon.colcon_core.verb:set package 'serial' build argument 'cmake_target_skip_unavailable' from command line to 'False'
[0.204s] Level 5:colcon.colcon_core.verb:set package 'serial' build argument 'cmake_clean_cache' from command line to 'False'
[0.204s] Level 5:colcon.colcon_core.verb:set package 'serial' build argument 'cmake_clean_first' from command line to 'False'
[0.204s] Level 5:colcon.colcon_core.verb:set package 'serial' build argument 'cmake_force_configure' from command line to 'False'
[0.204s] Level 5:colcon.colcon_core.verb:set package 'serial' build argument 'ament_cmake_args' from command line to 'None'
[0.204s] Level 5:colcon.colcon_core.verb:set package 'serial' build argument 'catkin_cmake_args' from command line to 'None'
[0.204s] Level 5:colcon.colcon_core.verb:set package 'serial' build argument 'catkin_skip_building_tests' from command line to 'False'
[0.204s] DEBUG:colcon.colcon_core.verb:Building package 'serial' with the following arguments: {'ament_cmake_args': None, 'build_base': '/home/nikhil/nourish_ws/build/serial', 'catkin_cmake_args': None, 'catkin_skip_building_tests': False, 'cmake_args': None, 'cmake_clean_cache': False, 'cmake_clean_first': False, 'cmake_force_configure': False, 'cmake_target': None, 'cmake_target_skip_unavailable': False, 'install_base': '/home/nikhil/nourish_ws/install/serial', 'merge_install': False, 'path': '/home/nikhil/nourish_ws/src/serial-ros2', 'symlink_install': False, 'test_result_base': None}
[0.206s] Level 5:colcon.colcon_core.verb:set package 'juice_spout' build argument 'cmake_args' from command line to 'None'
[0.206s] Level 5:colcon.colcon_core.verb:set package 'juice_spout' build argument 'cmake_target' from command line to 'None'
[0.206s] Level 5:colcon.colcon_core.verb:set package 'juice_spout' build argument 'cmake_target_skip_unavailable' from command line to 'False'
[0.206s] Level 5:colcon.colcon_core.verb:set package 'juice_spout' build argument 'cmake_clean_cache' from command line to 'False'
[0.206s] Level 5:colcon.colcon_core.verb:set package 'juice_spout' build argument 'cmake_clean_first' from command line to 'False'
[0.206s] Level 5:colcon.colcon_core.verb:set package 'juice_spout' build argument 'cmake_force_configure' from command line to 'False'
[0.206s] Level 5:colcon.colcon_core.verb:set package 'juice_spout' build argument 'ament_cmake_args' from command line to 'None'
[0.206s] Level 5:colcon.colcon_core.verb:set package 'juice_spout' build argument 'catkin_cmake_args' from command line to 'None'
[0.206s] Level 5:colcon.colcon_core.verb:set package 'juice_spout' build argument 'catkin_skip_building_tests' from command line to 'False'
[0.206s] DEBUG:colcon.colcon_core.verb:Building package 'juice_spout' with the following arguments: {'ament_cmake_args': None, 'build_base': '/home/nikhil/nourish_ws/build/juice_spout', 'catkin_cmake_args': None, 'catkin_skip_building_tests': False, 'cmake_args': None, 'cmake_clean_cache': False, 'cmake_clean_first': False, 'cmake_force_configure': False, 'cmake_target': None, 'cmake_target_skip_unavailable': False, 'install_base': '/home/nikhil/nourish_ws/install/juice_spout', 'merge_install': False, 'path': '/home/nikhil/nourish_ws/src/ros2-bbox-juice-machine/juice_spout', 'symlink_install': False, 'test_result_base': None}
[0.215s] Level 5:colcon.colcon_core.verb:set package 'nourish_dcb' build argument 'cmake_args' from command line to 'None'
[0.215s] Level 5:colcon.colcon_core.verb:set package 'nourish_dcb' build argument 'cmake_target' from command line to 'None'
[0.215s] Level 5:colcon.colcon_core.verb:set package 'nourish_dcb' build argument 'cmake_target_skip_unavailable' from command line to 'False'
[0.215s] Level 5:colcon.colcon_core.verb:set package 'nourish_dcb' build argument 'cmake_clean_cache' from command line to 'False'
[0.215s] Level 5:colcon.colcon_core.verb:set package 'nourish_dcb' build argument 'cmake_clean_first' from command line to 'False'
[0.215s] Level 5:colcon.colcon_core.verb:set package 'nourish_dcb' build argument 'cmake_force_configure' from command line to 'False'
[0.215s] Level 5:colcon.colcon_core.verb:set package 'nourish_dcb' build argument 'ament_cmake_args' from command line to 'None'
[0.215s] Level 5:colcon.colcon_core.verb:set package 'nourish_dcb' build argument 'catkin_cmake_args' from command line to 'None'
[0.216s] Level 5:colcon.colcon_core.verb:set package 'nourish_dcb' build argument 'catkin_skip_building_tests' from command line to 'False'
[0.216s] DEBUG:colcon.colcon_core.verb:Building package 'nourish_dcb' with the following arguments: {'ament_cmake_args': None, 'build_base': '/home/nikhil/nourish_ws/build/nourish_dcb', 'catkin_cmake_args': None, 'catkin_skip_building_tests': False, 'cmake_args': None, 'cmake_clean_cache': False, 'cmake_clean_first': False, 'cmake_force_configure': False, 'cmake_target': None, 'cmake_target_skip_unavailable': False, 'install_base': '/home/nikhil/nourish_ws/install/nourish_dcb', 'merge_install': False, 'path': '/home/nikhil/nourish_ws/src/ros2-nourish-dcb', 'symlink_install': False, 'test_result_base': None}
[0.218s] Level 5:colcon.colcon_core.verb:set package 'juice_dcb' build argument 'cmake_args' from command line to 'None'
[0.218s] Level 5:colcon.colcon_core.verb:set package 'juice_dcb' build argument 'cmake_target' from command line to 'None'
[0.218s] Level 5:colcon.colcon_core.verb:set package 'juice_dcb' build argument 'cmake_target_skip_unavailable' from command line to 'False'
[0.218s] Level 5:colcon.colcon_core.verb:set package 'juice_dcb' build argument 'cmake_clean_cache' from command line to 'False'
[0.218s] Level 5:colcon.colcon_core.verb:set package 'juice_dcb' build argument 'cmake_clean_first' from command line to 'False'
[0.218s] Level 5:colcon.colcon_core.verb:set package 'juice_dcb' build argument 'cmake_force_configure' from command line to 'False'
[0.218s] Level 5:colcon.colcon_core.verb:set package 'juice_dcb' build argument 'ament_cmake_args' from command line to 'None'
[0.218s] Level 5:colcon.colcon_core.verb:set package 'juice_dcb' build argument 'catkin_cmake_args' from command line to 'None'
[0.218s] Level 5:colcon.colcon_core.verb:set package 'juice_dcb' build argument 'catkin_skip_building_tests' from command line to 'False'
[0.218s] DEBUG:colcon.colcon_core.verb:Building package 'juice_dcb' with the following arguments: {'ament_cmake_args': None, 'build_base': '/home/nikhil/nourish_ws/build/juice_dcb', 'catkin_cmake_args': None, 'catkin_skip_building_tests': False, 'cmake_args': None, 'cmake_clean_cache': False, 'cmake_clean_first': False, 'cmake_force_configure': False, 'cmake_target': None, 'cmake_target_skip_unavailable': False, 'install_base': '/home/nikhil/nourish_ws/install/juice_dcb', 'merge_install': False, 'path': '/home/nikhil/nourish_ws/src/ros2-bbox-juice-machine/juice_dcb', 'symlink_install': False, 'test_result_base': None}
[0.220s] Level 5:colcon.colcon_core.verb:set package 'nourish_scale' build argument 'cmake_args' from command line to 'None'
[0.220s] Level 5:colcon.colcon_core.verb:set package 'nourish_scale' build argument 'cmake_target' from command line to 'None'
[0.220s] Level 5:colcon.colcon_core.verb:set package 'nourish_scale' build argument 'cmake_target_skip_unavailable' from command line to 'False'
[0.220s] Level 5:colcon.colcon_core.verb:set package 'nourish_scale' build argument 'cmake_clean_cache' from command line to 'False'
[0.220s] Level 5:colcon.colcon_core.verb:set package 'nourish_scale' build argument 'cmake_clean_first' from command line to 'False'
[0.220s] Level 5:colcon.colcon_core.verb:set package 'nourish_scale' build argument 'cmake_force_configure' from command line to 'False'
[0.220s] Level 5:colcon.colcon_core.verb:set package 'nourish_scale' build argument 'ament_cmake_args' from command line to 'None'
[0.220s] Level 5:colcon.colcon_core.verb:set package 'nourish_scale' build argument 'catkin_cmake_args' from command line to 'None'
[0.221s] Level 5:colcon.colcon_core.verb:set package 'nourish_scale' build argument 'catkin_skip_building_tests' from command line to 'False'
[0.221s] DEBUG:colcon.colcon_core.verb:Building package 'nourish_scale' with the following arguments: {'ament_cmake_args': None, 'build_base': '/home/nikhil/nourish_ws/build/nourish_scale', 'catkin_cmake_args': None, 'catkin_skip_building_tests': False, 'cmake_args': None, 'cmake_clean_cache': False, 'cmake_clean_first': False, 'cmake_force_configure': False, 'cmake_target': None, 'cmake_target_skip_unavailable': False, 'install_base': '/home/nikhil/nourish_ws/install/nourish_scale', 'merge_install': False, 'path': '/home/nikhil/nourish_ws/src/ros2-nourish-scale/nourish_scale', 'symlink_install': False, 'test_result_base': None}
[0.221s] INFO:colcon.colcon_core.executor:Executing jobs using 'parallel' executor
[0.222s] DEBUG:colcon.colcon_parallel_executor.executor.parallel:run_until_complete
[0.223s] INFO:colcon.colcon_ros.task.ament_cmake.build:Building ROS package in '/home/nikhil/nourish_ws/src/serial-ros2' with build type 'ament_cmake'
[0.226s] INFO:colcon.colcon_core.plugin_system:Skipping extension 'colcon_core.shell.bat': Not used on non-Windows systems
[0.226s] INFO:colcon.colcon_cmake.task.cmake.build:Building CMake package in '/home/nikhil/nourish_ws/src/serial-ros2'
[0.226s] INFO:colcon.colcon_core.shell:Skip shell extension 'powershell' for command environment: Not usable outside of PowerShell
[0.227s] DEBUG:colcon.colcon_core.shell:Skip shell extension 'dsv' for command environment
[0.232s] INFO:colcon.colcon_ros.task.ament_cmake.build:Building ROS package in '/home/nikhil/nourish_ws/src/ros2-nourish-common-messages/juice_dcb_msgs' with build type 'ament_cmake'
[0.233s] INFO:colcon.colcon_cmake.task.cmake.build:Building CMake package in '/home/nikhil/nourish_ws/src/ros2-nourish-common-messages/juice_dcb_msgs'
[0.233s] INFO:colcon.colcon_core.shell:Skip shell extension 'powershell' for command environment: Not usable outside of PowerShell
[0.233s] DEBUG:colcon.colcon_core.shell:Skip shell extension 'dsv' for command environment
[0.238s] INFO:colcon.colcon_ros.task.ament_cmake.build:Building ROS package in '/home/nikhil/nourish_ws/src/ros2-nourish-common-messages/juice_spout_msgs' with build type 'ament_cmake'
[0.239s] INFO:colcon.colcon_cmake.task.cmake.build:Building CMake package in '/home/nikhil/nourish_ws/src/ros2-nourish-common-messages/juice_spout_msgs'
[0.240s] INFO:colcon.colcon_core.shell:Skip shell extension 'powershell' for command environment: Not usable outside of PowerShell
[0.240s] DEBUG:colcon.colcon_core.shell:Skip shell extension 'dsv' for command environment
[0.244s] INFO:colcon.colcon_ros.task.ament_cmake.build:Building ROS package in '/home/nikhil/nourish_ws/src/ros2-nourish-common-messages/nourish_scale_msgs' with build type 'ament_cmake'
[0.245s] INFO:colcon.colcon_cmake.task.cmake.build:Building CMake package in '/home/nikhil/nourish_ws/src/ros2-nourish-common-messages/nourish_scale_msgs'
[0.246s] INFO:colcon.colcon_core.shell:Skip shell extension 'powershell' for command environment: Not usable outside of PowerShell
[0.246s] DEBUG:colcon.colcon_core.shell:Skip shell extension 'dsv' for command environment
[0.251s] INFO:colcon.colcon_ros.task.ament_cmake.build:Building ROS package in '/home/nikhil/nourish_ws/src/dcb_gazebo' with build type 'ament_cmake'
[0.252s] INFO:colcon.colcon_cmake.task.cmake.build:Building CMake package in '/home/nikhil/nourish_ws/src/dcb_gazebo'
[0.252s] INFO:colcon.colcon_core.shell:Skip shell extension 'powershell' for command environment: Not usable outside of PowerShell
[0.253s] DEBUG:colcon.colcon_core.shell:Skip shell extension 'dsv' for command environment
[0.257s] INFO:colcon.colcon_ros.task.ament_cmake.build:Building ROS package in '/home/nikhil/nourish_ws/src/ros2-nourish-common-messages/nourish_robot_arm_msgs' with build type 'ament_cmake'
[0.258s] INFO:colcon.colcon_cmake.task.cmake.build:Building CMake package in '/home/nikhil/nourish_ws/src/ros2-nourish-common-messages/nourish_robot_arm_msgs'
[0.258s] INFO:colcon.colcon_core.shell:Skip shell extension 'powershell' for command environment: Not usable outside of PowerShell
[0.258s] DEBUG:colcon.colcon_core.shell:Skip shell extension 'dsv' for command environment
[0.268s] DEBUG:colcon.colcon_core.event_handler.log_command:Invoking command in '/home/nikhil/nourish_ws/build/serial': /usr/bin/cmake --build /home/nikhil/nourish_ws/build/serial -- -j12 -l12
[0.274s] DEBUG:colcon.colcon_core.event_handler.log_command:Invoking command in '/home/nikhil/nourish_ws/build/juice_dcb_msgs': /usr/bin/cmake --build /home/nikhil/nourish_ws/build/juice_dcb_msgs -- -j12 -l12
[0.279s] DEBUG:colcon.colcon_core.event_handler.log_command:Invoking command in '/home/nikhil/nourish_ws/build/juice_spout_msgs': /usr/bin/cmake --build /home/nikhil/nourish_ws/build/juice_spout_msgs -- -j12 -l12
[0.283s] DEBUG:colcon.colcon_core.event_handler.log_command:Invoking command in '/home/nikhil/nourish_ws/build/nourish_scale_msgs': /usr/bin/cmake --build /home/nikhil/nourish_ws/build/nourish_scale_msgs -- -j12 -l12
[0.289s] DEBUG:colcon.colcon_core.event_handler.log_command:Invoking command in '/home/nikhil/nourish_ws/build/dolly_gazebo': /usr/bin/cmake --build /home/nikhil/nourish_ws/build/dolly_gazebo -- -j12 -l12
[0.294s] DEBUG:colcon.colcon_core.event_handler.log_command:Invoking command in '/home/nikhil/nourish_ws/build/nourish_robot_arm_msgs': /usr/bin/cmake --build /home/nikhil/nourish_ws/build/nourish_robot_arm_msgs -- -j12 -l12
[0.330s] DEBUG:colcon.colcon_core.event_handler.log_command:Invoked command in '/home/nikhil/nourish_ws/build/dolly_gazebo' returned '0': /usr/bin/cmake --build /home/nikhil/nourish_ws/build/dolly_gazebo -- -j12 -l12
[0.337s] DEBUG:colcon.colcon_core.event_handler.log_command:Invoked command in '/home/nikhil/nourish_ws/build/serial' returned '0': /usr/bin/cmake --build /home/nikhil/nourish_ws/build/serial -- -j12 -l12
[0.409s] DEBUG:colcon.colcon_core.event_handler.log_command:Invoking command in '/home/nikhil/nourish_ws/build/dolly_gazebo': /usr/bin/cmake --build /home/nikhil/nourish_ws/build/dolly_gazebo --target install -- -j12 -l12
[0.419s] DEBUG:colcon.colcon_core.event_handler.log_command:Invoking command in '/home/nikhil/nourish_ws/build/serial': /usr/bin/cmake --build /home/nikhil/nourish_ws/build/serial --target install -- -j12 -l12
[0.494s] Level 1:colcon.colcon_core.environment:create_environment_scripts_only(dolly_gazebo)
[0.501s] Level 1:colcon.colcon_core.environment:checking '/home/nikhil/nourish_ws/install/dolly_gazebo' for CMake module files
[0.504s] Level 1:colcon.colcon_core.environment:checking '/home/nikhil/nourish_ws/install/dolly_gazebo' for CMake config files
[0.505s] DEBUG:colcon.colcon_core.event_handler.log_command:Invoked command in '/home/nikhil/nourish_ws/build/dolly_gazebo' returned '0': /usr/bin/cmake --build /home/nikhil/nourish_ws/build/dolly_gazebo --target install -- -j12 -l12
[0.506s] Level 1:colcon.colcon_core.shell:create_environment_hook('dolly_gazebo', 'cmake_prefix_path')
[0.507s] INFO:colcon.colcon_core.shell:Creating environment hook '/home/nikhil/nourish_ws/install/dolly_gazebo/share/dolly_gazebo/hook/cmake_prefix_path.ps1'
[0.508s] INFO:colcon.colcon_core.shell:Creating environment descriptor '/home/nikhil/nourish_ws/install/dolly_gazebo/share/dolly_gazebo/hook/cmake_prefix_path.dsv'
[0.509s] INFO:colcon.colcon_core.shell:Creating environment hook '/home/nikhil/nourish_ws/install/dolly_gazebo/share/dolly_gazebo/hook/cmake_prefix_path.sh'
[0.511s] Level 1:colcon.colcon_core.environment:checking '/home/nikhil/nourish_ws/install/dolly_gazebo/bin'
[0.511s] Level 1:colcon.colcon_core.environment:checking '/home/nikhil/nourish_ws/install/dolly_gazebo/lib/pkgconfig/dolly_gazebo.pc'
[0.511s] Level 1:colcon.colcon_core.environment:checking '/home/nikhil/nourish_ws/install/dolly_gazebo/lib/python3.6/site-packages'
[0.512s] INFO:colcon.colcon_core.shell:Creating package script '/home/nikhil/nourish_ws/install/dolly_gazebo/share/dolly_gazebo/package.ps1'
[0.514s] INFO:colcon.colcon_core.shell:Creating package descriptor '/home/nikhil/nourish_ws/install/dolly_gazebo/share/dolly_gazebo/package.dsv'
[0.515s] INFO:colcon.colcon_core.shell:Creating package script '/home/nikhil/nourish_ws/install/dolly_gazebo/share/dolly_gazebo/package.sh'
[0.516s] INFO:colcon.colcon_core.shell:Creating package script '/home/nikhil/nourish_ws/install/dolly_gazebo/share/dolly_gazebo/package.bash'
[0.518s] INFO:colcon.colcon_core.shell:Creating package script '/home/nikhil/nourish_ws/install/dolly_gazebo/share/dolly_gazebo/package.zsh'
[0.519s] Level 1:colcon.colcon_core.environment:create_file_with_runtime_dependencies(/home/nikhil/nourish_ws/install/dolly_gazebo/share/colcon-core/packages/dolly_gazebo)
[0.521s] Level 1:colcon.colcon_core.environment:create_environment_scripts_only(serial)
[0.522s] Level 1:colcon.colcon_core.environment:checking '/home/nikhil/nourish_ws/install/serial' for CMake module files
[0.523s] DEBUG:colcon.colcon_core.event_handler.log_command:Invoked command in '/home/nikhil/nourish_ws/build/serial' returned '0': /usr/bin/cmake --build /home/nikhil/nourish_ws/build/serial --target install -- -j12 -l12
[0.524s] Level 1:colcon.colcon_core.environment:checking '/home/nikhil/nourish_ws/install/serial' for CMake config files
[0.524s] Level 1:colcon.colcon_core.shell:create_environment_hook('serial', 'cmake_prefix_path')
[0.524s] INFO:colcon.colcon_core.shell:Creating environment hook '/home/nikhil/nourish_ws/install/serial/share/serial/hook/cmake_prefix_path.ps1'
[0.525s] INFO:colcon.colcon_core.shell:Creating environment descriptor '/home/nikhil/nourish_ws/install/serial/share/serial/hook/cmake_prefix_path.dsv'
[0.526s] INFO:colcon.colcon_core.shell:Creating environment hook '/home/nikhil/nourish_ws/install/serial/share/serial/hook/cmake_prefix_path.sh'
[0.527s] Level 1:colcon.colcon_core.environment:checking '/home/nikhil/nourish_ws/install/serial/lib'
[0.528s] Level 1:colcon.colcon_core.environment:checking '/home/nikhil/nourish_ws/install/serial/bin'
[0.528s] Level 1:colcon.colcon_core.environment:checking '/home/nikhil/nourish_ws/install/serial/lib/pkgconfig/serial.pc'
[0.528s] Level 1:colcon.colcon_core.environment:checking '/home/nikhil/nourish_ws/install/serial/lib/python3.6/site-packages'
[0.529s] INFO:colcon.colcon_core.shell:Creating package script '/home/nikhil/nourish_ws/install/serial/share/serial/package.ps1'
[0.530s] INFO:colcon.colcon_core.shell:Creating package descriptor '/home/nikhil/nourish_ws/install/serial/share/serial/package.dsv'
[0.531s] INFO:colcon.colcon_core.shell:Creating package script '/home/nikhil/nourish_ws/install/serial/share/serial/package.sh'
[0.531s] INFO:colcon.colcon_core.shell:Creating package script '/home/nikhil/nourish_ws/install/serial/share/serial/package.bash'
[0.532s] INFO:colcon.colcon_core.shell:Creating package script '/home/nikhil/nourish_ws/install/serial/share/serial/package.zsh'
[0.532s] Level 1:colcon.colcon_core.environment:create_file_with_runtime_dependencies(/home/nikhil/nourish_ws/install/serial/share/colcon-core/packages/serial)
[0.533s] INFO:colcon.colcon_ros.task.ament_cmake.build:Building ROS package in '/home/nikhil/nourish_ws/src/ros2-nourish-dcb' with build type 'ament_cmake'
[0.534s] INFO:colcon.colcon_cmake.task.cmake.build:Building CMake package in '/home/nikhil/nourish_ws/src/ros2-nourish-dcb'
[0.534s] INFO:colcon.colcon_core.shell:Skip shell extension 'powershell' for command environment: Not usable outside of PowerShell
[0.535s] DEBUG:colcon.colcon_core.shell:Skip shell extension 'dsv' for command environment
[0.553s] DEBUG:colcon.colcon_core.event_handler.log_command:Invoking command in '/home/nikhil/nourish_ws/build/nourish_dcb': AMENT_PREFIX_PATH=/home/nikhil/nourish_ws/install/serial:${AMENT_PREFIX_PATH} CMAKE_PREFIX_PATH=/home/nikhil/nourish_ws/install/serial:${CMAKE_PREFIX_PATH} LD_LIBRARY_PATH=/home/nikhil/nourish_ws/install/serial/lib:${LD_LIBRARY_PATH} /usr/bin/cmake --build /home/nikhil/nourish_ws/build/nourish_dcb -- -j12 -l12
[0.568s] DEBUG:colcon.colcon_core.event_handler.log_command:Invoked command in '/home/nikhil/nourish_ws/build/juice_dcb_msgs' returned '0': /usr/bin/cmake --build /home/nikhil/nourish_ws/build/juice_dcb_msgs -- -j12 -l12
[0.587s] DEBUG:colcon.colcon_core.event_handler.log_command:Invoked command in '/home/nikhil/nourish_ws/build/juice_spout_msgs' returned '0': /usr/bin/cmake --build /home/nikhil/nourish_ws/build/juice_spout_msgs -- -j12 -l12
[0.613s] DEBUG:colcon.colcon_core.event_handler.log_command:Invoked command in '/home/nikhil/nourish_ws/build/nourish_scale_msgs' returned '0': /usr/bin/cmake --build /home/nikhil/nourish_ws/build/nourish_scale_msgs -- -j12 -l12
[0.659s] DEBUG:colcon.colcon_core.event_handler.log_command:Invoking command in '/home/nikhil/nourish_ws/build/juice_dcb_msgs': /usr/bin/cmake --build /home/nikhil/nourish_ws/build/juice_dcb_msgs --target install -- -j12 -l12
[0.667s] DEBUG:colcon.colcon_core.event_handler.log_command:Invoked command in '/home/nikhil/nourish_ws/build/nourish_robot_arm_msgs' returned '0': /usr/bin/cmake --build /home/nikhil/nourish_ws/build/nourish_robot_arm_msgs -- -j12 -l12
[0.699s] DEBUG:colcon.colcon_core.event_handler.log_command:Invoking command in '/home/nikhil/nourish_ws/build/nourish_scale_msgs': /usr/bin/cmake --build /home/nikhil/nourish_ws/build/nourish_scale_msgs --target install -- -j12 -l12
[0.723s] DEBUG:colcon.colcon_core.event_handler.log_command:Invoking command in '/home/nikhil/nourish_ws/build/juice_spout_msgs': /usr/bin/cmake --build /home/nikhil/nourish_ws/build/juice_spout_msgs --target install -- -j12 -l12
[1.022s] Level 1:colcon.colcon_core.environment:create_environment_scripts_only(juice_dcb_msgs)
[1.024s] Level 1:colcon.colcon_core.environment:checking '/home/nikhil/nourish_ws/install/juice_dcb_msgs' for CMake module files
[1.026s] Level 1:colcon.colcon_core.environment:checking '/home/nikhil/nourish_ws/install/juice_dcb_msgs' for CMake config files
[1.028s] DEBUG:colcon.colcon_core.event_handler.log_command:Invoked command in '/home/nikhil/nourish_ws/build/nourish_dcb' returned '0': AMENT_PREFIX_PATH=/home/nikhil/nourish_ws/install/serial:${AMENT_PREFIX_PATH} CMAKE_PREFIX_PATH=/home/nikhil/nourish_ws/install/serial:${CMAKE_PREFIX_PATH} LD_LIBRARY_PATH=/home/nikhil/nourish_ws/install/serial/lib:${LD_LIBRARY_PATH} /usr/bin/cmake --build /home/nikhil/nourish_ws/build/nourish_dcb -- -j12 -l12
[1.028s] DEBUG:colcon.colcon_core.event_handler.log_command:Invoked command in '/home/nikhil/nourish_ws/build/juice_dcb_msgs' returned '0': /usr/bin/cmake --build /home/nikhil/nourish_ws/build/juice_dcb_msgs --target install -- -j12 -l12
[1.028s] Level 1:colcon.colcon_core.shell:create_environment_hook('juice_dcb_msgs', 'cmake_prefix_path')
[1.029s] INFO:colcon.colcon_core.shell:Creating environment hook '/home/nikhil/nourish_ws/install/juice_dcb_msgs/share/juice_dcb_msgs/hook/cmake_prefix_path.ps1'
[1.029s] INFO:colcon.colcon_core.shell:Creating environment descriptor '/home/nikhil/nourish_ws/install/juice_dcb_msgs/share/juice_dcb_msgs/hook/cmake_prefix_path.dsv'
[1.030s] INFO:colcon.colcon_core.shell:Creating environment hook '/home/nikhil/nourish_ws/install/juice_dcb_msgs/share/juice_dcb_msgs/hook/cmake_prefix_path.sh'
[1.031s] Level 1:colcon.colcon_core.environment:checking '/home/nikhil/nourish_ws/install/juice_dcb_msgs/lib'
[1.031s] Level 1:colcon.colcon_core.shell:create_environment_hook('juice_dcb_msgs', 'ld_library_path_lib')
[1.031s] INFO:colcon.colcon_core.shell:Creating environment hook '/home/nikhil/nourish_ws/install/juice_dcb_msgs/share/juice_dcb_msgs/hook/ld_library_path_lib.ps1'
[1.032s] INFO:colcon.colcon_core.shell:Creating environment descriptor '/home/nikhil/nourish_ws/install/juice_dcb_msgs/share/juice_dcb_msgs/hook/ld_library_path_lib.dsv'
[1.032s] INFO:colcon.colcon_core.shell:Creating environment hook '/home/nikhil/nourish_ws/install/juice_dcb_msgs/share/juice_dcb_msgs/hook/ld_library_path_lib.sh'
[1.032s] Level 1:colcon.colcon_core.environment:checking '/home/nikhil/nourish_ws/install/juice_dcb_msgs/bin'
[1.032s] Level 1:colcon.colcon_core.environment:checking '/home/nikhil/nourish_ws/install/juice_dcb_msgs/lib/pkgconfig/juice_dcb_msgs.pc'
[1.033s] Level 1:colcon.colcon_core.environment:checking '/home/nikhil/nourish_ws/install/juice_dcb_msgs/lib/python3.6/site-packages'
[1.033s] Level 1:colcon.colcon_core.shell:create_environment_hook('juice_dcb_msgs', 'pythonpath')
[1.033s] INFO:colcon.colcon_core.shell:Creating environment hook '/home/nikhil/nourish_ws/install/juice_dcb_msgs/share/juice_dcb_msgs/hook/pythonpath.ps1'
[1.033s] INFO:colcon.colcon_core.shell:Creating environment descriptor '/home/nikhil/nourish_ws/install/juice_dcb_msgs/share/juice_dcb_msgs/hook/pythonpath.dsv'
[1.034s] INFO:colcon.colcon_core.shell:Creating environment hook '/home/nikhil/nourish_ws/install/juice_dcb_msgs/share/juice_dcb_msgs/hook/pythonpath.sh'
[1.035s] INFO:colcon.colcon_core.shell:Creating package script '/home/nikhil/nourish_ws/install/juice_dcb_msgs/share/juice_dcb_msgs/package.ps1'
[1.035s] INFO:colcon.colcon_core.shell:Creating package descriptor '/home/nikhil/nourish_ws/install/juice_dcb_msgs/share/juice_dcb_msgs/package.dsv'
[1.036s] INFO:colcon.colcon_core.shell:Creating package script '/home/nikhil/nourish_ws/install/juice_dcb_msgs/share/juice_dcb_msgs/package.sh'
[1.036s] INFO:colcon.colcon_core.shell:Creating package script '/home/nikhil/nourish_ws/install/juice_dcb_msgs/share/juice_dcb_msgs/package.bash'
[1.036s] INFO:colcon.colcon_core.shell:Creating package script '/home/nikhil/nourish_ws/install/juice_dcb_msgs/share/juice_dcb_msgs/package.zsh'
[1.037s] Level 1:colcon.colcon_core.environment:create_file_with_runtime_dependencies(/home/nikhil/nourish_ws/install/juice_dcb_msgs/share/colcon-core/packages/juice_dcb_msgs)
[1.042s] DEBUG:colcon.colcon_core.event_handler.log_command:Invoking command in '/home/nikhil/nourish_ws/build/nourish_robot_arm_msgs': /usr/bin/cmake --build /home/nikhil/nourish_ws/build/nourish_robot_arm_msgs --target install -- -j12 -l12
[1.047s] DEBUG:colcon.colcon_core.event_handler.log_command:Invoking command in '/home/nikhil/nourish_ws/build/nourish_dcb': AMENT_PREFIX_PATH=/home/nikhil/nourish_ws/install/serial:${AMENT_PREFIX_PATH} CMAKE_PREFIX_PATH=/home/nikhil/nourish_ws/install/serial:${CMAKE_PREFIX_PATH} LD_LIBRARY_PATH=/home/nikhil/nourish_ws/install/serial/lib:${LD_LIBRARY_PATH} /usr/bin/cmake --build /home/nikhil/nourish_ws/build/nourish_dcb --target install -- -j12 -l12
[1.062s] Level 1:colcon.colcon_core.environment:create_environment_scripts_only(nourish_scale_msgs)
[1.063s] Level 1:colcon.colcon_core.environment:checking '/home/nikhil/nourish_ws/install/nourish_scale_msgs' for CMake module files
[1.064s] Level 1:colcon.colcon_core.environment:checking '/home/nikhil/nourish_ws/install/nourish_scale_msgs' for CMake config files
[1.066s] DEBUG:colcon.colcon_core.event_handler.log_command:Invoked command in '/home/nikhil/nourish_ws/build/nourish_scale_msgs' returned '0': /usr/bin/cmake --build /home/nikhil/nourish_ws/build/nourish_scale_msgs --target install -- -j12 -l12
[1.067s] Level 1:colcon.colcon_core.shell:create_environment_hook('nourish_scale_msgs', 'cmake_prefix_path')
[1.067s] INFO:colcon.colcon_core.shell:Creating environment hook '/home/nikhil/nourish_ws/install/nourish_scale_msgs/share/nourish_scale_msgs/hook/cmake_prefix_path.ps1'
[1.068s] INFO:colcon.colcon_core.shell:Creating environment descriptor '/home/nikhil/nourish_ws/install/nourish_scale_msgs/share/nourish_scale_msgs/hook/cmake_prefix_path.dsv'
[1.068s] INFO:colcon.colcon_core.shell:Creating environment hook '/home/nikhil/nourish_ws/install/nourish_scale_msgs/share/nourish_scale_msgs/hook/cmake_prefix_path.sh'
[1.069s] Level 1:colcon.colcon_core.environment:checking '/home/nikhil/nourish_ws/install/nourish_scale_msgs/lib'
[1.069s] Level 1:colcon.colcon_core.shell:create_environment_hook('nourish_scale_msgs', 'ld_library_path_lib')
[1.070s] INFO:colcon.colcon_core.shell:Creating environment hook '/home/nikhil/nourish_ws/install/nourish_scale_msgs/share/nourish_scale_msgs/hook/ld_library_path_lib.ps1'
[1.070s] INFO:colcon.colcon_core.shell:Creating environment descriptor '/home/nikhil/nourish_ws/install/nourish_scale_msgs/share/nourish_scale_msgs/hook/ld_library_path_lib.dsv'
[1.070s] INFO:colcon.colcon_core.shell:Creating environment hook '/home/nikhil/nourish_ws/install/nourish_scale_msgs/share/nourish_scale_msgs/hook/ld_library_path_lib.sh'
[1.071s] Level 1:colcon.colcon_core.environment:checking '/home/nikhil/nourish_ws/install/nourish_scale_msgs/bin'
[1.071s] Level 1:colcon.colcon_core.environment:checking '/home/nikhil/nourish_ws/install/nourish_scale_msgs/lib/pkgconfig/nourish_scale_msgs.pc'
[1.071s] Level 1:colcon.colcon_core.environment:checking '/home/nikhil/nourish_ws/install/nourish_scale_msgs/lib/python3.6/site-packages'
[1.071s] Level 1:colcon.colcon_core.shell:create_environment_hook('nourish_scale_msgs', 'pythonpath')
[1.072s] INFO:colcon.colcon_core.shell:Creating environment hook '/home/nikhil/nourish_ws/install/nourish_scale_msgs/share/nourish_scale_msgs/hook/pythonpath.ps1'
[1.073s] INFO:colcon.colcon_core.shell:Creating environment descriptor '/home/nikhil/nourish_ws/install/nourish_scale_msgs/share/nourish_scale_msgs/hook/pythonpath.dsv'
[1.073s] INFO:colcon.colcon_core.shell:Creating environment hook '/home/nikhil/nourish_ws/install/nourish_scale_msgs/share/nourish_scale_msgs/hook/pythonpath.sh'
[1.075s] INFO:colcon.colcon_core.shell:Creating package script '/home/nikhil/nourish_ws/install/nourish_scale_msgs/share/nourish_scale_msgs/package.ps1'
[1.076s] INFO:colcon.colcon_core.shell:Creating package descriptor '/home/nikhil/nourish_ws/install/nourish_scale_msgs/share/nourish_scale_msgs/package.dsv'
[1.077s] INFO:colcon.colcon_core.shell:Creating package script '/home/nikhil/nourish_ws/install/nourish_scale_msgs/share/nourish_scale_msgs/package.sh'
[1.077s] INFO:colcon.colcon_core.shell:Creating package script '/home/nikhil/nourish_ws/install/nourish_scale_msgs/share/nourish_scale_msgs/package.bash'
[1.078s] INFO:colcon.colcon_core.shell:Creating package script '/home/nikhil/nourish_ws/install/nourish_scale_msgs/share/nourish_scale_msgs/package.zsh'
[1.078s] Level 1:colcon.colcon_core.environment:create_file_with_runtime_dependencies(/home/nikhil/nourish_ws/install/nourish_scale_msgs/share/colcon-core/packages/nourish_scale_msgs)
[1.098s] Level 1:colcon.colcon_core.environment:create_environment_scripts_only(juice_spout_msgs)
[1.099s] DEBUG:colcon.colcon_core.event_handler.log_command:Invoked command in '/home/nikhil/nourish_ws/build/juice_spout_msgs' returned '0': /usr/bin/cmake --build /home/nikhil/nourish_ws/build/juice_spout_msgs --target install -- -j12 -l12
[1.100s] Level 1:colcon.colcon_core.environment:checking '/home/nikhil/nourish_ws/install/juice_spout_msgs' for CMake module files
[1.100s] Level 1:colcon.colcon_core.environment:checking '/home/nikhil/nourish_ws/install/juice_spout_msgs' for CMake config files
[1.101s] Level 1:colcon.colcon_core.shell:create_environment_hook('juice_spout_msgs', 'cmake_prefix_path')
[1.101s] INFO:colcon.colcon_core.shell:Creating environment hook '/home/nikhil/nourish_ws/install/juice_spout_msgs/share/juice_spout_msgs/hook/cmake_prefix_path.ps1'
[1.102s] INFO:colcon.colcon_core.shell:Creating environment descriptor '/home/nikhil/nourish_ws/install/juice_spout_msgs/share/juice_spout_msgs/hook/cmake_prefix_path.dsv'
[1.102s] INFO:colcon.colcon_core.shell:Creating environment hook '/home/nikhil/nourish_ws/install/juice_spout_msgs/share/juice_spout_msgs/hook/cmake_prefix_path.sh'
[1.103s] Level 1:colcon.colcon_core.environment:checking '/home/nikhil/nourish_ws/install/juice_spout_msgs/lib'
[1.103s] Level 1:colcon.colcon_core.shell:create_environment_hook('juice_spout_msgs', 'ld_library_path_lib')
[1.104s] INFO:colcon.colcon_core.shell:Creating environment hook '/home/nikhil/nourish_ws/install/juice_spout_msgs/share/juice_spout_msgs/hook/ld_library_path_lib.ps1'
[1.104s] INFO:colcon.colcon_core.shell:Creating environment descriptor '/home/nikhil/nourish_ws/install/juice_spout_msgs/share/juice_spout_msgs/hook/ld_library_path_lib.dsv'
[1.105s] INFO:colcon.colcon_core.shell:Creating environment hook '/home/nikhil/nourish_ws/install/juice_spout_msgs/share/juice_spout_msgs/hook/ld_library_path_lib.sh'
[1.105s] Level 1:colcon.colcon_core.environment:checking '/home/nikhil/nourish_ws/install/juice_spout_msgs/bin'
[1.105s] Level 1:colcon.colcon_core.environment:checking '/home/nikhil/nourish_ws/install/juice_spout_msgs/lib/pkgconfig/juice_spout_msgs.pc'
[1.105s] Level 1:colcon.colcon_core.environment:checking '/home/nikhil/nourish_ws/install/juice_spout_msgs/lib/python3.6/site-packages'
[1.105s] Level 1:colcon.colcon_core.shell:create_environment_hook('juice_spout_msgs', 'pythonpath')
[1.106s] INFO:colcon.colcon_core.shell:Creating environment hook '/home/nikhil/nourish_ws/install/juice_spout_msgs/share/juice_spout_msgs/hook/pythonpath.ps1'
[1.106s] INFO:colcon.colcon_core.shell:Creating environment descriptor '/home/nikhil/nourish_ws/install/juice_spout_msgs/share/juice_spout_msgs/hook/pythonpath.dsv'
[1.107s] INFO:colcon.colcon_core.shell:Creating environment hook '/home/nikhil/nourish_ws/install/juice_spout_msgs/share/juice_spout_msgs/hook/pythonpath.sh'
[1.108s] INFO:colcon.colcon_core.shell:Creating package script '/home/nikhil/nourish_ws/install/juice_spout_msgs/share/juice_spout_msgs/package.ps1'
[1.109s] INFO:colcon.colcon_core.shell:Creating package descriptor '/home/nikhil/nourish_ws/install/juice_spout_msgs/share/juice_spout_msgs/package.dsv'
[1.110s] INFO:colcon.colcon_core.shell:Creating package script '/home/nikhil/nourish_ws/install/juice_spout_msgs/share/juice_spout_msgs/package.sh'
[1.110s] INFO:colcon.colcon_core.shell:Creating package script '/home/nikhil/nourish_ws/install/juice_spout_msgs/share/juice_spout_msgs/package.bash'
[1.111s] INFO:colcon.colcon_core.shell:Creating package script '/home/nikhil/nourish_ws/install/juice_spout_msgs/share/juice_spout_msgs/package.zsh'
[1.112s] Level 1:colcon.colcon_core.environment:create_file_with_runtime_dependencies(/home/nikhil/nourish_ws/install/juice_spout_msgs/share/colcon-core/packages/juice_spout_msgs)
[1.112s] INFO:colcon.colcon_ros.task.ament_cmake.build:Building ROS package in '/home/nikhil/nourish_ws/src/ros2-bbox-juice-machine/juice_spout' with build type 'ament_cmake'
[1.113s] INFO:colcon.colcon_cmake.task.cmake.build:Building CMake package in '/home/nikhil/nourish_ws/src/ros2-bbox-juice-machine/juice_spout'
[1.114s] INFO:colcon.colcon_core.shell:Skip shell extension 'powershell' for command environment: Not usable outside of PowerShell
[1.114s] DEBUG:colcon.colcon_core.shell:Skip shell extension 'dsv' for command environment
[1.135s] DEBUG:colcon.colcon_core.event_handler.log_command:Invoking command in '/home/nikhil/nourish_ws/build/juice_spout': AMENT_PREFIX_PATH=/home/nikhil/nourish_ws/install/juice_spout_msgs:/home/nikhil/nourish_ws/install/juice_dcb_msgs:${AMENT_PREFIX_PATH} CMAKE_PREFIX_PATH=/home/nikhil/nourish_ws/install/juice_spout_msgs:/home/nikhil/nourish_ws/install/juice_dcb_msgs:${CMAKE_PREFIX_PATH} LD_LIBRARY_PATH=/home/nikhil/nourish_ws/install/juice_spout_msgs/lib:/home/nikhil/nourish_ws/install/juice_dcb_msgs/lib:${LD_LIBRARY_PATH} PYTHONPATH=/home/nikhil/nourish_ws/install/juice_spout_msgs/lib/python3.6/site-packages:/home/nikhil/nourish_ws/install/juice_dcb_msgs/lib/python3.6/site-packages:${PYTHONPATH} /usr/bin/cmake --build /home/nikhil/nourish_ws/build/juice_spout -- -j12 -l12
[1.149s] Level 1:colcon.colcon_core.environment:create_environment_scripts_only(nourish_dcb)
[1.151s] Level 1:colcon.colcon_core.environment:checking '/home/nikhil/nourish_ws/install/nourish_dcb' for CMake module files
[1.152s] DEBUG:colcon.colcon_core.event_handler.log_command:Invoked command in '/home/nikhil/nourish_ws/build/nourish_dcb' returned '0': AMENT_PREFIX_PATH=/home/nikhil/nourish_ws/install/serial:${AMENT_PREFIX_PATH} CMAKE_PREFIX_PATH=/home/nikhil/nourish_ws/install/serial:${CMAKE_PREFIX_PATH} LD_LIBRARY_PATH=/home/nikhil/nourish_ws/install/serial/lib:${LD_LIBRARY_PATH} /usr/bin/cmake --build /home/nikhil/nourish_ws/build/nourish_dcb --target install -- -j12 -l12
[1.152s] Level 1:colcon.colcon_core.environment:checking '/home/nikhil/nourish_ws/install/nourish_dcb' for CMake config files
[1.152s] Level 1:colcon.colcon_core.shell:create_environment_hook('nourish_dcb', 'cmake_prefix_path')
[1.153s] INFO:colcon.colcon_core.shell:Creating environment hook '/home/nikhil/nourish_ws/install/nourish_dcb/share/nourish_dcb/hook/cmake_prefix_path.ps1'
[1.154s] INFO:colcon.colcon_core.shell:Creating environment descriptor '/home/nikhil/nourish_ws/install/nourish_dcb/share/nourish_dcb/hook/cmake_prefix_path.dsv'
[1.154s] INFO:colcon.colcon_core.shell:Creating environment hook '/home/nikhil/nourish_ws/install/nourish_dcb/share/nourish_dcb/hook/cmake_prefix_path.sh'
[1.155s] Level 1:colcon.colcon_core.environment:checking '/home/nikhil/nourish_ws/install/nourish_dcb/lib'
[1.155s] Level 1:colcon.colcon_core.environment:checking '/home/nikhil/nourish_ws/install/nourish_dcb/bin'
[1.155s] Level 1:colcon.colcon_core.environment:checking '/home/nikhil/nourish_ws/install/nourish_dcb/lib/pkgconfig/nourish_dcb.pc'
[1.155s] Level 1:colcon.colcon_core.environment:checking '/home/nikhil/nourish_ws/install/nourish_dcb/lib/python3.6/site-packages'
[1.156s] INFO:colcon.colcon_core.shell:Creating package script '/home/nikhil/nourish_ws/install/nourish_dcb/share/nourish_dcb/package.ps1'
[1.156s] INFO:colcon.colcon_core.shell:Creating package descriptor '/home/nikhil/nourish_ws/install/nourish_dcb/share/nourish_dcb/package.dsv'
[1.157s] INFO:colcon.colcon_core.shell:Creating package script '/home/nikhil/nourish_ws/install/nourish_dcb/share/nourish_dcb/package.sh'
[1.158s] INFO:colcon.colcon_core.shell:Creating package script '/home/nikhil/nourish_ws/install/nourish_dcb/share/nourish_dcb/package.bash'
[1.158s] INFO:colcon.colcon_core.shell:Creating package script '/home/nikhil/nourish_ws/install/nourish_dcb/share/nourish_dcb/package.zsh'
[1.159s] Level 1:colcon.colcon_core.environment:create_file_with_runtime_dependencies(/home/nikhil/nourish_ws/install/nourish_dcb/share/colcon-core/packages/nourish_dcb)
[1.159s] INFO:colcon.colcon_ros.task.ament_cmake.build:Building ROS package in '/home/nikhil/nourish_ws/src/ros2-bbox-juice-machine/juice_dcb' with build type 'ament_cmake'
[1.161s] INFO:colcon.colcon_cmake.task.cmake.build:Building CMake package in '/home/nikhil/nourish_ws/src/ros2-bbox-juice-machine/juice_dcb'
[1.162s] INFO:colcon.colcon_core.shell:Skip shell extension 'powershell' for command environment: Not usable outside of PowerShell
[1.162s] DEBUG:colcon.colcon_core.shell:Skip shell extension 'dsv' for command environment
[1.170s] INFO:colcon.colcon_ros.task.ament_cmake.build:Building ROS package in '/home/nikhil/nourish_ws/src/ros2-nourish-scale/nourish_scale' with build type 'ament_cmake'
[1.172s] INFO:colcon.colcon_cmake.task.cmake.build:Building CMake package in '/home/nikhil/nourish_ws/src/ros2-nourish-scale/nourish_scale'
[1.172s] INFO:colcon.colcon_core.shell:Skip shell extension 'powershell' for command environment: Not usable outside of PowerShell
[1.172s] DEBUG:colcon.colcon_core.shell:Skip shell extension 'dsv' for command environment
[1.187s] DEBUG:colcon.colcon_core.event_handler.log_command:Invoking command in '/home/nikhil/nourish_ws/build/juice_dcb': AMENT_PREFIX_PATH=/home/nikhil/nourish_ws/install/nourish_dcb:/home/nikhil/nourish_ws/install/serial:/home/nikhil/nourish_ws/install/juice_dcb_msgs:${AMENT_PREFIX_PATH} CMAKE_PREFIX_PATH=/home/nikhil/nourish_ws/install/nourish_dcb:/home/nikhil/nourish_ws/install/serial:/home/nikhil/nourish_ws/install/juice_dcb_msgs:${CMAKE_PREFIX_PATH} LD_LIBRARY_PATH=/home/nikhil/nourish_ws/install/nourish_dcb/lib:/home/nikhil/nourish_ws/install/serial/lib:/home/nikhil/nourish_ws/install/juice_dcb_msgs/lib:${LD_LIBRARY_PATH} PYTHONPATH=/home/nikhil/nourish_ws/install/juice_dcb_msgs/lib/python3.6/site-packages:${PYTHONPATH} /usr/bin/cmake --build /home/nikhil/nourish_ws/build/juice_dcb -- -j12 -l12
[1.194s] DEBUG:colcon.colcon_core.event_handler.log_command:Invoking command in '/home/nikhil/nourish_ws/build/nourish_scale': AMENT_PREFIX_PATH=/home/nikhil/nourish_ws/install/nourish_dcb:/home/nikhil/nourish_ws/install/serial:/home/nikhil/nourish_ws/install/nourish_scale_msgs:${AMENT_PREFIX_PATH} CMAKE_PREFIX_PATH=/home/nikhil/nourish_ws/install/nourish_dcb:/home/nikhil/nourish_ws/install/serial:/home/nikhil/nourish_ws/install/nourish_scale_msgs:${CMAKE_PREFIX_PATH} LD_LIBRARY_PATH=/home/nikhil/nourish_ws/install/nourish_dcb/lib:/home/nikhil/nourish_ws/install/serial/lib:/home/nikhil/nourish_ws/install/nourish_scale_msgs/lib:${LD_LIBRARY_PATH} PYTHONPATH=/home/nikhil/nourish_ws/install/nourish_scale_msgs/lib/python3.6/site-packages:${PYTHONPATH} /usr/bin/cmake --build /home/nikhil/nourish_ws/build/nourish_scale -- -j12 -l12
[1.225s] DEBUG:colcon.colcon_core.event_handler.log_command:Invoked command in '/home/nikhil/nourish_ws/build/juice_spout' returned '0': AMENT_PREFIX_PATH=/home/nikhil/nourish_ws/install/juice_spout_msgs:/home/nikhil/nourish_ws/install/juice_dcb_msgs:${AMENT_PREFIX_PATH} CMAKE_PREFIX_PATH=/home/nikhil/nourish_ws/install/juice_spout_msgs:/home/nikhil/nourish_ws/install/juice_dcb_msgs:${CMAKE_PREFIX_PATH} LD_LIBRARY_PATH=/home/nikhil/nourish_ws/install/juice_spout_msgs/lib:/home/nikhil/nourish_ws/install/juice_dcb_msgs/lib:${LD_LIBRARY_PATH} PYTHONPATH=/home/nikhil/nourish_ws/install/juice_spout_msgs/lib/python3.6/site-packages:/home/nikhil/nourish_ws/install/juice_dcb_msgs/lib/python3.6/site-packages:${PYTHONPATH} /usr/bin/cmake --build /home/nikhil/nourish_ws/build/juice_spout -- -j12 -l12
[1.262s] DEBUG:colcon.colcon_core.event_handler.log_command:Invoking command in '/home/nikhil/nourish_ws/build/juice_spout': AMENT_PREFIX_PATH=/home/nikhil/nourish_ws/install/juice_spout_msgs:/home/nikhil/nourish_ws/install/juice_dcb_msgs:${AMENT_PREFIX_PATH} CMAKE_PREFIX_PATH=/home/nikhil/nourish_ws/install/juice_spout_msgs:/home/nikhil/nourish_ws/install/juice_dcb_msgs:${CMAKE_PREFIX_PATH} LD_LIBRARY_PATH=/home/nikhil/nourish_ws/install/juice_spout_msgs/lib:/home/nikhil/nourish_ws/install/juice_dcb_msgs/lib:${LD_LIBRARY_PATH} PYTHONPATH=/home/nikhil/nourish_ws/install/juice_spout_msgs/lib/python3.6/site-packages:/home/nikhil/nourish_ws/install/juice_dcb_msgs/lib/python3.6/site-packages:${PYTHONPATH} /usr/bin/cmake --build /home/nikhil/nourish_ws/build/juice_spout --target install -- -j12 -l12
[1.381s] Level 1:colcon.colcon_core.environment:create_environment_scripts_only(juice_spout)
[1.383s] Level 1:colcon.colcon_core.environment:checking '/home/nikhil/nourish_ws/install/juice_spout' for CMake module files
[1.387s] Level 1:colcon.colcon_core.environment:checking '/home/nikhil/nourish_ws/install/juice_spout' for CMake config files
[1.390s] Level 1:colcon.colcon_core.shell:create_environment_hook('juice_spout', 'cmake_prefix_path')
[1.390s] INFO:colcon.colcon_core.shell:Creating environment hook '/home/nikhil/nourish_ws/install/juice_spout/share/juice_spout/hook/cmake_prefix_path.ps1'
[1.392s] INFO:colcon.colcon_core.shell:Creating environment descriptor '/home/nikhil/nourish_ws/install/juice_spout/share/juice_spout/hook/cmake_prefix_path.dsv'
[1.393s] INFO:colcon.colcon_core.shell:Creating environment hook '/home/nikhil/nourish_ws/install/juice_spout/share/juice_spout/hook/cmake_prefix_path.sh'
[1.394s] Level 1:colcon.colcon_core.environment:checking '/home/nikhil/nourish_ws/install/juice_spout/lib'
[1.395s] Level 1:colcon.colcon_core.environment:checking '/home/nikhil/nourish_ws/install/juice_spout/bin'
[1.395s] Level 1:colcon.colcon_core.environment:checking '/home/nikhil/nourish_ws/install/juice_spout/lib/pkgconfig/juice_spout.pc'
[1.395s] Level 1:colcon.colcon_core.environment:checking '/home/nikhil/nourish_ws/install/juice_spout/lib/python3.6/site-packages'
[1.396s] INFO:colcon.colcon_core.shell:Creating package script '/home/nikhil/nourish_ws/install/juice_spout/share/juice_spout/package.ps1'
[1.397s] INFO:colcon.colcon_core.shell:Creating package descriptor '/home/nikhil/nourish_ws/install/juice_spout/share/juice_spout/package.dsv'
[1.398s] INFO:colcon.colcon_core.shell:Creating package script '/home/nikhil/nourish_ws/install/juice_spout/share/juice_spout/package.sh'
[1.399s] INFO:colcon.colcon_core.shell:Creating package script '/home/nikhil/nourish_ws/install/juice_spout/share/juice_spout/package.bash'
[1.400s] INFO:colcon.colcon_core.shell:Creating package script '/home/nikhil/nourish_ws/install/juice_spout/share/juice_spout/package.zsh'
[1.401s] Level 1:colcon.colcon_core.environment:create_file_with_runtime_dependencies(/home/nikhil/nourish_ws/install/juice_spout/share/colcon-core/packages/juice_spout)
[1.404s] DEBUG:colcon.colcon_core.event_handler.log_command:Invoked command in '/home/nikhil/nourish_ws/build/juice_spout' returned '0': AMENT_PREFIX_PATH=/home/nikhil/nourish_ws/install/juice_spout_msgs:/home/nikhil/nourish_ws/install/juice_dcb_msgs:${AMENT_PREFIX_PATH} CMAKE_PREFIX_PATH=/home/nikhil/nourish_ws/install/juice_spout_msgs:/home/nikhil/nourish_ws/install/juice_dcb_msgs:${CMAKE_PREFIX_PATH} LD_LIBRARY_PATH=/home/nikhil/nourish_ws/install/juice_spout_msgs/lib:/home/nikhil/nourish_ws/install/juice_dcb_msgs/lib:${LD_LIBRARY_PATH} PYTHONPATH=/home/nikhil/nourish_ws/install/juice_spout_msgs/lib/python3.6/site-packages:/home/nikhil/nourish_ws/install/juice_dcb_msgs/lib/python3.6/site-packages:${PYTHONPATH} /usr/bin/cmake --build /home/nikhil/nourish_ws/build/juice_spout --target install -- -j12 -l12
[1.436s] Level 1:colcon.colcon_core.environment:create_environment_scripts_only(nourish_robot_arm_msgs)
[1.437s] Level 1:colcon.colcon_core.environment:checking '/home/nikhil/nourish_ws/install/nourish_robot_arm_msgs' for CMake module files
[1.438s] DEBUG:colcon.colcon_core.event_handler.log_command:Invoked command in '/home/nikhil/nourish_ws/build/nourish_robot_arm_msgs' returned '0': /usr/bin/cmake --build /home/nikhil/nourish_ws/build/nourish_robot_arm_msgs --target install -- -j12 -l12
[1.439s] Level 1:colcon.colcon_core.environment:checking '/home/nikhil/nourish_ws/install/nourish_robot_arm_msgs' for CMake config files
[1.439s] Level 1:colcon.colcon_core.shell:create_environment_hook('nourish_robot_arm_msgs', 'cmake_prefix_path')
[1.440s] INFO:colcon.colcon_core.shell:Creating environment hook '/home/nikhil/nourish_ws/install/nourish_robot_arm_msgs/share/nourish_robot_arm_msgs/hook/cmake_prefix_path.ps1'
[1.441s] INFO:colcon.colcon_core.shell:Creating environment descriptor '/home/nikhil/nourish_ws/install/nourish_robot_arm_msgs/share/nourish_robot_arm_msgs/hook/cmake_prefix_path.dsv'
[1.441s] INFO:colcon.colcon_core.shell:Creating environment hook '/home/nikhil/nourish_ws/install/nourish_robot_arm_msgs/share/nourish_robot_arm_msgs/hook/cmake_prefix_path.sh'
[1.442s] Level 1:colcon.colcon_core.environment:checking '/home/nikhil/nourish_ws/install/nourish_robot_arm_msgs/lib'
[1.442s] Level 1:colcon.colcon_core.shell:create_environment_hook('nourish_robot_arm_msgs', 'ld_library_path_lib')
[1.443s] INFO:colcon.colcon_core.shell:Creating environment hook '/home/nikhil/nourish_ws/install/nourish_robot_arm_msgs/share/nourish_robot_arm_msgs/hook/ld_library_path_lib.ps1'
[1.443s] INFO:colcon.colcon_core.shell:Creating environment descriptor '/home/nikhil/nourish_ws/install/nourish_robot_arm_msgs/share/nourish_robot_arm_msgs/hook/ld_library_path_lib.dsv'
[1.443s] INFO:colcon.colcon_core.shell:Creating environment hook '/home/nikhil/nourish_ws/install/nourish_robot_arm_msgs/share/nourish_robot_arm_msgs/hook/ld_library_path_lib.sh'
[1.444s] Level 1:colcon.colcon_core.environment:checking '/home/nikhil/nourish_ws/install/nourish_robot_arm_msgs/bin'
[1.444s] Level 1:colcon.colcon_core.environment:checking '/home/nikhil/nourish_ws/install/nourish_robot_arm_msgs/lib/pkgconfig/nourish_robot_arm_msgs.pc'
[1.444s] Level 1:colcon.colcon_core.environment:checking '/home/nikhil/nourish_ws/install/nourish_robot_arm_msgs/lib/python3.6/site-packages'
[1.444s] Level 1:colcon.colcon_core.shell:create_environment_hook('nourish_robot_arm_msgs', 'pythonpath')
[1.445s] INFO:colcon.colcon_core.shell:Creating environment hook '/home/nikhil/nourish_ws/install/nourish_robot_arm_msgs/share/nourish_robot_arm_msgs/hook/pythonpath.ps1'
[1.445s] INFO:colcon.colcon_core.shell:Creating environment descriptor '/home/nikhil/nourish_ws/install/nourish_robot_arm_msgs/share/nourish_robot_arm_msgs/hook/pythonpath.dsv'
[1.446s] INFO:colcon.colcon_core.shell:Creating environment hook '/home/nikhil/nourish_ws/install/nourish_robot_arm_msgs/share/nourish_robot_arm_msgs/hook/pythonpath.sh'
[1.447s] INFO:colcon.colcon_core.shell:Creating package script '/home/nikhil/nourish_ws/install/nourish_robot_arm_msgs/share/nourish_robot_arm_msgs/package.ps1'
[1.447s] INFO:colcon.colcon_core.shell:Creating package descriptor '/home/nikhil/nourish_ws/install/nourish_robot_arm_msgs/share/nourish_robot_arm_msgs/package.dsv'
[1.448s] INFO:colcon.colcon_core.shell:Creating package script '/home/nikhil/nourish_ws/install/nourish_robot_arm_msgs/share/nourish_robot_arm_msgs/package.sh'
[1.449s] INFO:colcon.colcon_core.shell:Creating package script '/home/nikhil/nourish_ws/install/nourish_robot_arm_msgs/share/nourish_robot_arm_msgs/package.bash'
[1.449s] INFO:colcon.colcon_core.shell:Creating package script '/home/nikhil/nourish_ws/install/nourish_robot_arm_msgs/share/nourish_robot_arm_msgs/package.zsh'
[1.450s] Level 1:colcon.colcon_core.environment:create_file_with_runtime_dependencies(/home/nikhil/nourish_ws/install/nourish_robot_arm_msgs/share/colcon-core/packages/nourish_robot_arm_msgs)
[1.471s] DEBUG:colcon.colcon_core.event_handler.log_command:Invoked command in '/home/nikhil/nourish_ws/build/juice_dcb' returned '0': AMENT_PREFIX_PATH=/home/nikhil/nourish_ws/install/nourish_dcb:/home/nikhil/nourish_ws/install/serial:/home/nikhil/nourish_ws/install/juice_dcb_msgs:${AMENT_PREFIX_PATH} CMAKE_PREFIX_PATH=/home/nikhil/nourish_ws/install/nourish_dcb:/home/nikhil/nourish_ws/install/serial:/home/nikhil/nourish_ws/install/juice_dcb_msgs:${CMAKE_PREFIX_PATH} LD_LIBRARY_PATH=/home/nikhil/nourish_ws/install/nourish_dcb/lib:/home/nikhil/nourish_ws/install/serial/lib:/home/nikhil/nourish_ws/install/juice_dcb_msgs/lib:${LD_LIBRARY_PATH} PYTHONPATH=/home/nikhil/nourish_ws/install/juice_dcb_msgs/lib/python3.6/site-packages:${PYTHONPATH} /usr/bin/cmake --build /home/nikhil/nourish_ws/build/juice_dcb -- -j12 -l12
[1.502s] DEBUG:colcon.colcon_core.event_handler.log_command:Invoking command in '/home/nikhil/nourish_ws/build/juice_dcb': AMENT_PREFIX_PATH=/home/nikhil/nourish_ws/install/nourish_dcb:/home/nikhil/nourish_ws/install/serial:/home/nikhil/nourish_ws/install/juice_dcb_msgs:${AMENT_PREFIX_PATH} CMAKE_PREFIX_PATH=/home/nikhil/nourish_ws/install/nourish_dcb:/home/nikhil/nourish_ws/install/serial:/home/nikhil/nourish_ws/install/juice_dcb_msgs:${CMAKE_PREFIX_PATH} LD_LIBRARY_PATH=/home/nikhil/nourish_ws/install/nourish_dcb/lib:/home/nikhil/nourish_ws/install/serial/lib:/home/nikhil/nourish_ws/install/juice_dcb_msgs/lib:${LD_LIBRARY_PATH} PYTHONPATH=/home/nikhil/nourish_ws/install/juice_dcb_msgs/lib/python3.6/site-packages:${PYTHONPATH} /usr/bin/cmake --build /home/nikhil/nourish_ws/build/juice_dcb --target install -- -j12 -l12
[1.598s] Level 1:colcon.colcon_core.environment:create_environment_scripts_only(juice_dcb)
[1.600s] Level 1:colcon.colcon_core.environment:checking '/home/nikhil/nourish_ws/install/juice_dcb' for CMake module files
[1.600s] DEBUG:colcon.colcon_core.event_handler.log_command:Invoked command in '/home/nikhil/nourish_ws/build/juice_dcb' returned '0': AMENT_PREFIX_PATH=/home/nikhil/nourish_ws/install/nourish_dcb:/home/nikhil/nourish_ws/install/serial:/home/nikhil/nourish_ws/install/juice_dcb_msgs:${AMENT_PREFIX_PATH} CMAKE_PREFIX_PATH=/home/nikhil/nourish_ws/install/nourish_dcb:/home/nikhil/nourish_ws/install/serial:/home/nikhil/nourish_ws/install/juice_dcb_msgs:${CMAKE_PREFIX_PATH} LD_LIBRARY_PATH=/home/nikhil/nourish_ws/install/nourish_dcb/lib:/home/nikhil/nourish_ws/install/serial/lib:/home/nikhil/nourish_ws/install/juice_dcb_msgs/lib:${LD_LIBRARY_PATH} PYTHONPATH=/home/nikhil/nourish_ws/install/juice_dcb_msgs/lib/python3.6/site-packages:${PYTHONPATH} /usr/bin/cmake --build /home/nikhil/nourish_ws/build/juice_dcb --target install -- -j12 -l12
[1.600s] Level 1:colcon.colcon_core.environment:checking '/home/nikhil/nourish_ws/install/juice_dcb' for CMake config files
[1.600s] Level 1:colcon.colcon_core.shell:create_environment_hook('juice_dcb', 'cmake_prefix_path')
[1.601s] INFO:colcon.colcon_core.shell:Creating environment hook '/home/nikhil/nourish_ws/install/juice_dcb/share/juice_dcb/hook/cmake_prefix_path.ps1'
[1.601s] INFO:colcon.colcon_core.shell:Creating environment descriptor '/home/nikhil/nourish_ws/install/juice_dcb/share/juice_dcb/hook/cmake_prefix_path.dsv'
[1.602s] INFO:colcon.colcon_core.shell:Creating environment hook '/home/nikhil/nourish_ws/install/juice_dcb/share/juice_dcb/hook/cmake_prefix_path.sh'
[1.602s] Level 1:colcon.colcon_core.environment:checking '/home/nikhil/nourish_ws/install/juice_dcb/lib'
[1.602s] Level 1:colcon.colcon_core.environment:checking '/home/nikhil/nourish_ws/install/juice_dcb/bin'
[1.603s] Level 1:colcon.colcon_core.environment:checking '/home/nikhil/nourish_ws/install/juice_dcb/lib/pkgconfig/juice_dcb.pc'
[1.603s] Level 1:colcon.colcon_core.environment:checking '/home/nikhil/nourish_ws/install/juice_dcb/lib/python3.6/site-packages'
[1.603s] INFO:colcon.colcon_core.shell:Creating package script '/home/nikhil/nourish_ws/install/juice_dcb/share/juice_dcb/package.ps1'
[1.604s] INFO:colcon.colcon_core.shell:Creating package descriptor '/home/nikhil/nourish_ws/install/juice_dcb/share/juice_dcb/package.dsv'
[1.604s] INFO:colcon.colcon_core.shell:Creating package script '/home/nikhil/nourish_ws/install/juice_dcb/share/juice_dcb/package.sh'
[1.604s] INFO:colcon.colcon_core.shell:Creating package script '/home/nikhil/nourish_ws/install/juice_dcb/share/juice_dcb/package.bash'
[1.605s] INFO:colcon.colcon_core.shell:Creating package script '/home/nikhil/nourish_ws/install/juice_dcb/share/juice_dcb/package.zsh'
[1.605s] Level 1:colcon.colcon_core.environment:create_file_with_runtime_dependencies(/home/nikhil/nourish_ws/install/juice_dcb/share/colcon-core/packages/juice_dcb)
[1.606s] DEBUG:colcon.colcon_core.event_handler.log_command:Invoked command in '/home/nikhil/nourish_ws/build/nourish_scale' returned '0': AMENT_PREFIX_PATH=/home/nikhil/nourish_ws/install/nourish_dcb:/home/nikhil/nourish_ws/install/serial:/home/nikhil/nourish_ws/install/nourish_scale_msgs:${AMENT_PREFIX_PATH} CMAKE_PREFIX_PATH=/home/nikhil/nourish_ws/install/nourish_dcb:/home/nikhil/nourish_ws/install/serial:/home/nikhil/nourish_ws/install/nourish_scale_msgs:${CMAKE_PREFIX_PATH} LD_LIBRARY_PATH=/home/nikhil/nourish_ws/install/nourish_dcb/lib:/home/nikhil/nourish_ws/install/serial/lib:/home/nikhil/nourish_ws/install/nourish_scale_msgs/lib:${LD_LIBRARY_PATH} PYTHONPATH=/home/nikhil/nourish_ws/install/nourish_scale_msgs/lib/python3.6/site-packages:${PYTHONPATH} /usr/bin/cmake --build /home/nikhil/nourish_ws/build/nourish_scale -- -j12 -l12
[1.635s] DEBUG:colcon.colcon_core.event_handler.log_command:Invoking command in '/home/nikhil/nourish_ws/build/nourish_scale': AMENT_PREFIX_PATH=/home/nikhil/nourish_ws/install/nourish_dcb:/home/nikhil/nourish_ws/install/serial:/home/nikhil/nourish_ws/install/nourish_scale_msgs:${AMENT_PREFIX_PATH} CMAKE_PREFIX_PATH=/home/nikhil/nourish_ws/install/nourish_dcb:/home/nikhil/nourish_ws/install/serial:/home/nikhil/nourish_ws/install/nourish_scale_msgs:${CMAKE_PREFIX_PATH} LD_LIBRARY_PATH=/home/nikhil/nourish_ws/install/nourish_dcb/lib:/home/nikhil/nourish_ws/install/serial/lib:/home/nikhil/nourish_ws/install/nourish_scale_msgs/lib:${LD_LIBRARY_PATH} PYTHONPATH=/home/nikhil/nourish_ws/install/nourish_scale_msgs/lib/python3.6/site-packages:${PYTHONPATH} /usr/bin/cmake --build /home/nikhil/nourish_ws/build/nourish_scale --target install -- -j12 -l12
[1.740s] Level 1:colcon.colcon_core.environment:create_environment_scripts_only(nourish_scale)
[1.741s] Level 1:colcon.colcon_core.environment:checking '/home/nikhil/nourish_ws/install/nourish_scale' for CMake module files
[1.741s] DEBUG:colcon.colcon_core.event_handler.log_command:Invoked command in '/home/nikhil/nourish_ws/build/nourish_scale' returned '0': AMENT_PREFIX_PATH=/home/nikhil/nourish_ws/install/nourish_dcb:/home/nikhil/nourish_ws/install/serial:/home/nikhil/nourish_ws/install/nourish_scale_msgs:${AMENT_PREFIX_PATH} CMAKE_PREFIX_PATH=/home/nikhil/nourish_ws/install/nourish_dcb:/home/nikhil/nourish_ws/install/serial:/home/nikhil/nourish_ws/install/nourish_scale_msgs:${CMAKE_PREFIX_PATH} LD_LIBRARY_PATH=/home/nikhil/nourish_ws/install/nourish_dcb/lib:/home/nikhil/nourish_ws/install/serial/lib:/home/nikhil/nourish_ws/install/nourish_scale_msgs/lib:${LD_LIBRARY_PATH} PYTHONPATH=/home/nikhil/nourish_ws/install/nourish_scale_msgs/lib/python3.6/site-packages:${PYTHONPATH} /usr/bin/cmake --build /home/nikhil/nourish_ws/build/nourish_scale --target install -- -j12 -l12
[1.742s] Level 1:colcon.colcon_core.environment:checking '/home/nikhil/nourish_ws/install/nourish_scale' for CMake config files
[1.742s] Level 1:colcon.colcon_core.shell:create_environment_hook('nourish_scale', 'cmake_prefix_path')
[1.743s] INFO:colcon.colcon_core.shell:Creating environment hook '/home/nikhil/nourish_ws/install/nourish_scale/share/nourish_scale/hook/cmake_prefix_path.ps1'
[1.743s] INFO:colcon.colcon_core.shell:Creating environment descriptor '/home/nikhil/nourish_ws/install/nourish_scale/share/nourish_scale/hook/cmake_prefix_path.dsv'
[1.743s] INFO:colcon.colcon_core.shell:Creating environment hook '/home/nikhil/nourish_ws/install/nourish_scale/share/nourish_scale/hook/cmake_prefix_path.sh'
[1.744s] Level 1:colcon.colcon_core.environment:checking '/home/nikhil/nourish_ws/install/nourish_scale/lib'
[1.744s] Level 1:colcon.colcon_core.environment:checking '/home/nikhil/nourish_ws/install/nourish_scale/bin'
[1.744s] Level 1:colcon.colcon_core.environment:checking '/home/nikhil/nourish_ws/install/nourish_scale/lib/pkgconfig/nourish_scale.pc'
[1.744s] Level 1:colcon.colcon_core.environment:checking '/home/nikhil/nourish_ws/install/nourish_scale/lib/python3.6/site-packages'
[1.745s] INFO:colcon.colcon_core.shell:Creating package script '/home/nikhil/nourish_ws/install/nourish_scale/share/nourish_scale/package.ps1'
[1.745s] INFO:colcon.colcon_core.shell:Creating package descriptor '/home/nikhil/nourish_ws/install/nourish_scale/share/nourish_scale/package.dsv'
[1.746s] INFO:colcon.colcon_core.shell:Creating package script '/home/nikhil/nourish_ws/install/nourish_scale/share/nourish_scale/package.sh'
[1.746s] INFO:colcon.colcon_core.shell:Creating package script '/home/nikhil/nourish_ws/install/nourish_scale/share/nourish_scale/package.bash'
[1.746s] INFO:colcon.colcon_core.shell:Creating package script '/home/nikhil/nourish_ws/install/nourish_scale/share/nourish_scale/package.zsh'
[1.747s] Level 1:colcon.colcon_core.environment:create_file_with_runtime_dependencies(/home/nikhil/nourish_ws/install/nourish_scale/share/colcon-core/packages/nourish_scale)
[1.747s] DEBUG:colcon.colcon_parallel_executor.executor.parallel:closing loop
[1.749s] DEBUG:colcon.colcon_parallel_executor.executor.parallel:loop closed
[1.749s] DEBUG:colcon.colcon_parallel_executor.executor.parallel:run_until_complete finished with '0'
[1.749s] DEBUG:colcon.colcon_core.event_reactor:joining thread
[1.755s] INFO:colcon.colcon_core.plugin_system:Skipping extension 'colcon_notification.desktop_notification.terminal_notifier': Not used on non-Darwin systems
[1.755s] INFO:colcon.colcon_core.plugin_system:Skipping extension 'colcon_notification.desktop_notification.win32': Not used on non-Windows systems
[1.755s] INFO:colcon.colcon_notification.desktop_notification:Sending desktop notification using 'notify2'
[1.759s] DEBUG:colcon.colcon_core.event_reactor:joined thread
[1.759s] INFO:colcon.colcon_core.shell:Creating prefix script '/home/nikhil/nourish_ws/install/local_setup.ps1'
[1.760s] INFO:colcon.colcon_core.shell:Creating prefix util module '/home/nikhil/nourish_ws/install/_local_setup_util_ps1.py'
[1.762s] INFO:colcon.colcon_core.shell:Creating prefix chain script '/home/nikhil/nourish_ws/install/setup.ps1'
[1.763s] INFO:colcon.colcon_core.shell:Creating prefix script '/home/nikhil/nourish_ws/install/local_setup.sh'
[1.764s] INFO:colcon.colcon_core.shell:Creating prefix util module '/home/nikhil/nourish_ws/install/_local_setup_util_sh.py'
[1.764s] INFO:colcon.colcon_core.shell:Creating prefix chain script '/home/nikhil/nourish_ws/install/setup.sh'
[1.766s] INFO:colcon.colcon_core.shell:Creating prefix script '/home/nikhil/nourish_ws/install/local_setup.bash'
[1.767s] INFO:colcon.colcon_core.shell:Creating prefix chain script '/home/nikhil/nourish_ws/install/setup.bash'
[1.769s] INFO:colcon.colcon_core.shell:Creating prefix script '/home/nikhil/nourish_ws/install/local_setup.zsh'
[1.769s] INFO:colcon.colcon_core.shell:Creating prefix chain script '/home/nikhil/nourish_ws/install/setup.zsh'
