[0.094s] -- The C compiler identification is GNU 7.5.0
[0.153s] -- The CXX compiler identification is GNU 7.5.0
[0.155s] -- Check for working C compiler: /usr/bin/cc
[0.224s] -- Check for working C compiler: /usr/bin/cc -- works
[0.224s] -- Detecting C compiler ABI info
[0.309s] -- Detecting C compiler ABI info - done
[0.313s] -- Detecting C compile features
[0.535s] -- Detecting C compile features - done
[0.538s] -- Check for working CXX compiler: /usr/bin/c++
[0.626s] -- Check for working CXX compiler: /usr/bin/c++ -- works
[0.627s] -- Detecting CXX compiler ABI info
[0.712s] -- Detecting CXX compiler ABI info - done
[0.716s] -- Detecting CXX compile features
[1.097s] -- Detecting CXX compile features - done
[1.099s] -- Found ament_cmake: 0.7.4 (/home/nikhil/ros2_dashing/ros2-linux/share/ament_cmake/cmake)
[1.134s] -- Found PythonInterp: /usr/bin/python3 (found suitable version "3.6.9", minimum required is "3") 
[1.134s] -- Using PYTHON_EXECUTABLE: /usr/bin/python3
[1.386s] -- Found action_msgs: 0.7.4 (/home/nikhil/ros2_dashing/ros2-linux/share/action_msgs/cmake)
[1.405s] -- Found rosidl_adapter: 0.7.9 (/home/nikhil/ros2_dashing/ros2-linux/share/rosidl_adapter/cmake)
[1.473s] -- Found rosidl_default_generators: 0.7.0 (/home/nikhil/ros2_dashing/ros2-linux/share/rosidl_default_generators/cmake)
[1.492s] -- Could not find RTI Connext - skipping rosidl_typesupport_connext_c
[1.509s] -- Could not find RTI Connext - skipping rosidl_typesupport_connext_cpp
[1.616s] -- Found OpenSSL: /usr/lib/x86_64-linux-gnu/libcrypto.so (found version "1.1.1") 
[1.645s] -- Found FastRTPS: /home/nikhil/ros2_dashing/ros2-linux/include  
[1.705s] -- Could not find PrismTech OpenSplice - skipping rosidl_typesupport_opensplice_c
[1.709s] -- Could not find PrismTech OpenSplice - skipping rosidl_typesupport_opensplice_cpp
[1.763s] -- Found PythonInterp: /usr/bin/python3 (found version "3.6.9") 
[1.987s] -- Using all available rosidl_typesupport_c: rosidl_typesupport_connext_c;rosidl_typesupport_fastrtps_c;rosidl_typesupport_introspection_c;rosidl_typesupport_opensplice_c
[1.999s] -- Using all available rosidl_typesupport_cpp: rosidl_typesupport_connext_cpp;rosidl_typesupport_fastrtps_cpp;rosidl_typesupport_introspection_cpp;rosidl_typesupport_opensplice_cpp
[2.126s] -- Found rmw_implementation_cmake: 0.7.2 (/home/nikhil/ros2_dashing/ros2-linux/share/rmw_implementation_cmake/cmake)
[2.163s] -- Found PythonInterp: /usr/bin/python3 (found suitable version "3.6.9", minimum required is "3.5") 
[2.163s] -- Found python_cmake_module: 0.7.10 (/home/nikhil/ros2_dashing/ros2-linux/share/python_cmake_module/cmake)
[2.192s] -- Found PythonLibs: /usr/lib/x86_64-linux-gnu/libpython3.6m.so (found suitable version "3.6.9", minimum required is "3.5") 
[2.192s] -- Using PYTHON_EXECUTABLE: /usr/bin/python3
[2.192s] -- Using PYTHON_INCLUDE_DIRS: /usr/include/python3.6m
[2.192s] -- Using PYTHON_LIBRARIES: /usr/lib/x86_64-linux-gnu/libpython3.6m.so
[2.236s] -- Found PythonExtra: .so  
[2.242s] -- Could not find RTI Connext - skipping rmw_connext_cpp
[2.349s] -- Could not find PrismTech OpenSplice - skipping rmw_opensplice_cpp
[2.415s] -- Found ament_lint_auto: 0.7.11 (/home/nikhil/ros2_dashing/ros2-linux/share/ament_lint_auto/cmake)
[2.439s] -- Added test 'lint_cmake' to check CMake code style
[2.440s] -- Added test 'xmllint' to check XML markup files
[2.445s] -- Configuring done
[2.681s] -- Generating done
[2.687s] -- Build files have been written to: /home/nikhil/nourish_ws/build/juice_spout_msgs
[2.753s] [  1%] [34m[1mGenerating C code for ROS interfaces[0m
[2.756s] [35m[1mScanning dependencies of target juice_spout_msgs__cpp[0m
[2.775s] [  3%] [34m[1mGenerating C++ code for ROS interfaces[0m
[4.384s] [  3%] Built target juice_spout_msgs__cpp
[4.450s] [  5%] [34m[1mGenerating C++ type support dispatch for ROS interfaces[0m
[4.468s] [35m[1mScanning dependencies of target juice_spout_msgs__rosidl_generator_c[0m
[4.472s] [  7%] [34m[1mGenerating C++ type support for eProsima Fast-RTPS[0m
[4.513s] [  9%] [34m[1mGenerating C++ introspection for ROS interfaces[0m
[4.589s] [ 10%] [32mBuilding C object CMakeFiles/juice_spout_msgs__rosidl_generator_c.dir/rosidl_generator_c/juice_spout_msgs/action/run_action_recipe__functions.c.o[0m
[4.596s] [ 12%] [32mBuilding C object CMakeFiles/juice_spout_msgs__rosidl_generator_c.dir/rosidl_generator_c/juice_spout_msgs/srv/run_recipe__functions.c.o[0m
[4.601s] [ 14%] [32mBuilding C object CMakeFiles/juice_spout_msgs__rosidl_generator_c.dir/rosidl_generator_c/juice_spout_msgs/srv/set_fill__functions.c.o[0m
[4.605s] [ 16%] [32mBuilding C object CMakeFiles/juice_spout_msgs__rosidl_generator_c.dir/rosidl_generator_c/juice_spout_msgs/msg/spout_state__functions.c.o[0m
[4.858s] [ 18%] [32m[1mLinking C shared library libjuice_spout_msgs__rosidl_generator_c.so[0m
[4.933s] [ 18%] Built target juice_spout_msgs__rosidl_generator_c
[4.951s] [ 20%] [34m[1mGenerating C type support dispatch for ROS interfaces[0m
[4.951s] [ 21%] [34m[1mGenerating C introspection for ROS interfaces[0m
[5.379s] [35m[1mScanning dependencies of target juice_spout_msgs__rosidl_typesupport_cpp[0m
[5.410s] [ 23%] [32mBuilding CXX object CMakeFiles/juice_spout_msgs__rosidl_typesupport_cpp.dir/rosidl_typesupport_cpp/juice_spout_msgs/srv/set_fill__type_support.cpp.o[0m
[5.414s] [ 25%] [32mBuilding CXX object CMakeFiles/juice_spout_msgs__rosidl_typesupport_cpp.dir/rosidl_typesupport_cpp/juice_spout_msgs/srv/run_recipe__type_support.cpp.o[0m
[5.417s] [ 27%] [32mBuilding CXX object CMakeFiles/juice_spout_msgs__rosidl_typesupport_cpp.dir/rosidl_typesupport_cpp/juice_spout_msgs/msg/spout_state__type_support.cpp.o[0m
[5.418s] [ 29%] [32mBuilding CXX object CMakeFiles/juice_spout_msgs__rosidl_typesupport_cpp.dir/rosidl_typesupport_cpp/juice_spout_msgs/action/run_action_recipe__type_support.cpp.o[0m
[5.901s] [35m[1mScanning dependencies of target juice_spout_msgs__rosidl_typesupport_introspection_cpp[0m
[5.938s] [ 30%] [32m[1mLinking CXX shared library libjuice_spout_msgs__rosidl_typesupport_cpp.so[0m
[6.000s] [ 32%] [32mBuilding CXX object CMakeFiles/juice_spout_msgs__rosidl_typesupport_introspection_cpp.dir/rosidl_typesupport_introspection_cpp/juice_spout_msgs/srv/run_recipe__type_support.cpp.o[0m
[6.024s] [ 34%] [32mBuilding CXX object CMakeFiles/juice_spout_msgs__rosidl_typesupport_introspection_cpp.dir/rosidl_typesupport_introspection_cpp/juice_spout_msgs/action/run_action_recipe__type_support.cpp.o[0m
[6.026s] [ 36%] [32mBuilding CXX object CMakeFiles/juice_spout_msgs__rosidl_typesupport_introspection_cpp.dir/rosidl_typesupport_introspection_cpp/juice_spout_msgs/msg/spout_state__type_support.cpp.o[0m
[6.071s] [ 38%] [32mBuilding CXX object CMakeFiles/juice_spout_msgs__rosidl_typesupport_introspection_cpp.dir/rosidl_typesupport_introspection_cpp/juice_spout_msgs/srv/set_fill__type_support.cpp.o[0m
[6.142s] [35m[1mScanning dependencies of target juice_spout_msgs__rosidl_typesupport_c[0m
[6.167s] [ 38%] Built target juice_spout_msgs__rosidl_typesupport_cpp
[6.174s] [35m[1mScanning dependencies of target juice_spout_msgs__rosidl_typesupport_fastrtps_cpp[0m
[6.218s] [ 40%] [32mBuilding CXX object CMakeFiles/juice_spout_msgs__rosidl_typesupport_c.dir/rosidl_typesupport_c/juice_spout_msgs/srv/run_recipe__type_support.cpp.o[0m
[6.227s] [ 41%] [32mBuilding CXX object CMakeFiles/juice_spout_msgs__rosidl_typesupport_fastrtps_cpp.dir/rosidl_typesupport_fastrtps_cpp/juice_spout_msgs/srv/dds_fastrtps/set_fill__type_support.cpp.o[0m
[6.242s] [ 43%] [32mBuilding CXX object CMakeFiles/juice_spout_msgs__rosidl_typesupport_c.dir/rosidl_typesupport_c/juice_spout_msgs/srv/set_fill__type_support.cpp.o[0m
[6.246s] [ 47%] [32mBuilding CXX object CMakeFiles/juice_spout_msgs__rosidl_typesupport_c.dir/rosidl_typesupport_c/juice_spout_msgs/action/run_action_recipe__type_support.cpp.o[0m
[6.246s] [ 47%] [32mBuilding CXX object CMakeFiles/juice_spout_msgs__rosidl_typesupport_fastrtps_cpp.dir/rosidl_typesupport_fastrtps_cpp/juice_spout_msgs/action/dds_fastrtps/run_action_recipe__type_support.cpp.o[0m
[6.257s] [ 49%] [32mBuilding CXX object CMakeFiles/juice_spout_msgs__rosidl_typesupport_fastrtps_cpp.dir/rosidl_typesupport_fastrtps_cpp/juice_spout_msgs/srv/dds_fastrtps/run_recipe__type_support.cpp.o[0m
[6.270s] [ 50%] [32mBuilding CXX object CMakeFiles/juice_spout_msgs__rosidl_typesupport_c.dir/rosidl_typesupport_c/juice_spout_msgs/msg/spout_state__type_support.cpp.o[0m
[6.470s] [ 52%] [32m[1mLinking CXX shared library libjuice_spout_msgs__rosidl_typesupport_c.so[0m
[6.492s] [ 54%] [32mBuilding CXX object CMakeFiles/juice_spout_msgs__rosidl_typesupport_fastrtps_cpp.dir/rosidl_typesupport_fastrtps_cpp/juice_spout_msgs/msg/dds_fastrtps/spout_state__type_support.cpp.o[0m
[6.517s] [35m[1mScanning dependencies of target juice_spout_msgs__rosidl_typesupport_introspection_c[0m
[6.609s] [ 56%] [32m[1mLinking CXX shared library libjuice_spout_msgs__rosidl_typesupport_introspection_cpp.so[0m
[6.613s] [ 58%] [32mBuilding C object CMakeFiles/juice_spout_msgs__rosidl_typesupport_introspection_c.dir/rosidl_typesupport_introspection_c/juice_spout_msgs/srv/set_fill__type_support.c.o[0m
[6.621s] [ 60%] [32mBuilding C object CMakeFiles/juice_spout_msgs__rosidl_typesupport_introspection_c.dir/rosidl_typesupport_introspection_c/juice_spout_msgs/srv/run_recipe__type_support.c.o[0m
[6.648s] [ 61%] [32mBuilding C object CMakeFiles/juice_spout_msgs__rosidl_typesupport_introspection_c.dir/rosidl_typesupport_introspection_c/juice_spout_msgs/action/run_action_recipe__type_support.c.o[0m
[6.663s] [ 63%] [32mBuilding C object CMakeFiles/juice_spout_msgs__rosidl_typesupport_introspection_c.dir/rosidl_typesupport_introspection_c/juice_spout_msgs/msg/spout_state__type_support.c.o[0m
[6.666s] [ 63%] Built target juice_spout_msgs__rosidl_typesupport_c
[6.809s] [ 65%] [32m[1mLinking C shared library libjuice_spout_msgs__rosidl_typesupport_introspection_c.so[0m
[6.823s] [ 65%] Built target juice_spout_msgs__rosidl_typesupport_introspection_cpp
[6.956s] [ 65%] Built target juice_spout_msgs__rosidl_typesupport_introspection_c
[7.150s] [ 67%] [32m[1mLinking CXX shared library libjuice_spout_msgs__rosidl_typesupport_fastrtps_cpp.so[0m
[7.282s] [ 67%] Built target juice_spout_msgs__rosidl_typesupport_fastrtps_cpp
[7.354s] [ 69%] [34m[1mGenerating C type support for eProsima Fast-RTPS[0m
[8.837s] [35m[1mScanning dependencies of target juice_spout_msgs__rosidl_typesupport_fastrtps_c[0m
[8.895s] [ 70%] [32mBuilding CXX object CMakeFiles/juice_spout_msgs__rosidl_typesupport_fastrtps_c.dir/rosidl_typesupport_fastrtps_c/juice_spout_msgs/action/run_action_recipe__type_support_c.cpp.o[0m
[8.924s] [ 72%] [32mBuilding CXX object CMakeFiles/juice_spout_msgs__rosidl_typesupport_fastrtps_c.dir/rosidl_typesupport_fastrtps_c/juice_spout_msgs/srv/set_fill__type_support_c.cpp.o[0m
[8.926s] [ 74%] [32mBuilding CXX object CMakeFiles/juice_spout_msgs__rosidl_typesupport_fastrtps_c.dir/rosidl_typesupport_fastrtps_c/juice_spout_msgs/msg/spout_state__type_support_c.cpp.o[0m
[8.932s] [ 76%] [32mBuilding CXX object CMakeFiles/juice_spout_msgs__rosidl_typesupport_fastrtps_c.dir/rosidl_typesupport_fastrtps_c/juice_spout_msgs/srv/run_recipe__type_support_c.cpp.o[0m
[9.733s] [ 78%] [32m[1mLinking CXX shared library libjuice_spout_msgs__rosidl_typesupport_fastrtps_c.so[0m
[9.961s] [ 78%] Built target juice_spout_msgs__rosidl_typesupport_fastrtps_c
[9.998s] [35m[1mScanning dependencies of target juice_spout_msgs[0m
[10.020s] [ 78%] Built target juice_spout_msgs
[10.069s] [35m[1mScanning dependencies of target juice_spout_msgs__py[0m
[10.135s] [ 80%] [34m[1mGenerating Python code for ROS interfaces[0m
[12.467s] [ 80%] Built target juice_spout_msgs__py
[12.479s] [35m[1mScanning dependencies of target juice_spout_msgs__python[0m
[12.504s] [ 81%] [32mBuilding C object CMakeFiles/juice_spout_msgs__python.dir/rosidl_generator_py/juice_spout_msgs/msg/_spout_state_s.c.o[0m
[12.505s] [ 83%] [32mBuilding C object CMakeFiles/juice_spout_msgs__python.dir/rosidl_generator_py/juice_spout_msgs/srv/_run_recipe_s.c.o[0m
[12.508s] [ 87%] [32mBuilding C object CMakeFiles/juice_spout_msgs__python.dir/rosidl_generator_py/juice_spout_msgs/action/_run_action_recipe_s.c.o[0m
[12.508s] [ 87%] [32mBuilding C object CMakeFiles/juice_spout_msgs__python.dir/rosidl_generator_py/juice_spout_msgs/srv/_set_fill_s.c.o[0m
[12.651s] [ 89%] [32m[1mLinking C shared library rosidl_generator_py/juice_spout_msgs/libjuice_spout_msgs__python.so[0m
[12.700s] [ 89%] Built target juice_spout_msgs__python
[12.712s] [35m[1mScanning dependencies of target juice_spout_msgs__rosidl_typesupport_c__pyext[0m
[12.712s] [35m[1mScanning dependencies of target juice_spout_msgs__rosidl_typesupport_introspection_c__pyext[0m
[12.712s] [35m[1mScanning dependencies of target juice_spout_msgs__rosidl_typesupport_fastrtps_c__pyext[0m
[12.731s] [ 90%] [32mBuilding C object CMakeFiles/juice_spout_msgs__rosidl_typesupport_c__pyext.dir/rosidl_generator_py/juice_spout_msgs/_juice_spout_msgs_s.ep.rosidl_typesupport_c.c.o[0m
[12.732s] [ 92%] [32mBuilding C object CMakeFiles/juice_spout_msgs__rosidl_typesupport_introspection_c__pyext.dir/rosidl_generator_py/juice_spout_msgs/_juice_spout_msgs_s.ep.rosidl_typesupport_introspection_c.c.o[0m
[12.738s] [ 94%] [32mBuilding C object CMakeFiles/juice_spout_msgs__rosidl_typesupport_fastrtps_c__pyext.dir/rosidl_generator_py/juice_spout_msgs/_juice_spout_msgs_s.ep.rosidl_typesupport_fastrtps_c.c.o[0m
[12.861s] [ 96%] [32m[1mLinking C shared library rosidl_generator_py/juice_spout_msgs/juice_spout_msgs_s__rosidl_typesupport_introspection_c.cpython-36m-x86_64-linux-gnu.so[0m
[12.866s] [ 98%] [32m[1mLinking C shared library rosidl_generator_py/juice_spout_msgs/juice_spout_msgs_s__rosidl_typesupport_c.cpython-36m-x86_64-linux-gnu.so[0m
[12.879s] [100%] [32m[1mLinking C shared library rosidl_generator_py/juice_spout_msgs/juice_spout_msgs_s__rosidl_typesupport_fastrtps_c.cpython-36m-x86_64-linux-gnu.so[0m
[12.930s] [100%] Built target juice_spout_msgs__rosidl_typesupport_introspection_c__pyext
[12.948s] [100%] Built target juice_spout_msgs__rosidl_typesupport_c__pyext
[12.974s] [100%] Built target juice_spout_msgs__rosidl_typesupport_fastrtps_c__pyext
[13.174s] [  1%] Built target juice_spout_msgs__cpp
[13.177s] [ 12%] Built target juice_spout_msgs__rosidl_generator_c
[13.203s] [ 23%] Built target juice_spout_msgs__rosidl_typesupport_introspection_cpp
[13.211s] [ 34%] Built target juice_spout_msgs__rosidl_typesupport_c
[13.215s] [ 56%] Built target juice_spout_msgs__rosidl_typesupport_cpp
[13.215s] [ 56%] Built target juice_spout_msgs__rosidl_typesupport_fastrtps_cpp
[13.216s] [ 67%] Built target juice_spout_msgs__rosidl_typesupport_introspection_c
[13.326s] [ 78%] Built target juice_spout_msgs__rosidl_typesupport_fastrtps_c
[13.514s] [ 78%] Built target juice_spout_msgs
[13.690s] [ 80%] Built target juice_spout_msgs__py
[13.801s] [ 89%] Built target juice_spout_msgs__python
[13.852s] [ 92%] Built target juice_spout_msgs__rosidl_typesupport_fastrtps_c__pyext
[13.852s] [ 96%] Built target juice_spout_msgs__rosidl_typesupport_c__pyext
[13.856s] [100%] Built target juice_spout_msgs__rosidl_typesupport_introspection_c__pyext
[13.885s] [36mInstall the project...[0m
[13.895s] -- Install configuration: ""
[13.895s] -- Installing: /home/nikhil/nourish_ws/install/juice_spout_msgs/share/ament_index/resource_index/rosidl_interfaces/juice_spout_msgs
[13.896s] -- Installing: /home/nikhil/nourish_ws/install/juice_spout_msgs/include/juice_spout_msgs
[13.896s] -- Installing: /home/nikhil/nourish_ws/install/juice_spout_msgs/include/juice_spout_msgs/action
[13.896s] -- Installing: /home/nikhil/nourish_ws/install/juice_spout_msgs/include/juice_spout_msgs/action/run_action_recipe.hpp
[13.896s] -- Installing: /home/nikhil/nourish_ws/install/juice_spout_msgs/include/juice_spout_msgs/action/run_action_recipe__struct.hpp
[13.897s] -- Installing: /home/nikhil/nourish_ws/install/juice_spout_msgs/include/juice_spout_msgs/action/run_action_recipe__traits.hpp
[13.897s] -- Installing: /home/nikhil/nourish_ws/install/juice_spout_msgs/include/juice_spout_msgs/msg
[13.897s] -- Installing: /home/nikhil/nourish_ws/install/juice_spout_msgs/include/juice_spout_msgs/msg/spout_state__traits.hpp
[13.897s] -- Installing: /home/nikhil/nourish_ws/install/juice_spout_msgs/include/juice_spout_msgs/msg/spout_state.hpp
[13.897s] -- Installing: /home/nikhil/nourish_ws/install/juice_spout_msgs/include/juice_spout_msgs/msg/spout_state__struct.hpp
[13.898s] -- Installing: /home/nikhil/nourish_ws/install/juice_spout_msgs/include/juice_spout_msgs/srv
[13.898s] -- Installing: /home/nikhil/nourish_ws/install/juice_spout_msgs/include/juice_spout_msgs/srv/run_recipe__struct.hpp
[13.898s] -- Installing: /home/nikhil/nourish_ws/install/juice_spout_msgs/include/juice_spout_msgs/srv/set_fill.hpp
[13.898s] -- Installing: /home/nikhil/nourish_ws/install/juice_spout_msgs/include/juice_spout_msgs/srv/set_fill__traits.hpp
[13.899s] -- Installing: /home/nikhil/nourish_ws/install/juice_spout_msgs/include/juice_spout_msgs/srv/run_recipe.hpp
[13.899s] -- Installing: /home/nikhil/nourish_ws/install/juice_spout_msgs/include/juice_spout_msgs/srv/set_fill__struct.hpp
[13.899s] -- Installing: /home/nikhil/nourish_ws/install/juice_spout_msgs/include/juice_spout_msgs/srv/run_recipe__traits.hpp
[13.899s] -- Up-to-date: /home/nikhil/nourish_ws/install/juice_spout_msgs/include/juice_spout_msgs
[13.900s] -- Up-to-date: /home/nikhil/nourish_ws/install/juice_spout_msgs/include/juice_spout_msgs/action
[13.900s] -- Installing: /home/nikhil/nourish_ws/install/juice_spout_msgs/include/juice_spout_msgs/action/run_action_recipe.h
[13.900s] -- Installing: /home/nikhil/nourish_ws/install/juice_spout_msgs/include/juice_spout_msgs/action/run_action_recipe__type_support.h
[13.900s] -- Installing: /home/nikhil/nourish_ws/install/juice_spout_msgs/include/juice_spout_msgs/action/run_action_recipe__functions.c
[13.900s] -- Installing: /home/nikhil/nourish_ws/install/juice_spout_msgs/include/juice_spout_msgs/action/run_action_recipe__functions.h
[13.901s] -- Installing: /home/nikhil/nourish_ws/install/juice_spout_msgs/include/juice_spout_msgs/action/run_action_recipe__struct.h
[13.901s] -- Up-to-date: /home/nikhil/nourish_ws/install/juice_spout_msgs/include/juice_spout_msgs/msg
[13.901s] -- Installing: /home/nikhil/nourish_ws/install/juice_spout_msgs/include/juice_spout_msgs/msg/spout_state__struct.h
[13.901s] -- Installing: /home/nikhil/nourish_ws/install/juice_spout_msgs/include/juice_spout_msgs/msg/spout_state__type_support.h
[13.901s] -- Installing: /home/nikhil/nourish_ws/install/juice_spout_msgs/include/juice_spout_msgs/msg/spout_state__functions.c
[13.901s] -- Installing: /home/nikhil/nourish_ws/install/juice_spout_msgs/include/juice_spout_msgs/msg/rosidl_generator_c__visibility_control.h
[13.902s] -- Installing: /home/nikhil/nourish_ws/install/juice_spout_msgs/include/juice_spout_msgs/msg/spout_state__functions.h
[13.902s] -- Installing: /home/nikhil/nourish_ws/install/juice_spout_msgs/include/juice_spout_msgs/msg/spout_state.h
[13.902s] -- Up-to-date: /home/nikhil/nourish_ws/install/juice_spout_msgs/include/juice_spout_msgs/srv
[13.902s] -- Installing: /home/nikhil/nourish_ws/install/juice_spout_msgs/include/juice_spout_msgs/srv/run_recipe.h
[13.902s] -- Installing: /home/nikhil/nourish_ws/install/juice_spout_msgs/include/juice_spout_msgs/srv/set_fill__type_support.h
[13.902s] -- Installing: /home/nikhil/nourish_ws/install/juice_spout_msgs/include/juice_spout_msgs/srv/run_recipe__functions.c
[13.903s] -- Installing: /home/nikhil/nourish_ws/install/juice_spout_msgs/include/juice_spout_msgs/srv/set_fill__functions.c
[13.903s] -- Installing: /home/nikhil/nourish_ws/install/juice_spout_msgs/include/juice_spout_msgs/srv/run_recipe__struct.h
[13.903s] -- Installing: /home/nikhil/nourish_ws/install/juice_spout_msgs/include/juice_spout_msgs/srv/set_fill.h
[13.903s] -- Installing: /home/nikhil/nourish_ws/install/juice_spout_msgs/include/juice_spout_msgs/srv/set_fill__struct.h
[13.903s] -- Installing: /home/nikhil/nourish_ws/install/juice_spout_msgs/include/juice_spout_msgs/srv/run_recipe__type_support.h
[13.904s] -- Installing: /home/nikhil/nourish_ws/install/juice_spout_msgs/include/juice_spout_msgs/srv/set_fill__functions.h
[13.904s] -- Installing: /home/nikhil/nourish_ws/install/juice_spout_msgs/include/juice_spout_msgs/srv/run_recipe__functions.h
[13.904s] -- Installing: /home/nikhil/nourish_ws/install/juice_spout_msgs/share/juice_spout_msgs/environment/library_path.sh
[13.904s] -- Installing: /home/nikhil/nourish_ws/install/juice_spout_msgs/lib/libjuice_spout_msgs__rosidl_generator_c.so
[13.904s] -- Set runtime path of "/home/nikhil/nourish_ws/install/juice_spout_msgs/lib/libjuice_spout_msgs__rosidl_generator_c.so" to ""
[13.904s] -- Installing: /home/nikhil/nourish_ws/install/juice_spout_msgs/lib/libjuice_spout_msgs__rosidl_typesupport_c.so
[13.905s] -- Set runtime path of "/home/nikhil/nourish_ws/install/juice_spout_msgs/lib/libjuice_spout_msgs__rosidl_typesupport_c.so" to ""
[13.905s] -- Installing: /home/nikhil/nourish_ws/install/juice_spout_msgs/lib/libjuice_spout_msgs__rosidl_typesupport_cpp.so
[13.905s] -- Set runtime path of "/home/nikhil/nourish_ws/install/juice_spout_msgs/lib/libjuice_spout_msgs__rosidl_typesupport_cpp.so" to ""
[13.905s] -- Up-to-date: /home/nikhil/nourish_ws/install/juice_spout_msgs/include/juice_spout_msgs
[13.905s] -- Up-to-date: /home/nikhil/nourish_ws/install/juice_spout_msgs/include/juice_spout_msgs/action
[13.905s] -- Installing: /home/nikhil/nourish_ws/install/juice_spout_msgs/include/juice_spout_msgs/action/run_action_recipe__rosidl_typesupport_introspection_c.h
[13.906s] -- Installing: /home/nikhil/nourish_ws/install/juice_spout_msgs/include/juice_spout_msgs/action/run_action_recipe__type_support.c
[13.906s] -- Up-to-date: /home/nikhil/nourish_ws/install/juice_spout_msgs/include/juice_spout_msgs/msg
[13.906s] -- Installing: /home/nikhil/nourish_ws/install/juice_spout_msgs/include/juice_spout_msgs/msg/spout_state__type_support.c
[13.906s] -- Installing: /home/nikhil/nourish_ws/install/juice_spout_msgs/include/juice_spout_msgs/msg/rosidl_typesupport_introspection_c__visibility_control.h
[13.906s] -- Installing: /home/nikhil/nourish_ws/install/juice_spout_msgs/include/juice_spout_msgs/msg/spout_state__rosidl_typesupport_introspection_c.h
[13.906s] -- Up-to-date: /home/nikhil/nourish_ws/install/juice_spout_msgs/include/juice_spout_msgs/srv
[13.906s] -- Installing: /home/nikhil/nourish_ws/install/juice_spout_msgs/include/juice_spout_msgs/srv/run_recipe__rosidl_typesupport_introspection_c.h
[13.907s] -- Installing: /home/nikhil/nourish_ws/install/juice_spout_msgs/include/juice_spout_msgs/srv/set_fill__type_support.c
[13.907s] -- Installing: /home/nikhil/nourish_ws/install/juice_spout_msgs/include/juice_spout_msgs/srv/set_fill__rosidl_typesupport_introspection_c.h
[13.907s] -- Installing: /home/nikhil/nourish_ws/install/juice_spout_msgs/include/juice_spout_msgs/srv/run_recipe__type_support.c
[13.907s] -- Installing: /home/nikhil/nourish_ws/install/juice_spout_msgs/lib/libjuice_spout_msgs__rosidl_typesupport_introspection_c.so
[13.907s] -- Set runtime path of "/home/nikhil/nourish_ws/install/juice_spout_msgs/lib/libjuice_spout_msgs__rosidl_typesupport_introspection_c.so" to ""
[13.907s] -- Up-to-date: /home/nikhil/nourish_ws/install/juice_spout_msgs/include/juice_spout_msgs
[13.907s] -- Up-to-date: /home/nikhil/nourish_ws/install/juice_spout_msgs/include/juice_spout_msgs/action
[13.908s] -- Installing: /home/nikhil/nourish_ws/install/juice_spout_msgs/include/juice_spout_msgs/action/run_action_recipe__rosidl_typesupport_introspection_cpp.hpp
[13.908s] -- Installing: /home/nikhil/nourish_ws/install/juice_spout_msgs/include/juice_spout_msgs/action/run_action_recipe__type_support.cpp
[13.908s] -- Up-to-date: /home/nikhil/nourish_ws/install/juice_spout_msgs/include/juice_spout_msgs/msg
[13.908s] -- Installing: /home/nikhil/nourish_ws/install/juice_spout_msgs/include/juice_spout_msgs/msg/spout_state__rosidl_typesupport_introspection_cpp.hpp
[13.908s] -- Installing: /home/nikhil/nourish_ws/install/juice_spout_msgs/include/juice_spout_msgs/msg/spout_state__type_support.cpp
[13.908s] -- Up-to-date: /home/nikhil/nourish_ws/install/juice_spout_msgs/include/juice_spout_msgs/srv
[13.909s] -- Installing: /home/nikhil/nourish_ws/install/juice_spout_msgs/include/juice_spout_msgs/srv/run_recipe__type_support.cpp
[13.909s] -- Installing: /home/nikhil/nourish_ws/install/juice_spout_msgs/include/juice_spout_msgs/srv/set_fill__rosidl_typesupport_introspection_cpp.hpp
[13.909s] -- Installing: /home/nikhil/nourish_ws/install/juice_spout_msgs/include/juice_spout_msgs/srv/run_recipe__rosidl_typesupport_introspection_cpp.hpp
[13.909s] -- Installing: /home/nikhil/nourish_ws/install/juice_spout_msgs/include/juice_spout_msgs/srv/set_fill__type_support.cpp
[13.909s] -- Installing: /home/nikhil/nourish_ws/install/juice_spout_msgs/lib/libjuice_spout_msgs__rosidl_typesupport_introspection_cpp.so
[13.909s] -- Set runtime path of "/home/nikhil/nourish_ws/install/juice_spout_msgs/lib/libjuice_spout_msgs__rosidl_typesupport_introspection_cpp.so" to ""
[13.909s] -- Up-to-date: /home/nikhil/nourish_ws/install/juice_spout_msgs/include/juice_spout_msgs
[13.910s] -- Up-to-date: /home/nikhil/nourish_ws/install/juice_spout_msgs/include/juice_spout_msgs/action
[13.910s] -- Installing: /home/nikhil/nourish_ws/install/juice_spout_msgs/include/juice_spout_msgs/action/run_action_recipe__rosidl_typesupport_fastrtps_c.h
[13.910s] -- Up-to-date: /home/nikhil/nourish_ws/install/juice_spout_msgs/include/juice_spout_msgs/msg
[13.910s] -- Installing: /home/nikhil/nourish_ws/install/juice_spout_msgs/include/juice_spout_msgs/msg/spout_state__rosidl_typesupport_fastrtps_c.h
[13.910s] -- Installing: /home/nikhil/nourish_ws/install/juice_spout_msgs/include/juice_spout_msgs/msg/rosidl_typesupport_fastrtps_c__visibility_control.h
[13.910s] -- Up-to-date: /home/nikhil/nourish_ws/install/juice_spout_msgs/include/juice_spout_msgs/srv
[13.911s] -- Installing: /home/nikhil/nourish_ws/install/juice_spout_msgs/include/juice_spout_msgs/srv/run_recipe__rosidl_typesupport_fastrtps_c.h
[13.911s] -- Installing: /home/nikhil/nourish_ws/install/juice_spout_msgs/include/juice_spout_msgs/srv/set_fill__rosidl_typesupport_fastrtps_c.h
[13.911s] -- Installing: /home/nikhil/nourish_ws/install/juice_spout_msgs/lib/libjuice_spout_msgs__rosidl_typesupport_fastrtps_c.so
[13.911s] -- Set runtime path of "/home/nikhil/nourish_ws/install/juice_spout_msgs/lib/libjuice_spout_msgs__rosidl_typesupport_fastrtps_c.so" to ""
[13.911s] -- Up-to-date: /home/nikhil/nourish_ws/install/juice_spout_msgs/include/juice_spout_msgs
[13.911s] -- Up-to-date: /home/nikhil/nourish_ws/install/juice_spout_msgs/include/juice_spout_msgs/action
[13.911s] -- Installing: /home/nikhil/nourish_ws/install/juice_spout_msgs/include/juice_spout_msgs/action/run_action_recipe__rosidl_typesupport_fastrtps_cpp.hpp
[13.912s] -- Installing: /home/nikhil/nourish_ws/install/juice_spout_msgs/include/juice_spout_msgs/action/dds_fastrtps
[13.912s] -- Up-to-date: /home/nikhil/nourish_ws/install/juice_spout_msgs/include/juice_spout_msgs/msg
[13.912s] -- Installing: /home/nikhil/nourish_ws/install/juice_spout_msgs/include/juice_spout_msgs/msg/dds_fastrtps
[13.912s] -- Installing: /home/nikhil/nourish_ws/install/juice_spout_msgs/include/juice_spout_msgs/msg/rosidl_typesupport_fastrtps_cpp__visibility_control.h
[13.912s] -- Installing: /home/nikhil/nourish_ws/install/juice_spout_msgs/include/juice_spout_msgs/msg/spout_state__rosidl_typesupport_fastrtps_cpp.hpp
[13.912s] -- Up-to-date: /home/nikhil/nourish_ws/install/juice_spout_msgs/include/juice_spout_msgs/srv
[13.912s] -- Installing: /home/nikhil/nourish_ws/install/juice_spout_msgs/include/juice_spout_msgs/srv/run_recipe__rosidl_typesupport_fastrtps_cpp.hpp
[13.913s] -- Installing: /home/nikhil/nourish_ws/install/juice_spout_msgs/include/juice_spout_msgs/srv/set_fill__rosidl_typesupport_fastrtps_cpp.hpp
[13.913s] -- Installing: /home/nikhil/nourish_ws/install/juice_spout_msgs/include/juice_spout_msgs/srv/dds_fastrtps
[13.913s] -- Installing: /home/nikhil/nourish_ws/install/juice_spout_msgs/lib/libjuice_spout_msgs__rosidl_typesupport_fastrtps_cpp.so
[13.913s] -- Set runtime path of "/home/nikhil/nourish_ws/install/juice_spout_msgs/lib/libjuice_spout_msgs__rosidl_typesupport_fastrtps_cpp.so" to ""
[13.913s] -- Installing: /home/nikhil/nourish_ws/install/juice_spout_msgs/share/juice_spout_msgs/environment/pythonpath.sh
[13.913s] -- Installing: /home/nikhil/nourish_ws/install/juice_spout_msgs/lib/python3.6/site-packages/juice_spout_msgs/__init__.py
[13.945s] Compiling '/home/nikhil/nourish_ws/install/juice_spout_msgs/lib/python3.6/site-packages/juice_spout_msgs/__init__.py'...
[13.952s] -- Installing: /home/nikhil/nourish_ws/install/juice_spout_msgs/lib/python3.6/site-packages/juice_spout_msgs/srv
[13.952s] -- Installing: /home/nikhil/nourish_ws/install/juice_spout_msgs/lib/python3.6/site-packages/juice_spout_msgs/srv/_run_recipe.py
[13.952s] -- Installing: /home/nikhil/nourish_ws/install/juice_spout_msgs/lib/python3.6/site-packages/juice_spout_msgs/srv/__init__.py
[13.952s] -- Installing: /home/nikhil/nourish_ws/install/juice_spout_msgs/lib/python3.6/site-packages/juice_spout_msgs/srv/_set_fill.py
[13.953s] -- Installing: /home/nikhil/nourish_ws/install/juice_spout_msgs/lib/python3.6/site-packages/juice_spout_msgs/srv/_run_recipe_s.c
[13.953s] -- Installing: /home/nikhil/nourish_ws/install/juice_spout_msgs/lib/python3.6/site-packages/juice_spout_msgs/srv/_set_fill_s.c
[13.953s] -- Installing: /home/nikhil/nourish_ws/install/juice_spout_msgs/lib/python3.6/site-packages/juice_spout_msgs/action
[13.953s] -- Installing: /home/nikhil/nourish_ws/install/juice_spout_msgs/lib/python3.6/site-packages/juice_spout_msgs/action/_run_action_recipe_s.c
[13.953s] -- Installing: /home/nikhil/nourish_ws/install/juice_spout_msgs/lib/python3.6/site-packages/juice_spout_msgs/action/__init__.py
[13.953s] -- Installing: /home/nikhil/nourish_ws/install/juice_spout_msgs/lib/python3.6/site-packages/juice_spout_msgs/action/_run_action_recipe.py
[13.954s] -- Installing: /home/nikhil/nourish_ws/install/juice_spout_msgs/lib/python3.6/site-packages/juice_spout_msgs/msg
[13.954s] -- Installing: /home/nikhil/nourish_ws/install/juice_spout_msgs/lib/python3.6/site-packages/juice_spout_msgs/msg/_spout_state.py
[13.954s] -- Installing: /home/nikhil/nourish_ws/install/juice_spout_msgs/lib/python3.6/site-packages/juice_spout_msgs/msg/_spout_state_s.c
[13.954s] -- Installing: /home/nikhil/nourish_ws/install/juice_spout_msgs/lib/python3.6/site-packages/juice_spout_msgs/msg/__init__.py
[13.954s] -- Installing: /home/nikhil/nourish_ws/install/juice_spout_msgs/lib/python3.6/site-packages/juice_spout_msgs/juice_spout_msgs_s__rosidl_typesupport_c.cpython-36m-x86_64-linux-gnu.so
[13.955s] -- Set runtime path of "/home/nikhil/nourish_ws/install/juice_spout_msgs/lib/python3.6/site-packages/juice_spout_msgs/juice_spout_msgs_s__rosidl_typesupport_c.cpython-36m-x86_64-linux-gnu.so" to ""
[13.955s] -- Installing: /home/nikhil/nourish_ws/install/juice_spout_msgs/lib/python3.6/site-packages/juice_spout_msgs/juice_spout_msgs_s__rosidl_typesupport_introspection_c.cpython-36m-x86_64-linux-gnu.so
[13.955s] -- Set runtime path of "/home/nikhil/nourish_ws/install/juice_spout_msgs/lib/python3.6/site-packages/juice_spout_msgs/juice_spout_msgs_s__rosidl_typesupport_introspection_c.cpython-36m-x86_64-linux-gnu.so" to ""
[13.956s] -- Installing: /home/nikhil/nourish_ws/install/juice_spout_msgs/lib/python3.6/site-packages/juice_spout_msgs/juice_spout_msgs_s__rosidl_typesupport_fastrtps_c.cpython-36m-x86_64-linux-gnu.so
[13.956s] -- Set runtime path of "/home/nikhil/nourish_ws/install/juice_spout_msgs/lib/python3.6/site-packages/juice_spout_msgs/juice_spout_msgs_s__rosidl_typesupport_fastrtps_c.cpython-36m-x86_64-linux-gnu.so" to ""
[13.957s] -- Installing: /home/nikhil/nourish_ws/install/juice_spout_msgs/lib/libjuice_spout_msgs__python.so
[13.957s] -- Set runtime path of "/home/nikhil/nourish_ws/install/juice_spout_msgs/lib/libjuice_spout_msgs__python.so" to ""
[13.957s] -- Installing: /home/nikhil/nourish_ws/install/juice_spout_msgs/share/juice_spout_msgs/srv/RunRecipe.idl
[13.957s] -- Installing: /home/nikhil/nourish_ws/install/juice_spout_msgs/share/juice_spout_msgs/srv/SetFill.idl
[13.958s] -- Installing: /home/nikhil/nourish_ws/install/juice_spout_msgs/share/juice_spout_msgs/action/RunActionRecipe.idl
[13.958s] -- Installing: /home/nikhil/nourish_ws/install/juice_spout_msgs/share/juice_spout_msgs/msg/SpoutState.idl
[13.958s] -- Installing: /home/nikhil/nourish_ws/install/juice_spout_msgs/share/juice_spout_msgs/srv/RunRecipe.srv
[13.958s] -- Installing: /home/nikhil/nourish_ws/install/juice_spout_msgs/share/juice_spout_msgs/srv/RunRecipe_Request.msg
[13.958s] -- Installing: /home/nikhil/nourish_ws/install/juice_spout_msgs/share/juice_spout_msgs/srv/RunRecipe_Response.msg
[13.959s] -- Installing: /home/nikhil/nourish_ws/install/juice_spout_msgs/share/juice_spout_msgs/srv/SetFill.srv
[13.959s] -- Installing: /home/nikhil/nourish_ws/install/juice_spout_msgs/share/juice_spout_msgs/srv/SetFill_Request.msg
[13.959s] -- Installing: /home/nikhil/nourish_ws/install/juice_spout_msgs/share/juice_spout_msgs/srv/SetFill_Response.msg
[13.959s] -- Installing: /home/nikhil/nourish_ws/install/juice_spout_msgs/share/juice_spout_msgs/action/RunActionRecipe.action
[13.959s] -- Installing: /home/nikhil/nourish_ws/install/juice_spout_msgs/share/juice_spout_msgs/msg/SpoutState.msg
[13.959s] -- Installing: /home/nikhil/nourish_ws/install/juice_spout_msgs/share/ament_index/resource_index/package_run_dependencies/juice_spout_msgs
[13.959s] -- Installing: /home/nikhil/nourish_ws/install/juice_spout_msgs/share/ament_index/resource_index/parent_prefix_path/juice_spout_msgs
[13.960s] -- Installing: /home/nikhil/nourish_ws/install/juice_spout_msgs/share/juice_spout_msgs/environment/ament_prefix_path.sh
[13.960s] -- Installing: /home/nikhil/nourish_ws/install/juice_spout_msgs/share/juice_spout_msgs/environment/path.sh
[13.960s] -- Installing: /home/nikhil/nourish_ws/install/juice_spout_msgs/share/juice_spout_msgs/local_setup.bash
[13.960s] -- Installing: /home/nikhil/nourish_ws/install/juice_spout_msgs/share/juice_spout_msgs/local_setup.sh
[13.960s] -- Installing: /home/nikhil/nourish_ws/install/juice_spout_msgs/share/juice_spout_msgs/local_setup.zsh
[13.960s] -- Installing: /home/nikhil/nourish_ws/install/juice_spout_msgs/share/ament_index/resource_index/packages/juice_spout_msgs
[13.960s] -- Installing: /home/nikhil/nourish_ws/install/juice_spout_msgs/share/juice_spout_msgs/cmake/rosidl_cmake-extras.cmake
[13.961s] -- Installing: /home/nikhil/nourish_ws/install/juice_spout_msgs/share/juice_spout_msgs/cmake/ament_cmake_export_dependencies-extras.cmake
[13.961s] -- Installing: /home/nikhil/nourish_ws/install/juice_spout_msgs/share/juice_spout_msgs/cmake/ament_cmake_export_include_directories-extras.cmake
[13.961s] -- Installing: /home/nikhil/nourish_ws/install/juice_spout_msgs/share/juice_spout_msgs/cmake/ament_cmake_export_libraries-extras.cmake
[13.961s] -- Installing: /home/nikhil/nourish_ws/install/juice_spout_msgs/share/juice_spout_msgs/cmake/juice_spout_msgsConfig.cmake
[13.962s] -- Installing: /home/nikhil/nourish_ws/install/juice_spout_msgs/share/juice_spout_msgs/cmake/juice_spout_msgsConfig-version.cmake
[13.962s] -- Installing: /home/nikhil/nourish_ws/install/juice_spout_msgs/share/juice_spout_msgs/package.xml
