[0.112s] [  0%] Built target nourish_robot_arm_msgs__cpp
[0.113s] [ 12%] Built target nourish_robot_arm_msgs__rosidl_generator_c
[0.160s] [ 32%] Built target nourish_robot_arm_msgs__rosidl_typesupport_cpp
[0.160s] [ 36%] Built target nourish_robot_arm_msgs__rosidl_typesupport_c
[0.160s] [ 48%] Built target nourish_robot_arm_msgs__rosidl_typesupport_introspection_cpp
[0.173s] [ 70%] Built target nourish_robot_arm_msgs__rosidl_typesupport_fastrtps_cpp
[0.174s] [ 72%] Built target nourish_robot_arm_msgs__rosidl_typesupport_introspection_c
[0.212s] [ 84%] Built target nourish_robot_arm_msgs__rosidl_typesupport_fastrtps_c
[0.233s] [ 84%] Built target nourish_robot_arm_msgs
[0.260s] [ 85%] Built target nourish_robot_arm_msgs__py
[0.304s] [ 96%] Built target nourish_robot_arm_msgs__python
[0.336s] [ 97%] Built target nourish_robot_arm_msgs__rosidl_typesupport_c__pyext
[0.337s] [ 98%] Built target nourish_robot_arm_msgs__rosidl_typesupport_fastrtps_c__pyext
[0.340s] [100%] Built target nourish_robot_arm_msgs__rosidl_typesupport_introspection_c__pyext
[0.752s] [  0%] Built target nourish_robot_arm_msgs__cpp
[0.761s] [ 12%] Built target nourish_robot_arm_msgs__rosidl_generator_c
[0.787s] [ 24%] Built target nourish_robot_arm_msgs__rosidl_typesupport_introspection_cpp
[0.791s] [ 36%] Built target nourish_robot_arm_msgs__rosidl_typesupport_cpp
[0.794s] [ 48%] Built target nourish_robot_arm_msgs__rosidl_typesupport_introspection_c
[0.796s] [ 60%] Built target nourish_robot_arm_msgs__rosidl_typesupport_fastrtps_cpp
[0.796s] [ 72%] Built target nourish_robot_arm_msgs__rosidl_typesupport_c
[0.830s] [ 84%] Built target nourish_robot_arm_msgs__rosidl_typesupport_fastrtps_c
[0.854s] [ 84%] Built target nourish_robot_arm_msgs
[0.874s] [ 85%] Built target nourish_robot_arm_msgs__py
[0.916s] [ 96%] Built target nourish_robot_arm_msgs__python
[0.945s] [ 97%] Built target nourish_robot_arm_msgs__rosidl_typesupport_c__pyext
[0.947s] [ 98%] Built target nourish_robot_arm_msgs__rosidl_typesupport_fastrtps_c__pyext
[0.949s] [100%] Built target nourish_robot_arm_msgs__rosidl_typesupport_introspection_c__pyext
[0.971s] [36mInstall the project...[0m
[0.981s] -- Install configuration: ""
[0.981s] -- Up-to-date: /home/nikhil/nourish_ws/install/nourish_robot_arm_msgs/share/ament_index/resource_index/rosidl_interfaces/nourish_robot_arm_msgs
[0.981s] -- Up-to-date: /home/nikhil/nourish_ws/install/nourish_robot_arm_msgs/include/nourish_robot_arm_msgs
[0.981s] -- Up-to-date: /home/nikhil/nourish_ws/install/nourish_robot_arm_msgs/include/nourish_robot_arm_msgs/action
[0.982s] -- Up-to-date: /home/nikhil/nourish_ws/install/nourish_robot_arm_msgs/include/nourish_robot_arm_msgs/action/execute_path__traits.hpp
[0.982s] -- Up-to-date: /home/nikhil/nourish_ws/install/nourish_robot_arm_msgs/include/nourish_robot_arm_msgs/action/execute_path.hpp
[0.982s] -- Up-to-date: /home/nikhil/nourish_ws/install/nourish_robot_arm_msgs/include/nourish_robot_arm_msgs/action/register_point__traits.hpp
[0.982s] -- Up-to-date: /home/nikhil/nourish_ws/install/nourish_robot_arm_msgs/include/nourish_robot_arm_msgs/action/register_point.hpp
[0.982s] -- Up-to-date: /home/nikhil/nourish_ws/install/nourish_robot_arm_msgs/include/nourish_robot_arm_msgs/action/execute_path__struct.hpp
[0.983s] -- Up-to-date: /home/nikhil/nourish_ws/install/nourish_robot_arm_msgs/include/nourish_robot_arm_msgs/action/register_point__struct.hpp
[0.983s] -- Up-to-date: /home/nikhil/nourish_ws/install/nourish_robot_arm_msgs/include/nourish_robot_arm_msgs/msg
[0.983s] -- Up-to-date: /home/nikhil/nourish_ws/install/nourish_robot_arm_msgs/include/nourish_robot_arm_msgs/msg/joint.hpp
[0.983s] -- Up-to-date: /home/nikhil/nourish_ws/install/nourish_robot_arm_msgs/include/nourish_robot_arm_msgs/msg/tool__traits.hpp
[0.983s] -- Up-to-date: /home/nikhil/nourish_ws/install/nourish_robot_arm_msgs/include/nourish_robot_arm_msgs/msg/acceleration__traits.hpp
[0.983s] -- Up-to-date: /home/nikhil/nourish_ws/install/nourish_robot_arm_msgs/include/nourish_robot_arm_msgs/msg/robot_arm_state__traits.hpp
[0.983s] -- Up-to-date: /home/nikhil/nourish_ws/install/nourish_robot_arm_msgs/include/nourish_robot_arm_msgs/msg/speed__traits.hpp
[0.984s] -- Up-to-date: /home/nikhil/nourish_ws/install/nourish_robot_arm_msgs/include/nourish_robot_arm_msgs/msg/work_object.hpp
[0.984s] -- Up-to-date: /home/nikhil/nourish_ws/install/nourish_robot_arm_msgs/include/nourish_robot_arm_msgs/msg/pose__traits.hpp
[0.984s] -- Up-to-date: /home/nikhil/nourish_ws/install/nourish_robot_arm_msgs/include/nourish_robot_arm_msgs/msg/robot_move__traits.hpp
[0.984s] -- Up-to-date: /home/nikhil/nourish_ws/install/nourish_robot_arm_msgs/include/nourish_robot_arm_msgs/msg/robot_arm_state.hpp
[0.984s] -- Up-to-date: /home/nikhil/nourish_ws/install/nourish_robot_arm_msgs/include/nourish_robot_arm_msgs/msg/tool.hpp
[0.984s] -- Up-to-date: /home/nikhil/nourish_ws/install/nourish_robot_arm_msgs/include/nourish_robot_arm_msgs/msg/pose.hpp
[0.985s] -- Up-to-date: /home/nikhil/nourish_ws/install/nourish_robot_arm_msgs/include/nourish_robot_arm_msgs/msg/joint__struct.hpp
[0.985s] -- Up-to-date: /home/nikhil/nourish_ws/install/nourish_robot_arm_msgs/include/nourish_robot_arm_msgs/msg/acceleration.hpp
[0.985s] -- Up-to-date: /home/nikhil/nourish_ws/install/nourish_robot_arm_msgs/include/nourish_robot_arm_msgs/msg/zone__struct.hpp
[0.985s] -- Up-to-date: /home/nikhil/nourish_ws/install/nourish_robot_arm_msgs/include/nourish_robot_arm_msgs/msg/zone__traits.hpp
[0.985s] -- Up-to-date: /home/nikhil/nourish_ws/install/nourish_robot_arm_msgs/include/nourish_robot_arm_msgs/msg/work_object__traits.hpp
[0.985s] -- Up-to-date: /home/nikhil/nourish_ws/install/nourish_robot_arm_msgs/include/nourish_robot_arm_msgs/msg/robot_arm_state__struct.hpp
[0.985s] -- Up-to-date: /home/nikhil/nourish_ws/install/nourish_robot_arm_msgs/include/nourish_robot_arm_msgs/msg/acceleration__struct.hpp
[0.986s] -- Up-to-date: /home/nikhil/nourish_ws/install/nourish_robot_arm_msgs/include/nourish_robot_arm_msgs/msg/joint__traits.hpp
[0.986s] -- Up-to-date: /home/nikhil/nourish_ws/install/nourish_robot_arm_msgs/include/nourish_robot_arm_msgs/msg/position_state.hpp
[0.986s] -- Up-to-date: /home/nikhil/nourish_ws/install/nourish_robot_arm_msgs/include/nourish_robot_arm_msgs/msg/pose__struct.hpp
[0.987s] -- Up-to-date: /home/nikhil/nourish_ws/install/nourish_robot_arm_msgs/include/nourish_robot_arm_msgs/msg/speed.hpp
[0.988s] -- Up-to-date: /home/nikhil/nourish_ws/install/nourish_robot_arm_msgs/include/nourish_robot_arm_msgs/msg/position_state__traits.hpp
[0.988s] -- Up-to-date: /home/nikhil/nourish_ws/install/nourish_robot_arm_msgs/include/nourish_robot_arm_msgs/msg/robot_move__struct.hpp
[0.988s] -- Up-to-date: /home/nikhil/nourish_ws/install/nourish_robot_arm_msgs/include/nourish_robot_arm_msgs/msg/robot_move.hpp
[0.988s] -- Up-to-date: /home/nikhil/nourish_ws/install/nourish_robot_arm_msgs/include/nourish_robot_arm_msgs/msg/tool__struct.hpp
[0.988s] -- Up-to-date: /home/nikhil/nourish_ws/install/nourish_robot_arm_msgs/include/nourish_robot_arm_msgs/msg/position_state__struct.hpp
[0.988s] -- Up-to-date: /home/nikhil/nourish_ws/install/nourish_robot_arm_msgs/include/nourish_robot_arm_msgs/msg/speed__struct.hpp
[0.988s] -- Up-to-date: /home/nikhil/nourish_ws/install/nourish_robot_arm_msgs/include/nourish_robot_arm_msgs/msg/work_object__struct.hpp
[0.989s] -- Up-to-date: /home/nikhil/nourish_ws/install/nourish_robot_arm_msgs/include/nourish_robot_arm_msgs/msg/zone.hpp
[0.989s] -- Up-to-date: /home/nikhil/nourish_ws/install/nourish_robot_arm_msgs/include/nourish_robot_arm_msgs/srv
[0.989s] -- Up-to-date: /home/nikhil/nourish_ws/install/nourish_robot_arm_msgs/include/nourish_robot_arm_msgs/srv/poll_position.hpp
[0.989s] -- Up-to-date: /home/nikhil/nourish_ws/install/nourish_robot_arm_msgs/include/nourish_robot_arm_msgs/srv/poll_position__traits.hpp
[0.989s] -- Up-to-date: /home/nikhil/nourish_ws/install/nourish_robot_arm_msgs/include/nourish_robot_arm_msgs/srv/poll_status.hpp
[0.989s] -- Up-to-date: /home/nikhil/nourish_ws/install/nourish_robot_arm_msgs/include/nourish_robot_arm_msgs/srv/poll_status__traits.hpp
[0.989s] -- Up-to-date: /home/nikhil/nourish_ws/install/nourish_robot_arm_msgs/include/nourish_robot_arm_msgs/srv/poll_status__struct.hpp
[0.989s] -- Up-to-date: /home/nikhil/nourish_ws/install/nourish_robot_arm_msgs/include/nourish_robot_arm_msgs/srv/poll_position__struct.hpp
[0.990s] -- Up-to-date: /home/nikhil/nourish_ws/install/nourish_robot_arm_msgs/include/nourish_robot_arm_msgs
[0.990s] -- Up-to-date: /home/nikhil/nourish_ws/install/nourish_robot_arm_msgs/include/nourish_robot_arm_msgs/action
[0.990s] -- Up-to-date: /home/nikhil/nourish_ws/install/nourish_robot_arm_msgs/include/nourish_robot_arm_msgs/action/execute_path__type_support.h
[0.990s] -- Up-to-date: /home/nikhil/nourish_ws/install/nourish_robot_arm_msgs/include/nourish_robot_arm_msgs/action/register_point.h
[0.990s] -- Up-to-date: /home/nikhil/nourish_ws/install/nourish_robot_arm_msgs/include/nourish_robot_arm_msgs/action/execute_path__struct.h
[0.990s] -- Up-to-date: /home/nikhil/nourish_ws/install/nourish_robot_arm_msgs/include/nourish_robot_arm_msgs/action/register_point__functions.h
[0.990s] -- Up-to-date: /home/nikhil/nourish_ws/install/nourish_robot_arm_msgs/include/nourish_robot_arm_msgs/action/execute_path__functions.h
[0.991s] -- Up-to-date: /home/nikhil/nourish_ws/install/nourish_robot_arm_msgs/include/nourish_robot_arm_msgs/action/register_point__type_support.h
[0.991s] -- Up-to-date: /home/nikhil/nourish_ws/install/nourish_robot_arm_msgs/include/nourish_robot_arm_msgs/action/register_point__struct.h
[0.991s] -- Up-to-date: /home/nikhil/nourish_ws/install/nourish_robot_arm_msgs/include/nourish_robot_arm_msgs/action/execute_path__functions.c
[0.991s] -- Up-to-date: /home/nikhil/nourish_ws/install/nourish_robot_arm_msgs/include/nourish_robot_arm_msgs/action/execute_path.h
[0.991s] -- Up-to-date: /home/nikhil/nourish_ws/install/nourish_robot_arm_msgs/include/nourish_robot_arm_msgs/action/register_point__functions.c
[0.991s] -- Up-to-date: /home/nikhil/nourish_ws/install/nourish_robot_arm_msgs/include/nourish_robot_arm_msgs/msg
[0.991s] -- Up-to-date: /home/nikhil/nourish_ws/install/nourish_robot_arm_msgs/include/nourish_robot_arm_msgs/msg/speed__struct.h
[0.991s] -- Up-to-date: /home/nikhil/nourish_ws/install/nourish_robot_arm_msgs/include/nourish_robot_arm_msgs/msg/robot_move__type_support.h
[0.991s] -- Up-to-date: /home/nikhil/nourish_ws/install/nourish_robot_arm_msgs/include/nourish_robot_arm_msgs/msg/joint__functions.c
[0.992s] -- Up-to-date: /home/nikhil/nourish_ws/install/nourish_robot_arm_msgs/include/nourish_robot_arm_msgs/msg/zone__type_support.h
[0.993s] -- Up-to-date: /home/nikhil/nourish_ws/install/nourish_robot_arm_msgs/include/nourish_robot_arm_msgs/msg/robot_move.h
[0.993s] -- Up-to-date: /home/nikhil/nourish_ws/install/nourish_robot_arm_msgs/include/nourish_robot_arm_msgs/msg/joint__struct.h
[0.993s] -- Up-to-date: /home/nikhil/nourish_ws/install/nourish_robot_arm_msgs/include/nourish_robot_arm_msgs/msg/zone__struct.h
[0.993s] -- Up-to-date: /home/nikhil/nourish_ws/install/nourish_robot_arm_msgs/include/nourish_robot_arm_msgs/msg/robot_move__functions.h
[0.993s] -- Up-to-date: /home/nikhil/nourish_ws/install/nourish_robot_arm_msgs/include/nourish_robot_arm_msgs/msg/position_state__type_support.h
[0.994s] -- Up-to-date: /home/nikhil/nourish_ws/install/nourish_robot_arm_msgs/include/nourish_robot_arm_msgs/msg/work_object__type_support.h
[0.994s] -- Up-to-date: /home/nikhil/nourish_ws/install/nourish_robot_arm_msgs/include/nourish_robot_arm_msgs/msg/work_object__functions.h
[0.994s] -- Up-to-date: /home/nikhil/nourish_ws/install/nourish_robot_arm_msgs/include/nourish_robot_arm_msgs/msg/work_object.h
[0.994s] -- Up-to-date: /home/nikhil/nourish_ws/install/nourish_robot_arm_msgs/include/nourish_robot_arm_msgs/msg/work_object__struct.h
[0.995s] -- Up-to-date: /home/nikhil/nourish_ws/install/nourish_robot_arm_msgs/include/nourish_robot_arm_msgs/msg/speed__functions.h
[0.995s] -- Up-to-date: /home/nikhil/nourish_ws/install/nourish_robot_arm_msgs/include/nourish_robot_arm_msgs/msg/joint.h
[0.995s] -- Up-to-date: /home/nikhil/nourish_ws/install/nourish_robot_arm_msgs/include/nourish_robot_arm_msgs/msg/acceleration__functions.h
[0.995s] -- Up-to-date: /home/nikhil/nourish_ws/install/nourish_robot_arm_msgs/include/nourish_robot_arm_msgs/msg/position_state__functions.c
[0.996s] -- Up-to-date: /home/nikhil/nourish_ws/install/nourish_robot_arm_msgs/include/nourish_robot_arm_msgs/msg/robot_arm_state__functions.h
[0.996s] -- Up-to-date: /home/nikhil/nourish_ws/install/nourish_robot_arm_msgs/include/nourish_robot_arm_msgs/msg/robot_arm_state__struct.h
[0.996s] -- Up-to-date: /home/nikhil/nourish_ws/install/nourish_robot_arm_msgs/include/nourish_robot_arm_msgs/msg/robot_arm_state__type_support.h
[0.996s] -- Up-to-date: /home/nikhil/nourish_ws/install/nourish_robot_arm_msgs/include/nourish_robot_arm_msgs/msg/joint__functions.h
[0.998s] -- Up-to-date: /home/nikhil/nourish_ws/install/nourish_robot_arm_msgs/include/nourish_robot_arm_msgs/msg/pose__struct.h
[0.998s] -- Up-to-date: /home/nikhil/nourish_ws/install/nourish_robot_arm_msgs/include/nourish_robot_arm_msgs/msg/tool__functions.h
[0.999s] -- Up-to-date: /home/nikhil/nourish_ws/install/nourish_robot_arm_msgs/include/nourish_robot_arm_msgs/msg/speed__functions.c
[0.999s] -- Up-to-date: /home/nikhil/nourish_ws/install/nourish_robot_arm_msgs/include/nourish_robot_arm_msgs/msg/zone__functions.h
[1.000s] -- Up-to-date: /home/nikhil/nourish_ws/install/nourish_robot_arm_msgs/include/nourish_robot_arm_msgs/msg/speed.h
[1.000s] -- Up-to-date: /home/nikhil/nourish_ws/install/nourish_robot_arm_msgs/include/nourish_robot_arm_msgs/msg/tool__struct.h
[1.000s] -- Up-to-date: /home/nikhil/nourish_ws/install/nourish_robot_arm_msgs/include/nourish_robot_arm_msgs/msg/pose__functions.h
[1.001s] -- Up-to-date: /home/nikhil/nourish_ws/install/nourish_robot_arm_msgs/include/nourish_robot_arm_msgs/msg/position_state__struct.h
[1.001s] -- Up-to-date: /home/nikhil/nourish_ws/install/nourish_robot_arm_msgs/include/nourish_robot_arm_msgs/msg/robot_move__struct.h
[1.001s] -- Up-to-date: /home/nikhil/nourish_ws/install/nourish_robot_arm_msgs/include/nourish_robot_arm_msgs/msg/tool.h
[1.001s] -- Up-to-date: /home/nikhil/nourish_ws/install/nourish_robot_arm_msgs/include/nourish_robot_arm_msgs/msg/pose__type_support.h
[1.001s] -- Up-to-date: /home/nikhil/nourish_ws/install/nourish_robot_arm_msgs/include/nourish_robot_arm_msgs/msg/pose__functions.c
[1.002s] -- Up-to-date: /home/nikhil/nourish_ws/install/nourish_robot_arm_msgs/include/nourish_robot_arm_msgs/msg/rosidl_generator_c__visibility_control.h
[1.002s] -- Up-to-date: /home/nikhil/nourish_ws/install/nourish_robot_arm_msgs/include/nourish_robot_arm_msgs/msg/zone__functions.c
[1.004s] -- Up-to-date: /home/nikhil/nourish_ws/install/nourish_robot_arm_msgs/include/nourish_robot_arm_msgs/msg/acceleration__type_support.h
[1.005s] -- Up-to-date: /home/nikhil/nourish_ws/install/nourish_robot_arm_msgs/include/nourish_robot_arm_msgs/msg/speed__type_support.h
[1.005s] -- Up-to-date: /home/nikhil/nourish_ws/install/nourish_robot_arm_msgs/include/nourish_robot_arm_msgs/msg/zone.h
[1.005s] -- Up-to-date: /home/nikhil/nourish_ws/install/nourish_robot_arm_msgs/include/nourish_robot_arm_msgs/msg/pose.h
[1.005s] -- Up-to-date: /home/nikhil/nourish_ws/install/nourish_robot_arm_msgs/include/nourish_robot_arm_msgs/msg/work_object__functions.c
[1.006s] -- Up-to-date: /home/nikhil/nourish_ws/install/nourish_robot_arm_msgs/include/nourish_robot_arm_msgs/msg/acceleration__struct.h
[1.006s] -- Up-to-date: /home/nikhil/nourish_ws/install/nourish_robot_arm_msgs/include/nourish_robot_arm_msgs/msg/position_state__functions.h
[1.006s] -- Up-to-date: /home/nikhil/nourish_ws/install/nourish_robot_arm_msgs/include/nourish_robot_arm_msgs/msg/robot_arm_state.h
[1.006s] -- Up-to-date: /home/nikhil/nourish_ws/install/nourish_robot_arm_msgs/include/nourish_robot_arm_msgs/msg/acceleration__functions.c
[1.006s] -- Up-to-date: /home/nikhil/nourish_ws/install/nourish_robot_arm_msgs/include/nourish_robot_arm_msgs/msg/tool__functions.c
[1.006s] -- Up-to-date: /home/nikhil/nourish_ws/install/nourish_robot_arm_msgs/include/nourish_robot_arm_msgs/msg/acceleration.h
[1.006s] -- Up-to-date: /home/nikhil/nourish_ws/install/nourish_robot_arm_msgs/include/nourish_robot_arm_msgs/msg/robot_arm_state__functions.c
[1.006s] -- Up-to-date: /home/nikhil/nourish_ws/install/nourish_robot_arm_msgs/include/nourish_robot_arm_msgs/msg/tool__type_support.h
[1.006s] -- Up-to-date: /home/nikhil/nourish_ws/install/nourish_robot_arm_msgs/include/nourish_robot_arm_msgs/msg/robot_move__functions.c
[1.006s] -- Up-to-date: /home/nikhil/nourish_ws/install/nourish_robot_arm_msgs/include/nourish_robot_arm_msgs/msg/joint__type_support.h
[1.006s] -- Up-to-date: /home/nikhil/nourish_ws/install/nourish_robot_arm_msgs/include/nourish_robot_arm_msgs/msg/position_state.h
[1.007s] -- Up-to-date: /home/nikhil/nourish_ws/install/nourish_robot_arm_msgs/include/nourish_robot_arm_msgs/srv
[1.007s] -- Up-to-date: /home/nikhil/nourish_ws/install/nourish_robot_arm_msgs/include/nourish_robot_arm_msgs/srv/poll_status.h
[1.007s] -- Up-to-date: /home/nikhil/nourish_ws/install/nourish_robot_arm_msgs/include/nourish_robot_arm_msgs/srv/poll_position__functions.c
[1.007s] -- Up-to-date: /home/nikhil/nourish_ws/install/nourish_robot_arm_msgs/include/nourish_robot_arm_msgs/srv/poll_status__struct.h
[1.007s] -- Up-to-date: /home/nikhil/nourish_ws/install/nourish_robot_arm_msgs/include/nourish_robot_arm_msgs/srv/poll_position__type_support.h
[1.007s] -- Up-to-date: /home/nikhil/nourish_ws/install/nourish_robot_arm_msgs/include/nourish_robot_arm_msgs/srv/poll_position.h
[1.007s] -- Up-to-date: /home/nikhil/nourish_ws/install/nourish_robot_arm_msgs/include/nourish_robot_arm_msgs/srv/poll_position__struct.h
[1.007s] -- Up-to-date: /home/nikhil/nourish_ws/install/nourish_robot_arm_msgs/include/nourish_robot_arm_msgs/srv/poll_position__functions.h
[1.007s] -- Up-to-date: /home/nikhil/nourish_ws/install/nourish_robot_arm_msgs/include/nourish_robot_arm_msgs/srv/poll_status__functions.h
[1.007s] -- Up-to-date: /home/nikhil/nourish_ws/install/nourish_robot_arm_msgs/include/nourish_robot_arm_msgs/srv/poll_status__type_support.h
[1.008s] -- Up-to-date: /home/nikhil/nourish_ws/install/nourish_robot_arm_msgs/include/nourish_robot_arm_msgs/srv/poll_status__functions.c
[1.008s] -- Up-to-date: /home/nikhil/nourish_ws/install/nourish_robot_arm_msgs/share/nourish_robot_arm_msgs/environment/library_path.sh
[1.008s] -- Up-to-date: /home/nikhil/nourish_ws/install/nourish_robot_arm_msgs/lib/libnourish_robot_arm_msgs__rosidl_generator_c.so
[1.008s] -- Up-to-date: /home/nikhil/nourish_ws/install/nourish_robot_arm_msgs/lib/libnourish_robot_arm_msgs__rosidl_typesupport_c.so
[1.009s] -- Up-to-date: /home/nikhil/nourish_ws/install/nourish_robot_arm_msgs/lib/libnourish_robot_arm_msgs__rosidl_typesupport_cpp.so
[1.010s] -- Up-to-date: /home/nikhil/nourish_ws/install/nourish_robot_arm_msgs/include/nourish_robot_arm_msgs
[1.010s] -- Up-to-date: /home/nikhil/nourish_ws/install/nourish_robot_arm_msgs/include/nourish_robot_arm_msgs/action
[1.010s] -- Up-to-date: /home/nikhil/nourish_ws/install/nourish_robot_arm_msgs/include/nourish_robot_arm_msgs/action/execute_path__rosidl_typesupport_introspection_c.h
[1.010s] -- Up-to-date: /home/nikhil/nourish_ws/install/nourish_robot_arm_msgs/include/nourish_robot_arm_msgs/action/register_point__type_support.c
[1.010s] -- Up-to-date: /home/nikhil/nourish_ws/install/nourish_robot_arm_msgs/include/nourish_robot_arm_msgs/action/register_point__rosidl_typesupport_introspection_c.h
[1.010s] -- Up-to-date: /home/nikhil/nourish_ws/install/nourish_robot_arm_msgs/include/nourish_robot_arm_msgs/action/execute_path__type_support.c
[1.010s] -- Up-to-date: /home/nikhil/nourish_ws/install/nourish_robot_arm_msgs/include/nourish_robot_arm_msgs/msg
[1.011s] -- Up-to-date: /home/nikhil/nourish_ws/install/nourish_robot_arm_msgs/include/nourish_robot_arm_msgs/msg/speed__rosidl_typesupport_introspection_c.h
[1.011s] -- Up-to-date: /home/nikhil/nourish_ws/install/nourish_robot_arm_msgs/include/nourish_robot_arm_msgs/msg/pose__type_support.c
[1.011s] -- Up-to-date: /home/nikhil/nourish_ws/install/nourish_robot_arm_msgs/include/nourish_robot_arm_msgs/msg/pose__rosidl_typesupport_introspection_c.h
[1.011s] -- Up-to-date: /home/nikhil/nourish_ws/install/nourish_robot_arm_msgs/include/nourish_robot_arm_msgs/msg/position_state__type_support.c
[1.011s] -- Up-to-date: /home/nikhil/nourish_ws/install/nourish_robot_arm_msgs/include/nourish_robot_arm_msgs/msg/tool__type_support.c
[1.011s] -- Up-to-date: /home/nikhil/nourish_ws/install/nourish_robot_arm_msgs/include/nourish_robot_arm_msgs/msg/rosidl_typesupport_introspection_c__visibility_control.h
[1.011s] -- Up-to-date: /home/nikhil/nourish_ws/install/nourish_robot_arm_msgs/include/nourish_robot_arm_msgs/msg/robot_move__rosidl_typesupport_introspection_c.h
[1.011s] -- Up-to-date: /home/nikhil/nourish_ws/install/nourish_robot_arm_msgs/include/nourish_robot_arm_msgs/msg/joint__rosidl_typesupport_introspection_c.h
[1.012s] -- Up-to-date: /home/nikhil/nourish_ws/install/nourish_robot_arm_msgs/include/nourish_robot_arm_msgs/msg/speed__type_support.c
[1.012s] -- Up-to-date: /home/nikhil/nourish_ws/install/nourish_robot_arm_msgs/include/nourish_robot_arm_msgs/msg/zone__rosidl_typesupport_introspection_c.h
[1.012s] -- Up-to-date: /home/nikhil/nourish_ws/install/nourish_robot_arm_msgs/include/nourish_robot_arm_msgs/msg/work_object__type_support.c
[1.012s] -- Up-to-date: /home/nikhil/nourish_ws/install/nourish_robot_arm_msgs/include/nourish_robot_arm_msgs/msg/acceleration__rosidl_typesupport_introspection_c.h
[1.012s] -- Up-to-date: /home/nikhil/nourish_ws/install/nourish_robot_arm_msgs/include/nourish_robot_arm_msgs/msg/tool__rosidl_typesupport_introspection_c.h
[1.012s] -- Up-to-date: /home/nikhil/nourish_ws/install/nourish_robot_arm_msgs/include/nourish_robot_arm_msgs/msg/zone__type_support.c
[1.012s] -- Up-to-date: /home/nikhil/nourish_ws/install/nourish_robot_arm_msgs/include/nourish_robot_arm_msgs/msg/acceleration__type_support.c
[1.012s] -- Up-to-date: /home/nikhil/nourish_ws/install/nourish_robot_arm_msgs/include/nourish_robot_arm_msgs/msg/robot_arm_state__type_support.c
[1.012s] -- Up-to-date: /home/nikhil/nourish_ws/install/nourish_robot_arm_msgs/include/nourish_robot_arm_msgs/msg/robot_arm_state__rosidl_typesupport_introspection_c.h
[1.013s] -- Up-to-date: /home/nikhil/nourish_ws/install/nourish_robot_arm_msgs/include/nourish_robot_arm_msgs/msg/work_object__rosidl_typesupport_introspection_c.h
[1.013s] -- Up-to-date: /home/nikhil/nourish_ws/install/nourish_robot_arm_msgs/include/nourish_robot_arm_msgs/msg/position_state__rosidl_typesupport_introspection_c.h
[1.013s] -- Up-to-date: /home/nikhil/nourish_ws/install/nourish_robot_arm_msgs/include/nourish_robot_arm_msgs/msg/joint__type_support.c
[1.013s] -- Up-to-date: /home/nikhil/nourish_ws/install/nourish_robot_arm_msgs/include/nourish_robot_arm_msgs/msg/robot_move__type_support.c
[1.013s] -- Up-to-date: /home/nikhil/nourish_ws/install/nourish_robot_arm_msgs/include/nourish_robot_arm_msgs/srv
[1.013s] -- Up-to-date: /home/nikhil/nourish_ws/install/nourish_robot_arm_msgs/include/nourish_robot_arm_msgs/srv/poll_position__type_support.c
[1.013s] -- Up-to-date: /home/nikhil/nourish_ws/install/nourish_robot_arm_msgs/include/nourish_robot_arm_msgs/srv/poll_position__rosidl_typesupport_introspection_c.h
[1.013s] -- Up-to-date: /home/nikhil/nourish_ws/install/nourish_robot_arm_msgs/include/nourish_robot_arm_msgs/srv/poll_status__type_support.c
[1.014s] -- Up-to-date: /home/nikhil/nourish_ws/install/nourish_robot_arm_msgs/include/nourish_robot_arm_msgs/srv/poll_status__rosidl_typesupport_introspection_c.h
[1.014s] -- Up-to-date: /home/nikhil/nourish_ws/install/nourish_robot_arm_msgs/lib/libnourish_robot_arm_msgs__rosidl_typesupport_introspection_c.so
[1.014s] -- Up-to-date: /home/nikhil/nourish_ws/install/nourish_robot_arm_msgs/include/nourish_robot_arm_msgs
[1.014s] -- Up-to-date: /home/nikhil/nourish_ws/install/nourish_robot_arm_msgs/include/nourish_robot_arm_msgs/action
[1.014s] -- Up-to-date: /home/nikhil/nourish_ws/install/nourish_robot_arm_msgs/include/nourish_robot_arm_msgs/action/register_point__type_support.cpp
[1.014s] -- Up-to-date: /home/nikhil/nourish_ws/install/nourish_robot_arm_msgs/include/nourish_robot_arm_msgs/action/register_point__rosidl_typesupport_introspection_cpp.hpp
[1.014s] -- Up-to-date: /home/nikhil/nourish_ws/install/nourish_robot_arm_msgs/include/nourish_robot_arm_msgs/action/execute_path__type_support.cpp
[1.014s] -- Up-to-date: /home/nikhil/nourish_ws/install/nourish_robot_arm_msgs/include/nourish_robot_arm_msgs/action/execute_path__rosidl_typesupport_introspection_cpp.hpp
[1.015s] -- Up-to-date: /home/nikhil/nourish_ws/install/nourish_robot_arm_msgs/include/nourish_robot_arm_msgs/msg
[1.015s] -- Up-to-date: /home/nikhil/nourish_ws/install/nourish_robot_arm_msgs/include/nourish_robot_arm_msgs/msg/robot_arm_state__type_support.cpp
[1.015s] -- Up-to-date: /home/nikhil/nourish_ws/install/nourish_robot_arm_msgs/include/nourish_robot_arm_msgs/msg/robot_arm_state__rosidl_typesupport_introspection_cpp.hpp
[1.015s] -- Up-to-date: /home/nikhil/nourish_ws/install/nourish_robot_arm_msgs/include/nourish_robot_arm_msgs/msg/joint__rosidl_typesupport_introspection_cpp.hpp
[1.015s] -- Up-to-date: /home/nikhil/nourish_ws/install/nourish_robot_arm_msgs/include/nourish_robot_arm_msgs/msg/zone__type_support.cpp
[1.015s] -- Up-to-date: /home/nikhil/nourish_ws/install/nourish_robot_arm_msgs/include/nourish_robot_arm_msgs/msg/joint__type_support.cpp
[1.016s] -- Up-to-date: /home/nikhil/nourish_ws/install/nourish_robot_arm_msgs/include/nourish_robot_arm_msgs/msg/work_object__type_support.cpp
[1.017s] -- Up-to-date: /home/nikhil/nourish_ws/install/nourish_robot_arm_msgs/include/nourish_robot_arm_msgs/msg/position_state__type_support.cpp
[1.017s] -- Up-to-date: /home/nikhil/nourish_ws/install/nourish_robot_arm_msgs/include/nourish_robot_arm_msgs/msg/acceleration__rosidl_typesupport_introspection_cpp.hpp
[1.017s] -- Up-to-date: /home/nikhil/nourish_ws/install/nourish_robot_arm_msgs/include/nourish_robot_arm_msgs/msg/robot_move__rosidl_typesupport_introspection_cpp.hpp
[1.018s] -- Up-to-date: /home/nikhil/nourish_ws/install/nourish_robot_arm_msgs/include/nourish_robot_arm_msgs/msg/acceleration__type_support.cpp
[1.018s] -- Up-to-date: /home/nikhil/nourish_ws/install/nourish_robot_arm_msgs/include/nourish_robot_arm_msgs/msg/zone__rosidl_typesupport_introspection_cpp.hpp
[1.018s] -- Up-to-date: /home/nikhil/nourish_ws/install/nourish_robot_arm_msgs/include/nourish_robot_arm_msgs/msg/speed__type_support.cpp
[1.019s] -- Up-to-date: /home/nikhil/nourish_ws/install/nourish_robot_arm_msgs/include/nourish_robot_arm_msgs/msg/tool__type_support.cpp
[1.019s] -- Up-to-date: /home/nikhil/nourish_ws/install/nourish_robot_arm_msgs/include/nourish_robot_arm_msgs/msg/pose__type_support.cpp
[1.019s] -- Up-to-date: /home/nikhil/nourish_ws/install/nourish_robot_arm_msgs/include/nourish_robot_arm_msgs/msg/speed__rosidl_typesupport_introspection_cpp.hpp
[1.019s] -- Up-to-date: /home/nikhil/nourish_ws/install/nourish_robot_arm_msgs/include/nourish_robot_arm_msgs/msg/position_state__rosidl_typesupport_introspection_cpp.hpp
[1.019s] -- Up-to-date: /home/nikhil/nourish_ws/install/nourish_robot_arm_msgs/include/nourish_robot_arm_msgs/msg/tool__rosidl_typesupport_introspection_cpp.hpp
[1.019s] -- Up-to-date: /home/nikhil/nourish_ws/install/nourish_robot_arm_msgs/include/nourish_robot_arm_msgs/msg/work_object__rosidl_typesupport_introspection_cpp.hpp
[1.019s] -- Up-to-date: /home/nikhil/nourish_ws/install/nourish_robot_arm_msgs/include/nourish_robot_arm_msgs/msg/robot_move__type_support.cpp
[1.019s] -- Up-to-date: /home/nikhil/nourish_ws/install/nourish_robot_arm_msgs/include/nourish_robot_arm_msgs/msg/pose__rosidl_typesupport_introspection_cpp.hpp
[1.019s] -- Up-to-date: /home/nikhil/nourish_ws/install/nourish_robot_arm_msgs/include/nourish_robot_arm_msgs/srv
[1.019s] -- Up-to-date: /home/nikhil/nourish_ws/install/nourish_robot_arm_msgs/include/nourish_robot_arm_msgs/srv/poll_status__type_support.cpp
[1.019s] -- Up-to-date: /home/nikhil/nourish_ws/install/nourish_robot_arm_msgs/include/nourish_robot_arm_msgs/srv/poll_status__rosidl_typesupport_introspection_cpp.hpp
[1.020s] -- Up-to-date: /home/nikhil/nourish_ws/install/nourish_robot_arm_msgs/include/nourish_robot_arm_msgs/srv/poll_position__type_support.cpp
[1.020s] -- Up-to-date: /home/nikhil/nourish_ws/install/nourish_robot_arm_msgs/include/nourish_robot_arm_msgs/srv/poll_position__rosidl_typesupport_introspection_cpp.hpp
[1.020s] -- Up-to-date: /home/nikhil/nourish_ws/install/nourish_robot_arm_msgs/lib/libnourish_robot_arm_msgs__rosidl_typesupport_introspection_cpp.so
[1.020s] -- Up-to-date: /home/nikhil/nourish_ws/install/nourish_robot_arm_msgs/include/nourish_robot_arm_msgs
[1.020s] -- Up-to-date: /home/nikhil/nourish_ws/install/nourish_robot_arm_msgs/include/nourish_robot_arm_msgs/action
[1.020s] -- Up-to-date: /home/nikhil/nourish_ws/install/nourish_robot_arm_msgs/include/nourish_robot_arm_msgs/action/register_point__rosidl_typesupport_fastrtps_c.h
[1.020s] -- Up-to-date: /home/nikhil/nourish_ws/install/nourish_robot_arm_msgs/include/nourish_robot_arm_msgs/action/execute_path__rosidl_typesupport_fastrtps_c.h
[1.020s] -- Up-to-date: /home/nikhil/nourish_ws/install/nourish_robot_arm_msgs/include/nourish_robot_arm_msgs/msg
[1.021s] -- Up-to-date: /home/nikhil/nourish_ws/install/nourish_robot_arm_msgs/include/nourish_robot_arm_msgs/msg/robot_arm_state__rosidl_typesupport_fastrtps_c.h
[1.021s] -- Up-to-date: /home/nikhil/nourish_ws/install/nourish_robot_arm_msgs/include/nourish_robot_arm_msgs/msg/position_state__rosidl_typesupport_fastrtps_c.h
[1.021s] -- Up-to-date: /home/nikhil/nourish_ws/install/nourish_robot_arm_msgs/include/nourish_robot_arm_msgs/msg/tool__rosidl_typesupport_fastrtps_c.h
[1.021s] -- Up-to-date: /home/nikhil/nourish_ws/install/nourish_robot_arm_msgs/include/nourish_robot_arm_msgs/msg/robot_move__rosidl_typesupport_fastrtps_c.h
[1.021s] -- Up-to-date: /home/nikhil/nourish_ws/install/nourish_robot_arm_msgs/include/nourish_robot_arm_msgs/msg/work_object__rosidl_typesupport_fastrtps_c.h
[1.021s] -- Up-to-date: /home/nikhil/nourish_ws/install/nourish_robot_arm_msgs/include/nourish_robot_arm_msgs/msg/acceleration__rosidl_typesupport_fastrtps_c.h
[1.022s] -- Up-to-date: /home/nikhil/nourish_ws/install/nourish_robot_arm_msgs/include/nourish_robot_arm_msgs/msg/joint__rosidl_typesupport_fastrtps_c.h
[1.022s] -- Up-to-date: /home/nikhil/nourish_ws/install/nourish_robot_arm_msgs/include/nourish_robot_arm_msgs/msg/zone__rosidl_typesupport_fastrtps_c.h
[1.022s] -- Up-to-date: /home/nikhil/nourish_ws/install/nourish_robot_arm_msgs/include/nourish_robot_arm_msgs/msg/speed__rosidl_typesupport_fastrtps_c.h
[1.022s] -- Up-to-date: /home/nikhil/nourish_ws/install/nourish_robot_arm_msgs/include/nourish_robot_arm_msgs/msg/rosidl_typesupport_fastrtps_c__visibility_control.h
[1.022s] -- Up-to-date: /home/nikhil/nourish_ws/install/nourish_robot_arm_msgs/include/nourish_robot_arm_msgs/msg/pose__rosidl_typesupport_fastrtps_c.h
[1.022s] -- Up-to-date: /home/nikhil/nourish_ws/install/nourish_robot_arm_msgs/include/nourish_robot_arm_msgs/srv
[1.022s] -- Up-to-date: /home/nikhil/nourish_ws/install/nourish_robot_arm_msgs/include/nourish_robot_arm_msgs/srv/poll_position__rosidl_typesupport_fastrtps_c.h
[1.022s] -- Up-to-date: /home/nikhil/nourish_ws/install/nourish_robot_arm_msgs/include/nourish_robot_arm_msgs/srv/poll_status__rosidl_typesupport_fastrtps_c.h
[1.022s] -- Up-to-date: /home/nikhil/nourish_ws/install/nourish_robot_arm_msgs/lib/libnourish_robot_arm_msgs__rosidl_typesupport_fastrtps_c.so
[1.022s] -- Up-to-date: /home/nikhil/nourish_ws/install/nourish_robot_arm_msgs/include/nourish_robot_arm_msgs
[1.022s] -- Up-to-date: /home/nikhil/nourish_ws/install/nourish_robot_arm_msgs/include/nourish_robot_arm_msgs/action
[1.022s] -- Up-to-date: /home/nikhil/nourish_ws/install/nourish_robot_arm_msgs/include/nourish_robot_arm_msgs/action/register_point__rosidl_typesupport_fastrtps_cpp.hpp
[1.022s] -- Up-to-date: /home/nikhil/nourish_ws/install/nourish_robot_arm_msgs/include/nourish_robot_arm_msgs/action/execute_path__rosidl_typesupport_fastrtps_cpp.hpp
[1.023s] -- Up-to-date: /home/nikhil/nourish_ws/install/nourish_robot_arm_msgs/include/nourish_robot_arm_msgs/action/dds_fastrtps
[1.023s] -- Up-to-date: /home/nikhil/nourish_ws/install/nourish_robot_arm_msgs/include/nourish_robot_arm_msgs/msg
[1.023s] -- Up-to-date: /home/nikhil/nourish_ws/install/nourish_robot_arm_msgs/include/nourish_robot_arm_msgs/msg/robot_move__rosidl_typesupport_fastrtps_cpp.hpp
[1.023s] -- Up-to-date: /home/nikhil/nourish_ws/install/nourish_robot_arm_msgs/include/nourish_robot_arm_msgs/msg/dds_fastrtps
[1.023s] -- Up-to-date: /home/nikhil/nourish_ws/install/nourish_robot_arm_msgs/include/nourish_robot_arm_msgs/msg/work_object__rosidl_typesupport_fastrtps_cpp.hpp
[1.023s] -- Up-to-date: /home/nikhil/nourish_ws/install/nourish_robot_arm_msgs/include/nourish_robot_arm_msgs/msg/speed__rosidl_typesupport_fastrtps_cpp.hpp
[1.023s] -- Up-to-date: /home/nikhil/nourish_ws/install/nourish_robot_arm_msgs/include/nourish_robot_arm_msgs/msg/tool__rosidl_typesupport_fastrtps_cpp.hpp
[1.024s] -- Up-to-date: /home/nikhil/nourish_ws/install/nourish_robot_arm_msgs/include/nourish_robot_arm_msgs/msg/zone__rosidl_typesupport_fastrtps_cpp.hpp
[1.024s] -- Up-to-date: /home/nikhil/nourish_ws/install/nourish_robot_arm_msgs/include/nourish_robot_arm_msgs/msg/position_state__rosidl_typesupport_fastrtps_cpp.hpp
[1.025s] -- Up-to-date: /home/nikhil/nourish_ws/install/nourish_robot_arm_msgs/include/nourish_robot_arm_msgs/msg/pose__rosidl_typesupport_fastrtps_cpp.hpp
[1.025s] -- Up-to-date: /home/nikhil/nourish_ws/install/nourish_robot_arm_msgs/include/nourish_robot_arm_msgs/msg/robot_arm_state__rosidl_typesupport_fastrtps_cpp.hpp
[1.025s] -- Up-to-date: /home/nikhil/nourish_ws/install/nourish_robot_arm_msgs/include/nourish_robot_arm_msgs/msg/rosidl_typesupport_fastrtps_cpp__visibility_control.h
[1.025s] -- Up-to-date: /home/nikhil/nourish_ws/install/nourish_robot_arm_msgs/include/nourish_robot_arm_msgs/msg/joint__rosidl_typesupport_fastrtps_cpp.hpp
[1.026s] -- Up-to-date: /home/nikhil/nourish_ws/install/nourish_robot_arm_msgs/include/nourish_robot_arm_msgs/msg/acceleration__rosidl_typesupport_fastrtps_cpp.hpp
[1.026s] -- Up-to-date: /home/nikhil/nourish_ws/install/nourish_robot_arm_msgs/include/nourish_robot_arm_msgs/srv
[1.026s] -- Up-to-date: /home/nikhil/nourish_ws/install/nourish_robot_arm_msgs/include/nourish_robot_arm_msgs/srv/poll_position__rosidl_typesupport_fastrtps_cpp.hpp
[1.026s] -- Up-to-date: /home/nikhil/nourish_ws/install/nourish_robot_arm_msgs/include/nourish_robot_arm_msgs/srv/dds_fastrtps
[1.026s] -- Up-to-date: /home/nikhil/nourish_ws/install/nourish_robot_arm_msgs/include/nourish_robot_arm_msgs/srv/poll_status__rosidl_typesupport_fastrtps_cpp.hpp
[1.028s] -- Up-to-date: /home/nikhil/nourish_ws/install/nourish_robot_arm_msgs/lib/libnourish_robot_arm_msgs__rosidl_typesupport_fastrtps_cpp.so
[1.028s] -- Up-to-date: /home/nikhil/nourish_ws/install/nourish_robot_arm_msgs/share/nourish_robot_arm_msgs/environment/pythonpath.sh
[1.028s] -- Up-to-date: /home/nikhil/nourish_ws/install/nourish_robot_arm_msgs/lib/python3.6/site-packages/nourish_robot_arm_msgs/__init__.py
[1.030s] -- Up-to-date: /home/nikhil/nourish_ws/install/nourish_robot_arm_msgs/lib/python3.6/site-packages/nourish_robot_arm_msgs/srv
[1.030s] -- Up-to-date: /home/nikhil/nourish_ws/install/nourish_robot_arm_msgs/lib/python3.6/site-packages/nourish_robot_arm_msgs/srv/_poll_position.py
[1.031s] -- Up-to-date: /home/nikhil/nourish_ws/install/nourish_robot_arm_msgs/lib/python3.6/site-packages/nourish_robot_arm_msgs/srv/__init__.py
[1.032s] -- Up-to-date: /home/nikhil/nourish_ws/install/nourish_robot_arm_msgs/lib/python3.6/site-packages/nourish_robot_arm_msgs/srv/_poll_status_s.c
[1.033s] -- Up-to-date: /home/nikhil/nourish_ws/install/nourish_robot_arm_msgs/lib/python3.6/site-packages/nourish_robot_arm_msgs/srv/_poll_status.py
[1.033s] -- Up-to-date: /home/nikhil/nourish_ws/install/nourish_robot_arm_msgs/lib/python3.6/site-packages/nourish_robot_arm_msgs/srv/_poll_position_s.c
[1.033s] -- Up-to-date: /home/nikhil/nourish_ws/install/nourish_robot_arm_msgs/lib/python3.6/site-packages/nourish_robot_arm_msgs/action
[1.033s] -- Up-to-date: /home/nikhil/nourish_ws/install/nourish_robot_arm_msgs/lib/python3.6/site-packages/nourish_robot_arm_msgs/action/_execute_path.py
[1.033s] -- Up-to-date: /home/nikhil/nourish_ws/install/nourish_robot_arm_msgs/lib/python3.6/site-packages/nourish_robot_arm_msgs/action/__init__.py
[1.033s] -- Up-to-date: /home/nikhil/nourish_ws/install/nourish_robot_arm_msgs/lib/python3.6/site-packages/nourish_robot_arm_msgs/action/_execute_path_s.c
[1.033s] -- Up-to-date: /home/nikhil/nourish_ws/install/nourish_robot_arm_msgs/lib/python3.6/site-packages/nourish_robot_arm_msgs/action/_register_point.py
[1.034s] -- Up-to-date: /home/nikhil/nourish_ws/install/nourish_robot_arm_msgs/lib/python3.6/site-packages/nourish_robot_arm_msgs/action/_register_point_s.c
[1.034s] -- Up-to-date: /home/nikhil/nourish_ws/install/nourish_robot_arm_msgs/lib/python3.6/site-packages/nourish_robot_arm_msgs/msg
[1.034s] -- Up-to-date: /home/nikhil/nourish_ws/install/nourish_robot_arm_msgs/lib/python3.6/site-packages/nourish_robot_arm_msgs/msg/_position_state_s.c
[1.034s] -- Up-to-date: /home/nikhil/nourish_ws/install/nourish_robot_arm_msgs/lib/python3.6/site-packages/nourish_robot_arm_msgs/msg/_acceleration_s.c
[1.034s] -- Up-to-date: /home/nikhil/nourish_ws/install/nourish_robot_arm_msgs/lib/python3.6/site-packages/nourish_robot_arm_msgs/msg/_tool_s.c
[1.034s] -- Up-to-date: /home/nikhil/nourish_ws/install/nourish_robot_arm_msgs/lib/python3.6/site-packages/nourish_robot_arm_msgs/msg/_position_state.py
[1.034s] -- Up-to-date: /home/nikhil/nourish_ws/install/nourish_robot_arm_msgs/lib/python3.6/site-packages/nourish_robot_arm_msgs/msg/_robot_move_s.c
[1.035s] -- Up-to-date: /home/nikhil/nourish_ws/install/nourish_robot_arm_msgs/lib/python3.6/site-packages/nourish_robot_arm_msgs/msg/_robot_arm_state.py
[1.035s] -- Up-to-date: /home/nikhil/nourish_ws/install/nourish_robot_arm_msgs/lib/python3.6/site-packages/nourish_robot_arm_msgs/msg/_joint_s.c
[1.035s] -- Up-to-date: /home/nikhil/nourish_ws/install/nourish_robot_arm_msgs/lib/python3.6/site-packages/nourish_robot_arm_msgs/msg/_acceleration.py
[1.035s] -- Up-to-date: /home/nikhil/nourish_ws/install/nourish_robot_arm_msgs/lib/python3.6/site-packages/nourish_robot_arm_msgs/msg/_robot_arm_state_s.c
[1.035s] -- Up-to-date: /home/nikhil/nourish_ws/install/nourish_robot_arm_msgs/lib/python3.6/site-packages/nourish_robot_arm_msgs/msg/_joint.py
[1.035s] -- Up-to-date: /home/nikhil/nourish_ws/install/nourish_robot_arm_msgs/lib/python3.6/site-packages/nourish_robot_arm_msgs/msg/_speed_s.c
[1.035s] -- Up-to-date: /home/nikhil/nourish_ws/install/nourish_robot_arm_msgs/lib/python3.6/site-packages/nourish_robot_arm_msgs/msg/_work_object_s.c
[1.036s] -- Up-to-date: /home/nikhil/nourish_ws/install/nourish_robot_arm_msgs/lib/python3.6/site-packages/nourish_robot_arm_msgs/msg/__init__.py
[1.036s] -- Up-to-date: /home/nikhil/nourish_ws/install/nourish_robot_arm_msgs/lib/python3.6/site-packages/nourish_robot_arm_msgs/msg/_pose_s.c
[1.036s] -- Up-to-date: /home/nikhil/nourish_ws/install/nourish_robot_arm_msgs/lib/python3.6/site-packages/nourish_robot_arm_msgs/msg/_pose.py
[1.036s] -- Up-to-date: /home/nikhil/nourish_ws/install/nourish_robot_arm_msgs/lib/python3.6/site-packages/nourish_robot_arm_msgs/msg/_zone.py
[1.036s] -- Up-to-date: /home/nikhil/nourish_ws/install/nourish_robot_arm_msgs/lib/python3.6/site-packages/nourish_robot_arm_msgs/msg/_robot_move.py
[1.036s] -- Up-to-date: /home/nikhil/nourish_ws/install/nourish_robot_arm_msgs/lib/python3.6/site-packages/nourish_robot_arm_msgs/msg/_zone_s.c
[1.036s] -- Up-to-date: /home/nikhil/nourish_ws/install/nourish_robot_arm_msgs/lib/python3.6/site-packages/nourish_robot_arm_msgs/msg/_work_object.py
[1.037s] -- Up-to-date: /home/nikhil/nourish_ws/install/nourish_robot_arm_msgs/lib/python3.6/site-packages/nourish_robot_arm_msgs/msg/_speed.py
[1.037s] -- Up-to-date: /home/nikhil/nourish_ws/install/nourish_robot_arm_msgs/lib/python3.6/site-packages/nourish_robot_arm_msgs/msg/_tool.py
[1.037s] -- Up-to-date: /home/nikhil/nourish_ws/install/nourish_robot_arm_msgs/lib/python3.6/site-packages/nourish_robot_arm_msgs/nourish_robot_arm_msgs_s__rosidl_typesupport_c.cpython-36m-x86_64-linux-gnu.so
[1.037s] -- Up-to-date: /home/nikhil/nourish_ws/install/nourish_robot_arm_msgs/lib/python3.6/site-packages/nourish_robot_arm_msgs/nourish_robot_arm_msgs_s__rosidl_typesupport_introspection_c.cpython-36m-x86_64-linux-gnu.so
[1.037s] -- Up-to-date: /home/nikhil/nourish_ws/install/nourish_robot_arm_msgs/lib/python3.6/site-packages/nourish_robot_arm_msgs/nourish_robot_arm_msgs_s__rosidl_typesupport_fastrtps_c.cpython-36m-x86_64-linux-gnu.so
[1.038s] -- Up-to-date: /home/nikhil/nourish_ws/install/nourish_robot_arm_msgs/lib/libnourish_robot_arm_msgs__python.so
[1.038s] -- Up-to-date: /home/nikhil/nourish_ws/install/nourish_robot_arm_msgs/share/nourish_robot_arm_msgs/srv/PollPosition.idl
[1.038s] -- Up-to-date: /home/nikhil/nourish_ws/install/nourish_robot_arm_msgs/share/nourish_robot_arm_msgs/srv/PollStatus.idl
[1.038s] -- Up-to-date: /home/nikhil/nourish_ws/install/nourish_robot_arm_msgs/share/nourish_robot_arm_msgs/action/ExecutePath.idl
[1.038s] -- Up-to-date: /home/nikhil/nourish_ws/install/nourish_robot_arm_msgs/share/nourish_robot_arm_msgs/action/RegisterPoint.idl
[1.038s] -- Up-to-date: /home/nikhil/nourish_ws/install/nourish_robot_arm_msgs/share/nourish_robot_arm_msgs/msg/Acceleration.idl
[1.039s] -- Up-to-date: /home/nikhil/nourish_ws/install/nourish_robot_arm_msgs/share/nourish_robot_arm_msgs/msg/Joint.idl
[1.039s] -- Up-to-date: /home/nikhil/nourish_ws/install/nourish_robot_arm_msgs/share/nourish_robot_arm_msgs/msg/Pose.idl
[1.039s] -- Up-to-date: /home/nikhil/nourish_ws/install/nourish_robot_arm_msgs/share/nourish_robot_arm_msgs/msg/RobotArmState.idl
[1.039s] -- Up-to-date: /home/nikhil/nourish_ws/install/nourish_robot_arm_msgs/share/nourish_robot_arm_msgs/msg/RobotMove.idl
[1.039s] -- Up-to-date: /home/nikhil/nourish_ws/install/nourish_robot_arm_msgs/share/nourish_robot_arm_msgs/msg/Speed.idl
[1.039s] -- Up-to-date: /home/nikhil/nourish_ws/install/nourish_robot_arm_msgs/share/nourish_robot_arm_msgs/msg/Tool.idl
[1.040s] -- Up-to-date: /home/nikhil/nourish_ws/install/nourish_robot_arm_msgs/share/nourish_robot_arm_msgs/msg/WorkObject.idl
[1.040s] -- Up-to-date: /home/nikhil/nourish_ws/install/nourish_robot_arm_msgs/share/nourish_robot_arm_msgs/msg/Zone.idl
[1.040s] -- Up-to-date: /home/nikhil/nourish_ws/install/nourish_robot_arm_msgs/share/nourish_robot_arm_msgs/msg/PositionState.idl
[1.040s] -- Up-to-date: /home/nikhil/nourish_ws/install/nourish_robot_arm_msgs/share/nourish_robot_arm_msgs/srv/PollPosition.srv
[1.040s] -- Up-to-date: /home/nikhil/nourish_ws/install/nourish_robot_arm_msgs/share/nourish_robot_arm_msgs/srv/PollPosition_Request.msg
[1.040s] -- Up-to-date: /home/nikhil/nourish_ws/install/nourish_robot_arm_msgs/share/nourish_robot_arm_msgs/srv/PollPosition_Response.msg
[1.041s] -- Up-to-date: /home/nikhil/nourish_ws/install/nourish_robot_arm_msgs/share/nourish_robot_arm_msgs/srv/PollStatus.srv
[1.041s] -- Up-to-date: /home/nikhil/nourish_ws/install/nourish_robot_arm_msgs/share/nourish_robot_arm_msgs/srv/PollStatus_Request.msg
[1.041s] -- Up-to-date: /home/nikhil/nourish_ws/install/nourish_robot_arm_msgs/share/nourish_robot_arm_msgs/srv/PollStatus_Response.msg
[1.041s] -- Up-to-date: /home/nikhil/nourish_ws/install/nourish_robot_arm_msgs/share/nourish_robot_arm_msgs/action/ExecutePath.action
[1.042s] -- Up-to-date: /home/nikhil/nourish_ws/install/nourish_robot_arm_msgs/share/nourish_robot_arm_msgs/action/RegisterPoint.action
[1.043s] -- Up-to-date: /home/nikhil/nourish_ws/install/nourish_robot_arm_msgs/share/nourish_robot_arm_msgs/msg/Acceleration.msg
[1.043s] -- Up-to-date: /home/nikhil/nourish_ws/install/nourish_robot_arm_msgs/share/nourish_robot_arm_msgs/msg/Joint.msg
[1.043s] -- Up-to-date: /home/nikhil/nourish_ws/install/nourish_robot_arm_msgs/share/nourish_robot_arm_msgs/msg/Pose.msg
[1.044s] -- Up-to-date: /home/nikhil/nourish_ws/install/nourish_robot_arm_msgs/share/nourish_robot_arm_msgs/msg/RobotArmState.msg
[1.044s] -- Up-to-date: /home/nikhil/nourish_ws/install/nourish_robot_arm_msgs/share/nourish_robot_arm_msgs/msg/RobotMove.msg
[1.044s] -- Up-to-date: /home/nikhil/nourish_ws/install/nourish_robot_arm_msgs/share/nourish_robot_arm_msgs/msg/Speed.msg
[1.044s] -- Up-to-date: /home/nikhil/nourish_ws/install/nourish_robot_arm_msgs/share/nourish_robot_arm_msgs/msg/Tool.msg
[1.044s] -- Up-to-date: /home/nikhil/nourish_ws/install/nourish_robot_arm_msgs/share/nourish_robot_arm_msgs/msg/WorkObject.msg
[1.044s] -- Up-to-date: /home/nikhil/nourish_ws/install/nourish_robot_arm_msgs/share/nourish_robot_arm_msgs/msg/Zone.msg
[1.045s] -- Up-to-date: /home/nikhil/nourish_ws/install/nourish_robot_arm_msgs/share/nourish_robot_arm_msgs/msg/PositionState.msg
[1.045s] -- Up-to-date: /home/nikhil/nourish_ws/install/nourish_robot_arm_msgs/share/ament_index/resource_index/package_run_dependencies/nourish_robot_arm_msgs
[1.045s] -- Up-to-date: /home/nikhil/nourish_ws/install/nourish_robot_arm_msgs/share/ament_index/resource_index/parent_prefix_path/nourish_robot_arm_msgs
[1.045s] -- Up-to-date: /home/nikhil/nourish_ws/install/nourish_robot_arm_msgs/share/nourish_robot_arm_msgs/environment/ament_prefix_path.sh
[1.046s] -- Up-to-date: /home/nikhil/nourish_ws/install/nourish_robot_arm_msgs/share/nourish_robot_arm_msgs/environment/path.sh
[1.046s] -- Up-to-date: /home/nikhil/nourish_ws/install/nourish_robot_arm_msgs/share/nourish_robot_arm_msgs/local_setup.bash
[1.046s] -- Up-to-date: /home/nikhil/nourish_ws/install/nourish_robot_arm_msgs/share/nourish_robot_arm_msgs/local_setup.sh
[1.047s] -- Up-to-date: /home/nikhil/nourish_ws/install/nourish_robot_arm_msgs/share/nourish_robot_arm_msgs/local_setup.zsh
[1.047s] -- Up-to-date: /home/nikhil/nourish_ws/install/nourish_robot_arm_msgs/share/ament_index/resource_index/packages/nourish_robot_arm_msgs
[1.048s] -- Up-to-date: /home/nikhil/nourish_ws/install/nourish_robot_arm_msgs/share/nourish_robot_arm_msgs/cmake/rosidl_cmake-extras.cmake
[1.048s] -- Up-to-date: /home/nikhil/nourish_ws/install/nourish_robot_arm_msgs/share/nourish_robot_arm_msgs/cmake/ament_cmake_export_dependencies-extras.cmake
[1.048s] -- Up-to-date: /home/nikhil/nourish_ws/install/nourish_robot_arm_msgs/share/nourish_robot_arm_msgs/cmake/ament_cmake_export_include_directories-extras.cmake
[1.048s] -- Up-to-date: /home/nikhil/nourish_ws/install/nourish_robot_arm_msgs/share/nourish_robot_arm_msgs/cmake/ament_cmake_export_libraries-extras.cmake
[1.049s] -- Up-to-date: /home/nikhil/nourish_ws/install/nourish_robot_arm_msgs/share/nourish_robot_arm_msgs/cmake/nourish_robot_arm_msgsConfig.cmake
[1.049s] -- Up-to-date: /home/nikhil/nourish_ws/install/nourish_robot_arm_msgs/share/nourish_robot_arm_msgs/cmake/nourish_robot_arm_msgsConfig-version.cmake
[1.049s] -- Up-to-date: /home/nikhil/nourish_ws/install/nourish_robot_arm_msgs/share/nourish_robot_arm_msgs/package.xml
