[0.126s] DEBUG:colcon:Command line arguments: ['/usr/bin/colcon', 'build']
[0.126s] DEBUG:colcon:Parsed command line arguments: Namespace(ament_cmake_args=None, base_paths=['.'], build_base='build', catkin_cmake_args=None, catkin_skip_building_tests=False, cmake_args=None, cmake_clean_cache=False, cmake_clean_first=False, cmake_force_configure=False, cmake_target=None, cmake_target_skip_unavailable=False, continue_on_error=False, event_handlers=None, executor='parallel', ignore_user_meta=False, install_base='install', log_base=None, log_level=None, main=<bound method BuildVerb.main of <colcon_core.verb.build.BuildVerb object at 0x7efccdd969e8>>, merge_install=False, metas=['./colcon.meta'], packages_above=None, packages_above_depth=None, packages_end=None, packages_ignore=None, packages_ignore_regex=None, packages_select=None, packages_select_build_failed=False, packages_select_by_dep=None, packages_select_regex=None, packages_select_test_failures=False, packages_skip=None, packages_skip_build_finished=False, packages_skip_by_dep=None, packages_skip_regex=None, packages_skip_test_passed=False, packages_skip_up_to=None, packages_start=None, packages_up_to=None, parallel_workers=12, paths=None, symlink_install=False, test_result_base=None, verb_extension=<colcon_core.verb.build.BuildVerb object at 0x7efccdd969e8>, verb_name='build', verb_parser=<colcon_defaults.argument_parser.defaults.DefaultArgumentsDecorator object at 0x7efccdd96d30>)
[0.157s] Level 1:colcon.colcon_core.package_discovery:discover_packages(colcon_meta) check parameters
[0.157s] Level 1:colcon.colcon_core.package_discovery:discover_packages(recursive) check parameters
[0.157s] Level 1:colcon.colcon_core.package_discovery:discover_packages(ignore) check parameters
[0.157s] Level 1:colcon.colcon_core.package_discovery:discover_packages(path) check parameters
[0.157s] Level 1:colcon.colcon_core.package_discovery:discover_packages(colcon_meta) discover
[0.157s] Level 1:colcon.colcon_core.package_discovery:discover_packages(recursive) discover
[0.157s] INFO:colcon.colcon_core.package_discovery:Crawling recursively for packages in '/home/nikhil/nourish_ws'
[0.157s] Level 1:colcon.colcon_core.package_identification:_identify(.) by extensions ['ignore', 'ignore_ament_install']
[0.158s] Level 1:colcon.colcon_core.package_identification:_identify(.) by extension 'ignore'
[0.158s] Level 1:colcon.colcon_core.package_identification:_identify(.) by extension 'ignore_ament_install'
[0.158s] Level 1:colcon.colcon_core.package_identification:_identify(.) by extensions ['colcon_pkg']
[0.158s] Level 1:colcon.colcon_core.package_identification:_identify(.) by extension 'colcon_pkg'
[0.158s] Level 1:colcon.colcon_core.package_identification:_identify(.) by extensions ['colcon_meta']
[0.158s] Level 1:colcon.colcon_core.package_identification:_identify(.) by extension 'colcon_meta'
[0.158s] Level 1:colcon.colcon_core.package_identification:_identify(.) by extensions ['ros']
[0.158s] Level 1:colcon.colcon_core.package_identification:_identify(.) by extension 'ros'
[0.168s] Level 1:colcon.colcon_core.package_identification:_identify(.) by extensions ['cmake', 'python']
[0.168s] Level 1:colcon.colcon_core.package_identification:_identify(.) by extension 'cmake'
[0.168s] Level 1:colcon.colcon_core.package_identification:_identify(.) by extension 'python'
[0.168s] Level 1:colcon.colcon_core.package_identification:_identify(.) by extensions ['python_setup_py']
[0.168s] Level 1:colcon.colcon_core.package_identification:_identify(.) by extension 'python_setup_py'
[0.168s] Level 1:colcon.colcon_core.package_identification:_identify(build) by extensions ['ignore', 'ignore_ament_install']
[0.168s] Level 1:colcon.colcon_core.package_identification:_identify(build) by extension 'ignore'
[0.168s] Level 1:colcon.colcon_core.package_identification:_identify(build) ignored
[0.169s] Level 1:colcon.colcon_core.package_identification:_identify(install) by extensions ['ignore', 'ignore_ament_install']
[0.169s] Level 1:colcon.colcon_core.package_identification:_identify(install) by extension 'ignore'
[0.169s] Level 1:colcon.colcon_core.package_identification:_identify(install) ignored
[0.169s] Level 1:colcon.colcon_core.package_identification:_identify(log) by extensions ['ignore', 'ignore_ament_install']
[0.169s] Level 1:colcon.colcon_core.package_identification:_identify(log) by extension 'ignore'
[0.169s] Level 1:colcon.colcon_core.package_identification:_identify(log) ignored
[0.169s] Level 1:colcon.colcon_core.package_identification:_identify(src) by extensions ['ignore', 'ignore_ament_install']
[0.169s] Level 1:colcon.colcon_core.package_identification:_identify(src) by extension 'ignore'
[0.169s] Level 1:colcon.colcon_core.package_identification:_identify(src) by extension 'ignore_ament_install'
[0.169s] Level 1:colcon.colcon_core.package_identification:_identify(src) by extensions ['colcon_pkg']
[0.169s] Level 1:colcon.colcon_core.package_identification:_identify(src) by extension 'colcon_pkg'
[0.169s] Level 1:colcon.colcon_core.package_identification:_identify(src) by extensions ['colcon_meta']
[0.169s] Level 1:colcon.colcon_core.package_identification:_identify(src) by extension 'colcon_meta'
[0.169s] Level 1:colcon.colcon_core.package_identification:_identify(src) by extensions ['ros']
[0.169s] Level 1:colcon.colcon_core.package_identification:_identify(src) by extension 'ros'
[0.169s] Level 1:colcon.colcon_core.package_identification:_identify(src) by extensions ['cmake', 'python']
[0.170s] Level 1:colcon.colcon_core.package_identification:_identify(src) by extension 'cmake'
[0.170s] Level 1:colcon.colcon_core.package_identification:_identify(src) by extension 'python'
[0.170s] Level 1:colcon.colcon_core.package_identification:_identify(src) by extensions ['python_setup_py']
[0.170s] Level 1:colcon.colcon_core.package_identification:_identify(src) by extension 'python_setup_py'
[0.170s] Level 1:colcon.colcon_core.package_identification:_identify(src/dcb_gazebo) by extensions ['ignore', 'ignore_ament_install']
[0.170s] Level 1:colcon.colcon_core.package_identification:_identify(src/dcb_gazebo) by extension 'ignore'
[0.170s] Level 1:colcon.colcon_core.package_identification:_identify(src/dcb_gazebo) by extension 'ignore_ament_install'
[0.170s] Level 1:colcon.colcon_core.package_identification:_identify(src/dcb_gazebo) by extensions ['colcon_pkg']
[0.170s] Level 1:colcon.colcon_core.package_identification:_identify(src/dcb_gazebo) by extension 'colcon_pkg'
[0.170s] Level 1:colcon.colcon_core.package_identification:_identify(src/dcb_gazebo) by extensions ['colcon_meta']
[0.170s] Level 1:colcon.colcon_core.package_identification:_identify(src/dcb_gazebo) by extension 'colcon_meta'
[0.170s] Level 1:colcon.colcon_core.package_identification:_identify(src/dcb_gazebo) by extensions ['ros']
[0.170s] Level 1:colcon.colcon_core.package_identification:_identify(src/dcb_gazebo) by extension 'ros'
[0.172s] DEBUG:colcon.colcon_core.package_identification:Package 'src/dcb_gazebo' with type 'ros.ament_cmake' and name 'dolly_gazebo'
[0.172s] Level 1:colcon.colcon_core.package_identification:_identify(src/dcb_plugin) by extensions ['ignore', 'ignore_ament_install']
[0.172s] Level 1:colcon.colcon_core.package_identification:_identify(src/dcb_plugin) by extension 'ignore'
[0.172s] Level 1:colcon.colcon_core.package_identification:_identify(src/dcb_plugin) by extension 'ignore_ament_install'
[0.172s] Level 1:colcon.colcon_core.package_identification:_identify(src/dcb_plugin) by extensions ['colcon_pkg']
[0.172s] Level 1:colcon.colcon_core.package_identification:_identify(src/dcb_plugin) by extension 'colcon_pkg'
[0.172s] Level 1:colcon.colcon_core.package_identification:_identify(src/dcb_plugin) by extensions ['colcon_meta']
[0.172s] Level 1:colcon.colcon_core.package_identification:_identify(src/dcb_plugin) by extension 'colcon_meta'
[0.172s] Level 1:colcon.colcon_core.package_identification:_identify(src/dcb_plugin) by extensions ['ros']
[0.172s] Level 1:colcon.colcon_core.package_identification:_identify(src/dcb_plugin) by extension 'ros'
[0.172s] Level 1:colcon.colcon_core.package_identification:_identify(src/dcb_plugin) by extensions ['cmake', 'python']
[0.172s] Level 1:colcon.colcon_core.package_identification:_identify(src/dcb_plugin) by extension 'cmake'
[0.173s] Level 1:colcon.colcon_core.package_identification:_identify(src/dcb_plugin) by extension 'python'
[0.173s] Level 1:colcon.colcon_core.package_identification:_identify(src/dcb_plugin) by extensions ['python_setup_py']
[0.173s] Level 1:colcon.colcon_core.package_identification:_identify(src/dcb_plugin) by extension 'python_setup_py'
[0.173s] Level 1:colcon.colcon_core.package_identification:_identify(src/ros2-bbox-juice-machine) by extensions ['ignore', 'ignore_ament_install']
[0.173s] Level 1:colcon.colcon_core.package_identification:_identify(src/ros2-bbox-juice-machine) by extension 'ignore'
[0.173s] Level 1:colcon.colcon_core.package_identification:_identify(src/ros2-bbox-juice-machine) by extension 'ignore_ament_install'
[0.173s] Level 1:colcon.colcon_core.package_identification:_identify(src/ros2-bbox-juice-machine) by extensions ['colcon_pkg']
[0.173s] Level 1:colcon.colcon_core.package_identification:_identify(src/ros2-bbox-juice-machine) by extension 'colcon_pkg'
[0.173s] Level 1:colcon.colcon_core.package_identification:_identify(src/ros2-bbox-juice-machine) by extensions ['colcon_meta']
[0.173s] Level 1:colcon.colcon_core.package_identification:_identify(src/ros2-bbox-juice-machine) by extension 'colcon_meta'
[0.173s] Level 1:colcon.colcon_core.package_identification:_identify(src/ros2-bbox-juice-machine) by extensions ['ros']
[0.173s] Level 1:colcon.colcon_core.package_identification:_identify(src/ros2-bbox-juice-machine) by extension 'ros'
[0.173s] Level 1:colcon.colcon_core.package_identification:_identify(src/ros2-bbox-juice-machine) by extensions ['cmake', 'python']
[0.173s] Level 1:colcon.colcon_core.package_identification:_identify(src/ros2-bbox-juice-machine) by extension 'cmake'
[0.173s] Level 1:colcon.colcon_core.package_identification:_identify(src/ros2-bbox-juice-machine) by extension 'python'
[0.173s] Level 1:colcon.colcon_core.package_identification:_identify(src/ros2-bbox-juice-machine) by extensions ['python_setup_py']
[0.173s] Level 1:colcon.colcon_core.package_identification:_identify(src/ros2-bbox-juice-machine) by extension 'python_setup_py'
[0.173s] Level 1:colcon.colcon_core.package_identification:_identify(src/ros2-bbox-juice-machine/juice_dcb) by extensions ['ignore', 'ignore_ament_install']
[0.173s] Level 1:colcon.colcon_core.package_identification:_identify(src/ros2-bbox-juice-machine/juice_dcb) by extension 'ignore'
[0.173s] Level 1:colcon.colcon_core.package_identification:_identify(src/ros2-bbox-juice-machine/juice_dcb) by extension 'ignore_ament_install'
[0.173s] Level 1:colcon.colcon_core.package_identification:_identify(src/ros2-bbox-juice-machine/juice_dcb) by extensions ['colcon_pkg']
[0.174s] Level 1:colcon.colcon_core.package_identification:_identify(src/ros2-bbox-juice-machine/juice_dcb) by extension 'colcon_pkg'
[0.174s] Level 1:colcon.colcon_core.package_identification:_identify(src/ros2-bbox-juice-machine/juice_dcb) by extensions ['colcon_meta']
[0.174s] Level 1:colcon.colcon_core.package_identification:_identify(src/ros2-bbox-juice-machine/juice_dcb) by extension 'colcon_meta'
[0.174s] Level 1:colcon.colcon_core.package_identification:_identify(src/ros2-bbox-juice-machine/juice_dcb) by extensions ['ros']
[0.174s] Level 1:colcon.colcon_core.package_identification:_identify(src/ros2-bbox-juice-machine/juice_dcb) by extension 'ros'
[0.174s] DEBUG:colcon.colcon_core.package_identification:Package 'src/ros2-bbox-juice-machine/juice_dcb' with type 'ros.ament_cmake' and name 'juice_dcb'
[0.174s] Level 1:colcon.colcon_core.package_identification:_identify(src/ros2-bbox-juice-machine/juice_spout) by extensions ['ignore', 'ignore_ament_install']
[0.174s] Level 1:colcon.colcon_core.package_identification:_identify(src/ros2-bbox-juice-machine/juice_spout) by extension 'ignore'
[0.174s] Level 1:colcon.colcon_core.package_identification:_identify(src/ros2-bbox-juice-machine/juice_spout) by extension 'ignore_ament_install'
[0.174s] Level 1:colcon.colcon_core.package_identification:_identify(src/ros2-bbox-juice-machine/juice_spout) by extensions ['colcon_pkg']
[0.175s] Level 1:colcon.colcon_core.package_identification:_identify(src/ros2-bbox-juice-machine/juice_spout) by extension 'colcon_pkg'
[0.175s] Level 1:colcon.colcon_core.package_identification:_identify(src/ros2-bbox-juice-machine/juice_spout) by extensions ['colcon_meta']
[0.175s] Level 1:colcon.colcon_core.package_identification:_identify(src/ros2-bbox-juice-machine/juice_spout) by extension 'colcon_meta'
[0.175s] Level 1:colcon.colcon_core.package_identification:_identify(src/ros2-bbox-juice-machine/juice_spout) by extensions ['ros']
[0.175s] Level 1:colcon.colcon_core.package_identification:_identify(src/ros2-bbox-juice-machine/juice_spout) by extension 'ros'
[0.175s] DEBUG:colcon.colcon_core.package_identification:Package 'src/ros2-bbox-juice-machine/juice_spout' with type 'ros.ament_cmake' and name 'juice_spout'
[0.175s] Level 1:colcon.colcon_core.package_identification:_identify(src/ros2-nourish-common-messages) by extensions ['ignore', 'ignore_ament_install']
[0.175s] Level 1:colcon.colcon_core.package_identification:_identify(src/ros2-nourish-common-messages) by extension 'ignore'
[0.175s] Level 1:colcon.colcon_core.package_identification:_identify(src/ros2-nourish-common-messages) by extension 'ignore_ament_install'
[0.175s] Level 1:colcon.colcon_core.package_identification:_identify(src/ros2-nourish-common-messages) by extensions ['colcon_pkg']
[0.175s] Level 1:colcon.colcon_core.package_identification:_identify(src/ros2-nourish-common-messages) by extension 'colcon_pkg'
[0.175s] Level 1:colcon.colcon_core.package_identification:_identify(src/ros2-nourish-common-messages) by extensions ['colcon_meta']
[0.176s] Level 1:colcon.colcon_core.package_identification:_identify(src/ros2-nourish-common-messages) by extension 'colcon_meta'
[0.176s] Level 1:colcon.colcon_core.package_identification:_identify(src/ros2-nourish-common-messages) by extensions ['ros']
[0.176s] Level 1:colcon.colcon_core.package_identification:_identify(src/ros2-nourish-common-messages) by extension 'ros'
[0.176s] Level 1:colcon.colcon_core.package_identification:_identify(src/ros2-nourish-common-messages) by extensions ['cmake', 'python']
[0.176s] Level 1:colcon.colcon_core.package_identification:_identify(src/ros2-nourish-common-messages) by extension 'cmake'
[0.176s] Level 1:colcon.colcon_core.package_identification:_identify(src/ros2-nourish-common-messages) by extension 'python'
[0.176s] Level 1:colcon.colcon_core.package_identification:_identify(src/ros2-nourish-common-messages) by extensions ['python_setup_py']
[0.176s] Level 1:colcon.colcon_core.package_identification:_identify(src/ros2-nourish-common-messages) by extension 'python_setup_py'
[0.176s] Level 1:colcon.colcon_core.package_identification:_identify(src/ros2-nourish-common-messages/juice_dcb_msgs) by extensions ['ignore', 'ignore_ament_install']
[0.176s] Level 1:colcon.colcon_core.package_identification:_identify(src/ros2-nourish-common-messages/juice_dcb_msgs) by extension 'ignore'
[0.176s] Level 1:colcon.colcon_core.package_identification:_identify(src/ros2-nourish-common-messages/juice_dcb_msgs) by extension 'ignore_ament_install'
[0.176s] Level 1:colcon.colcon_core.package_identification:_identify(src/ros2-nourish-common-messages/juice_dcb_msgs) by extensions ['colcon_pkg']
[0.176s] Level 1:colcon.colcon_core.package_identification:_identify(src/ros2-nourish-common-messages/juice_dcb_msgs) by extension 'colcon_pkg'
[0.176s] Level 1:colcon.colcon_core.package_identification:_identify(src/ros2-nourish-common-messages/juice_dcb_msgs) by extensions ['colcon_meta']
[0.176s] Level 1:colcon.colcon_core.package_identification:_identify(src/ros2-nourish-common-messages/juice_dcb_msgs) by extension 'colcon_meta'
[0.176s] Level 1:colcon.colcon_core.package_identification:_identify(src/ros2-nourish-common-messages/juice_dcb_msgs) by extensions ['ros']
[0.176s] Level 1:colcon.colcon_core.package_identification:_identify(src/ros2-nourish-common-messages/juice_dcb_msgs) by extension 'ros'
[0.177s] DEBUG:colcon.colcon_core.package_identification:Package 'src/ros2-nourish-common-messages/juice_dcb_msgs' with type 'ros.ament_cmake' and name 'juice_dcb_msgs'
[0.177s] Level 1:colcon.colcon_core.package_identification:_identify(src/ros2-nourish-common-messages/juice_spout_msgs) by extensions ['ignore', 'ignore_ament_install']
[0.177s] Level 1:colcon.colcon_core.package_identification:_identify(src/ros2-nourish-common-messages/juice_spout_msgs) by extension 'ignore'
[0.177s] Level 1:colcon.colcon_core.package_identification:_identify(src/ros2-nourish-common-messages/juice_spout_msgs) by extension 'ignore_ament_install'
[0.177s] Level 1:colcon.colcon_core.package_identification:_identify(src/ros2-nourish-common-messages/juice_spout_msgs) by extensions ['colcon_pkg']
[0.177s] Level 1:colcon.colcon_core.package_identification:_identify(src/ros2-nourish-common-messages/juice_spout_msgs) by extension 'colcon_pkg'
[0.177s] Level 1:colcon.colcon_core.package_identification:_identify(src/ros2-nourish-common-messages/juice_spout_msgs) by extensions ['colcon_meta']
[0.177s] Level 1:colcon.colcon_core.package_identification:_identify(src/ros2-nourish-common-messages/juice_spout_msgs) by extension 'colcon_meta'
[0.177s] Level 1:colcon.colcon_core.package_identification:_identify(src/ros2-nourish-common-messages/juice_spout_msgs) by extensions ['ros']
[0.177s] Level 1:colcon.colcon_core.package_identification:_identify(src/ros2-nourish-common-messages/juice_spout_msgs) by extension 'ros'
[0.178s] DEBUG:colcon.colcon_core.package_identification:Package 'src/ros2-nourish-common-messages/juice_spout_msgs' with type 'ros.ament_cmake' and name 'juice_spout_msgs'
[0.178s] Level 1:colcon.colcon_core.package_identification:_identify(src/ros2-nourish-common-messages/nourish_robot_arm_msgs) by extensions ['ignore', 'ignore_ament_install']
[0.178s] Level 1:colcon.colcon_core.package_identification:_identify(src/ros2-nourish-common-messages/nourish_robot_arm_msgs) by extension 'ignore'
[0.178s] Level 1:colcon.colcon_core.package_identification:_identify(src/ros2-nourish-common-messages/nourish_robot_arm_msgs) by extension 'ignore_ament_install'
[0.178s] Level 1:colcon.colcon_core.package_identification:_identify(src/ros2-nourish-common-messages/nourish_robot_arm_msgs) by extensions ['colcon_pkg']
[0.178s] Level 1:colcon.colcon_core.package_identification:_identify(src/ros2-nourish-common-messages/nourish_robot_arm_msgs) by extension 'colcon_pkg'
[0.178s] Level 1:colcon.colcon_core.package_identification:_identify(src/ros2-nourish-common-messages/nourish_robot_arm_msgs) by extensions ['colcon_meta']
[0.178s] Level 1:colcon.colcon_core.package_identification:_identify(src/ros2-nourish-common-messages/nourish_robot_arm_msgs) by extension 'colcon_meta'
[0.178s] Level 1:colcon.colcon_core.package_identification:_identify(src/ros2-nourish-common-messages/nourish_robot_arm_msgs) by extensions ['ros']
[0.178s] Level 1:colcon.colcon_core.package_identification:_identify(src/ros2-nourish-common-messages/nourish_robot_arm_msgs) by extension 'ros'
[0.178s] DEBUG:colcon.colcon_core.package_identification:Package 'src/ros2-nourish-common-messages/nourish_robot_arm_msgs' with type 'ros.ament_cmake' and name 'nourish_robot_arm_msgs'
[0.179s] Level 1:colcon.colcon_core.package_identification:_identify(src/ros2-nourish-common-messages/nourish_scale_msgs) by extensions ['ignore', 'ignore_ament_install']
[0.179s] Level 1:colcon.colcon_core.package_identification:_identify(src/ros2-nourish-common-messages/nourish_scale_msgs) by extension 'ignore'
[0.179s] Level 1:colcon.colcon_core.package_identification:_identify(src/ros2-nourish-common-messages/nourish_scale_msgs) by extension 'ignore_ament_install'
[0.179s] Level 1:colcon.colcon_core.package_identification:_identify(src/ros2-nourish-common-messages/nourish_scale_msgs) by extensions ['colcon_pkg']
[0.179s] Level 1:colcon.colcon_core.package_identification:_identify(src/ros2-nourish-common-messages/nourish_scale_msgs) by extension 'colcon_pkg'
[0.179s] Level 1:colcon.colcon_core.package_identification:_identify(src/ros2-nourish-common-messages/nourish_scale_msgs) by extensions ['colcon_meta']
[0.179s] Level 1:colcon.colcon_core.package_identification:_identify(src/ros2-nourish-common-messages/nourish_scale_msgs) by extension 'colcon_meta'
[0.179s] Level 1:colcon.colcon_core.package_identification:_identify(src/ros2-nourish-common-messages/nourish_scale_msgs) by extensions ['ros']
[0.179s] Level 1:colcon.colcon_core.package_identification:_identify(src/ros2-nourish-common-messages/nourish_scale_msgs) by extension 'ros'
[0.179s] DEBUG:colcon.colcon_core.package_identification:Package 'src/ros2-nourish-common-messages/nourish_scale_msgs' with type 'ros.ament_cmake' and name 'nourish_scale_msgs'
[0.179s] Level 1:colcon.colcon_core.package_identification:_identify(src/ros2-nourish-dcb) by extensions ['ignore', 'ignore_ament_install']
[0.180s] Level 1:colcon.colcon_core.package_identification:_identify(src/ros2-nourish-dcb) by extension 'ignore'
[0.180s] Level 1:colcon.colcon_core.package_identification:_identify(src/ros2-nourish-dcb) by extension 'ignore_ament_install'
[0.180s] Level 1:colcon.colcon_core.package_identification:_identify(src/ros2-nourish-dcb) by extensions ['colcon_pkg']
[0.180s] Level 1:colcon.colcon_core.package_identification:_identify(src/ros2-nourish-dcb) by extension 'colcon_pkg'
[0.180s] Level 1:colcon.colcon_core.package_identification:_identify(src/ros2-nourish-dcb) by extensions ['colcon_meta']
[0.180s] Level 1:colcon.colcon_core.package_identification:_identify(src/ros2-nourish-dcb) by extension 'colcon_meta'
[0.180s] Level 1:colcon.colcon_core.package_identification:_identify(src/ros2-nourish-dcb) by extensions ['ros']
[0.180s] Level 1:colcon.colcon_core.package_identification:_identify(src/ros2-nourish-dcb) by extension 'ros'
[0.180s] DEBUG:colcon.colcon_core.package_identification:Package 'src/ros2-nourish-dcb' with type 'ros.ament_cmake' and name 'nourish_dcb'
[0.180s] Level 1:colcon.colcon_core.package_identification:_identify(src/ros2-nourish-scale) by extensions ['ignore', 'ignore_ament_install']
[0.180s] Level 1:colcon.colcon_core.package_identification:_identify(src/ros2-nourish-scale) by extension 'ignore'
[0.180s] Level 1:colcon.colcon_core.package_identification:_identify(src/ros2-nourish-scale) by extension 'ignore_ament_install'
[0.180s] Level 1:colcon.colcon_core.package_identification:_identify(src/ros2-nourish-scale) by extensions ['colcon_pkg']
[0.180s] Level 1:colcon.colcon_core.package_identification:_identify(src/ros2-nourish-scale) by extension 'colcon_pkg'
[0.181s] Level 1:colcon.colcon_core.package_identification:_identify(src/ros2-nourish-scale) by extensions ['colcon_meta']
[0.181s] Level 1:colcon.colcon_core.package_identification:_identify(src/ros2-nourish-scale) by extension 'colcon_meta'
[0.181s] Level 1:colcon.colcon_core.package_identification:_identify(src/ros2-nourish-scale) by extensions ['ros']
[0.181s] Level 1:colcon.colcon_core.package_identification:_identify(src/ros2-nourish-scale) by extension 'ros'
[0.181s] Level 1:colcon.colcon_core.package_identification:_identify(src/ros2-nourish-scale) by extensions ['cmake', 'python']
[0.181s] Level 1:colcon.colcon_core.package_identification:_identify(src/ros2-nourish-scale) by extension 'cmake'
[0.181s] Level 1:colcon.colcon_core.package_identification:_identify(src/ros2-nourish-scale) by extension 'python'
[0.181s] Level 1:colcon.colcon_core.package_identification:_identify(src/ros2-nourish-scale) by extensions ['python_setup_py']
[0.181s] Level 1:colcon.colcon_core.package_identification:_identify(src/ros2-nourish-scale) by extension 'python_setup_py'
[0.181s] Level 1:colcon.colcon_core.package_identification:_identify(src/ros2-nourish-scale/nourish_scale) by extensions ['ignore', 'ignore_ament_install']
[0.181s] Level 1:colcon.colcon_core.package_identification:_identify(src/ros2-nourish-scale/nourish_scale) by extension 'ignore'
[0.181s] Level 1:colcon.colcon_core.package_identification:_identify(src/ros2-nourish-scale/nourish_scale) by extension 'ignore_ament_install'
[0.181s] Level 1:colcon.colcon_core.package_identification:_identify(src/ros2-nourish-scale/nourish_scale) by extensions ['colcon_pkg']
[0.181s] Level 1:colcon.colcon_core.package_identification:_identify(src/ros2-nourish-scale/nourish_scale) by extension 'colcon_pkg'
[0.181s] Level 1:colcon.colcon_core.package_identification:_identify(src/ros2-nourish-scale/nourish_scale) by extensions ['colcon_meta']
[0.181s] Level 1:colcon.colcon_core.package_identification:_identify(src/ros2-nourish-scale/nourish_scale) by extension 'colcon_meta'
[0.181s] Level 1:colcon.colcon_core.package_identification:_identify(src/ros2-nourish-scale/nourish_scale) by extensions ['ros']
[0.181s] Level 1:colcon.colcon_core.package_identification:_identify(src/ros2-nourish-scale/nourish_scale) by extension 'ros'
[0.182s] DEBUG:colcon.colcon_core.package_identification:Package 'src/ros2-nourish-scale/nourish_scale' with type 'ros.ament_cmake' and name 'nourish_scale'
[0.182s] Level 1:colcon.colcon_core.package_identification:_identify(src/serial-ros2) by extensions ['ignore', 'ignore_ament_install']
[0.182s] Level 1:colcon.colcon_core.package_identification:_identify(src/serial-ros2) by extension 'ignore'
[0.182s] Level 1:colcon.colcon_core.package_identification:_identify(src/serial-ros2) by extension 'ignore_ament_install'
[0.182s] Level 1:colcon.colcon_core.package_identification:_identify(src/serial-ros2) by extensions ['colcon_pkg']
[0.182s] Level 1:colcon.colcon_core.package_identification:_identify(src/serial-ros2) by extension 'colcon_pkg'
[0.182s] Level 1:colcon.colcon_core.package_identification:_identify(src/serial-ros2) by extensions ['colcon_meta']
[0.182s] Level 1:colcon.colcon_core.package_identification:_identify(src/serial-ros2) by extension 'colcon_meta'
[0.182s] Level 1:colcon.colcon_core.package_identification:_identify(src/serial-ros2) by extensions ['ros']
[0.182s] Level 1:colcon.colcon_core.package_identification:_identify(src/serial-ros2) by extension 'ros'
[0.183s] DEBUG:colcon.colcon_core.package_identification:Package 'src/serial-ros2' with type 'ros.ament_cmake' and name 'serial'
[0.183s] Level 1:colcon.colcon_core.package_discovery:discover_packages(recursive) using defaults
[0.183s] Level 1:colcon.colcon_core.package_discovery:discover_packages(ignore) discover
[0.183s] Level 1:colcon.colcon_core.package_discovery:discover_packages(ignore) using defaults
[0.183s] Level 1:colcon.colcon_core.package_discovery:discover_packages(path) discover
[0.183s] Level 1:colcon.colcon_core.package_discovery:discover_packages(path) using defaults
[0.188s] Level 5:colcon.colcon_core.verb:set package 'dolly_gazebo' build argument 'cmake_args' from command line to 'None'
[0.188s] Level 5:colcon.colcon_core.verb:set package 'dolly_gazebo' build argument 'cmake_target' from command line to 'None'
[0.188s] Level 5:colcon.colcon_core.verb:set package 'dolly_gazebo' build argument 'cmake_target_skip_unavailable' from command line to 'False'
[0.188s] Level 5:colcon.colcon_core.verb:set package 'dolly_gazebo' build argument 'cmake_clean_cache' from command line to 'False'
[0.188s] Level 5:colcon.colcon_core.verb:set package 'dolly_gazebo' build argument 'cmake_clean_first' from command line to 'False'
[0.188s] Level 5:colcon.colcon_core.verb:set package 'dolly_gazebo' build argument 'cmake_force_configure' from command line to 'False'
[0.188s] Level 5:colcon.colcon_core.verb:set package 'dolly_gazebo' build argument 'ament_cmake_args' from command line to 'None'
[0.188s] Level 5:colcon.colcon_core.verb:set package 'dolly_gazebo' build argument 'catkin_cmake_args' from command line to 'None'
[0.188s] Level 5:colcon.colcon_core.verb:set package 'dolly_gazebo' build argument 'catkin_skip_building_tests' from command line to 'False'
[0.188s] DEBUG:colcon.colcon_core.verb:Building package 'dolly_gazebo' with the following arguments: {'ament_cmake_args': None, 'build_base': '/home/nikhil/nourish_ws/build/dolly_gazebo', 'catkin_cmake_args': None, 'catkin_skip_building_tests': False, 'cmake_args': None, 'cmake_clean_cache': False, 'cmake_clean_first': False, 'cmake_force_configure': False, 'cmake_target': None, 'cmake_target_skip_unavailable': False, 'install_base': '/home/nikhil/nourish_ws/install/dolly_gazebo', 'merge_install': False, 'path': '/home/nikhil/nourish_ws/src/dcb_gazebo', 'symlink_install': False, 'test_result_base': None}
[0.190s] Level 5:colcon.colcon_core.verb:set package 'juice_dcb_msgs' build argument 'cmake_args' from command line to 'None'
[0.190s] Level 5:colcon.colcon_core.verb:set package 'juice_dcb_msgs' build argument 'cmake_target' from command line to 'None'
[0.190s] Level 5:colcon.colcon_core.verb:set package 'juice_dcb_msgs' build argument 'cmake_target_skip_unavailable' from command line to 'False'
[0.190s] Level 5:colcon.colcon_core.verb:set package 'juice_dcb_msgs' build argument 'cmake_clean_cache' from command line to 'False'
[0.190s] Level 5:colcon.colcon_core.verb:set package 'juice_dcb_msgs' build argument 'cmake_clean_first' from command line to 'False'
[0.191s] Level 5:colcon.colcon_core.verb:set package 'juice_dcb_msgs' build argument 'cmake_force_configure' from command line to 'False'
[0.191s] Level 5:colcon.colcon_core.verb:set package 'juice_dcb_msgs' build argument 'ament_cmake_args' from command line to 'None'
[0.191s] Level 5:colcon.colcon_core.verb:set package 'juice_dcb_msgs' build argument 'catkin_cmake_args' from command line to 'None'
[0.191s] Level 5:colcon.colcon_core.verb:set package 'juice_dcb_msgs' build argument 'catkin_skip_building_tests' from command line to 'False'
[0.191s] DEBUG:colcon.colcon_core.verb:Building package 'juice_dcb_msgs' with the following arguments: {'ament_cmake_args': None, 'build_base': '/home/nikhil/nourish_ws/build/juice_dcb_msgs', 'catkin_cmake_args': None, 'catkin_skip_building_tests': False, 'cmake_args': None, 'cmake_clean_cache': False, 'cmake_clean_first': False, 'cmake_force_configure': False, 'cmake_target': None, 'cmake_target_skip_unavailable': False, 'install_base': '/home/nikhil/nourish_ws/install/juice_dcb_msgs', 'merge_install': False, 'path': '/home/nikhil/nourish_ws/src/ros2-nourish-common-messages/juice_dcb_msgs', 'symlink_install': False, 'test_result_base': None}
[0.193s] Level 5:colcon.colcon_core.verb:set package 'juice_spout_msgs' build argument 'cmake_args' from command line to 'None'
[0.193s] Level 5:colcon.colcon_core.verb:set package 'juice_spout_msgs' build argument 'cmake_target' from command line to 'None'
[0.193s] Level 5:colcon.colcon_core.verb:set package 'juice_spout_msgs' build argument 'cmake_target_skip_unavailable' from command line to 'False'
[0.193s] Level 5:colcon.colcon_core.verb:set package 'juice_spout_msgs' build argument 'cmake_clean_cache' from command line to 'False'
[0.193s] Level 5:colcon.colcon_core.verb:set package 'juice_spout_msgs' build argument 'cmake_clean_first' from command line to 'False'
[0.193s] Level 5:colcon.colcon_core.verb:set package 'juice_spout_msgs' build argument 'cmake_force_configure' from command line to 'False'
[0.193s] Level 5:colcon.colcon_core.verb:set package 'juice_spout_msgs' build argument 'ament_cmake_args' from command line to 'None'
[0.193s] Level 5:colcon.colcon_core.verb:set package 'juice_spout_msgs' build argument 'catkin_cmake_args' from command line to 'None'
[0.193s] Level 5:colcon.colcon_core.verb:set package 'juice_spout_msgs' build argument 'catkin_skip_building_tests' from command line to 'False'
[0.193s] DEBUG:colcon.colcon_core.verb:Building package 'juice_spout_msgs' with the following arguments: {'ament_cmake_args': None, 'build_base': '/home/nikhil/nourish_ws/build/juice_spout_msgs', 'catkin_cmake_args': None, 'catkin_skip_building_tests': False, 'cmake_args': None, 'cmake_clean_cache': False, 'cmake_clean_first': False, 'cmake_force_configure': False, 'cmake_target': None, 'cmake_target_skip_unavailable': False, 'install_base': '/home/nikhil/nourish_ws/install/juice_spout_msgs', 'merge_install': False, 'path': '/home/nikhil/nourish_ws/src/ros2-nourish-common-messages/juice_spout_msgs', 'symlink_install': False, 'test_result_base': None}
[0.196s] Level 5:colcon.colcon_core.verb:set package 'nourish_robot_arm_msgs' build argument 'cmake_args' from command line to 'None'
[0.196s] Level 5:colcon.colcon_core.verb:set package 'nourish_robot_arm_msgs' build argument 'cmake_target' from command line to 'None'
[0.196s] Level 5:colcon.colcon_core.verb:set package 'nourish_robot_arm_msgs' build argument 'cmake_target_skip_unavailable' from command line to 'False'
[0.196s] Level 5:colcon.colcon_core.verb:set package 'nourish_robot_arm_msgs' build argument 'cmake_clean_cache' from command line to 'False'
[0.196s] Level 5:colcon.colcon_core.verb:set package 'nourish_robot_arm_msgs' build argument 'cmake_clean_first' from command line to 'False'
[0.196s] Level 5:colcon.colcon_core.verb:set package 'nourish_robot_arm_msgs' build argument 'cmake_force_configure' from command line to 'False'
[0.196s] Level 5:colcon.colcon_core.verb:set package 'nourish_robot_arm_msgs' build argument 'ament_cmake_args' from command line to 'None'
[0.196s] Level 5:colcon.colcon_core.verb:set package 'nourish_robot_arm_msgs' build argument 'catkin_cmake_args' from command line to 'None'
[0.196s] Level 5:colcon.colcon_core.verb:set package 'nourish_robot_arm_msgs' build argument 'catkin_skip_building_tests' from command line to 'False'
[0.196s] DEBUG:colcon.colcon_core.verb:Building package 'nourish_robot_arm_msgs' with the following arguments: {'ament_cmake_args': None, 'build_base': '/home/nikhil/nourish_ws/build/nourish_robot_arm_msgs', 'catkin_cmake_args': None, 'catkin_skip_building_tests': False, 'cmake_args': None, 'cmake_clean_cache': False, 'cmake_clean_first': False, 'cmake_force_configure': False, 'cmake_target': None, 'cmake_target_skip_unavailable': False, 'install_base': '/home/nikhil/nourish_ws/install/nourish_robot_arm_msgs', 'merge_install': False, 'path': '/home/nikhil/nourish_ws/src/ros2-nourish-common-messages/nourish_robot_arm_msgs', 'symlink_install': False, 'test_result_base': None}
[0.198s] Level 5:colcon.colcon_core.verb:set package 'nourish_scale_msgs' build argument 'cmake_args' from command line to 'None'
[0.199s] Level 5:colcon.colcon_core.verb:set package 'nourish_scale_msgs' build argument 'cmake_target' from command line to 'None'
[0.199s] Level 5:colcon.colcon_core.verb:set package 'nourish_scale_msgs' build argument 'cmake_target_skip_unavailable' from command line to 'False'
[0.199s] Level 5:colcon.colcon_core.verb:set package 'nourish_scale_msgs' build argument 'cmake_clean_cache' from command line to 'False'
[0.199s] Level 5:colcon.colcon_core.verb:set package 'nourish_scale_msgs' build argument 'cmake_clean_first' from command line to 'False'
[0.199s] Level 5:colcon.colcon_core.verb:set package 'nourish_scale_msgs' build argument 'cmake_force_configure' from command line to 'False'
[0.199s] Level 5:colcon.colcon_core.verb:set package 'nourish_scale_msgs' build argument 'ament_cmake_args' from command line to 'None'
[0.199s] Level 5:colcon.colcon_core.verb:set package 'nourish_scale_msgs' build argument 'catkin_cmake_args' from command line to 'None'
[0.199s] Level 5:colcon.colcon_core.verb:set package 'nourish_scale_msgs' build argument 'catkin_skip_building_tests' from command line to 'False'
[0.199s] DEBUG:colcon.colcon_core.verb:Building package 'nourish_scale_msgs' with the following arguments: {'ament_cmake_args': None, 'build_base': '/home/nikhil/nourish_ws/build/nourish_scale_msgs', 'catkin_cmake_args': None, 'catkin_skip_building_tests': False, 'cmake_args': None, 'cmake_clean_cache': False, 'cmake_clean_first': False, 'cmake_force_configure': False, 'cmake_target': None, 'cmake_target_skip_unavailable': False, 'install_base': '/home/nikhil/nourish_ws/install/nourish_scale_msgs', 'merge_install': False, 'path': '/home/nikhil/nourish_ws/src/ros2-nourish-common-messages/nourish_scale_msgs', 'symlink_install': False, 'test_result_base': None}
[0.201s] Level 5:colcon.colcon_core.verb:set package 'serial' build argument 'cmake_args' from command line to 'None'
[0.201s] Level 5:colcon.colcon_core.verb:set package 'serial' build argument 'cmake_target' from command line to 'None'
[0.201s] Level 5:colcon.colcon_core.verb:set package 'serial' build argument 'cmake_target_skip_unavailable' from command line to 'False'
[0.201s] Level 5:colcon.colcon_core.verb:set package 'serial' build argument 'cmake_clean_cache' from command line to 'False'
[0.201s] Level 5:colcon.colcon_core.verb:set package 'serial' build argument 'cmake_clean_first' from command line to 'False'
[0.201s] Level 5:colcon.colcon_core.verb:set package 'serial' build argument 'cmake_force_configure' from command line to 'False'
[0.201s] Level 5:colcon.colcon_core.verb:set package 'serial' build argument 'ament_cmake_args' from command line to 'None'
[0.201s] Level 5:colcon.colcon_core.verb:set package 'serial' build argument 'catkin_cmake_args' from command line to 'None'
[0.201s] Level 5:colcon.colcon_core.verb:set package 'serial' build argument 'catkin_skip_building_tests' from command line to 'False'
[0.201s] DEBUG:colcon.colcon_core.verb:Building package 'serial' with the following arguments: {'ament_cmake_args': None, 'build_base': '/home/nikhil/nourish_ws/build/serial', 'catkin_cmake_args': None, 'catkin_skip_building_tests': False, 'cmake_args': None, 'cmake_clean_cache': False, 'cmake_clean_first': False, 'cmake_force_configure': False, 'cmake_target': None, 'cmake_target_skip_unavailable': False, 'install_base': '/home/nikhil/nourish_ws/install/serial', 'merge_install': False, 'path': '/home/nikhil/nourish_ws/src/serial-ros2', 'symlink_install': False, 'test_result_base': None}
[0.204s] Level 5:colcon.colcon_core.verb:set package 'juice_spout' build argument 'cmake_args' from command line to 'None'
[0.204s] Level 5:colcon.colcon_core.verb:set package 'juice_spout' build argument 'cmake_target' from command line to 'None'
[0.204s] Level 5:colcon.colcon_core.verb:set package 'juice_spout' build argument 'cmake_target_skip_unavailable' from command line to 'False'
[0.204s] Level 5:colcon.colcon_core.verb:set package 'juice_spout' build argument 'cmake_clean_cache' from command line to 'False'
[0.204s] Level 5:colcon.colcon_core.verb:set package 'juice_spout' build argument 'cmake_clean_first' from command line to 'False'
[0.204s] Level 5:colcon.colcon_core.verb:set package 'juice_spout' build argument 'cmake_force_configure' from command line to 'False'
[0.204s] Level 5:colcon.colcon_core.verb:set package 'juice_spout' build argument 'ament_cmake_args' from command line to 'None'
[0.204s] Level 5:colcon.colcon_core.verb:set package 'juice_spout' build argument 'catkin_cmake_args' from command line to 'None'
[0.204s] Level 5:colcon.colcon_core.verb:set package 'juice_spout' build argument 'catkin_skip_building_tests' from command line to 'False'
[0.204s] DEBUG:colcon.colcon_core.verb:Building package 'juice_spout' with the following arguments: {'ament_cmake_args': None, 'build_base': '/home/nikhil/nourish_ws/build/juice_spout', 'catkin_cmake_args': None, 'catkin_skip_building_tests': False, 'cmake_args': None, 'cmake_clean_cache': False, 'cmake_clean_first': False, 'cmake_force_configure': False, 'cmake_target': None, 'cmake_target_skip_unavailable': False, 'install_base': '/home/nikhil/nourish_ws/install/juice_spout', 'merge_install': False, 'path': '/home/nikhil/nourish_ws/src/ros2-bbox-juice-machine/juice_spout', 'symlink_install': False, 'test_result_base': None}
[0.213s] Level 5:colcon.colcon_core.verb:set package 'nourish_dcb' build argument 'cmake_args' from command line to 'None'
[0.213s] Level 5:colcon.colcon_core.verb:set package 'nourish_dcb' build argument 'cmake_target' from command line to 'None'
[0.213s] Level 5:colcon.colcon_core.verb:set package 'nourish_dcb' build argument 'cmake_target_skip_unavailable' from command line to 'False'
[0.213s] Level 5:colcon.colcon_core.verb:set package 'nourish_dcb' build argument 'cmake_clean_cache' from command line to 'False'
[0.213s] Level 5:colcon.colcon_core.verb:set package 'nourish_dcb' build argument 'cmake_clean_first' from command line to 'False'
[0.213s] Level 5:colcon.colcon_core.verb:set package 'nourish_dcb' build argument 'cmake_force_configure' from command line to 'False'
[0.213s] Level 5:colcon.colcon_core.verb:set package 'nourish_dcb' build argument 'ament_cmake_args' from command line to 'None'
[0.213s] Level 5:colcon.colcon_core.verb:set package 'nourish_dcb' build argument 'catkin_cmake_args' from command line to 'None'
[0.213s] Level 5:colcon.colcon_core.verb:set package 'nourish_dcb' build argument 'catkin_skip_building_tests' from command line to 'False'
[0.213s] DEBUG:colcon.colcon_core.verb:Building package 'nourish_dcb' with the following arguments: {'ament_cmake_args': None, 'build_base': '/home/nikhil/nourish_ws/build/nourish_dcb', 'catkin_cmake_args': None, 'catkin_skip_building_tests': False, 'cmake_args': None, 'cmake_clean_cache': False, 'cmake_clean_first': False, 'cmake_force_configure': False, 'cmake_target': None, 'cmake_target_skip_unavailable': False, 'install_base': '/home/nikhil/nourish_ws/install/nourish_dcb', 'merge_install': False, 'path': '/home/nikhil/nourish_ws/src/ros2-nourish-dcb', 'symlink_install': False, 'test_result_base': None}
[0.215s] Level 5:colcon.colcon_core.verb:set package 'juice_dcb' build argument 'cmake_args' from command line to 'None'
[0.215s] Level 5:colcon.colcon_core.verb:set package 'juice_dcb' build argument 'cmake_target' from command line to 'None'
[0.215s] Level 5:colcon.colcon_core.verb:set package 'juice_dcb' build argument 'cmake_target_skip_unavailable' from command line to 'False'
[0.215s] Level 5:colcon.colcon_core.verb:set package 'juice_dcb' build argument 'cmake_clean_cache' from command line to 'False'
[0.215s] Level 5:colcon.colcon_core.verb:set package 'juice_dcb' build argument 'cmake_clean_first' from command line to 'False'
[0.215s] Level 5:colcon.colcon_core.verb:set package 'juice_dcb' build argument 'cmake_force_configure' from command line to 'False'
[0.215s] Level 5:colcon.colcon_core.verb:set package 'juice_dcb' build argument 'ament_cmake_args' from command line to 'None'
[0.215s] Level 5:colcon.colcon_core.verb:set package 'juice_dcb' build argument 'catkin_cmake_args' from command line to 'None'
[0.215s] Level 5:colcon.colcon_core.verb:set package 'juice_dcb' build argument 'catkin_skip_building_tests' from command line to 'False'
[0.215s] DEBUG:colcon.colcon_core.verb:Building package 'juice_dcb' with the following arguments: {'ament_cmake_args': None, 'build_base': '/home/nikhil/nourish_ws/build/juice_dcb', 'catkin_cmake_args': None, 'catkin_skip_building_tests': False, 'cmake_args': None, 'cmake_clean_cache': False, 'cmake_clean_first': False, 'cmake_force_configure': False, 'cmake_target': None, 'cmake_target_skip_unavailable': False, 'install_base': '/home/nikhil/nourish_ws/install/juice_dcb', 'merge_install': False, 'path': '/home/nikhil/nourish_ws/src/ros2-bbox-juice-machine/juice_dcb', 'symlink_install': False, 'test_result_base': None}
[0.217s] Level 5:colcon.colcon_core.verb:set package 'nourish_scale' build argument 'cmake_args' from command line to 'None'
[0.218s] Level 5:colcon.colcon_core.verb:set package 'nourish_scale' build argument 'cmake_target' from command line to 'None'
[0.218s] Level 5:colcon.colcon_core.verb:set package 'nourish_scale' build argument 'cmake_target_skip_unavailable' from command line to 'False'
[0.218s] Level 5:colcon.colcon_core.verb:set package 'nourish_scale' build argument 'cmake_clean_cache' from command line to 'False'
[0.218s] Level 5:colcon.colcon_core.verb:set package 'nourish_scale' build argument 'cmake_clean_first' from command line to 'False'
[0.218s] Level 5:colcon.colcon_core.verb:set package 'nourish_scale' build argument 'cmake_force_configure' from command line to 'False'
[0.218s] Level 5:colcon.colcon_core.verb:set package 'nourish_scale' build argument 'ament_cmake_args' from command line to 'None'
[0.218s] Level 5:colcon.colcon_core.verb:set package 'nourish_scale' build argument 'catkin_cmake_args' from command line to 'None'
[0.218s] Level 5:colcon.colcon_core.verb:set package 'nourish_scale' build argument 'catkin_skip_building_tests' from command line to 'False'
[0.218s] DEBUG:colcon.colcon_core.verb:Building package 'nourish_scale' with the following arguments: {'ament_cmake_args': None, 'build_base': '/home/nikhil/nourish_ws/build/nourish_scale', 'catkin_cmake_args': None, 'catkin_skip_building_tests': False, 'cmake_args': None, 'cmake_clean_cache': False, 'cmake_clean_first': False, 'cmake_force_configure': False, 'cmake_target': None, 'cmake_target_skip_unavailable': False, 'install_base': '/home/nikhil/nourish_ws/install/nourish_scale', 'merge_install': False, 'path': '/home/nikhil/nourish_ws/src/ros2-nourish-scale/nourish_scale', 'symlink_install': False, 'test_result_base': None}
[0.218s] INFO:colcon.colcon_core.executor:Executing jobs using 'parallel' executor
[0.220s] DEBUG:colcon.colcon_parallel_executor.executor.parallel:run_until_complete
[0.220s] INFO:colcon.colcon_ros.task.ament_cmake.build:Building ROS package in '/home/nikhil/nourish_ws/src/serial-ros2' with build type 'ament_cmake'
[0.223s] INFO:colcon.colcon_core.plugin_system:Skipping extension 'colcon_core.shell.bat': Not used on non-Windows systems
[0.223s] INFO:colcon.colcon_cmake.task.cmake.build:Building CMake package in '/home/nikhil/nourish_ws/src/serial-ros2'
[0.224s] INFO:colcon.colcon_core.shell:Skip shell extension 'powershell' for command environment: Not usable outside of PowerShell
[0.224s] DEBUG:colcon.colcon_core.shell:Skip shell extension 'dsv' for command environment
[0.229s] INFO:colcon.colcon_ros.task.ament_cmake.build:Building ROS package in '/home/nikhil/nourish_ws/src/ros2-nourish-common-messages/juice_dcb_msgs' with build type 'ament_cmake'
[0.230s] INFO:colcon.colcon_cmake.task.cmake.build:Building CMake package in '/home/nikhil/nourish_ws/src/ros2-nourish-common-messages/juice_dcb_msgs'
[0.230s] INFO:colcon.colcon_core.shell:Skip shell extension 'powershell' for command environment: Not usable outside of PowerShell
[0.231s] DEBUG:colcon.colcon_core.shell:Skip shell extension 'dsv' for command environment
[0.235s] INFO:colcon.colcon_ros.task.ament_cmake.build:Building ROS package in '/home/nikhil/nourish_ws/src/ros2-nourish-common-messages/juice_spout_msgs' with build type 'ament_cmake'
[0.236s] INFO:colcon.colcon_cmake.task.cmake.build:Building CMake package in '/home/nikhil/nourish_ws/src/ros2-nourish-common-messages/juice_spout_msgs'
[0.237s] INFO:colcon.colcon_core.shell:Skip shell extension 'powershell' for command environment: Not usable outside of PowerShell
[0.237s] DEBUG:colcon.colcon_core.shell:Skip shell extension 'dsv' for command environment
[0.242s] INFO:colcon.colcon_ros.task.ament_cmake.build:Building ROS package in '/home/nikhil/nourish_ws/src/ros2-nourish-common-messages/nourish_scale_msgs' with build type 'ament_cmake'
[0.243s] INFO:colcon.colcon_cmake.task.cmake.build:Building CMake package in '/home/nikhil/nourish_ws/src/ros2-nourish-common-messages/nourish_scale_msgs'
[0.243s] INFO:colcon.colcon_core.shell:Skip shell extension 'powershell' for command environment: Not usable outside of PowerShell
[0.243s] DEBUG:colcon.colcon_core.shell:Skip shell extension 'dsv' for command environment
[0.248s] INFO:colcon.colcon_ros.task.ament_cmake.build:Building ROS package in '/home/nikhil/nourish_ws/src/dcb_gazebo' with build type 'ament_cmake'
[0.250s] INFO:colcon.colcon_cmake.task.cmake.build:Building CMake package in '/home/nikhil/nourish_ws/src/dcb_gazebo'
[0.250s] INFO:colcon.colcon_core.shell:Skip shell extension 'powershell' for command environment: Not usable outside of PowerShell
[0.250s] DEBUG:colcon.colcon_core.shell:Skip shell extension 'dsv' for command environment
[0.255s] INFO:colcon.colcon_ros.task.ament_cmake.build:Building ROS package in '/home/nikhil/nourish_ws/src/ros2-nourish-common-messages/nourish_robot_arm_msgs' with build type 'ament_cmake'
[0.256s] INFO:colcon.colcon_cmake.task.cmake.build:Building CMake package in '/home/nikhil/nourish_ws/src/ros2-nourish-common-messages/nourish_robot_arm_msgs'
[0.256s] INFO:colcon.colcon_core.shell:Skip shell extension 'powershell' for command environment: Not usable outside of PowerShell
[0.256s] DEBUG:colcon.colcon_core.shell:Skip shell extension 'dsv' for command environment
[0.266s] DEBUG:colcon.colcon_core.event_handler.log_command:Invoking command in '/home/nikhil/nourish_ws/build/serial': /usr/bin/cmake --build /home/nikhil/nourish_ws/build/serial -- -j12 -l12
[0.273s] DEBUG:colcon.colcon_core.event_handler.log_command:Invoking command in '/home/nikhil/nourish_ws/build/juice_dcb_msgs': /usr/bin/cmake --build /home/nikhil/nourish_ws/build/juice_dcb_msgs -- -j12 -l12
[0.277s] DEBUG:colcon.colcon_core.event_handler.log_command:Invoking command in '/home/nikhil/nourish_ws/build/juice_spout_msgs': /usr/bin/cmake --build /home/nikhil/nourish_ws/build/juice_spout_msgs -- -j12 -l12
[0.282s] DEBUG:colcon.colcon_core.event_handler.log_command:Invoking command in '/home/nikhil/nourish_ws/build/nourish_scale_msgs': /usr/bin/cmake --build /home/nikhil/nourish_ws/build/nourish_scale_msgs -- -j12 -l12
[0.286s] DEBUG:colcon.colcon_core.event_handler.log_command:Invoking command in '/home/nikhil/nourish_ws/build/dolly_gazebo': /usr/bin/cmake --build /home/nikhil/nourish_ws/build/dolly_gazebo -- -j12 -l12
[0.293s] DEBUG:colcon.colcon_core.event_handler.log_command:Invoking command in '/home/nikhil/nourish_ws/build/nourish_robot_arm_msgs': /usr/bin/cmake --build /home/nikhil/nourish_ws/build/nourish_robot_arm_msgs -- -j12 -l12
[0.333s] DEBUG:colcon.colcon_core.event_handler.log_command:Invoked command in '/home/nikhil/nourish_ws/build/dolly_gazebo' returned '0': /usr/bin/cmake --build /home/nikhil/nourish_ws/build/dolly_gazebo -- -j12 -l12
[0.349s] DEBUG:colcon.colcon_core.event_handler.log_command:Invoked command in '/home/nikhil/nourish_ws/build/serial' returned '0': /usr/bin/cmake --build /home/nikhil/nourish_ws/build/serial -- -j12 -l12
[0.422s] DEBUG:colcon.colcon_core.event_handler.log_command:Invoking command in '/home/nikhil/nourish_ws/build/dolly_gazebo': /usr/bin/cmake --build /home/nikhil/nourish_ws/build/dolly_gazebo --target install -- -j12 -l12
[0.434s] DEBUG:colcon.colcon_core.event_handler.log_command:Invoking command in '/home/nikhil/nourish_ws/build/serial': /usr/bin/cmake --build /home/nikhil/nourish_ws/build/serial --target install -- -j12 -l12
[0.499s] Level 1:colcon.colcon_core.environment:create_environment_scripts_only(dolly_gazebo)
[0.506s] Level 1:colcon.colcon_core.environment:checking '/home/nikhil/nourish_ws/install/dolly_gazebo' for CMake module files
[0.508s] Level 1:colcon.colcon_core.environment:checking '/home/nikhil/nourish_ws/install/dolly_gazebo' for CMake config files
[0.512s] DEBUG:colcon.colcon_core.event_handler.log_command:Invoked command in '/home/nikhil/nourish_ws/build/dolly_gazebo' returned '0': /usr/bin/cmake --build /home/nikhil/nourish_ws/build/dolly_gazebo --target install -- -j12 -l12
[0.513s] Level 1:colcon.colcon_core.shell:create_environment_hook('dolly_gazebo', 'cmake_prefix_path')
[0.514s] INFO:colcon.colcon_core.shell:Creating environment hook '/home/nikhil/nourish_ws/install/dolly_gazebo/share/dolly_gazebo/hook/cmake_prefix_path.ps1'
[0.515s] INFO:colcon.colcon_core.shell:Creating environment descriptor '/home/nikhil/nourish_ws/install/dolly_gazebo/share/dolly_gazebo/hook/cmake_prefix_path.dsv'
[0.515s] INFO:colcon.colcon_core.shell:Creating environment hook '/home/nikhil/nourish_ws/install/dolly_gazebo/share/dolly_gazebo/hook/cmake_prefix_path.sh'
[0.517s] Level 1:colcon.colcon_core.environment:checking '/home/nikhil/nourish_ws/install/dolly_gazebo/bin'
[0.517s] Level 1:colcon.colcon_core.environment:checking '/home/nikhil/nourish_ws/install/dolly_gazebo/lib/pkgconfig/dolly_gazebo.pc'
[0.518s] Level 1:colcon.colcon_core.environment:checking '/home/nikhil/nourish_ws/install/dolly_gazebo/lib/python3.6/site-packages'
[0.519s] INFO:colcon.colcon_core.shell:Creating package script '/home/nikhil/nourish_ws/install/dolly_gazebo/share/dolly_gazebo/package.ps1'
[0.521s] INFO:colcon.colcon_core.shell:Creating package descriptor '/home/nikhil/nourish_ws/install/dolly_gazebo/share/dolly_gazebo/package.dsv'
[0.522s] INFO:colcon.colcon_core.shell:Creating package script '/home/nikhil/nourish_ws/install/dolly_gazebo/share/dolly_gazebo/package.sh'
[0.523s] INFO:colcon.colcon_core.shell:Creating package script '/home/nikhil/nourish_ws/install/dolly_gazebo/share/dolly_gazebo/package.bash'
[0.525s] INFO:colcon.colcon_core.shell:Creating package script '/home/nikhil/nourish_ws/install/dolly_gazebo/share/dolly_gazebo/package.zsh'
[0.525s] Level 1:colcon.colcon_core.environment:create_file_with_runtime_dependencies(/home/nikhil/nourish_ws/install/dolly_gazebo/share/colcon-core/packages/dolly_gazebo)
[0.536s] Level 1:colcon.colcon_core.environment:create_environment_scripts_only(serial)
[0.537s] Level 1:colcon.colcon_core.environment:checking '/home/nikhil/nourish_ws/install/serial' for CMake module files
[0.539s] DEBUG:colcon.colcon_core.event_handler.log_command:Invoked command in '/home/nikhil/nourish_ws/build/serial' returned '0': /usr/bin/cmake --build /home/nikhil/nourish_ws/build/serial --target install -- -j12 -l12
[0.539s] Level 1:colcon.colcon_core.environment:checking '/home/nikhil/nourish_ws/install/serial' for CMake config files
[0.539s] Level 1:colcon.colcon_core.shell:create_environment_hook('serial', 'cmake_prefix_path')
[0.540s] INFO:colcon.colcon_core.shell:Creating environment hook '/home/nikhil/nourish_ws/install/serial/share/serial/hook/cmake_prefix_path.ps1'
[0.541s] INFO:colcon.colcon_core.shell:Creating environment descriptor '/home/nikhil/nourish_ws/install/serial/share/serial/hook/cmake_prefix_path.dsv'
[0.541s] INFO:colcon.colcon_core.shell:Creating environment hook '/home/nikhil/nourish_ws/install/serial/share/serial/hook/cmake_prefix_path.sh'
[0.543s] Level 1:colcon.colcon_core.environment:checking '/home/nikhil/nourish_ws/install/serial/lib'
[0.543s] Level 1:colcon.colcon_core.environment:checking '/home/nikhil/nourish_ws/install/serial/bin'
[0.543s] Level 1:colcon.colcon_core.environment:checking '/home/nikhil/nourish_ws/install/serial/lib/pkgconfig/serial.pc'
[0.543s] Level 1:colcon.colcon_core.environment:checking '/home/nikhil/nourish_ws/install/serial/lib/python3.6/site-packages'
[0.544s] INFO:colcon.colcon_core.shell:Creating package script '/home/nikhil/nourish_ws/install/serial/share/serial/package.ps1'
[0.545s] INFO:colcon.colcon_core.shell:Creating package descriptor '/home/nikhil/nourish_ws/install/serial/share/serial/package.dsv'
[0.546s] INFO:colcon.colcon_core.shell:Creating package script '/home/nikhil/nourish_ws/install/serial/share/serial/package.sh'
[0.547s] INFO:colcon.colcon_core.shell:Creating package script '/home/nikhil/nourish_ws/install/serial/share/serial/package.bash'
[0.548s] INFO:colcon.colcon_core.shell:Creating package script '/home/nikhil/nourish_ws/install/serial/share/serial/package.zsh'
[0.549s] Level 1:colcon.colcon_core.environment:create_file_with_runtime_dependencies(/home/nikhil/nourish_ws/install/serial/share/colcon-core/packages/serial)
[0.550s] INFO:colcon.colcon_ros.task.ament_cmake.build:Building ROS package in '/home/nikhil/nourish_ws/src/ros2-nourish-dcb' with build type 'ament_cmake'
[0.551s] INFO:colcon.colcon_cmake.task.cmake.build:Building CMake package in '/home/nikhil/nourish_ws/src/ros2-nourish-dcb'
[0.552s] INFO:colcon.colcon_core.shell:Skip shell extension 'powershell' for command environment: Not usable outside of PowerShell
[0.552s] DEBUG:colcon.colcon_core.shell:Skip shell extension 'dsv' for command environment
[0.577s] DEBUG:colcon.colcon_core.event_handler.log_command:Invoking command in '/home/nikhil/nourish_ws/build/nourish_dcb': AMENT_PREFIX_PATH=/home/nikhil/nourish_ws/install/serial:${AMENT_PREFIX_PATH} CMAKE_PREFIX_PATH=/home/nikhil/nourish_ws/install/serial:${CMAKE_PREFIX_PATH} LD_LIBRARY_PATH=/home/nikhil/nourish_ws/install/serial/lib:${LD_LIBRARY_PATH} /usr/bin/cmake --build /home/nikhil/nourish_ws/build/nourish_dcb -- -j12 -l12
[0.585s] DEBUG:colcon.colcon_core.event_handler.log_command:Invoked command in '/home/nikhil/nourish_ws/build/nourish_scale_msgs' returned '0': /usr/bin/cmake --build /home/nikhil/nourish_ws/build/nourish_scale_msgs -- -j12 -l12
[0.590s] DEBUG:colcon.colcon_core.event_handler.log_command:Invoked command in '/home/nikhil/nourish_ws/build/juice_spout_msgs' returned '0': /usr/bin/cmake --build /home/nikhil/nourish_ws/build/juice_spout_msgs -- -j12 -l12
[0.596s] DEBUG:colcon.colcon_core.event_handler.log_command:Invoked command in '/home/nikhil/nourish_ws/build/juice_dcb_msgs' returned '0': /usr/bin/cmake --build /home/nikhil/nourish_ws/build/juice_dcb_msgs -- -j12 -l12
[0.656s] DEBUG:colcon.colcon_core.event_handler.log_command:Invoked command in '/home/nikhil/nourish_ws/build/nourish_robot_arm_msgs' returned '0': /usr/bin/cmake --build /home/nikhil/nourish_ws/build/nourish_robot_arm_msgs -- -j12 -l12
[0.678s] DEBUG:colcon.colcon_core.event_handler.log_command:Invoking command in '/home/nikhil/nourish_ws/build/nourish_scale_msgs': /usr/bin/cmake --build /home/nikhil/nourish_ws/build/nourish_scale_msgs --target install -- -j12 -l12
[0.685s] DEBUG:colcon.colcon_core.event_handler.log_command:Invoking command in '/home/nikhil/nourish_ws/build/juice_dcb_msgs': /usr/bin/cmake --build /home/nikhil/nourish_ws/build/juice_dcb_msgs --target install -- -j12 -l12
[0.716s] DEBUG:colcon.colcon_core.event_handler.log_command:Invoking command in '/home/nikhil/nourish_ws/build/juice_spout_msgs': /usr/bin/cmake --build /home/nikhil/nourish_ws/build/juice_spout_msgs --target install -- -j12 -l12
[0.938s] DEBUG:colcon.colcon_core.event_handler.log_command:Invoked command in '/home/nikhil/nourish_ws/build/nourish_dcb' returned '2': AMENT_PREFIX_PATH=/home/nikhil/nourish_ws/install/serial:${AMENT_PREFIX_PATH} CMAKE_PREFIX_PATH=/home/nikhil/nourish_ws/install/serial:${CMAKE_PREFIX_PATH} LD_LIBRARY_PATH=/home/nikhil/nourish_ws/install/serial/lib:${LD_LIBRARY_PATH} /usr/bin/cmake --build /home/nikhil/nourish_ws/build/nourish_dcb -- -j12 -l12
[1.069s] DEBUG:colcon.colcon_parallel_executor.executor.parallel:closing loop
[1.069s] DEBUG:colcon.colcon_parallel_executor.executor.parallel:loop closed
[1.070s] DEBUG:colcon.colcon_parallel_executor.executor.parallel:run_until_complete finished with '2'
[1.070s] DEBUG:colcon.colcon_core.event_reactor:joining thread
[1.076s] INFO:colcon.colcon_core.plugin_system:Skipping extension 'colcon_notification.desktop_notification.terminal_notifier': Not used on non-Darwin systems
[1.076s] INFO:colcon.colcon_core.plugin_system:Skipping extension 'colcon_notification.desktop_notification.win32': Not used on non-Windows systems
[1.076s] INFO:colcon.colcon_notification.desktop_notification:Sending desktop notification using 'notify2'
[1.079s] DEBUG:colcon.colcon_core.event_reactor:joined thread
[1.080s] INFO:colcon.colcon_core.shell:Creating prefix script '/home/nikhil/nourish_ws/install/local_setup.ps1'
[1.081s] INFO:colcon.colcon_core.shell:Creating prefix util module '/home/nikhil/nourish_ws/install/_local_setup_util_ps1.py'
[1.082s] INFO:colcon.colcon_core.shell:Creating prefix chain script '/home/nikhil/nourish_ws/install/setup.ps1'
[1.084s] INFO:colcon.colcon_core.shell:Creating prefix script '/home/nikhil/nourish_ws/install/local_setup.sh'
[1.084s] INFO:colcon.colcon_core.shell:Creating prefix util module '/home/nikhil/nourish_ws/install/_local_setup_util_sh.py'
[1.085s] INFO:colcon.colcon_core.shell:Creating prefix chain script '/home/nikhil/nourish_ws/install/setup.sh'
[1.087s] INFO:colcon.colcon_core.shell:Creating prefix script '/home/nikhil/nourish_ws/install/local_setup.bash'
[1.087s] INFO:colcon.colcon_core.shell:Creating prefix chain script '/home/nikhil/nourish_ws/install/setup.bash'
[1.089s] INFO:colcon.colcon_core.shell:Creating prefix script '/home/nikhil/nourish_ws/install/local_setup.zsh'
[1.089s] INFO:colcon.colcon_core.shell:Creating prefix chain script '/home/nikhil/nourish_ws/install/setup.zsh'
