[0.020s] Invoking command in '/home/nikhil/nourish_ws/build/juice_dcb': AMENT_PREFIX_PATH=/home/nikhil/nourish_ws/install/nourish_dcb:/home/nikhil/nourish_ws/install/serial:/home/nikhil/nourish_ws/install/juice_dcb_msgs:${AMENT_PREFIX_PATH} CMAKE_PREFIX_PATH=/home/nikhil/nourish_ws/install/nourish_dcb:/home/nikhil/nourish_ws/install/serial:/home/nikhil/nourish_ws/install/juice_dcb_msgs:${CMAKE_PREFIX_PATH} LD_LIBRARY_PATH=/home/nikhil/nourish_ws/install/nourish_dcb/lib:/home/nikhil/nourish_ws/install/serial/lib:/home/nikhil/nourish_ws/install/juice_dcb_msgs/lib:${LD_LIBRARY_PATH} PYTHONPATH=/home/nikhil/nourish_ws/install/juice_dcb_msgs/lib/python3.6/site-packages:${PYTHONPATH} /usr/bin/cmake --build /home/nikhil/nourish_ws/build/juice_dcb -- -j12 -l12
[0.088s] [ 33%] [32m[1mLinking CXX executable juice_dcb[0m
[0.297s] [100%] Built target juice_dcb
[0.308s] Invoked command in '/home/nikhil/nourish_ws/build/juice_dcb' returned '0': AMENT_PREFIX_PATH=/home/nikhil/nourish_ws/install/nourish_dcb:/home/nikhil/nourish_ws/install/serial:/home/nikhil/nourish_ws/install/juice_dcb_msgs:${AMENT_PREFIX_PATH} CMAKE_PREFIX_PATH=/home/nikhil/nourish_ws/install/nourish_dcb:/home/nikhil/nourish_ws/install/serial:/home/nikhil/nourish_ws/install/juice_dcb_msgs:${CMAKE_PREFIX_PATH} LD_LIBRARY_PATH=/home/nikhil/nourish_ws/install/nourish_dcb/lib:/home/nikhil/nourish_ws/install/serial/lib:/home/nikhil/nourish_ws/install/juice_dcb_msgs/lib:${LD_LIBRARY_PATH} PYTHONPATH=/home/nikhil/nourish_ws/install/juice_dcb_msgs/lib/python3.6/site-packages:${PYTHONPATH} /usr/bin/cmake --build /home/nikhil/nourish_ws/build/juice_dcb -- -j12 -l12
[0.334s] Invoking command in '/home/nikhil/nourish_ws/build/juice_dcb': AMENT_PREFIX_PATH=/home/nikhil/nourish_ws/install/nourish_dcb:/home/nikhil/nourish_ws/install/serial:/home/nikhil/nourish_ws/install/juice_dcb_msgs:${AMENT_PREFIX_PATH} CMAKE_PREFIX_PATH=/home/nikhil/nourish_ws/install/nourish_dcb:/home/nikhil/nourish_ws/install/serial:/home/nikhil/nourish_ws/install/juice_dcb_msgs:${CMAKE_PREFIX_PATH} LD_LIBRARY_PATH=/home/nikhil/nourish_ws/install/nourish_dcb/lib:/home/nikhil/nourish_ws/install/serial/lib:/home/nikhil/nourish_ws/install/juice_dcb_msgs/lib:${LD_LIBRARY_PATH} PYTHONPATH=/home/nikhil/nourish_ws/install/juice_dcb_msgs/lib/python3.6/site-packages:${PYTHONPATH} /usr/bin/cmake --build /home/nikhil/nourish_ws/build/juice_dcb --target install -- -j12 -l12
[0.390s] [100%] Built target juice_dcb
[0.408s] [36mInstall the project...[0m
[0.416s] -- Install configuration: ""
[0.416s] -- Installing: /home/nikhil/nourish_ws/install/juice_dcb/lib/juice_dcb/juice_dcb
[0.417s] -- Set runtime path of "/home/nikhil/nourish_ws/install/juice_dcb/lib/juice_dcb/juice_dcb" to ""
[0.417s] -- Up-to-date: /home/nikhil/nourish_ws/install/juice_dcb/share/ament_index/resource_index/package_run_dependencies/juice_dcb
[0.417s] -- Up-to-date: /home/nikhil/nourish_ws/install/juice_dcb/share/ament_index/resource_index/parent_prefix_path/juice_dcb
[0.417s] -- Up-to-date: /home/nikhil/nourish_ws/install/juice_dcb/share/juice_dcb/environment/ament_prefix_path.sh
[0.417s] -- Up-to-date: /home/nikhil/nourish_ws/install/juice_dcb/share/juice_dcb/environment/path.sh
[0.418s] -- Up-to-date: /home/nikhil/nourish_ws/install/juice_dcb/share/juice_dcb/local_setup.bash
[0.418s] -- Up-to-date: /home/nikhil/nourish_ws/install/juice_dcb/share/juice_dcb/local_setup.sh
[0.418s] -- Up-to-date: /home/nikhil/nourish_ws/install/juice_dcb/share/juice_dcb/local_setup.zsh
[0.418s] -- Up-to-date: /home/nikhil/nourish_ws/install/juice_dcb/share/ament_index/resource_index/packages/juice_dcb
[0.418s] -- Up-to-date: /home/nikhil/nourish_ws/install/juice_dcb/share/juice_dcb/cmake/juice_dcbConfig.cmake
[0.418s] -- Up-to-date: /home/nikhil/nourish_ws/install/juice_dcb/share/juice_dcb/cmake/juice_dcbConfig-version.cmake
[0.418s] -- Up-to-date: /home/nikhil/nourish_ws/install/juice_dcb/share/juice_dcb/package.xml
[0.422s] Invoked command in '/home/nikhil/nourish_ws/build/juice_dcb' returned '0': AMENT_PREFIX_PATH=/home/nikhil/nourish_ws/install/nourish_dcb:/home/nikhil/nourish_ws/install/serial:/home/nikhil/nourish_ws/install/juice_dcb_msgs:${AMENT_PREFIX_PATH} CMAKE_PREFIX_PATH=/home/nikhil/nourish_ws/install/nourish_dcb:/home/nikhil/nourish_ws/install/serial:/home/nikhil/nourish_ws/install/juice_dcb_msgs:${CMAKE_PREFIX_PATH} LD_LIBRARY_PATH=/home/nikhil/nourish_ws/install/nourish_dcb/lib:/home/nikhil/nourish_ws/install/serial/lib:/home/nikhil/nourish_ws/install/juice_dcb_msgs/lib:${LD_LIBRARY_PATH} PYTHONPATH=/home/nikhil/nourish_ws/install/juice_dcb_msgs/lib/python3.6/site-packages:${PYTHONPATH} /usr/bin/cmake --build /home/nikhil/nourish_ws/build/juice_dcb --target install -- -j12 -l12
