[0.027s] Invoking command in '/home/nikhil/nourish_ws/build/nourish_scale_msgs': /usr/bin/cmake /home/nikhil/nourish_ws/src/ros2-nourish-common-messages/nourish_scale_msgs -DCMAKE_INSTALL_PREFIX=/home/nikhil/nourish_ws/install/nourish_scale_msgs
[0.084s] -- The C compiler identification is GNU 7.5.0
[0.138s] -- The CXX compiler identification is GNU 7.5.0
[0.141s] -- Check for working C compiler: /usr/bin/cc
[0.210s] -- Check for working C compiler: /usr/bin/cc -- works
[0.210s] -- Detecting C compiler ABI info
[0.279s] -- Detecting C compiler ABI info - done
[0.283s] -- Detecting C compile features
[0.498s] -- Detecting C compile features - done
[0.500s] -- Check for working CXX compiler: /usr/bin/c++
[0.584s] -- Check for working CXX compiler: /usr/bin/c++ -- works
[0.585s] -- Detecting CXX compiler ABI info
[0.674s] -- Detecting CXX compiler ABI info - done
[0.678s] -- Detecting CXX compile features
[1.042s] -- Detecting CXX compile features - done
[1.044s] -- Found ament_cmake: 0.7.4 (/home/nikhil/ros2_dashing/ros2-linux/share/ament_cmake/cmake)
[1.068s] -- Found PythonInterp: /usr/bin/python3 (found suitable version "3.6.9", minimum required is "3") 
[1.069s] -- Using PYTHON_EXECUTABLE: /usr/bin/python3
[1.293s] -- Found rosidl_default_generators: 0.7.0 (/home/nikhil/ros2_dashing/ros2-linux/share/rosidl_default_generators/cmake)
[1.325s] -- Could not find RTI Connext - skipping rosidl_typesupport_connext_c
[1.337s] -- Found rosidl_adapter: 0.7.9 (/home/nikhil/ros2_dashing/ros2-linux/share/rosidl_adapter/cmake)
[1.348s] -- Could not find RTI Connext - skipping rosidl_typesupport_connext_cpp
[1.432s] -- Found OpenSSL: /usr/lib/x86_64-linux-gnu/libcrypto.so (found version "1.1.1") 
[1.451s] -- Found FastRTPS: /home/nikhil/ros2_dashing/ros2-linux/include  
[1.508s] -- Could not find PrismTech OpenSplice - skipping rosidl_typesupport_opensplice_c
[1.511s] -- Could not find PrismTech OpenSplice - skipping rosidl_typesupport_opensplice_cpp
[1.557s] -- Found PythonInterp: /usr/bin/python3 (found version "3.6.9") 
[1.716s] -- Using all available rosidl_typesupport_c: rosidl_typesupport_connext_c;rosidl_typesupport_fastrtps_c;rosidl_typesupport_introspection_c;rosidl_typesupport_opensplice_c
[1.726s] -- Using all available rosidl_typesupport_cpp: rosidl_typesupport_connext_cpp;rosidl_typesupport_fastrtps_cpp;rosidl_typesupport_introspection_cpp;rosidl_typesupport_opensplice_cpp
[1.852s] -- Found rmw_implementation_cmake: 0.7.2 (/home/nikhil/ros2_dashing/ros2-linux/share/rmw_implementation_cmake/cmake)
[1.880s] -- Found PythonInterp: /usr/bin/python3 (found suitable version "3.6.9", minimum required is "3.5") 
[1.881s] -- Found python_cmake_module: 0.7.10 (/home/nikhil/ros2_dashing/ros2-linux/share/python_cmake_module/cmake)
[1.914s] -- Found PythonLibs: /usr/lib/x86_64-linux-gnu/libpython3.6m.so (found suitable version "3.6.9", minimum required is "3.5") 
[1.914s] -- Using PYTHON_EXECUTABLE: /usr/bin/python3
[1.914s] -- Using PYTHON_INCLUDE_DIRS: /usr/include/python3.6m
[1.914s] -- Using PYTHON_LIBRARIES: /usr/lib/x86_64-linux-gnu/libpython3.6m.so
[1.939s] -- Found PythonExtra: .so  
[1.939s] -- Could not find RTI Connext - skipping rmw_connext_cpp
[1.944s] CMake Warning at /home/nikhil/ros2_dashing/ros2-linux/share/rmw_connext_shared_cpp/cmake/ament_cmake_export_include_directories-extras.cmake:11 (message):
[1.944s]   Package 'rmw_connext_shared_cpp' exports the include directory
[1.944s]   '/opt/rti.com/rti_connext_dds-5.3.1/include' which doesn't exist
[1.944s] Call Stack (most recent call first):
[1.944s]   /home/nikhil/ros2_dashing/ros2-linux/share/rmw_connext_shared_cpp/cmake/rmw_connext_shared_cppConfig.cmake:38 (include)
[1.944s]   /home/nikhil/ros2_dashing/ros2-linux/share/rmw_connext_cpp/cmake/ament_cmake_export_dependencies-extras.cmake:21 (find_package)
[1.944s]   /home/nikhil/ros2_dashing/ros2-linux/share/rmw_connext_cpp/cmake/rmw_connext_cppConfig.cmake:38 (include)
[1.944s]   /home/nikhil/ros2_dashing/ros2-linux/share/rmw_implementation_cmake/cmake/call_for_each_rmw_implementation.cmake:61 (find_package)
[1.944s]   /home/nikhil/ros2_dashing/ros2-linux/share/rosidl_generator_py/cmake/rosidl_generator_py_get_typesupports.cmake:26 (call_for_each_rmw_implementation)
[1.944s]   /home/nikhil/ros2_dashing/ros2-linux/share/rosidl_generator_py/cmake/rosidl_generator_py_generate_interfaces.cmake:27 (rosidl_generator_py_get_typesupports)
[1.944s]   /home/nikhil/ros2_dashing/ros2-linux/share/ament_cmake_core/cmake/core/ament_execute_extensions.cmake:48 (include)
[1.944s]   /home/nikhil/ros2_dashing/ros2-linux/share/rosidl_cmake/cmake/rosidl_generate_interfaces.cmake:286 (ament_execute_extensions)
[1.945s]   CMakeLists.txt:35 (rosidl_generate_interfaces)
[1.945s] 
[1.945s] 
[1.945s] CMake Warning at /home/nikhil/ros2_dashing/ros2-linux/share/rmw_connext_shared_cpp/cmake/ament_cmake_export_include_directories-extras.cmake:11 (message):
[1.945s]   Package 'rmw_connext_shared_cpp' exports the include directory
[1.945s]   '/opt/rti.com/rti_connext_dds-5.3.1/include/ndds' which doesn't exist
[1.945s] Call Stack (most recent call first):
[1.945s]   /home/nikhil/ros2_dashing/ros2-linux/share/rmw_connext_shared_cpp/cmake/rmw_connext_shared_cppConfig.cmake:38 (include)
[1.945s]   /home/nikhil/ros2_dashing/ros2-linux/share/rmw_connext_cpp/cmake/ament_cmake_export_dependencies-extras.cmake:21 (find_package)
[1.945s]   /home/nikhil/ros2_dashing/ros2-linux/share/rmw_connext_cpp/cmake/rmw_connext_cppConfig.cmake:38 (include)
[1.945s]   /home/nikhil/ros2_dashing/ros2-linux/share/rmw_implementation_cmake/cmake/call_for_each_rmw_implementation.cmake:61 (find_package)
[1.945s]   /home/nikhil/ros2_dashing/ros2-linux/share/rosidl_generator_py/cmake/rosidl_generator_py_get_typesupports.cmake:26 (call_for_each_rmw_implementation)
[1.945s]   /home/nikhil/ros2_dashing/ros2-linux/share/rosidl_generator_py/cmake/rosidl_generator_py_generate_interfaces.cmake:27 (rosidl_generator_py_get_typesupports)
[1.945s]   /home/nikhil/ros2_dashing/ros2-linux/share/ament_cmake_core/cmake/core/ament_execute_extensions.cmake:48 (include)
[1.946s]   /home/nikhil/ros2_dashing/ros2-linux/share/rosidl_cmake/cmake/rosidl_generate_interfaces.cmake:286 (ament_execute_extensions)
[1.946s]   CMakeLists.txt:35 (rosidl_generate_interfaces)
[1.946s] 
[1.947s] 
[1.947s] CMake Warning at /home/nikhil/ros2_dashing/ros2-linux/share/rmw_connext_shared_cpp/cmake/ament_cmake_export_libraries-extras.cmake:62 (message):
[1.947s]   Package 'rmw_connext_shared_cpp' exports the library
[1.947s]   '/opt/rti.com/rti_connext_dds-5.3.1/lib/x64Linux3gcc5.4.0/libnddsc.so'
[1.947s]   which doesn't exist
[1.947s] Call Stack (most recent call first):
[1.947s]   /home/nikhil/ros2_dashing/ros2-linux/share/rmw_connext_shared_cpp/cmake/rmw_connext_shared_cppConfig.cmake:38 (include)
[1.947s]   /home/nikhil/ros2_dashing/ros2-linux/share/rmw_connext_cpp/cmake/ament_cmake_export_dependencies-extras.cmake:21 (find_package)
[1.947s]   /home/nikhil/ros2_dashing/ros2-linux/share/rmw_connext_cpp/cmake/rmw_connext_cppConfig.cmake:38 (include)
[1.948s]   /home/nikhil/ros2_dashing/ros2-linux/share/rmw_implementation_cmake/cmake/call_for_each_rmw_implementation.cmake:61 (find_package)
[1.948s]   /home/nikhil/ros2_dashing/ros2-linux/share/rosidl_generator_py/cmake/rosidl_generator_py_get_typesupports.cmake:26 (call_for_each_rmw_implementation)
[1.948s]   /home/nikhil/ros2_dashing/ros2-linux/share/rosidl_generator_py/cmake/rosidl_generator_py_generate_interfaces.cmake:27 (rosidl_generator_py_get_typesupports)
[1.948s]   /home/nikhil/ros2_dashing/ros2-linux/share/ament_cmake_core/cmake/core/ament_execute_extensions.cmake:48 (include)
[1.948s]   /home/nikhil/ros2_dashing/ros2-linux/share/rosidl_cmake/cmake/rosidl_generate_interfaces.cmake:286 (ament_execute_extensions)
[1.948s]   CMakeLists.txt:35 (rosidl_generate_interfaces)
[1.948s] 
[1.948s] 
[1.948s] CMake Warning at /home/nikhil/ros2_dashing/ros2-linux/share/rmw_connext_shared_cpp/cmake/ament_cmake_export_libraries-extras.cmake:62 (message):
[1.949s]   Package 'rmw_connext_shared_cpp' exports the library
[1.949s]   '/opt/rti.com/rti_connext_dds-5.3.1/lib/x64Linux3gcc5.4.0/libnddscore.so'
[1.949s]   which doesn't exist
[1.949s] Call Stack (most recent call first):
[1.949s]   /home/nikhil/ros2_dashing/ros2-linux/share/rmw_connext_shared_cpp/cmake/rmw_connext_shared_cppConfig.cmake:38 (include)
[1.949s]   /home/nikhil/ros2_dashing/ros2-linux/share/rmw_connext_cpp/cmake/ament_cmake_export_dependencies-extras.cmake:21 (find_package)
[1.949s]   /home/nikhil/ros2_dashing/ros2-linux/share/rmw_connext_cpp/cmake/rmw_connext_cppConfig.cmake:38 (include)
[1.950s]   /home/nikhil/ros2_dashing/ros2-linux/share/rmw_implementation_cmake/cmake/call_for_each_rmw_implementation.cmake:61 (find_package)
[1.950s]   /home/nikhil/ros2_dashing/ros2-linux/share/rosidl_generator_py/cmake/rosidl_generator_py_get_typesupports.cmake:26 (call_for_each_rmw_implementation)
[1.950s]   /home/nikhil/ros2_dashing/ros2-linux/share/rosidl_generator_py/cmake/rosidl_generator_py_generate_interfaces.cmake:27 (rosidl_generator_py_get_typesupports)
[1.950s]   /home/nikhil/ros2_dashing/ros2-linux/share/ament_cmake_core/cmake/core/ament_execute_extensions.cmake:48 (include)
[1.950s]   /home/nikhil/ros2_dashing/ros2-linux/share/rosidl_cmake/cmake/rosidl_generate_interfaces.cmake:286 (ament_execute_extensions)
[1.950s]   CMakeLists.txt:35 (rosidl_generate_interfaces)
[1.950s] 
[1.950s] 
[1.950s] CMake Warning at /home/nikhil/ros2_dashing/ros2-linux/share/rmw_connext_shared_cpp/cmake/ament_cmake_export_libraries-extras.cmake:62 (message):
[1.951s]   Package 'rmw_connext_shared_cpp' exports the library
[1.951s]   '/opt/rti.com/rti_connext_dds-5.3.1/lib/x64Linux3gcc5.4.0/libnddscpp.so'
[1.951s]   which doesn't exist
[1.951s] Call Stack (most recent call first):
[1.951s]   /home/nikhil/ros2_dashing/ros2-linux/share/rmw_connext_shared_cpp/cmake/rmw_connext_shared_cppConfig.cmake:38 (include)
[1.951s]   /home/nikhil/ros2_dashing/ros2-linux/share/rmw_connext_cpp/cmake/ament_cmake_export_dependencies-extras.cmake:21 (find_package)
[1.951s]   /home/nikhil/ros2_dashing/ros2-linux/share/rmw_connext_cpp/cmake/rmw_connext_cppConfig.cmake:38 (include)
[1.951s]   /home/nikhil/ros2_dashing/ros2-linux/share/rmw_implementation_cmake/cmake/call_for_each_rmw_implementation.cmake:61 (find_package)
[1.951s]   /home/nikhil/ros2_dashing/ros2-linux/share/rosidl_generator_py/cmake/rosidl_generator_py_get_typesupports.cmake:26 (call_for_each_rmw_implementation)
[1.952s]   /home/nikhil/ros2_dashing/ros2-linux/share/rosidl_generator_py/cmake/rosidl_generator_py_generate_interfaces.cmake:27 (rosidl_generator_py_get_typesupports)
[1.952s]   /home/nikhil/ros2_dashing/ros2-linux/share/ament_cmake_core/cmake/core/ament_execute_extensions.cmake:48 (include)
[1.952s]   /home/nikhil/ros2_dashing/ros2-linux/share/rosidl_cmake/cmake/rosidl_generate_interfaces.cmake:286 (ament_execute_extensions)
[1.952s]   CMakeLists.txt:35 (rosidl_generate_interfaces)
[1.952s] 
[1.952s] 
[1.952s] CMake Warning at /home/nikhil/ros2_dashing/ros2-linux/share/rmw_connext_shared_cpp/cmake/ament_cmake_export_libraries-extras.cmake:62 (message):
[1.952s]   Package 'rmw_connext_shared_cpp' exports the library
[1.952s]   '/opt/rti.com/rti_connext_dds-5.3.1/lib/x64Linux3gcc5.4.0/librticonnextmsgcpp.so'
[1.953s]   which doesn't exist
[1.953s] Call Stack (most recent call first):
[1.953s]   /home/nikhil/ros2_dashing/ros2-linux/share/rmw_connext_shared_cpp/cmake/rmw_connext_shared_cppConfig.cmake:38 (include)
[1.953s]   /home/nikhil/ros2_dashing/ros2-linux/share/rmw_connext_cpp/cmake/ament_cmake_export_dependencies-extras.cmake:21 (find_package)
[1.953s]   /home/nikhil/ros2_dashing/ros2-linux/share/rmw_connext_cpp/cmake/rmw_connext_cppConfig.cmake:38 (include)
[1.953s]   /home/nikhil/ros2_dashing/ros2-linux/share/rmw_implementation_cmake/cmake/call_for_each_rmw_implementation.cmake:61 (find_package)
[1.953s]   /home/nikhil/ros2_dashing/ros2-linux/share/rosidl_generator_py/cmake/rosidl_generator_py_get_typesupports.cmake:26 (call_for_each_rmw_implementation)
[1.953s]   /home/nikhil/ros2_dashing/ros2-linux/share/rosidl_generator_py/cmake/rosidl_generator_py_generate_interfaces.cmake:27 (rosidl_generator_py_get_typesupports)
[1.954s]   /home/nikhil/ros2_dashing/ros2-linux/share/ament_cmake_core/cmake/core/ament_execute_extensions.cmake:48 (include)
[1.954s]   /home/nikhil/ros2_dashing/ros2-linux/share/rosidl_cmake/cmake/rosidl_generate_interfaces.cmake:286 (ament_execute_extensions)
[1.954s]   CMakeLists.txt:35 (rosidl_generate_interfaces)
[1.954s] 
[1.954s] 
[1.954s] CMake Warning at /home/nikhil/ros2_dashing/ros2-linux/share/rmw_connext_shared_cpp/cmake/ament_cmake_export_libraries-extras.cmake:62 (message):
[1.954s]   Package 'rmw_connext_shared_cpp' exports the library
[1.954s]   '/opt/rti.com/rti_connext_dds-5.3.1/lib/x64Linux3gcc5.4.0/libnddscd.so'
[1.955s]   which doesn't exist
[1.955s] Call Stack (most recent call first):
[1.955s]   /home/nikhil/ros2_dashing/ros2-linux/share/rmw_connext_shared_cpp/cmake/rmw_connext_shared_cppConfig.cmake:38 (include)
[1.955s]   /home/nikhil/ros2_dashing/ros2-linux/share/rmw_connext_cpp/cmake/ament_cmake_export_dependencies-extras.cmake:21 (find_package)
[1.955s]   /home/nikhil/ros2_dashing/ros2-linux/share/rmw_connext_cpp/cmake/rmw_connext_cppConfig.cmake:38 (include)
[1.955s]   /home/nikhil/ros2_dashing/ros2-linux/share/rmw_implementation_cmake/cmake/call_for_each_rmw_implementation.cmake:61 (find_package)
[1.955s]   /home/nikhil/ros2_dashing/ros2-linux/share/rosidl_generator_py/cmake/rosidl_generator_py_get_typesupports.cmake:26 (call_for_each_rmw_implementation)
[1.955s]   /home/nikhil/ros2_dashing/ros2-linux/share/rosidl_generator_py/cmake/rosidl_generator_py_generate_interfaces.cmake:27 (rosidl_generator_py_get_typesupports)
[1.955s]   /home/nikhil/ros2_dashing/ros2-linux/share/ament_cmake_core/cmake/core/ament_execute_extensions.cmake:48 (include)
[1.956s]   /home/nikhil/ros2_dashing/ros2-linux/share/rosidl_cmake/cmake/rosidl_generate_interfaces.cmake:286 (ament_execute_extensions)
[1.956s]   CMakeLists.txt:35 (rosidl_generate_interfaces)
[1.956s] 
[1.956s] 
[1.956s] CMake Warning at /home/nikhil/ros2_dashing/ros2-linux/share/rmw_connext_shared_cpp/cmake/ament_cmake_export_libraries-extras.cmake:62 (message):
[1.956s]   Package 'rmw_connext_shared_cpp' exports the library
[1.956s]   '/opt/rti.com/rti_connext_dds-5.3.1/lib/x64Linux3gcc5.4.0/libnddscored.so'
[1.956s]   which doesn't exist
[1.957s] Call Stack (most recent call first):
[1.957s]   /home/nikhil/ros2_dashing/ros2-linux/share/rmw_connext_shared_cpp/cmake/rmw_connext_shared_cppConfig.cmake:38 (include)
[1.957s]   /home/nikhil/ros2_dashing/ros2-linux/share/rmw_connext_cpp/cmake/ament_cmake_export_dependencies-extras.cmake:21 (find_package)
[1.957s]   /home/nikhil/ros2_dashing/ros2-linux/share/rmw_connext_cpp/cmake/rmw_connext_cppConfig.cmake:38 (include)
[1.957s]   /home/nikhil/ros2_dashing/ros2-linux/share/rmw_implementation_cmake/cmake/call_for_each_rmw_implementation.cmake:61 (find_package)
[1.957s]   /home/nikhil/ros2_dashing/ros2-linux/share/rosidl_generator_py/cmake/rosidl_generator_py_get_typesupports.cmake:26 (call_for_each_rmw_implementation)
[1.957s]   /home/nikhil/ros2_dashing/ros2-linux/share/rosidl_generator_py/cmake/rosidl_generator_py_generate_interfaces.cmake:27 (rosidl_generator_py_get_typesupports)
[1.957s]   /home/nikhil/ros2_dashing/ros2-linux/share/ament_cmake_core/cmake/core/ament_execute_extensions.cmake:48 (include)
[1.958s]   /home/nikhil/ros2_dashing/ros2-linux/share/rosidl_cmake/cmake/rosidl_generate_interfaces.cmake:286 (ament_execute_extensions)
[1.958s]   CMakeLists.txt:35 (rosidl_generate_interfaces)
[1.958s] 
[1.958s] 
[1.958s] CMake Warning at /home/nikhil/ros2_dashing/ros2-linux/share/rmw_connext_shared_cpp/cmake/ament_cmake_export_libraries-extras.cmake:62 (message):
[1.958s]   Package 'rmw_connext_shared_cpp' exports the library
[1.958s]   '/opt/rti.com/rti_connext_dds-5.3.1/lib/x64Linux3gcc5.4.0/libnddscppd.so'
[1.958s]   which doesn't exist
[1.959s] Call Stack (most recent call first):
[1.959s]   /home/nikhil/ros2_dashing/ros2-linux/share/rmw_connext_shared_cpp/cmake/rmw_connext_shared_cppConfig.cmake:38 (include)
[1.959s]   /home/nikhil/ros2_dashing/ros2-linux/share/rmw_connext_cpp/cmake/ament_cmake_export_dependencies-extras.cmake:21 (find_package)
[1.959s]   /home/nikhil/ros2_dashing/ros2-linux/share/rmw_connext_cpp/cmake/rmw_connext_cppConfig.cmake:38 (include)
[1.959s]   /home/nikhil/ros2_dashing/ros2-linux/share/rmw_implementation_cmake/cmake/call_for_each_rmw_implementation.cmake:61 (find_package)
[1.959s]   /home/nikhil/ros2_dashing/ros2-linux/share/rosidl_generator_py/cmake/rosidl_generator_py_get_typesupports.cmake:26 (call_for_each_rmw_implementation)
[1.959s]   /home/nikhil/ros2_dashing/ros2-linux/share/rosidl_generator_py/cmake/rosidl_generator_py_generate_interfaces.cmake:27 (rosidl_generator_py_get_typesupports)
[1.959s]   /home/nikhil/ros2_dashing/ros2-linux/share/ament_cmake_core/cmake/core/ament_execute_extensions.cmake:48 (include)
[1.959s]   /home/nikhil/ros2_dashing/ros2-linux/share/rosidl_cmake/cmake/rosidl_generate_interfaces.cmake:286 (ament_execute_extensions)
[1.960s]   CMakeLists.txt:35 (rosidl_generate_interfaces)
[1.960s] 
[1.960s] 
[1.960s] CMake Warning at /home/nikhil/ros2_dashing/ros2-linux/share/rmw_connext_shared_cpp/cmake/ament_cmake_export_libraries-extras.cmake:62 (message):
[1.960s]   Package 'rmw_connext_shared_cpp' exports the library
[1.960s]   '/opt/rti.com/rti_connext_dds-5.3.1/lib/x64Linux3gcc5.4.0/librticonnextmsgcppd.so'
[1.960s]   which doesn't exist
[1.960s] Call Stack (most recent call first):
[1.960s]   /home/nikhil/ros2_dashing/ros2-linux/share/rmw_connext_shared_cpp/cmake/rmw_connext_shared_cppConfig.cmake:38 (include)
[1.961s]   /home/nikhil/ros2_dashing/ros2-linux/share/rmw_connext_cpp/cmake/ament_cmake_export_dependencies-extras.cmake:21 (find_package)
[1.961s]   /home/nikhil/ros2_dashing/ros2-linux/share/rmw_connext_cpp/cmake/rmw_connext_cppConfig.cmake:38 (include)
[1.961s]   /home/nikhil/ros2_dashing/ros2-linux/share/rmw_implementation_cmake/cmake/call_for_each_rmw_implementation.cmake:61 (find_package)
[1.961s]   /home/nikhil/ros2_dashing/ros2-linux/share/rosidl_generator_py/cmake/rosidl_generator_py_get_typesupports.cmake:26 (call_for_each_rmw_implementation)
[1.961s]   /home/nikhil/ros2_dashing/ros2-linux/share/rosidl_generator_py/cmake/rosidl_generator_py_generate_interfaces.cmake:27 (rosidl_generator_py_get_typesupports)
[1.961s]   /home/nikhil/ros2_dashing/ros2-linux/share/ament_cmake_core/cmake/core/ament_execute_extensions.cmake:48 (include)
[1.961s]   /home/nikhil/ros2_dashing/ros2-linux/share/rosidl_cmake/cmake/rosidl_generate_interfaces.cmake:286 (ament_execute_extensions)
[1.961s]   CMakeLists.txt:35 (rosidl_generate_interfaces)
[1.962s] 
[1.962s] 
[2.070s] -- Could not find PrismTech OpenSplice - skipping rmw_opensplice_cpp
[2.117s] -- Found ament_lint_auto: 0.7.11 (/home/nikhil/ros2_dashing/ros2-linux/share/ament_lint_auto/cmake)
[2.136s] -- Added test 'lint_cmake' to check CMake code style
[2.138s] -- Added test 'xmllint' to check XML markup files
[2.142s] -- Configuring done
[2.182s] -- Generating done
[2.185s] -- Build files have been written to: /home/nikhil/nourish_ws/build/nourish_scale_msgs
[2.190s] Invoked command in '/home/nikhil/nourish_ws/build/nourish_scale_msgs' returned '0': /usr/bin/cmake /home/nikhil/nourish_ws/src/ros2-nourish-common-messages/nourish_scale_msgs -DCMAKE_INSTALL_PREFIX=/home/nikhil/nourish_ws/install/nourish_scale_msgs
[2.193s] Invoking command in '/home/nikhil/nourish_ws/build/nourish_scale_msgs': /usr/bin/cmake --build /home/nikhil/nourish_ws/build/nourish_scale_msgs -- -j12 -l12
[2.243s] [  2%] [34m[1mGenerating C code for ROS interfaces[0m
[2.247s] [35m[1mScanning dependencies of target nourish_scale_msgs__cpp[0m
[2.259s] [  5%] [34m[1mGenerating C++ code for ROS interfaces[0m
[2.773s] [35m[1mScanning dependencies of target nourish_scale_msgs__rosidl_generator_c[0m
[2.793s] [  7%] [32mBuilding C object CMakeFiles/nourish_scale_msgs__rosidl_generator_c.dir/rosidl_generator_c/nourish_scale_msgs/msg/response__functions.c.o[0m
[2.794s] [ 10%] [32mBuilding C object CMakeFiles/nourish_scale_msgs__rosidl_generator_c.dir/rosidl_generator_c/nourish_scale_msgs/srv/tare__functions.c.o[0m
[2.868s] [ 12%] [32m[1mLinking C shared library libnourish_scale_msgs__rosidl_generator_c.so[0m
[2.869s] [ 12%] Built target nourish_scale_msgs__cpp
[2.891s] [ 15%] [34m[1mGenerating C++ type support for eProsima Fast-RTPS[0m
[2.894s] [ 17%] [34m[1mGenerating C++ type support dispatch for ROS interfaces[0m
[2.897s] [ 20%] [34m[1mGenerating C++ introspection for ROS interfaces[0m
[2.953s] [ 20%] Built target nourish_scale_msgs__rosidl_generator_c
[2.990s] [ 23%] [34m[1mGenerating C type support dispatch for ROS interfaces[0m
[2.994s] [ 25%] [34m[1mGenerating C introspection for ROS interfaces[0m
[3.462s] [35m[1mScanning dependencies of target nourish_scale_msgs__rosidl_typesupport_cpp[0m
[3.569s] [ 28%] [32mBuilding CXX object CMakeFiles/nourish_scale_msgs__rosidl_typesupport_cpp.dir/rosidl_typesupport_cpp/nourish_scale_msgs/msg/response__type_support.cpp.o[0m
[3.581s] [35m[1mScanning dependencies of target nourish_scale_msgs__rosidl_typesupport_introspection_cpp[0m
[3.589s] [ 30%] [32mBuilding CXX object CMakeFiles/nourish_scale_msgs__rosidl_typesupport_cpp.dir/rosidl_typesupport_cpp/nourish_scale_msgs/srv/tare__type_support.cpp.o[0m
[3.698s] [ 33%] [32mBuilding CXX object CMakeFiles/nourish_scale_msgs__rosidl_typesupport_introspection_cpp.dir/rosidl_typesupport_introspection_cpp/nourish_scale_msgs/msg/response__type_support.cpp.o[0m
[3.725s] [35m[1mScanning dependencies of target nourish_scale_msgs__rosidl_typesupport_fastrtps_cpp[0m
[3.767s] [ 35%] [32mBuilding CXX object CMakeFiles/nourish_scale_msgs__rosidl_typesupport_introspection_cpp.dir/rosidl_typesupport_introspection_cpp/nourish_scale_msgs/srv/tare__type_support.cpp.o[0m
[3.779s] [35m[1mScanning dependencies of target nourish_scale_msgs__rosidl_typesupport_c[0m
[3.878s] [35m[1mScanning dependencies of target nourish_scale_msgs__rosidl_typesupport_introspection_c[0m
[3.882s] [ 38%] [32mBuilding CXX object CMakeFiles/nourish_scale_msgs__rosidl_typesupport_c.dir/rosidl_typesupport_c/nourish_scale_msgs/srv/tare__type_support.cpp.o[0m
[3.886s] [ 41%] [32mBuilding CXX object CMakeFiles/nourish_scale_msgs__rosidl_typesupport_c.dir/rosidl_typesupport_c/nourish_scale_msgs/msg/response__type_support.cpp.o[0m
[3.890s] [ 43%] [32mBuilding CXX object CMakeFiles/nourish_scale_msgs__rosidl_typesupport_fastrtps_cpp.dir/rosidl_typesupport_fastrtps_cpp/nourish_scale_msgs/msg/dds_fastrtps/response__type_support.cpp.o[0m
[3.892s] [ 46%] [32mBuilding CXX object CMakeFiles/nourish_scale_msgs__rosidl_typesupport_fastrtps_cpp.dir/rosidl_typesupport_fastrtps_cpp/nourish_scale_msgs/srv/dds_fastrtps/tare__type_support.cpp.o[0m
[3.993s] [ 48%] [32mBuilding C object CMakeFiles/nourish_scale_msgs__rosidl_typesupport_introspection_c.dir/rosidl_typesupport_introspection_c/nourish_scale_msgs/msg/response__type_support.c.o[0m
[3.999s] [ 51%] [32mBuilding C object CMakeFiles/nourish_scale_msgs__rosidl_typesupport_introspection_c.dir/rosidl_typesupport_introspection_c/nourish_scale_msgs/srv/tare__type_support.c.o[0m
[4.125s] [ 53%] [32m[1mLinking CXX shared library libnourish_scale_msgs__rosidl_typesupport_cpp.so[0m
[4.178s] [ 56%] [32m[1mLinking CXX shared library libnourish_scale_msgs__rosidl_typesupport_c.so[0m
[4.215s] [ 58%] [32m[1mLinking C shared library libnourish_scale_msgs__rosidl_typesupport_introspection_c.so[0m
[4.352s] [ 58%] Built target nourish_scale_msgs__rosidl_typesupport_cpp
[4.359s] [ 58%] Built target nourish_scale_msgs__rosidl_typesupport_c
[4.381s] [ 58%] Built target nourish_scale_msgs__rosidl_typesupport_introspection_c
[4.439s] [ 61%] [32m[1mLinking CXX shared library libnourish_scale_msgs__rosidl_typesupport_introspection_cpp.so[0m
[4.501s] [ 61%] Built target nourish_scale_msgs__rosidl_typesupport_introspection_cpp
[4.621s] [ 64%] [32m[1mLinking CXX shared library libnourish_scale_msgs__rosidl_typesupport_fastrtps_cpp.so[0m
[4.748s] [ 64%] Built target nourish_scale_msgs__rosidl_typesupport_fastrtps_cpp
[4.766s] [ 66%] [34m[1mGenerating C type support for eProsima Fast-RTPS[0m
[5.447s] [35m[1mScanning dependencies of target nourish_scale_msgs__rosidl_typesupport_fastrtps_c[0m
[5.584s] [ 69%] [32mBuilding CXX object CMakeFiles/nourish_scale_msgs__rosidl_typesupport_fastrtps_c.dir/rosidl_typesupport_fastrtps_c/nourish_scale_msgs/msg/response__type_support_c.cpp.o[0m
[5.586s] [ 71%] [32mBuilding CXX object CMakeFiles/nourish_scale_msgs__rosidl_typesupport_fastrtps_c.dir/rosidl_typesupport_fastrtps_c/nourish_scale_msgs/srv/tare__type_support_c.cpp.o[0m
[6.162s] [ 74%] [32m[1mLinking CXX shared library libnourish_scale_msgs__rosidl_typesupport_fastrtps_c.so[0m
[6.361s] [ 74%] Built target nourish_scale_msgs__rosidl_typesupport_fastrtps_c
[6.423s] [35m[1mScanning dependencies of target nourish_scale_msgs[0m
[6.450s] [ 74%] Built target nourish_scale_msgs
[6.470s] [35m[1mScanning dependencies of target nourish_scale_msgs__py[0m
[6.488s] [ 76%] [34m[1mGenerating Python code for ROS interfaces[0m
[7.401s] [ 76%] Built target nourish_scale_msgs__py
[7.415s] [35m[1mScanning dependencies of target nourish_scale_msgs__python[0m
[7.441s] [ 79%] [32mBuilding C object CMakeFiles/nourish_scale_msgs__python.dir/rosidl_generator_py/nourish_scale_msgs/srv/_tare_s.c.o[0m
[7.444s] [ 82%] [32mBuilding C object CMakeFiles/nourish_scale_msgs__python.dir/rosidl_generator_py/nourish_scale_msgs/msg/_response_s.c.o[0m
[7.548s] [ 84%] [32m[1mLinking C shared library rosidl_generator_py/nourish_scale_msgs/libnourish_scale_msgs__python.so[0m
[7.606s] [ 84%] Built target nourish_scale_msgs__python
[7.626s] [35m[1mScanning dependencies of target nourish_scale_msgs__rosidl_typesupport_c__pyext[0m
[7.628s] [35m[1mScanning dependencies of target nourish_scale_msgs__rosidl_typesupport_introspection_c__pyext[0m
[7.630s] [35m[1mScanning dependencies of target nourish_scale_msgs__rosidl_typesupport_fastrtps_c__pyext[0m
[7.665s] [ 87%] [32mBuilding C object CMakeFiles/nourish_scale_msgs__rosidl_typesupport_introspection_c__pyext.dir/rosidl_generator_py/nourish_scale_msgs/_nourish_scale_msgs_s.ep.rosidl_typesupport_introspection_c.c.o[0m
[7.670s] [ 89%] [32mBuilding C object CMakeFiles/nourish_scale_msgs__rosidl_typesupport_c__pyext.dir/rosidl_generator_py/nourish_scale_msgs/_nourish_scale_msgs_s.ep.rosidl_typesupport_c.c.o[0m
[7.679s] [ 92%] [32mBuilding C object CMakeFiles/nourish_scale_msgs__rosidl_typesupport_fastrtps_c__pyext.dir/rosidl_generator_py/nourish_scale_msgs/_nourish_scale_msgs_s.ep.rosidl_typesupport_fastrtps_c.c.o[0m
[7.793s] [ 94%] [32m[1mLinking C shared library rosidl_generator_py/nourish_scale_msgs/nourish_scale_msgs_s__rosidl_typesupport_introspection_c.cpython-36m-x86_64-linux-gnu.so[0m
[7.801s] [ 97%] [32m[1mLinking C shared library rosidl_generator_py/nourish_scale_msgs/nourish_scale_msgs_s__rosidl_typesupport_c.cpython-36m-x86_64-linux-gnu.so[0m
[7.801s] [100%] [32m[1mLinking C shared library rosidl_generator_py/nourish_scale_msgs/nourish_scale_msgs_s__rosidl_typesupport_fastrtps_c.cpython-36m-x86_64-linux-gnu.so[0m
[7.842s] [100%] Built target nourish_scale_msgs__rosidl_typesupport_introspection_c__pyext
[7.845s] [100%] Built target nourish_scale_msgs__rosidl_typesupport_c__pyext
[7.869s] [100%] Built target nourish_scale_msgs__rosidl_typesupport_fastrtps_c__pyext
[7.887s] Invoked command in '/home/nikhil/nourish_ws/build/nourish_scale_msgs' returned '0': /usr/bin/cmake --build /home/nikhil/nourish_ws/build/nourish_scale_msgs -- -j12 -l12
[7.971s] Invoking command in '/home/nikhil/nourish_ws/build/nourish_scale_msgs': /usr/bin/cmake --build /home/nikhil/nourish_ws/build/nourish_scale_msgs --target install -- -j12 -l12
[8.065s] [ 10%] Built target nourish_scale_msgs__rosidl_generator_c
[8.066s] [ 12%] Built target nourish_scale_msgs__cpp
[8.103s] [ 23%] Built target nourish_scale_msgs__rosidl_typesupport_introspection_c
[8.104s] [ 43%] Built target nourish_scale_msgs__rosidl_typesupport_c
[8.104s] [ 43%] Built target nourish_scale_msgs__rosidl_typesupport_introspection_cpp
[8.105s] [ 53%] Built target nourish_scale_msgs__rosidl_typesupport_cpp
[8.111s] [ 64%] Built target nourish_scale_msgs__rosidl_typesupport_fastrtps_cpp
[8.159s] [ 74%] Built target nourish_scale_msgs__rosidl_typesupport_fastrtps_c
[8.235s] [ 74%] Built target nourish_scale_msgs
[8.350s] [ 76%] Built target nourish_scale_msgs__py
[8.549s] [ 84%] Built target nourish_scale_msgs__python
[8.697s] [ 89%] Built target nourish_scale_msgs__rosidl_typesupport_c__pyext
[8.701s] [ 94%] Built target nourish_scale_msgs__rosidl_typesupport_introspection_c__pyext
[8.711s] [100%] Built target nourish_scale_msgs__rosidl_typesupport_fastrtps_c__pyext
[8.760s] [36mInstall the project...[0m
[8.799s] -- Install configuration: ""
[8.799s] -- Installing: /home/nikhil/nourish_ws/install/nourish_scale_msgs/share/ament_index/resource_index/rosidl_interfaces/nourish_scale_msgs
[8.799s] -- Installing: /home/nikhil/nourish_ws/install/nourish_scale_msgs/lib/libnourish_scale_msgs__rosidl_typesupport_c.so
[8.800s] -- Set runtime path of "/home/nikhil/nourish_ws/install/nourish_scale_msgs/lib/libnourish_scale_msgs__rosidl_typesupport_c.so" to ""
[8.801s] -- Installing: /home/nikhil/nourish_ws/install/nourish_scale_msgs/share/nourish_scale_msgs/environment/library_path.sh
[8.801s] -- Installing: /home/nikhil/nourish_ws/install/nourish_scale_msgs/lib/libnourish_scale_msgs__rosidl_typesupport_cpp.so
[8.802s] -- Set runtime path of "/home/nikhil/nourish_ws/install/nourish_scale_msgs/lib/libnourish_scale_msgs__rosidl_typesupport_cpp.so" to ""
[8.802s] -- Installing: /home/nikhil/nourish_ws/install/nourish_scale_msgs/include/nourish_scale_msgs
[8.802s] -- Installing: /home/nikhil/nourish_ws/install/nourish_scale_msgs/include/nourish_scale_msgs/msg
[8.802s] -- Installing: /home/nikhil/nourish_ws/install/nourish_scale_msgs/include/nourish_scale_msgs/msg/response__functions.h
[8.803s] -- Installing: /home/nikhil/nourish_ws/install/nourish_scale_msgs/include/nourish_scale_msgs/msg/response__type_support.h
[8.803s] -- Installing: /home/nikhil/nourish_ws/install/nourish_scale_msgs/include/nourish_scale_msgs/msg/response.h
[8.803s] -- Installing: /home/nikhil/nourish_ws/install/nourish_scale_msgs/include/nourish_scale_msgs/msg/response__struct.h
[8.803s] -- Installing: /home/nikhil/nourish_ws/install/nourish_scale_msgs/include/nourish_scale_msgs/msg/rosidl_generator_c__visibility_control.h
[8.804s] -- Installing: /home/nikhil/nourish_ws/install/nourish_scale_msgs/include/nourish_scale_msgs/msg/response__functions.c
[8.804s] -- Installing: /home/nikhil/nourish_ws/install/nourish_scale_msgs/include/nourish_scale_msgs/srv
[8.804s] -- Installing: /home/nikhil/nourish_ws/install/nourish_scale_msgs/include/nourish_scale_msgs/srv/tare__functions.h
[8.805s] -- Installing: /home/nikhil/nourish_ws/install/nourish_scale_msgs/include/nourish_scale_msgs/srv/tare__struct.h
[8.805s] -- Installing: /home/nikhil/nourish_ws/install/nourish_scale_msgs/include/nourish_scale_msgs/srv/tare.h
[8.805s] -- Installing: /home/nikhil/nourish_ws/install/nourish_scale_msgs/include/nourish_scale_msgs/srv/tare__functions.c
[8.806s] -- Installing: /home/nikhil/nourish_ws/install/nourish_scale_msgs/include/nourish_scale_msgs/srv/tare__type_support.h
[8.806s] -- Installing: /home/nikhil/nourish_ws/install/nourish_scale_msgs/lib/libnourish_scale_msgs__rosidl_generator_c.so
[8.807s] -- Set runtime path of "/home/nikhil/nourish_ws/install/nourish_scale_msgs/lib/libnourish_scale_msgs__rosidl_generator_c.so" to ""
[8.808s] -- Up-to-date: /home/nikhil/nourish_ws/install/nourish_scale_msgs/include/nourish_scale_msgs
[8.808s] -- Up-to-date: /home/nikhil/nourish_ws/install/nourish_scale_msgs/include/nourish_scale_msgs/msg
[8.808s] -- Installing: /home/nikhil/nourish_ws/install/nourish_scale_msgs/include/nourish_scale_msgs/msg/response.hpp
[8.809s] -- Installing: /home/nikhil/nourish_ws/install/nourish_scale_msgs/include/nourish_scale_msgs/msg/response__traits.hpp
[8.809s] -- Installing: /home/nikhil/nourish_ws/install/nourish_scale_msgs/include/nourish_scale_msgs/msg/response__struct.hpp
[8.810s] -- Up-to-date: /home/nikhil/nourish_ws/install/nourish_scale_msgs/include/nourish_scale_msgs/srv
[8.810s] -- Installing: /home/nikhil/nourish_ws/install/nourish_scale_msgs/include/nourish_scale_msgs/srv/tare.hpp
[8.810s] -- Installing: /home/nikhil/nourish_ws/install/nourish_scale_msgs/include/nourish_scale_msgs/srv/tare__traits.hpp
[8.811s] -- Installing: /home/nikhil/nourish_ws/install/nourish_scale_msgs/include/nourish_scale_msgs/srv/tare__struct.hpp
[8.811s] -- Up-to-date: /home/nikhil/nourish_ws/install/nourish_scale_msgs/include/nourish_scale_msgs
[8.812s] -- Up-to-date: /home/nikhil/nourish_ws/install/nourish_scale_msgs/include/nourish_scale_msgs/msg
[8.812s] -- Installing: /home/nikhil/nourish_ws/install/nourish_scale_msgs/include/nourish_scale_msgs/msg/response__rosidl_typesupport_fastrtps_c.h
[8.812s] -- Installing: /home/nikhil/nourish_ws/install/nourish_scale_msgs/include/nourish_scale_msgs/msg/rosidl_typesupport_fastrtps_c__visibility_control.h
[8.813s] -- Up-to-date: /home/nikhil/nourish_ws/install/nourish_scale_msgs/include/nourish_scale_msgs/srv
[8.813s] -- Installing: /home/nikhil/nourish_ws/install/nourish_scale_msgs/include/nourish_scale_msgs/srv/tare__rosidl_typesupport_fastrtps_c.h
[8.814s] -- Installing: /home/nikhil/nourish_ws/install/nourish_scale_msgs/lib/libnourish_scale_msgs__rosidl_typesupport_fastrtps_c.so
[8.815s] -- Set runtime path of "/home/nikhil/nourish_ws/install/nourish_scale_msgs/lib/libnourish_scale_msgs__rosidl_typesupport_fastrtps_c.so" to ""
[8.815s] -- Up-to-date: /home/nikhil/nourish_ws/install/nourish_scale_msgs/include/nourish_scale_msgs
[8.815s] -- Up-to-date: /home/nikhil/nourish_ws/install/nourish_scale_msgs/include/nourish_scale_msgs/msg
[8.816s] -- Installing: /home/nikhil/nourish_ws/install/nourish_scale_msgs/include/nourish_scale_msgs/msg/dds_fastrtps
[8.816s] -- Installing: /home/nikhil/nourish_ws/install/nourish_scale_msgs/include/nourish_scale_msgs/msg/response__rosidl_typesupport_fastrtps_cpp.hpp
[8.817s] -- Installing: /home/nikhil/nourish_ws/install/nourish_scale_msgs/include/nourish_scale_msgs/msg/rosidl_typesupport_fastrtps_cpp__visibility_control.h
[8.817s] -- Up-to-date: /home/nikhil/nourish_ws/install/nourish_scale_msgs/include/nourish_scale_msgs/srv
[8.817s] -- Installing: /home/nikhil/nourish_ws/install/nourish_scale_msgs/include/nourish_scale_msgs/srv/dds_fastrtps
[8.818s] -- Installing: /home/nikhil/nourish_ws/install/nourish_scale_msgs/include/nourish_scale_msgs/srv/tare__rosidl_typesupport_fastrtps_cpp.hpp
[8.818s] -- Installing: /home/nikhil/nourish_ws/install/nourish_scale_msgs/lib/libnourish_scale_msgs__rosidl_typesupport_fastrtps_cpp.so
[8.819s] -- Set runtime path of "/home/nikhil/nourish_ws/install/nourish_scale_msgs/lib/libnourish_scale_msgs__rosidl_typesupport_fastrtps_cpp.so" to ""
[8.820s] -- Up-to-date: /home/nikhil/nourish_ws/install/nourish_scale_msgs/include/nourish_scale_msgs
[8.820s] -- Up-to-date: /home/nikhil/nourish_ws/install/nourish_scale_msgs/include/nourish_scale_msgs/msg
[8.820s] -- Installing: /home/nikhil/nourish_ws/install/nourish_scale_msgs/include/nourish_scale_msgs/msg/response__rosidl_typesupport_introspection_c.h
[8.821s] -- Installing: /home/nikhil/nourish_ws/install/nourish_scale_msgs/include/nourish_scale_msgs/msg/rosidl_typesupport_introspection_c__visibility_control.h
[8.821s] -- Installing: /home/nikhil/nourish_ws/install/nourish_scale_msgs/include/nourish_scale_msgs/msg/response__type_support.c
[8.822s] -- Up-to-date: /home/nikhil/nourish_ws/install/nourish_scale_msgs/include/nourish_scale_msgs/srv
[8.822s] -- Installing: /home/nikhil/nourish_ws/install/nourish_scale_msgs/include/nourish_scale_msgs/srv/tare__type_support.c
[8.822s] -- Installing: /home/nikhil/nourish_ws/install/nourish_scale_msgs/include/nourish_scale_msgs/srv/tare__rosidl_typesupport_introspection_c.h
[8.823s] -- Installing: /home/nikhil/nourish_ws/install/nourish_scale_msgs/lib/libnourish_scale_msgs__rosidl_typesupport_introspection_c.so
[8.824s] -- Set runtime path of "/home/nikhil/nourish_ws/install/nourish_scale_msgs/lib/libnourish_scale_msgs__rosidl_typesupport_introspection_c.so" to ""
[8.824s] -- Up-to-date: /home/nikhil/nourish_ws/install/nourish_scale_msgs/include/nourish_scale_msgs
[8.825s] -- Up-to-date: /home/nikhil/nourish_ws/install/nourish_scale_msgs/include/nourish_scale_msgs/msg
[8.825s] -- Installing: /home/nikhil/nourish_ws/install/nourish_scale_msgs/include/nourish_scale_msgs/msg/response__rosidl_typesupport_introspection_cpp.hpp
[8.825s] -- Installing: /home/nikhil/nourish_ws/install/nourish_scale_msgs/include/nourish_scale_msgs/msg/response__type_support.cpp
[8.826s] -- Up-to-date: /home/nikhil/nourish_ws/install/nourish_scale_msgs/include/nourish_scale_msgs/srv
[8.826s] -- Installing: /home/nikhil/nourish_ws/install/nourish_scale_msgs/include/nourish_scale_msgs/srv/tare__rosidl_typesupport_introspection_cpp.hpp
[8.826s] -- Installing: /home/nikhil/nourish_ws/install/nourish_scale_msgs/include/nourish_scale_msgs/srv/tare__type_support.cpp
[8.827s] -- Installing: /home/nikhil/nourish_ws/install/nourish_scale_msgs/lib/libnourish_scale_msgs__rosidl_typesupport_introspection_cpp.so
[8.828s] -- Set runtime path of "/home/nikhil/nourish_ws/install/nourish_scale_msgs/lib/libnourish_scale_msgs__rosidl_typesupport_introspection_cpp.so" to ""
[8.828s] -- Installing: /home/nikhil/nourish_ws/install/nourish_scale_msgs/share/nourish_scale_msgs/environment/pythonpath.sh
[8.829s] -- Installing: /home/nikhil/nourish_ws/install/nourish_scale_msgs/lib/python3.6/site-packages/nourish_scale_msgs/__init__.py
[8.901s] Compiling '/home/nikhil/nourish_ws/install/nourish_scale_msgs/lib/python3.6/site-packages/nourish_scale_msgs/__init__.py'...
[8.909s] -- Installing: /home/nikhil/nourish_ws/install/nourish_scale_msgs/lib/python3.6/site-packages/nourish_scale_msgs/msg
[8.909s] -- Installing: /home/nikhil/nourish_ws/install/nourish_scale_msgs/lib/python3.6/site-packages/nourish_scale_msgs/msg/_response_s.c
[8.910s] -- Installing: /home/nikhil/nourish_ws/install/nourish_scale_msgs/lib/python3.6/site-packages/nourish_scale_msgs/msg/__init__.py
[8.910s] -- Installing: /home/nikhil/nourish_ws/install/nourish_scale_msgs/lib/python3.6/site-packages/nourish_scale_msgs/msg/_response.py
[8.911s] -- Installing: /home/nikhil/nourish_ws/install/nourish_scale_msgs/lib/python3.6/site-packages/nourish_scale_msgs/srv
[8.911s] -- Installing: /home/nikhil/nourish_ws/install/nourish_scale_msgs/lib/python3.6/site-packages/nourish_scale_msgs/srv/_tare_s.c
[8.912s] -- Installing: /home/nikhil/nourish_ws/install/nourish_scale_msgs/lib/python3.6/site-packages/nourish_scale_msgs/srv/__init__.py
[8.912s] -- Installing: /home/nikhil/nourish_ws/install/nourish_scale_msgs/lib/python3.6/site-packages/nourish_scale_msgs/srv/_tare.py
[8.913s] -- Installing: /home/nikhil/nourish_ws/install/nourish_scale_msgs/lib/python3.6/site-packages/nourish_scale_msgs/nourish_scale_msgs_s__rosidl_typesupport_c.cpython-36m-x86_64-linux-gnu.so
[8.914s] -- Set runtime path of "/home/nikhil/nourish_ws/install/nourish_scale_msgs/lib/python3.6/site-packages/nourish_scale_msgs/nourish_scale_msgs_s__rosidl_typesupport_c.cpython-36m-x86_64-linux-gnu.so" to ""
[8.914s] -- Installing: /home/nikhil/nourish_ws/install/nourish_scale_msgs/lib/python3.6/site-packages/nourish_scale_msgs/nourish_scale_msgs_s__rosidl_typesupport_introspection_c.cpython-36m-x86_64-linux-gnu.so
[8.915s] -- Set runtime path of "/home/nikhil/nourish_ws/install/nourish_scale_msgs/lib/python3.6/site-packages/nourish_scale_msgs/nourish_scale_msgs_s__rosidl_typesupport_introspection_c.cpython-36m-x86_64-linux-gnu.so" to ""
[8.916s] -- Installing: /home/nikhil/nourish_ws/install/nourish_scale_msgs/lib/python3.6/site-packages/nourish_scale_msgs/nourish_scale_msgs_s__rosidl_typesupport_fastrtps_c.cpython-36m-x86_64-linux-gnu.so
[8.917s] -- Set runtime path of "/home/nikhil/nourish_ws/install/nourish_scale_msgs/lib/python3.6/site-packages/nourish_scale_msgs/nourish_scale_msgs_s__rosidl_typesupport_fastrtps_c.cpython-36m-x86_64-linux-gnu.so" to ""
[8.918s] -- Installing: /home/nikhil/nourish_ws/install/nourish_scale_msgs/lib/libnourish_scale_msgs__python.so
[8.919s] -- Set runtime path of "/home/nikhil/nourish_ws/install/nourish_scale_msgs/lib/libnourish_scale_msgs__python.so" to ""
[8.919s] -- Installing: /home/nikhil/nourish_ws/install/nourish_scale_msgs/share/nourish_scale_msgs/msg/Response.idl
[8.920s] -- Installing: /home/nikhil/nourish_ws/install/nourish_scale_msgs/share/nourish_scale_msgs/srv/Tare.idl
[8.921s] -- Installing: /home/nikhil/nourish_ws/install/nourish_scale_msgs/share/nourish_scale_msgs/msg/Response.msg
[8.921s] -- Installing: /home/nikhil/nourish_ws/install/nourish_scale_msgs/share/nourish_scale_msgs/srv/Tare.srv
[8.922s] -- Installing: /home/nikhil/nourish_ws/install/nourish_scale_msgs/share/nourish_scale_msgs/srv/Tare_Request.msg
[8.922s] -- Installing: /home/nikhil/nourish_ws/install/nourish_scale_msgs/share/nourish_scale_msgs/srv/Tare_Response.msg
[8.923s] -- Installing: /home/nikhil/nourish_ws/install/nourish_scale_msgs/share/ament_index/resource_index/package_run_dependencies/nourish_scale_msgs
[8.924s] -- Installing: /home/nikhil/nourish_ws/install/nourish_scale_msgs/share/ament_index/resource_index/parent_prefix_path/nourish_scale_msgs
[8.925s] -- Installing: /home/nikhil/nourish_ws/install/nourish_scale_msgs/share/nourish_scale_msgs/environment/ament_prefix_path.sh
[8.925s] -- Installing: /home/nikhil/nourish_ws/install/nourish_scale_msgs/share/nourish_scale_msgs/environment/path.sh
[8.925s] -- Installing: /home/nikhil/nourish_ws/install/nourish_scale_msgs/share/nourish_scale_msgs/local_setup.bash
[8.926s] -- Installing: /home/nikhil/nourish_ws/install/nourish_scale_msgs/share/nourish_scale_msgs/local_setup.sh
[8.926s] -- Installing: /home/nikhil/nourish_ws/install/nourish_scale_msgs/share/nourish_scale_msgs/local_setup.zsh
[8.926s] -- Installing: /home/nikhil/nourish_ws/install/nourish_scale_msgs/share/ament_index/resource_index/packages/nourish_scale_msgs
[8.926s] -- Installing: /home/nikhil/nourish_ws/install/nourish_scale_msgs/share/nourish_scale_msgs/cmake/rosidl_cmake-extras.cmake
[8.926s] -- Installing: /home/nikhil/nourish_ws/install/nourish_scale_msgs/share/nourish_scale_msgs/cmake/ament_cmake_export_libraries-extras.cmake
[8.927s] -- Installing: /home/nikhil/nourish_ws/install/nourish_scale_msgs/share/nourish_scale_msgs/cmake/ament_cmake_export_include_directories-extras.cmake
[8.927s] -- Installing: /home/nikhil/nourish_ws/install/nourish_scale_msgs/share/nourish_scale_msgs/cmake/ament_cmake_export_dependencies-extras.cmake
[8.927s] -- Installing: /home/nikhil/nourish_ws/install/nourish_scale_msgs/share/nourish_scale_msgs/cmake/nourish_scale_msgsConfig.cmake
[8.927s] -- Installing: /home/nikhil/nourish_ws/install/nourish_scale_msgs/share/nourish_scale_msgs/cmake/nourish_scale_msgsConfig-version.cmake
[8.927s] -- Installing: /home/nikhil/nourish_ws/install/nourish_scale_msgs/share/nourish_scale_msgs/package.xml
[8.935s] Invoked command in '/home/nikhil/nourish_ws/build/nourish_scale_msgs' returned '0': /usr/bin/cmake --build /home/nikhil/nourish_ws/build/nourish_scale_msgs --target install -- -j12 -l12
