[0.099s] [35m[1mScanning dependencies of target scale[0m
[0.103s] [ 16%] Built target gtest
[0.110s] [ 33%] Built target gtest_main
[0.129s] [ 41%] [32mBuilding CXX object CMakeFiles/scale.dir/src/scale_node.cpp.o[0m
[0.129s] [35m[1mScanning dependencies of target nourish_scale_my_test[0m
[0.176s] [ 50%] [32mBuilding CXX object CMakeFiles/nourish_scale_my_test.dir/src/scale_node.cpp.o[0m
[0.923s] [01m[K/home/nikhil/nourish_ws/src/ros2-nourish-scale/nourish_scale/src/scale_node.cpp:[m[K In constructor ‘[01m[Knourish::scale::ScaleNode::ScaleNode(const string&)[m[K’:
[0.923s] [01m[K/home/nikhil/nourish_ws/src/ros2-nourish-scale/nourish_scale/src/scale_node.cpp:26:41:[m[K [01;35m[Kwarning: [m[Kunused parameter ‘[01m[Kserial_port[m[K’ [[01;35m[K-Wunused-parameter[m[K]
[0.923s]  ScaleNode::ScaleNode(const std::string &[01;35m[Kserial_port[m[K):
[0.923s]                                          [01;35m[K^~~~~~~~~~~[m[K
[0.954s] [01m[K/home/nikhil/nourish_ws/src/ros2-nourish-scale/nourish_scale/src/scale_node.cpp:[m[K In constructor ‘[01m[Knourish::scale::ScaleNode::ScaleNode(const string&)[m[K’:
[0.954s] [01m[K/home/nikhil/nourish_ws/src/ros2-nourish-scale/nourish_scale/src/scale_node.cpp:26:41:[m[K [01;35m[Kwarning: [m[Kunused parameter ‘[01m[Kserial_port[m[K’ [[01;35m[K-Wunused-parameter[m[K]
[0.954s]  ScaleNode::ScaleNode(const std::string &[01;35m[Kserial_port[m[K):
[0.954s]                                          [01;35m[K^~~~~~~~~~~[m[K
[2.182s] [ 58%] [32m[1mLinking CXX executable scale[0m
[2.218s] [ 66%] [32m[1mLinking CXX executable nourish_scale_my_test[0m
[2.338s] [ 83%] Built target scale
[2.438s] [100%] Built target nourish_scale_my_test
[2.520s] [ 16%] Built target gtest_main
[2.523s] [ 33%] Built target gtest
[2.531s] [ 66%] Built target scale
[2.549s] [100%] Built target nourish_scale_my_test
[2.565s] [36mInstall the project...[0m
[2.573s] -- Install configuration: ""
[2.573s] -- Installing: /home/nikhil/nourish_ws/install/nourish_scale/lib/nourish_scale/scale
[2.574s] -- Set runtime path of "/home/nikhil/nourish_ws/install/nourish_scale/lib/nourish_scale/scale" to ""
[2.574s] -- Up-to-date: /home/nikhil/nourish_ws/install/nourish_scale/share/ament_index/resource_index/package_run_dependencies/nourish_scale
[2.574s] -- Up-to-date: /home/nikhil/nourish_ws/install/nourish_scale/share/ament_index/resource_index/parent_prefix_path/nourish_scale
[2.574s] -- Up-to-date: /home/nikhil/nourish_ws/install/nourish_scale/share/nourish_scale/environment/ament_prefix_path.sh
[2.574s] -- Up-to-date: /home/nikhil/nourish_ws/install/nourish_scale/share/nourish_scale/environment/path.sh
[2.574s] -- Up-to-date: /home/nikhil/nourish_ws/install/nourish_scale/share/nourish_scale/local_setup.bash
[2.574s] -- Up-to-date: /home/nikhil/nourish_ws/install/nourish_scale/share/nourish_scale/local_setup.sh
[2.574s] -- Up-to-date: /home/nikhil/nourish_ws/install/nourish_scale/share/nourish_scale/local_setup.zsh
[2.574s] -- Up-to-date: /home/nikhil/nourish_ws/install/nourish_scale/share/ament_index/resource_index/packages/nourish_scale
[2.574s] -- Up-to-date: /home/nikhil/nourish_ws/install/nourish_scale/share/nourish_scale/cmake/nourish_scaleConfig.cmake
[2.575s] -- Up-to-date: /home/nikhil/nourish_ws/install/nourish_scale/share/nourish_scale/cmake/nourish_scaleConfig-version.cmake
[2.575s] -- Up-to-date: /home/nikhil/nourish_ws/install/nourish_scale/share/nourish_scale/package.xml
