[0.099s] -- The C compiler identification is GNU 7.5.0
[0.156s] -- The CXX compiler identification is GNU 7.5.0
[0.160s] -- Check for working C compiler: /usr/bin/cc
[0.233s] -- Check for working C compiler: /usr/bin/cc -- works
[0.234s] -- Detecting C compiler ABI info
[0.309s] -- Detecting C compiler ABI info - done
[0.316s] -- Detecting C compile features
[0.558s] -- Detecting C compile features - done
[0.560s] -- Check for working CXX compiler: /usr/bin/c++
[0.653s] -- Check for working CXX compiler: /usr/bin/c++ -- works
[0.653s] -- Detecting CXX compiler ABI info
[0.747s] -- Detecting CXX compiler ABI info - done
[0.751s] -- Detecting CXX compile features
[1.138s] -- Detecting CXX compile features - done
[1.140s] -- Found ament_cmake: 0.7.4 (/home/nikhil/ros2_dashing/ros2-linux/share/ament_cmake/cmake)
[1.168s] -- Found PythonInterp: /usr/bin/python3 (found suitable version "3.6.9", minimum required is "3") 
[1.169s] -- Using PYTHON_EXECUTABLE: /usr/bin/python3
[1.429s] -- Found rosidl_default_generators: 0.7.0 (/home/nikhil/ros2_dashing/ros2-linux/share/rosidl_default_generators/cmake)
[1.463s] -- Could not find RTI Connext - skipping rosidl_typesupport_connext_c
[1.485s] -- Found rosidl_adapter: 0.7.9 (/home/nikhil/ros2_dashing/ros2-linux/share/rosidl_adapter/cmake)
[1.502s] -- Could not find RTI Connext - skipping rosidl_typesupport_connext_cpp
[1.620s] -- Found OpenSSL: /usr/lib/x86_64-linux-gnu/libcrypto.so (found version "1.1.1") 
[1.653s] -- Found FastRTPS: /home/nikhil/ros2_dashing/ros2-linux/include  
[1.743s] -- Could not find PrismTech OpenSplice - skipping rosidl_typesupport_opensplice_c
[1.746s] -- Could not find PrismTech OpenSplice - skipping rosidl_typesupport_opensplice_cpp
[1.809s] -- Found PythonInterp: /usr/bin/python3 (found version "3.6.9") 
[1.961s] -- Using all available rosidl_typesupport_c: rosidl_typesupport_connext_c;rosidl_typesupport_fastrtps_c;rosidl_typesupport_introspection_c;rosidl_typesupport_opensplice_c
[1.969s] -- Using all available rosidl_typesupport_cpp: rosidl_typesupport_connext_cpp;rosidl_typesupport_fastrtps_cpp;rosidl_typesupport_introspection_cpp;rosidl_typesupport_opensplice_cpp
[2.063s] -- Found rmw_implementation_cmake: 0.7.2 (/home/nikhil/ros2_dashing/ros2-linux/share/rmw_implementation_cmake/cmake)
[2.090s] -- Found PythonInterp: /usr/bin/python3 (found suitable version "3.6.9", minimum required is "3.5") 
[2.091s] -- Found python_cmake_module: 0.7.10 (/home/nikhil/ros2_dashing/ros2-linux/share/python_cmake_module/cmake)
[2.125s] -- Found PythonLibs: /usr/lib/x86_64-linux-gnu/libpython3.6m.so (found suitable version "3.6.9", minimum required is "3.5") 
[2.125s] -- Using PYTHON_EXECUTABLE: /usr/bin/python3
[2.125s] -- Using PYTHON_INCLUDE_DIRS: /usr/include/python3.6m
[2.125s] -- Using PYTHON_LIBRARIES: /usr/lib/x86_64-linux-gnu/libpython3.6m.so
[2.151s] -- Found PythonExtra: .so  
[2.154s] -- Could not find RTI Connext - skipping rmw_connext_cpp
[2.299s] -- Could not find PrismTech OpenSplice - skipping rmw_opensplice_cpp
[2.355s] -- Found ament_lint_auto: 0.7.11 (/home/nikhil/ros2_dashing/ros2-linux/share/ament_lint_auto/cmake)
[2.375s] -- Added test 'lint_cmake' to check CMake code style
[2.376s] -- Added test 'xmllint' to check XML markup files
[2.380s] -- Configuring done
[2.423s] -- Generating done
[2.429s] -- Build files have been written to: /home/nikhil/nourish_ws/build/juice_dcb_msgs
[2.486s] [  2%] [34m[1mGenerating C code for ROS interfaces[0m
[2.488s] [35m[1mScanning dependencies of target juice_dcb_msgs__cpp[0m
[2.502s] [  5%] [34m[1mGenerating C++ code for ROS interfaces[0m
[2.977s] [  5%] Built target juice_dcb_msgs__cpp
[2.988s] [  7%] [34m[1mGenerating C++ type support for eProsima Fast-RTPS[0m
[2.992s] [ 12%] [34m[1mGenerating C++ introspection for ROS interfaces[0m
[2.992s] [ 12%] [34m[1mGenerating C++ type support dispatch for ROS interfaces[0m
[3.166s] [35m[1mScanning dependencies of target juice_dcb_msgs__rosidl_generator_c[0m
[3.190s] [ 15%] [32mBuilding C object CMakeFiles/juice_dcb_msgs__rosidl_generator_c.dir/rosidl_generator_c/juice_dcb_msgs/msg/command_result__functions.c.o[0m
[3.195s] [ 17%] [32mBuilding C object CMakeFiles/juice_dcb_msgs__rosidl_generator_c.dir/rosidl_generator_c/juice_dcb_msgs/srv/set_pouring__functions.c.o[0m
[3.375s] [ 20%] [32m[1mLinking C shared library libjuice_dcb_msgs__rosidl_generator_c.so[0m
[3.547s] [ 20%] Built target juice_dcb_msgs__rosidl_generator_c
[3.582s] [35m[1mScanning dependencies of target juice_dcb_msgs__rosidl_typesupport_cpp[0m
[3.610s] [ 23%] [34m[1mGenerating C type support dispatch for ROS interfaces[0m
[3.614s] [ 25%] [34m[1mGenerating C introspection for ROS interfaces[0m
[3.626s] [ 28%] [32mBuilding CXX object CMakeFiles/juice_dcb_msgs__rosidl_typesupport_cpp.dir/rosidl_typesupport_cpp/juice_dcb_msgs/msg/command_result__type_support.cpp.o[0m
[3.684s] [ 30%] [32mBuilding CXX object CMakeFiles/juice_dcb_msgs__rosidl_typesupport_cpp.dir/rosidl_typesupport_cpp/juice_dcb_msgs/srv/set_pouring__type_support.cpp.o[0m
[3.698s] [35m[1mScanning dependencies of target juice_dcb_msgs__rosidl_typesupport_introspection_cpp[0m
[3.796s] [35m[1mScanning dependencies of target juice_dcb_msgs__rosidl_typesupport_fastrtps_cpp[0m
[3.812s] [ 33%] [32mBuilding CXX object CMakeFiles/juice_dcb_msgs__rosidl_typesupport_introspection_cpp.dir/rosidl_typesupport_introspection_cpp/juice_dcb_msgs/srv/set_pouring__type_support.cpp.o[0m
[3.816s] [ 35%] [32mBuilding CXX object CMakeFiles/juice_dcb_msgs__rosidl_typesupport_introspection_cpp.dir/rosidl_typesupport_introspection_cpp/juice_dcb_msgs/msg/command_result__type_support.cpp.o[0m
[3.929s] [ 38%] [32mBuilding CXX object CMakeFiles/juice_dcb_msgs__rosidl_typesupport_fastrtps_cpp.dir/rosidl_typesupport_fastrtps_cpp/juice_dcb_msgs/msg/dds_fastrtps/command_result__type_support.cpp.o[0m
[3.963s] [ 41%] [32mBuilding CXX object CMakeFiles/juice_dcb_msgs__rosidl_typesupport_fastrtps_cpp.dir/rosidl_typesupport_fastrtps_cpp/juice_dcb_msgs/srv/dds_fastrtps/set_pouring__type_support.cpp.o[0m
[4.314s] [ 43%] [32m[1mLinking CXX shared library libjuice_dcb_msgs__rosidl_typesupport_cpp.so[0m
[4.324s] [35m[1mScanning dependencies of target juice_dcb_msgs__rosidl_typesupport_c[0m
[4.384s] [ 46%] [32mBuilding CXX object CMakeFiles/juice_dcb_msgs__rosidl_typesupport_c.dir/rosidl_typesupport_c/juice_dcb_msgs/srv/set_pouring__type_support.cpp.o[0m
[4.441s] [ 48%] [32mBuilding CXX object CMakeFiles/juice_dcb_msgs__rosidl_typesupport_c.dir/rosidl_typesupport_c/juice_dcb_msgs/msg/command_result__type_support.cpp.o[0m
[4.462s] [ 51%] [32m[1mLinking CXX shared library libjuice_dcb_msgs__rosidl_typesupport_introspection_cpp.so[0m
[4.587s] [35m[1mScanning dependencies of target juice_dcb_msgs__rosidl_typesupport_introspection_c[0m
[4.604s] [ 51%] Built target juice_dcb_msgs__rosidl_typesupport_cpp
[4.676s] [ 53%] [32m[1mLinking CXX shared library libjuice_dcb_msgs__rosidl_typesupport_c.so[0m
[4.693s] [ 56%] [32mBuilding C object CMakeFiles/juice_dcb_msgs__rosidl_typesupport_introspection_c.dir/rosidl_typesupport_introspection_c/juice_dcb_msgs/srv/set_pouring__type_support.c.o[0m
[4.702s] [ 58%] [32mBuilding C object CMakeFiles/juice_dcb_msgs__rosidl_typesupport_introspection_c.dir/rosidl_typesupport_introspection_c/juice_dcb_msgs/msg/command_result__type_support.c.o[0m
[4.726s] [ 58%] Built target juice_dcb_msgs__rosidl_typesupport_introspection_cpp
[4.827s] [ 58%] Built target juice_dcb_msgs__rosidl_typesupport_c
[4.829s] [ 61%] [32m[1mLinking C shared library libjuice_dcb_msgs__rosidl_typesupport_introspection_c.so[0m
[4.869s] [ 64%] [32m[1mLinking CXX shared library libjuice_dcb_msgs__rosidl_typesupport_fastrtps_cpp.so[0m
[4.888s] [ 64%] Built target juice_dcb_msgs__rosidl_typesupport_introspection_c
[5.001s] [ 64%] Built target juice_dcb_msgs__rosidl_typesupport_fastrtps_cpp
[5.016s] [ 66%] [34m[1mGenerating C type support for eProsima Fast-RTPS[0m
[5.608s] [35m[1mScanning dependencies of target juice_dcb_msgs__rosidl_typesupport_fastrtps_c[0m
[5.698s] [ 69%] [32mBuilding CXX object CMakeFiles/juice_dcb_msgs__rosidl_typesupport_fastrtps_c.dir/rosidl_typesupport_fastrtps_c/juice_dcb_msgs/srv/set_pouring__type_support_c.cpp.o[0m
[5.706s] [ 71%] [32mBuilding CXX object CMakeFiles/juice_dcb_msgs__rosidl_typesupport_fastrtps_c.dir/rosidl_typesupport_fastrtps_c/juice_dcb_msgs/msg/command_result__type_support_c.cpp.o[0m
[6.427s] [ 74%] [32m[1mLinking CXX shared library libjuice_dcb_msgs__rosidl_typesupport_fastrtps_c.so[0m
[6.689s] [ 74%] Built target juice_dcb_msgs__rosidl_typesupport_fastrtps_c
[6.754s] [35m[1mScanning dependencies of target juice_dcb_msgs[0m
[6.786s] [ 74%] Built target juice_dcb_msgs
[6.810s] [35m[1mScanning dependencies of target juice_dcb_msgs__py[0m
[6.865s] [ 76%] [34m[1mGenerating Python code for ROS interfaces[0m
[7.902s] [ 76%] Built target juice_dcb_msgs__py
[7.915s] [35m[1mScanning dependencies of target juice_dcb_msgs__python[0m
[7.957s] [ 82%] [32mBuilding C object CMakeFiles/juice_dcb_msgs__python.dir/rosidl_generator_py/juice_dcb_msgs/msg/_command_result_s.c.o[0m
[7.957s] [ 82%] [32mBuilding C object CMakeFiles/juice_dcb_msgs__python.dir/rosidl_generator_py/juice_dcb_msgs/srv/_set_pouring_s.c.o[0m
[8.108s] [ 84%] [32m[1mLinking C shared library rosidl_generator_py/juice_dcb_msgs/libjuice_dcb_msgs__python.so[0m
[8.180s] [ 84%] Built target juice_dcb_msgs__python
[8.200s] [35m[1mScanning dependencies of target juice_dcb_msgs__rosidl_typesupport_introspection_c__pyext[0m
[8.252s] [35m[1mScanning dependencies of target juice_dcb_msgs__rosidl_typesupport_fastrtps_c__pyext[0m
[8.268s] [35m[1mScanning dependencies of target juice_dcb_msgs__rosidl_typesupport_c__pyext[0m
[8.291s] [ 87%] [32mBuilding C object CMakeFiles/juice_dcb_msgs__rosidl_typesupport_introspection_c__pyext.dir/rosidl_generator_py/juice_dcb_msgs/_juice_dcb_msgs_s.ep.rosidl_typesupport_introspection_c.c.o[0m
[8.375s] [ 89%] [32mBuilding C object CMakeFiles/juice_dcb_msgs__rosidl_typesupport_fastrtps_c__pyext.dir/rosidl_generator_py/juice_dcb_msgs/_juice_dcb_msgs_s.ep.rosidl_typesupport_fastrtps_c.c.o[0m
[8.420s] [ 92%] [32mBuilding C object CMakeFiles/juice_dcb_msgs__rosidl_typesupport_c__pyext.dir/rosidl_generator_py/juice_dcb_msgs/_juice_dcb_msgs_s.ep.rosidl_typesupport_c.c.o[0m
[8.636s] [ 94%] [32m[1mLinking C shared library rosidl_generator_py/juice_dcb_msgs/juice_dcb_msgs_s__rosidl_typesupport_introspection_c.cpython-36m-x86_64-linux-gnu.so[0m
[8.646s] [ 97%] [32m[1mLinking C shared library rosidl_generator_py/juice_dcb_msgs/juice_dcb_msgs_s__rosidl_typesupport_fastrtps_c.cpython-36m-x86_64-linux-gnu.so[0m
[8.711s] [100%] [32m[1mLinking C shared library rosidl_generator_py/juice_dcb_msgs/juice_dcb_msgs_s__rosidl_typesupport_c.cpython-36m-x86_64-linux-gnu.so[0m
[8.818s] [100%] Built target juice_dcb_msgs__rosidl_typesupport_fastrtps_c__pyext
[8.851s] [100%] Built target juice_dcb_msgs__rosidl_typesupport_introspection_c__pyext
[8.851s] [100%] Built target juice_dcb_msgs__rosidl_typesupport_c__pyext
[10.153s] [  2%] Built target juice_dcb_msgs__cpp
[10.169s] [ 12%] Built target juice_dcb_msgs__rosidl_generator_c
[10.231s] [ 23%] Built target juice_dcb_msgs__rosidl_typesupport_c
[10.264s] [ 33%] Built target juice_dcb_msgs__rosidl_typesupport_cpp
[10.277s] [ 43%] Built target juice_dcb_msgs__rosidl_typesupport_fastrtps_cpp
[10.307s] [ 53%] Built target juice_dcb_msgs__rosidl_typesupport_introspection_c
[10.316s] [ 64%] Built target juice_dcb_msgs__rosidl_typesupport_introspection_cpp
[10.389s] [ 74%] Built target juice_dcb_msgs__rosidl_typesupport_fastrtps_c
[10.488s] [ 74%] Built target juice_dcb_msgs
[10.644s] [ 76%] Built target juice_dcb_msgs__py
[10.771s] [ 84%] Built target juice_dcb_msgs__python
[10.866s] [ 89%] Built target juice_dcb_msgs__rosidl_typesupport_fastrtps_c__pyext
[10.874s] [ 94%] Built target juice_dcb_msgs__rosidl_typesupport_c__pyext
[10.910s] [100%] Built target juice_dcb_msgs__rosidl_typesupport_introspection_c__pyext
[10.997s] [36mInstall the project...[0m
[11.027s] -- Install configuration: ""
[11.029s] -- Installing: /home/nikhil/nourish_ws/install/juice_dcb_msgs/share/ament_index/resource_index/rosidl_interfaces/juice_dcb_msgs
[11.030s] -- Installing: /home/nikhil/nourish_ws/install/juice_dcb_msgs/lib/libjuice_dcb_msgs__rosidl_typesupport_c.so
[11.030s] -- Set runtime path of "/home/nikhil/nourish_ws/install/juice_dcb_msgs/lib/libjuice_dcb_msgs__rosidl_typesupport_c.so" to ""
[11.031s] -- Installing: /home/nikhil/nourish_ws/install/juice_dcb_msgs/share/juice_dcb_msgs/environment/library_path.sh
[11.031s] -- Installing: /home/nikhil/nourish_ws/install/juice_dcb_msgs/lib/libjuice_dcb_msgs__rosidl_typesupport_cpp.so
[11.032s] -- Set runtime path of "/home/nikhil/nourish_ws/install/juice_dcb_msgs/lib/libjuice_dcb_msgs__rosidl_typesupport_cpp.so" to ""
[11.033s] -- Installing: /home/nikhil/nourish_ws/install/juice_dcb_msgs/include/juice_dcb_msgs
[11.033s] -- Installing: /home/nikhil/nourish_ws/install/juice_dcb_msgs/include/juice_dcb_msgs/msg
[11.034s] -- Installing: /home/nikhil/nourish_ws/install/juice_dcb_msgs/include/juice_dcb_msgs/msg/command_result__struct.h
[11.034s] -- Installing: /home/nikhil/nourish_ws/install/juice_dcb_msgs/include/juice_dcb_msgs/msg/command_result__functions.h
[11.035s] -- Installing: /home/nikhil/nourish_ws/install/juice_dcb_msgs/include/juice_dcb_msgs/msg/command_result.h
[11.035s] -- Installing: /home/nikhil/nourish_ws/install/juice_dcb_msgs/include/juice_dcb_msgs/msg/command_result__type_support.h
[11.035s] -- Installing: /home/nikhil/nourish_ws/install/juice_dcb_msgs/include/juice_dcb_msgs/msg/rosidl_generator_c__visibility_control.h
[11.036s] -- Installing: /home/nikhil/nourish_ws/install/juice_dcb_msgs/include/juice_dcb_msgs/msg/command_result__functions.c
[11.036s] -- Installing: /home/nikhil/nourish_ws/install/juice_dcb_msgs/include/juice_dcb_msgs/srv
[11.037s] -- Installing: /home/nikhil/nourish_ws/install/juice_dcb_msgs/include/juice_dcb_msgs/srv/set_pouring__type_support.h
[11.037s] -- Installing: /home/nikhil/nourish_ws/install/juice_dcb_msgs/include/juice_dcb_msgs/srv/set_pouring__functions.h
[11.038s] -- Installing: /home/nikhil/nourish_ws/install/juice_dcb_msgs/include/juice_dcb_msgs/srv/set_pouring.h
[11.038s] -- Installing: /home/nikhil/nourish_ws/install/juice_dcb_msgs/include/juice_dcb_msgs/srv/set_pouring__functions.c
[11.041s] -- Installing: /home/nikhil/nourish_ws/install/juice_dcb_msgs/include/juice_dcb_msgs/srv/set_pouring__struct.h
[11.042s] -- Installing: /home/nikhil/nourish_ws/install/juice_dcb_msgs/lib/libjuice_dcb_msgs__rosidl_generator_c.so
[11.043s] -- Set runtime path of "/home/nikhil/nourish_ws/install/juice_dcb_msgs/lib/libjuice_dcb_msgs__rosidl_generator_c.so" to ""
[11.044s] -- Up-to-date: /home/nikhil/nourish_ws/install/juice_dcb_msgs/include/juice_dcb_msgs
[11.044s] -- Up-to-date: /home/nikhil/nourish_ws/install/juice_dcb_msgs/include/juice_dcb_msgs/msg
[11.044s] -- Installing: /home/nikhil/nourish_ws/install/juice_dcb_msgs/include/juice_dcb_msgs/msg/command_result.hpp
[11.045s] -- Installing: /home/nikhil/nourish_ws/install/juice_dcb_msgs/include/juice_dcb_msgs/msg/command_result__struct.hpp
[11.045s] -- Installing: /home/nikhil/nourish_ws/install/juice_dcb_msgs/include/juice_dcb_msgs/msg/command_result__traits.hpp
[11.046s] -- Up-to-date: /home/nikhil/nourish_ws/install/juice_dcb_msgs/include/juice_dcb_msgs/srv
[11.046s] -- Installing: /home/nikhil/nourish_ws/install/juice_dcb_msgs/include/juice_dcb_msgs/srv/set_pouring__traits.hpp
[11.046s] -- Installing: /home/nikhil/nourish_ws/install/juice_dcb_msgs/include/juice_dcb_msgs/srv/set_pouring__struct.hpp
[11.047s] -- Installing: /home/nikhil/nourish_ws/install/juice_dcb_msgs/include/juice_dcb_msgs/srv/set_pouring.hpp
[11.047s] -- Up-to-date: /home/nikhil/nourish_ws/install/juice_dcb_msgs/include/juice_dcb_msgs
[11.048s] -- Up-to-date: /home/nikhil/nourish_ws/install/juice_dcb_msgs/include/juice_dcb_msgs/msg
[11.048s] -- Installing: /home/nikhil/nourish_ws/install/juice_dcb_msgs/include/juice_dcb_msgs/msg/command_result__rosidl_typesupport_fastrtps_c.h
[11.050s] -- Installing: /home/nikhil/nourish_ws/install/juice_dcb_msgs/include/juice_dcb_msgs/msg/rosidl_typesupport_fastrtps_c__visibility_control.h
[11.050s] -- Up-to-date: /home/nikhil/nourish_ws/install/juice_dcb_msgs/include/juice_dcb_msgs/srv
[11.050s] -- Installing: /home/nikhil/nourish_ws/install/juice_dcb_msgs/include/juice_dcb_msgs/srv/set_pouring__rosidl_typesupport_fastrtps_c.h
[11.051s] -- Installing: /home/nikhil/nourish_ws/install/juice_dcb_msgs/lib/libjuice_dcb_msgs__rosidl_typesupport_fastrtps_c.so
[11.052s] -- Set runtime path of "/home/nikhil/nourish_ws/install/juice_dcb_msgs/lib/libjuice_dcb_msgs__rosidl_typesupport_fastrtps_c.so" to ""
[11.053s] -- Up-to-date: /home/nikhil/nourish_ws/install/juice_dcb_msgs/include/juice_dcb_msgs
[11.053s] -- Up-to-date: /home/nikhil/nourish_ws/install/juice_dcb_msgs/include/juice_dcb_msgs/msg
[11.053s] -- Installing: /home/nikhil/nourish_ws/install/juice_dcb_msgs/include/juice_dcb_msgs/msg/command_result__rosidl_typesupport_fastrtps_cpp.hpp
[11.054s] -- Installing: /home/nikhil/nourish_ws/install/juice_dcb_msgs/include/juice_dcb_msgs/msg/dds_fastrtps
[11.054s] -- Installing: /home/nikhil/nourish_ws/install/juice_dcb_msgs/include/juice_dcb_msgs/msg/rosidl_typesupport_fastrtps_cpp__visibility_control.h
[11.054s] -- Up-to-date: /home/nikhil/nourish_ws/install/juice_dcb_msgs/include/juice_dcb_msgs/srv
[11.055s] -- Installing: /home/nikhil/nourish_ws/install/juice_dcb_msgs/include/juice_dcb_msgs/srv/set_pouring__rosidl_typesupport_fastrtps_cpp.hpp
[11.055s] -- Installing: /home/nikhil/nourish_ws/install/juice_dcb_msgs/include/juice_dcb_msgs/srv/dds_fastrtps
[11.056s] -- Installing: /home/nikhil/nourish_ws/install/juice_dcb_msgs/lib/libjuice_dcb_msgs__rosidl_typesupport_fastrtps_cpp.so
[11.056s] -- Set runtime path of "/home/nikhil/nourish_ws/install/juice_dcb_msgs/lib/libjuice_dcb_msgs__rosidl_typesupport_fastrtps_cpp.so" to ""
[11.057s] -- Up-to-date: /home/nikhil/nourish_ws/install/juice_dcb_msgs/include/juice_dcb_msgs
[11.057s] -- Up-to-date: /home/nikhil/nourish_ws/install/juice_dcb_msgs/include/juice_dcb_msgs/msg
[11.058s] -- Installing: /home/nikhil/nourish_ws/install/juice_dcb_msgs/include/juice_dcb_msgs/msg/command_result__rosidl_typesupport_introspection_c.h
[11.058s] -- Installing: /home/nikhil/nourish_ws/install/juice_dcb_msgs/include/juice_dcb_msgs/msg/rosidl_typesupport_introspection_c__visibility_control.h
[11.058s] -- Installing: /home/nikhil/nourish_ws/install/juice_dcb_msgs/include/juice_dcb_msgs/msg/command_result__type_support.c
[11.059s] -- Up-to-date: /home/nikhil/nourish_ws/install/juice_dcb_msgs/include/juice_dcb_msgs/srv
[11.059s] -- Installing: /home/nikhil/nourish_ws/install/juice_dcb_msgs/include/juice_dcb_msgs/srv/set_pouring__rosidl_typesupport_introspection_c.h
[11.060s] -- Installing: /home/nikhil/nourish_ws/install/juice_dcb_msgs/include/juice_dcb_msgs/srv/set_pouring__type_support.c
[11.060s] -- Installing: /home/nikhil/nourish_ws/install/juice_dcb_msgs/lib/libjuice_dcb_msgs__rosidl_typesupport_introspection_c.so
[11.061s] -- Set runtime path of "/home/nikhil/nourish_ws/install/juice_dcb_msgs/lib/libjuice_dcb_msgs__rosidl_typesupport_introspection_c.so" to ""
[11.062s] -- Up-to-date: /home/nikhil/nourish_ws/install/juice_dcb_msgs/include/juice_dcb_msgs
[11.062s] -- Up-to-date: /home/nikhil/nourish_ws/install/juice_dcb_msgs/include/juice_dcb_msgs/msg
[11.062s] -- Installing: /home/nikhil/nourish_ws/install/juice_dcb_msgs/include/juice_dcb_msgs/msg/command_result__rosidl_typesupport_introspection_cpp.hpp
[11.063s] -- Installing: /home/nikhil/nourish_ws/install/juice_dcb_msgs/include/juice_dcb_msgs/msg/command_result__type_support.cpp
[11.063s] -- Up-to-date: /home/nikhil/nourish_ws/install/juice_dcb_msgs/include/juice_dcb_msgs/srv
[11.064s] -- Installing: /home/nikhil/nourish_ws/install/juice_dcb_msgs/include/juice_dcb_msgs/srv/set_pouring__rosidl_typesupport_introspection_cpp.hpp
[11.064s] -- Installing: /home/nikhil/nourish_ws/install/juice_dcb_msgs/include/juice_dcb_msgs/srv/set_pouring__type_support.cpp
[11.066s] -- Installing: /home/nikhil/nourish_ws/install/juice_dcb_msgs/lib/libjuice_dcb_msgs__rosidl_typesupport_introspection_cpp.so
[11.067s] -- Set runtime path of "/home/nikhil/nourish_ws/install/juice_dcb_msgs/lib/libjuice_dcb_msgs__rosidl_typesupport_introspection_cpp.so" to ""
[11.067s] -- Installing: /home/nikhil/nourish_ws/install/juice_dcb_msgs/share/juice_dcb_msgs/environment/pythonpath.sh
[11.068s] -- Installing: /home/nikhil/nourish_ws/install/juice_dcb_msgs/lib/python3.6/site-packages/juice_dcb_msgs/__init__.py
[11.129s] Compiling '/home/nikhil/nourish_ws/install/juice_dcb_msgs/lib/python3.6/site-packages/juice_dcb_msgs/__init__.py'...
[11.134s] -- Installing: /home/nikhil/nourish_ws/install/juice_dcb_msgs/lib/python3.6/site-packages/juice_dcb_msgs/msg
[11.135s] -- Installing: /home/nikhil/nourish_ws/install/juice_dcb_msgs/lib/python3.6/site-packages/juice_dcb_msgs/msg/_command_result.py
[11.135s] -- Installing: /home/nikhil/nourish_ws/install/juice_dcb_msgs/lib/python3.6/site-packages/juice_dcb_msgs/msg/__init__.py
[11.135s] -- Installing: /home/nikhil/nourish_ws/install/juice_dcb_msgs/lib/python3.6/site-packages/juice_dcb_msgs/msg/_command_result_s.c
[11.135s] -- Installing: /home/nikhil/nourish_ws/install/juice_dcb_msgs/lib/python3.6/site-packages/juice_dcb_msgs/srv
[11.135s] -- Installing: /home/nikhil/nourish_ws/install/juice_dcb_msgs/lib/python3.6/site-packages/juice_dcb_msgs/srv/__init__.py
[11.136s] -- Installing: /home/nikhil/nourish_ws/install/juice_dcb_msgs/lib/python3.6/site-packages/juice_dcb_msgs/srv/_set_pouring_s.c
[11.136s] -- Installing: /home/nikhil/nourish_ws/install/juice_dcb_msgs/lib/python3.6/site-packages/juice_dcb_msgs/srv/_set_pouring.py
[11.136s] -- Installing: /home/nikhil/nourish_ws/install/juice_dcb_msgs/lib/python3.6/site-packages/juice_dcb_msgs/juice_dcb_msgs_s__rosidl_typesupport_c.cpython-36m-x86_64-linux-gnu.so
[11.136s] -- Set runtime path of "/home/nikhil/nourish_ws/install/juice_dcb_msgs/lib/python3.6/site-packages/juice_dcb_msgs/juice_dcb_msgs_s__rosidl_typesupport_c.cpython-36m-x86_64-linux-gnu.so" to ""
[11.136s] -- Installing: /home/nikhil/nourish_ws/install/juice_dcb_msgs/lib/python3.6/site-packages/juice_dcb_msgs/juice_dcb_msgs_s__rosidl_typesupport_introspection_c.cpython-36m-x86_64-linux-gnu.so
[11.137s] -- Set runtime path of "/home/nikhil/nourish_ws/install/juice_dcb_msgs/lib/python3.6/site-packages/juice_dcb_msgs/juice_dcb_msgs_s__rosidl_typesupport_introspection_c.cpython-36m-x86_64-linux-gnu.so" to ""
[11.137s] -- Installing: /home/nikhil/nourish_ws/install/juice_dcb_msgs/lib/python3.6/site-packages/juice_dcb_msgs/juice_dcb_msgs_s__rosidl_typesupport_fastrtps_c.cpython-36m-x86_64-linux-gnu.so
[11.137s] -- Set runtime path of "/home/nikhil/nourish_ws/install/juice_dcb_msgs/lib/python3.6/site-packages/juice_dcb_msgs/juice_dcb_msgs_s__rosidl_typesupport_fastrtps_c.cpython-36m-x86_64-linux-gnu.so" to ""
[11.138s] -- Installing: /home/nikhil/nourish_ws/install/juice_dcb_msgs/lib/libjuice_dcb_msgs__python.so
[11.138s] -- Set runtime path of "/home/nikhil/nourish_ws/install/juice_dcb_msgs/lib/libjuice_dcb_msgs__python.so" to ""
[11.138s] -- Installing: /home/nikhil/nourish_ws/install/juice_dcb_msgs/share/juice_dcb_msgs/msg/CommandResult.idl
[11.138s] -- Installing: /home/nikhil/nourish_ws/install/juice_dcb_msgs/share/juice_dcb_msgs/srv/SetPouring.idl
[11.139s] -- Installing: /home/nikhil/nourish_ws/install/juice_dcb_msgs/share/juice_dcb_msgs/msg/CommandResult.msg
[11.139s] -- Installing: /home/nikhil/nourish_ws/install/juice_dcb_msgs/share/juice_dcb_msgs/srv/SetPouring.srv
[11.139s] -- Installing: /home/nikhil/nourish_ws/install/juice_dcb_msgs/share/juice_dcb_msgs/srv/SetPouring_Request.msg
[11.139s] -- Installing: /home/nikhil/nourish_ws/install/juice_dcb_msgs/share/juice_dcb_msgs/srv/SetPouring_Response.msg
[11.140s] -- Installing: /home/nikhil/nourish_ws/install/juice_dcb_msgs/share/ament_index/resource_index/package_run_dependencies/juice_dcb_msgs
[11.140s] -- Installing: /home/nikhil/nourish_ws/install/juice_dcb_msgs/share/ament_index/resource_index/parent_prefix_path/juice_dcb_msgs
[11.140s] -- Installing: /home/nikhil/nourish_ws/install/juice_dcb_msgs/share/juice_dcb_msgs/environment/ament_prefix_path.sh
[11.140s] -- Installing: /home/nikhil/nourish_ws/install/juice_dcb_msgs/share/juice_dcb_msgs/environment/path.sh
[11.140s] -- Installing: /home/nikhil/nourish_ws/install/juice_dcb_msgs/share/juice_dcb_msgs/local_setup.bash
[11.141s] -- Installing: /home/nikhil/nourish_ws/install/juice_dcb_msgs/share/juice_dcb_msgs/local_setup.sh
[11.141s] -- Installing: /home/nikhil/nourish_ws/install/juice_dcb_msgs/share/juice_dcb_msgs/local_setup.zsh
[11.141s] -- Installing: /home/nikhil/nourish_ws/install/juice_dcb_msgs/share/ament_index/resource_index/packages/juice_dcb_msgs
[11.141s] -- Installing: /home/nikhil/nourish_ws/install/juice_dcb_msgs/share/juice_dcb_msgs/cmake/rosidl_cmake-extras.cmake
[11.141s] -- Installing: /home/nikhil/nourish_ws/install/juice_dcb_msgs/share/juice_dcb_msgs/cmake/ament_cmake_export_libraries-extras.cmake
[11.141s] -- Installing: /home/nikhil/nourish_ws/install/juice_dcb_msgs/share/juice_dcb_msgs/cmake/ament_cmake_export_include_directories-extras.cmake
[11.142s] -- Installing: /home/nikhil/nourish_ws/install/juice_dcb_msgs/share/juice_dcb_msgs/cmake/ament_cmake_export_dependencies-extras.cmake
[11.142s] -- Installing: /home/nikhil/nourish_ws/install/juice_dcb_msgs/share/juice_dcb_msgs/cmake/juice_dcb_msgsConfig.cmake
[11.142s] -- Installing: /home/nikhil/nourish_ws/install/juice_dcb_msgs/share/juice_dcb_msgs/cmake/juice_dcb_msgsConfig-version.cmake
[11.142s] -- Installing: /home/nikhil/nourish_ws/install/juice_dcb_msgs/share/juice_dcb_msgs/package.xml
