[0.105s] [  1%] Built target juice_spout_msgs__cpp
[0.115s] [ 12%] Built target juice_spout_msgs__rosidl_generator_c
[0.155s] [ 23%] Built target juice_spout_msgs__rosidl_typesupport_introspection_cpp
[0.161s] [ 34%] Built target juice_spout_msgs__rosidl_typesupport_fastrtps_cpp
[0.165s] [ 45%] Built target juice_spout_msgs__rosidl_typesupport_cpp
[0.169s] [ 56%] Built target juice_spout_msgs__rosidl_typesupport_c
[0.171s] [ 67%] Built target juice_spout_msgs__rosidl_typesupport_introspection_c
[0.207s] [ 78%] Built target juice_spout_msgs__rosidl_typesupport_fastrtps_c
[0.230s] [ 78%] Built target juice_spout_msgs
[0.263s] [ 80%] Built target juice_spout_msgs__py
[0.291s] [ 89%] Built target juice_spout_msgs__python
[0.328s] [ 92%] Built target juice_spout_msgs__rosidl_typesupport_c__pyext
[0.333s] [ 96%] Built target juice_spout_msgs__rosidl_typesupport_introspection_c__pyext
[0.336s] [100%] Built target juice_spout_msgs__rosidl_typesupport_fastrtps_c__pyext
[0.548s] [  1%] Built target juice_spout_msgs__cpp
[0.553s] [ 12%] Built target juice_spout_msgs__rosidl_generator_c
[0.586s] [ 23%] Built target juice_spout_msgs__rosidl_typesupport_introspection_c
[0.587s] [ 34%] Built target juice_spout_msgs__rosidl_typesupport_cpp
[0.588s] [ 45%] Built target juice_spout_msgs__rosidl_typesupport_introspection_cpp
[0.592s] [ 56%] Built target juice_spout_msgs__rosidl_typesupport_c
[0.596s] [ 67%] Built target juice_spout_msgs__rosidl_typesupport_fastrtps_cpp
[0.637s] [ 78%] Built target juice_spout_msgs__rosidl_typesupport_fastrtps_c
[0.662s] [ 78%] Built target juice_spout_msgs
[0.694s] [ 80%] Built target juice_spout_msgs__py
[0.728s] [ 89%] Built target juice_spout_msgs__python
[0.762s] [ 92%] Built target juice_spout_msgs__rosidl_typesupport_introspection_c__pyext
[0.762s] [ 96%] Built target juice_spout_msgs__rosidl_typesupport_fastrtps_c__pyext
[0.763s] [100%] Built target juice_spout_msgs__rosidl_typesupport_c__pyext
[0.782s] [36mInstall the project...[0m
[0.793s] -- Install configuration: ""
[0.793s] -- Up-to-date: /home/nikhil/nourish_ws/install/juice_spout_msgs/share/ament_index/resource_index/rosidl_interfaces/juice_spout_msgs
[0.793s] -- Up-to-date: /home/nikhil/nourish_ws/install/juice_spout_msgs/include/juice_spout_msgs
[0.794s] -- Up-to-date: /home/nikhil/nourish_ws/install/juice_spout_msgs/include/juice_spout_msgs/action
[0.794s] -- Up-to-date: /home/nikhil/nourish_ws/install/juice_spout_msgs/include/juice_spout_msgs/action/run_action_recipe.hpp
[0.794s] -- Up-to-date: /home/nikhil/nourish_ws/install/juice_spout_msgs/include/juice_spout_msgs/action/run_action_recipe__struct.hpp
[0.794s] -- Up-to-date: /home/nikhil/nourish_ws/install/juice_spout_msgs/include/juice_spout_msgs/action/run_action_recipe__traits.hpp
[0.794s] -- Up-to-date: /home/nikhil/nourish_ws/install/juice_spout_msgs/include/juice_spout_msgs/msg
[0.794s] -- Up-to-date: /home/nikhil/nourish_ws/install/juice_spout_msgs/include/juice_spout_msgs/msg/spout_state__traits.hpp
[0.795s] -- Up-to-date: /home/nikhil/nourish_ws/install/juice_spout_msgs/include/juice_spout_msgs/msg/spout_state.hpp
[0.795s] -- Up-to-date: /home/nikhil/nourish_ws/install/juice_spout_msgs/include/juice_spout_msgs/msg/spout_state__struct.hpp
[0.795s] -- Up-to-date: /home/nikhil/nourish_ws/install/juice_spout_msgs/include/juice_spout_msgs/srv
[0.795s] -- Up-to-date: /home/nikhil/nourish_ws/install/juice_spout_msgs/include/juice_spout_msgs/srv/run_recipe__struct.hpp
[0.795s] -- Up-to-date: /home/nikhil/nourish_ws/install/juice_spout_msgs/include/juice_spout_msgs/srv/set_fill.hpp
[0.795s] -- Up-to-date: /home/nikhil/nourish_ws/install/juice_spout_msgs/include/juice_spout_msgs/srv/set_fill__traits.hpp
[0.796s] -- Up-to-date: /home/nikhil/nourish_ws/install/juice_spout_msgs/include/juice_spout_msgs/srv/run_recipe.hpp
[0.796s] -- Up-to-date: /home/nikhil/nourish_ws/install/juice_spout_msgs/include/juice_spout_msgs/srv/set_fill__struct.hpp
[0.796s] -- Up-to-date: /home/nikhil/nourish_ws/install/juice_spout_msgs/include/juice_spout_msgs/srv/run_recipe__traits.hpp
[0.796s] -- Up-to-date: /home/nikhil/nourish_ws/install/juice_spout_msgs/include/juice_spout_msgs
[0.796s] -- Up-to-date: /home/nikhil/nourish_ws/install/juice_spout_msgs/include/juice_spout_msgs/action
[0.797s] -- Up-to-date: /home/nikhil/nourish_ws/install/juice_spout_msgs/include/juice_spout_msgs/action/run_action_recipe.h
[0.797s] -- Up-to-date: /home/nikhil/nourish_ws/install/juice_spout_msgs/include/juice_spout_msgs/action/run_action_recipe__type_support.h
[0.797s] -- Up-to-date: /home/nikhil/nourish_ws/install/juice_spout_msgs/include/juice_spout_msgs/action/run_action_recipe__functions.c
[0.797s] -- Up-to-date: /home/nikhil/nourish_ws/install/juice_spout_msgs/include/juice_spout_msgs/action/run_action_recipe__functions.h
[0.797s] -- Up-to-date: /home/nikhil/nourish_ws/install/juice_spout_msgs/include/juice_spout_msgs/action/run_action_recipe__struct.h
[0.797s] -- Up-to-date: /home/nikhil/nourish_ws/install/juice_spout_msgs/include/juice_spout_msgs/msg
[0.798s] -- Up-to-date: /home/nikhil/nourish_ws/install/juice_spout_msgs/include/juice_spout_msgs/msg/spout_state__struct.h
[0.798s] -- Up-to-date: /home/nikhil/nourish_ws/install/juice_spout_msgs/include/juice_spout_msgs/msg/spout_state__type_support.h
[0.798s] -- Up-to-date: /home/nikhil/nourish_ws/install/juice_spout_msgs/include/juice_spout_msgs/msg/spout_state__functions.c
[0.798s] -- Up-to-date: /home/nikhil/nourish_ws/install/juice_spout_msgs/include/juice_spout_msgs/msg/rosidl_generator_c__visibility_control.h
[0.798s] -- Up-to-date: /home/nikhil/nourish_ws/install/juice_spout_msgs/include/juice_spout_msgs/msg/spout_state__functions.h
[0.798s] -- Up-to-date: /home/nikhil/nourish_ws/install/juice_spout_msgs/include/juice_spout_msgs/msg/spout_state.h
[0.798s] -- Up-to-date: /home/nikhil/nourish_ws/install/juice_spout_msgs/include/juice_spout_msgs/srv
[0.799s] -- Up-to-date: /home/nikhil/nourish_ws/install/juice_spout_msgs/include/juice_spout_msgs/srv/run_recipe.h
[0.799s] -- Up-to-date: /home/nikhil/nourish_ws/install/juice_spout_msgs/include/juice_spout_msgs/srv/set_fill__type_support.h
[0.799s] -- Up-to-date: /home/nikhil/nourish_ws/install/juice_spout_msgs/include/juice_spout_msgs/srv/run_recipe__functions.c
[0.799s] -- Up-to-date: /home/nikhil/nourish_ws/install/juice_spout_msgs/include/juice_spout_msgs/srv/set_fill__functions.c
[0.799s] -- Up-to-date: /home/nikhil/nourish_ws/install/juice_spout_msgs/include/juice_spout_msgs/srv/run_recipe__struct.h
[0.799s] -- Up-to-date: /home/nikhil/nourish_ws/install/juice_spout_msgs/include/juice_spout_msgs/srv/set_fill.h
[0.799s] -- Up-to-date: /home/nikhil/nourish_ws/install/juice_spout_msgs/include/juice_spout_msgs/srv/set_fill__struct.h
[0.800s] -- Up-to-date: /home/nikhil/nourish_ws/install/juice_spout_msgs/include/juice_spout_msgs/srv/run_recipe__type_support.h
[0.800s] -- Up-to-date: /home/nikhil/nourish_ws/install/juice_spout_msgs/include/juice_spout_msgs/srv/set_fill__functions.h
[0.800s] -- Up-to-date: /home/nikhil/nourish_ws/install/juice_spout_msgs/include/juice_spout_msgs/srv/run_recipe__functions.h
[0.800s] -- Up-to-date: /home/nikhil/nourish_ws/install/juice_spout_msgs/share/juice_spout_msgs/environment/library_path.sh
[0.800s] -- Up-to-date: /home/nikhil/nourish_ws/install/juice_spout_msgs/lib/libjuice_spout_msgs__rosidl_generator_c.so
[0.800s] -- Up-to-date: /home/nikhil/nourish_ws/install/juice_spout_msgs/lib/libjuice_spout_msgs__rosidl_typesupport_c.so
[0.800s] -- Up-to-date: /home/nikhil/nourish_ws/install/juice_spout_msgs/lib/libjuice_spout_msgs__rosidl_typesupport_cpp.so
[0.801s] -- Up-to-date: /home/nikhil/nourish_ws/install/juice_spout_msgs/include/juice_spout_msgs
[0.801s] -- Up-to-date: /home/nikhil/nourish_ws/install/juice_spout_msgs/include/juice_spout_msgs/action
[0.801s] -- Up-to-date: /home/nikhil/nourish_ws/install/juice_spout_msgs/include/juice_spout_msgs/action/run_action_recipe__rosidl_typesupport_introspection_c.h
[0.801s] -- Up-to-date: /home/nikhil/nourish_ws/install/juice_spout_msgs/include/juice_spout_msgs/action/run_action_recipe__type_support.c
[0.801s] -- Up-to-date: /home/nikhil/nourish_ws/install/juice_spout_msgs/include/juice_spout_msgs/msg
[0.801s] -- Up-to-date: /home/nikhil/nourish_ws/install/juice_spout_msgs/include/juice_spout_msgs/msg/spout_state__type_support.c
[0.801s] -- Up-to-date: /home/nikhil/nourish_ws/install/juice_spout_msgs/include/juice_spout_msgs/msg/rosidl_typesupport_introspection_c__visibility_control.h
[0.802s] -- Up-to-date: /home/nikhil/nourish_ws/install/juice_spout_msgs/include/juice_spout_msgs/msg/spout_state__rosidl_typesupport_introspection_c.h
[0.802s] -- Up-to-date: /home/nikhil/nourish_ws/install/juice_spout_msgs/include/juice_spout_msgs/srv
[0.802s] -- Up-to-date: /home/nikhil/nourish_ws/install/juice_spout_msgs/include/juice_spout_msgs/srv/run_recipe__rosidl_typesupport_introspection_c.h
[0.802s] -- Up-to-date: /home/nikhil/nourish_ws/install/juice_spout_msgs/include/juice_spout_msgs/srv/set_fill__type_support.c
[0.802s] -- Up-to-date: /home/nikhil/nourish_ws/install/juice_spout_msgs/include/juice_spout_msgs/srv/set_fill__rosidl_typesupport_introspection_c.h
[0.802s] -- Up-to-date: /home/nikhil/nourish_ws/install/juice_spout_msgs/include/juice_spout_msgs/srv/run_recipe__type_support.c
[0.802s] -- Up-to-date: /home/nikhil/nourish_ws/install/juice_spout_msgs/lib/libjuice_spout_msgs__rosidl_typesupport_introspection_c.so
[0.803s] -- Up-to-date: /home/nikhil/nourish_ws/install/juice_spout_msgs/include/juice_spout_msgs
[0.803s] -- Up-to-date: /home/nikhil/nourish_ws/install/juice_spout_msgs/include/juice_spout_msgs/action
[0.803s] -- Up-to-date: /home/nikhil/nourish_ws/install/juice_spout_msgs/include/juice_spout_msgs/action/run_action_recipe__rosidl_typesupport_introspection_cpp.hpp
[0.803s] -- Up-to-date: /home/nikhil/nourish_ws/install/juice_spout_msgs/include/juice_spout_msgs/action/run_action_recipe__type_support.cpp
[0.803s] -- Up-to-date: /home/nikhil/nourish_ws/install/juice_spout_msgs/include/juice_spout_msgs/msg
[0.803s] -- Up-to-date: /home/nikhil/nourish_ws/install/juice_spout_msgs/include/juice_spout_msgs/msg/spout_state__rosidl_typesupport_introspection_cpp.hpp
[0.803s] -- Up-to-date: /home/nikhil/nourish_ws/install/juice_spout_msgs/include/juice_spout_msgs/msg/spout_state__type_support.cpp
[0.803s] -- Up-to-date: /home/nikhil/nourish_ws/install/juice_spout_msgs/include/juice_spout_msgs/srv
[0.804s] -- Up-to-date: /home/nikhil/nourish_ws/install/juice_spout_msgs/include/juice_spout_msgs/srv/run_recipe__type_support.cpp
[0.804s] -- Up-to-date: /home/nikhil/nourish_ws/install/juice_spout_msgs/include/juice_spout_msgs/srv/set_fill__rosidl_typesupport_introspection_cpp.hpp
[0.804s] -- Up-to-date: /home/nikhil/nourish_ws/install/juice_spout_msgs/include/juice_spout_msgs/srv/run_recipe__rosidl_typesupport_introspection_cpp.hpp
[0.804s] -- Up-to-date: /home/nikhil/nourish_ws/install/juice_spout_msgs/include/juice_spout_msgs/srv/set_fill__type_support.cpp
[0.804s] -- Up-to-date: /home/nikhil/nourish_ws/install/juice_spout_msgs/lib/libjuice_spout_msgs__rosidl_typesupport_introspection_cpp.so
[0.804s] -- Up-to-date: /home/nikhil/nourish_ws/install/juice_spout_msgs/include/juice_spout_msgs
[0.804s] -- Up-to-date: /home/nikhil/nourish_ws/install/juice_spout_msgs/include/juice_spout_msgs/action
[0.805s] -- Up-to-date: /home/nikhil/nourish_ws/install/juice_spout_msgs/include/juice_spout_msgs/action/run_action_recipe__rosidl_typesupport_fastrtps_c.h
[0.805s] -- Up-to-date: /home/nikhil/nourish_ws/install/juice_spout_msgs/include/juice_spout_msgs/msg
[0.805s] -- Up-to-date: /home/nikhil/nourish_ws/install/juice_spout_msgs/include/juice_spout_msgs/msg/spout_state__rosidl_typesupport_fastrtps_c.h
[0.805s] -- Up-to-date: /home/nikhil/nourish_ws/install/juice_spout_msgs/include/juice_spout_msgs/msg/rosidl_typesupport_fastrtps_c__visibility_control.h
[0.805s] -- Up-to-date: /home/nikhil/nourish_ws/install/juice_spout_msgs/include/juice_spout_msgs/srv
[0.805s] -- Up-to-date: /home/nikhil/nourish_ws/install/juice_spout_msgs/include/juice_spout_msgs/srv/run_recipe__rosidl_typesupport_fastrtps_c.h
[0.805s] -- Up-to-date: /home/nikhil/nourish_ws/install/juice_spout_msgs/include/juice_spout_msgs/srv/set_fill__rosidl_typesupport_fastrtps_c.h
[0.806s] -- Up-to-date: /home/nikhil/nourish_ws/install/juice_spout_msgs/lib/libjuice_spout_msgs__rosidl_typesupport_fastrtps_c.so
[0.806s] -- Up-to-date: /home/nikhil/nourish_ws/install/juice_spout_msgs/include/juice_spout_msgs
[0.806s] -- Up-to-date: /home/nikhil/nourish_ws/install/juice_spout_msgs/include/juice_spout_msgs/action
[0.806s] -- Up-to-date: /home/nikhil/nourish_ws/install/juice_spout_msgs/include/juice_spout_msgs/action/run_action_recipe__rosidl_typesupport_fastrtps_cpp.hpp
[0.806s] -- Up-to-date: /home/nikhil/nourish_ws/install/juice_spout_msgs/include/juice_spout_msgs/action/dds_fastrtps
[0.806s] -- Up-to-date: /home/nikhil/nourish_ws/install/juice_spout_msgs/include/juice_spout_msgs/msg
[0.806s] -- Up-to-date: /home/nikhil/nourish_ws/install/juice_spout_msgs/include/juice_spout_msgs/msg/dds_fastrtps
[0.806s] -- Up-to-date: /home/nikhil/nourish_ws/install/juice_spout_msgs/include/juice_spout_msgs/msg/rosidl_typesupport_fastrtps_cpp__visibility_control.h
[0.807s] -- Up-to-date: /home/nikhil/nourish_ws/install/juice_spout_msgs/include/juice_spout_msgs/msg/spout_state__rosidl_typesupport_fastrtps_cpp.hpp
[0.807s] -- Up-to-date: /home/nikhil/nourish_ws/install/juice_spout_msgs/include/juice_spout_msgs/srv
[0.807s] -- Up-to-date: /home/nikhil/nourish_ws/install/juice_spout_msgs/include/juice_spout_msgs/srv/run_recipe__rosidl_typesupport_fastrtps_cpp.hpp
[0.807s] -- Up-to-date: /home/nikhil/nourish_ws/install/juice_spout_msgs/include/juice_spout_msgs/srv/set_fill__rosidl_typesupport_fastrtps_cpp.hpp
[0.807s] -- Up-to-date: /home/nikhil/nourish_ws/install/juice_spout_msgs/include/juice_spout_msgs/srv/dds_fastrtps
[0.807s] -- Up-to-date: /home/nikhil/nourish_ws/install/juice_spout_msgs/lib/libjuice_spout_msgs__rosidl_typesupport_fastrtps_cpp.so
[0.807s] -- Up-to-date: /home/nikhil/nourish_ws/install/juice_spout_msgs/share/juice_spout_msgs/environment/pythonpath.sh
[0.808s] -- Up-to-date: /home/nikhil/nourish_ws/install/juice_spout_msgs/lib/python3.6/site-packages/juice_spout_msgs/__init__.py
[0.831s] -- Up-to-date: /home/nikhil/nourish_ws/install/juice_spout_msgs/lib/python3.6/site-packages/juice_spout_msgs/srv
[0.831s] -- Up-to-date: /home/nikhil/nourish_ws/install/juice_spout_msgs/lib/python3.6/site-packages/juice_spout_msgs/srv/_run_recipe.py
[0.831s] -- Up-to-date: /home/nikhil/nourish_ws/install/juice_spout_msgs/lib/python3.6/site-packages/juice_spout_msgs/srv/__init__.py
[0.831s] -- Up-to-date: /home/nikhil/nourish_ws/install/juice_spout_msgs/lib/python3.6/site-packages/juice_spout_msgs/srv/_set_fill.py
[0.832s] -- Up-to-date: /home/nikhil/nourish_ws/install/juice_spout_msgs/lib/python3.6/site-packages/juice_spout_msgs/srv/_run_recipe_s.c
[0.832s] -- Up-to-date: /home/nikhil/nourish_ws/install/juice_spout_msgs/lib/python3.6/site-packages/juice_spout_msgs/srv/_set_fill_s.c
[0.832s] -- Up-to-date: /home/nikhil/nourish_ws/install/juice_spout_msgs/lib/python3.6/site-packages/juice_spout_msgs/action
[0.832s] -- Up-to-date: /home/nikhil/nourish_ws/install/juice_spout_msgs/lib/python3.6/site-packages/juice_spout_msgs/action/_run_action_recipe_s.c
[0.832s] -- Up-to-date: /home/nikhil/nourish_ws/install/juice_spout_msgs/lib/python3.6/site-packages/juice_spout_msgs/action/__init__.py
[0.832s] -- Up-to-date: /home/nikhil/nourish_ws/install/juice_spout_msgs/lib/python3.6/site-packages/juice_spout_msgs/action/_run_action_recipe.py
[0.832s] -- Up-to-date: /home/nikhil/nourish_ws/install/juice_spout_msgs/lib/python3.6/site-packages/juice_spout_msgs/msg
[0.833s] -- Up-to-date: /home/nikhil/nourish_ws/install/juice_spout_msgs/lib/python3.6/site-packages/juice_spout_msgs/msg/_spout_state.py
[0.833s] -- Up-to-date: /home/nikhil/nourish_ws/install/juice_spout_msgs/lib/python3.6/site-packages/juice_spout_msgs/msg/_spout_state_s.c
[0.833s] -- Up-to-date: /home/nikhil/nourish_ws/install/juice_spout_msgs/lib/python3.6/site-packages/juice_spout_msgs/msg/__init__.py
[0.833s] -- Up-to-date: /home/nikhil/nourish_ws/install/juice_spout_msgs/lib/python3.6/site-packages/juice_spout_msgs/juice_spout_msgs_s__rosidl_typesupport_c.cpython-36m-x86_64-linux-gnu.so
[0.833s] -- Up-to-date: /home/nikhil/nourish_ws/install/juice_spout_msgs/lib/python3.6/site-packages/juice_spout_msgs/juice_spout_msgs_s__rosidl_typesupport_introspection_c.cpython-36m-x86_64-linux-gnu.so
[0.833s] -- Up-to-date: /home/nikhil/nourish_ws/install/juice_spout_msgs/lib/python3.6/site-packages/juice_spout_msgs/juice_spout_msgs_s__rosidl_typesupport_fastrtps_c.cpython-36m-x86_64-linux-gnu.so
[0.834s] -- Up-to-date: /home/nikhil/nourish_ws/install/juice_spout_msgs/lib/libjuice_spout_msgs__python.so
[0.834s] -- Up-to-date: /home/nikhil/nourish_ws/install/juice_spout_msgs/share/juice_spout_msgs/srv/RunRecipe.idl
[0.834s] -- Up-to-date: /home/nikhil/nourish_ws/install/juice_spout_msgs/share/juice_spout_msgs/srv/SetFill.idl
[0.834s] -- Up-to-date: /home/nikhil/nourish_ws/install/juice_spout_msgs/share/juice_spout_msgs/action/RunActionRecipe.idl
[0.834s] -- Up-to-date: /home/nikhil/nourish_ws/install/juice_spout_msgs/share/juice_spout_msgs/msg/SpoutState.idl
[0.835s] -- Up-to-date: /home/nikhil/nourish_ws/install/juice_spout_msgs/share/juice_spout_msgs/srv/RunRecipe.srv
[0.835s] -- Up-to-date: /home/nikhil/nourish_ws/install/juice_spout_msgs/share/juice_spout_msgs/srv/RunRecipe_Request.msg
[0.835s] -- Up-to-date: /home/nikhil/nourish_ws/install/juice_spout_msgs/share/juice_spout_msgs/srv/RunRecipe_Response.msg
[0.835s] -- Up-to-date: /home/nikhil/nourish_ws/install/juice_spout_msgs/share/juice_spout_msgs/srv/SetFill.srv
[0.835s] -- Up-to-date: /home/nikhil/nourish_ws/install/juice_spout_msgs/share/juice_spout_msgs/srv/SetFill_Request.msg
[0.835s] -- Up-to-date: /home/nikhil/nourish_ws/install/juice_spout_msgs/share/juice_spout_msgs/srv/SetFill_Response.msg
[0.835s] -- Up-to-date: /home/nikhil/nourish_ws/install/juice_spout_msgs/share/juice_spout_msgs/action/RunActionRecipe.action
[0.836s] -- Up-to-date: /home/nikhil/nourish_ws/install/juice_spout_msgs/share/juice_spout_msgs/msg/SpoutState.msg
[0.836s] -- Up-to-date: /home/nikhil/nourish_ws/install/juice_spout_msgs/share/ament_index/resource_index/package_run_dependencies/juice_spout_msgs
[0.836s] -- Up-to-date: /home/nikhil/nourish_ws/install/juice_spout_msgs/share/ament_index/resource_index/parent_prefix_path/juice_spout_msgs
[0.836s] -- Up-to-date: /home/nikhil/nourish_ws/install/juice_spout_msgs/share/juice_spout_msgs/environment/ament_prefix_path.sh
[0.836s] -- Up-to-date: /home/nikhil/nourish_ws/install/juice_spout_msgs/share/juice_spout_msgs/environment/path.sh
[0.836s] -- Up-to-date: /home/nikhil/nourish_ws/install/juice_spout_msgs/share/juice_spout_msgs/local_setup.bash
[0.836s] -- Up-to-date: /home/nikhil/nourish_ws/install/juice_spout_msgs/share/juice_spout_msgs/local_setup.sh
[0.837s] -- Up-to-date: /home/nikhil/nourish_ws/install/juice_spout_msgs/share/juice_spout_msgs/local_setup.zsh
[0.837s] -- Up-to-date: /home/nikhil/nourish_ws/install/juice_spout_msgs/share/ament_index/resource_index/packages/juice_spout_msgs
[0.837s] -- Up-to-date: /home/nikhil/nourish_ws/install/juice_spout_msgs/share/juice_spout_msgs/cmake/rosidl_cmake-extras.cmake
[0.837s] -- Up-to-date: /home/nikhil/nourish_ws/install/juice_spout_msgs/share/juice_spout_msgs/cmake/ament_cmake_export_dependencies-extras.cmake
[0.837s] -- Up-to-date: /home/nikhil/nourish_ws/install/juice_spout_msgs/share/juice_spout_msgs/cmake/ament_cmake_export_include_directories-extras.cmake
[0.837s] -- Up-to-date: /home/nikhil/nourish_ws/install/juice_spout_msgs/share/juice_spout_msgs/cmake/ament_cmake_export_libraries-extras.cmake
[0.838s] -- Up-to-date: /home/nikhil/nourish_ws/install/juice_spout_msgs/share/juice_spout_msgs/cmake/juice_spout_msgsConfig.cmake
[0.838s] -- Up-to-date: /home/nikhil/nourish_ws/install/juice_spout_msgs/share/juice_spout_msgs/cmake/juice_spout_msgsConfig-version.cmake
[0.838s] -- Up-to-date: /home/nikhil/nourish_ws/install/juice_spout_msgs/share/juice_spout_msgs/package.xml
