[0.087s] Invoking command in '/home/nikhil/nourish_ws/build/cv_bridge': /usr/bin/cmake --build /home/nikhil/nourish_ws/build/cv_bridge -- -j12 -l12
[0.163s] [ 12%] Built target gtest_main
[0.164s] [ 25%] Built target gtest
[0.177s] [ 43%] Built target cv_bridge
[0.231s] [ 81%] Built target cv_bridge-utest
[0.250s] [100%] Built target cv_bridge_boost
[0.284s] Invoked command in '/home/nikhil/nourish_ws/build/cv_bridge' returned '0': /usr/bin/cmake --build /home/nikhil/nourish_ws/build/cv_bridge -- -j12 -l12
[0.454s] Invoking command in '/home/nikhil/nourish_ws/build/cv_bridge': /usr/bin/cmake --build /home/nikhil/nourish_ws/build/cv_bridge --target install -- -j12 -l12
[0.532s] [ 12%] Built target gtest_main
[0.540s] [ 25%] Built target gtest
[0.550s] [ 43%] Built target cv_bridge
[0.606s] [ 81%] Built target cv_bridge-utest
[0.619s] [100%] Built target cv_bridge_boost
[0.662s] [36mInstall the project...[0m
[0.679s] -- Install configuration: ""
[0.680s] -- Up-to-date: /home/nikhil/nourish_ws/install/cv_bridge/share/cv_bridge/environment/library_path.sh
[0.680s] -- Up-to-date: /home/nikhil/nourish_ws/install/cv_bridge/include/cv_bridge
[0.680s] -- Up-to-date: /home/nikhil/nourish_ws/install/cv_bridge/include/cv_bridge/rgb_colors.h
[0.680s] -- Up-to-date: /home/nikhil/nourish_ws/install/cv_bridge/include/cv_bridge/cv_bridge.h
[0.680s] -- Up-to-date: /home/nikhil/nourish_ws/install/cv_bridge/share/ament_index/resource_index/package_run_dependencies/cv_bridge
[0.680s] -- Up-to-date: /home/nikhil/nourish_ws/install/cv_bridge/share/ament_index/resource_index/parent_prefix_path/cv_bridge
[0.680s] -- Up-to-date: /home/nikhil/nourish_ws/install/cv_bridge/share/cv_bridge/environment/ament_prefix_path.sh
[0.680s] -- Up-to-date: /home/nikhil/nourish_ws/install/cv_bridge/share/cv_bridge/environment/path.sh
[0.680s] -- Up-to-date: /home/nikhil/nourish_ws/install/cv_bridge/share/cv_bridge/local_setup.bash
[0.682s] -- Up-to-date: /home/nikhil/nourish_ws/install/cv_bridge/share/cv_bridge/local_setup.sh
[0.682s] -- Up-to-date: /home/nikhil/nourish_ws/install/cv_bridge/share/cv_bridge/local_setup.zsh
[0.682s] -- Up-to-date: /home/nikhil/nourish_ws/install/cv_bridge/share/ament_index/resource_index/packages/cv_bridge
[0.682s] -- Up-to-date: /home/nikhil/nourish_ws/install/cv_bridge/share/cv_bridge/cmake/cv_bridge-extras.cmake
[0.682s] -- Up-to-date: /home/nikhil/nourish_ws/install/cv_bridge/share/cv_bridge/cmake/ament_cmake_export_dependencies-extras.cmake
[0.683s] -- Up-to-date: /home/nikhil/nourish_ws/install/cv_bridge/share/cv_bridge/cmake/ament_cmake_export_include_directories-extras.cmake
[0.683s] -- Up-to-date: /home/nikhil/nourish_ws/install/cv_bridge/share/cv_bridge/cmake/ament_cmake_export_libraries-extras.cmake
[0.683s] -- Up-to-date: /home/nikhil/nourish_ws/install/cv_bridge/share/cv_bridge/cmake/cv_bridgeConfig.cmake
[0.683s] -- Up-to-date: /home/nikhil/nourish_ws/install/cv_bridge/share/cv_bridge/cmake/cv_bridgeConfig-version.cmake
[0.687s] -- Up-to-date: /home/nikhil/nourish_ws/install/cv_bridge/share/cv_bridge/package.xml
[0.687s] -- Up-to-date: /home/nikhil/nourish_ws/install/cv_bridge/share/cv_bridge/environment/pythonpath.sh
[0.688s] -- Up-to-date: /home/nikhil/nourish_ws/install/cv_bridge/lib/python3.6/site-packages/cv_bridge
[0.688s] -- Up-to-date: /home/nikhil/nourish_ws/install/cv_bridge/lib/python3.6/site-packages/cv_bridge/__init__.py
[0.688s] -- Up-to-date: /home/nikhil/nourish_ws/install/cv_bridge/lib/python3.6/site-packages/cv_bridge/core.py
[0.733s] Listing '/home/nikhil/nourish_ws/install/cv_bridge/lib/python3.6/site-packages/cv_bridge'...
[0.733s] Listing '/home/nikhil/nourish_ws/install/cv_bridge/lib/python3.6/site-packages/cv_bridge/boost'...
[0.740s] -- Up-to-date: /home/nikhil/nourish_ws/install/cv_bridge/lib/libcv_bridge.so
[0.740s] -- Up-to-date: /home/nikhil/nourish_ws/install/cv_bridge/include/cv_bridge/cv_bridge_export.h
[0.741s] -- Up-to-date: /home/nikhil/nourish_ws/install/cv_bridge/lib/python3.6/site-packages/cv_bridge/boost/cv_bridge_boost.so
[0.747s] Invoked command in '/home/nikhil/nourish_ws/build/cv_bridge' returned '0': /usr/bin/cmake --build /home/nikhil/nourish_ws/build/cv_bridge --target install -- -j12 -l12
