Determining if the pthread_create exist failed with the following output:
Change Dir: /home/nikhil/nourish_ws/build/gazebo_ros/CMakeFiles/CMakeTmp

Run Build Command:"/usr/bin/make" "cmTC_13dbf/fast"
/usr/bin/make -f CMakeFiles/cmTC_13dbf.dir/build.make CMakeFiles/cmTC_13dbf.dir/build
make[1]: Entering directory '/home/nikhil/nourish_ws/build/gazebo_ros/CMakeFiles/CMakeTmp'
Building C object CMakeFiles/cmTC_13dbf.dir/CheckSymbolExists.c.o
/usr/bin/cc    -o CMakeFiles/cmTC_13dbf.dir/CheckSymbolExists.c.o   -c /home/nikhil/nourish_ws/build/gazebo_ros/CMakeFiles/CMakeTmp/CheckSymbolExists.c
Linking C executable cmTC_13dbf
/usr/bin/cmake -E cmake_link_script CMakeFiles/cmTC_13dbf.dir/link.txt --verbose=1
/usr/bin/cc      CMakeFiles/cmTC_13dbf.dir/CheckSymbolExists.c.o  -o cmTC_13dbf 
CMakeFiles/cmTC_13dbf.dir/CheckSymbolExists.c.o: In function `main':
CheckSymbolExists.c:(.text+0x1b): undefined reference to `pthread_create'
collect2: error: ld returned 1 exit status
CMakeFiles/cmTC_13dbf.dir/build.make:97: recipe for target 'cmTC_13dbf' failed
make[1]: *** [cmTC_13dbf] Error 1
make[1]: Leaving directory '/home/nikhil/nourish_ws/build/gazebo_ros/CMakeFiles/CMakeTmp'
Makefile:126: recipe for target 'cmTC_13dbf/fast' failed
make: *** [cmTC_13dbf/fast] Error 2

File /home/nikhil/nourish_ws/build/gazebo_ros/CMakeFiles/CMakeTmp/CheckSymbolExists.c:
/* */
#include <pthread.h>

int main(int argc, char** argv)
{
  (void)argv;
#ifndef pthread_create
  return ((int*)(&pthread_create))[argc];
#else
  (void)argc;
  return 0;
#endif
}

Determining if the function pthread_create exists in the pthreads failed with the following output:
Change Dir: /home/nikhil/nourish_ws/build/gazebo_ros/CMakeFiles/CMakeTmp

Run Build Command:"/usr/bin/make" "cmTC_710d4/fast"
/usr/bin/make -f CMakeFiles/cmTC_710d4.dir/build.make CMakeFiles/cmTC_710d4.dir/build
make[1]: Entering directory '/home/nikhil/nourish_ws/build/gazebo_ros/CMakeFiles/CMakeTmp'
Building C object CMakeFiles/cmTC_710d4.dir/CheckFunctionExists.c.o
/usr/bin/cc   -DCHECK_FUNCTION_EXISTS=pthread_create   -o CMakeFiles/cmTC_710d4.dir/CheckFunctionExists.c.o   -c /usr/share/cmake-3.10/Modules/CheckFunctionExists.c
Linking C executable cmTC_710d4
/usr/bin/cmake -E cmake_link_script CMakeFiles/cmTC_710d4.dir/link.txt --verbose=1
/usr/bin/cc  -DCHECK_FUNCTION_EXISTS=pthread_create    CMakeFiles/cmTC_710d4.dir/CheckFunctionExists.c.o  -o cmTC_710d4 -lpthreads 
/usr/bin/ld: cannot find -lpthreads
collect2: error: ld returned 1 exit status
CMakeFiles/cmTC_710d4.dir/build.make:97: recipe for target 'cmTC_710d4' failed
make[1]: *** [cmTC_710d4] Error 1
make[1]: Leaving directory '/home/nikhil/nourish_ws/build/gazebo_ros/CMakeFiles/CMakeTmp'
Makefile:126: recipe for target 'cmTC_710d4/fast' failed
make: *** [cmTC_710d4/fast] Error 2


