[0.102s] -- The C compiler identification is GNU 7.5.0
[0.186s] -- The CXX compiler identification is GNU 7.5.0
[0.190s] -- Check for working C compiler: /usr/bin/cc
[0.274s] -- Check for working C compiler: /usr/bin/cc -- works
[0.275s] -- Detecting C compiler ABI info
[0.360s] -- Detecting C compiler ABI info - done
[0.366s] -- Detecting C compile features
[0.590s] -- Detecting C compile features - done
[0.592s] -- Check for working CXX compiler: /usr/bin/c++
[0.682s] -- Check for working CXX compiler: /usr/bin/c++ -- works
[0.682s] -- Detecting CXX compiler ABI info
[0.781s] -- Detecting CXX compiler ABI info - done
[0.786s] -- Detecting CXX compile features
[1.145s] -- Detecting CXX compile features - done
[1.147s] -- Found ament_cmake: 0.7.4 (/home/nikhil/ros2_dashing/ros2-linux/share/ament_cmake/cmake)
[1.174s] -- Found PythonInterp: /usr/bin/python3 (found suitable version "3.6.9", minimum required is "3") 
[1.174s] -- Using PYTHON_EXECUTABLE: /usr/bin/python3
[1.474s] -- Found rclcpp: 0.7.12 (/home/nikhil/ros2_dashing/ros2-linux/share/rclcpp/cmake)
[1.502s] -- Found rosidl_adapter: 0.7.9 (/home/nikhil/ros2_dashing/ros2-linux/share/rosidl_adapter/cmake)
[1.563s] -- Found rmw_implementation_cmake: 0.7.2 (/home/nikhil/ros2_dashing/ros2-linux/share/rmw_implementation_cmake/cmake)
[1.565s] -- Using RMW implementation 'rmw_fastrtps_cpp' as default
[1.566s] -- Looking for pthread.h
[1.663s] -- Looking for pthread.h - found
[1.664s] -- Looking for pthread_create
[1.744s] -- Looking for pthread_create - not found
[1.745s] -- Looking for pthread_create in pthreads
[1.808s] -- Looking for pthread_create in pthreads - not found
[1.808s] -- Looking for pthread_create in pthread
[1.880s] -- Looking for pthread_create in pthread - found
[1.880s] -- Found Threads: TRUE  
[1.919s] -- Found std_msgs: 0.7.0 (/home/nikhil/ros2_dashing/ros2-linux/share/std_msgs/cmake)
[1.928s] -- Found juice_dcb_msgs: 0.0.0 (/home/nikhil/nourish_ws/install/juice_dcb_msgs/share/juice_dcb_msgs/cmake)
[1.932s] -- Found nourish_dcb: 0.0.0 (/home/nikhil/nourish_ws/install/nourish_dcb/share/nourish_dcb/cmake)
[1.967s] -- Found ament_lint_auto: 0.7.11 (/home/nikhil/ros2_dashing/ros2-linux/share/ament_lint_auto/cmake)
[2.095s] -- Added test 'copyright' to check for copyright in CMake / C / C++ / Python code
[2.097s] -- Added test 'cppcheck' to perform static code analysis on C / C++ code
[2.098s] -- Configured cppcheck include dirs: /home/nikhil/nourish_ws/src/ros2-bbox-juice-machine/juice_dcb/include
[2.099s] -- Added test 'cpplint' to check C / C++ code against the Google style
[2.101s] -- Added test 'lint_cmake' to check CMake code style
[2.102s] -- Added test 'uncrustify' to check C / C++ code style
[2.103s] -- Added test 'xmllint' to check XML markup files
[2.108s] -- Configuring done
[2.131s] -- Generating done
[2.133s] -- Build files have been written to: /home/nikhil/nourish_ws/build/juice_dcb
[2.464s] [35m[1mScanning dependencies of target juice_dcb[0m
[2.596s] [ 33%] [32mBuilding CXX object CMakeFiles/juice_dcb.dir/src/juice_dcb_node.cpp.o[0m
[2.612s] [ 66%] [32mBuilding CXX object CMakeFiles/juice_dcb.dir/src/juice_dcb.cpp.o[0m
[5.460s] [100%] [32m[1mLinking CXX executable juice_dcb[0m
[5.666s] [100%] Built target juice_dcb
[5.794s] [100%] Built target juice_dcb
[5.820s] [36mInstall the project...[0m
[5.831s] -- Install configuration: ""
[5.831s] -- Installing: /home/nikhil/nourish_ws/install/juice_dcb/lib/juice_dcb/juice_dcb
[5.832s] -- Set runtime path of "/home/nikhil/nourish_ws/install/juice_dcb/lib/juice_dcb/juice_dcb" to ""
[5.832s] -- Installing: /home/nikhil/nourish_ws/install/juice_dcb/share/ament_index/resource_index/package_run_dependencies/juice_dcb
[5.832s] -- Installing: /home/nikhil/nourish_ws/install/juice_dcb/share/ament_index/resource_index/parent_prefix_path/juice_dcb
[5.833s] -- Installing: /home/nikhil/nourish_ws/install/juice_dcb/share/juice_dcb/environment/ament_prefix_path.sh
[5.833s] -- Installing: /home/nikhil/nourish_ws/install/juice_dcb/share/juice_dcb/environment/path.sh
[5.833s] -- Installing: /home/nikhil/nourish_ws/install/juice_dcb/share/juice_dcb/local_setup.bash
[5.833s] -- Installing: /home/nikhil/nourish_ws/install/juice_dcb/share/juice_dcb/local_setup.sh
[5.833s] -- Installing: /home/nikhil/nourish_ws/install/juice_dcb/share/juice_dcb/local_setup.zsh
[5.833s] -- Installing: /home/nikhil/nourish_ws/install/juice_dcb/share/ament_index/resource_index/packages/juice_dcb
[5.833s] -- Installing: /home/nikhil/nourish_ws/install/juice_dcb/share/juice_dcb/cmake/juice_dcbConfig.cmake
[5.833s] -- Installing: /home/nikhil/nourish_ws/install/juice_dcb/share/juice_dcb/cmake/juice_dcbConfig-version.cmake
[5.833s] -- Installing: /home/nikhil/nourish_ws/install/juice_dcb/share/juice_dcb/package.xml
