[0.047s] Invoking command in '/home/nikhil/nourish_ws/build/juice_dcb': AMENT_PREFIX_PATH=/home/nikhil/nourish_ws/install/nourish_dcb:/home/nikhil/nourish_ws/install/serial:/home/nikhil/nourish_ws/install/juice_dcb_msgs:${AMENT_PREFIX_PATH} CMAKE_PREFIX_PATH=/home/nikhil/nourish_ws/install/nourish_dcb:/home/nikhil/nourish_ws/install/serial:/home/nikhil/nourish_ws/install/juice_dcb_msgs:${CMAKE_PREFIX_PATH} LD_LIBRARY_PATH=/home/nikhil/nourish_ws/install/nourish_dcb/lib:/home/nikhil/nourish_ws/install/serial/lib:/home/nikhil/nourish_ws/install/juice_dcb_msgs/lib:${LD_LIBRARY_PATH} PYTHONPATH=/home/nikhil/nourish_ws/install/juice_dcb_msgs/lib/python3.6/site-packages:${PYTHONPATH} /usr/bin/cmake --build /home/nikhil/nourish_ws/build/juice_dcb -- -j12 -l12
[0.101s] [35m[1mScanning dependencies of target juice_dcb[0m
[0.129s] [ 33%] [32mBuilding CXX object CMakeFiles/juice_dcb.dir/src/juice_dcb_node.cpp.o[0m
[1.975s] [ 66%] [32m[1mLinking CXX executable juice_dcb[0m
[2.147s] [100%] Built target juice_dcb
[2.156s] Invoked command in '/home/nikhil/nourish_ws/build/juice_dcb' returned '0': AMENT_PREFIX_PATH=/home/nikhil/nourish_ws/install/nourish_dcb:/home/nikhil/nourish_ws/install/serial:/home/nikhil/nourish_ws/install/juice_dcb_msgs:${AMENT_PREFIX_PATH} CMAKE_PREFIX_PATH=/home/nikhil/nourish_ws/install/nourish_dcb:/home/nikhil/nourish_ws/install/serial:/home/nikhil/nourish_ws/install/juice_dcb_msgs:${CMAKE_PREFIX_PATH} LD_LIBRARY_PATH=/home/nikhil/nourish_ws/install/nourish_dcb/lib:/home/nikhil/nourish_ws/install/serial/lib:/home/nikhil/nourish_ws/install/juice_dcb_msgs/lib:${LD_LIBRARY_PATH} PYTHONPATH=/home/nikhil/nourish_ws/install/juice_dcb_msgs/lib/python3.6/site-packages:${PYTHONPATH} /usr/bin/cmake --build /home/nikhil/nourish_ws/build/juice_dcb -- -j12 -l12
[2.178s] Invoking command in '/home/nikhil/nourish_ws/build/juice_dcb': AMENT_PREFIX_PATH=/home/nikhil/nourish_ws/install/nourish_dcb:/home/nikhil/nourish_ws/install/serial:/home/nikhil/nourish_ws/install/juice_dcb_msgs:${AMENT_PREFIX_PATH} CMAKE_PREFIX_PATH=/home/nikhil/nourish_ws/install/nourish_dcb:/home/nikhil/nourish_ws/install/serial:/home/nikhil/nourish_ws/install/juice_dcb_msgs:${CMAKE_PREFIX_PATH} LD_LIBRARY_PATH=/home/nikhil/nourish_ws/install/nourish_dcb/lib:/home/nikhil/nourish_ws/install/serial/lib:/home/nikhil/nourish_ws/install/juice_dcb_msgs/lib:${LD_LIBRARY_PATH} PYTHONPATH=/home/nikhil/nourish_ws/install/juice_dcb_msgs/lib/python3.6/site-packages:${PYTHONPATH} /usr/bin/cmake --build /home/nikhil/nourish_ws/build/juice_dcb --target install -- -j12 -l12
[2.225s] [100%] Built target juice_dcb
[2.241s] [36mInstall the project...[0m
[2.251s] -- Install configuration: ""
[2.252s] -- Installing: /home/nikhil/nourish_ws/install/juice_dcb/lib/juice_dcb/juice_dcb
[2.253s] -- Set runtime path of "/home/nikhil/nourish_ws/install/juice_dcb/lib/juice_dcb/juice_dcb" to ""
[2.253s] -- Up-to-date: /home/nikhil/nourish_ws/install/juice_dcb/share/ament_index/resource_index/package_run_dependencies/juice_dcb
[2.253s] -- Up-to-date: /home/nikhil/nourish_ws/install/juice_dcb/share/ament_index/resource_index/parent_prefix_path/juice_dcb
[2.253s] -- Up-to-date: /home/nikhil/nourish_ws/install/juice_dcb/share/juice_dcb/environment/ament_prefix_path.sh
[2.254s] -- Up-to-date: /home/nikhil/nourish_ws/install/juice_dcb/share/juice_dcb/environment/path.sh
[2.254s] -- Up-to-date: /home/nikhil/nourish_ws/install/juice_dcb/share/juice_dcb/local_setup.bash
[2.254s] -- Up-to-date: /home/nikhil/nourish_ws/install/juice_dcb/share/juice_dcb/local_setup.sh
[2.254s] -- Up-to-date: /home/nikhil/nourish_ws/install/juice_dcb/share/juice_dcb/local_setup.zsh
[2.254s] -- Up-to-date: /home/nikhil/nourish_ws/install/juice_dcb/share/ament_index/resource_index/packages/juice_dcb
[2.254s] -- Up-to-date: /home/nikhil/nourish_ws/install/juice_dcb/share/juice_dcb/cmake/juice_dcbConfig.cmake
[2.254s] -- Up-to-date: /home/nikhil/nourish_ws/install/juice_dcb/share/juice_dcb/cmake/juice_dcbConfig-version.cmake
[2.254s] -- Up-to-date: /home/nikhil/nourish_ws/install/juice_dcb/share/juice_dcb/package.xml
[2.257s] Invoked command in '/home/nikhil/nourish_ws/build/juice_dcb' returned '0': AMENT_PREFIX_PATH=/home/nikhil/nourish_ws/install/nourish_dcb:/home/nikhil/nourish_ws/install/serial:/home/nikhil/nourish_ws/install/juice_dcb_msgs:${AMENT_PREFIX_PATH} CMAKE_PREFIX_PATH=/home/nikhil/nourish_ws/install/nourish_dcb:/home/nikhil/nourish_ws/install/serial:/home/nikhil/nourish_ws/install/juice_dcb_msgs:${CMAKE_PREFIX_PATH} LD_LIBRARY_PATH=/home/nikhil/nourish_ws/install/nourish_dcb/lib:/home/nikhil/nourish_ws/install/serial/lib:/home/nikhil/nourish_ws/install/juice_dcb_msgs/lib:${LD_LIBRARY_PATH} PYTHONPATH=/home/nikhil/nourish_ws/install/juice_dcb_msgs/lib/python3.6/site-packages:${PYTHONPATH} /usr/bin/cmake --build /home/nikhil/nourish_ws/build/juice_dcb --target install -- -j12 -l12
