[1.928s] CMake Warning at /home/nikhil/ros2_dashing/ros2-linux/share/rmw_connext_shared_cpp/cmake/ament_cmake_export_include_directories-extras.cmake:11 (message):
[1.928s]   Package 'rmw_connext_shared_cpp' exports the include directory
[1.928s]   '/opt/rti.com/rti_connext_dds-5.3.1/include' which doesn't exist
[1.929s] Call Stack (most recent call first):
[1.929s]   /home/nikhil/ros2_dashing/ros2-linux/share/rmw_connext_shared_cpp/cmake/rmw_connext_shared_cppConfig.cmake:38 (include)
[1.929s]   /home/nikhil/ros2_dashing/ros2-linux/share/rmw_connext_cpp/cmake/ament_cmake_export_dependencies-extras.cmake:21 (find_package)
[1.929s]   /home/nikhil/ros2_dashing/ros2-linux/share/rmw_connext_cpp/cmake/rmw_connext_cppConfig.cmake:38 (include)
[1.929s]   /home/nikhil/ros2_dashing/ros2-linux/share/rmw_implementation_cmake/cmake/call_for_each_rmw_implementation.cmake:61 (find_package)
[1.929s]   /home/nikhil/ros2_dashing/ros2-linux/share/rosidl_generator_py/cmake/rosidl_generator_py_get_typesupports.cmake:26 (call_for_each_rmw_implementation)
[1.929s]   /home/nikhil/ros2_dashing/ros2-linux/share/rosidl_generator_py/cmake/rosidl_generator_py_generate_interfaces.cmake:27 (rosidl_generator_py_get_typesupports)
[1.929s]   /home/nikhil/ros2_dashing/ros2-linux/share/ament_cmake_core/cmake/core/ament_execute_extensions.cmake:48 (include)
[1.929s]   /home/nikhil/ros2_dashing/ros2-linux/share/rosidl_cmake/cmake/rosidl_generate_interfaces.cmake:286 (ament_execute_extensions)
[1.930s]   CMakeLists.txt:35 (rosidl_generate_interfaces)
[1.930s] 
[1.930s] 
[1.930s] CMake Warning at /home/nikhil/ros2_dashing/ros2-linux/share/rmw_connext_shared_cpp/cmake/ament_cmake_export_include_directories-extras.cmake:11 (message):
[1.930s]   Package 'rmw_connext_shared_cpp' exports the include directory
[1.931s]   '/opt/rti.com/rti_connext_dds-5.3.1/include/ndds' which doesn't exist
[1.931s] Call Stack (most recent call first):
[1.931s]   /home/nikhil/ros2_dashing/ros2-linux/share/rmw_connext_shared_cpp/cmake/rmw_connext_shared_cppConfig.cmake:38 (include)
[1.931s]   /home/nikhil/ros2_dashing/ros2-linux/share/rmw_connext_cpp/cmake/ament_cmake_export_dependencies-extras.cmake:21 (find_package)
[1.931s]   /home/nikhil/ros2_dashing/ros2-linux/share/rmw_connext_cpp/cmake/rmw_connext_cppConfig.cmake:38 (include)
[1.931s]   /home/nikhil/ros2_dashing/ros2-linux/share/rmw_implementation_cmake/cmake/call_for_each_rmw_implementation.cmake:61 (find_package)
[1.931s]   /home/nikhil/ros2_dashing/ros2-linux/share/rosidl_generator_py/cmake/rosidl_generator_py_get_typesupports.cmake:26 (call_for_each_rmw_implementation)
[1.931s]   /home/nikhil/ros2_dashing/ros2-linux/share/rosidl_generator_py/cmake/rosidl_generator_py_generate_interfaces.cmake:27 (rosidl_generator_py_get_typesupports)
[1.932s]   /home/nikhil/ros2_dashing/ros2-linux/share/ament_cmake_core/cmake/core/ament_execute_extensions.cmake:48 (include)
[1.932s]   /home/nikhil/ros2_dashing/ros2-linux/share/rosidl_cmake/cmake/rosidl_generate_interfaces.cmake:286 (ament_execute_extensions)
[1.932s]   CMakeLists.txt:35 (rosidl_generate_interfaces)
[1.932s] 
[1.932s] 
[1.932s] CMake Warning at /home/nikhil/ros2_dashing/ros2-linux/share/rmw_connext_shared_cpp/cmake/ament_cmake_export_libraries-extras.cmake:62 (message):
[1.932s]   Package 'rmw_connext_shared_cpp' exports the library
[1.932s]   '/opt/rti.com/rti_connext_dds-5.3.1/lib/x64Linux3gcc5.4.0/libnddsc.so'
[1.932s]   which doesn't exist
[1.932s] Call Stack (most recent call first):
[1.933s]   /home/nikhil/ros2_dashing/ros2-linux/share/rmw_connext_shared_cpp/cmake/rmw_connext_shared_cppConfig.cmake:38 (include)
[1.933s]   /home/nikhil/ros2_dashing/ros2-linux/share/rmw_connext_cpp/cmake/ament_cmake_export_dependencies-extras.cmake:21 (find_package)
[1.933s]   /home/nikhil/ros2_dashing/ros2-linux/share/rmw_connext_cpp/cmake/rmw_connext_cppConfig.cmake:38 (include)
[1.933s]   /home/nikhil/ros2_dashing/ros2-linux/share/rmw_implementation_cmake/cmake/call_for_each_rmw_implementation.cmake:61 (find_package)
[1.933s]   /home/nikhil/ros2_dashing/ros2-linux/share/rosidl_generator_py/cmake/rosidl_generator_py_get_typesupports.cmake:26 (call_for_each_rmw_implementation)
[1.933s]   /home/nikhil/ros2_dashing/ros2-linux/share/rosidl_generator_py/cmake/rosidl_generator_py_generate_interfaces.cmake:27 (rosidl_generator_py_get_typesupports)
[1.933s]   /home/nikhil/ros2_dashing/ros2-linux/share/ament_cmake_core/cmake/core/ament_execute_extensions.cmake:48 (include)
[1.933s]   /home/nikhil/ros2_dashing/ros2-linux/share/rosidl_cmake/cmake/rosidl_generate_interfaces.cmake:286 (ament_execute_extensions)
[1.933s]   CMakeLists.txt:35 (rosidl_generate_interfaces)
[1.933s] 
[1.934s] 
[1.934s] CMake Warning at /home/nikhil/ros2_dashing/ros2-linux/share/rmw_connext_shared_cpp/cmake/ament_cmake_export_libraries-extras.cmake:62 (message):
[1.934s]   Package 'rmw_connext_shared_cpp' exports the library
[1.934s]   '/opt/rti.com/rti_connext_dds-5.3.1/lib/x64Linux3gcc5.4.0/libnddscore.so'
[1.934s]   which doesn't exist
[1.934s] Call Stack (most recent call first):
[1.934s]   /home/nikhil/ros2_dashing/ros2-linux/share/rmw_connext_shared_cpp/cmake/rmw_connext_shared_cppConfig.cmake:38 (include)
[1.934s]   /home/nikhil/ros2_dashing/ros2-linux/share/rmw_connext_cpp/cmake/ament_cmake_export_dependencies-extras.cmake:21 (find_package)
[1.935s]   /home/nikhil/ros2_dashing/ros2-linux/share/rmw_connext_cpp/cmake/rmw_connext_cppConfig.cmake:38 (include)
[1.935s]   /home/nikhil/ros2_dashing/ros2-linux/share/rmw_implementation_cmake/cmake/call_for_each_rmw_implementation.cmake:61 (find_package)
[1.935s]   /home/nikhil/ros2_dashing/ros2-linux/share/rosidl_generator_py/cmake/rosidl_generator_py_get_typesupports.cmake:26 (call_for_each_rmw_implementation)
[1.935s]   /home/nikhil/ros2_dashing/ros2-linux/share/rosidl_generator_py/cmake/rosidl_generator_py_generate_interfaces.cmake:27 (rosidl_generator_py_get_typesupports)
[1.935s]   /home/nikhil/ros2_dashing/ros2-linux/share/ament_cmake_core/cmake/core/ament_execute_extensions.cmake:48 (include)
[1.935s]   /home/nikhil/ros2_dashing/ros2-linux/share/rosidl_cmake/cmake/rosidl_generate_interfaces.cmake:286 (ament_execute_extensions)
[1.935s]   CMakeLists.txt:35 (rosidl_generate_interfaces)
[1.935s] 
[1.935s] 
[1.936s] CMake Warning at /home/nikhil/ros2_dashing/ros2-linux/share/rmw_connext_shared_cpp/cmake/ament_cmake_export_libraries-extras.cmake:62 (message):
[1.936s]   Package 'rmw_connext_shared_cpp' exports the library
[1.936s]   '/opt/rti.com/rti_connext_dds-5.3.1/lib/x64Linux3gcc5.4.0/libnddscpp.so'
[1.936s]   which doesn't exist
[1.936s] Call Stack (most recent call first):
[1.936s]   /home/nikhil/ros2_dashing/ros2-linux/share/rmw_connext_shared_cpp/cmake/rmw_connext_shared_cppConfig.cmake:38 (include)
[1.936s]   /home/nikhil/ros2_dashing/ros2-linux/share/rmw_connext_cpp/cmake/ament_cmake_export_dependencies-extras.cmake:21 (find_package)
[1.936s]   /home/nikhil/ros2_dashing/ros2-linux/share/rmw_connext_cpp/cmake/rmw_connext_cppConfig.cmake:38 (include)
[1.936s]   /home/nikhil/ros2_dashing/ros2-linux/share/rmw_implementation_cmake/cmake/call_for_each_rmw_implementation.cmake:61 (find_package)
[1.936s]   /home/nikhil/ros2_dashing/ros2-linux/share/rosidl_generator_py/cmake/rosidl_generator_py_get_typesupports.cmake:26 (call_for_each_rmw_implementation)
[1.936s]   /home/nikhil/ros2_dashing/ros2-linux/share/rosidl_generator_py/cmake/rosidl_generator_py_generate_interfaces.cmake:27 (rosidl_generator_py_get_typesupports)
[1.936s]   /home/nikhil/ros2_dashing/ros2-linux/share/ament_cmake_core/cmake/core/ament_execute_extensions.cmake:48 (include)
[1.936s]   /home/nikhil/ros2_dashing/ros2-linux/share/rosidl_cmake/cmake/rosidl_generate_interfaces.cmake:286 (ament_execute_extensions)
[1.936s]   CMakeLists.txt:35 (rosidl_generate_interfaces)
[1.937s] 
[1.937s] 
[1.937s] CMake Warning at /home/nikhil/ros2_dashing/ros2-linux/share/rmw_connext_shared_cpp/cmake/ament_cmake_export_libraries-extras.cmake:62 (message):
[1.937s]   Package 'rmw_connext_shared_cpp' exports the library
[1.937s]   '/opt/rti.com/rti_connext_dds-5.3.1/lib/x64Linux3gcc5.4.0/librticonnextmsgcpp.so'
[1.937s]   which doesn't exist
[1.937s] Call Stack (most recent call first):
[1.937s]   /home/nikhil/ros2_dashing/ros2-linux/share/rmw_connext_shared_cpp/cmake/rmw_connext_shared_cppConfig.cmake:38 (include)
[1.937s]   /home/nikhil/ros2_dashing/ros2-linux/share/rmw_connext_cpp/cmake/ament_cmake_export_dependencies-extras.cmake:21 (find_package)
[1.937s]   /home/nikhil/ros2_dashing/ros2-linux/share/rmw_connext_cpp/cmake/rmw_connext_cppConfig.cmake:38 (include)
[1.937s]   /home/nikhil/ros2_dashing/ros2-linux/share/rmw_implementation_cmake/cmake/call_for_each_rmw_implementation.cmake:61 (find_package)
[1.937s]   /home/nikhil/ros2_dashing/ros2-linux/share/rosidl_generator_py/cmake/rosidl_generator_py_get_typesupports.cmake:26 (call_for_each_rmw_implementation)
[1.938s]   /home/nikhil/ros2_dashing/ros2-linux/share/rosidl_generator_py/cmake/rosidl_generator_py_generate_interfaces.cmake:27 (rosidl_generator_py_get_typesupports)
[1.938s]   /home/nikhil/ros2_dashing/ros2-linux/share/ament_cmake_core/cmake/core/ament_execute_extensions.cmake:48 (include)
[1.938s]   /home/nikhil/ros2_dashing/ros2-linux/share/rosidl_cmake/cmake/rosidl_generate_interfaces.cmake:286 (ament_execute_extensions)
[1.938s]   CMakeLists.txt:35 (rosidl_generate_interfaces)
[1.938s] 
[1.938s] 
[1.938s] CMake Warning at /home/nikhil/ros2_dashing/ros2-linux/share/rmw_connext_shared_cpp/cmake/ament_cmake_export_libraries-extras.cmake:62 (message):
[1.938s]   Package 'rmw_connext_shared_cpp' exports the library
[1.938s]   '/opt/rti.com/rti_connext_dds-5.3.1/lib/x64Linux3gcc5.4.0/libnddscd.so'
[1.939s]   which doesn't exist
[1.939s] Call Stack (most recent call first):
[1.939s]   /home/nikhil/ros2_dashing/ros2-linux/share/rmw_connext_shared_cpp/cmake/rmw_connext_shared_cppConfig.cmake:38 (include)
[1.939s]   /home/nikhil/ros2_dashing/ros2-linux/share/rmw_connext_cpp/cmake/ament_cmake_export_dependencies-extras.cmake:21 (find_package)
[1.939s]   /home/nikhil/ros2_dashing/ros2-linux/share/rmw_connext_cpp/cmake/rmw_connext_cppConfig.cmake:38 (include)
[1.939s]   /home/nikhil/ros2_dashing/ros2-linux/share/rmw_implementation_cmake/cmake/call_for_each_rmw_implementation.cmake:61 (find_package)
[1.939s]   /home/nikhil/ros2_dashing/ros2-linux/share/rosidl_generator_py/cmake/rosidl_generator_py_get_typesupports.cmake:26 (call_for_each_rmw_implementation)
[1.939s]   /home/nikhil/ros2_dashing/ros2-linux/share/rosidl_generator_py/cmake/rosidl_generator_py_generate_interfaces.cmake:27 (rosidl_generator_py_get_typesupports)
[1.939s]   /home/nikhil/ros2_dashing/ros2-linux/share/ament_cmake_core/cmake/core/ament_execute_extensions.cmake:48 (include)
[1.940s]   /home/nikhil/ros2_dashing/ros2-linux/share/rosidl_cmake/cmake/rosidl_generate_interfaces.cmake:286 (ament_execute_extensions)
[1.940s]   CMakeLists.txt:35 (rosidl_generate_interfaces)
[1.940s] 
[1.940s] 
[1.940s] CMake Warning at /home/nikhil/ros2_dashing/ros2-linux/share/rmw_connext_shared_cpp/cmake/ament_cmake_export_libraries-extras.cmake:62 (message):
[1.940s]   Package 'rmw_connext_shared_cpp' exports the library
[1.940s]   '/opt/rti.com/rti_connext_dds-5.3.1/lib/x64Linux3gcc5.4.0/libnddscored.so'
[1.940s]   which doesn't exist
[1.941s] Call Stack (most recent call first):
[1.941s]   /home/nikhil/ros2_dashing/ros2-linux/share/rmw_connext_shared_cpp/cmake/rmw_connext_shared_cppConfig.cmake:38 (include)
[1.941s]   /home/nikhil/ros2_dashing/ros2-linux/share/rmw_connext_cpp/cmake/ament_cmake_export_dependencies-extras.cmake:21 (find_package)
[1.941s]   /home/nikhil/ros2_dashing/ros2-linux/share/rmw_connext_cpp/cmake/rmw_connext_cppConfig.cmake:38 (include)
[1.941s]   /home/nikhil/ros2_dashing/ros2-linux/share/rmw_implementation_cmake/cmake/call_for_each_rmw_implementation.cmake:61 (find_package)
[1.941s]   /home/nikhil/ros2_dashing/ros2-linux/share/rosidl_generator_py/cmake/rosidl_generator_py_get_typesupports.cmake:26 (call_for_each_rmw_implementation)
[1.941s]   /home/nikhil/ros2_dashing/ros2-linux/share/rosidl_generator_py/cmake/rosidl_generator_py_generate_interfaces.cmake:27 (rosidl_generator_py_get_typesupports)
[1.941s]   /home/nikhil/ros2_dashing/ros2-linux/share/ament_cmake_core/cmake/core/ament_execute_extensions.cmake:48 (include)
[1.942s]   /home/nikhil/ros2_dashing/ros2-linux/share/rosidl_cmake/cmake/rosidl_generate_interfaces.cmake:286 (ament_execute_extensions)
[1.942s]   CMakeLists.txt:35 (rosidl_generate_interfaces)
[1.942s] 
[1.942s] 
[1.942s] CMake Warning at /home/nikhil/ros2_dashing/ros2-linux/share/rmw_connext_shared_cpp/cmake/ament_cmake_export_libraries-extras.cmake:62 (message):
[1.942s]   Package 'rmw_connext_shared_cpp' exports the library
[1.942s]   '/opt/rti.com/rti_connext_dds-5.3.1/lib/x64Linux3gcc5.4.0/libnddscppd.so'
[1.942s]   which doesn't exist
[1.942s] Call Stack (most recent call first):
[1.943s]   /home/nikhil/ros2_dashing/ros2-linux/share/rmw_connext_shared_cpp/cmake/rmw_connext_shared_cppConfig.cmake:38 (include)
[1.943s]   /home/nikhil/ros2_dashing/ros2-linux/share/rmw_connext_cpp/cmake/ament_cmake_export_dependencies-extras.cmake:21 (find_package)
[1.943s]   /home/nikhil/ros2_dashing/ros2-linux/share/rmw_connext_cpp/cmake/rmw_connext_cppConfig.cmake:38 (include)
[1.943s]   /home/nikhil/ros2_dashing/ros2-linux/share/rmw_implementation_cmake/cmake/call_for_each_rmw_implementation.cmake:61 (find_package)
[1.943s]   /home/nikhil/ros2_dashing/ros2-linux/share/rosidl_generator_py/cmake/rosidl_generator_py_get_typesupports.cmake:26 (call_for_each_rmw_implementation)
[1.943s]   /home/nikhil/ros2_dashing/ros2-linux/share/rosidl_generator_py/cmake/rosidl_generator_py_generate_interfaces.cmake:27 (rosidl_generator_py_get_typesupports)
[1.943s]   /home/nikhil/ros2_dashing/ros2-linux/share/ament_cmake_core/cmake/core/ament_execute_extensions.cmake:48 (include)
[1.943s]   /home/nikhil/ros2_dashing/ros2-linux/share/rosidl_cmake/cmake/rosidl_generate_interfaces.cmake:286 (ament_execute_extensions)
[1.944s]   CMakeLists.txt:35 (rosidl_generate_interfaces)
[1.944s] 
[1.944s] 
[1.944s] CMake Warning at /home/nikhil/ros2_dashing/ros2-linux/share/rmw_connext_shared_cpp/cmake/ament_cmake_export_libraries-extras.cmake:62 (message):
[1.944s]   Package 'rmw_connext_shared_cpp' exports the library
[1.944s]   '/opt/rti.com/rti_connext_dds-5.3.1/lib/x64Linux3gcc5.4.0/librticonnextmsgcppd.so'
[1.944s]   which doesn't exist
[1.944s] Call Stack (most recent call first):
[1.944s]   /home/nikhil/ros2_dashing/ros2-linux/share/rmw_connext_shared_cpp/cmake/rmw_connext_shared_cppConfig.cmake:38 (include)
[1.945s]   /home/nikhil/ros2_dashing/ros2-linux/share/rmw_connext_cpp/cmake/ament_cmake_export_dependencies-extras.cmake:21 (find_package)
[1.945s]   /home/nikhil/ros2_dashing/ros2-linux/share/rmw_connext_cpp/cmake/rmw_connext_cppConfig.cmake:38 (include)
[1.945s]   /home/nikhil/ros2_dashing/ros2-linux/share/rmw_implementation_cmake/cmake/call_for_each_rmw_implementation.cmake:61 (find_package)
[1.945s]   /home/nikhil/ros2_dashing/ros2-linux/share/rosidl_generator_py/cmake/rosidl_generator_py_get_typesupports.cmake:26 (call_for_each_rmw_implementation)
[1.945s]   /home/nikhil/ros2_dashing/ros2-linux/share/rosidl_generator_py/cmake/rosidl_generator_py_generate_interfaces.cmake:27 (rosidl_generator_py_get_typesupports)
[1.945s]   /home/nikhil/ros2_dashing/ros2-linux/share/ament_cmake_core/cmake/core/ament_execute_extensions.cmake:48 (include)
[1.945s]   /home/nikhil/ros2_dashing/ros2-linux/share/rosidl_cmake/cmake/rosidl_generate_interfaces.cmake:286 (ament_execute_extensions)
[1.945s]   CMakeLists.txt:35 (rosidl_generate_interfaces)
[1.945s] 
[1.946s] 
