[0.024s] Invoking command in '/home/nikhil/nourish_ws/build/nourish_scale_msgs': /usr/bin/cmake /home/nikhil/nourish_ws/src/ros2-nourish-common-messages/nourish_scale_msgs -DCMAKE_INSTALL_PREFIX=/home/nikhil/nourish_ws/install/nourish_scale_msgs
[0.108s] -- The C compiler identification is GNU 7.5.0
[0.189s] -- The CXX compiler identification is GNU 7.5.0
[0.193s] -- Check for working C compiler: /usr/bin/cc
[0.261s] -- Check for working C compiler: /usr/bin/cc -- works
[0.262s] -- Detecting C compiler ABI info
[0.324s] -- Detecting C compiler ABI info - done
[0.330s] -- Detecting C compile features
[0.533s] -- Detecting C compile features - done
[0.535s] -- Check for working CXX compiler: /usr/bin/c++
[0.615s] -- Check for working CXX compiler: /usr/bin/c++ -- works
[0.616s] -- Detecting CXX compiler ABI info
[0.704s] -- Detecting CXX compiler ABI info - done
[0.710s] -- Detecting CXX compile features
[1.039s] -- Detecting CXX compile features - done
[1.041s] -- Found ament_cmake: 0.7.4 (/home/nikhil/ros2_dashing/ros2-linux/share/ament_cmake/cmake)
[1.067s] -- Found PythonInterp: /usr/bin/python3 (found suitable version "3.6.9", minimum required is "3") 
[1.067s] -- Using PYTHON_EXECUTABLE: /usr/bin/python3
[1.272s] -- Found rosidl_default_generators: 0.7.0 (/home/nikhil/ros2_dashing/ros2-linux/share/rosidl_default_generators/cmake)
[1.303s] -- Could not find RTI Connext - skipping rosidl_typesupport_connext_c
[1.316s] -- Found rosidl_adapter: 0.7.9 (/home/nikhil/ros2_dashing/ros2-linux/share/rosidl_adapter/cmake)
[1.326s] -- Could not find RTI Connext - skipping rosidl_typesupport_connext_cpp
[1.403s] -- Found OpenSSL: /usr/lib/x86_64-linux-gnu/libcrypto.so (found version "1.1.1") 
[1.426s] -- Found FastRTPS: /home/nikhil/ros2_dashing/ros2-linux/include  
[1.481s] -- Could not find PrismTech OpenSplice - skipping rosidl_typesupport_opensplice_c
[1.484s] -- Could not find PrismTech OpenSplice - skipping rosidl_typesupport_opensplice_cpp
[1.539s] -- Found PythonInterp: /usr/bin/python3 (found version "3.6.9") 
[1.711s] -- Using all available rosidl_typesupport_c: rosidl_typesupport_connext_c;rosidl_typesupport_fastrtps_c;rosidl_typesupport_introspection_c;rosidl_typesupport_opensplice_c
[1.720s] -- Using all available rosidl_typesupport_cpp: rosidl_typesupport_connext_cpp;rosidl_typesupport_fastrtps_cpp;rosidl_typesupport_introspection_cpp;rosidl_typesupport_opensplice_cpp
[1.833s] -- Found rmw_implementation_cmake: 0.7.2 (/home/nikhil/ros2_dashing/ros2-linux/share/rmw_implementation_cmake/cmake)
[1.867s] -- Found PythonInterp: /usr/bin/python3 (found suitable version "3.6.9", minimum required is "3.5") 
[1.868s] -- Found python_cmake_module: 0.7.10 (/home/nikhil/ros2_dashing/ros2-linux/share/python_cmake_module/cmake)
[1.904s] -- Found PythonLibs: /usr/lib/x86_64-linux-gnu/libpython3.6m.so (found suitable version "3.6.9", minimum required is "3.5") 
[1.904s] -- Using PYTHON_EXECUTABLE: /usr/bin/python3
[1.904s] -- Using PYTHON_INCLUDE_DIRS: /usr/include/python3.6m
[1.904s] -- Using PYTHON_LIBRARIES: /usr/lib/x86_64-linux-gnu/libpython3.6m.so
[1.922s] -- Found PythonExtra: .so  
[1.924s] -- Could not find RTI Connext - skipping rmw_connext_cpp
[1.928s] CMake Warning at /home/nikhil/ros2_dashing/ros2-linux/share/rmw_connext_shared_cpp/cmake/ament_cmake_export_include_directories-extras.cmake:11 (message):
[1.928s]   Package 'rmw_connext_shared_cpp' exports the include directory
[1.928s]   '/opt/rti.com/rti_connext_dds-5.3.1/include' which doesn't exist
[1.929s] Call Stack (most recent call first):
[1.929s]   /home/nikhil/ros2_dashing/ros2-linux/share/rmw_connext_shared_cpp/cmake/rmw_connext_shared_cppConfig.cmake:38 (include)
[1.929s]   /home/nikhil/ros2_dashing/ros2-linux/share/rmw_connext_cpp/cmake/ament_cmake_export_dependencies-extras.cmake:21 (find_package)
[1.929s]   /home/nikhil/ros2_dashing/ros2-linux/share/rmw_connext_cpp/cmake/rmw_connext_cppConfig.cmake:38 (include)
[1.929s]   /home/nikhil/ros2_dashing/ros2-linux/share/rmw_implementation_cmake/cmake/call_for_each_rmw_implementation.cmake:61 (find_package)
[1.929s]   /home/nikhil/ros2_dashing/ros2-linux/share/rosidl_generator_py/cmake/rosidl_generator_py_get_typesupports.cmake:26 (call_for_each_rmw_implementation)
[1.929s]   /home/nikhil/ros2_dashing/ros2-linux/share/rosidl_generator_py/cmake/rosidl_generator_py_generate_interfaces.cmake:27 (rosidl_generator_py_get_typesupports)
[1.929s]   /home/nikhil/ros2_dashing/ros2-linux/share/ament_cmake_core/cmake/core/ament_execute_extensions.cmake:48 (include)
[1.929s]   /home/nikhil/ros2_dashing/ros2-linux/share/rosidl_cmake/cmake/rosidl_generate_interfaces.cmake:286 (ament_execute_extensions)
[1.930s]   CMakeLists.txt:35 (rosidl_generate_interfaces)
[1.930s] 
[1.930s] 
[1.930s] CMake Warning at /home/nikhil/ros2_dashing/ros2-linux/share/rmw_connext_shared_cpp/cmake/ament_cmake_export_include_directories-extras.cmake:11 (message):
[1.930s]   Package 'rmw_connext_shared_cpp' exports the include directory
[1.931s]   '/opt/rti.com/rti_connext_dds-5.3.1/include/ndds' which doesn't exist
[1.931s] Call Stack (most recent call first):
[1.931s]   /home/nikhil/ros2_dashing/ros2-linux/share/rmw_connext_shared_cpp/cmake/rmw_connext_shared_cppConfig.cmake:38 (include)
[1.931s]   /home/nikhil/ros2_dashing/ros2-linux/share/rmw_connext_cpp/cmake/ament_cmake_export_dependencies-extras.cmake:21 (find_package)
[1.931s]   /home/nikhil/ros2_dashing/ros2-linux/share/rmw_connext_cpp/cmake/rmw_connext_cppConfig.cmake:38 (include)
[1.931s]   /home/nikhil/ros2_dashing/ros2-linux/share/rmw_implementation_cmake/cmake/call_for_each_rmw_implementation.cmake:61 (find_package)
[1.931s]   /home/nikhil/ros2_dashing/ros2-linux/share/rosidl_generator_py/cmake/rosidl_generator_py_get_typesupports.cmake:26 (call_for_each_rmw_implementation)
[1.931s]   /home/nikhil/ros2_dashing/ros2-linux/share/rosidl_generator_py/cmake/rosidl_generator_py_generate_interfaces.cmake:27 (rosidl_generator_py_get_typesupports)
[1.932s]   /home/nikhil/ros2_dashing/ros2-linux/share/ament_cmake_core/cmake/core/ament_execute_extensions.cmake:48 (include)
[1.932s]   /home/nikhil/ros2_dashing/ros2-linux/share/rosidl_cmake/cmake/rosidl_generate_interfaces.cmake:286 (ament_execute_extensions)
[1.932s]   CMakeLists.txt:35 (rosidl_generate_interfaces)
[1.932s] 
[1.932s] 
[1.932s] CMake Warning at /home/nikhil/ros2_dashing/ros2-linux/share/rmw_connext_shared_cpp/cmake/ament_cmake_export_libraries-extras.cmake:62 (message):
[1.932s]   Package 'rmw_connext_shared_cpp' exports the library
[1.932s]   '/opt/rti.com/rti_connext_dds-5.3.1/lib/x64Linux3gcc5.4.0/libnddsc.so'
[1.932s]   which doesn't exist
[1.932s] Call Stack (most recent call first):
[1.933s]   /home/nikhil/ros2_dashing/ros2-linux/share/rmw_connext_shared_cpp/cmake/rmw_connext_shared_cppConfig.cmake:38 (include)
[1.933s]   /home/nikhil/ros2_dashing/ros2-linux/share/rmw_connext_cpp/cmake/ament_cmake_export_dependencies-extras.cmake:21 (find_package)
[1.933s]   /home/nikhil/ros2_dashing/ros2-linux/share/rmw_connext_cpp/cmake/rmw_connext_cppConfig.cmake:38 (include)
[1.933s]   /home/nikhil/ros2_dashing/ros2-linux/share/rmw_implementation_cmake/cmake/call_for_each_rmw_implementation.cmake:61 (find_package)
[1.933s]   /home/nikhil/ros2_dashing/ros2-linux/share/rosidl_generator_py/cmake/rosidl_generator_py_get_typesupports.cmake:26 (call_for_each_rmw_implementation)
[1.933s]   /home/nikhil/ros2_dashing/ros2-linux/share/rosidl_generator_py/cmake/rosidl_generator_py_generate_interfaces.cmake:27 (rosidl_generator_py_get_typesupports)
[1.933s]   /home/nikhil/ros2_dashing/ros2-linux/share/ament_cmake_core/cmake/core/ament_execute_extensions.cmake:48 (include)
[1.933s]   /home/nikhil/ros2_dashing/ros2-linux/share/rosidl_cmake/cmake/rosidl_generate_interfaces.cmake:286 (ament_execute_extensions)
[1.933s]   CMakeLists.txt:35 (rosidl_generate_interfaces)
[1.933s] 
[1.934s] 
[1.934s] CMake Warning at /home/nikhil/ros2_dashing/ros2-linux/share/rmw_connext_shared_cpp/cmake/ament_cmake_export_libraries-extras.cmake:62 (message):
[1.934s]   Package 'rmw_connext_shared_cpp' exports the library
[1.934s]   '/opt/rti.com/rti_connext_dds-5.3.1/lib/x64Linux3gcc5.4.0/libnddscore.so'
[1.934s]   which doesn't exist
[1.934s] Call Stack (most recent call first):
[1.934s]   /home/nikhil/ros2_dashing/ros2-linux/share/rmw_connext_shared_cpp/cmake/rmw_connext_shared_cppConfig.cmake:38 (include)
[1.934s]   /home/nikhil/ros2_dashing/ros2-linux/share/rmw_connext_cpp/cmake/ament_cmake_export_dependencies-extras.cmake:21 (find_package)
[1.935s]   /home/nikhil/ros2_dashing/ros2-linux/share/rmw_connext_cpp/cmake/rmw_connext_cppConfig.cmake:38 (include)
[1.935s]   /home/nikhil/ros2_dashing/ros2-linux/share/rmw_implementation_cmake/cmake/call_for_each_rmw_implementation.cmake:61 (find_package)
[1.935s]   /home/nikhil/ros2_dashing/ros2-linux/share/rosidl_generator_py/cmake/rosidl_generator_py_get_typesupports.cmake:26 (call_for_each_rmw_implementation)
[1.935s]   /home/nikhil/ros2_dashing/ros2-linux/share/rosidl_generator_py/cmake/rosidl_generator_py_generate_interfaces.cmake:27 (rosidl_generator_py_get_typesupports)
[1.935s]   /home/nikhil/ros2_dashing/ros2-linux/share/ament_cmake_core/cmake/core/ament_execute_extensions.cmake:48 (include)
[1.935s]   /home/nikhil/ros2_dashing/ros2-linux/share/rosidl_cmake/cmake/rosidl_generate_interfaces.cmake:286 (ament_execute_extensions)
[1.935s]   CMakeLists.txt:35 (rosidl_generate_interfaces)
[1.935s] 
[1.935s] 
[1.936s] CMake Warning at /home/nikhil/ros2_dashing/ros2-linux/share/rmw_connext_shared_cpp/cmake/ament_cmake_export_libraries-extras.cmake:62 (message):
[1.936s]   Package 'rmw_connext_shared_cpp' exports the library
[1.936s]   '/opt/rti.com/rti_connext_dds-5.3.1/lib/x64Linux3gcc5.4.0/libnddscpp.so'
[1.936s]   which doesn't exist
[1.936s] Call Stack (most recent call first):
[1.936s]   /home/nikhil/ros2_dashing/ros2-linux/share/rmw_connext_shared_cpp/cmake/rmw_connext_shared_cppConfig.cmake:38 (include)
[1.936s]   /home/nikhil/ros2_dashing/ros2-linux/share/rmw_connext_cpp/cmake/ament_cmake_export_dependencies-extras.cmake:21 (find_package)
[1.936s]   /home/nikhil/ros2_dashing/ros2-linux/share/rmw_connext_cpp/cmake/rmw_connext_cppConfig.cmake:38 (include)
[1.936s]   /home/nikhil/ros2_dashing/ros2-linux/share/rmw_implementation_cmake/cmake/call_for_each_rmw_implementation.cmake:61 (find_package)
[1.936s]   /home/nikhil/ros2_dashing/ros2-linux/share/rosidl_generator_py/cmake/rosidl_generator_py_get_typesupports.cmake:26 (call_for_each_rmw_implementation)
[1.936s]   /home/nikhil/ros2_dashing/ros2-linux/share/rosidl_generator_py/cmake/rosidl_generator_py_generate_interfaces.cmake:27 (rosidl_generator_py_get_typesupports)
[1.936s]   /home/nikhil/ros2_dashing/ros2-linux/share/ament_cmake_core/cmake/core/ament_execute_extensions.cmake:48 (include)
[1.936s]   /home/nikhil/ros2_dashing/ros2-linux/share/rosidl_cmake/cmake/rosidl_generate_interfaces.cmake:286 (ament_execute_extensions)
[1.936s]   CMakeLists.txt:35 (rosidl_generate_interfaces)
[1.937s] 
[1.937s] 
[1.937s] CMake Warning at /home/nikhil/ros2_dashing/ros2-linux/share/rmw_connext_shared_cpp/cmake/ament_cmake_export_libraries-extras.cmake:62 (message):
[1.937s]   Package 'rmw_connext_shared_cpp' exports the library
[1.937s]   '/opt/rti.com/rti_connext_dds-5.3.1/lib/x64Linux3gcc5.4.0/librticonnextmsgcpp.so'
[1.937s]   which doesn't exist
[1.937s] Call Stack (most recent call first):
[1.937s]   /home/nikhil/ros2_dashing/ros2-linux/share/rmw_connext_shared_cpp/cmake/rmw_connext_shared_cppConfig.cmake:38 (include)
[1.937s]   /home/nikhil/ros2_dashing/ros2-linux/share/rmw_connext_cpp/cmake/ament_cmake_export_dependencies-extras.cmake:21 (find_package)
[1.937s]   /home/nikhil/ros2_dashing/ros2-linux/share/rmw_connext_cpp/cmake/rmw_connext_cppConfig.cmake:38 (include)
[1.937s]   /home/nikhil/ros2_dashing/ros2-linux/share/rmw_implementation_cmake/cmake/call_for_each_rmw_implementation.cmake:61 (find_package)
[1.937s]   /home/nikhil/ros2_dashing/ros2-linux/share/rosidl_generator_py/cmake/rosidl_generator_py_get_typesupports.cmake:26 (call_for_each_rmw_implementation)
[1.938s]   /home/nikhil/ros2_dashing/ros2-linux/share/rosidl_generator_py/cmake/rosidl_generator_py_generate_interfaces.cmake:27 (rosidl_generator_py_get_typesupports)
[1.938s]   /home/nikhil/ros2_dashing/ros2-linux/share/ament_cmake_core/cmake/core/ament_execute_extensions.cmake:48 (include)
[1.938s]   /home/nikhil/ros2_dashing/ros2-linux/share/rosidl_cmake/cmake/rosidl_generate_interfaces.cmake:286 (ament_execute_extensions)
[1.938s]   CMakeLists.txt:35 (rosidl_generate_interfaces)
[1.938s] 
[1.938s] 
[1.938s] CMake Warning at /home/nikhil/ros2_dashing/ros2-linux/share/rmw_connext_shared_cpp/cmake/ament_cmake_export_libraries-extras.cmake:62 (message):
[1.938s]   Package 'rmw_connext_shared_cpp' exports the library
[1.938s]   '/opt/rti.com/rti_connext_dds-5.3.1/lib/x64Linux3gcc5.4.0/libnddscd.so'
[1.939s]   which doesn't exist
[1.939s] Call Stack (most recent call first):
[1.939s]   /home/nikhil/ros2_dashing/ros2-linux/share/rmw_connext_shared_cpp/cmake/rmw_connext_shared_cppConfig.cmake:38 (include)
[1.939s]   /home/nikhil/ros2_dashing/ros2-linux/share/rmw_connext_cpp/cmake/ament_cmake_export_dependencies-extras.cmake:21 (find_package)
[1.939s]   /home/nikhil/ros2_dashing/ros2-linux/share/rmw_connext_cpp/cmake/rmw_connext_cppConfig.cmake:38 (include)
[1.939s]   /home/nikhil/ros2_dashing/ros2-linux/share/rmw_implementation_cmake/cmake/call_for_each_rmw_implementation.cmake:61 (find_package)
[1.939s]   /home/nikhil/ros2_dashing/ros2-linux/share/rosidl_generator_py/cmake/rosidl_generator_py_get_typesupports.cmake:26 (call_for_each_rmw_implementation)
[1.939s]   /home/nikhil/ros2_dashing/ros2-linux/share/rosidl_generator_py/cmake/rosidl_generator_py_generate_interfaces.cmake:27 (rosidl_generator_py_get_typesupports)
[1.939s]   /home/nikhil/ros2_dashing/ros2-linux/share/ament_cmake_core/cmake/core/ament_execute_extensions.cmake:48 (include)
[1.940s]   /home/nikhil/ros2_dashing/ros2-linux/share/rosidl_cmake/cmake/rosidl_generate_interfaces.cmake:286 (ament_execute_extensions)
[1.940s]   CMakeLists.txt:35 (rosidl_generate_interfaces)
[1.940s] 
[1.940s] 
[1.940s] CMake Warning at /home/nikhil/ros2_dashing/ros2-linux/share/rmw_connext_shared_cpp/cmake/ament_cmake_export_libraries-extras.cmake:62 (message):
[1.940s]   Package 'rmw_connext_shared_cpp' exports the library
[1.940s]   '/opt/rti.com/rti_connext_dds-5.3.1/lib/x64Linux3gcc5.4.0/libnddscored.so'
[1.940s]   which doesn't exist
[1.941s] Call Stack (most recent call first):
[1.941s]   /home/nikhil/ros2_dashing/ros2-linux/share/rmw_connext_shared_cpp/cmake/rmw_connext_shared_cppConfig.cmake:38 (include)
[1.941s]   /home/nikhil/ros2_dashing/ros2-linux/share/rmw_connext_cpp/cmake/ament_cmake_export_dependencies-extras.cmake:21 (find_package)
[1.941s]   /home/nikhil/ros2_dashing/ros2-linux/share/rmw_connext_cpp/cmake/rmw_connext_cppConfig.cmake:38 (include)
[1.941s]   /home/nikhil/ros2_dashing/ros2-linux/share/rmw_implementation_cmake/cmake/call_for_each_rmw_implementation.cmake:61 (find_package)
[1.941s]   /home/nikhil/ros2_dashing/ros2-linux/share/rosidl_generator_py/cmake/rosidl_generator_py_get_typesupports.cmake:26 (call_for_each_rmw_implementation)
[1.941s]   /home/nikhil/ros2_dashing/ros2-linux/share/rosidl_generator_py/cmake/rosidl_generator_py_generate_interfaces.cmake:27 (rosidl_generator_py_get_typesupports)
[1.941s]   /home/nikhil/ros2_dashing/ros2-linux/share/ament_cmake_core/cmake/core/ament_execute_extensions.cmake:48 (include)
[1.942s]   /home/nikhil/ros2_dashing/ros2-linux/share/rosidl_cmake/cmake/rosidl_generate_interfaces.cmake:286 (ament_execute_extensions)
[1.942s]   CMakeLists.txt:35 (rosidl_generate_interfaces)
[1.942s] 
[1.942s] 
[1.942s] CMake Warning at /home/nikhil/ros2_dashing/ros2-linux/share/rmw_connext_shared_cpp/cmake/ament_cmake_export_libraries-extras.cmake:62 (message):
[1.942s]   Package 'rmw_connext_shared_cpp' exports the library
[1.942s]   '/opt/rti.com/rti_connext_dds-5.3.1/lib/x64Linux3gcc5.4.0/libnddscppd.so'
[1.942s]   which doesn't exist
[1.942s] Call Stack (most recent call first):
[1.943s]   /home/nikhil/ros2_dashing/ros2-linux/share/rmw_connext_shared_cpp/cmake/rmw_connext_shared_cppConfig.cmake:38 (include)
[1.943s]   /home/nikhil/ros2_dashing/ros2-linux/share/rmw_connext_cpp/cmake/ament_cmake_export_dependencies-extras.cmake:21 (find_package)
[1.943s]   /home/nikhil/ros2_dashing/ros2-linux/share/rmw_connext_cpp/cmake/rmw_connext_cppConfig.cmake:38 (include)
[1.943s]   /home/nikhil/ros2_dashing/ros2-linux/share/rmw_implementation_cmake/cmake/call_for_each_rmw_implementation.cmake:61 (find_package)
[1.943s]   /home/nikhil/ros2_dashing/ros2-linux/share/rosidl_generator_py/cmake/rosidl_generator_py_get_typesupports.cmake:26 (call_for_each_rmw_implementation)
[1.943s]   /home/nikhil/ros2_dashing/ros2-linux/share/rosidl_generator_py/cmake/rosidl_generator_py_generate_interfaces.cmake:27 (rosidl_generator_py_get_typesupports)
[1.943s]   /home/nikhil/ros2_dashing/ros2-linux/share/ament_cmake_core/cmake/core/ament_execute_extensions.cmake:48 (include)
[1.943s]   /home/nikhil/ros2_dashing/ros2-linux/share/rosidl_cmake/cmake/rosidl_generate_interfaces.cmake:286 (ament_execute_extensions)
[1.944s]   CMakeLists.txt:35 (rosidl_generate_interfaces)
[1.944s] 
[1.944s] 
[1.944s] CMake Warning at /home/nikhil/ros2_dashing/ros2-linux/share/rmw_connext_shared_cpp/cmake/ament_cmake_export_libraries-extras.cmake:62 (message):
[1.944s]   Package 'rmw_connext_shared_cpp' exports the library
[1.944s]   '/opt/rti.com/rti_connext_dds-5.3.1/lib/x64Linux3gcc5.4.0/librticonnextmsgcppd.so'
[1.944s]   which doesn't exist
[1.944s] Call Stack (most recent call first):
[1.944s]   /home/nikhil/ros2_dashing/ros2-linux/share/rmw_connext_shared_cpp/cmake/rmw_connext_shared_cppConfig.cmake:38 (include)
[1.945s]   /home/nikhil/ros2_dashing/ros2-linux/share/rmw_connext_cpp/cmake/ament_cmake_export_dependencies-extras.cmake:21 (find_package)
[1.945s]   /home/nikhil/ros2_dashing/ros2-linux/share/rmw_connext_cpp/cmake/rmw_connext_cppConfig.cmake:38 (include)
[1.945s]   /home/nikhil/ros2_dashing/ros2-linux/share/rmw_implementation_cmake/cmake/call_for_each_rmw_implementation.cmake:61 (find_package)
[1.945s]   /home/nikhil/ros2_dashing/ros2-linux/share/rosidl_generator_py/cmake/rosidl_generator_py_get_typesupports.cmake:26 (call_for_each_rmw_implementation)
[1.945s]   /home/nikhil/ros2_dashing/ros2-linux/share/rosidl_generator_py/cmake/rosidl_generator_py_generate_interfaces.cmake:27 (rosidl_generator_py_get_typesupports)
[1.945s]   /home/nikhil/ros2_dashing/ros2-linux/share/ament_cmake_core/cmake/core/ament_execute_extensions.cmake:48 (include)
[1.945s]   /home/nikhil/ros2_dashing/ros2-linux/share/rosidl_cmake/cmake/rosidl_generate_interfaces.cmake:286 (ament_execute_extensions)
[1.945s]   CMakeLists.txt:35 (rosidl_generate_interfaces)
[1.945s] 
[1.946s] 
[2.044s] -- Could not find PrismTech OpenSplice - skipping rmw_opensplice_cpp
[2.095s] -- Found ament_lint_auto: 0.7.11 (/home/nikhil/ros2_dashing/ros2-linux/share/ament_lint_auto/cmake)
[2.120s] -- Added test 'lint_cmake' to check CMake code style
[2.121s] -- Added test 'xmllint' to check XML markup files
[2.126s] -- Configuring done
[2.181s] -- Generating done
[2.187s] -- Build files have been written to: /home/nikhil/nourish_ws/build/nourish_scale_msgs
[2.194s] Invoked command in '/home/nikhil/nourish_ws/build/nourish_scale_msgs' returned '0': /usr/bin/cmake /home/nikhil/nourish_ws/src/ros2-nourish-common-messages/nourish_scale_msgs -DCMAKE_INSTALL_PREFIX=/home/nikhil/nourish_ws/install/nourish_scale_msgs
[2.197s] Invoking command in '/home/nikhil/nourish_ws/build/nourish_scale_msgs': /usr/bin/cmake --build /home/nikhil/nourish_ws/build/nourish_scale_msgs -- -j12 -l12
[2.246s] [  2%] [34m[1mGenerating C code for ROS interfaces[0m
[2.250s] [35m[1mScanning dependencies of target nourish_scale_msgs__cpp[0m
[2.267s] [  5%] [34m[1mGenerating C++ code for ROS interfaces[0m
[2.672s] [35m[1mScanning dependencies of target nourish_scale_msgs__rosidl_generator_c[0m
[2.691s] [  7%] [32mBuilding C object CMakeFiles/nourish_scale_msgs__rosidl_generator_c.dir/rosidl_generator_c/nourish_scale_msgs/msg/response__functions.c.o[0m
[2.694s] [ 10%] [32mBuilding C object CMakeFiles/nourish_scale_msgs__rosidl_generator_c.dir/rosidl_generator_c/nourish_scale_msgs/srv/tare__functions.c.o[0m
[2.751s] [ 10%] Built target nourish_scale_msgs__cpp
[2.762s] [ 12%] [32m[1mLinking C shared library libnourish_scale_msgs__rosidl_generator_c.so[0m
[2.776s] [ 15%] [34m[1mGenerating C++ type support dispatch for ROS interfaces[0m
[2.776s] [ 17%] [34m[1mGenerating C++ introspection for ROS interfaces[0m
[2.779s] [ 20%] [34m[1mGenerating C++ type support for eProsima Fast-RTPS[0m
[2.931s] [ 20%] Built target nourish_scale_msgs__rosidl_generator_c
[3.008s] [ 23%] [34m[1mGenerating C type support dispatch for ROS interfaces[0m
[3.016s] [ 25%] [34m[1mGenerating C introspection for ROS interfaces[0m
[3.419s] [35m[1mScanning dependencies of target nourish_scale_msgs__rosidl_typesupport_cpp[0m
[3.457s] [35m[1mScanning dependencies of target nourish_scale_msgs__rosidl_typesupport_introspection_cpp[0m
[3.481s] [35m[1mScanning dependencies of target nourish_scale_msgs__rosidl_typesupport_fastrtps_cpp[0m
[3.507s] [ 28%] [32mBuilding CXX object CMakeFiles/nourish_scale_msgs__rosidl_typesupport_cpp.dir/rosidl_typesupport_cpp/nourish_scale_msgs/msg/response__type_support.cpp.o[0m
[3.508s] [ 30%] [32mBuilding CXX object CMakeFiles/nourish_scale_msgs__rosidl_typesupport_cpp.dir/rosidl_typesupport_cpp/nourish_scale_msgs/srv/tare__type_support.cpp.o[0m
[3.520s] [ 33%] [32mBuilding CXX object CMakeFiles/nourish_scale_msgs__rosidl_typesupport_introspection_cpp.dir/rosidl_typesupport_introspection_cpp/nourish_scale_msgs/msg/response__type_support.cpp.o[0m
[3.532s] [ 35%] [32mBuilding CXX object CMakeFiles/nourish_scale_msgs__rosidl_typesupport_introspection_cpp.dir/rosidl_typesupport_introspection_cpp/nourish_scale_msgs/srv/tare__type_support.cpp.o[0m
[3.630s] [ 38%] [32mBuilding CXX object CMakeFiles/nourish_scale_msgs__rosidl_typesupport_fastrtps_cpp.dir/rosidl_typesupport_fastrtps_cpp/nourish_scale_msgs/srv/dds_fastrtps/tare__type_support.cpp.o[0m
[3.655s] [ 41%] [32mBuilding CXX object CMakeFiles/nourish_scale_msgs__rosidl_typesupport_fastrtps_cpp.dir/rosidl_typesupport_fastrtps_cpp/nourish_scale_msgs/msg/dds_fastrtps/response__type_support.cpp.o[0m
[3.750s] [35m[1mScanning dependencies of target nourish_scale_msgs__rosidl_typesupport_c[0m
[3.837s] [ 43%] [32mBuilding CXX object CMakeFiles/nourish_scale_msgs__rosidl_typesupport_c.dir/rosidl_typesupport_c/nourish_scale_msgs/srv/tare__type_support.cpp.o[0m
[3.858s] [ 46%] [32mBuilding CXX object CMakeFiles/nourish_scale_msgs__rosidl_typesupport_c.dir/rosidl_typesupport_c/nourish_scale_msgs/msg/response__type_support.cpp.o[0m
[3.865s] [35m[1mScanning dependencies of target nourish_scale_msgs__rosidl_typesupport_introspection_c[0m
[3.938s] [ 48%] [32mBuilding C object CMakeFiles/nourish_scale_msgs__rosidl_typesupport_introspection_c.dir/rosidl_typesupport_introspection_c/nourish_scale_msgs/msg/response__type_support.c.o[0m
[4.008s] [ 51%] [32mBuilding C object CMakeFiles/nourish_scale_msgs__rosidl_typesupport_introspection_c.dir/rosidl_typesupport_introspection_c/nourish_scale_msgs/srv/tare__type_support.c.o[0m
[4.107s] [ 53%] [32m[1mLinking CXX shared library libnourish_scale_msgs__rosidl_typesupport_c.so[0m
[4.165s] [ 56%] [32m[1mLinking CXX shared library libnourish_scale_msgs__rosidl_typesupport_introspection_cpp.so[0m
[4.205s] [ 58%] [32m[1mLinking C shared library libnourish_scale_msgs__rosidl_typesupport_introspection_c.so[0m
[4.212s] [ 61%] [32m[1mLinking CXX shared library libnourish_scale_msgs__rosidl_typesupport_cpp.so[0m
[4.254s] [ 61%] Built target nourish_scale_msgs__rosidl_typesupport_c
[4.269s] [ 61%] Built target nourish_scale_msgs__rosidl_typesupport_introspection_cpp
[4.290s] [ 61%] Built target nourish_scale_msgs__rosidl_typesupport_introspection_c
[4.311s] [ 61%] Built target nourish_scale_msgs__rosidl_typesupport_cpp
[4.411s] [ 64%] [32m[1mLinking CXX shared library libnourish_scale_msgs__rosidl_typesupport_fastrtps_cpp.so[0m
[4.537s] [ 64%] Built target nourish_scale_msgs__rosidl_typesupport_fastrtps_cpp
[4.554s] [ 66%] [34m[1mGenerating C type support for eProsima Fast-RTPS[0m
[5.210s] [35m[1mScanning dependencies of target nourish_scale_msgs__rosidl_typesupport_fastrtps_c[0m
[5.326s] [ 69%] [32mBuilding CXX object CMakeFiles/nourish_scale_msgs__rosidl_typesupport_fastrtps_c.dir/rosidl_typesupport_fastrtps_c/nourish_scale_msgs/srv/tare__type_support_c.cpp.o[0m
[5.358s] [ 71%] [32mBuilding CXX object CMakeFiles/nourish_scale_msgs__rosidl_typesupport_fastrtps_c.dir/rosidl_typesupport_fastrtps_c/nourish_scale_msgs/msg/response__type_support_c.cpp.o[0m
[6.084s] [ 74%] [32m[1mLinking CXX shared library libnourish_scale_msgs__rosidl_typesupport_fastrtps_c.so[0m
[6.343s] [ 74%] Built target nourish_scale_msgs__rosidl_typesupport_fastrtps_c
[6.394s] [35m[1mScanning dependencies of target nourish_scale_msgs[0m
[6.416s] [ 74%] Built target nourish_scale_msgs
[6.435s] [35m[1mScanning dependencies of target nourish_scale_msgs__py[0m
[6.453s] [ 76%] [34m[1mGenerating Python code for ROS interfaces[0m
[7.346s] [ 76%] Built target nourish_scale_msgs__py
[7.359s] [35m[1mScanning dependencies of target nourish_scale_msgs__python[0m
[7.401s] [ 79%] [32mBuilding C object CMakeFiles/nourish_scale_msgs__python.dir/rosidl_generator_py/nourish_scale_msgs/msg/_response_s.c.o[0m
[7.401s] [ 82%] [32mBuilding C object CMakeFiles/nourish_scale_msgs__python.dir/rosidl_generator_py/nourish_scale_msgs/srv/_tare_s.c.o[0m
[7.529s] [ 84%] [32m[1mLinking C shared library rosidl_generator_py/nourish_scale_msgs/libnourish_scale_msgs__python.so[0m
[7.572s] [ 84%] Built target nourish_scale_msgs__python
[7.586s] [35m[1mScanning dependencies of target nourish_scale_msgs__rosidl_typesupport_fastrtps_c__pyext[0m
[7.589s] [35m[1mScanning dependencies of target nourish_scale_msgs__rosidl_typesupport_introspection_c__pyext[0m
[7.590s] [35m[1mScanning dependencies of target nourish_scale_msgs__rosidl_typesupport_c__pyext[0m
[7.614s] [ 87%] [32mBuilding C object CMakeFiles/nourish_scale_msgs__rosidl_typesupport_fastrtps_c__pyext.dir/rosidl_generator_py/nourish_scale_msgs/_nourish_scale_msgs_s.ep.rosidl_typesupport_fastrtps_c.c.o[0m
[7.627s] [ 89%] [32mBuilding C object CMakeFiles/nourish_scale_msgs__rosidl_typesupport_introspection_c__pyext.dir/rosidl_generator_py/nourish_scale_msgs/_nourish_scale_msgs_s.ep.rosidl_typesupport_introspection_c.c.o[0m
[7.630s] [ 92%] [32mBuilding C object CMakeFiles/nourish_scale_msgs__rosidl_typesupport_c__pyext.dir/rosidl_generator_py/nourish_scale_msgs/_nourish_scale_msgs_s.ep.rosidl_typesupport_c.c.o[0m
[7.788s] [ 94%] [32m[1mLinking C shared library rosidl_generator_py/nourish_scale_msgs/nourish_scale_msgs_s__rosidl_typesupport_introspection_c.cpython-36m-x86_64-linux-gnu.so[0m
[7.831s] [ 97%] [32m[1mLinking C shared library rosidl_generator_py/nourish_scale_msgs/nourish_scale_msgs_s__rosidl_typesupport_fastrtps_c.cpython-36m-x86_64-linux-gnu.so[0m
[7.840s] [100%] [32m[1mLinking C shared library rosidl_generator_py/nourish_scale_msgs/nourish_scale_msgs_s__rosidl_typesupport_c.cpython-36m-x86_64-linux-gnu.so[0m
[7.981s] [100%] Built target nourish_scale_msgs__rosidl_typesupport_introspection_c__pyext
[8.115s] [100%] Built target nourish_scale_msgs__rosidl_typesupport_c__pyext
[8.175s] [100%] Built target nourish_scale_msgs__rosidl_typesupport_fastrtps_c__pyext
[8.194s] Invoked command in '/home/nikhil/nourish_ws/build/nourish_scale_msgs' returned '0': /usr/bin/cmake --build /home/nikhil/nourish_ws/build/nourish_scale_msgs -- -j12 -l12
[9.103s] Invoking command in '/home/nikhil/nourish_ws/build/nourish_scale_msgs': /usr/bin/cmake --build /home/nikhil/nourish_ws/build/nourish_scale_msgs --target install -- -j12 -l12
[9.314s] [ 10%] Built target nourish_scale_msgs__rosidl_generator_c
[9.368s] [ 12%] Built target nourish_scale_msgs__cpp
[9.508s] [ 23%] Built target nourish_scale_msgs__rosidl_typesupport_introspection_c
[9.511s] [ 33%] Built target nourish_scale_msgs__rosidl_typesupport_c
[9.512s] [ 43%] Built target nourish_scale_msgs__rosidl_typesupport_cpp
[9.519s] [ 53%] Built target nourish_scale_msgs__rosidl_typesupport_fastrtps_cpp
[9.525s] [ 64%] Built target nourish_scale_msgs__rosidl_typesupport_introspection_cpp
[9.703s] [ 74%] Built target nourish_scale_msgs__rosidl_typesupport_fastrtps_c
[9.844s] [ 74%] Built target nourish_scale_msgs
[9.985s] [ 76%] Built target nourish_scale_msgs__py
[10.075s] [ 84%] Built target nourish_scale_msgs__python
[10.175s] [ 89%] Built target nourish_scale_msgs__rosidl_typesupport_introspection_c__pyext
[10.178s] [ 94%] Built target nourish_scale_msgs__rosidl_typesupport_fastrtps_c__pyext
[10.191s] [100%] Built target nourish_scale_msgs__rosidl_typesupport_c__pyext
[10.252s] [36mInstall the project...[0m
[10.270s] -- Install configuration: ""
[10.270s] -- Installing: /home/nikhil/nourish_ws/install/nourish_scale_msgs/share/ament_index/resource_index/rosidl_interfaces/nourish_scale_msgs
[10.271s] -- Installing: /home/nikhil/nourish_ws/install/nourish_scale_msgs/lib/libnourish_scale_msgs__rosidl_typesupport_c.so
[10.271s] -- Set runtime path of "/home/nikhil/nourish_ws/install/nourish_scale_msgs/lib/libnourish_scale_msgs__rosidl_typesupport_c.so" to ""
[10.271s] -- Installing: /home/nikhil/nourish_ws/install/nourish_scale_msgs/share/nourish_scale_msgs/environment/library_path.sh
[10.271s] -- Installing: /home/nikhil/nourish_ws/install/nourish_scale_msgs/lib/libnourish_scale_msgs__rosidl_typesupport_cpp.so
[10.271s] -- Set runtime path of "/home/nikhil/nourish_ws/install/nourish_scale_msgs/lib/libnourish_scale_msgs__rosidl_typesupport_cpp.so" to ""
[10.272s] -- Installing: /home/nikhil/nourish_ws/install/nourish_scale_msgs/include/nourish_scale_msgs
[10.272s] -- Installing: /home/nikhil/nourish_ws/install/nourish_scale_msgs/include/nourish_scale_msgs/msg
[10.272s] -- Installing: /home/nikhil/nourish_ws/install/nourish_scale_msgs/include/nourish_scale_msgs/msg/response__functions.h
[10.272s] -- Installing: /home/nikhil/nourish_ws/install/nourish_scale_msgs/include/nourish_scale_msgs/msg/response__type_support.h
[10.272s] -- Installing: /home/nikhil/nourish_ws/install/nourish_scale_msgs/include/nourish_scale_msgs/msg/response.h
[10.273s] -- Installing: /home/nikhil/nourish_ws/install/nourish_scale_msgs/include/nourish_scale_msgs/msg/response__struct.h
[10.273s] -- Installing: /home/nikhil/nourish_ws/install/nourish_scale_msgs/include/nourish_scale_msgs/msg/rosidl_generator_c__visibility_control.h
[10.273s] -- Installing: /home/nikhil/nourish_ws/install/nourish_scale_msgs/include/nourish_scale_msgs/msg/response__functions.c
[10.273s] -- Installing: /home/nikhil/nourish_ws/install/nourish_scale_msgs/include/nourish_scale_msgs/srv
[10.273s] -- Installing: /home/nikhil/nourish_ws/install/nourish_scale_msgs/include/nourish_scale_msgs/srv/tare__functions.h
[10.273s] -- Installing: /home/nikhil/nourish_ws/install/nourish_scale_msgs/include/nourish_scale_msgs/srv/tare__struct.h
[10.274s] -- Installing: /home/nikhil/nourish_ws/install/nourish_scale_msgs/include/nourish_scale_msgs/srv/tare.h
[10.274s] -- Installing: /home/nikhil/nourish_ws/install/nourish_scale_msgs/include/nourish_scale_msgs/srv/tare__functions.c
[10.274s] -- Installing: /home/nikhil/nourish_ws/install/nourish_scale_msgs/include/nourish_scale_msgs/srv/tare__type_support.h
[10.274s] -- Installing: /home/nikhil/nourish_ws/install/nourish_scale_msgs/lib/libnourish_scale_msgs__rosidl_generator_c.so
[10.275s] -- Set runtime path of "/home/nikhil/nourish_ws/install/nourish_scale_msgs/lib/libnourish_scale_msgs__rosidl_generator_c.so" to ""
[10.275s] -- Up-to-date: /home/nikhil/nourish_ws/install/nourish_scale_msgs/include/nourish_scale_msgs
[10.275s] -- Up-to-date: /home/nikhil/nourish_ws/install/nourish_scale_msgs/include/nourish_scale_msgs/msg
[10.275s] -- Installing: /home/nikhil/nourish_ws/install/nourish_scale_msgs/include/nourish_scale_msgs/msg/response.hpp
[10.275s] -- Installing: /home/nikhil/nourish_ws/install/nourish_scale_msgs/include/nourish_scale_msgs/msg/response__traits.hpp
[10.276s] -- Installing: /home/nikhil/nourish_ws/install/nourish_scale_msgs/include/nourish_scale_msgs/msg/response__struct.hpp
[10.276s] -- Up-to-date: /home/nikhil/nourish_ws/install/nourish_scale_msgs/include/nourish_scale_msgs/srv
[10.276s] -- Installing: /home/nikhil/nourish_ws/install/nourish_scale_msgs/include/nourish_scale_msgs/srv/tare.hpp
[10.276s] -- Installing: /home/nikhil/nourish_ws/install/nourish_scale_msgs/include/nourish_scale_msgs/srv/tare__traits.hpp
[10.276s] -- Installing: /home/nikhil/nourish_ws/install/nourish_scale_msgs/include/nourish_scale_msgs/srv/tare__struct.hpp
[10.276s] -- Up-to-date: /home/nikhil/nourish_ws/install/nourish_scale_msgs/include/nourish_scale_msgs
[10.277s] -- Up-to-date: /home/nikhil/nourish_ws/install/nourish_scale_msgs/include/nourish_scale_msgs/msg
[10.277s] -- Installing: /home/nikhil/nourish_ws/install/nourish_scale_msgs/include/nourish_scale_msgs/msg/response__rosidl_typesupport_fastrtps_c.h
[10.277s] -- Installing: /home/nikhil/nourish_ws/install/nourish_scale_msgs/include/nourish_scale_msgs/msg/rosidl_typesupport_fastrtps_c__visibility_control.h
[10.277s] -- Up-to-date: /home/nikhil/nourish_ws/install/nourish_scale_msgs/include/nourish_scale_msgs/srv
[10.277s] -- Installing: /home/nikhil/nourish_ws/install/nourish_scale_msgs/include/nourish_scale_msgs/srv/tare__rosidl_typesupport_fastrtps_c.h
[10.278s] -- Installing: /home/nikhil/nourish_ws/install/nourish_scale_msgs/lib/libnourish_scale_msgs__rosidl_typesupport_fastrtps_c.so
[10.278s] -- Set runtime path of "/home/nikhil/nourish_ws/install/nourish_scale_msgs/lib/libnourish_scale_msgs__rosidl_typesupport_fastrtps_c.so" to ""
[10.278s] -- Up-to-date: /home/nikhil/nourish_ws/install/nourish_scale_msgs/include/nourish_scale_msgs
[10.278s] -- Up-to-date: /home/nikhil/nourish_ws/install/nourish_scale_msgs/include/nourish_scale_msgs/msg
[10.278s] -- Installing: /home/nikhil/nourish_ws/install/nourish_scale_msgs/include/nourish_scale_msgs/msg/dds_fastrtps
[10.278s] -- Installing: /home/nikhil/nourish_ws/install/nourish_scale_msgs/include/nourish_scale_msgs/msg/response__rosidl_typesupport_fastrtps_cpp.hpp
[10.279s] -- Installing: /home/nikhil/nourish_ws/install/nourish_scale_msgs/include/nourish_scale_msgs/msg/rosidl_typesupport_fastrtps_cpp__visibility_control.h
[10.279s] -- Up-to-date: /home/nikhil/nourish_ws/install/nourish_scale_msgs/include/nourish_scale_msgs/srv
[10.279s] -- Installing: /home/nikhil/nourish_ws/install/nourish_scale_msgs/include/nourish_scale_msgs/srv/dds_fastrtps
[10.279s] -- Installing: /home/nikhil/nourish_ws/install/nourish_scale_msgs/include/nourish_scale_msgs/srv/tare__rosidl_typesupport_fastrtps_cpp.hpp
[10.279s] -- Installing: /home/nikhil/nourish_ws/install/nourish_scale_msgs/lib/libnourish_scale_msgs__rosidl_typesupport_fastrtps_cpp.so
[10.280s] -- Set runtime path of "/home/nikhil/nourish_ws/install/nourish_scale_msgs/lib/libnourish_scale_msgs__rosidl_typesupport_fastrtps_cpp.so" to ""
[10.280s] -- Up-to-date: /home/nikhil/nourish_ws/install/nourish_scale_msgs/include/nourish_scale_msgs
[10.280s] -- Up-to-date: /home/nikhil/nourish_ws/install/nourish_scale_msgs/include/nourish_scale_msgs/msg
[10.280s] -- Installing: /home/nikhil/nourish_ws/install/nourish_scale_msgs/include/nourish_scale_msgs/msg/response__rosidl_typesupport_introspection_c.h
[10.280s] -- Installing: /home/nikhil/nourish_ws/install/nourish_scale_msgs/include/nourish_scale_msgs/msg/rosidl_typesupport_introspection_c__visibility_control.h
[10.281s] -- Installing: /home/nikhil/nourish_ws/install/nourish_scale_msgs/include/nourish_scale_msgs/msg/response__type_support.c
[10.281s] -- Up-to-date: /home/nikhil/nourish_ws/install/nourish_scale_msgs/include/nourish_scale_msgs/srv
[10.281s] -- Installing: /home/nikhil/nourish_ws/install/nourish_scale_msgs/include/nourish_scale_msgs/srv/tare__type_support.c
[10.282s] -- Installing: /home/nikhil/nourish_ws/install/nourish_scale_msgs/include/nourish_scale_msgs/srv/tare__rosidl_typesupport_introspection_c.h
[10.282s] -- Installing: /home/nikhil/nourish_ws/install/nourish_scale_msgs/lib/libnourish_scale_msgs__rosidl_typesupport_introspection_c.so
[10.282s] -- Set runtime path of "/home/nikhil/nourish_ws/install/nourish_scale_msgs/lib/libnourish_scale_msgs__rosidl_typesupport_introspection_c.so" to ""
[10.282s] -- Up-to-date: /home/nikhil/nourish_ws/install/nourish_scale_msgs/include/nourish_scale_msgs
[10.282s] -- Up-to-date: /home/nikhil/nourish_ws/install/nourish_scale_msgs/include/nourish_scale_msgs/msg
[10.283s] -- Installing: /home/nikhil/nourish_ws/install/nourish_scale_msgs/include/nourish_scale_msgs/msg/response__rosidl_typesupport_introspection_cpp.hpp
[10.283s] -- Installing: /home/nikhil/nourish_ws/install/nourish_scale_msgs/include/nourish_scale_msgs/msg/response__type_support.cpp
[10.283s] -- Up-to-date: /home/nikhil/nourish_ws/install/nourish_scale_msgs/include/nourish_scale_msgs/srv
[10.283s] -- Installing: /home/nikhil/nourish_ws/install/nourish_scale_msgs/include/nourish_scale_msgs/srv/tare__rosidl_typesupport_introspection_cpp.hpp
[10.283s] -- Installing: /home/nikhil/nourish_ws/install/nourish_scale_msgs/include/nourish_scale_msgs/srv/tare__type_support.cpp
[10.283s] -- Installing: /home/nikhil/nourish_ws/install/nourish_scale_msgs/lib/libnourish_scale_msgs__rosidl_typesupport_introspection_cpp.so
[10.284s] -- Set runtime path of "/home/nikhil/nourish_ws/install/nourish_scale_msgs/lib/libnourish_scale_msgs__rosidl_typesupport_introspection_cpp.so" to ""
[10.284s] -- Installing: /home/nikhil/nourish_ws/install/nourish_scale_msgs/share/nourish_scale_msgs/environment/pythonpath.sh
[10.284s] -- Installing: /home/nikhil/nourish_ws/install/nourish_scale_msgs/lib/python3.6/site-packages/nourish_scale_msgs/__init__.py
[10.342s] Compiling '/home/nikhil/nourish_ws/install/nourish_scale_msgs/lib/python3.6/site-packages/nourish_scale_msgs/__init__.py'...
[10.348s] -- Installing: /home/nikhil/nourish_ws/install/nourish_scale_msgs/lib/python3.6/site-packages/nourish_scale_msgs/msg
[10.349s] -- Installing: /home/nikhil/nourish_ws/install/nourish_scale_msgs/lib/python3.6/site-packages/nourish_scale_msgs/msg/_response_s.c
[10.349s] -- Installing: /home/nikhil/nourish_ws/install/nourish_scale_msgs/lib/python3.6/site-packages/nourish_scale_msgs/msg/__init__.py
[10.349s] -- Installing: /home/nikhil/nourish_ws/install/nourish_scale_msgs/lib/python3.6/site-packages/nourish_scale_msgs/msg/_response.py
[10.350s] -- Installing: /home/nikhil/nourish_ws/install/nourish_scale_msgs/lib/python3.6/site-packages/nourish_scale_msgs/srv
[10.351s] -- Installing: /home/nikhil/nourish_ws/install/nourish_scale_msgs/lib/python3.6/site-packages/nourish_scale_msgs/srv/_tare_s.c
[10.354s] -- Installing: /home/nikhil/nourish_ws/install/nourish_scale_msgs/lib/python3.6/site-packages/nourish_scale_msgs/srv/__init__.py
[10.354s] -- Installing: /home/nikhil/nourish_ws/install/nourish_scale_msgs/lib/python3.6/site-packages/nourish_scale_msgs/srv/_tare.py
[10.355s] -- Installing: /home/nikhil/nourish_ws/install/nourish_scale_msgs/lib/python3.6/site-packages/nourish_scale_msgs/nourish_scale_msgs_s__rosidl_typesupport_c.cpython-36m-x86_64-linux-gnu.so
[10.355s] -- Set runtime path of "/home/nikhil/nourish_ws/install/nourish_scale_msgs/lib/python3.6/site-packages/nourish_scale_msgs/nourish_scale_msgs_s__rosidl_typesupport_c.cpython-36m-x86_64-linux-gnu.so" to ""
[10.355s] -- Installing: /home/nikhil/nourish_ws/install/nourish_scale_msgs/lib/python3.6/site-packages/nourish_scale_msgs/nourish_scale_msgs_s__rosidl_typesupport_introspection_c.cpython-36m-x86_64-linux-gnu.so
[10.363s] -- Set runtime path of "/home/nikhil/nourish_ws/install/nourish_scale_msgs/lib/python3.6/site-packages/nourish_scale_msgs/nourish_scale_msgs_s__rosidl_typesupport_introspection_c.cpython-36m-x86_64-linux-gnu.so" to ""
[10.363s] -- Installing: /home/nikhil/nourish_ws/install/nourish_scale_msgs/lib/python3.6/site-packages/nourish_scale_msgs/nourish_scale_msgs_s__rosidl_typesupport_fastrtps_c.cpython-36m-x86_64-linux-gnu.so
[10.364s] -- Set runtime path of "/home/nikhil/nourish_ws/install/nourish_scale_msgs/lib/python3.6/site-packages/nourish_scale_msgs/nourish_scale_msgs_s__rosidl_typesupport_fastrtps_c.cpython-36m-x86_64-linux-gnu.so" to ""
[10.364s] -- Installing: /home/nikhil/nourish_ws/install/nourish_scale_msgs/lib/libnourish_scale_msgs__python.so
[10.364s] -- Set runtime path of "/home/nikhil/nourish_ws/install/nourish_scale_msgs/lib/libnourish_scale_msgs__python.so" to ""
[10.364s] -- Installing: /home/nikhil/nourish_ws/install/nourish_scale_msgs/share/nourish_scale_msgs/msg/Response.idl
[10.365s] -- Installing: /home/nikhil/nourish_ws/install/nourish_scale_msgs/share/nourish_scale_msgs/srv/Tare.idl
[10.365s] -- Installing: /home/nikhil/nourish_ws/install/nourish_scale_msgs/share/nourish_scale_msgs/msg/Response.msg
[10.366s] -- Installing: /home/nikhil/nourish_ws/install/nourish_scale_msgs/share/nourish_scale_msgs/srv/Tare.srv
[10.366s] -- Installing: /home/nikhil/nourish_ws/install/nourish_scale_msgs/share/nourish_scale_msgs/srv/Tare_Request.msg
[10.366s] -- Installing: /home/nikhil/nourish_ws/install/nourish_scale_msgs/share/nourish_scale_msgs/srv/Tare_Response.msg
[10.367s] -- Installing: /home/nikhil/nourish_ws/install/nourish_scale_msgs/share/ament_index/resource_index/package_run_dependencies/nourish_scale_msgs
[10.368s] -- Installing: /home/nikhil/nourish_ws/install/nourish_scale_msgs/share/ament_index/resource_index/parent_prefix_path/nourish_scale_msgs
[10.369s] -- Installing: /home/nikhil/nourish_ws/install/nourish_scale_msgs/share/nourish_scale_msgs/environment/ament_prefix_path.sh
[10.369s] -- Installing: /home/nikhil/nourish_ws/install/nourish_scale_msgs/share/nourish_scale_msgs/environment/path.sh
[10.369s] -- Installing: /home/nikhil/nourish_ws/install/nourish_scale_msgs/share/nourish_scale_msgs/local_setup.bash
[10.370s] -- Installing: /home/nikhil/nourish_ws/install/nourish_scale_msgs/share/nourish_scale_msgs/local_setup.sh
[10.370s] -- Installing: /home/nikhil/nourish_ws/install/nourish_scale_msgs/share/nourish_scale_msgs/local_setup.zsh
[10.370s] -- Installing: /home/nikhil/nourish_ws/install/nourish_scale_msgs/share/ament_index/resource_index/packages/nourish_scale_msgs
[10.370s] -- Installing: /home/nikhil/nourish_ws/install/nourish_scale_msgs/share/nourish_scale_msgs/cmake/rosidl_cmake-extras.cmake
[10.371s] -- Installing: /home/nikhil/nourish_ws/install/nourish_scale_msgs/share/nourish_scale_msgs/cmake/ament_cmake_export_libraries-extras.cmake
[10.371s] -- Installing: /home/nikhil/nourish_ws/install/nourish_scale_msgs/share/nourish_scale_msgs/cmake/ament_cmake_export_include_directories-extras.cmake
[10.371s] -- Installing: /home/nikhil/nourish_ws/install/nourish_scale_msgs/share/nourish_scale_msgs/cmake/ament_cmake_export_dependencies-extras.cmake
[10.372s] -- Installing: /home/nikhil/nourish_ws/install/nourish_scale_msgs/share/nourish_scale_msgs/cmake/nourish_scale_msgsConfig.cmake
[10.372s] -- Installing: /home/nikhil/nourish_ws/install/nourish_scale_msgs/share/nourish_scale_msgs/cmake/nourish_scale_msgsConfig-version.cmake
[10.372s] -- Installing: /home/nikhil/nourish_ws/install/nourish_scale_msgs/share/nourish_scale_msgs/package.xml
[10.395s] Invoked command in '/home/nikhil/nourish_ws/build/nourish_scale_msgs' returned '0': /usr/bin/cmake --build /home/nikhil/nourish_ws/build/nourish_scale_msgs --target install -- -j12 -l12
