[0.026s] -- Found ament_cmake: 0.7.4 (/home/nikhil/ros2_dashing/ros2-linux/share/ament_cmake/cmake)
[0.046s] -- Using PYTHON_EXECUTABLE: /usr/bin/python3
[0.218s] -- Found ament_lint_auto: 0.7.11 (/home/nikhil/ros2_dashing/ros2-linux/share/ament_lint_auto/cmake)
[0.284s] -- Added test 'copyright' to check for copyright in CMake / C / C++ / Python code
[0.295s] -- Added test 'cppcheck' to perform static code analysis on C / C++ code
[0.295s] -- Configured cppcheck include dirs: 
[0.307s] -- Added test 'cpplint' to check C / C++ code against the Google style
[0.308s] -- Added test 'flake8' to check Python code syntax and style conventions
[0.311s] -- Added test 'lint_cmake' to check CMake code style
[0.313s] -- Added test 'pep257' to check Python code against some of the style conventions in PEP 257
[0.324s] -- Added test 'uncrustify' to check C / C++ code style
[0.326s] -- Added test 'xmllint' to check XML markup files
[0.332s] CMake Error at CMakeLists.txt:45 (find_package):
[0.332s]   By not providing "Findcamera_info_manager.cmake" in CMAKE_MODULE_PATH this
[0.332s]   project has asked CMake to find a package configuration file provided by
[0.333s]   "camera_info_manager", but CMake did not find one.
[0.333s] 
[0.333s]   Could not find a package configuration file provided by
[0.333s]   "camera_info_manager" with any of the following names:
[0.333s] 
[0.333s]     camera_info_managerConfig.cmake
[0.333s]     camera_info_manager-config.cmake
[0.333s] 
[0.333s]   Add the installation prefix of "camera_info_manager" to CMAKE_PREFIX_PATH
[0.333s]   or set "camera_info_manager_DIR" to a directory containing one of the above
[0.333s]   files.  If "camera_info_manager" provides a separate development package or
[0.333s]   SDK, be sure it has been installed.
[0.333s] 
[0.333s] 
[0.333s] -- Configuring incomplete, errors occurred!
[0.334s] See also "/home/nikhil/nourish_ws/build/dcb_gazebo/CMakeFiles/CMakeOutput.log".
[0.334s] Makefile:208: recipe for target 'cmake_check_build_system' failed
[0.334s] make: *** [cmake_check_build_system] Error 1
