[0.100s] [ 10%] Built target juice_dcb_msgs__rosidl_generator_c
[0.100s] [ 12%] Built target juice_dcb_msgs__cpp
[0.148s] [ 23%] Built target juice_dcb_msgs__rosidl_typesupport_introspection_cpp
[0.152s] [ 33%] Built target juice_dcb_msgs__rosidl_typesupport_introspection_c
[0.154s] [ 43%] Built target juice_dcb_msgs__rosidl_typesupport_cpp
[0.160s] [ 53%] Built target juice_dcb_msgs__rosidl_typesupport_fastrtps_cpp
[0.166s] [ 64%] Built target juice_dcb_msgs__rosidl_typesupport_c
[0.209s] [ 74%] Built target juice_dcb_msgs__rosidl_typesupport_fastrtps_c
[0.237s] [ 74%] Built target juice_dcb_msgs
[0.265s] [ 76%] Built target juice_dcb_msgs__py
[0.303s] [ 84%] Built target juice_dcb_msgs__python
[0.333s] [ 89%] Built target juice_dcb_msgs__rosidl_typesupport_fastrtps_c__pyext
[0.339s] [ 94%] Built target juice_dcb_msgs__rosidl_typesupport_c__pyext
[0.340s] [100%] Built target juice_dcb_msgs__rosidl_typesupport_introspection_c__pyext
[0.526s] [  2%] Built target juice_dcb_msgs__cpp
[0.526s] [ 12%] Built target juice_dcb_msgs__rosidl_generator_c
[0.568s] [ 23%] Built target juice_dcb_msgs__rosidl_typesupport_cpp
[0.568s] [ 33%] Built target juice_dcb_msgs__rosidl_typesupport_c
[0.569s] [ 43%] Built target juice_dcb_msgs__rosidl_typesupport_introspection_c
[0.577s] [ 53%] Built target juice_dcb_msgs__rosidl_typesupport_fastrtps_cpp
[0.577s] [ 64%] Built target juice_dcb_msgs__rosidl_typesupport_introspection_cpp
[0.617s] [ 74%] Built target juice_dcb_msgs__rosidl_typesupport_fastrtps_c
[0.646s] [ 74%] Built target juice_dcb_msgs
[0.677s] [ 76%] Built target juice_dcb_msgs__py
[0.716s] [ 84%] Built target juice_dcb_msgs__python
[0.752s] [ 94%] Built target juice_dcb_msgs__rosidl_typesupport_c__pyext
[0.752s] [ 94%] Built target juice_dcb_msgs__rosidl_typesupport_fastrtps_c__pyext
[0.753s] [100%] Built target juice_dcb_msgs__rosidl_typesupport_introspection_c__pyext
[0.783s] [36mInstall the project...[0m
[0.796s] -- Install configuration: ""
[0.796s] -- Up-to-date: /home/nikhil/nourish_ws/install/juice_dcb_msgs/share/ament_index/resource_index/rosidl_interfaces/juice_dcb_msgs
[0.796s] -- Up-to-date: /home/nikhil/nourish_ws/install/juice_dcb_msgs/lib/libjuice_dcb_msgs__rosidl_typesupport_c.so
[0.797s] -- Up-to-date: /home/nikhil/nourish_ws/install/juice_dcb_msgs/share/juice_dcb_msgs/environment/library_path.sh
[0.797s] -- Up-to-date: /home/nikhil/nourish_ws/install/juice_dcb_msgs/lib/libjuice_dcb_msgs__rosidl_typesupport_cpp.so
[0.797s] -- Up-to-date: /home/nikhil/nourish_ws/install/juice_dcb_msgs/include/juice_dcb_msgs
[0.798s] -- Up-to-date: /home/nikhil/nourish_ws/install/juice_dcb_msgs/include/juice_dcb_msgs/msg
[0.798s] -- Up-to-date: /home/nikhil/nourish_ws/install/juice_dcb_msgs/include/juice_dcb_msgs/msg/command_result__struct.h
[0.798s] -- Up-to-date: /home/nikhil/nourish_ws/install/juice_dcb_msgs/include/juice_dcb_msgs/msg/command_result__functions.h
[0.798s] -- Up-to-date: /home/nikhil/nourish_ws/install/juice_dcb_msgs/include/juice_dcb_msgs/msg/command_result.h
[0.799s] -- Up-to-date: /home/nikhil/nourish_ws/install/juice_dcb_msgs/include/juice_dcb_msgs/msg/command_result__type_support.h
[0.799s] -- Up-to-date: /home/nikhil/nourish_ws/install/juice_dcb_msgs/include/juice_dcb_msgs/msg/rosidl_generator_c__visibility_control.h
[0.799s] -- Up-to-date: /home/nikhil/nourish_ws/install/juice_dcb_msgs/include/juice_dcb_msgs/msg/command_result__functions.c
[0.799s] -- Up-to-date: /home/nikhil/nourish_ws/install/juice_dcb_msgs/include/juice_dcb_msgs/srv
[0.799s] -- Up-to-date: /home/nikhil/nourish_ws/install/juice_dcb_msgs/include/juice_dcb_msgs/srv/set_pouring__type_support.h
[0.800s] -- Up-to-date: /home/nikhil/nourish_ws/install/juice_dcb_msgs/include/juice_dcb_msgs/srv/set_pouring__functions.h
[0.800s] -- Up-to-date: /home/nikhil/nourish_ws/install/juice_dcb_msgs/include/juice_dcb_msgs/srv/set_pouring.h
[0.800s] -- Up-to-date: /home/nikhil/nourish_ws/install/juice_dcb_msgs/include/juice_dcb_msgs/srv/set_pouring__functions.c
[0.800s] -- Up-to-date: /home/nikhil/nourish_ws/install/juice_dcb_msgs/include/juice_dcb_msgs/srv/set_pouring__struct.h
[0.800s] -- Up-to-date: /home/nikhil/nourish_ws/install/juice_dcb_msgs/lib/libjuice_dcb_msgs__rosidl_generator_c.so
[0.801s] -- Up-to-date: /home/nikhil/nourish_ws/install/juice_dcb_msgs/include/juice_dcb_msgs
[0.801s] -- Up-to-date: /home/nikhil/nourish_ws/install/juice_dcb_msgs/include/juice_dcb_msgs/msg
[0.801s] -- Up-to-date: /home/nikhil/nourish_ws/install/juice_dcb_msgs/include/juice_dcb_msgs/msg/command_result.hpp
[0.801s] -- Up-to-date: /home/nikhil/nourish_ws/install/juice_dcb_msgs/include/juice_dcb_msgs/msg/command_result__struct.hpp
[0.802s] -- Up-to-date: /home/nikhil/nourish_ws/install/juice_dcb_msgs/include/juice_dcb_msgs/msg/command_result__traits.hpp
[0.802s] -- Up-to-date: /home/nikhil/nourish_ws/install/juice_dcb_msgs/include/juice_dcb_msgs/srv
[0.803s] -- Up-to-date: /home/nikhil/nourish_ws/install/juice_dcb_msgs/include/juice_dcb_msgs/srv/set_pouring__traits.hpp
[0.805s] -- Up-to-date: /home/nikhil/nourish_ws/install/juice_dcb_msgs/include/juice_dcb_msgs/srv/set_pouring__struct.hpp
[0.806s] -- Up-to-date: /home/nikhil/nourish_ws/install/juice_dcb_msgs/include/juice_dcb_msgs/srv/set_pouring.hpp
[0.806s] -- Up-to-date: /home/nikhil/nourish_ws/install/juice_dcb_msgs/include/juice_dcb_msgs
[0.806s] -- Up-to-date: /home/nikhil/nourish_ws/install/juice_dcb_msgs/include/juice_dcb_msgs/msg
[0.806s] -- Up-to-date: /home/nikhil/nourish_ws/install/juice_dcb_msgs/include/juice_dcb_msgs/msg/command_result__rosidl_typesupport_fastrtps_c.h
[0.807s] -- Up-to-date: /home/nikhil/nourish_ws/install/juice_dcb_msgs/include/juice_dcb_msgs/msg/rosidl_typesupport_fastrtps_c__visibility_control.h
[0.808s] -- Up-to-date: /home/nikhil/nourish_ws/install/juice_dcb_msgs/include/juice_dcb_msgs/srv
[0.808s] -- Up-to-date: /home/nikhil/nourish_ws/install/juice_dcb_msgs/include/juice_dcb_msgs/srv/set_pouring__rosidl_typesupport_fastrtps_c.h
[0.809s] -- Up-to-date: /home/nikhil/nourish_ws/install/juice_dcb_msgs/lib/libjuice_dcb_msgs__rosidl_typesupport_fastrtps_c.so
[0.809s] -- Up-to-date: /home/nikhil/nourish_ws/install/juice_dcb_msgs/include/juice_dcb_msgs
[0.809s] -- Up-to-date: /home/nikhil/nourish_ws/install/juice_dcb_msgs/include/juice_dcb_msgs/msg
[0.809s] -- Up-to-date: /home/nikhil/nourish_ws/install/juice_dcb_msgs/include/juice_dcb_msgs/msg/command_result__rosidl_typesupport_fastrtps_cpp.hpp
[0.809s] -- Up-to-date: /home/nikhil/nourish_ws/install/juice_dcb_msgs/include/juice_dcb_msgs/msg/dds_fastrtps
[0.809s] -- Up-to-date: /home/nikhil/nourish_ws/install/juice_dcb_msgs/include/juice_dcb_msgs/msg/rosidl_typesupport_fastrtps_cpp__visibility_control.h
[0.809s] -- Up-to-date: /home/nikhil/nourish_ws/install/juice_dcb_msgs/include/juice_dcb_msgs/srv
[0.809s] -- Up-to-date: /home/nikhil/nourish_ws/install/juice_dcb_msgs/include/juice_dcb_msgs/srv/set_pouring__rosidl_typesupport_fastrtps_cpp.hpp
[0.809s] -- Up-to-date: /home/nikhil/nourish_ws/install/juice_dcb_msgs/include/juice_dcb_msgs/srv/dds_fastrtps
[0.810s] -- Up-to-date: /home/nikhil/nourish_ws/install/juice_dcb_msgs/lib/libjuice_dcb_msgs__rosidl_typesupport_fastrtps_cpp.so
[0.810s] -- Up-to-date: /home/nikhil/nourish_ws/install/juice_dcb_msgs/include/juice_dcb_msgs
[0.811s] -- Up-to-date: /home/nikhil/nourish_ws/install/juice_dcb_msgs/include/juice_dcb_msgs/msg
[0.811s] -- Up-to-date: /home/nikhil/nourish_ws/install/juice_dcb_msgs/include/juice_dcb_msgs/msg/command_result__rosidl_typesupport_introspection_c.h
[0.811s] -- Up-to-date: /home/nikhil/nourish_ws/install/juice_dcb_msgs/include/juice_dcb_msgs/msg/rosidl_typesupport_introspection_c__visibility_control.h
[0.811s] -- Up-to-date: /home/nikhil/nourish_ws/install/juice_dcb_msgs/include/juice_dcb_msgs/msg/command_result__type_support.c
[0.811s] -- Up-to-date: /home/nikhil/nourish_ws/install/juice_dcb_msgs/include/juice_dcb_msgs/srv
[0.812s] -- Up-to-date: /home/nikhil/nourish_ws/install/juice_dcb_msgs/include/juice_dcb_msgs/srv/set_pouring__rosidl_typesupport_introspection_c.h
[0.812s] -- Up-to-date: /home/nikhil/nourish_ws/install/juice_dcb_msgs/include/juice_dcb_msgs/srv/set_pouring__type_support.c
[0.812s] -- Up-to-date: /home/nikhil/nourish_ws/install/juice_dcb_msgs/lib/libjuice_dcb_msgs__rosidl_typesupport_introspection_c.so
[0.812s] -- Up-to-date: /home/nikhil/nourish_ws/install/juice_dcb_msgs/include/juice_dcb_msgs
[0.813s] -- Up-to-date: /home/nikhil/nourish_ws/install/juice_dcb_msgs/include/juice_dcb_msgs/msg
[0.813s] -- Up-to-date: /home/nikhil/nourish_ws/install/juice_dcb_msgs/include/juice_dcb_msgs/msg/command_result__rosidl_typesupport_introspection_cpp.hpp
[0.813s] -- Up-to-date: /home/nikhil/nourish_ws/install/juice_dcb_msgs/include/juice_dcb_msgs/msg/command_result__type_support.cpp
[0.813s] -- Up-to-date: /home/nikhil/nourish_ws/install/juice_dcb_msgs/include/juice_dcb_msgs/srv
[0.813s] -- Up-to-date: /home/nikhil/nourish_ws/install/juice_dcb_msgs/include/juice_dcb_msgs/srv/set_pouring__rosidl_typesupport_introspection_cpp.hpp
[0.813s] -- Up-to-date: /home/nikhil/nourish_ws/install/juice_dcb_msgs/include/juice_dcb_msgs/srv/set_pouring__type_support.cpp
[0.813s] -- Up-to-date: /home/nikhil/nourish_ws/install/juice_dcb_msgs/lib/libjuice_dcb_msgs__rosidl_typesupport_introspection_cpp.so
[0.814s] -- Up-to-date: /home/nikhil/nourish_ws/install/juice_dcb_msgs/share/juice_dcb_msgs/environment/pythonpath.sh
[0.814s] -- Up-to-date: /home/nikhil/nourish_ws/install/juice_dcb_msgs/lib/python3.6/site-packages/juice_dcb_msgs/__init__.py
[0.860s] -- Up-to-date: /home/nikhil/nourish_ws/install/juice_dcb_msgs/lib/python3.6/site-packages/juice_dcb_msgs/msg
[0.860s] -- Up-to-date: /home/nikhil/nourish_ws/install/juice_dcb_msgs/lib/python3.6/site-packages/juice_dcb_msgs/msg/_command_result.py
[0.861s] -- Up-to-date: /home/nikhil/nourish_ws/install/juice_dcb_msgs/lib/python3.6/site-packages/juice_dcb_msgs/msg/__init__.py
[0.861s] -- Up-to-date: /home/nikhil/nourish_ws/install/juice_dcb_msgs/lib/python3.6/site-packages/juice_dcb_msgs/msg/_command_result_s.c
[0.861s] -- Up-to-date: /home/nikhil/nourish_ws/install/juice_dcb_msgs/lib/python3.6/site-packages/juice_dcb_msgs/srv
[0.861s] -- Up-to-date: /home/nikhil/nourish_ws/install/juice_dcb_msgs/lib/python3.6/site-packages/juice_dcb_msgs/srv/__init__.py
[0.861s] -- Up-to-date: /home/nikhil/nourish_ws/install/juice_dcb_msgs/lib/python3.6/site-packages/juice_dcb_msgs/srv/_set_pouring_s.c
[0.861s] -- Up-to-date: /home/nikhil/nourish_ws/install/juice_dcb_msgs/lib/python3.6/site-packages/juice_dcb_msgs/srv/_set_pouring.py
[0.862s] -- Up-to-date: /home/nikhil/nourish_ws/install/juice_dcb_msgs/lib/python3.6/site-packages/juice_dcb_msgs/juice_dcb_msgs_s__rosidl_typesupport_c.cpython-36m-x86_64-linux-gnu.so
[0.862s] -- Up-to-date: /home/nikhil/nourish_ws/install/juice_dcb_msgs/lib/python3.6/site-packages/juice_dcb_msgs/juice_dcb_msgs_s__rosidl_typesupport_introspection_c.cpython-36m-x86_64-linux-gnu.so
[0.863s] -- Up-to-date: /home/nikhil/nourish_ws/install/juice_dcb_msgs/lib/python3.6/site-packages/juice_dcb_msgs/juice_dcb_msgs_s__rosidl_typesupport_fastrtps_c.cpython-36m-x86_64-linux-gnu.so
[0.865s] -- Up-to-date: /home/nikhil/nourish_ws/install/juice_dcb_msgs/lib/libjuice_dcb_msgs__python.so
[0.866s] -- Up-to-date: /home/nikhil/nourish_ws/install/juice_dcb_msgs/share/juice_dcb_msgs/msg/CommandResult.idl
[0.866s] -- Up-to-date: /home/nikhil/nourish_ws/install/juice_dcb_msgs/share/juice_dcb_msgs/srv/SetPouring.idl
[0.866s] -- Up-to-date: /home/nikhil/nourish_ws/install/juice_dcb_msgs/share/juice_dcb_msgs/msg/CommandResult.msg
[0.867s] -- Up-to-date: /home/nikhil/nourish_ws/install/juice_dcb_msgs/share/juice_dcb_msgs/srv/SetPouring.srv
[0.868s] -- Up-to-date: /home/nikhil/nourish_ws/install/juice_dcb_msgs/share/juice_dcb_msgs/srv/SetPouring_Request.msg
[0.868s] -- Up-to-date: /home/nikhil/nourish_ws/install/juice_dcb_msgs/share/juice_dcb_msgs/srv/SetPouring_Response.msg
[0.868s] -- Up-to-date: /home/nikhil/nourish_ws/install/juice_dcb_msgs/share/ament_index/resource_index/package_run_dependencies/juice_dcb_msgs
[0.870s] -- Up-to-date: /home/nikhil/nourish_ws/install/juice_dcb_msgs/share/ament_index/resource_index/parent_prefix_path/juice_dcb_msgs
[0.871s] -- Up-to-date: /home/nikhil/nourish_ws/install/juice_dcb_msgs/share/juice_dcb_msgs/environment/ament_prefix_path.sh
[0.871s] -- Up-to-date: /home/nikhil/nourish_ws/install/juice_dcb_msgs/share/juice_dcb_msgs/environment/path.sh
[0.871s] -- Up-to-date: /home/nikhil/nourish_ws/install/juice_dcb_msgs/share/juice_dcb_msgs/local_setup.bash
[0.871s] -- Up-to-date: /home/nikhil/nourish_ws/install/juice_dcb_msgs/share/juice_dcb_msgs/local_setup.sh
[0.871s] -- Up-to-date: /home/nikhil/nourish_ws/install/juice_dcb_msgs/share/juice_dcb_msgs/local_setup.zsh
[0.871s] -- Up-to-date: /home/nikhil/nourish_ws/install/juice_dcb_msgs/share/ament_index/resource_index/packages/juice_dcb_msgs
[0.871s] -- Up-to-date: /home/nikhil/nourish_ws/install/juice_dcb_msgs/share/juice_dcb_msgs/cmake/rosidl_cmake-extras.cmake
[0.872s] -- Up-to-date: /home/nikhil/nourish_ws/install/juice_dcb_msgs/share/juice_dcb_msgs/cmake/ament_cmake_export_libraries-extras.cmake
[0.872s] -- Up-to-date: /home/nikhil/nourish_ws/install/juice_dcb_msgs/share/juice_dcb_msgs/cmake/ament_cmake_export_include_directories-extras.cmake
[0.872s] -- Up-to-date: /home/nikhil/nourish_ws/install/juice_dcb_msgs/share/juice_dcb_msgs/cmake/ament_cmake_export_dependencies-extras.cmake
[0.872s] -- Up-to-date: /home/nikhil/nourish_ws/install/juice_dcb_msgs/share/juice_dcb_msgs/cmake/juice_dcb_msgsConfig.cmake
[0.872s] -- Up-to-date: /home/nikhil/nourish_ws/install/juice_dcb_msgs/share/juice_dcb_msgs/cmake/juice_dcb_msgsConfig-version.cmake
[0.872s] -- Up-to-date: /home/nikhil/nourish_ws/install/juice_dcb_msgs/share/juice_dcb_msgs/package.xml
