[0.110s] -- The C compiler identification is GNU 7.5.0
[0.196s] -- The CXX compiler identification is GNU 7.5.0
[0.200s] -- Check for working C compiler: /usr/bin/cc
[0.262s] -- Check for working C compiler: /usr/bin/cc -- works
[0.263s] -- Detecting C compiler ABI info
[0.332s] -- Detecting C compiler ABI info - done
[0.336s] -- Detecting C compile features
[0.528s] -- Detecting C compile features - done
[0.530s] -- Check for working CXX compiler: /usr/bin/c++
[0.605s] -- Check for working CXX compiler: /usr/bin/c++ -- works
[0.606s] -- Detecting CXX compiler ABI info
[0.688s] -- Detecting CXX compiler ABI info - done
[0.694s] -- Detecting CXX compile features
[1.040s] -- Detecting CXX compile features - done
[1.042s] -- Found ament_cmake: 0.7.4 (/home/nikhil/ros2_dashing/ros2-linux/share/ament_cmake/cmake)
[1.069s] -- Found PythonInterp: /usr/bin/python3 (found suitable version "3.6.9", minimum required is "3") 
[1.069s] -- Using PYTHON_EXECUTABLE: /usr/bin/python3
[1.282s] -- Found action_msgs: 0.7.4 (/home/nikhil/ros2_dashing/ros2-linux/share/action_msgs/cmake)
[1.294s] -- Found rosidl_adapter: 0.7.9 (/home/nikhil/ros2_dashing/ros2-linux/share/rosidl_adapter/cmake)
[1.336s] -- Found rosidl_default_generators: 0.7.0 (/home/nikhil/ros2_dashing/ros2-linux/share/rosidl_default_generators/cmake)
[1.353s] -- Could not find RTI Connext - skipping rosidl_typesupport_connext_c
[1.365s] -- Could not find RTI Connext - skipping rosidl_typesupport_connext_cpp
[1.440s] -- Found OpenSSL: /usr/lib/x86_64-linux-gnu/libcrypto.so (found version "1.1.1") 
[1.459s] -- Found FastRTPS: /home/nikhil/ros2_dashing/ros2-linux/include  
[1.510s] -- Could not find PrismTech OpenSplice - skipping rosidl_typesupport_opensplice_c
[1.513s] -- Could not find PrismTech OpenSplice - skipping rosidl_typesupport_opensplice_cpp
[1.551s] -- Found PythonInterp: /usr/bin/python3 (found version "3.6.9") 
[1.833s] -- Using all available rosidl_typesupport_c: rosidl_typesupport_connext_c;rosidl_typesupport_fastrtps_c;rosidl_typesupport_introspection_c;rosidl_typesupport_opensplice_c
[1.851s] -- Using all available rosidl_typesupport_cpp: rosidl_typesupport_connext_cpp;rosidl_typesupport_fastrtps_cpp;rosidl_typesupport_introspection_cpp;rosidl_typesupport_opensplice_cpp
[1.977s] -- Found rmw_implementation_cmake: 0.7.2 (/home/nikhil/ros2_dashing/ros2-linux/share/rmw_implementation_cmake/cmake)
[2.010s] -- Found PythonInterp: /usr/bin/python3 (found suitable version "3.6.9", minimum required is "3.5") 
[2.011s] -- Found python_cmake_module: 0.7.10 (/home/nikhil/ros2_dashing/ros2-linux/share/python_cmake_module/cmake)
[2.038s] -- Found PythonLibs: /usr/lib/x86_64-linux-gnu/libpython3.6m.so (found suitable version "3.6.9", minimum required is "3.5") 
[2.039s] -- Using PYTHON_EXECUTABLE: /usr/bin/python3
[2.039s] -- Using PYTHON_INCLUDE_DIRS: /usr/include/python3.6m
[2.039s] -- Using PYTHON_LIBRARIES: /usr/lib/x86_64-linux-gnu/libpython3.6m.so
[2.067s] -- Found PythonExtra: .so  
[2.069s] -- Could not find RTI Connext - skipping rmw_connext_cpp
[2.074s] CMake Warning at /home/nikhil/ros2_dashing/ros2-linux/share/rmw_connext_shared_cpp/cmake/ament_cmake_export_include_directories-extras.cmake:11 (message):
[2.074s]   Package 'rmw_connext_shared_cpp' exports the include directory
[2.074s]   '/opt/rti.com/rti_connext_dds-5.3.1/include' which doesn't exist
[2.074s] Call Stack (most recent call first):
[2.075s]   /home/nikhil/ros2_dashing/ros2-linux/share/rmw_connext_shared_cpp/cmake/rmw_connext_shared_cppConfig.cmake:38 (include)
[2.075s]   /home/nikhil/ros2_dashing/ros2-linux/share/rmw_connext_cpp/cmake/ament_cmake_export_dependencies-extras.cmake:21 (find_package)
[2.075s]   /home/nikhil/ros2_dashing/ros2-linux/share/rmw_connext_cpp/cmake/rmw_connext_cppConfig.cmake:38 (include)
[2.075s]   /home/nikhil/ros2_dashing/ros2-linux/share/rmw_implementation_cmake/cmake/call_for_each_rmw_implementation.cmake:61 (find_package)
[2.075s]   /home/nikhil/ros2_dashing/ros2-linux/share/rosidl_generator_py/cmake/rosidl_generator_py_get_typesupports.cmake:26 (call_for_each_rmw_implementation)
[2.075s]   /home/nikhil/ros2_dashing/ros2-linux/share/rosidl_generator_py/cmake/rosidl_generator_py_generate_interfaces.cmake:27 (rosidl_generator_py_get_typesupports)
[2.075s]   /home/nikhil/ros2_dashing/ros2-linux/share/ament_cmake_core/cmake/core/ament_execute_extensions.cmake:48 (include)
[2.075s]   /home/nikhil/ros2_dashing/ros2-linux/share/rosidl_cmake/cmake/rosidl_generate_interfaces.cmake:286 (ament_execute_extensions)
[2.076s]   CMakeLists.txt:43 (rosidl_generate_interfaces)
[2.076s] 
[2.076s] 
[2.076s] CMake Warning at /home/nikhil/ros2_dashing/ros2-linux/share/rmw_connext_shared_cpp/cmake/ament_cmake_export_include_directories-extras.cmake:11 (message):
[2.076s]   Package 'rmw_connext_shared_cpp' exports the include directory
[2.077s]   '/opt/rti.com/rti_connext_dds-5.3.1/include/ndds' which doesn't exist
[2.077s] Call Stack (most recent call first):
[2.077s]   /home/nikhil/ros2_dashing/ros2-linux/share/rmw_connext_shared_cpp/cmake/rmw_connext_shared_cppConfig.cmake:38 (include)
[2.077s]   /home/nikhil/ros2_dashing/ros2-linux/share/rmw_connext_cpp/cmake/ament_cmake_export_dependencies-extras.cmake:21 (find_package)
[2.077s]   /home/nikhil/ros2_dashing/ros2-linux/share/rmw_connext_cpp/cmake/rmw_connext_cppConfig.cmake:38 (include)
[2.077s]   /home/nikhil/ros2_dashing/ros2-linux/share/rmw_implementation_cmake/cmake/call_for_each_rmw_implementation.cmake:61 (find_package)
[2.077s]   /home/nikhil/ros2_dashing/ros2-linux/share/rosidl_generator_py/cmake/rosidl_generator_py_get_typesupports.cmake:26 (call_for_each_rmw_implementation)
[2.077s]   /home/nikhil/ros2_dashing/ros2-linux/share/rosidl_generator_py/cmake/rosidl_generator_py_generate_interfaces.cmake:27 (rosidl_generator_py_get_typesupports)
[2.077s]   /home/nikhil/ros2_dashing/ros2-linux/share/ament_cmake_core/cmake/core/ament_execute_extensions.cmake:48 (include)
[2.077s]   /home/nikhil/ros2_dashing/ros2-linux/share/rosidl_cmake/cmake/rosidl_generate_interfaces.cmake:286 (ament_execute_extensions)
[2.077s]   CMakeLists.txt:43 (rosidl_generate_interfaces)
[2.077s] 
[2.077s] 
[2.077s] CMake Warning at /home/nikhil/ros2_dashing/ros2-linux/share/rmw_connext_shared_cpp/cmake/ament_cmake_export_libraries-extras.cmake:62 (message):
[2.077s]   Package 'rmw_connext_shared_cpp' exports the library
[2.077s]   '/opt/rti.com/rti_connext_dds-5.3.1/lib/x64Linux3gcc5.4.0/libnddsc.so'
[2.078s]   which doesn't exist
[2.078s] Call Stack (most recent call first):
[2.078s]   /home/nikhil/ros2_dashing/ros2-linux/share/rmw_connext_shared_cpp/cmake/rmw_connext_shared_cppConfig.cmake:38 (include)
[2.078s]   /home/nikhil/ros2_dashing/ros2-linux/share/rmw_connext_cpp/cmake/ament_cmake_export_dependencies-extras.cmake:21 (find_package)
[2.078s]   /home/nikhil/ros2_dashing/ros2-linux/share/rmw_connext_cpp/cmake/rmw_connext_cppConfig.cmake:38 (include)
[2.078s]   /home/nikhil/ros2_dashing/ros2-linux/share/rmw_implementation_cmake/cmake/call_for_each_rmw_implementation.cmake:61 (find_package)
[2.078s]   /home/nikhil/ros2_dashing/ros2-linux/share/rosidl_generator_py/cmake/rosidl_generator_py_get_typesupports.cmake:26 (call_for_each_rmw_implementation)
[2.078s]   /home/nikhil/ros2_dashing/ros2-linux/share/rosidl_generator_py/cmake/rosidl_generator_py_generate_interfaces.cmake:27 (rosidl_generator_py_get_typesupports)
[2.078s]   /home/nikhil/ros2_dashing/ros2-linux/share/ament_cmake_core/cmake/core/ament_execute_extensions.cmake:48 (include)
[2.078s]   /home/nikhil/ros2_dashing/ros2-linux/share/rosidl_cmake/cmake/rosidl_generate_interfaces.cmake:286 (ament_execute_extensions)
[2.078s]   CMakeLists.txt:43 (rosidl_generate_interfaces)
[2.078s] 
[2.078s] 
[2.078s] CMake Warning at /home/nikhil/ros2_dashing/ros2-linux/share/rmw_connext_shared_cpp/cmake/ament_cmake_export_libraries-extras.cmake:62 (message):
[2.078s]   Package 'rmw_connext_shared_cpp' exports the library
[2.078s]   '/opt/rti.com/rti_connext_dds-5.3.1/lib/x64Linux3gcc5.4.0/libnddscore.so'
[2.079s]   which doesn't exist
[2.079s] Call Stack (most recent call first):
[2.079s]   /home/nikhil/ros2_dashing/ros2-linux/share/rmw_connext_shared_cpp/cmake/rmw_connext_shared_cppConfig.cmake:38 (include)
[2.079s]   /home/nikhil/ros2_dashing/ros2-linux/share/rmw_connext_cpp/cmake/ament_cmake_export_dependencies-extras.cmake:21 (find_package)
[2.079s]   /home/nikhil/ros2_dashing/ros2-linux/share/rmw_connext_cpp/cmake/rmw_connext_cppConfig.cmake:38 (include)
[2.079s]   /home/nikhil/ros2_dashing/ros2-linux/share/rmw_implementation_cmake/cmake/call_for_each_rmw_implementation.cmake:61 (find_package)
[2.079s]   /home/nikhil/ros2_dashing/ros2-linux/share/rosidl_generator_py/cmake/rosidl_generator_py_get_typesupports.cmake:26 (call_for_each_rmw_implementation)
[2.079s]   /home/nikhil/ros2_dashing/ros2-linux/share/rosidl_generator_py/cmake/rosidl_generator_py_generate_interfaces.cmake:27 (rosidl_generator_py_get_typesupports)
[2.079s]   /home/nikhil/ros2_dashing/ros2-linux/share/ament_cmake_core/cmake/core/ament_execute_extensions.cmake:48 (include)
[2.079s]   /home/nikhil/ros2_dashing/ros2-linux/share/rosidl_cmake/cmake/rosidl_generate_interfaces.cmake:286 (ament_execute_extensions)
[2.079s]   CMakeLists.txt:43 (rosidl_generate_interfaces)
[2.079s] 
[2.079s] 
[2.079s] CMake Warning at /home/nikhil/ros2_dashing/ros2-linux/share/rmw_connext_shared_cpp/cmake/ament_cmake_export_libraries-extras.cmake:62 (message):
[2.079s]   Package 'rmw_connext_shared_cpp' exports the library
[2.079s]   '/opt/rti.com/rti_connext_dds-5.3.1/lib/x64Linux3gcc5.4.0/libnddscpp.so'
[2.080s]   which doesn't exist
[2.080s] Call Stack (most recent call first):
[2.080s]   /home/nikhil/ros2_dashing/ros2-linux/share/rmw_connext_shared_cpp/cmake/rmw_connext_shared_cppConfig.cmake:38 (include)
[2.080s]   /home/nikhil/ros2_dashing/ros2-linux/share/rmw_connext_cpp/cmake/ament_cmake_export_dependencies-extras.cmake:21 (find_package)
[2.080s]   /home/nikhil/ros2_dashing/ros2-linux/share/rmw_connext_cpp/cmake/rmw_connext_cppConfig.cmake:38 (include)
[2.080s]   /home/nikhil/ros2_dashing/ros2-linux/share/rmw_implementation_cmake/cmake/call_for_each_rmw_implementation.cmake:61 (find_package)
[2.080s]   /home/nikhil/ros2_dashing/ros2-linux/share/rosidl_generator_py/cmake/rosidl_generator_py_get_typesupports.cmake:26 (call_for_each_rmw_implementation)
[2.080s]   /home/nikhil/ros2_dashing/ros2-linux/share/rosidl_generator_py/cmake/rosidl_generator_py_generate_interfaces.cmake:27 (rosidl_generator_py_get_typesupports)
[2.080s]   /home/nikhil/ros2_dashing/ros2-linux/share/ament_cmake_core/cmake/core/ament_execute_extensions.cmake:48 (include)
[2.080s]   /home/nikhil/ros2_dashing/ros2-linux/share/rosidl_cmake/cmake/rosidl_generate_interfaces.cmake:286 (ament_execute_extensions)
[2.080s]   CMakeLists.txt:43 (rosidl_generate_interfaces)
[2.080s] 
[2.080s] 
[2.080s] CMake Warning at /home/nikhil/ros2_dashing/ros2-linux/share/rmw_connext_shared_cpp/cmake/ament_cmake_export_libraries-extras.cmake:62 (message):
[2.081s]   Package 'rmw_connext_shared_cpp' exports the library
[2.081s]   '/opt/rti.com/rti_connext_dds-5.3.1/lib/x64Linux3gcc5.4.0/librticonnextmsgcpp.so'
[2.081s]   which doesn't exist
[2.081s] Call Stack (most recent call first):
[2.081s]   /home/nikhil/ros2_dashing/ros2-linux/share/rmw_connext_shared_cpp/cmake/rmw_connext_shared_cppConfig.cmake:38 (include)
[2.081s]   /home/nikhil/ros2_dashing/ros2-linux/share/rmw_connext_cpp/cmake/ament_cmake_export_dependencies-extras.cmake:21 (find_package)
[2.081s]   /home/nikhil/ros2_dashing/ros2-linux/share/rmw_connext_cpp/cmake/rmw_connext_cppConfig.cmake:38 (include)
[2.081s]   /home/nikhil/ros2_dashing/ros2-linux/share/rmw_implementation_cmake/cmake/call_for_each_rmw_implementation.cmake:61 (find_package)
[2.081s]   /home/nikhil/ros2_dashing/ros2-linux/share/rosidl_generator_py/cmake/rosidl_generator_py_get_typesupports.cmake:26 (call_for_each_rmw_implementation)
[2.081s]   /home/nikhil/ros2_dashing/ros2-linux/share/rosidl_generator_py/cmake/rosidl_generator_py_generate_interfaces.cmake:27 (rosidl_generator_py_get_typesupports)
[2.081s]   /home/nikhil/ros2_dashing/ros2-linux/share/ament_cmake_core/cmake/core/ament_execute_extensions.cmake:48 (include)
[2.081s]   /home/nikhil/ros2_dashing/ros2-linux/share/rosidl_cmake/cmake/rosidl_generate_interfaces.cmake:286 (ament_execute_extensions)
[2.081s]   CMakeLists.txt:43 (rosidl_generate_interfaces)
[2.081s] 
[2.081s] 
[2.082s] CMake Warning at /home/nikhil/ros2_dashing/ros2-linux/share/rmw_connext_shared_cpp/cmake/ament_cmake_export_libraries-extras.cmake:62 (message):
[2.082s]   Package 'rmw_connext_shared_cpp' exports the library
[2.082s]   '/opt/rti.com/rti_connext_dds-5.3.1/lib/x64Linux3gcc5.4.0/libnddscd.so'
[2.082s]   which doesn't exist
[2.082s] Call Stack (most recent call first):
[2.082s]   /home/nikhil/ros2_dashing/ros2-linux/share/rmw_connext_shared_cpp/cmake/rmw_connext_shared_cppConfig.cmake:38 (include)
[2.082s]   /home/nikhil/ros2_dashing/ros2-linux/share/rmw_connext_cpp/cmake/ament_cmake_export_dependencies-extras.cmake:21 (find_package)
[2.082s]   /home/nikhil/ros2_dashing/ros2-linux/share/rmw_connext_cpp/cmake/rmw_connext_cppConfig.cmake:38 (include)
[2.082s]   /home/nikhil/ros2_dashing/ros2-linux/share/rmw_implementation_cmake/cmake/call_for_each_rmw_implementation.cmake:61 (find_package)
[2.082s]   /home/nikhil/ros2_dashing/ros2-linux/share/rosidl_generator_py/cmake/rosidl_generator_py_get_typesupports.cmake:26 (call_for_each_rmw_implementation)
[2.082s]   /home/nikhil/ros2_dashing/ros2-linux/share/rosidl_generator_py/cmake/rosidl_generator_py_generate_interfaces.cmake:27 (rosidl_generator_py_get_typesupports)
[2.082s]   /home/nikhil/ros2_dashing/ros2-linux/share/ament_cmake_core/cmake/core/ament_execute_extensions.cmake:48 (include)
[2.082s]   /home/nikhil/ros2_dashing/ros2-linux/share/rosidl_cmake/cmake/rosidl_generate_interfaces.cmake:286 (ament_execute_extensions)
[2.082s]   CMakeLists.txt:43 (rosidl_generate_interfaces)
[2.082s] 
[2.082s] 
[2.082s] CMake Warning at /home/nikhil/ros2_dashing/ros2-linux/share/rmw_connext_shared_cpp/cmake/ament_cmake_export_libraries-extras.cmake:62 (message):
[2.083s]   Package 'rmw_connext_shared_cpp' exports the library
[2.083s]   '/opt/rti.com/rti_connext_dds-5.3.1/lib/x64Linux3gcc5.4.0/libnddscored.so'
[2.083s]   which doesn't exist
[2.083s] Call Stack (most recent call first):
[2.083s]   /home/nikhil/ros2_dashing/ros2-linux/share/rmw_connext_shared_cpp/cmake/rmw_connext_shared_cppConfig.cmake:38 (include)
[2.083s]   /home/nikhil/ros2_dashing/ros2-linux/share/rmw_connext_cpp/cmake/ament_cmake_export_dependencies-extras.cmake:21 (find_package)
[2.083s]   /home/nikhil/ros2_dashing/ros2-linux/share/rmw_connext_cpp/cmake/rmw_connext_cppConfig.cmake:38 (include)
[2.083s]   /home/nikhil/ros2_dashing/ros2-linux/share/rmw_implementation_cmake/cmake/call_for_each_rmw_implementation.cmake:61 (find_package)
[2.083s]   /home/nikhil/ros2_dashing/ros2-linux/share/rosidl_generator_py/cmake/rosidl_generator_py_get_typesupports.cmake:26 (call_for_each_rmw_implementation)
[2.083s]   /home/nikhil/ros2_dashing/ros2-linux/share/rosidl_generator_py/cmake/rosidl_generator_py_generate_interfaces.cmake:27 (rosidl_generator_py_get_typesupports)
[2.083s]   /home/nikhil/ros2_dashing/ros2-linux/share/ament_cmake_core/cmake/core/ament_execute_extensions.cmake:48 (include)
[2.083s]   /home/nikhil/ros2_dashing/ros2-linux/share/rosidl_cmake/cmake/rosidl_generate_interfaces.cmake:286 (ament_execute_extensions)
[2.083s]   CMakeLists.txt:43 (rosidl_generate_interfaces)
[2.083s] 
[2.083s] 
[2.083s] CMake Warning at /home/nikhil/ros2_dashing/ros2-linux/share/rmw_connext_shared_cpp/cmake/ament_cmake_export_libraries-extras.cmake:62 (message):
[2.083s]   Package 'rmw_connext_shared_cpp' exports the library
[2.084s]   '/opt/rti.com/rti_connext_dds-5.3.1/lib/x64Linux3gcc5.4.0/libnddscppd.so'
[2.084s]   which doesn't exist
[2.084s] Call Stack (most recent call first):
[2.084s]   /home/nikhil/ros2_dashing/ros2-linux/share/rmw_connext_shared_cpp/cmake/rmw_connext_shared_cppConfig.cmake:38 (include)
[2.084s]   /home/nikhil/ros2_dashing/ros2-linux/share/rmw_connext_cpp/cmake/ament_cmake_export_dependencies-extras.cmake:21 (find_package)
[2.084s]   /home/nikhil/ros2_dashing/ros2-linux/share/rmw_connext_cpp/cmake/rmw_connext_cppConfig.cmake:38 (include)
[2.084s]   /home/nikhil/ros2_dashing/ros2-linux/share/rmw_implementation_cmake/cmake/call_for_each_rmw_implementation.cmake:61 (find_package)
[2.084s]   /home/nikhil/ros2_dashing/ros2-linux/share/rosidl_generator_py/cmake/rosidl_generator_py_get_typesupports.cmake:26 (call_for_each_rmw_implementation)
[2.084s]   /home/nikhil/ros2_dashing/ros2-linux/share/rosidl_generator_py/cmake/rosidl_generator_py_generate_interfaces.cmake:27 (rosidl_generator_py_get_typesupports)
[2.084s]   /home/nikhil/ros2_dashing/ros2-linux/share/ament_cmake_core/cmake/core/ament_execute_extensions.cmake:48 (include)
[2.084s]   /home/nikhil/ros2_dashing/ros2-linux/share/rosidl_cmake/cmake/rosidl_generate_interfaces.cmake:286 (ament_execute_extensions)
[2.084s]   CMakeLists.txt:43 (rosidl_generate_interfaces)
[2.084s] 
[2.085s] 
[2.085s] CMake Warning at /home/nikhil/ros2_dashing/ros2-linux/share/rmw_connext_shared_cpp/cmake/ament_cmake_export_libraries-extras.cmake:62 (message):
[2.085s]   Package 'rmw_connext_shared_cpp' exports the library
[2.085s]   '/opt/rti.com/rti_connext_dds-5.3.1/lib/x64Linux3gcc5.4.0/librticonnextmsgcppd.so'
[2.085s]   which doesn't exist
[2.085s] Call Stack (most recent call first):
[2.085s]   /home/nikhil/ros2_dashing/ros2-linux/share/rmw_connext_shared_cpp/cmake/rmw_connext_shared_cppConfig.cmake:38 (include)
[2.085s]   /home/nikhil/ros2_dashing/ros2-linux/share/rmw_connext_cpp/cmake/ament_cmake_export_dependencies-extras.cmake:21 (find_package)
[2.085s]   /home/nikhil/ros2_dashing/ros2-linux/share/rmw_connext_cpp/cmake/rmw_connext_cppConfig.cmake:38 (include)
[2.085s]   /home/nikhil/ros2_dashing/ros2-linux/share/rmw_implementation_cmake/cmake/call_for_each_rmw_implementation.cmake:61 (find_package)
[2.085s]   /home/nikhil/ros2_dashing/ros2-linux/share/rosidl_generator_py/cmake/rosidl_generator_py_get_typesupports.cmake:26 (call_for_each_rmw_implementation)
[2.085s]   /home/nikhil/ros2_dashing/ros2-linux/share/rosidl_generator_py/cmake/rosidl_generator_py_generate_interfaces.cmake:27 (rosidl_generator_py_get_typesupports)
[2.085s]   /home/nikhil/ros2_dashing/ros2-linux/share/ament_cmake_core/cmake/core/ament_execute_extensions.cmake:48 (include)
[2.085s]   /home/nikhil/ros2_dashing/ros2-linux/share/rosidl_cmake/cmake/rosidl_generate_interfaces.cmake:286 (ament_execute_extensions)
[2.085s]   CMakeLists.txt:43 (rosidl_generate_interfaces)
[2.085s] 
[2.086s] 
[2.228s] -- Could not find PrismTech OpenSplice - skipping rmw_opensplice_cpp
[2.294s] -- Found ament_lint_auto: 0.7.11 (/home/nikhil/ros2_dashing/ros2-linux/share/ament_lint_auto/cmake)
[2.323s] -- Added test 'lint_cmake' to check CMake code style
[2.325s] -- Added test 'xmllint' to check XML markup files
[2.331s] -- Configuring done
[2.517s] -- Generating done
[2.522s] -- Build files have been written to: /home/nikhil/nourish_ws/build/juice_spout_msgs
[2.615s] [  1%] [34m[1mGenerating C code for ROS interfaces[0m
[2.616s] [35m[1mScanning dependencies of target juice_spout_msgs__cpp[0m
[2.634s] [  3%] [34m[1mGenerating C++ code for ROS interfaces[0m
[4.115s] [  3%] Built target juice_spout_msgs__cpp
[4.163s] [  5%] [34m[1mGenerating C++ type support dispatch for ROS interfaces[0m
[4.201s] [  7%] [34m[1mGenerating C++ introspection for ROS interfaces[0m
[4.204s] [  9%] [34m[1mGenerating C++ type support for eProsima Fast-RTPS[0m
[4.238s] [35m[1mScanning dependencies of target juice_spout_msgs__rosidl_generator_c[0m
[4.266s] [ 10%] [32mBuilding C object CMakeFiles/juice_spout_msgs__rosidl_generator_c.dir/rosidl_generator_c/juice_spout_msgs/action/run_action_recipe__functions.c.o[0m
[4.288s] [ 12%] [32mBuilding C object CMakeFiles/juice_spout_msgs__rosidl_generator_c.dir/rosidl_generator_c/juice_spout_msgs/srv/run_recipe__functions.c.o[0m
[4.290s] [ 14%] [32mBuilding C object CMakeFiles/juice_spout_msgs__rosidl_generator_c.dir/rosidl_generator_c/juice_spout_msgs/srv/set_fill__functions.c.o[0m
[4.297s] [ 16%] [32mBuilding C object CMakeFiles/juice_spout_msgs__rosidl_generator_c.dir/rosidl_generator_c/juice_spout_msgs/msg/spout_state__functions.c.o[0m
[4.435s] [ 18%] [32m[1mLinking C shared library libjuice_spout_msgs__rosidl_generator_c.so[0m
[4.501s] [ 18%] Built target juice_spout_msgs__rosidl_generator_c
[4.514s] [ 20%] [34m[1mGenerating C introspection for ROS interfaces[0m
[4.519s] [ 21%] [34m[1mGenerating C type support dispatch for ROS interfaces[0m
[5.097s] [35m[1mScanning dependencies of target juice_spout_msgs__rosidl_typesupport_cpp[0m
[5.130s] [ 23%] [32mBuilding CXX object CMakeFiles/juice_spout_msgs__rosidl_typesupport_cpp.dir/rosidl_typesupport_cpp/juice_spout_msgs/srv/run_recipe__type_support.cpp.o[0m
[5.131s] [ 25%] [32mBuilding CXX object CMakeFiles/juice_spout_msgs__rosidl_typesupport_cpp.dir/rosidl_typesupport_cpp/juice_spout_msgs/action/run_action_recipe__type_support.cpp.o[0m
[5.132s] [ 27%] [32mBuilding CXX object CMakeFiles/juice_spout_msgs__rosidl_typesupport_cpp.dir/rosidl_typesupport_cpp/juice_spout_msgs/srv/set_fill__type_support.cpp.o[0m
[5.145s] [ 29%] [32mBuilding CXX object CMakeFiles/juice_spout_msgs__rosidl_typesupport_cpp.dir/rosidl_typesupport_cpp/juice_spout_msgs/msg/spout_state__type_support.cpp.o[0m
[5.519s] [35m[1mScanning dependencies of target juice_spout_msgs__rosidl_typesupport_introspection_cpp[0m
[5.561s] [35m[1mScanning dependencies of target juice_spout_msgs__rosidl_typesupport_c[0m
[5.596s] [ 30%] [32mBuilding CXX object CMakeFiles/juice_spout_msgs__rosidl_typesupport_introspection_cpp.dir/rosidl_typesupport_introspection_cpp/juice_spout_msgs/srv/run_recipe__type_support.cpp.o[0m
[5.607s] [ 32%] [32mBuilding CXX object CMakeFiles/juice_spout_msgs__rosidl_typesupport_introspection_cpp.dir/rosidl_typesupport_introspection_cpp/juice_spout_msgs/srv/set_fill__type_support.cpp.o[0m
[5.609s] [ 36%] [32mBuilding CXX object CMakeFiles/juice_spout_msgs__rosidl_typesupport_c.dir/rosidl_typesupport_c/juice_spout_msgs/srv/run_recipe__type_support.cpp.o[0m
[5.609s] [ 36%] [32mBuilding CXX object CMakeFiles/juice_spout_msgs__rosidl_typesupport_introspection_cpp.dir/rosidl_typesupport_introspection_cpp/juice_spout_msgs/msg/spout_state__type_support.cpp.o[0m
[5.620s] [ 38%] [32mBuilding CXX object CMakeFiles/juice_spout_msgs__rosidl_typesupport_introspection_cpp.dir/rosidl_typesupport_introspection_cpp/juice_spout_msgs/action/run_action_recipe__type_support.cpp.o[0m
[5.639s] [ 40%] [32mBuilding CXX object CMakeFiles/juice_spout_msgs__rosidl_typesupport_c.dir/rosidl_typesupport_c/juice_spout_msgs/action/run_action_recipe__type_support.cpp.o[0m
[5.644s] [ 41%] [32mBuilding CXX object CMakeFiles/juice_spout_msgs__rosidl_typesupport_c.dir/rosidl_typesupport_c/juice_spout_msgs/srv/set_fill__type_support.cpp.o[0m
[5.660s] [ 43%] [32mBuilding CXX object CMakeFiles/juice_spout_msgs__rosidl_typesupport_c.dir/rosidl_typesupport_c/juice_spout_msgs/msg/spout_state__type_support.cpp.o[0m
[5.668s] [35m[1mScanning dependencies of target juice_spout_msgs__rosidl_typesupport_introspection_c[0m
[5.691s] [35m[1mScanning dependencies of target juice_spout_msgs__rosidl_typesupport_fastrtps_cpp[0m
[5.737s] [ 45%] [32mBuilding C object CMakeFiles/juice_spout_msgs__rosidl_typesupport_introspection_c.dir/rosidl_typesupport_introspection_c/juice_spout_msgs/srv/set_fill__type_support.c.o[0m
[5.776s] [ 47%] [32mBuilding C object CMakeFiles/juice_spout_msgs__rosidl_typesupport_introspection_c.dir/rosidl_typesupport_introspection_c/juice_spout_msgs/srv/run_recipe__type_support.c.o[0m
[5.786s] [ 50%] [32mBuilding C object CMakeFiles/juice_spout_msgs__rosidl_typesupport_introspection_c.dir/rosidl_typesupport_introspection_c/juice_spout_msgs/action/run_action_recipe__type_support.c.o[0m
[5.793s] [ 52%] [32m[1mLinking CXX shared library libjuice_spout_msgs__rosidl_typesupport_cpp.so[0m
[5.796s] [ 49%] [32mBuilding CXX object CMakeFiles/juice_spout_msgs__rosidl_typesupport_fastrtps_cpp.dir/rosidl_typesupport_fastrtps_cpp/juice_spout_msgs/srv/dds_fastrtps/run_recipe__type_support.cpp.o[0m
[5.815s] [ 54%] [32mBuilding C object CMakeFiles/juice_spout_msgs__rosidl_typesupport_introspection_c.dir/rosidl_typesupport_introspection_c/juice_spout_msgs/msg/spout_state__type_support.c.o[0m
[5.854s] [ 56%] [32mBuilding CXX object CMakeFiles/juice_spout_msgs__rosidl_typesupport_fastrtps_cpp.dir/rosidl_typesupport_fastrtps_cpp/juice_spout_msgs/srv/dds_fastrtps/set_fill__type_support.cpp.o[0m
[5.885s] [ 58%] [32m[1mLinking CXX shared library libjuice_spout_msgs__rosidl_typesupport_c.so[0m
[5.939s] [ 60%] [32mBuilding CXX object CMakeFiles/juice_spout_msgs__rosidl_typesupport_fastrtps_cpp.dir/rosidl_typesupport_fastrtps_cpp/juice_spout_msgs/action/dds_fastrtps/run_action_recipe__type_support.cpp.o[0m
[5.959s] [ 61%] [32mBuilding CXX object CMakeFiles/juice_spout_msgs__rosidl_typesupport_fastrtps_cpp.dir/rosidl_typesupport_fastrtps_cpp/juice_spout_msgs/msg/dds_fastrtps/spout_state__type_support.cpp.o[0m
[5.979s] [ 63%] [32m[1mLinking C shared library libjuice_spout_msgs__rosidl_typesupport_introspection_c.so[0m
[6.061s] [ 63%] Built target juice_spout_msgs__rosidl_typesupport_cpp
[6.109s] [ 63%] Built target juice_spout_msgs__rosidl_typesupport_c
[6.168s] [ 63%] Built target juice_spout_msgs__rosidl_typesupport_introspection_c
[6.365s] [ 65%] [32m[1mLinking CXX shared library libjuice_spout_msgs__rosidl_typesupport_introspection_cpp.so[0m
[6.450s] [ 65%] Built target juice_spout_msgs__rosidl_typesupport_introspection_cpp
[6.676s] [ 67%] [32m[1mLinking CXX shared library libjuice_spout_msgs__rosidl_typesupport_fastrtps_cpp.so[0m
[6.795s] [ 67%] Built target juice_spout_msgs__rosidl_typesupport_fastrtps_cpp
[6.808s] [ 69%] [34m[1mGenerating C type support for eProsima Fast-RTPS[0m
[7.929s] [35m[1mScanning dependencies of target juice_spout_msgs__rosidl_typesupport_fastrtps_c[0m
[8.049s] [ 70%] [32mBuilding CXX object CMakeFiles/juice_spout_msgs__rosidl_typesupport_fastrtps_c.dir/rosidl_typesupport_fastrtps_c/juice_spout_msgs/srv/run_recipe__type_support_c.cpp.o[0m
[8.052s] [ 72%] [32mBuilding CXX object CMakeFiles/juice_spout_msgs__rosidl_typesupport_fastrtps_c.dir/rosidl_typesupport_fastrtps_c/juice_spout_msgs/action/run_action_recipe__type_support_c.cpp.o[0m
[8.095s] [ 74%] [32mBuilding CXX object CMakeFiles/juice_spout_msgs__rosidl_typesupport_fastrtps_c.dir/rosidl_typesupport_fastrtps_c/juice_spout_msgs/srv/set_fill__type_support_c.cpp.o[0m
[8.097s] [ 76%] [32mBuilding CXX object CMakeFiles/juice_spout_msgs__rosidl_typesupport_fastrtps_c.dir/rosidl_typesupport_fastrtps_c/juice_spout_msgs/msg/spout_state__type_support_c.cpp.o[0m
[8.735s] [ 78%] [32m[1mLinking CXX shared library libjuice_spout_msgs__rosidl_typesupport_fastrtps_c.so[0m
[8.915s] [ 78%] Built target juice_spout_msgs__rosidl_typesupport_fastrtps_c
[8.978s] [35m[1mScanning dependencies of target juice_spout_msgs[0m
[9.022s] [ 78%] Built target juice_spout_msgs
[9.052s] [35m[1mScanning dependencies of target juice_spout_msgs__py[0m
[9.100s] [ 80%] [34m[1mGenerating Python code for ROS interfaces[0m
[11.489s] [ 80%] Built target juice_spout_msgs__py
[11.503s] [35m[1mScanning dependencies of target juice_spout_msgs__python[0m
[11.534s] [ 81%] [32mBuilding C object CMakeFiles/juice_spout_msgs__python.dir/rosidl_generator_py/juice_spout_msgs/srv/_set_fill_s.c.o[0m
[11.535s] [ 83%] [32mBuilding C object CMakeFiles/juice_spout_msgs__python.dir/rosidl_generator_py/juice_spout_msgs/msg/_spout_state_s.c.o[0m
[11.538s] [ 85%] [32mBuilding C object CMakeFiles/juice_spout_msgs__python.dir/rosidl_generator_py/juice_spout_msgs/srv/_run_recipe_s.c.o[0m
[11.539s] [ 87%] [32mBuilding C object CMakeFiles/juice_spout_msgs__python.dir/rosidl_generator_py/juice_spout_msgs/action/_run_action_recipe_s.c.o[0m
[11.660s] [ 89%] [32m[1mLinking C shared library rosidl_generator_py/juice_spout_msgs/libjuice_spout_msgs__python.so[0m
[11.711s] [ 89%] Built target juice_spout_msgs__python
[11.722s] [35m[1mScanning dependencies of target juice_spout_msgs__rosidl_typesupport_c__pyext[0m
[11.726s] [35m[1mScanning dependencies of target juice_spout_msgs__rosidl_typesupport_introspection_c__pyext[0m
[11.731s] [35m[1mScanning dependencies of target juice_spout_msgs__rosidl_typesupport_fastrtps_c__pyext[0m
[11.740s] [ 90%] [32mBuilding C object CMakeFiles/juice_spout_msgs__rosidl_typesupport_c__pyext.dir/rosidl_generator_py/juice_spout_msgs/_juice_spout_msgs_s.ep.rosidl_typesupport_c.c.o[0m
[11.756s] [ 92%] [32mBuilding C object CMakeFiles/juice_spout_msgs__rosidl_typesupport_introspection_c__pyext.dir/rosidl_generator_py/juice_spout_msgs/_juice_spout_msgs_s.ep.rosidl_typesupport_introspection_c.c.o[0m
[11.759s] [ 94%] [32mBuilding C object CMakeFiles/juice_spout_msgs__rosidl_typesupport_fastrtps_c__pyext.dir/rosidl_generator_py/juice_spout_msgs/_juice_spout_msgs_s.ep.rosidl_typesupport_fastrtps_c.c.o[0m
[11.866s] [ 96%] [32m[1mLinking C shared library rosidl_generator_py/juice_spout_msgs/juice_spout_msgs_s__rosidl_typesupport_c.cpython-36m-x86_64-linux-gnu.so[0m
[11.901s] [ 98%] [32m[1mLinking C shared library rosidl_generator_py/juice_spout_msgs/juice_spout_msgs_s__rosidl_typesupport_introspection_c.cpython-36m-x86_64-linux-gnu.so[0m
[11.905s] [100%] [32m[1mLinking C shared library rosidl_generator_py/juice_spout_msgs/juice_spout_msgs_s__rosidl_typesupport_fastrtps_c.cpython-36m-x86_64-linux-gnu.so[0m
[11.936s] [100%] Built target juice_spout_msgs__rosidl_typesupport_c__pyext
[11.969s] [100%] Built target juice_spout_msgs__rosidl_typesupport_introspection_c__pyext
[11.992s] [100%] Built target juice_spout_msgs__rosidl_typesupport_fastrtps_c__pyext
[12.182s] [ 12%] Built target juice_spout_msgs__rosidl_generator_c
[12.182s] [ 12%] Built target juice_spout_msgs__cpp
[12.210s] [ 23%] Built target juice_spout_msgs__rosidl_typesupport_introspection_c
[12.218s] [ 34%] Built target juice_spout_msgs__rosidl_typesupport_cpp
[12.220s] [ 45%] Built target juice_spout_msgs__rosidl_typesupport_introspection_cpp
[12.222s] [ 56%] Built target juice_spout_msgs__rosidl_typesupport_fastrtps_cpp
[12.242s] [ 67%] Built target juice_spout_msgs__rosidl_typesupport_c
[12.256s] [ 78%] Built target juice_spout_msgs__rosidl_typesupport_fastrtps_c
[12.293s] [ 78%] Built target juice_spout_msgs
[12.320s] [ 80%] Built target juice_spout_msgs__py
[12.363s] [ 89%] Built target juice_spout_msgs__python
[12.510s] [ 92%] Built target juice_spout_msgs__rosidl_typesupport_fastrtps_c__pyext
[12.527s] [ 96%] Built target juice_spout_msgs__rosidl_typesupport_introspection_c__pyext
[12.574s] [100%] Built target juice_spout_msgs__rosidl_typesupport_c__pyext
[12.720s] [36mInstall the project...[0m
[12.785s] -- Install configuration: ""
[12.785s] -- Installing: /home/nikhil/nourish_ws/install/juice_spout_msgs/share/ament_index/resource_index/rosidl_interfaces/juice_spout_msgs
[12.785s] -- Installing: /home/nikhil/nourish_ws/install/juice_spout_msgs/include/juice_spout_msgs
[12.786s] -- Installing: /home/nikhil/nourish_ws/install/juice_spout_msgs/include/juice_spout_msgs/action
[12.786s] -- Installing: /home/nikhil/nourish_ws/install/juice_spout_msgs/include/juice_spout_msgs/action/run_action_recipe.hpp
[12.786s] -- Installing: /home/nikhil/nourish_ws/install/juice_spout_msgs/include/juice_spout_msgs/action/run_action_recipe__struct.hpp
[12.786s] -- Installing: /home/nikhil/nourish_ws/install/juice_spout_msgs/include/juice_spout_msgs/action/run_action_recipe__traits.hpp
[12.787s] -- Installing: /home/nikhil/nourish_ws/install/juice_spout_msgs/include/juice_spout_msgs/msg
[12.787s] -- Installing: /home/nikhil/nourish_ws/install/juice_spout_msgs/include/juice_spout_msgs/msg/spout_state__traits.hpp
[12.787s] -- Installing: /home/nikhil/nourish_ws/install/juice_spout_msgs/include/juice_spout_msgs/msg/spout_state.hpp
[12.787s] -- Installing: /home/nikhil/nourish_ws/install/juice_spout_msgs/include/juice_spout_msgs/msg/spout_state__struct.hpp
[12.787s] -- Installing: /home/nikhil/nourish_ws/install/juice_spout_msgs/include/juice_spout_msgs/srv
[12.788s] -- Installing: /home/nikhil/nourish_ws/install/juice_spout_msgs/include/juice_spout_msgs/srv/run_recipe__struct.hpp
[12.788s] -- Installing: /home/nikhil/nourish_ws/install/juice_spout_msgs/include/juice_spout_msgs/srv/set_fill.hpp
[12.788s] -- Installing: /home/nikhil/nourish_ws/install/juice_spout_msgs/include/juice_spout_msgs/srv/set_fill__traits.hpp
[12.788s] -- Installing: /home/nikhil/nourish_ws/install/juice_spout_msgs/include/juice_spout_msgs/srv/run_recipe.hpp
[12.789s] -- Installing: /home/nikhil/nourish_ws/install/juice_spout_msgs/include/juice_spout_msgs/srv/set_fill__struct.hpp
[12.789s] -- Installing: /home/nikhil/nourish_ws/install/juice_spout_msgs/include/juice_spout_msgs/srv/run_recipe__traits.hpp
[12.789s] -- Up-to-date: /home/nikhil/nourish_ws/install/juice_spout_msgs/include/juice_spout_msgs
[12.789s] -- Up-to-date: /home/nikhil/nourish_ws/install/juice_spout_msgs/include/juice_spout_msgs/action
[12.789s] -- Installing: /home/nikhil/nourish_ws/install/juice_spout_msgs/include/juice_spout_msgs/action/run_action_recipe.h
[12.790s] -- Installing: /home/nikhil/nourish_ws/install/juice_spout_msgs/include/juice_spout_msgs/action/run_action_recipe__type_support.h
[12.790s] -- Installing: /home/nikhil/nourish_ws/install/juice_spout_msgs/include/juice_spout_msgs/action/run_action_recipe__functions.c
[12.790s] -- Installing: /home/nikhil/nourish_ws/install/juice_spout_msgs/include/juice_spout_msgs/action/run_action_recipe__functions.h
[12.790s] -- Installing: /home/nikhil/nourish_ws/install/juice_spout_msgs/include/juice_spout_msgs/action/run_action_recipe__struct.h
[12.790s] -- Up-to-date: /home/nikhil/nourish_ws/install/juice_spout_msgs/include/juice_spout_msgs/msg
[12.790s] -- Installing: /home/nikhil/nourish_ws/install/juice_spout_msgs/include/juice_spout_msgs/msg/spout_state__struct.h
[12.791s] -- Installing: /home/nikhil/nourish_ws/install/juice_spout_msgs/include/juice_spout_msgs/msg/spout_state__type_support.h
[12.791s] -- Installing: /home/nikhil/nourish_ws/install/juice_spout_msgs/include/juice_spout_msgs/msg/spout_state__functions.c
[12.791s] -- Installing: /home/nikhil/nourish_ws/install/juice_spout_msgs/include/juice_spout_msgs/msg/rosidl_generator_c__visibility_control.h
[12.791s] -- Installing: /home/nikhil/nourish_ws/install/juice_spout_msgs/include/juice_spout_msgs/msg/spout_state__functions.h
[12.791s] -- Installing: /home/nikhil/nourish_ws/install/juice_spout_msgs/include/juice_spout_msgs/msg/spout_state.h
[12.791s] -- Up-to-date: /home/nikhil/nourish_ws/install/juice_spout_msgs/include/juice_spout_msgs/srv
[12.792s] -- Installing: /home/nikhil/nourish_ws/install/juice_spout_msgs/include/juice_spout_msgs/srv/run_recipe.h
[12.792s] -- Installing: /home/nikhil/nourish_ws/install/juice_spout_msgs/include/juice_spout_msgs/srv/set_fill__type_support.h
[12.792s] -- Installing: /home/nikhil/nourish_ws/install/juice_spout_msgs/include/juice_spout_msgs/srv/run_recipe__functions.c
[12.792s] -- Installing: /home/nikhil/nourish_ws/install/juice_spout_msgs/include/juice_spout_msgs/srv/set_fill__functions.c
[12.792s] -- Installing: /home/nikhil/nourish_ws/install/juice_spout_msgs/include/juice_spout_msgs/srv/run_recipe__struct.h
[12.793s] -- Installing: /home/nikhil/nourish_ws/install/juice_spout_msgs/include/juice_spout_msgs/srv/set_fill.h
[12.793s] -- Installing: /home/nikhil/nourish_ws/install/juice_spout_msgs/include/juice_spout_msgs/srv/set_fill__struct.h
[12.793s] -- Installing: /home/nikhil/nourish_ws/install/juice_spout_msgs/include/juice_spout_msgs/srv/run_recipe__type_support.h
[12.793s] -- Installing: /home/nikhil/nourish_ws/install/juice_spout_msgs/include/juice_spout_msgs/srv/set_fill__functions.h
[12.793s] -- Installing: /home/nikhil/nourish_ws/install/juice_spout_msgs/include/juice_spout_msgs/srv/run_recipe__functions.h
[12.794s] -- Installing: /home/nikhil/nourish_ws/install/juice_spout_msgs/share/juice_spout_msgs/environment/library_path.sh
[12.794s] -- Installing: /home/nikhil/nourish_ws/install/juice_spout_msgs/lib/libjuice_spout_msgs__rosidl_generator_c.so
[12.794s] -- Set runtime path of "/home/nikhil/nourish_ws/install/juice_spout_msgs/lib/libjuice_spout_msgs__rosidl_generator_c.so" to ""
[12.794s] -- Installing: /home/nikhil/nourish_ws/install/juice_spout_msgs/lib/libjuice_spout_msgs__rosidl_typesupport_c.so
[12.794s] -- Set runtime path of "/home/nikhil/nourish_ws/install/juice_spout_msgs/lib/libjuice_spout_msgs__rosidl_typesupport_c.so" to ""
[12.795s] -- Installing: /home/nikhil/nourish_ws/install/juice_spout_msgs/lib/libjuice_spout_msgs__rosidl_typesupport_cpp.so
[12.795s] -- Set runtime path of "/home/nikhil/nourish_ws/install/juice_spout_msgs/lib/libjuice_spout_msgs__rosidl_typesupport_cpp.so" to ""
[12.795s] -- Up-to-date: /home/nikhil/nourish_ws/install/juice_spout_msgs/include/juice_spout_msgs
[12.804s] -- Up-to-date: /home/nikhil/nourish_ws/install/juice_spout_msgs/include/juice_spout_msgs/action
[12.804s] -- Installing: /home/nikhil/nourish_ws/install/juice_spout_msgs/include/juice_spout_msgs/action/run_action_recipe__rosidl_typesupport_introspection_c.h
[12.804s] -- Installing: /home/nikhil/nourish_ws/install/juice_spout_msgs/include/juice_spout_msgs/action/run_action_recipe__type_support.c
[12.805s] -- Up-to-date: /home/nikhil/nourish_ws/install/juice_spout_msgs/include/juice_spout_msgs/msg
[12.805s] -- Installing: /home/nikhil/nourish_ws/install/juice_spout_msgs/include/juice_spout_msgs/msg/spout_state__type_support.c
[12.805s] -- Installing: /home/nikhil/nourish_ws/install/juice_spout_msgs/include/juice_spout_msgs/msg/rosidl_typesupport_introspection_c__visibility_control.h
[12.805s] -- Installing: /home/nikhil/nourish_ws/install/juice_spout_msgs/include/juice_spout_msgs/msg/spout_state__rosidl_typesupport_introspection_c.h
[12.805s] -- Up-to-date: /home/nikhil/nourish_ws/install/juice_spout_msgs/include/juice_spout_msgs/srv
[12.805s] -- Installing: /home/nikhil/nourish_ws/install/juice_spout_msgs/include/juice_spout_msgs/srv/run_recipe__rosidl_typesupport_introspection_c.h
[12.805s] -- Installing: /home/nikhil/nourish_ws/install/juice_spout_msgs/include/juice_spout_msgs/srv/set_fill__type_support.c
[12.806s] -- Installing: /home/nikhil/nourish_ws/install/juice_spout_msgs/include/juice_spout_msgs/srv/set_fill__rosidl_typesupport_introspection_c.h
[12.806s] -- Installing: /home/nikhil/nourish_ws/install/juice_spout_msgs/include/juice_spout_msgs/srv/run_recipe__type_support.c
[12.806s] -- Installing: /home/nikhil/nourish_ws/install/juice_spout_msgs/lib/libjuice_spout_msgs__rosidl_typesupport_introspection_c.so
[12.806s] -- Set runtime path of "/home/nikhil/nourish_ws/install/juice_spout_msgs/lib/libjuice_spout_msgs__rosidl_typesupport_introspection_c.so" to ""
[12.806s] -- Up-to-date: /home/nikhil/nourish_ws/install/juice_spout_msgs/include/juice_spout_msgs
[12.806s] -- Up-to-date: /home/nikhil/nourish_ws/install/juice_spout_msgs/include/juice_spout_msgs/action
[12.806s] -- Installing: /home/nikhil/nourish_ws/install/juice_spout_msgs/include/juice_spout_msgs/action/run_action_recipe__rosidl_typesupport_introspection_cpp.hpp
[12.807s] -- Installing: /home/nikhil/nourish_ws/install/juice_spout_msgs/include/juice_spout_msgs/action/run_action_recipe__type_support.cpp
[12.807s] -- Up-to-date: /home/nikhil/nourish_ws/install/juice_spout_msgs/include/juice_spout_msgs/msg
[12.807s] -- Installing: /home/nikhil/nourish_ws/install/juice_spout_msgs/include/juice_spout_msgs/msg/spout_state__rosidl_typesupport_introspection_cpp.hpp
[12.807s] -- Installing: /home/nikhil/nourish_ws/install/juice_spout_msgs/include/juice_spout_msgs/msg/spout_state__type_support.cpp
[12.807s] -- Up-to-date: /home/nikhil/nourish_ws/install/juice_spout_msgs/include/juice_spout_msgs/srv
[12.808s] -- Installing: /home/nikhil/nourish_ws/install/juice_spout_msgs/include/juice_spout_msgs/srv/run_recipe__type_support.cpp
[12.808s] -- Installing: /home/nikhil/nourish_ws/install/juice_spout_msgs/include/juice_spout_msgs/srv/set_fill__rosidl_typesupport_introspection_cpp.hpp
[12.808s] -- Installing: /home/nikhil/nourish_ws/install/juice_spout_msgs/include/juice_spout_msgs/srv/run_recipe__rosidl_typesupport_introspection_cpp.hpp
[12.808s] -- Installing: /home/nikhil/nourish_ws/install/juice_spout_msgs/include/juice_spout_msgs/srv/set_fill__type_support.cpp
[12.808s] -- Installing: /home/nikhil/nourish_ws/install/juice_spout_msgs/lib/libjuice_spout_msgs__rosidl_typesupport_introspection_cpp.so
[12.809s] -- Set runtime path of "/home/nikhil/nourish_ws/install/juice_spout_msgs/lib/libjuice_spout_msgs__rosidl_typesupport_introspection_cpp.so" to ""
[12.809s] -- Up-to-date: /home/nikhil/nourish_ws/install/juice_spout_msgs/include/juice_spout_msgs
[12.809s] -- Up-to-date: /home/nikhil/nourish_ws/install/juice_spout_msgs/include/juice_spout_msgs/action
[12.809s] -- Installing: /home/nikhil/nourish_ws/install/juice_spout_msgs/include/juice_spout_msgs/action/run_action_recipe__rosidl_typesupport_fastrtps_c.h
[12.810s] -- Up-to-date: /home/nikhil/nourish_ws/install/juice_spout_msgs/include/juice_spout_msgs/msg
[12.810s] -- Installing: /home/nikhil/nourish_ws/install/juice_spout_msgs/include/juice_spout_msgs/msg/spout_state__rosidl_typesupport_fastrtps_c.h
[12.810s] -- Installing: /home/nikhil/nourish_ws/install/juice_spout_msgs/include/juice_spout_msgs/msg/rosidl_typesupport_fastrtps_c__visibility_control.h
[12.810s] -- Up-to-date: /home/nikhil/nourish_ws/install/juice_spout_msgs/include/juice_spout_msgs/srv
[12.810s] -- Installing: /home/nikhil/nourish_ws/install/juice_spout_msgs/include/juice_spout_msgs/srv/run_recipe__rosidl_typesupport_fastrtps_c.h
[12.811s] -- Installing: /home/nikhil/nourish_ws/install/juice_spout_msgs/include/juice_spout_msgs/srv/set_fill__rosidl_typesupport_fastrtps_c.h
[12.811s] -- Installing: /home/nikhil/nourish_ws/install/juice_spout_msgs/lib/libjuice_spout_msgs__rosidl_typesupport_fastrtps_c.so
[12.811s] -- Set runtime path of "/home/nikhil/nourish_ws/install/juice_spout_msgs/lib/libjuice_spout_msgs__rosidl_typesupport_fastrtps_c.so" to ""
[12.811s] -- Up-to-date: /home/nikhil/nourish_ws/install/juice_spout_msgs/include/juice_spout_msgs
[12.811s] -- Up-to-date: /home/nikhil/nourish_ws/install/juice_spout_msgs/include/juice_spout_msgs/action
[12.812s] -- Installing: /home/nikhil/nourish_ws/install/juice_spout_msgs/include/juice_spout_msgs/action/run_action_recipe__rosidl_typesupport_fastrtps_cpp.hpp
[12.812s] -- Installing: /home/nikhil/nourish_ws/install/juice_spout_msgs/include/juice_spout_msgs/action/dds_fastrtps
[12.812s] -- Up-to-date: /home/nikhil/nourish_ws/install/juice_spout_msgs/include/juice_spout_msgs/msg
[12.812s] -- Installing: /home/nikhil/nourish_ws/install/juice_spout_msgs/include/juice_spout_msgs/msg/dds_fastrtps
[12.812s] -- Installing: /home/nikhil/nourish_ws/install/juice_spout_msgs/include/juice_spout_msgs/msg/rosidl_typesupport_fastrtps_cpp__visibility_control.h
[12.812s] -- Installing: /home/nikhil/nourish_ws/install/juice_spout_msgs/include/juice_spout_msgs/msg/spout_state__rosidl_typesupport_fastrtps_cpp.hpp
[12.813s] -- Up-to-date: /home/nikhil/nourish_ws/install/juice_spout_msgs/include/juice_spout_msgs/srv
[12.813s] -- Installing: /home/nikhil/nourish_ws/install/juice_spout_msgs/include/juice_spout_msgs/srv/run_recipe__rosidl_typesupport_fastrtps_cpp.hpp
[12.813s] -- Installing: /home/nikhil/nourish_ws/install/juice_spout_msgs/include/juice_spout_msgs/srv/set_fill__rosidl_typesupport_fastrtps_cpp.hpp
[12.813s] -- Installing: /home/nikhil/nourish_ws/install/juice_spout_msgs/include/juice_spout_msgs/srv/dds_fastrtps
[12.813s] -- Installing: /home/nikhil/nourish_ws/install/juice_spout_msgs/lib/libjuice_spout_msgs__rosidl_typesupport_fastrtps_cpp.so
[12.813s] -- Set runtime path of "/home/nikhil/nourish_ws/install/juice_spout_msgs/lib/libjuice_spout_msgs__rosidl_typesupport_fastrtps_cpp.so" to ""
[12.814s] -- Installing: /home/nikhil/nourish_ws/install/juice_spout_msgs/share/juice_spout_msgs/environment/pythonpath.sh
[12.814s] -- Installing: /home/nikhil/nourish_ws/install/juice_spout_msgs/lib/python3.6/site-packages/juice_spout_msgs/__init__.py
[12.870s] Compiling '/home/nikhil/nourish_ws/install/juice_spout_msgs/lib/python3.6/site-packages/juice_spout_msgs/__init__.py'...
[12.878s] -- Installing: /home/nikhil/nourish_ws/install/juice_spout_msgs/lib/python3.6/site-packages/juice_spout_msgs/srv
[12.879s] -- Installing: /home/nikhil/nourish_ws/install/juice_spout_msgs/lib/python3.6/site-packages/juice_spout_msgs/srv/_run_recipe.py
[12.879s] -- Installing: /home/nikhil/nourish_ws/install/juice_spout_msgs/lib/python3.6/site-packages/juice_spout_msgs/srv/__init__.py
[12.880s] -- Installing: /home/nikhil/nourish_ws/install/juice_spout_msgs/lib/python3.6/site-packages/juice_spout_msgs/srv/_set_fill.py
[12.880s] -- Installing: /home/nikhil/nourish_ws/install/juice_spout_msgs/lib/python3.6/site-packages/juice_spout_msgs/srv/_run_recipe_s.c
[12.881s] -- Installing: /home/nikhil/nourish_ws/install/juice_spout_msgs/lib/python3.6/site-packages/juice_spout_msgs/srv/_set_fill_s.c
[12.881s] -- Installing: /home/nikhil/nourish_ws/install/juice_spout_msgs/lib/python3.6/site-packages/juice_spout_msgs/action
[12.882s] -- Installing: /home/nikhil/nourish_ws/install/juice_spout_msgs/lib/python3.6/site-packages/juice_spout_msgs/action/_run_action_recipe_s.c
[12.883s] -- Installing: /home/nikhil/nourish_ws/install/juice_spout_msgs/lib/python3.6/site-packages/juice_spout_msgs/action/__init__.py
[12.883s] -- Installing: /home/nikhil/nourish_ws/install/juice_spout_msgs/lib/python3.6/site-packages/juice_spout_msgs/action/_run_action_recipe.py
[12.883s] -- Installing: /home/nikhil/nourish_ws/install/juice_spout_msgs/lib/python3.6/site-packages/juice_spout_msgs/msg
[12.884s] -- Installing: /home/nikhil/nourish_ws/install/juice_spout_msgs/lib/python3.6/site-packages/juice_spout_msgs/msg/_spout_state.py
[12.884s] -- Installing: /home/nikhil/nourish_ws/install/juice_spout_msgs/lib/python3.6/site-packages/juice_spout_msgs/msg/_spout_state_s.c
[12.885s] -- Installing: /home/nikhil/nourish_ws/install/juice_spout_msgs/lib/python3.6/site-packages/juice_spout_msgs/msg/__init__.py
[12.886s] -- Installing: /home/nikhil/nourish_ws/install/juice_spout_msgs/lib/python3.6/site-packages/juice_spout_msgs/juice_spout_msgs_s__rosidl_typesupport_c.cpython-36m-x86_64-linux-gnu.so
[12.886s] -- Set runtime path of "/home/nikhil/nourish_ws/install/juice_spout_msgs/lib/python3.6/site-packages/juice_spout_msgs/juice_spout_msgs_s__rosidl_typesupport_c.cpython-36m-x86_64-linux-gnu.so" to ""
[12.887s] -- Installing: /home/nikhil/nourish_ws/install/juice_spout_msgs/lib/python3.6/site-packages/juice_spout_msgs/juice_spout_msgs_s__rosidl_typesupport_introspection_c.cpython-36m-x86_64-linux-gnu.so
[12.888s] -- Set runtime path of "/home/nikhil/nourish_ws/install/juice_spout_msgs/lib/python3.6/site-packages/juice_spout_msgs/juice_spout_msgs_s__rosidl_typesupport_introspection_c.cpython-36m-x86_64-linux-gnu.so" to ""
[12.889s] -- Installing: /home/nikhil/nourish_ws/install/juice_spout_msgs/lib/python3.6/site-packages/juice_spout_msgs/juice_spout_msgs_s__rosidl_typesupport_fastrtps_c.cpython-36m-x86_64-linux-gnu.so
[12.890s] -- Set runtime path of "/home/nikhil/nourish_ws/install/juice_spout_msgs/lib/python3.6/site-packages/juice_spout_msgs/juice_spout_msgs_s__rosidl_typesupport_fastrtps_c.cpython-36m-x86_64-linux-gnu.so" to ""
[12.891s] -- Installing: /home/nikhil/nourish_ws/install/juice_spout_msgs/lib/libjuice_spout_msgs__python.so
[12.892s] -- Set runtime path of "/home/nikhil/nourish_ws/install/juice_spout_msgs/lib/libjuice_spout_msgs__python.so" to ""
[12.892s] -- Installing: /home/nikhil/nourish_ws/install/juice_spout_msgs/share/juice_spout_msgs/srv/RunRecipe.idl
[12.893s] -- Installing: /home/nikhil/nourish_ws/install/juice_spout_msgs/share/juice_spout_msgs/srv/SetFill.idl
[12.893s] -- Installing: /home/nikhil/nourish_ws/install/juice_spout_msgs/share/juice_spout_msgs/action/RunActionRecipe.idl
[12.894s] -- Installing: /home/nikhil/nourish_ws/install/juice_spout_msgs/share/juice_spout_msgs/msg/SpoutState.idl
[12.894s] -- Installing: /home/nikhil/nourish_ws/install/juice_spout_msgs/share/juice_spout_msgs/srv/RunRecipe.srv
[12.895s] -- Installing: /home/nikhil/nourish_ws/install/juice_spout_msgs/share/juice_spout_msgs/srv/RunRecipe_Request.msg
[12.895s] -- Installing: /home/nikhil/nourish_ws/install/juice_spout_msgs/share/juice_spout_msgs/srv/RunRecipe_Response.msg
[12.896s] -- Installing: /home/nikhil/nourish_ws/install/juice_spout_msgs/share/juice_spout_msgs/srv/SetFill.srv
[12.896s] -- Installing: /home/nikhil/nourish_ws/install/juice_spout_msgs/share/juice_spout_msgs/srv/SetFill_Request.msg
[12.897s] -- Installing: /home/nikhil/nourish_ws/install/juice_spout_msgs/share/juice_spout_msgs/srv/SetFill_Response.msg
[12.897s] -- Installing: /home/nikhil/nourish_ws/install/juice_spout_msgs/share/juice_spout_msgs/action/RunActionRecipe.action
[12.898s] -- Installing: /home/nikhil/nourish_ws/install/juice_spout_msgs/share/juice_spout_msgs/msg/SpoutState.msg
[12.898s] -- Installing: /home/nikhil/nourish_ws/install/juice_spout_msgs/share/ament_index/resource_index/package_run_dependencies/juice_spout_msgs
[12.899s] -- Installing: /home/nikhil/nourish_ws/install/juice_spout_msgs/share/ament_index/resource_index/parent_prefix_path/juice_spout_msgs
[12.899s] -- Installing: /home/nikhil/nourish_ws/install/juice_spout_msgs/share/juice_spout_msgs/environment/ament_prefix_path.sh
[12.900s] -- Installing: /home/nikhil/nourish_ws/install/juice_spout_msgs/share/juice_spout_msgs/environment/path.sh
[12.900s] -- Installing: /home/nikhil/nourish_ws/install/juice_spout_msgs/share/juice_spout_msgs/local_setup.bash
[12.901s] -- Installing: /home/nikhil/nourish_ws/install/juice_spout_msgs/share/juice_spout_msgs/local_setup.sh
[12.901s] -- Installing: /home/nikhil/nourish_ws/install/juice_spout_msgs/share/juice_spout_msgs/local_setup.zsh
[12.901s] -- Installing: /home/nikhil/nourish_ws/install/juice_spout_msgs/share/ament_index/resource_index/packages/juice_spout_msgs
[12.902s] -- Installing: /home/nikhil/nourish_ws/install/juice_spout_msgs/share/juice_spout_msgs/cmake/rosidl_cmake-extras.cmake
[12.902s] -- Installing: /home/nikhil/nourish_ws/install/juice_spout_msgs/share/juice_spout_msgs/cmake/ament_cmake_export_dependencies-extras.cmake
[12.903s] -- Installing: /home/nikhil/nourish_ws/install/juice_spout_msgs/share/juice_spout_msgs/cmake/ament_cmake_export_include_directories-extras.cmake
[12.903s] -- Installing: /home/nikhil/nourish_ws/install/juice_spout_msgs/share/juice_spout_msgs/cmake/ament_cmake_export_libraries-extras.cmake
[12.904s] -- Installing: /home/nikhil/nourish_ws/install/juice_spout_msgs/share/juice_spout_msgs/cmake/juice_spout_msgsConfig.cmake
[12.904s] -- Installing: /home/nikhil/nourish_ws/install/juice_spout_msgs/share/juice_spout_msgs/cmake/juice_spout_msgsConfig-version.cmake
[12.905s] -- Installing: /home/nikhil/nourish_ws/install/juice_spout_msgs/share/juice_spout_msgs/package.xml
