[0.082s] [ 16%] Built target gtest_main
[0.085s] [ 33%] Built target gtest
[0.097s] [ 41%] [32m[1mLinking CXX executable scale[0m
[0.130s] [ 50%] [32m[1mLinking CXX executable nourish_scale_my_test[0m
[0.316s] [ 75%] Built target scale
[0.406s] [100%] Built target nourish_scale_my_test
[0.496s] [ 25%] Built target gtest
[0.496s] [ 33%] Built target gtest_main
[0.503s] [ 66%] Built target scale
[0.524s] [100%] Built target nourish_scale_my_test
[0.540s] [36mInstall the project...[0m
[0.548s] -- Install configuration: ""
[0.548s] -- Installing: /home/nikhil/nourish_ws/install/nourish_scale/lib/nourish_scale/scale
[0.549s] -- Set runtime path of "/home/nikhil/nourish_ws/install/nourish_scale/lib/nourish_scale/scale" to ""
[0.549s] -- Up-to-date: /home/nikhil/nourish_ws/install/nourish_scale/share/ament_index/resource_index/package_run_dependencies/nourish_scale
[0.549s] -- Up-to-date: /home/nikhil/nourish_ws/install/nourish_scale/share/ament_index/resource_index/parent_prefix_path/nourish_scale
[0.549s] -- Up-to-date: /home/nikhil/nourish_ws/install/nourish_scale/share/nourish_scale/environment/ament_prefix_path.sh
[0.549s] -- Up-to-date: /home/nikhil/nourish_ws/install/nourish_scale/share/nourish_scale/environment/path.sh
[0.549s] -- Up-to-date: /home/nikhil/nourish_ws/install/nourish_scale/share/nourish_scale/local_setup.bash
[0.549s] -- Up-to-date: /home/nikhil/nourish_ws/install/nourish_scale/share/nourish_scale/local_setup.sh
[0.549s] -- Up-to-date: /home/nikhil/nourish_ws/install/nourish_scale/share/nourish_scale/local_setup.zsh
[0.550s] -- Up-to-date: /home/nikhil/nourish_ws/install/nourish_scale/share/ament_index/resource_index/packages/nourish_scale
[0.550s] -- Up-to-date: /home/nikhil/nourish_ws/install/nourish_scale/share/nourish_scale/cmake/nourish_scaleConfig.cmake
[0.550s] -- Up-to-date: /home/nikhil/nourish_ws/install/nourish_scale/share/nourish_scale/cmake/nourish_scaleConfig-version.cmake
[0.550s] -- Up-to-date: /home/nikhil/nourish_ws/install/nourish_scale/share/nourish_scale/package.xml
