[0.093s] [  2%] Built target nourish_scale_msgs__cpp
[0.094s] [ 12%] Built target nourish_scale_msgs__rosidl_generator_c
[0.146s] [ 23%] Built target nourish_scale_msgs__rosidl_typesupport_cpp
[0.150s] [ 33%] Built target nourish_scale_msgs__rosidl_typesupport_introspection_cpp
[0.154s] [ 43%] Built target nourish_scale_msgs__rosidl_typesupport_introspection_c
[0.157s] [ 53%] Built target nourish_scale_msgs__rosidl_typesupport_fastrtps_cpp
[0.162s] [ 64%] Built target nourish_scale_msgs__rosidl_typesupport_c
[0.194s] [ 74%] Built target nourish_scale_msgs__rosidl_typesupport_fastrtps_c
[0.222s] [ 74%] Built target nourish_scale_msgs
[0.247s] [ 76%] Built target nourish_scale_msgs__py
[0.277s] [ 84%] Built target nourish_scale_msgs__python
[0.319s] [ 89%] Built target nourish_scale_msgs__rosidl_typesupport_introspection_c__pyext
[0.325s] [ 97%] Built target nourish_scale_msgs__rosidl_typesupport_fastrtps_c__pyext
[0.325s] [100%] Built target nourish_scale_msgs__rosidl_typesupport_c__pyext
[0.493s] [  2%] Built target nourish_scale_msgs__cpp
[0.500s] [ 12%] Built target nourish_scale_msgs__rosidl_generator_c
[0.532s] [ 23%] Built target nourish_scale_msgs__rosidl_typesupport_introspection_cpp
[0.538s] [ 33%] Built target nourish_scale_msgs__rosidl_typesupport_cpp
[0.539s] [ 43%] Built target nourish_scale_msgs__rosidl_typesupport_fastrtps_cpp
[0.541s] [ 53%] Built target nourish_scale_msgs__rosidl_typesupport_introspection_c
[0.545s] [ 64%] Built target nourish_scale_msgs__rosidl_typesupport_c
[0.577s] [ 74%] Built target nourish_scale_msgs__rosidl_typesupport_fastrtps_c
[0.604s] [ 74%] Built target nourish_scale_msgs
[0.627s] [ 76%] Built target nourish_scale_msgs__py
[0.655s] [ 84%] Built target nourish_scale_msgs__python
[0.687s] [ 89%] Built target nourish_scale_msgs__rosidl_typesupport_c__pyext
[0.688s] [ 94%] Built target nourish_scale_msgs__rosidl_typesupport_fastrtps_c__pyext
[0.688s] [100%] Built target nourish_scale_msgs__rosidl_typesupport_introspection_c__pyext
[0.711s] [36mInstall the project...[0m
[0.722s] -- Install configuration: ""
[0.722s] -- Up-to-date: /home/nikhil/nourish_ws/install/nourish_scale_msgs/share/ament_index/resource_index/rosidl_interfaces/nourish_scale_msgs
[0.722s] -- Up-to-date: /home/nikhil/nourish_ws/install/nourish_scale_msgs/lib/libnourish_scale_msgs__rosidl_typesupport_c.so
[0.722s] -- Up-to-date: /home/nikhil/nourish_ws/install/nourish_scale_msgs/share/nourish_scale_msgs/environment/library_path.sh
[0.722s] -- Up-to-date: /home/nikhil/nourish_ws/install/nourish_scale_msgs/lib/libnourish_scale_msgs__rosidl_typesupport_cpp.so
[0.723s] -- Up-to-date: /home/nikhil/nourish_ws/install/nourish_scale_msgs/include/nourish_scale_msgs
[0.723s] -- Up-to-date: /home/nikhil/nourish_ws/install/nourish_scale_msgs/include/nourish_scale_msgs/msg
[0.723s] -- Up-to-date: /home/nikhil/nourish_ws/install/nourish_scale_msgs/include/nourish_scale_msgs/msg/response__functions.h
[0.723s] -- Up-to-date: /home/nikhil/nourish_ws/install/nourish_scale_msgs/include/nourish_scale_msgs/msg/response__type_support.h
[0.723s] -- Up-to-date: /home/nikhil/nourish_ws/install/nourish_scale_msgs/include/nourish_scale_msgs/msg/response.h
[0.723s] -- Up-to-date: /home/nikhil/nourish_ws/install/nourish_scale_msgs/include/nourish_scale_msgs/msg/response__struct.h
[0.724s] -- Up-to-date: /home/nikhil/nourish_ws/install/nourish_scale_msgs/include/nourish_scale_msgs/msg/rosidl_generator_c__visibility_control.h
[0.724s] -- Up-to-date: /home/nikhil/nourish_ws/install/nourish_scale_msgs/include/nourish_scale_msgs/msg/response__functions.c
[0.724s] -- Up-to-date: /home/nikhil/nourish_ws/install/nourish_scale_msgs/include/nourish_scale_msgs/srv
[0.724s] -- Up-to-date: /home/nikhil/nourish_ws/install/nourish_scale_msgs/include/nourish_scale_msgs/srv/tare__functions.h
[0.725s] -- Up-to-date: /home/nikhil/nourish_ws/install/nourish_scale_msgs/include/nourish_scale_msgs/srv/tare__struct.h
[0.725s] -- Up-to-date: /home/nikhil/nourish_ws/install/nourish_scale_msgs/include/nourish_scale_msgs/srv/tare.h
[0.725s] -- Up-to-date: /home/nikhil/nourish_ws/install/nourish_scale_msgs/include/nourish_scale_msgs/srv/tare__functions.c
[0.726s] -- Up-to-date: /home/nikhil/nourish_ws/install/nourish_scale_msgs/include/nourish_scale_msgs/srv/tare__type_support.h
[0.726s] -- Up-to-date: /home/nikhil/nourish_ws/install/nourish_scale_msgs/lib/libnourish_scale_msgs__rosidl_generator_c.so
[0.726s] -- Up-to-date: /home/nikhil/nourish_ws/install/nourish_scale_msgs/include/nourish_scale_msgs
[0.726s] -- Up-to-date: /home/nikhil/nourish_ws/install/nourish_scale_msgs/include/nourish_scale_msgs/msg
[0.727s] -- Up-to-date: /home/nikhil/nourish_ws/install/nourish_scale_msgs/include/nourish_scale_msgs/msg/response.hpp
[0.727s] -- Up-to-date: /home/nikhil/nourish_ws/install/nourish_scale_msgs/include/nourish_scale_msgs/msg/response__traits.hpp
[0.727s] -- Up-to-date: /home/nikhil/nourish_ws/install/nourish_scale_msgs/include/nourish_scale_msgs/msg/response__struct.hpp
[0.727s] -- Up-to-date: /home/nikhil/nourish_ws/install/nourish_scale_msgs/include/nourish_scale_msgs/srv
[0.727s] -- Up-to-date: /home/nikhil/nourish_ws/install/nourish_scale_msgs/include/nourish_scale_msgs/srv/tare.hpp
[0.727s] -- Up-to-date: /home/nikhil/nourish_ws/install/nourish_scale_msgs/include/nourish_scale_msgs/srv/tare__traits.hpp
[0.728s] -- Up-to-date: /home/nikhil/nourish_ws/install/nourish_scale_msgs/include/nourish_scale_msgs/srv/tare__struct.hpp
[0.728s] -- Up-to-date: /home/nikhil/nourish_ws/install/nourish_scale_msgs/include/nourish_scale_msgs
[0.728s] -- Up-to-date: /home/nikhil/nourish_ws/install/nourish_scale_msgs/include/nourish_scale_msgs/msg
[0.728s] -- Up-to-date: /home/nikhil/nourish_ws/install/nourish_scale_msgs/include/nourish_scale_msgs/msg/response__rosidl_typesupport_fastrtps_c.h
[0.728s] -- Up-to-date: /home/nikhil/nourish_ws/install/nourish_scale_msgs/include/nourish_scale_msgs/msg/rosidl_typesupport_fastrtps_c__visibility_control.h
[0.728s] -- Up-to-date: /home/nikhil/nourish_ws/install/nourish_scale_msgs/include/nourish_scale_msgs/srv
[0.728s] -- Up-to-date: /home/nikhil/nourish_ws/install/nourish_scale_msgs/include/nourish_scale_msgs/srv/tare__rosidl_typesupport_fastrtps_c.h
[0.728s] -- Up-to-date: /home/nikhil/nourish_ws/install/nourish_scale_msgs/lib/libnourish_scale_msgs__rosidl_typesupport_fastrtps_c.so
[0.729s] -- Up-to-date: /home/nikhil/nourish_ws/install/nourish_scale_msgs/include/nourish_scale_msgs
[0.729s] -- Up-to-date: /home/nikhil/nourish_ws/install/nourish_scale_msgs/include/nourish_scale_msgs/msg
[0.729s] -- Up-to-date: /home/nikhil/nourish_ws/install/nourish_scale_msgs/include/nourish_scale_msgs/msg/dds_fastrtps
[0.729s] -- Up-to-date: /home/nikhil/nourish_ws/install/nourish_scale_msgs/include/nourish_scale_msgs/msg/response__rosidl_typesupport_fastrtps_cpp.hpp
[0.729s] -- Up-to-date: /home/nikhil/nourish_ws/install/nourish_scale_msgs/include/nourish_scale_msgs/msg/rosidl_typesupport_fastrtps_cpp__visibility_control.h
[0.729s] -- Up-to-date: /home/nikhil/nourish_ws/install/nourish_scale_msgs/include/nourish_scale_msgs/srv
[0.729s] -- Up-to-date: /home/nikhil/nourish_ws/install/nourish_scale_msgs/include/nourish_scale_msgs/srv/dds_fastrtps
[0.729s] -- Up-to-date: /home/nikhil/nourish_ws/install/nourish_scale_msgs/include/nourish_scale_msgs/srv/tare__rosidl_typesupport_fastrtps_cpp.hpp
[0.730s] -- Up-to-date: /home/nikhil/nourish_ws/install/nourish_scale_msgs/lib/libnourish_scale_msgs__rosidl_typesupport_fastrtps_cpp.so
[0.730s] -- Up-to-date: /home/nikhil/nourish_ws/install/nourish_scale_msgs/include/nourish_scale_msgs
[0.730s] -- Up-to-date: /home/nikhil/nourish_ws/install/nourish_scale_msgs/include/nourish_scale_msgs/msg
[0.730s] -- Up-to-date: /home/nikhil/nourish_ws/install/nourish_scale_msgs/include/nourish_scale_msgs/msg/response__rosidl_typesupport_introspection_c.h
[0.730s] -- Up-to-date: /home/nikhil/nourish_ws/install/nourish_scale_msgs/include/nourish_scale_msgs/msg/rosidl_typesupport_introspection_c__visibility_control.h
[0.730s] -- Up-to-date: /home/nikhil/nourish_ws/install/nourish_scale_msgs/include/nourish_scale_msgs/msg/response__type_support.c
[0.730s] -- Up-to-date: /home/nikhil/nourish_ws/install/nourish_scale_msgs/include/nourish_scale_msgs/srv
[0.730s] -- Up-to-date: /home/nikhil/nourish_ws/install/nourish_scale_msgs/include/nourish_scale_msgs/srv/tare__type_support.c
[0.730s] -- Up-to-date: /home/nikhil/nourish_ws/install/nourish_scale_msgs/include/nourish_scale_msgs/srv/tare__rosidl_typesupport_introspection_c.h
[0.730s] -- Up-to-date: /home/nikhil/nourish_ws/install/nourish_scale_msgs/lib/libnourish_scale_msgs__rosidl_typesupport_introspection_c.so
[0.730s] -- Up-to-date: /home/nikhil/nourish_ws/install/nourish_scale_msgs/include/nourish_scale_msgs
[0.730s] -- Up-to-date: /home/nikhil/nourish_ws/install/nourish_scale_msgs/include/nourish_scale_msgs/msg
[0.730s] -- Up-to-date: /home/nikhil/nourish_ws/install/nourish_scale_msgs/include/nourish_scale_msgs/msg/response__rosidl_typesupport_introspection_cpp.hpp
[0.730s] -- Up-to-date: /home/nikhil/nourish_ws/install/nourish_scale_msgs/include/nourish_scale_msgs/msg/response__type_support.cpp
[0.730s] -- Up-to-date: /home/nikhil/nourish_ws/install/nourish_scale_msgs/include/nourish_scale_msgs/srv
[0.731s] -- Up-to-date: /home/nikhil/nourish_ws/install/nourish_scale_msgs/include/nourish_scale_msgs/srv/tare__rosidl_typesupport_introspection_cpp.hpp
[0.731s] -- Up-to-date: /home/nikhil/nourish_ws/install/nourish_scale_msgs/include/nourish_scale_msgs/srv/tare__type_support.cpp
[0.731s] -- Up-to-date: /home/nikhil/nourish_ws/install/nourish_scale_msgs/lib/libnourish_scale_msgs__rosidl_typesupport_introspection_cpp.so
[0.731s] -- Up-to-date: /home/nikhil/nourish_ws/install/nourish_scale_msgs/share/nourish_scale_msgs/environment/pythonpath.sh
[0.731s] -- Up-to-date: /home/nikhil/nourish_ws/install/nourish_scale_msgs/lib/python3.6/site-packages/nourish_scale_msgs/__init__.py
[0.762s] -- Up-to-date: /home/nikhil/nourish_ws/install/nourish_scale_msgs/lib/python3.6/site-packages/nourish_scale_msgs/msg
[0.763s] -- Up-to-date: /home/nikhil/nourish_ws/install/nourish_scale_msgs/lib/python3.6/site-packages/nourish_scale_msgs/msg/_response_s.c
[0.763s] -- Up-to-date: /home/nikhil/nourish_ws/install/nourish_scale_msgs/lib/python3.6/site-packages/nourish_scale_msgs/msg/__init__.py
[0.763s] -- Up-to-date: /home/nikhil/nourish_ws/install/nourish_scale_msgs/lib/python3.6/site-packages/nourish_scale_msgs/msg/_response.py
[0.763s] -- Up-to-date: /home/nikhil/nourish_ws/install/nourish_scale_msgs/lib/python3.6/site-packages/nourish_scale_msgs/srv
[0.764s] -- Up-to-date: /home/nikhil/nourish_ws/install/nourish_scale_msgs/lib/python3.6/site-packages/nourish_scale_msgs/srv/_tare_s.c
[0.764s] -- Up-to-date: /home/nikhil/nourish_ws/install/nourish_scale_msgs/lib/python3.6/site-packages/nourish_scale_msgs/srv/__init__.py
[0.764s] -- Up-to-date: /home/nikhil/nourish_ws/install/nourish_scale_msgs/lib/python3.6/site-packages/nourish_scale_msgs/srv/_tare.py
[0.764s] -- Up-to-date: /home/nikhil/nourish_ws/install/nourish_scale_msgs/lib/python3.6/site-packages/nourish_scale_msgs/nourish_scale_msgs_s__rosidl_typesupport_c.cpython-36m-x86_64-linux-gnu.so
[0.764s] -- Up-to-date: /home/nikhil/nourish_ws/install/nourish_scale_msgs/lib/python3.6/site-packages/nourish_scale_msgs/nourish_scale_msgs_s__rosidl_typesupport_introspection_c.cpython-36m-x86_64-linux-gnu.so
[0.765s] -- Up-to-date: /home/nikhil/nourish_ws/install/nourish_scale_msgs/lib/python3.6/site-packages/nourish_scale_msgs/nourish_scale_msgs_s__rosidl_typesupport_fastrtps_c.cpython-36m-x86_64-linux-gnu.so
[0.765s] -- Up-to-date: /home/nikhil/nourish_ws/install/nourish_scale_msgs/lib/libnourish_scale_msgs__python.so
[0.765s] -- Up-to-date: /home/nikhil/nourish_ws/install/nourish_scale_msgs/share/nourish_scale_msgs/msg/Response.idl
[0.766s] -- Up-to-date: /home/nikhil/nourish_ws/install/nourish_scale_msgs/share/nourish_scale_msgs/srv/Tare.idl
[0.766s] -- Up-to-date: /home/nikhil/nourish_ws/install/nourish_scale_msgs/share/nourish_scale_msgs/msg/Response.msg
[0.766s] -- Up-to-date: /home/nikhil/nourish_ws/install/nourish_scale_msgs/share/nourish_scale_msgs/srv/Tare.srv
[0.766s] -- Up-to-date: /home/nikhil/nourish_ws/install/nourish_scale_msgs/share/nourish_scale_msgs/srv/Tare_Request.msg
[0.766s] -- Up-to-date: /home/nikhil/nourish_ws/install/nourish_scale_msgs/share/nourish_scale_msgs/srv/Tare_Response.msg
[0.766s] -- Up-to-date: /home/nikhil/nourish_ws/install/nourish_scale_msgs/share/ament_index/resource_index/package_run_dependencies/nourish_scale_msgs
[0.767s] -- Up-to-date: /home/nikhil/nourish_ws/install/nourish_scale_msgs/share/ament_index/resource_index/parent_prefix_path/nourish_scale_msgs
[0.767s] -- Up-to-date: /home/nikhil/nourish_ws/install/nourish_scale_msgs/share/nourish_scale_msgs/environment/ament_prefix_path.sh
[0.767s] -- Up-to-date: /home/nikhil/nourish_ws/install/nourish_scale_msgs/share/nourish_scale_msgs/environment/path.sh
[0.767s] -- Up-to-date: /home/nikhil/nourish_ws/install/nourish_scale_msgs/share/nourish_scale_msgs/local_setup.bash
[0.768s] -- Up-to-date: /home/nikhil/nourish_ws/install/nourish_scale_msgs/share/nourish_scale_msgs/local_setup.sh
[0.768s] -- Up-to-date: /home/nikhil/nourish_ws/install/nourish_scale_msgs/share/nourish_scale_msgs/local_setup.zsh
[0.768s] -- Up-to-date: /home/nikhil/nourish_ws/install/nourish_scale_msgs/share/ament_index/resource_index/packages/nourish_scale_msgs
[0.768s] -- Up-to-date: /home/nikhil/nourish_ws/install/nourish_scale_msgs/share/nourish_scale_msgs/cmake/rosidl_cmake-extras.cmake
[0.768s] -- Up-to-date: /home/nikhil/nourish_ws/install/nourish_scale_msgs/share/nourish_scale_msgs/cmake/ament_cmake_export_libraries-extras.cmake
[0.768s] -- Up-to-date: /home/nikhil/nourish_ws/install/nourish_scale_msgs/share/nourish_scale_msgs/cmake/ament_cmake_export_include_directories-extras.cmake
[0.768s] -- Up-to-date: /home/nikhil/nourish_ws/install/nourish_scale_msgs/share/nourish_scale_msgs/cmake/ament_cmake_export_dependencies-extras.cmake
[0.769s] -- Up-to-date: /home/nikhil/nourish_ws/install/nourish_scale_msgs/share/nourish_scale_msgs/cmake/nourish_scale_msgsConfig.cmake
[0.769s] -- Up-to-date: /home/nikhil/nourish_ws/install/nourish_scale_msgs/share/nourish_scale_msgs/cmake/nourish_scale_msgsConfig-version.cmake
[0.769s] -- Up-to-date: /home/nikhil/nourish_ws/install/nourish_scale_msgs/share/nourish_scale_msgs/package.xml
