[0.139s] [  0%] Built target nourish_robot_arm_msgs__cpp
[0.155s] [ 12%] Built target nourish_robot_arm_msgs__rosidl_generator_c
[0.197s] [ 24%] Built target nourish_robot_arm_msgs__rosidl_typesupport_introspection_cpp
[0.200s] [ 36%] Built target nourish_robot_arm_msgs__rosidl_typesupport_cpp
[0.207s] [ 48%] Built target nourish_robot_arm_msgs__rosidl_typesupport_fastrtps_cpp
[0.210s] [ 60%] Built target nourish_robot_arm_msgs__rosidl_typesupport_c
[0.211s] [ 72%] Built target nourish_robot_arm_msgs__rosidl_typesupport_introspection_c
[0.270s] [ 84%] Built target nourish_robot_arm_msgs__rosidl_typesupport_fastrtps_c
[0.279s] [ 84%] Built target nourish_robot_arm_msgs
[0.308s] [ 85%] Built target nourish_robot_arm_msgs__py
[0.371s] [ 96%] Built target nourish_robot_arm_msgs__python
[0.413s] [ 97%] Built target nourish_robot_arm_msgs__rosidl_typesupport_c__pyext
[0.414s] [ 98%] Built target nourish_robot_arm_msgs__rosidl_typesupport_fastrtps_c__pyext
[0.415s] [100%] Built target nourish_robot_arm_msgs__rosidl_typesupport_introspection_c__pyext
[0.891s] [  0%] Built target nourish_robot_arm_msgs__cpp
[0.901s] [ 12%] Built target nourish_robot_arm_msgs__rosidl_generator_c
[0.921s] [ 24%] Built target nourish_robot_arm_msgs__rosidl_typesupport_cpp
[0.929s] [ 36%] Built target nourish_robot_arm_msgs__rosidl_typesupport_introspection_cpp
[0.930s] [ 48%] Built target nourish_robot_arm_msgs__rosidl_typesupport_fastrtps_cpp
[0.931s] [ 60%] Built target nourish_robot_arm_msgs__rosidl_typesupport_c
[0.938s] [ 72%] Built target nourish_robot_arm_msgs__rosidl_typesupport_introspection_c
[0.973s] [ 84%] Built target nourish_robot_arm_msgs__rosidl_typesupport_fastrtps_c
[0.996s] [ 84%] Built target nourish_robot_arm_msgs
[1.023s] [ 85%] Built target nourish_robot_arm_msgs__py
[1.072s] [ 96%] Built target nourish_robot_arm_msgs__python
[1.101s] [ 97%] Built target nourish_robot_arm_msgs__rosidl_typesupport_fastrtps_c__pyext
[1.108s] [ 98%] Built target nourish_robot_arm_msgs__rosidl_typesupport_c__pyext
[1.111s] [100%] Built target nourish_robot_arm_msgs__rosidl_typesupport_introspection_c__pyext
[1.132s] [36mInstall the project...[0m
[1.143s] -- Install configuration: ""
[1.143s] -- Up-to-date: /home/nikhil/nourish_ws/install/nourish_robot_arm_msgs/share/ament_index/resource_index/rosidl_interfaces/nourish_robot_arm_msgs
[1.144s] -- Up-to-date: /home/nikhil/nourish_ws/install/nourish_robot_arm_msgs/include/nourish_robot_arm_msgs
[1.144s] -- Up-to-date: /home/nikhil/nourish_ws/install/nourish_robot_arm_msgs/include/nourish_robot_arm_msgs/action
[1.144s] -- Up-to-date: /home/nikhil/nourish_ws/install/nourish_robot_arm_msgs/include/nourish_robot_arm_msgs/action/execute_path__traits.hpp
[1.144s] -- Up-to-date: /home/nikhil/nourish_ws/install/nourish_robot_arm_msgs/include/nourish_robot_arm_msgs/action/execute_path.hpp
[1.144s] -- Up-to-date: /home/nikhil/nourish_ws/install/nourish_robot_arm_msgs/include/nourish_robot_arm_msgs/action/register_point__traits.hpp
[1.145s] -- Up-to-date: /home/nikhil/nourish_ws/install/nourish_robot_arm_msgs/include/nourish_robot_arm_msgs/action/register_point.hpp
[1.145s] -- Up-to-date: /home/nikhil/nourish_ws/install/nourish_robot_arm_msgs/include/nourish_robot_arm_msgs/action/execute_path__struct.hpp
[1.145s] -- Up-to-date: /home/nikhil/nourish_ws/install/nourish_robot_arm_msgs/include/nourish_robot_arm_msgs/action/register_point__struct.hpp
[1.145s] -- Up-to-date: /home/nikhil/nourish_ws/install/nourish_robot_arm_msgs/include/nourish_robot_arm_msgs/msg
[1.146s] -- Up-to-date: /home/nikhil/nourish_ws/install/nourish_robot_arm_msgs/include/nourish_robot_arm_msgs/msg/joint.hpp
[1.146s] -- Up-to-date: /home/nikhil/nourish_ws/install/nourish_robot_arm_msgs/include/nourish_robot_arm_msgs/msg/tool__traits.hpp
[1.146s] -- Up-to-date: /home/nikhil/nourish_ws/install/nourish_robot_arm_msgs/include/nourish_robot_arm_msgs/msg/acceleration__traits.hpp
[1.146s] -- Up-to-date: /home/nikhil/nourish_ws/install/nourish_robot_arm_msgs/include/nourish_robot_arm_msgs/msg/robot_arm_state__traits.hpp
[1.147s] -- Up-to-date: /home/nikhil/nourish_ws/install/nourish_robot_arm_msgs/include/nourish_robot_arm_msgs/msg/speed__traits.hpp
[1.147s] -- Up-to-date: /home/nikhil/nourish_ws/install/nourish_robot_arm_msgs/include/nourish_robot_arm_msgs/msg/work_object.hpp
[1.147s] -- Up-to-date: /home/nikhil/nourish_ws/install/nourish_robot_arm_msgs/include/nourish_robot_arm_msgs/msg/pose__traits.hpp
[1.147s] -- Up-to-date: /home/nikhil/nourish_ws/install/nourish_robot_arm_msgs/include/nourish_robot_arm_msgs/msg/robot_move__traits.hpp
[1.147s] -- Up-to-date: /home/nikhil/nourish_ws/install/nourish_robot_arm_msgs/include/nourish_robot_arm_msgs/msg/robot_arm_state.hpp
[1.147s] -- Up-to-date: /home/nikhil/nourish_ws/install/nourish_robot_arm_msgs/include/nourish_robot_arm_msgs/msg/tool.hpp
[1.147s] -- Up-to-date: /home/nikhil/nourish_ws/install/nourish_robot_arm_msgs/include/nourish_robot_arm_msgs/msg/pose.hpp
[1.148s] -- Up-to-date: /home/nikhil/nourish_ws/install/nourish_robot_arm_msgs/include/nourish_robot_arm_msgs/msg/joint__struct.hpp
[1.148s] -- Up-to-date: /home/nikhil/nourish_ws/install/nourish_robot_arm_msgs/include/nourish_robot_arm_msgs/msg/acceleration.hpp
[1.148s] -- Up-to-date: /home/nikhil/nourish_ws/install/nourish_robot_arm_msgs/include/nourish_robot_arm_msgs/msg/zone__struct.hpp
[1.148s] -- Up-to-date: /home/nikhil/nourish_ws/install/nourish_robot_arm_msgs/include/nourish_robot_arm_msgs/msg/zone__traits.hpp
[1.148s] -- Up-to-date: /home/nikhil/nourish_ws/install/nourish_robot_arm_msgs/include/nourish_robot_arm_msgs/msg/work_object__traits.hpp
[1.149s] -- Up-to-date: /home/nikhil/nourish_ws/install/nourish_robot_arm_msgs/include/nourish_robot_arm_msgs/msg/robot_arm_state__struct.hpp
[1.149s] -- Up-to-date: /home/nikhil/nourish_ws/install/nourish_robot_arm_msgs/include/nourish_robot_arm_msgs/msg/acceleration__struct.hpp
[1.149s] -- Up-to-date: /home/nikhil/nourish_ws/install/nourish_robot_arm_msgs/include/nourish_robot_arm_msgs/msg/joint__traits.hpp
[1.149s] -- Up-to-date: /home/nikhil/nourish_ws/install/nourish_robot_arm_msgs/include/nourish_robot_arm_msgs/msg/position_state.hpp
[1.150s] -- Up-to-date: /home/nikhil/nourish_ws/install/nourish_robot_arm_msgs/include/nourish_robot_arm_msgs/msg/pose__struct.hpp
[1.150s] -- Up-to-date: /home/nikhil/nourish_ws/install/nourish_robot_arm_msgs/include/nourish_robot_arm_msgs/msg/speed.hpp
[1.150s] -- Up-to-date: /home/nikhil/nourish_ws/install/nourish_robot_arm_msgs/include/nourish_robot_arm_msgs/msg/position_state__traits.hpp
[1.150s] -- Up-to-date: /home/nikhil/nourish_ws/install/nourish_robot_arm_msgs/include/nourish_robot_arm_msgs/msg/robot_move__struct.hpp
[1.150s] -- Up-to-date: /home/nikhil/nourish_ws/install/nourish_robot_arm_msgs/include/nourish_robot_arm_msgs/msg/robot_move.hpp
[1.150s] -- Up-to-date: /home/nikhil/nourish_ws/install/nourish_robot_arm_msgs/include/nourish_robot_arm_msgs/msg/tool__struct.hpp
[1.151s] -- Up-to-date: /home/nikhil/nourish_ws/install/nourish_robot_arm_msgs/include/nourish_robot_arm_msgs/msg/position_state__struct.hpp
[1.151s] -- Up-to-date: /home/nikhil/nourish_ws/install/nourish_robot_arm_msgs/include/nourish_robot_arm_msgs/msg/speed__struct.hpp
[1.151s] -- Up-to-date: /home/nikhil/nourish_ws/install/nourish_robot_arm_msgs/include/nourish_robot_arm_msgs/msg/work_object__struct.hpp
[1.151s] -- Up-to-date: /home/nikhil/nourish_ws/install/nourish_robot_arm_msgs/include/nourish_robot_arm_msgs/msg/zone.hpp
[1.152s] -- Up-to-date: /home/nikhil/nourish_ws/install/nourish_robot_arm_msgs/include/nourish_robot_arm_msgs/srv
[1.152s] -- Up-to-date: /home/nikhil/nourish_ws/install/nourish_robot_arm_msgs/include/nourish_robot_arm_msgs/srv/poll_position.hpp
[1.152s] -- Up-to-date: /home/nikhil/nourish_ws/install/nourish_robot_arm_msgs/include/nourish_robot_arm_msgs/srv/poll_position__traits.hpp
[1.152s] -- Up-to-date: /home/nikhil/nourish_ws/install/nourish_robot_arm_msgs/include/nourish_robot_arm_msgs/srv/poll_status.hpp
[1.152s] -- Up-to-date: /home/nikhil/nourish_ws/install/nourish_robot_arm_msgs/include/nourish_robot_arm_msgs/srv/poll_status__traits.hpp
[1.152s] -- Up-to-date: /home/nikhil/nourish_ws/install/nourish_robot_arm_msgs/include/nourish_robot_arm_msgs/srv/poll_status__struct.hpp
[1.153s] -- Up-to-date: /home/nikhil/nourish_ws/install/nourish_robot_arm_msgs/include/nourish_robot_arm_msgs/srv/poll_position__struct.hpp
[1.153s] -- Up-to-date: /home/nikhil/nourish_ws/install/nourish_robot_arm_msgs/include/nourish_robot_arm_msgs
[1.153s] -- Up-to-date: /home/nikhil/nourish_ws/install/nourish_robot_arm_msgs/include/nourish_robot_arm_msgs/action
[1.153s] -- Up-to-date: /home/nikhil/nourish_ws/install/nourish_robot_arm_msgs/include/nourish_robot_arm_msgs/action/execute_path__type_support.h
[1.153s] -- Up-to-date: /home/nikhil/nourish_ws/install/nourish_robot_arm_msgs/include/nourish_robot_arm_msgs/action/register_point.h
[1.154s] -- Up-to-date: /home/nikhil/nourish_ws/install/nourish_robot_arm_msgs/include/nourish_robot_arm_msgs/action/execute_path__struct.h
[1.154s] -- Up-to-date: /home/nikhil/nourish_ws/install/nourish_robot_arm_msgs/include/nourish_robot_arm_msgs/action/register_point__functions.h
[1.154s] -- Up-to-date: /home/nikhil/nourish_ws/install/nourish_robot_arm_msgs/include/nourish_robot_arm_msgs/action/execute_path__functions.h
[1.154s] -- Up-to-date: /home/nikhil/nourish_ws/install/nourish_robot_arm_msgs/include/nourish_robot_arm_msgs/action/register_point__type_support.h
[1.155s] -- Up-to-date: /home/nikhil/nourish_ws/install/nourish_robot_arm_msgs/include/nourish_robot_arm_msgs/action/register_point__struct.h
[1.155s] -- Up-to-date: /home/nikhil/nourish_ws/install/nourish_robot_arm_msgs/include/nourish_robot_arm_msgs/action/execute_path__functions.c
[1.155s] -- Up-to-date: /home/nikhil/nourish_ws/install/nourish_robot_arm_msgs/include/nourish_robot_arm_msgs/action/execute_path.h
[1.155s] -- Up-to-date: /home/nikhil/nourish_ws/install/nourish_robot_arm_msgs/include/nourish_robot_arm_msgs/action/register_point__functions.c
[1.155s] -- Up-to-date: /home/nikhil/nourish_ws/install/nourish_robot_arm_msgs/include/nourish_robot_arm_msgs/msg
[1.155s] -- Up-to-date: /home/nikhil/nourish_ws/install/nourish_robot_arm_msgs/include/nourish_robot_arm_msgs/msg/speed__struct.h
[1.156s] -- Up-to-date: /home/nikhil/nourish_ws/install/nourish_robot_arm_msgs/include/nourish_robot_arm_msgs/msg/robot_move__type_support.h
[1.156s] -- Up-to-date: /home/nikhil/nourish_ws/install/nourish_robot_arm_msgs/include/nourish_robot_arm_msgs/msg/joint__functions.c
[1.156s] -- Up-to-date: /home/nikhil/nourish_ws/install/nourish_robot_arm_msgs/include/nourish_robot_arm_msgs/msg/zone__type_support.h
[1.156s] -- Up-to-date: /home/nikhil/nourish_ws/install/nourish_robot_arm_msgs/include/nourish_robot_arm_msgs/msg/robot_move.h
[1.156s] -- Up-to-date: /home/nikhil/nourish_ws/install/nourish_robot_arm_msgs/include/nourish_robot_arm_msgs/msg/joint__struct.h
[1.156s] -- Up-to-date: /home/nikhil/nourish_ws/install/nourish_robot_arm_msgs/include/nourish_robot_arm_msgs/msg/zone__struct.h
[1.156s] -- Up-to-date: /home/nikhil/nourish_ws/install/nourish_robot_arm_msgs/include/nourish_robot_arm_msgs/msg/robot_move__functions.h
[1.157s] -- Up-to-date: /home/nikhil/nourish_ws/install/nourish_robot_arm_msgs/include/nourish_robot_arm_msgs/msg/position_state__type_support.h
[1.157s] -- Up-to-date: /home/nikhil/nourish_ws/install/nourish_robot_arm_msgs/include/nourish_robot_arm_msgs/msg/work_object__type_support.h
[1.157s] -- Up-to-date: /home/nikhil/nourish_ws/install/nourish_robot_arm_msgs/include/nourish_robot_arm_msgs/msg/work_object__functions.h
[1.157s] -- Up-to-date: /home/nikhil/nourish_ws/install/nourish_robot_arm_msgs/include/nourish_robot_arm_msgs/msg/work_object.h
[1.157s] -- Up-to-date: /home/nikhil/nourish_ws/install/nourish_robot_arm_msgs/include/nourish_robot_arm_msgs/msg/work_object__struct.h
[1.157s] -- Up-to-date: /home/nikhil/nourish_ws/install/nourish_robot_arm_msgs/include/nourish_robot_arm_msgs/msg/speed__functions.h
[1.157s] -- Up-to-date: /home/nikhil/nourish_ws/install/nourish_robot_arm_msgs/include/nourish_robot_arm_msgs/msg/joint.h
[1.158s] -- Up-to-date: /home/nikhil/nourish_ws/install/nourish_robot_arm_msgs/include/nourish_robot_arm_msgs/msg/acceleration__functions.h
[1.158s] -- Up-to-date: /home/nikhil/nourish_ws/install/nourish_robot_arm_msgs/include/nourish_robot_arm_msgs/msg/position_state__functions.c
[1.158s] -- Up-to-date: /home/nikhil/nourish_ws/install/nourish_robot_arm_msgs/include/nourish_robot_arm_msgs/msg/robot_arm_state__functions.h
[1.158s] -- Up-to-date: /home/nikhil/nourish_ws/install/nourish_robot_arm_msgs/include/nourish_robot_arm_msgs/msg/robot_arm_state__struct.h
[1.158s] -- Up-to-date: /home/nikhil/nourish_ws/install/nourish_robot_arm_msgs/include/nourish_robot_arm_msgs/msg/robot_arm_state__type_support.h
[1.158s] -- Up-to-date: /home/nikhil/nourish_ws/install/nourish_robot_arm_msgs/include/nourish_robot_arm_msgs/msg/joint__functions.h
[1.158s] -- Up-to-date: /home/nikhil/nourish_ws/install/nourish_robot_arm_msgs/include/nourish_robot_arm_msgs/msg/pose__struct.h
[1.159s] -- Up-to-date: /home/nikhil/nourish_ws/install/nourish_robot_arm_msgs/include/nourish_robot_arm_msgs/msg/tool__functions.h
[1.159s] -- Up-to-date: /home/nikhil/nourish_ws/install/nourish_robot_arm_msgs/include/nourish_robot_arm_msgs/msg/speed__functions.c
[1.159s] -- Up-to-date: /home/nikhil/nourish_ws/install/nourish_robot_arm_msgs/include/nourish_robot_arm_msgs/msg/zone__functions.h
[1.159s] -- Up-to-date: /home/nikhil/nourish_ws/install/nourish_robot_arm_msgs/include/nourish_robot_arm_msgs/msg/speed.h
[1.159s] -- Up-to-date: /home/nikhil/nourish_ws/install/nourish_robot_arm_msgs/include/nourish_robot_arm_msgs/msg/tool__struct.h
[1.159s] -- Up-to-date: /home/nikhil/nourish_ws/install/nourish_robot_arm_msgs/include/nourish_robot_arm_msgs/msg/pose__functions.h
[1.159s] -- Up-to-date: /home/nikhil/nourish_ws/install/nourish_robot_arm_msgs/include/nourish_robot_arm_msgs/msg/position_state__struct.h
[1.160s] -- Up-to-date: /home/nikhil/nourish_ws/install/nourish_robot_arm_msgs/include/nourish_robot_arm_msgs/msg/robot_move__struct.h
[1.160s] -- Up-to-date: /home/nikhil/nourish_ws/install/nourish_robot_arm_msgs/include/nourish_robot_arm_msgs/msg/tool.h
[1.160s] -- Up-to-date: /home/nikhil/nourish_ws/install/nourish_robot_arm_msgs/include/nourish_robot_arm_msgs/msg/pose__type_support.h
[1.160s] -- Up-to-date: /home/nikhil/nourish_ws/install/nourish_robot_arm_msgs/include/nourish_robot_arm_msgs/msg/pose__functions.c
[1.160s] -- Up-to-date: /home/nikhil/nourish_ws/install/nourish_robot_arm_msgs/include/nourish_robot_arm_msgs/msg/rosidl_generator_c__visibility_control.h
[1.160s] -- Up-to-date: /home/nikhil/nourish_ws/install/nourish_robot_arm_msgs/include/nourish_robot_arm_msgs/msg/zone__functions.c
[1.161s] -- Up-to-date: /home/nikhil/nourish_ws/install/nourish_robot_arm_msgs/include/nourish_robot_arm_msgs/msg/acceleration__type_support.h
[1.161s] -- Up-to-date: /home/nikhil/nourish_ws/install/nourish_robot_arm_msgs/include/nourish_robot_arm_msgs/msg/speed__type_support.h
[1.161s] -- Up-to-date: /home/nikhil/nourish_ws/install/nourish_robot_arm_msgs/include/nourish_robot_arm_msgs/msg/zone.h
[1.161s] -- Up-to-date: /home/nikhil/nourish_ws/install/nourish_robot_arm_msgs/include/nourish_robot_arm_msgs/msg/pose.h
[1.161s] -- Up-to-date: /home/nikhil/nourish_ws/install/nourish_robot_arm_msgs/include/nourish_robot_arm_msgs/msg/work_object__functions.c
[1.161s] -- Up-to-date: /home/nikhil/nourish_ws/install/nourish_robot_arm_msgs/include/nourish_robot_arm_msgs/msg/acceleration__struct.h
[1.161s] -- Up-to-date: /home/nikhil/nourish_ws/install/nourish_robot_arm_msgs/include/nourish_robot_arm_msgs/msg/position_state__functions.h
[1.162s] -- Up-to-date: /home/nikhil/nourish_ws/install/nourish_robot_arm_msgs/include/nourish_robot_arm_msgs/msg/robot_arm_state.h
[1.162s] -- Up-to-date: /home/nikhil/nourish_ws/install/nourish_robot_arm_msgs/include/nourish_robot_arm_msgs/msg/acceleration__functions.c
[1.162s] -- Up-to-date: /home/nikhil/nourish_ws/install/nourish_robot_arm_msgs/include/nourish_robot_arm_msgs/msg/tool__functions.c
[1.162s] -- Up-to-date: /home/nikhil/nourish_ws/install/nourish_robot_arm_msgs/include/nourish_robot_arm_msgs/msg/acceleration.h
[1.163s] -- Up-to-date: /home/nikhil/nourish_ws/install/nourish_robot_arm_msgs/include/nourish_robot_arm_msgs/msg/robot_arm_state__functions.c
[1.163s] -- Up-to-date: /home/nikhil/nourish_ws/install/nourish_robot_arm_msgs/include/nourish_robot_arm_msgs/msg/tool__type_support.h
[1.163s] -- Up-to-date: /home/nikhil/nourish_ws/install/nourish_robot_arm_msgs/include/nourish_robot_arm_msgs/msg/robot_move__functions.c
[1.163s] -- Up-to-date: /home/nikhil/nourish_ws/install/nourish_robot_arm_msgs/include/nourish_robot_arm_msgs/msg/joint__type_support.h
[1.163s] -- Up-to-date: /home/nikhil/nourish_ws/install/nourish_robot_arm_msgs/include/nourish_robot_arm_msgs/msg/position_state.h
[1.163s] -- Up-to-date: /home/nikhil/nourish_ws/install/nourish_robot_arm_msgs/include/nourish_robot_arm_msgs/srv
[1.163s] -- Up-to-date: /home/nikhil/nourish_ws/install/nourish_robot_arm_msgs/include/nourish_robot_arm_msgs/srv/poll_status.h
[1.164s] -- Up-to-date: /home/nikhil/nourish_ws/install/nourish_robot_arm_msgs/include/nourish_robot_arm_msgs/srv/poll_position__functions.c
[1.164s] -- Up-to-date: /home/nikhil/nourish_ws/install/nourish_robot_arm_msgs/include/nourish_robot_arm_msgs/srv/poll_status__struct.h
[1.164s] -- Up-to-date: /home/nikhil/nourish_ws/install/nourish_robot_arm_msgs/include/nourish_robot_arm_msgs/srv/poll_position__type_support.h
[1.164s] -- Up-to-date: /home/nikhil/nourish_ws/install/nourish_robot_arm_msgs/include/nourish_robot_arm_msgs/srv/poll_position.h
[1.164s] -- Up-to-date: /home/nikhil/nourish_ws/install/nourish_robot_arm_msgs/include/nourish_robot_arm_msgs/srv/poll_position__struct.h
[1.164s] -- Up-to-date: /home/nikhil/nourish_ws/install/nourish_robot_arm_msgs/include/nourish_robot_arm_msgs/srv/poll_position__functions.h
[1.164s] -- Up-to-date: /home/nikhil/nourish_ws/install/nourish_robot_arm_msgs/include/nourish_robot_arm_msgs/srv/poll_status__functions.h
[1.165s] -- Up-to-date: /home/nikhil/nourish_ws/install/nourish_robot_arm_msgs/include/nourish_robot_arm_msgs/srv/poll_status__type_support.h
[1.165s] -- Up-to-date: /home/nikhil/nourish_ws/install/nourish_robot_arm_msgs/include/nourish_robot_arm_msgs/srv/poll_status__functions.c
[1.165s] -- Up-to-date: /home/nikhil/nourish_ws/install/nourish_robot_arm_msgs/share/nourish_robot_arm_msgs/environment/library_path.sh
[1.165s] -- Up-to-date: /home/nikhil/nourish_ws/install/nourish_robot_arm_msgs/lib/libnourish_robot_arm_msgs__rosidl_generator_c.so
[1.165s] -- Up-to-date: /home/nikhil/nourish_ws/install/nourish_robot_arm_msgs/lib/libnourish_robot_arm_msgs__rosidl_typesupport_c.so
[1.165s] -- Up-to-date: /home/nikhil/nourish_ws/install/nourish_robot_arm_msgs/lib/libnourish_robot_arm_msgs__rosidl_typesupport_cpp.so
[1.165s] -- Up-to-date: /home/nikhil/nourish_ws/install/nourish_robot_arm_msgs/include/nourish_robot_arm_msgs
[1.166s] -- Up-to-date: /home/nikhil/nourish_ws/install/nourish_robot_arm_msgs/include/nourish_robot_arm_msgs/action
[1.166s] -- Up-to-date: /home/nikhil/nourish_ws/install/nourish_robot_arm_msgs/include/nourish_robot_arm_msgs/action/execute_path__rosidl_typesupport_introspection_c.h
[1.166s] -- Up-to-date: /home/nikhil/nourish_ws/install/nourish_robot_arm_msgs/include/nourish_robot_arm_msgs/action/register_point__type_support.c
[1.166s] -- Up-to-date: /home/nikhil/nourish_ws/install/nourish_robot_arm_msgs/include/nourish_robot_arm_msgs/action/register_point__rosidl_typesupport_introspection_c.h
[1.166s] -- Up-to-date: /home/nikhil/nourish_ws/install/nourish_robot_arm_msgs/include/nourish_robot_arm_msgs/action/execute_path__type_support.c
[1.166s] -- Up-to-date: /home/nikhil/nourish_ws/install/nourish_robot_arm_msgs/include/nourish_robot_arm_msgs/msg
[1.167s] -- Up-to-date: /home/nikhil/nourish_ws/install/nourish_robot_arm_msgs/include/nourish_robot_arm_msgs/msg/speed__rosidl_typesupport_introspection_c.h
[1.167s] -- Up-to-date: /home/nikhil/nourish_ws/install/nourish_robot_arm_msgs/include/nourish_robot_arm_msgs/msg/pose__type_support.c
[1.167s] -- Up-to-date: /home/nikhil/nourish_ws/install/nourish_robot_arm_msgs/include/nourish_robot_arm_msgs/msg/pose__rosidl_typesupport_introspection_c.h
[1.167s] -- Up-to-date: /home/nikhil/nourish_ws/install/nourish_robot_arm_msgs/include/nourish_robot_arm_msgs/msg/position_state__type_support.c
[1.167s] -- Up-to-date: /home/nikhil/nourish_ws/install/nourish_robot_arm_msgs/include/nourish_robot_arm_msgs/msg/tool__type_support.c
[1.167s] -- Up-to-date: /home/nikhil/nourish_ws/install/nourish_robot_arm_msgs/include/nourish_robot_arm_msgs/msg/rosidl_typesupport_introspection_c__visibility_control.h
[1.167s] -- Up-to-date: /home/nikhil/nourish_ws/install/nourish_robot_arm_msgs/include/nourish_robot_arm_msgs/msg/robot_move__rosidl_typesupport_introspection_c.h
[1.168s] -- Up-to-date: /home/nikhil/nourish_ws/install/nourish_robot_arm_msgs/include/nourish_robot_arm_msgs/msg/joint__rosidl_typesupport_introspection_c.h
[1.168s] -- Up-to-date: /home/nikhil/nourish_ws/install/nourish_robot_arm_msgs/include/nourish_robot_arm_msgs/msg/speed__type_support.c
[1.168s] -- Up-to-date: /home/nikhil/nourish_ws/install/nourish_robot_arm_msgs/include/nourish_robot_arm_msgs/msg/zone__rosidl_typesupport_introspection_c.h
[1.168s] -- Up-to-date: /home/nikhil/nourish_ws/install/nourish_robot_arm_msgs/include/nourish_robot_arm_msgs/msg/work_object__type_support.c
[1.168s] -- Up-to-date: /home/nikhil/nourish_ws/install/nourish_robot_arm_msgs/include/nourish_robot_arm_msgs/msg/acceleration__rosidl_typesupport_introspection_c.h
[1.168s] -- Up-to-date: /home/nikhil/nourish_ws/install/nourish_robot_arm_msgs/include/nourish_robot_arm_msgs/msg/tool__rosidl_typesupport_introspection_c.h
[1.169s] -- Up-to-date: /home/nikhil/nourish_ws/install/nourish_robot_arm_msgs/include/nourish_robot_arm_msgs/msg/zone__type_support.c
[1.169s] -- Up-to-date: /home/nikhil/nourish_ws/install/nourish_robot_arm_msgs/include/nourish_robot_arm_msgs/msg/acceleration__type_support.c
[1.169s] -- Up-to-date: /home/nikhil/nourish_ws/install/nourish_robot_arm_msgs/include/nourish_robot_arm_msgs/msg/robot_arm_state__type_support.c
[1.169s] -- Up-to-date: /home/nikhil/nourish_ws/install/nourish_robot_arm_msgs/include/nourish_robot_arm_msgs/msg/robot_arm_state__rosidl_typesupport_introspection_c.h
[1.169s] -- Up-to-date: /home/nikhil/nourish_ws/install/nourish_robot_arm_msgs/include/nourish_robot_arm_msgs/msg/work_object__rosidl_typesupport_introspection_c.h
[1.169s] -- Up-to-date: /home/nikhil/nourish_ws/install/nourish_robot_arm_msgs/include/nourish_robot_arm_msgs/msg/position_state__rosidl_typesupport_introspection_c.h
[1.169s] -- Up-to-date: /home/nikhil/nourish_ws/install/nourish_robot_arm_msgs/include/nourish_robot_arm_msgs/msg/joint__type_support.c
[1.169s] -- Up-to-date: /home/nikhil/nourish_ws/install/nourish_robot_arm_msgs/include/nourish_robot_arm_msgs/msg/robot_move__type_support.c
[1.170s] -- Up-to-date: /home/nikhil/nourish_ws/install/nourish_robot_arm_msgs/include/nourish_robot_arm_msgs/srv
[1.170s] -- Up-to-date: /home/nikhil/nourish_ws/install/nourish_robot_arm_msgs/include/nourish_robot_arm_msgs/srv/poll_position__type_support.c
[1.170s] -- Up-to-date: /home/nikhil/nourish_ws/install/nourish_robot_arm_msgs/include/nourish_robot_arm_msgs/srv/poll_position__rosidl_typesupport_introspection_c.h
[1.170s] -- Up-to-date: /home/nikhil/nourish_ws/install/nourish_robot_arm_msgs/include/nourish_robot_arm_msgs/srv/poll_status__type_support.c
[1.170s] -- Up-to-date: /home/nikhil/nourish_ws/install/nourish_robot_arm_msgs/include/nourish_robot_arm_msgs/srv/poll_status__rosidl_typesupport_introspection_c.h
[1.170s] -- Up-to-date: /home/nikhil/nourish_ws/install/nourish_robot_arm_msgs/lib/libnourish_robot_arm_msgs__rosidl_typesupport_introspection_c.so
[1.170s] -- Up-to-date: /home/nikhil/nourish_ws/install/nourish_robot_arm_msgs/include/nourish_robot_arm_msgs
[1.171s] -- Up-to-date: /home/nikhil/nourish_ws/install/nourish_robot_arm_msgs/include/nourish_robot_arm_msgs/action
[1.171s] -- Up-to-date: /home/nikhil/nourish_ws/install/nourish_robot_arm_msgs/include/nourish_robot_arm_msgs/action/register_point__type_support.cpp
[1.171s] -- Up-to-date: /home/nikhil/nourish_ws/install/nourish_robot_arm_msgs/include/nourish_robot_arm_msgs/action/register_point__rosidl_typesupport_introspection_cpp.hpp
[1.171s] -- Up-to-date: /home/nikhil/nourish_ws/install/nourish_robot_arm_msgs/include/nourish_robot_arm_msgs/action/execute_path__type_support.cpp
[1.171s] -- Up-to-date: /home/nikhil/nourish_ws/install/nourish_robot_arm_msgs/include/nourish_robot_arm_msgs/action/execute_path__rosidl_typesupport_introspection_cpp.hpp
[1.171s] -- Up-to-date: /home/nikhil/nourish_ws/install/nourish_robot_arm_msgs/include/nourish_robot_arm_msgs/msg
[1.171s] -- Up-to-date: /home/nikhil/nourish_ws/install/nourish_robot_arm_msgs/include/nourish_robot_arm_msgs/msg/robot_arm_state__type_support.cpp
[1.171s] -- Up-to-date: /home/nikhil/nourish_ws/install/nourish_robot_arm_msgs/include/nourish_robot_arm_msgs/msg/robot_arm_state__rosidl_typesupport_introspection_cpp.hpp
[1.172s] -- Up-to-date: /home/nikhil/nourish_ws/install/nourish_robot_arm_msgs/include/nourish_robot_arm_msgs/msg/joint__rosidl_typesupport_introspection_cpp.hpp
[1.172s] -- Up-to-date: /home/nikhil/nourish_ws/install/nourish_robot_arm_msgs/include/nourish_robot_arm_msgs/msg/zone__type_support.cpp
[1.172s] -- Up-to-date: /home/nikhil/nourish_ws/install/nourish_robot_arm_msgs/include/nourish_robot_arm_msgs/msg/joint__type_support.cpp
[1.172s] -- Up-to-date: /home/nikhil/nourish_ws/install/nourish_robot_arm_msgs/include/nourish_robot_arm_msgs/msg/work_object__type_support.cpp
[1.172s] -- Up-to-date: /home/nikhil/nourish_ws/install/nourish_robot_arm_msgs/include/nourish_robot_arm_msgs/msg/position_state__type_support.cpp
[1.172s] -- Up-to-date: /home/nikhil/nourish_ws/install/nourish_robot_arm_msgs/include/nourish_robot_arm_msgs/msg/acceleration__rosidl_typesupport_introspection_cpp.hpp
[1.172s] -- Up-to-date: /home/nikhil/nourish_ws/install/nourish_robot_arm_msgs/include/nourish_robot_arm_msgs/msg/robot_move__rosidl_typesupport_introspection_cpp.hpp
[1.172s] -- Up-to-date: /home/nikhil/nourish_ws/install/nourish_robot_arm_msgs/include/nourish_robot_arm_msgs/msg/acceleration__type_support.cpp
[1.173s] -- Up-to-date: /home/nikhil/nourish_ws/install/nourish_robot_arm_msgs/include/nourish_robot_arm_msgs/msg/zone__rosidl_typesupport_introspection_cpp.hpp
[1.173s] -- Up-to-date: /home/nikhil/nourish_ws/install/nourish_robot_arm_msgs/include/nourish_robot_arm_msgs/msg/speed__type_support.cpp
[1.173s] -- Up-to-date: /home/nikhil/nourish_ws/install/nourish_robot_arm_msgs/include/nourish_robot_arm_msgs/msg/tool__type_support.cpp
[1.173s] -- Up-to-date: /home/nikhil/nourish_ws/install/nourish_robot_arm_msgs/include/nourish_robot_arm_msgs/msg/pose__type_support.cpp
[1.173s] -- Up-to-date: /home/nikhil/nourish_ws/install/nourish_robot_arm_msgs/include/nourish_robot_arm_msgs/msg/speed__rosidl_typesupport_introspection_cpp.hpp
[1.173s] -- Up-to-date: /home/nikhil/nourish_ws/install/nourish_robot_arm_msgs/include/nourish_robot_arm_msgs/msg/position_state__rosidl_typesupport_introspection_cpp.hpp
[1.173s] -- Up-to-date: /home/nikhil/nourish_ws/install/nourish_robot_arm_msgs/include/nourish_robot_arm_msgs/msg/tool__rosidl_typesupport_introspection_cpp.hpp
[1.173s] -- Up-to-date: /home/nikhil/nourish_ws/install/nourish_robot_arm_msgs/include/nourish_robot_arm_msgs/msg/work_object__rosidl_typesupport_introspection_cpp.hpp
[1.174s] -- Up-to-date: /home/nikhil/nourish_ws/install/nourish_robot_arm_msgs/include/nourish_robot_arm_msgs/msg/robot_move__type_support.cpp
[1.174s] -- Up-to-date: /home/nikhil/nourish_ws/install/nourish_robot_arm_msgs/include/nourish_robot_arm_msgs/msg/pose__rosidl_typesupport_introspection_cpp.hpp
[1.174s] -- Up-to-date: /home/nikhil/nourish_ws/install/nourish_robot_arm_msgs/include/nourish_robot_arm_msgs/srv
[1.174s] -- Up-to-date: /home/nikhil/nourish_ws/install/nourish_robot_arm_msgs/include/nourish_robot_arm_msgs/srv/poll_status__type_support.cpp
[1.174s] -- Up-to-date: /home/nikhil/nourish_ws/install/nourish_robot_arm_msgs/include/nourish_robot_arm_msgs/srv/poll_status__rosidl_typesupport_introspection_cpp.hpp
[1.174s] -- Up-to-date: /home/nikhil/nourish_ws/install/nourish_robot_arm_msgs/include/nourish_robot_arm_msgs/srv/poll_position__type_support.cpp
[1.174s] -- Up-to-date: /home/nikhil/nourish_ws/install/nourish_robot_arm_msgs/include/nourish_robot_arm_msgs/srv/poll_position__rosidl_typesupport_introspection_cpp.hpp
[1.174s] -- Up-to-date: /home/nikhil/nourish_ws/install/nourish_robot_arm_msgs/lib/libnourish_robot_arm_msgs__rosidl_typesupport_introspection_cpp.so
[1.175s] -- Up-to-date: /home/nikhil/nourish_ws/install/nourish_robot_arm_msgs/include/nourish_robot_arm_msgs
[1.175s] -- Up-to-date: /home/nikhil/nourish_ws/install/nourish_robot_arm_msgs/include/nourish_robot_arm_msgs/action
[1.175s] -- Up-to-date: /home/nikhil/nourish_ws/install/nourish_robot_arm_msgs/include/nourish_robot_arm_msgs/action/register_point__rosidl_typesupport_fastrtps_c.h
[1.175s] -- Up-to-date: /home/nikhil/nourish_ws/install/nourish_robot_arm_msgs/include/nourish_robot_arm_msgs/action/execute_path__rosidl_typesupport_fastrtps_c.h
[1.175s] -- Up-to-date: /home/nikhil/nourish_ws/install/nourish_robot_arm_msgs/include/nourish_robot_arm_msgs/msg
[1.175s] -- Up-to-date: /home/nikhil/nourish_ws/install/nourish_robot_arm_msgs/include/nourish_robot_arm_msgs/msg/robot_arm_state__rosidl_typesupport_fastrtps_c.h
[1.175s] -- Up-to-date: /home/nikhil/nourish_ws/install/nourish_robot_arm_msgs/include/nourish_robot_arm_msgs/msg/position_state__rosidl_typesupport_fastrtps_c.h
[1.175s] -- Up-to-date: /home/nikhil/nourish_ws/install/nourish_robot_arm_msgs/include/nourish_robot_arm_msgs/msg/tool__rosidl_typesupport_fastrtps_c.h
[1.176s] -- Up-to-date: /home/nikhil/nourish_ws/install/nourish_robot_arm_msgs/include/nourish_robot_arm_msgs/msg/robot_move__rosidl_typesupport_fastrtps_c.h
[1.176s] -- Up-to-date: /home/nikhil/nourish_ws/install/nourish_robot_arm_msgs/include/nourish_robot_arm_msgs/msg/work_object__rosidl_typesupport_fastrtps_c.h
[1.176s] -- Up-to-date: /home/nikhil/nourish_ws/install/nourish_robot_arm_msgs/include/nourish_robot_arm_msgs/msg/acceleration__rosidl_typesupport_fastrtps_c.h
[1.176s] -- Up-to-date: /home/nikhil/nourish_ws/install/nourish_robot_arm_msgs/include/nourish_robot_arm_msgs/msg/joint__rosidl_typesupport_fastrtps_c.h
[1.176s] -- Up-to-date: /home/nikhil/nourish_ws/install/nourish_robot_arm_msgs/include/nourish_robot_arm_msgs/msg/zone__rosidl_typesupport_fastrtps_c.h
[1.176s] -- Up-to-date: /home/nikhil/nourish_ws/install/nourish_robot_arm_msgs/include/nourish_robot_arm_msgs/msg/speed__rosidl_typesupport_fastrtps_c.h
[1.176s] -- Up-to-date: /home/nikhil/nourish_ws/install/nourish_robot_arm_msgs/include/nourish_robot_arm_msgs/msg/rosidl_typesupport_fastrtps_c__visibility_control.h
[1.176s] -- Up-to-date: /home/nikhil/nourish_ws/install/nourish_robot_arm_msgs/include/nourish_robot_arm_msgs/msg/pose__rosidl_typesupport_fastrtps_c.h
[1.177s] -- Up-to-date: /home/nikhil/nourish_ws/install/nourish_robot_arm_msgs/include/nourish_robot_arm_msgs/srv
[1.177s] -- Up-to-date: /home/nikhil/nourish_ws/install/nourish_robot_arm_msgs/include/nourish_robot_arm_msgs/srv/poll_position__rosidl_typesupport_fastrtps_c.h
[1.177s] -- Up-to-date: /home/nikhil/nourish_ws/install/nourish_robot_arm_msgs/include/nourish_robot_arm_msgs/srv/poll_status__rosidl_typesupport_fastrtps_c.h
[1.177s] -- Up-to-date: /home/nikhil/nourish_ws/install/nourish_robot_arm_msgs/lib/libnourish_robot_arm_msgs__rosidl_typesupport_fastrtps_c.so
[1.177s] -- Up-to-date: /home/nikhil/nourish_ws/install/nourish_robot_arm_msgs/include/nourish_robot_arm_msgs
[1.177s] -- Up-to-date: /home/nikhil/nourish_ws/install/nourish_robot_arm_msgs/include/nourish_robot_arm_msgs/action
[1.177s] -- Up-to-date: /home/nikhil/nourish_ws/install/nourish_robot_arm_msgs/include/nourish_robot_arm_msgs/action/register_point__rosidl_typesupport_fastrtps_cpp.hpp
[1.177s] -- Up-to-date: /home/nikhil/nourish_ws/install/nourish_robot_arm_msgs/include/nourish_robot_arm_msgs/action/execute_path__rosidl_typesupport_fastrtps_cpp.hpp
[1.178s] -- Up-to-date: /home/nikhil/nourish_ws/install/nourish_robot_arm_msgs/include/nourish_robot_arm_msgs/action/dds_fastrtps
[1.178s] -- Up-to-date: /home/nikhil/nourish_ws/install/nourish_robot_arm_msgs/include/nourish_robot_arm_msgs/msg
[1.178s] -- Up-to-date: /home/nikhil/nourish_ws/install/nourish_robot_arm_msgs/include/nourish_robot_arm_msgs/msg/robot_move__rosidl_typesupport_fastrtps_cpp.hpp
[1.178s] -- Up-to-date: /home/nikhil/nourish_ws/install/nourish_robot_arm_msgs/include/nourish_robot_arm_msgs/msg/dds_fastrtps
[1.178s] -- Up-to-date: /home/nikhil/nourish_ws/install/nourish_robot_arm_msgs/include/nourish_robot_arm_msgs/msg/work_object__rosidl_typesupport_fastrtps_cpp.hpp
[1.178s] -- Up-to-date: /home/nikhil/nourish_ws/install/nourish_robot_arm_msgs/include/nourish_robot_arm_msgs/msg/speed__rosidl_typesupport_fastrtps_cpp.hpp
[1.178s] -- Up-to-date: /home/nikhil/nourish_ws/install/nourish_robot_arm_msgs/include/nourish_robot_arm_msgs/msg/tool__rosidl_typesupport_fastrtps_cpp.hpp
[1.178s] -- Up-to-date: /home/nikhil/nourish_ws/install/nourish_robot_arm_msgs/include/nourish_robot_arm_msgs/msg/zone__rosidl_typesupport_fastrtps_cpp.hpp
[1.179s] -- Up-to-date: /home/nikhil/nourish_ws/install/nourish_robot_arm_msgs/include/nourish_robot_arm_msgs/msg/position_state__rosidl_typesupport_fastrtps_cpp.hpp
[1.179s] -- Up-to-date: /home/nikhil/nourish_ws/install/nourish_robot_arm_msgs/include/nourish_robot_arm_msgs/msg/pose__rosidl_typesupport_fastrtps_cpp.hpp
[1.179s] -- Up-to-date: /home/nikhil/nourish_ws/install/nourish_robot_arm_msgs/include/nourish_robot_arm_msgs/msg/robot_arm_state__rosidl_typesupport_fastrtps_cpp.hpp
[1.179s] -- Up-to-date: /home/nikhil/nourish_ws/install/nourish_robot_arm_msgs/include/nourish_robot_arm_msgs/msg/rosidl_typesupport_fastrtps_cpp__visibility_control.h
[1.179s] -- Up-to-date: /home/nikhil/nourish_ws/install/nourish_robot_arm_msgs/include/nourish_robot_arm_msgs/msg/joint__rosidl_typesupport_fastrtps_cpp.hpp
[1.179s] -- Up-to-date: /home/nikhil/nourish_ws/install/nourish_robot_arm_msgs/include/nourish_robot_arm_msgs/msg/acceleration__rosidl_typesupport_fastrtps_cpp.hpp
[1.179s] -- Up-to-date: /home/nikhil/nourish_ws/install/nourish_robot_arm_msgs/include/nourish_robot_arm_msgs/srv
[1.179s] -- Up-to-date: /home/nikhil/nourish_ws/install/nourish_robot_arm_msgs/include/nourish_robot_arm_msgs/srv/poll_position__rosidl_typesupport_fastrtps_cpp.hpp
[1.180s] -- Up-to-date: /home/nikhil/nourish_ws/install/nourish_robot_arm_msgs/include/nourish_robot_arm_msgs/srv/dds_fastrtps
[1.180s] -- Up-to-date: /home/nikhil/nourish_ws/install/nourish_robot_arm_msgs/include/nourish_robot_arm_msgs/srv/poll_status__rosidl_typesupport_fastrtps_cpp.hpp
[1.180s] -- Up-to-date: /home/nikhil/nourish_ws/install/nourish_robot_arm_msgs/lib/libnourish_robot_arm_msgs__rosidl_typesupport_fastrtps_cpp.so
[1.180s] -- Up-to-date: /home/nikhil/nourish_ws/install/nourish_robot_arm_msgs/share/nourish_robot_arm_msgs/environment/pythonpath.sh
[1.180s] -- Up-to-date: /home/nikhil/nourish_ws/install/nourish_robot_arm_msgs/lib/python3.6/site-packages/nourish_robot_arm_msgs/__init__.py
[1.210s] -- Up-to-date: /home/nikhil/nourish_ws/install/nourish_robot_arm_msgs/lib/python3.6/site-packages/nourish_robot_arm_msgs/srv
[1.210s] -- Up-to-date: /home/nikhil/nourish_ws/install/nourish_robot_arm_msgs/lib/python3.6/site-packages/nourish_robot_arm_msgs/srv/_poll_position.py
[1.211s] -- Up-to-date: /home/nikhil/nourish_ws/install/nourish_robot_arm_msgs/lib/python3.6/site-packages/nourish_robot_arm_msgs/srv/__init__.py
[1.211s] -- Up-to-date: /home/nikhil/nourish_ws/install/nourish_robot_arm_msgs/lib/python3.6/site-packages/nourish_robot_arm_msgs/srv/_poll_status_s.c
[1.211s] -- Up-to-date: /home/nikhil/nourish_ws/install/nourish_robot_arm_msgs/lib/python3.6/site-packages/nourish_robot_arm_msgs/srv/_poll_status.py
[1.211s] -- Up-to-date: /home/nikhil/nourish_ws/install/nourish_robot_arm_msgs/lib/python3.6/site-packages/nourish_robot_arm_msgs/srv/_poll_position_s.c
[1.211s] -- Up-to-date: /home/nikhil/nourish_ws/install/nourish_robot_arm_msgs/lib/python3.6/site-packages/nourish_robot_arm_msgs/action
[1.211s] -- Up-to-date: /home/nikhil/nourish_ws/install/nourish_robot_arm_msgs/lib/python3.6/site-packages/nourish_robot_arm_msgs/action/_execute_path.py
[1.211s] -- Up-to-date: /home/nikhil/nourish_ws/install/nourish_robot_arm_msgs/lib/python3.6/site-packages/nourish_robot_arm_msgs/action/__init__.py
[1.212s] -- Up-to-date: /home/nikhil/nourish_ws/install/nourish_robot_arm_msgs/lib/python3.6/site-packages/nourish_robot_arm_msgs/action/_execute_path_s.c
[1.212s] -- Up-to-date: /home/nikhil/nourish_ws/install/nourish_robot_arm_msgs/lib/python3.6/site-packages/nourish_robot_arm_msgs/action/_register_point.py
[1.212s] -- Up-to-date: /home/nikhil/nourish_ws/install/nourish_robot_arm_msgs/lib/python3.6/site-packages/nourish_robot_arm_msgs/action/_register_point_s.c
[1.212s] -- Up-to-date: /home/nikhil/nourish_ws/install/nourish_robot_arm_msgs/lib/python3.6/site-packages/nourish_robot_arm_msgs/msg
[1.212s] -- Up-to-date: /home/nikhil/nourish_ws/install/nourish_robot_arm_msgs/lib/python3.6/site-packages/nourish_robot_arm_msgs/msg/_position_state_s.c
[1.212s] -- Up-to-date: /home/nikhil/nourish_ws/install/nourish_robot_arm_msgs/lib/python3.6/site-packages/nourish_robot_arm_msgs/msg/_acceleration_s.c
[1.212s] -- Up-to-date: /home/nikhil/nourish_ws/install/nourish_robot_arm_msgs/lib/python3.6/site-packages/nourish_robot_arm_msgs/msg/_tool_s.c
[1.212s] -- Up-to-date: /home/nikhil/nourish_ws/install/nourish_robot_arm_msgs/lib/python3.6/site-packages/nourish_robot_arm_msgs/msg/_position_state.py
[1.213s] -- Up-to-date: /home/nikhil/nourish_ws/install/nourish_robot_arm_msgs/lib/python3.6/site-packages/nourish_robot_arm_msgs/msg/_robot_move_s.c
[1.213s] -- Up-to-date: /home/nikhil/nourish_ws/install/nourish_robot_arm_msgs/lib/python3.6/site-packages/nourish_robot_arm_msgs/msg/_robot_arm_state.py
[1.213s] -- Up-to-date: /home/nikhil/nourish_ws/install/nourish_robot_arm_msgs/lib/python3.6/site-packages/nourish_robot_arm_msgs/msg/_joint_s.c
[1.213s] -- Up-to-date: /home/nikhil/nourish_ws/install/nourish_robot_arm_msgs/lib/python3.6/site-packages/nourish_robot_arm_msgs/msg/_acceleration.py
[1.213s] -- Up-to-date: /home/nikhil/nourish_ws/install/nourish_robot_arm_msgs/lib/python3.6/site-packages/nourish_robot_arm_msgs/msg/_robot_arm_state_s.c
[1.213s] -- Up-to-date: /home/nikhil/nourish_ws/install/nourish_robot_arm_msgs/lib/python3.6/site-packages/nourish_robot_arm_msgs/msg/_joint.py
[1.213s] -- Up-to-date: /home/nikhil/nourish_ws/install/nourish_robot_arm_msgs/lib/python3.6/site-packages/nourish_robot_arm_msgs/msg/_speed_s.c
[1.214s] -- Up-to-date: /home/nikhil/nourish_ws/install/nourish_robot_arm_msgs/lib/python3.6/site-packages/nourish_robot_arm_msgs/msg/_work_object_s.c
[1.214s] -- Up-to-date: /home/nikhil/nourish_ws/install/nourish_robot_arm_msgs/lib/python3.6/site-packages/nourish_robot_arm_msgs/msg/__init__.py
[1.214s] -- Up-to-date: /home/nikhil/nourish_ws/install/nourish_robot_arm_msgs/lib/python3.6/site-packages/nourish_robot_arm_msgs/msg/_pose_s.c
[1.214s] -- Up-to-date: /home/nikhil/nourish_ws/install/nourish_robot_arm_msgs/lib/python3.6/site-packages/nourish_robot_arm_msgs/msg/_pose.py
[1.214s] -- Up-to-date: /home/nikhil/nourish_ws/install/nourish_robot_arm_msgs/lib/python3.6/site-packages/nourish_robot_arm_msgs/msg/_zone.py
[1.214s] -- Up-to-date: /home/nikhil/nourish_ws/install/nourish_robot_arm_msgs/lib/python3.6/site-packages/nourish_robot_arm_msgs/msg/_robot_move.py
[1.215s] -- Up-to-date: /home/nikhil/nourish_ws/install/nourish_robot_arm_msgs/lib/python3.6/site-packages/nourish_robot_arm_msgs/msg/_zone_s.c
[1.215s] -- Up-to-date: /home/nikhil/nourish_ws/install/nourish_robot_arm_msgs/lib/python3.6/site-packages/nourish_robot_arm_msgs/msg/_work_object.py
[1.215s] -- Up-to-date: /home/nikhil/nourish_ws/install/nourish_robot_arm_msgs/lib/python3.6/site-packages/nourish_robot_arm_msgs/msg/_speed.py
[1.215s] -- Up-to-date: /home/nikhil/nourish_ws/install/nourish_robot_arm_msgs/lib/python3.6/site-packages/nourish_robot_arm_msgs/msg/_tool.py
[1.215s] -- Up-to-date: /home/nikhil/nourish_ws/install/nourish_robot_arm_msgs/lib/python3.6/site-packages/nourish_robot_arm_msgs/nourish_robot_arm_msgs_s__rosidl_typesupport_c.cpython-36m-x86_64-linux-gnu.so
[1.215s] -- Up-to-date: /home/nikhil/nourish_ws/install/nourish_robot_arm_msgs/lib/python3.6/site-packages/nourish_robot_arm_msgs/nourish_robot_arm_msgs_s__rosidl_typesupport_introspection_c.cpython-36m-x86_64-linux-gnu.so
[1.216s] -- Up-to-date: /home/nikhil/nourish_ws/install/nourish_robot_arm_msgs/lib/python3.6/site-packages/nourish_robot_arm_msgs/nourish_robot_arm_msgs_s__rosidl_typesupport_fastrtps_c.cpython-36m-x86_64-linux-gnu.so
[1.216s] -- Up-to-date: /home/nikhil/nourish_ws/install/nourish_robot_arm_msgs/lib/libnourish_robot_arm_msgs__python.so
[1.216s] -- Up-to-date: /home/nikhil/nourish_ws/install/nourish_robot_arm_msgs/share/nourish_robot_arm_msgs/srv/PollPosition.idl
[1.216s] -- Up-to-date: /home/nikhil/nourish_ws/install/nourish_robot_arm_msgs/share/nourish_robot_arm_msgs/srv/PollStatus.idl
[1.216s] -- Up-to-date: /home/nikhil/nourish_ws/install/nourish_robot_arm_msgs/share/nourish_robot_arm_msgs/action/ExecutePath.idl
[1.216s] -- Up-to-date: /home/nikhil/nourish_ws/install/nourish_robot_arm_msgs/share/nourish_robot_arm_msgs/action/RegisterPoint.idl
[1.217s] -- Up-to-date: /home/nikhil/nourish_ws/install/nourish_robot_arm_msgs/share/nourish_robot_arm_msgs/msg/Acceleration.idl
[1.217s] -- Up-to-date: /home/nikhil/nourish_ws/install/nourish_robot_arm_msgs/share/nourish_robot_arm_msgs/msg/Joint.idl
[1.217s] -- Up-to-date: /home/nikhil/nourish_ws/install/nourish_robot_arm_msgs/share/nourish_robot_arm_msgs/msg/Pose.idl
[1.217s] -- Up-to-date: /home/nikhil/nourish_ws/install/nourish_robot_arm_msgs/share/nourish_robot_arm_msgs/msg/RobotArmState.idl
[1.217s] -- Up-to-date: /home/nikhil/nourish_ws/install/nourish_robot_arm_msgs/share/nourish_robot_arm_msgs/msg/RobotMove.idl
[1.217s] -- Up-to-date: /home/nikhil/nourish_ws/install/nourish_robot_arm_msgs/share/nourish_robot_arm_msgs/msg/Speed.idl
[1.217s] -- Up-to-date: /home/nikhil/nourish_ws/install/nourish_robot_arm_msgs/share/nourish_robot_arm_msgs/msg/Tool.idl
[1.217s] -- Up-to-date: /home/nikhil/nourish_ws/install/nourish_robot_arm_msgs/share/nourish_robot_arm_msgs/msg/WorkObject.idl
[1.218s] -- Up-to-date: /home/nikhil/nourish_ws/install/nourish_robot_arm_msgs/share/nourish_robot_arm_msgs/msg/Zone.idl
[1.218s] -- Up-to-date: /home/nikhil/nourish_ws/install/nourish_robot_arm_msgs/share/nourish_robot_arm_msgs/msg/PositionState.idl
[1.218s] -- Up-to-date: /home/nikhil/nourish_ws/install/nourish_robot_arm_msgs/share/nourish_robot_arm_msgs/srv/PollPosition.srv
[1.218s] -- Up-to-date: /home/nikhil/nourish_ws/install/nourish_robot_arm_msgs/share/nourish_robot_arm_msgs/srv/PollPosition_Request.msg
[1.218s] -- Up-to-date: /home/nikhil/nourish_ws/install/nourish_robot_arm_msgs/share/nourish_robot_arm_msgs/srv/PollPosition_Response.msg
[1.218s] -- Up-to-date: /home/nikhil/nourish_ws/install/nourish_robot_arm_msgs/share/nourish_robot_arm_msgs/srv/PollStatus.srv
[1.218s] -- Up-to-date: /home/nikhil/nourish_ws/install/nourish_robot_arm_msgs/share/nourish_robot_arm_msgs/srv/PollStatus_Request.msg
[1.219s] -- Up-to-date: /home/nikhil/nourish_ws/install/nourish_robot_arm_msgs/share/nourish_robot_arm_msgs/srv/PollStatus_Response.msg
[1.219s] -- Up-to-date: /home/nikhil/nourish_ws/install/nourish_robot_arm_msgs/share/nourish_robot_arm_msgs/action/ExecutePath.action
[1.219s] -- Up-to-date: /home/nikhil/nourish_ws/install/nourish_robot_arm_msgs/share/nourish_robot_arm_msgs/action/RegisterPoint.action
[1.219s] -- Up-to-date: /home/nikhil/nourish_ws/install/nourish_robot_arm_msgs/share/nourish_robot_arm_msgs/msg/Acceleration.msg
[1.219s] -- Up-to-date: /home/nikhil/nourish_ws/install/nourish_robot_arm_msgs/share/nourish_robot_arm_msgs/msg/Joint.msg
[1.219s] -- Up-to-date: /home/nikhil/nourish_ws/install/nourish_robot_arm_msgs/share/nourish_robot_arm_msgs/msg/Pose.msg
[1.219s] -- Up-to-date: /home/nikhil/nourish_ws/install/nourish_robot_arm_msgs/share/nourish_robot_arm_msgs/msg/RobotArmState.msg
[1.219s] -- Up-to-date: /home/nikhil/nourish_ws/install/nourish_robot_arm_msgs/share/nourish_robot_arm_msgs/msg/RobotMove.msg
[1.220s] -- Up-to-date: /home/nikhil/nourish_ws/install/nourish_robot_arm_msgs/share/nourish_robot_arm_msgs/msg/Speed.msg
[1.220s] -- Up-to-date: /home/nikhil/nourish_ws/install/nourish_robot_arm_msgs/share/nourish_robot_arm_msgs/msg/Tool.msg
[1.220s] -- Up-to-date: /home/nikhil/nourish_ws/install/nourish_robot_arm_msgs/share/nourish_robot_arm_msgs/msg/WorkObject.msg
[1.220s] -- Up-to-date: /home/nikhil/nourish_ws/install/nourish_robot_arm_msgs/share/nourish_robot_arm_msgs/msg/Zone.msg
[1.222s] -- Up-to-date: /home/nikhil/nourish_ws/install/nourish_robot_arm_msgs/share/nourish_robot_arm_msgs/msg/PositionState.msg
[1.222s] -- Up-to-date: /home/nikhil/nourish_ws/install/nourish_robot_arm_msgs/share/ament_index/resource_index/package_run_dependencies/nourish_robot_arm_msgs
[1.223s] -- Up-to-date: /home/nikhil/nourish_ws/install/nourish_robot_arm_msgs/share/ament_index/resource_index/parent_prefix_path/nourish_robot_arm_msgs
[1.223s] -- Up-to-date: /home/nikhil/nourish_ws/install/nourish_robot_arm_msgs/share/nourish_robot_arm_msgs/environment/ament_prefix_path.sh
[1.223s] -- Up-to-date: /home/nikhil/nourish_ws/install/nourish_robot_arm_msgs/share/nourish_robot_arm_msgs/environment/path.sh
[1.223s] -- Up-to-date: /home/nikhil/nourish_ws/install/nourish_robot_arm_msgs/share/nourish_robot_arm_msgs/local_setup.bash
[1.223s] -- Up-to-date: /home/nikhil/nourish_ws/install/nourish_robot_arm_msgs/share/nourish_robot_arm_msgs/local_setup.sh
[1.224s] -- Up-to-date: /home/nikhil/nourish_ws/install/nourish_robot_arm_msgs/share/nourish_robot_arm_msgs/local_setup.zsh
[1.224s] -- Up-to-date: /home/nikhil/nourish_ws/install/nourish_robot_arm_msgs/share/ament_index/resource_index/packages/nourish_robot_arm_msgs
[1.224s] -- Up-to-date: /home/nikhil/nourish_ws/install/nourish_robot_arm_msgs/share/nourish_robot_arm_msgs/cmake/rosidl_cmake-extras.cmake
[1.224s] -- Up-to-date: /home/nikhil/nourish_ws/install/nourish_robot_arm_msgs/share/nourish_robot_arm_msgs/cmake/ament_cmake_export_dependencies-extras.cmake
[1.224s] -- Up-to-date: /home/nikhil/nourish_ws/install/nourish_robot_arm_msgs/share/nourish_robot_arm_msgs/cmake/ament_cmake_export_include_directories-extras.cmake
[1.224s] -- Up-to-date: /home/nikhil/nourish_ws/install/nourish_robot_arm_msgs/share/nourish_robot_arm_msgs/cmake/ament_cmake_export_libraries-extras.cmake
[1.225s] -- Up-to-date: /home/nikhil/nourish_ws/install/nourish_robot_arm_msgs/share/nourish_robot_arm_msgs/cmake/nourish_robot_arm_msgsConfig.cmake
[1.225s] -- Up-to-date: /home/nikhil/nourish_ws/install/nourish_robot_arm_msgs/share/nourish_robot_arm_msgs/cmake/nourish_robot_arm_msgsConfig-version.cmake
[1.225s] -- Up-to-date: /home/nikhil/nourish_ws/install/nourish_robot_arm_msgs/share/nourish_robot_arm_msgs/package.xml
