[0.080s] [ 16%] Built target gtest_main
[0.082s] [ 33%] Built target gtest
[0.094s] [ 41%] [32m[1mLinking CXX executable scale[0m
[0.121s] [ 50%] [32m[1mLinking CXX executable nourish_scale_my_test[0m
[0.316s] [ 75%] Built target scale
[0.416s] [100%] Built target nourish_scale_my_test
[0.509s] [ 16%] Built target gtest_main
[0.510s] [ 33%] Built target gtest
[0.514s] [ 66%] Built target scale
[0.536s] [100%] Built target nourish_scale_my_test
[0.553s] [36mInstall the project...[0m
[0.561s] -- Install configuration: ""
[0.561s] -- Installing: /home/nikhil/nourish_ws/install/nourish_scale/lib/nourish_scale/scale
[0.562s] -- Set runtime path of "/home/nikhil/nourish_ws/install/nourish_scale/lib/nourish_scale/scale" to ""
[0.562s] -- Up-to-date: /home/nikhil/nourish_ws/install/nourish_scale/share/ament_index/resource_index/package_run_dependencies/nourish_scale
[0.562s] -- Up-to-date: /home/nikhil/nourish_ws/install/nourish_scale/share/ament_index/resource_index/parent_prefix_path/nourish_scale
[0.563s] -- Up-to-date: /home/nikhil/nourish_ws/install/nourish_scale/share/nourish_scale/environment/ament_prefix_path.sh
[0.563s] -- Up-to-date: /home/nikhil/nourish_ws/install/nourish_scale/share/nourish_scale/environment/path.sh
[0.563s] -- Up-to-date: /home/nikhil/nourish_ws/install/nourish_scale/share/nourish_scale/local_setup.bash
[0.563s] -- Up-to-date: /home/nikhil/nourish_ws/install/nourish_scale/share/nourish_scale/local_setup.sh
[0.563s] -- Up-to-date: /home/nikhil/nourish_ws/install/nourish_scale/share/nourish_scale/local_setup.zsh
[0.563s] -- Up-to-date: /home/nikhil/nourish_ws/install/nourish_scale/share/ament_index/resource_index/packages/nourish_scale
[0.563s] -- Up-to-date: /home/nikhil/nourish_ws/install/nourish_scale/share/nourish_scale/cmake/nourish_scaleConfig.cmake
[0.563s] -- Up-to-date: /home/nikhil/nourish_ws/install/nourish_scale/share/nourish_scale/cmake/nourish_scaleConfig-version.cmake
[0.563s] -- Up-to-date: /home/nikhil/nourish_ws/install/nourish_scale/share/nourish_scale/package.xml
