[0.124s] DEBUG:colcon:Command line arguments: ['/usr/bin/colcon', 'build']
[0.124s] DEBUG:colcon:Parsed command line arguments: Namespace(ament_cmake_args=None, base_paths=['.'], build_base='build', catkin_cmake_args=None, catkin_skip_building_tests=False, cmake_args=None, cmake_clean_cache=False, cmake_clean_first=False, cmake_force_configure=False, cmake_target=None, cmake_target_skip_unavailable=False, continue_on_error=False, event_handlers=None, executor='parallel', ignore_user_meta=False, install_base='install', log_base=None, log_level=None, main=<bound method BuildVerb.main of <colcon_core.verb.build.BuildVerb object at 0x7f810d8cb9e8>>, merge_install=False, metas=['./colcon.meta'], packages_above=None, packages_above_depth=None, packages_end=None, packages_ignore=None, packages_ignore_regex=None, packages_select=None, packages_select_build_failed=False, packages_select_by_dep=None, packages_select_regex=None, packages_select_test_failures=False, packages_skip=None, packages_skip_build_finished=False, packages_skip_by_dep=None, packages_skip_regex=None, packages_skip_test_passed=False, packages_skip_up_to=None, packages_start=None, packages_up_to=None, parallel_workers=12, paths=None, symlink_install=False, test_result_base=None, verb_extension=<colcon_core.verb.build.BuildVerb object at 0x7f810d8cb9e8>, verb_name='build', verb_parser=<colcon_defaults.argument_parser.defaults.DefaultArgumentsDecorator object at 0x7f810d8cbd30>)
[0.153s] Level 1:colcon.colcon_core.package_discovery:discover_packages(colcon_meta) check parameters
[0.153s] Level 1:colcon.colcon_core.package_discovery:discover_packages(recursive) check parameters
[0.153s] Level 1:colcon.colcon_core.package_discovery:discover_packages(ignore) check parameters
[0.153s] Level 1:colcon.colcon_core.package_discovery:discover_packages(path) check parameters
[0.153s] Level 1:colcon.colcon_core.package_discovery:discover_packages(colcon_meta) discover
[0.153s] Level 1:colcon.colcon_core.package_discovery:discover_packages(recursive) discover
[0.153s] INFO:colcon.colcon_core.package_discovery:Crawling recursively for packages in '/home/nikhil/nourish_ws'
[0.153s] Level 1:colcon.colcon_core.package_identification:_identify(.) by extensions ['ignore', 'ignore_ament_install']
[0.153s] Level 1:colcon.colcon_core.package_identification:_identify(.) by extension 'ignore'
[0.153s] Level 1:colcon.colcon_core.package_identification:_identify(.) by extension 'ignore_ament_install'
[0.153s] Level 1:colcon.colcon_core.package_identification:_identify(.) by extensions ['colcon_pkg']
[0.153s] Level 1:colcon.colcon_core.package_identification:_identify(.) by extension 'colcon_pkg'
[0.153s] Level 1:colcon.colcon_core.package_identification:_identify(.) by extensions ['colcon_meta']
[0.154s] Level 1:colcon.colcon_core.package_identification:_identify(.) by extension 'colcon_meta'
[0.154s] Level 1:colcon.colcon_core.package_identification:_identify(.) by extensions ['ros']
[0.154s] Level 1:colcon.colcon_core.package_identification:_identify(.) by extension 'ros'
[0.163s] Level 1:colcon.colcon_core.package_identification:_identify(.) by extensions ['cmake', 'python']
[0.163s] Level 1:colcon.colcon_core.package_identification:_identify(.) by extension 'cmake'
[0.163s] Level 1:colcon.colcon_core.package_identification:_identify(.) by extension 'python'
[0.163s] Level 1:colcon.colcon_core.package_identification:_identify(.) by extensions ['python_setup_py']
[0.163s] Level 1:colcon.colcon_core.package_identification:_identify(.) by extension 'python_setup_py'
[0.164s] Level 1:colcon.colcon_core.package_identification:_identify(build) by extensions ['ignore', 'ignore_ament_install']
[0.164s] Level 1:colcon.colcon_core.package_identification:_identify(build) by extension 'ignore'
[0.164s] Level 1:colcon.colcon_core.package_identification:_identify(build) ignored
[0.164s] Level 1:colcon.colcon_core.package_identification:_identify(install) by extensions ['ignore', 'ignore_ament_install']
[0.164s] Level 1:colcon.colcon_core.package_identification:_identify(install) by extension 'ignore'
[0.164s] Level 1:colcon.colcon_core.package_identification:_identify(install) ignored
[0.164s] Level 1:colcon.colcon_core.package_identification:_identify(log) by extensions ['ignore', 'ignore_ament_install']
[0.164s] Level 1:colcon.colcon_core.package_identification:_identify(log) by extension 'ignore'
[0.164s] Level 1:colcon.colcon_core.package_identification:_identify(log) ignored
[0.164s] Level 1:colcon.colcon_core.package_identification:_identify(src) by extensions ['ignore', 'ignore_ament_install']
[0.164s] Level 1:colcon.colcon_core.package_identification:_identify(src) by extension 'ignore'
[0.165s] Level 1:colcon.colcon_core.package_identification:_identify(src) by extension 'ignore_ament_install'
[0.165s] Level 1:colcon.colcon_core.package_identification:_identify(src) by extensions ['colcon_pkg']
[0.165s] Level 1:colcon.colcon_core.package_identification:_identify(src) by extension 'colcon_pkg'
[0.165s] Level 1:colcon.colcon_core.package_identification:_identify(src) by extensions ['colcon_meta']
[0.165s] Level 1:colcon.colcon_core.package_identification:_identify(src) by extension 'colcon_meta'
[0.165s] Level 1:colcon.colcon_core.package_identification:_identify(src) by extensions ['ros']
[0.165s] Level 1:colcon.colcon_core.package_identification:_identify(src) by extension 'ros'
[0.165s] Level 1:colcon.colcon_core.package_identification:_identify(src) by extensions ['cmake', 'python']
[0.165s] Level 1:colcon.colcon_core.package_identification:_identify(src) by extension 'cmake'
[0.165s] Level 1:colcon.colcon_core.package_identification:_identify(src) by extension 'python'
[0.165s] Level 1:colcon.colcon_core.package_identification:_identify(src) by extensions ['python_setup_py']
[0.165s] Level 1:colcon.colcon_core.package_identification:_identify(src) by extension 'python_setup_py'
[0.165s] Level 1:colcon.colcon_core.package_identification:_identify(src/dcb_gazebo) by extensions ['ignore', 'ignore_ament_install']
[0.165s] Level 1:colcon.colcon_core.package_identification:_identify(src/dcb_gazebo) by extension 'ignore'
[0.165s] Level 1:colcon.colcon_core.package_identification:_identify(src/dcb_gazebo) by extension 'ignore_ament_install'
[0.165s] Level 1:colcon.colcon_core.package_identification:_identify(src/dcb_gazebo) by extensions ['colcon_pkg']
[0.165s] Level 1:colcon.colcon_core.package_identification:_identify(src/dcb_gazebo) by extension 'colcon_pkg'
[0.165s] Level 1:colcon.colcon_core.package_identification:_identify(src/dcb_gazebo) by extensions ['colcon_meta']
[0.165s] Level 1:colcon.colcon_core.package_identification:_identify(src/dcb_gazebo) by extension 'colcon_meta'
[0.165s] Level 1:colcon.colcon_core.package_identification:_identify(src/dcb_gazebo) by extensions ['ros']
[0.165s] Level 1:colcon.colcon_core.package_identification:_identify(src/dcb_gazebo) by extension 'ros'
[0.165s] Level 1:colcon.colcon_core.package_identification:_identify(src/dcb_gazebo) by extensions ['cmake', 'python']
[0.165s] Level 1:colcon.colcon_core.package_identification:_identify(src/dcb_gazebo) by extension 'cmake'
[0.166s] Level 1:colcon.colcon_core.package_identification:_identify(src/dcb_gazebo) by extension 'python'
[0.166s] Level 1:colcon.colcon_core.package_identification:_identify(src/dcb_gazebo) by extensions ['python_setup_py']
[0.166s] Level 1:colcon.colcon_core.package_identification:_identify(src/dcb_gazebo) by extension 'python_setup_py'
[0.166s] Level 1:colcon.colcon_core.package_identification:_identify(src/dcb_gazebo/launch) by extensions ['ignore', 'ignore_ament_install']
[0.166s] Level 1:colcon.colcon_core.package_identification:_identify(src/dcb_gazebo/launch) by extension 'ignore'
[0.166s] Level 1:colcon.colcon_core.package_identification:_identify(src/dcb_gazebo/launch) by extension 'ignore_ament_install'
[0.166s] Level 1:colcon.colcon_core.package_identification:_identify(src/dcb_gazebo/launch) by extensions ['colcon_pkg']
[0.166s] Level 1:colcon.colcon_core.package_identification:_identify(src/dcb_gazebo/launch) by extension 'colcon_pkg'
[0.166s] Level 1:colcon.colcon_core.package_identification:_identify(src/dcb_gazebo/launch) by extensions ['colcon_meta']
[0.166s] Level 1:colcon.colcon_core.package_identification:_identify(src/dcb_gazebo/launch) by extension 'colcon_meta'
[0.166s] Level 1:colcon.colcon_core.package_identification:_identify(src/dcb_gazebo/launch) by extensions ['ros']
[0.166s] Level 1:colcon.colcon_core.package_identification:_identify(src/dcb_gazebo/launch) by extension 'ros'
[0.166s] Level 1:colcon.colcon_core.package_identification:_identify(src/dcb_gazebo/launch) by extensions ['cmake', 'python']
[0.166s] Level 1:colcon.colcon_core.package_identification:_identify(src/dcb_gazebo/launch) by extension 'cmake'
[0.166s] Level 1:colcon.colcon_core.package_identification:_identify(src/dcb_gazebo/launch) by extension 'python'
[0.166s] Level 1:colcon.colcon_core.package_identification:_identify(src/dcb_gazebo/launch) by extensions ['python_setup_py']
[0.166s] Level 1:colcon.colcon_core.package_identification:_identify(src/dcb_gazebo/launch) by extension 'python_setup_py'
[0.166s] Level 1:colcon.colcon_core.package_identification:_identify(src/dcb_plugin) by extensions ['ignore', 'ignore_ament_install']
[0.166s] Level 1:colcon.colcon_core.package_identification:_identify(src/dcb_plugin) by extension 'ignore'
[0.166s] Level 1:colcon.colcon_core.package_identification:_identify(src/dcb_plugin) by extension 'ignore_ament_install'
[0.166s] Level 1:colcon.colcon_core.package_identification:_identify(src/dcb_plugin) by extensions ['colcon_pkg']
[0.167s] Level 1:colcon.colcon_core.package_identification:_identify(src/dcb_plugin) by extension 'colcon_pkg'
[0.167s] Level 1:colcon.colcon_core.package_identification:_identify(src/dcb_plugin) by extensions ['colcon_meta']
[0.167s] Level 1:colcon.colcon_core.package_identification:_identify(src/dcb_plugin) by extension 'colcon_meta'
[0.167s] Level 1:colcon.colcon_core.package_identification:_identify(src/dcb_plugin) by extensions ['ros']
[0.167s] Level 1:colcon.colcon_core.package_identification:_identify(src/dcb_plugin) by extension 'ros'
[0.167s] Level 1:colcon.colcon_core.package_identification:_identify(src/dcb_plugin) by extensions ['cmake', 'python']
[0.167s] Level 1:colcon.colcon_core.package_identification:_identify(src/dcb_plugin) by extension 'cmake'
[0.167s] Level 1:colcon.colcon_core.package_identification:_identify(src/dcb_plugin) by extension 'python'
[0.167s] Level 1:colcon.colcon_core.package_identification:_identify(src/dcb_plugin) by extensions ['python_setup_py']
[0.167s] Level 1:colcon.colcon_core.package_identification:_identify(src/dcb_plugin) by extension 'python_setup_py'
[0.167s] Level 1:colcon.colcon_core.package_identification:_identify(src/ros2-bbox-juice-machine) by extensions ['ignore', 'ignore_ament_install']
[0.167s] Level 1:colcon.colcon_core.package_identification:_identify(src/ros2-bbox-juice-machine) by extension 'ignore'
[0.167s] Level 1:colcon.colcon_core.package_identification:_identify(src/ros2-bbox-juice-machine) by extension 'ignore_ament_install'
[0.167s] Level 1:colcon.colcon_core.package_identification:_identify(src/ros2-bbox-juice-machine) by extensions ['colcon_pkg']
[0.167s] Level 1:colcon.colcon_core.package_identification:_identify(src/ros2-bbox-juice-machine) by extension 'colcon_pkg'
[0.167s] Level 1:colcon.colcon_core.package_identification:_identify(src/ros2-bbox-juice-machine) by extensions ['colcon_meta']
[0.167s] Level 1:colcon.colcon_core.package_identification:_identify(src/ros2-bbox-juice-machine) by extension 'colcon_meta'
[0.167s] Level 1:colcon.colcon_core.package_identification:_identify(src/ros2-bbox-juice-machine) by extensions ['ros']
[0.167s] Level 1:colcon.colcon_core.package_identification:_identify(src/ros2-bbox-juice-machine) by extension 'ros'
[0.167s] Level 1:colcon.colcon_core.package_identification:_identify(src/ros2-bbox-juice-machine) by extensions ['cmake', 'python']
[0.167s] Level 1:colcon.colcon_core.package_identification:_identify(src/ros2-bbox-juice-machine) by extension 'cmake'
[0.167s] Level 1:colcon.colcon_core.package_identification:_identify(src/ros2-bbox-juice-machine) by extension 'python'
[0.167s] Level 1:colcon.colcon_core.package_identification:_identify(src/ros2-bbox-juice-machine) by extensions ['python_setup_py']
[0.167s] Level 1:colcon.colcon_core.package_identification:_identify(src/ros2-bbox-juice-machine) by extension 'python_setup_py'
[0.168s] Level 1:colcon.colcon_core.package_identification:_identify(src/ros2-bbox-juice-machine/juice_dcb) by extensions ['ignore', 'ignore_ament_install']
[0.168s] Level 1:colcon.colcon_core.package_identification:_identify(src/ros2-bbox-juice-machine/juice_dcb) by extension 'ignore'
[0.168s] Level 1:colcon.colcon_core.package_identification:_identify(src/ros2-bbox-juice-machine/juice_dcb) by extension 'ignore_ament_install'
[0.168s] Level 1:colcon.colcon_core.package_identification:_identify(src/ros2-bbox-juice-machine/juice_dcb) by extensions ['colcon_pkg']
[0.168s] Level 1:colcon.colcon_core.package_identification:_identify(src/ros2-bbox-juice-machine/juice_dcb) by extension 'colcon_pkg'
[0.168s] Level 1:colcon.colcon_core.package_identification:_identify(src/ros2-bbox-juice-machine/juice_dcb) by extensions ['colcon_meta']
[0.168s] Level 1:colcon.colcon_core.package_identification:_identify(src/ros2-bbox-juice-machine/juice_dcb) by extension 'colcon_meta'
[0.168s] Level 1:colcon.colcon_core.package_identification:_identify(src/ros2-bbox-juice-machine/juice_dcb) by extensions ['ros']
[0.168s] Level 1:colcon.colcon_core.package_identification:_identify(src/ros2-bbox-juice-machine/juice_dcb) by extension 'ros'
[0.170s] DEBUG:colcon.colcon_core.package_identification:Package 'src/ros2-bbox-juice-machine/juice_dcb' with type 'ros.ament_cmake' and name 'juice_dcb'
[0.170s] Level 1:colcon.colcon_core.package_identification:_identify(src/ros2-bbox-juice-machine/juice_spout) by extensions ['ignore', 'ignore_ament_install']
[0.170s] Level 1:colcon.colcon_core.package_identification:_identify(src/ros2-bbox-juice-machine/juice_spout) by extension 'ignore'
[0.170s] Level 1:colcon.colcon_core.package_identification:_identify(src/ros2-bbox-juice-machine/juice_spout) by extension 'ignore_ament_install'
[0.170s] Level 1:colcon.colcon_core.package_identification:_identify(src/ros2-bbox-juice-machine/juice_spout) by extensions ['colcon_pkg']
[0.170s] Level 1:colcon.colcon_core.package_identification:_identify(src/ros2-bbox-juice-machine/juice_spout) by extension 'colcon_pkg'
[0.170s] Level 1:colcon.colcon_core.package_identification:_identify(src/ros2-bbox-juice-machine/juice_spout) by extensions ['colcon_meta']
[0.170s] Level 1:colcon.colcon_core.package_identification:_identify(src/ros2-bbox-juice-machine/juice_spout) by extension 'colcon_meta'
[0.170s] Level 1:colcon.colcon_core.package_identification:_identify(src/ros2-bbox-juice-machine/juice_spout) by extensions ['ros']
[0.170s] Level 1:colcon.colcon_core.package_identification:_identify(src/ros2-bbox-juice-machine/juice_spout) by extension 'ros'
[0.171s] DEBUG:colcon.colcon_core.package_identification:Package 'src/ros2-bbox-juice-machine/juice_spout' with type 'ros.ament_cmake' and name 'juice_spout'
[0.171s] Level 1:colcon.colcon_core.package_identification:_identify(src/ros2-nourish-common-messages) by extensions ['ignore', 'ignore_ament_install']
[0.171s] Level 1:colcon.colcon_core.package_identification:_identify(src/ros2-nourish-common-messages) by extension 'ignore'
[0.171s] Level 1:colcon.colcon_core.package_identification:_identify(src/ros2-nourish-common-messages) by extension 'ignore_ament_install'
[0.171s] Level 1:colcon.colcon_core.package_identification:_identify(src/ros2-nourish-common-messages) by extensions ['colcon_pkg']
[0.171s] Level 1:colcon.colcon_core.package_identification:_identify(src/ros2-nourish-common-messages) by extension 'colcon_pkg'
[0.171s] Level 1:colcon.colcon_core.package_identification:_identify(src/ros2-nourish-common-messages) by extensions ['colcon_meta']
[0.171s] Level 1:colcon.colcon_core.package_identification:_identify(src/ros2-nourish-common-messages) by extension 'colcon_meta'
[0.171s] Level 1:colcon.colcon_core.package_identification:_identify(src/ros2-nourish-common-messages) by extensions ['ros']
[0.171s] Level 1:colcon.colcon_core.package_identification:_identify(src/ros2-nourish-common-messages) by extension 'ros'
[0.171s] Level 1:colcon.colcon_core.package_identification:_identify(src/ros2-nourish-common-messages) by extensions ['cmake', 'python']
[0.171s] Level 1:colcon.colcon_core.package_identification:_identify(src/ros2-nourish-common-messages) by extension 'cmake'
[0.171s] Level 1:colcon.colcon_core.package_identification:_identify(src/ros2-nourish-common-messages) by extension 'python'
[0.171s] Level 1:colcon.colcon_core.package_identification:_identify(src/ros2-nourish-common-messages) by extensions ['python_setup_py']
[0.171s] Level 1:colcon.colcon_core.package_identification:_identify(src/ros2-nourish-common-messages) by extension 'python_setup_py'
[0.171s] Level 1:colcon.colcon_core.package_identification:_identify(src/ros2-nourish-common-messages/juice_dcb_msgs) by extensions ['ignore', 'ignore_ament_install']
[0.171s] Level 1:colcon.colcon_core.package_identification:_identify(src/ros2-nourish-common-messages/juice_dcb_msgs) by extension 'ignore'
[0.172s] Level 1:colcon.colcon_core.package_identification:_identify(src/ros2-nourish-common-messages/juice_dcb_msgs) by extension 'ignore_ament_install'
[0.172s] Level 1:colcon.colcon_core.package_identification:_identify(src/ros2-nourish-common-messages/juice_dcb_msgs) by extensions ['colcon_pkg']
[0.172s] Level 1:colcon.colcon_core.package_identification:_identify(src/ros2-nourish-common-messages/juice_dcb_msgs) by extension 'colcon_pkg'
[0.172s] Level 1:colcon.colcon_core.package_identification:_identify(src/ros2-nourish-common-messages/juice_dcb_msgs) by extensions ['colcon_meta']
[0.172s] Level 1:colcon.colcon_core.package_identification:_identify(src/ros2-nourish-common-messages/juice_dcb_msgs) by extension 'colcon_meta'
[0.172s] Level 1:colcon.colcon_core.package_identification:_identify(src/ros2-nourish-common-messages/juice_dcb_msgs) by extensions ['ros']
[0.172s] Level 1:colcon.colcon_core.package_identification:_identify(src/ros2-nourish-common-messages/juice_dcb_msgs) by extension 'ros'
[0.172s] DEBUG:colcon.colcon_core.package_identification:Package 'src/ros2-nourish-common-messages/juice_dcb_msgs' with type 'ros.ament_cmake' and name 'juice_dcb_msgs'
[0.172s] Level 1:colcon.colcon_core.package_identification:_identify(src/ros2-nourish-common-messages/juice_spout_msgs) by extensions ['ignore', 'ignore_ament_install']
[0.172s] Level 1:colcon.colcon_core.package_identification:_identify(src/ros2-nourish-common-messages/juice_spout_msgs) by extension 'ignore'
[0.172s] Level 1:colcon.colcon_core.package_identification:_identify(src/ros2-nourish-common-messages/juice_spout_msgs) by extension 'ignore_ament_install'
[0.172s] Level 1:colcon.colcon_core.package_identification:_identify(src/ros2-nourish-common-messages/juice_spout_msgs) by extensions ['colcon_pkg']
[0.172s] Level 1:colcon.colcon_core.package_identification:_identify(src/ros2-nourish-common-messages/juice_spout_msgs) by extension 'colcon_pkg'
[0.172s] Level 1:colcon.colcon_core.package_identification:_identify(src/ros2-nourish-common-messages/juice_spout_msgs) by extensions ['colcon_meta']
[0.173s] Level 1:colcon.colcon_core.package_identification:_identify(src/ros2-nourish-common-messages/juice_spout_msgs) by extension 'colcon_meta'
[0.173s] Level 1:colcon.colcon_core.package_identification:_identify(src/ros2-nourish-common-messages/juice_spout_msgs) by extensions ['ros']
[0.173s] Level 1:colcon.colcon_core.package_identification:_identify(src/ros2-nourish-common-messages/juice_spout_msgs) by extension 'ros'
[0.173s] DEBUG:colcon.colcon_core.package_identification:Package 'src/ros2-nourish-common-messages/juice_spout_msgs' with type 'ros.ament_cmake' and name 'juice_spout_msgs'
[0.173s] Level 1:colcon.colcon_core.package_identification:_identify(src/ros2-nourish-common-messages/nourish_robot_arm_msgs) by extensions ['ignore', 'ignore_ament_install']
[0.173s] Level 1:colcon.colcon_core.package_identification:_identify(src/ros2-nourish-common-messages/nourish_robot_arm_msgs) by extension 'ignore'
[0.173s] Level 1:colcon.colcon_core.package_identification:_identify(src/ros2-nourish-common-messages/nourish_robot_arm_msgs) by extension 'ignore_ament_install'
[0.173s] Level 1:colcon.colcon_core.package_identification:_identify(src/ros2-nourish-common-messages/nourish_robot_arm_msgs) by extensions ['colcon_pkg']
[0.173s] Level 1:colcon.colcon_core.package_identification:_identify(src/ros2-nourish-common-messages/nourish_robot_arm_msgs) by extension 'colcon_pkg'
[0.173s] Level 1:colcon.colcon_core.package_identification:_identify(src/ros2-nourish-common-messages/nourish_robot_arm_msgs) by extensions ['colcon_meta']
[0.173s] Level 1:colcon.colcon_core.package_identification:_identify(src/ros2-nourish-common-messages/nourish_robot_arm_msgs) by extension 'colcon_meta'
[0.173s] Level 1:colcon.colcon_core.package_identification:_identify(src/ros2-nourish-common-messages/nourish_robot_arm_msgs) by extensions ['ros']
[0.173s] Level 1:colcon.colcon_core.package_identification:_identify(src/ros2-nourish-common-messages/nourish_robot_arm_msgs) by extension 'ros'
[0.174s] DEBUG:colcon.colcon_core.package_identification:Package 'src/ros2-nourish-common-messages/nourish_robot_arm_msgs' with type 'ros.ament_cmake' and name 'nourish_robot_arm_msgs'
[0.174s] Level 1:colcon.colcon_core.package_identification:_identify(src/ros2-nourish-common-messages/nourish_scale_msgs) by extensions ['ignore', 'ignore_ament_install']
[0.174s] Level 1:colcon.colcon_core.package_identification:_identify(src/ros2-nourish-common-messages/nourish_scale_msgs) by extension 'ignore'
[0.174s] Level 1:colcon.colcon_core.package_identification:_identify(src/ros2-nourish-common-messages/nourish_scale_msgs) by extension 'ignore_ament_install'
[0.174s] Level 1:colcon.colcon_core.package_identification:_identify(src/ros2-nourish-common-messages/nourish_scale_msgs) by extensions ['colcon_pkg']
[0.174s] Level 1:colcon.colcon_core.package_identification:_identify(src/ros2-nourish-common-messages/nourish_scale_msgs) by extension 'colcon_pkg'
[0.174s] Level 1:colcon.colcon_core.package_identification:_identify(src/ros2-nourish-common-messages/nourish_scale_msgs) by extensions ['colcon_meta']
[0.174s] Level 1:colcon.colcon_core.package_identification:_identify(src/ros2-nourish-common-messages/nourish_scale_msgs) by extension 'colcon_meta'
[0.174s] Level 1:colcon.colcon_core.package_identification:_identify(src/ros2-nourish-common-messages/nourish_scale_msgs) by extensions ['ros']
[0.174s] Level 1:colcon.colcon_core.package_identification:_identify(src/ros2-nourish-common-messages/nourish_scale_msgs) by extension 'ros'
[0.175s] DEBUG:colcon.colcon_core.package_identification:Package 'src/ros2-nourish-common-messages/nourish_scale_msgs' with type 'ros.ament_cmake' and name 'nourish_scale_msgs'
[0.175s] Level 1:colcon.colcon_core.package_identification:_identify(src/ros2-nourish-dcb) by extensions ['ignore', 'ignore_ament_install']
[0.175s] Level 1:colcon.colcon_core.package_identification:_identify(src/ros2-nourish-dcb) by extension 'ignore'
[0.175s] Level 1:colcon.colcon_core.package_identification:_identify(src/ros2-nourish-dcb) by extension 'ignore_ament_install'
[0.175s] Level 1:colcon.colcon_core.package_identification:_identify(src/ros2-nourish-dcb) by extensions ['colcon_pkg']
[0.175s] Level 1:colcon.colcon_core.package_identification:_identify(src/ros2-nourish-dcb) by extension 'colcon_pkg'
[0.175s] Level 1:colcon.colcon_core.package_identification:_identify(src/ros2-nourish-dcb) by extensions ['colcon_meta']
[0.175s] Level 1:colcon.colcon_core.package_identification:_identify(src/ros2-nourish-dcb) by extension 'colcon_meta'
[0.175s] Level 1:colcon.colcon_core.package_identification:_identify(src/ros2-nourish-dcb) by extensions ['ros']
[0.175s] Level 1:colcon.colcon_core.package_identification:_identify(src/ros2-nourish-dcb) by extension 'ros'
[0.176s] DEBUG:colcon.colcon_core.package_identification:Package 'src/ros2-nourish-dcb' with type 'ros.ament_cmake' and name 'nourish_dcb'
[0.176s] Level 1:colcon.colcon_core.package_identification:_identify(src/ros2-nourish-scale) by extensions ['ignore', 'ignore_ament_install']
[0.176s] Level 1:colcon.colcon_core.package_identification:_identify(src/ros2-nourish-scale) by extension 'ignore'
[0.176s] Level 1:colcon.colcon_core.package_identification:_identify(src/ros2-nourish-scale) by extension 'ignore_ament_install'
[0.176s] Level 1:colcon.colcon_core.package_identification:_identify(src/ros2-nourish-scale) by extensions ['colcon_pkg']
[0.176s] Level 1:colcon.colcon_core.package_identification:_identify(src/ros2-nourish-scale) by extension 'colcon_pkg'
[0.176s] Level 1:colcon.colcon_core.package_identification:_identify(src/ros2-nourish-scale) by extensions ['colcon_meta']
[0.176s] Level 1:colcon.colcon_core.package_identification:_identify(src/ros2-nourish-scale) by extension 'colcon_meta'
[0.176s] Level 1:colcon.colcon_core.package_identification:_identify(src/ros2-nourish-scale) by extensions ['ros']
[0.176s] Level 1:colcon.colcon_core.package_identification:_identify(src/ros2-nourish-scale) by extension 'ros'
[0.176s] Level 1:colcon.colcon_core.package_identification:_identify(src/ros2-nourish-scale) by extensions ['cmake', 'python']
[0.176s] Level 1:colcon.colcon_core.package_identification:_identify(src/ros2-nourish-scale) by extension 'cmake'
[0.176s] Level 1:colcon.colcon_core.package_identification:_identify(src/ros2-nourish-scale) by extension 'python'
[0.176s] Level 1:colcon.colcon_core.package_identification:_identify(src/ros2-nourish-scale) by extensions ['python_setup_py']
[0.176s] Level 1:colcon.colcon_core.package_identification:_identify(src/ros2-nourish-scale) by extension 'python_setup_py'
[0.176s] Level 1:colcon.colcon_core.package_identification:_identify(src/ros2-nourish-scale/nourish_scale) by extensions ['ignore', 'ignore_ament_install']
[0.177s] Level 1:colcon.colcon_core.package_identification:_identify(src/ros2-nourish-scale/nourish_scale) by extension 'ignore'
[0.177s] Level 1:colcon.colcon_core.package_identification:_identify(src/ros2-nourish-scale/nourish_scale) by extension 'ignore_ament_install'
[0.177s] Level 1:colcon.colcon_core.package_identification:_identify(src/ros2-nourish-scale/nourish_scale) by extensions ['colcon_pkg']
[0.177s] Level 1:colcon.colcon_core.package_identification:_identify(src/ros2-nourish-scale/nourish_scale) by extension 'colcon_pkg'
[0.177s] Level 1:colcon.colcon_core.package_identification:_identify(src/ros2-nourish-scale/nourish_scale) by extensions ['colcon_meta']
[0.177s] Level 1:colcon.colcon_core.package_identification:_identify(src/ros2-nourish-scale/nourish_scale) by extension 'colcon_meta'
[0.177s] Level 1:colcon.colcon_core.package_identification:_identify(src/ros2-nourish-scale/nourish_scale) by extensions ['ros']
[0.177s] Level 1:colcon.colcon_core.package_identification:_identify(src/ros2-nourish-scale/nourish_scale) by extension 'ros'
[0.177s] DEBUG:colcon.colcon_core.package_identification:Package 'src/ros2-nourish-scale/nourish_scale' with type 'ros.ament_cmake' and name 'nourish_scale'
[0.177s] Level 1:colcon.colcon_core.package_identification:_identify(src/serial-ros2) by extensions ['ignore', 'ignore_ament_install']
[0.177s] Level 1:colcon.colcon_core.package_identification:_identify(src/serial-ros2) by extension 'ignore'
[0.177s] Level 1:colcon.colcon_core.package_identification:_identify(src/serial-ros2) by extension 'ignore_ament_install'
[0.177s] Level 1:colcon.colcon_core.package_identification:_identify(src/serial-ros2) by extensions ['colcon_pkg']
[0.178s] Level 1:colcon.colcon_core.package_identification:_identify(src/serial-ros2) by extension 'colcon_pkg'
[0.178s] Level 1:colcon.colcon_core.package_identification:_identify(src/serial-ros2) by extensions ['colcon_meta']
[0.178s] Level 1:colcon.colcon_core.package_identification:_identify(src/serial-ros2) by extension 'colcon_meta'
[0.178s] Level 1:colcon.colcon_core.package_identification:_identify(src/serial-ros2) by extensions ['ros']
[0.178s] Level 1:colcon.colcon_core.package_identification:_identify(src/serial-ros2) by extension 'ros'
[0.178s] DEBUG:colcon.colcon_core.package_identification:Package 'src/serial-ros2' with type 'ros.ament_cmake' and name 'serial'
[0.178s] Level 1:colcon.colcon_core.package_discovery:discover_packages(recursive) using defaults
[0.178s] Level 1:colcon.colcon_core.package_discovery:discover_packages(ignore) discover
[0.178s] Level 1:colcon.colcon_core.package_discovery:discover_packages(ignore) using defaults
[0.178s] Level 1:colcon.colcon_core.package_discovery:discover_packages(path) discover
[0.178s] Level 1:colcon.colcon_core.package_discovery:discover_packages(path) using defaults
[0.183s] Level 5:colcon.colcon_core.verb:set package 'juice_dcb_msgs' build argument 'cmake_args' from command line to 'None'
[0.183s] Level 5:colcon.colcon_core.verb:set package 'juice_dcb_msgs' build argument 'cmake_target' from command line to 'None'
[0.183s] Level 5:colcon.colcon_core.verb:set package 'juice_dcb_msgs' build argument 'cmake_target_skip_unavailable' from command line to 'False'
[0.183s] Level 5:colcon.colcon_core.verb:set package 'juice_dcb_msgs' build argument 'cmake_clean_cache' from command line to 'False'
[0.183s] Level 5:colcon.colcon_core.verb:set package 'juice_dcb_msgs' build argument 'cmake_clean_first' from command line to 'False'
[0.183s] Level 5:colcon.colcon_core.verb:set package 'juice_dcb_msgs' build argument 'cmake_force_configure' from command line to 'False'
[0.183s] Level 5:colcon.colcon_core.verb:set package 'juice_dcb_msgs' build argument 'ament_cmake_args' from command line to 'None'
[0.183s] Level 5:colcon.colcon_core.verb:set package 'juice_dcb_msgs' build argument 'catkin_cmake_args' from command line to 'None'
[0.183s] Level 5:colcon.colcon_core.verb:set package 'juice_dcb_msgs' build argument 'catkin_skip_building_tests' from command line to 'False'
[0.183s] DEBUG:colcon.colcon_core.verb:Building package 'juice_dcb_msgs' with the following arguments: {'ament_cmake_args': None, 'build_base': '/home/nikhil/nourish_ws/build/juice_dcb_msgs', 'catkin_cmake_args': None, 'catkin_skip_building_tests': False, 'cmake_args': None, 'cmake_clean_cache': False, 'cmake_clean_first': False, 'cmake_force_configure': False, 'cmake_target': None, 'cmake_target_skip_unavailable': False, 'install_base': '/home/nikhil/nourish_ws/install/juice_dcb_msgs', 'merge_install': False, 'path': '/home/nikhil/nourish_ws/src/ros2-nourish-common-messages/juice_dcb_msgs', 'symlink_install': False, 'test_result_base': None}
[0.185s] Level 5:colcon.colcon_core.verb:set package 'juice_spout_msgs' build argument 'cmake_args' from command line to 'None'
[0.185s] Level 5:colcon.colcon_core.verb:set package 'juice_spout_msgs' build argument 'cmake_target' from command line to 'None'
[0.185s] Level 5:colcon.colcon_core.verb:set package 'juice_spout_msgs' build argument 'cmake_target_skip_unavailable' from command line to 'False'
[0.185s] Level 5:colcon.colcon_core.verb:set package 'juice_spout_msgs' build argument 'cmake_clean_cache' from command line to 'False'
[0.185s] Level 5:colcon.colcon_core.verb:set package 'juice_spout_msgs' build argument 'cmake_clean_first' from command line to 'False'
[0.186s] Level 5:colcon.colcon_core.verb:set package 'juice_spout_msgs' build argument 'cmake_force_configure' from command line to 'False'
[0.186s] Level 5:colcon.colcon_core.verb:set package 'juice_spout_msgs' build argument 'ament_cmake_args' from command line to 'None'
[0.186s] Level 5:colcon.colcon_core.verb:set package 'juice_spout_msgs' build argument 'catkin_cmake_args' from command line to 'None'
[0.186s] Level 5:colcon.colcon_core.verb:set package 'juice_spout_msgs' build argument 'catkin_skip_building_tests' from command line to 'False'
[0.186s] DEBUG:colcon.colcon_core.verb:Building package 'juice_spout_msgs' with the following arguments: {'ament_cmake_args': None, 'build_base': '/home/nikhil/nourish_ws/build/juice_spout_msgs', 'catkin_cmake_args': None, 'catkin_skip_building_tests': False, 'cmake_args': None, 'cmake_clean_cache': False, 'cmake_clean_first': False, 'cmake_force_configure': False, 'cmake_target': None, 'cmake_target_skip_unavailable': False, 'install_base': '/home/nikhil/nourish_ws/install/juice_spout_msgs', 'merge_install': False, 'path': '/home/nikhil/nourish_ws/src/ros2-nourish-common-messages/juice_spout_msgs', 'symlink_install': False, 'test_result_base': None}
[0.188s] Level 5:colcon.colcon_core.verb:set package 'nourish_robot_arm_msgs' build argument 'cmake_args' from command line to 'None'
[0.188s] Level 5:colcon.colcon_core.verb:set package 'nourish_robot_arm_msgs' build argument 'cmake_target' from command line to 'None'
[0.188s] Level 5:colcon.colcon_core.verb:set package 'nourish_robot_arm_msgs' build argument 'cmake_target_skip_unavailable' from command line to 'False'
[0.188s] Level 5:colcon.colcon_core.verb:set package 'nourish_robot_arm_msgs' build argument 'cmake_clean_cache' from command line to 'False'
[0.188s] Level 5:colcon.colcon_core.verb:set package 'nourish_robot_arm_msgs' build argument 'cmake_clean_first' from command line to 'False'
[0.188s] Level 5:colcon.colcon_core.verb:set package 'nourish_robot_arm_msgs' build argument 'cmake_force_configure' from command line to 'False'
[0.188s] Level 5:colcon.colcon_core.verb:set package 'nourish_robot_arm_msgs' build argument 'ament_cmake_args' from command line to 'None'
[0.188s] Level 5:colcon.colcon_core.verb:set package 'nourish_robot_arm_msgs' build argument 'catkin_cmake_args' from command line to 'None'
[0.188s] Level 5:colcon.colcon_core.verb:set package 'nourish_robot_arm_msgs' build argument 'catkin_skip_building_tests' from command line to 'False'
[0.188s] DEBUG:colcon.colcon_core.verb:Building package 'nourish_robot_arm_msgs' with the following arguments: {'ament_cmake_args': None, 'build_base': '/home/nikhil/nourish_ws/build/nourish_robot_arm_msgs', 'catkin_cmake_args': None, 'catkin_skip_building_tests': False, 'cmake_args': None, 'cmake_clean_cache': False, 'cmake_clean_first': False, 'cmake_force_configure': False, 'cmake_target': None, 'cmake_target_skip_unavailable': False, 'install_base': '/home/nikhil/nourish_ws/install/nourish_robot_arm_msgs', 'merge_install': False, 'path': '/home/nikhil/nourish_ws/src/ros2-nourish-common-messages/nourish_robot_arm_msgs', 'symlink_install': False, 'test_result_base': None}
[0.190s] Level 5:colcon.colcon_core.verb:set package 'nourish_scale_msgs' build argument 'cmake_args' from command line to 'None'
[0.190s] Level 5:colcon.colcon_core.verb:set package 'nourish_scale_msgs' build argument 'cmake_target' from command line to 'None'
[0.190s] Level 5:colcon.colcon_core.verb:set package 'nourish_scale_msgs' build argument 'cmake_target_skip_unavailable' from command line to 'False'
[0.190s] Level 5:colcon.colcon_core.verb:set package 'nourish_scale_msgs' build argument 'cmake_clean_cache' from command line to 'False'
[0.190s] Level 5:colcon.colcon_core.verb:set package 'nourish_scale_msgs' build argument 'cmake_clean_first' from command line to 'False'
[0.190s] Level 5:colcon.colcon_core.verb:set package 'nourish_scale_msgs' build argument 'cmake_force_configure' from command line to 'False'
[0.191s] Level 5:colcon.colcon_core.verb:set package 'nourish_scale_msgs' build argument 'ament_cmake_args' from command line to 'None'
[0.191s] Level 5:colcon.colcon_core.verb:set package 'nourish_scale_msgs' build argument 'catkin_cmake_args' from command line to 'None'
[0.191s] Level 5:colcon.colcon_core.verb:set package 'nourish_scale_msgs' build argument 'catkin_skip_building_tests' from command line to 'False'
[0.191s] DEBUG:colcon.colcon_core.verb:Building package 'nourish_scale_msgs' with the following arguments: {'ament_cmake_args': None, 'build_base': '/home/nikhil/nourish_ws/build/nourish_scale_msgs', 'catkin_cmake_args': None, 'catkin_skip_building_tests': False, 'cmake_args': None, 'cmake_clean_cache': False, 'cmake_clean_first': False, 'cmake_force_configure': False, 'cmake_target': None, 'cmake_target_skip_unavailable': False, 'install_base': '/home/nikhil/nourish_ws/install/nourish_scale_msgs', 'merge_install': False, 'path': '/home/nikhil/nourish_ws/src/ros2-nourish-common-messages/nourish_scale_msgs', 'symlink_install': False, 'test_result_base': None}
[0.194s] Level 5:colcon.colcon_core.verb:set package 'serial' build argument 'cmake_args' from command line to 'None'
[0.194s] Level 5:colcon.colcon_core.verb:set package 'serial' build argument 'cmake_target' from command line to 'None'
[0.194s] Level 5:colcon.colcon_core.verb:set package 'serial' build argument 'cmake_target_skip_unavailable' from command line to 'False'
[0.194s] Level 5:colcon.colcon_core.verb:set package 'serial' build argument 'cmake_clean_cache' from command line to 'False'
[0.194s] Level 5:colcon.colcon_core.verb:set package 'serial' build argument 'cmake_clean_first' from command line to 'False'
[0.194s] Level 5:colcon.colcon_core.verb:set package 'serial' build argument 'cmake_force_configure' from command line to 'False'
[0.194s] Level 5:colcon.colcon_core.verb:set package 'serial' build argument 'ament_cmake_args' from command line to 'None'
[0.194s] Level 5:colcon.colcon_core.verb:set package 'serial' build argument 'catkin_cmake_args' from command line to 'None'
[0.194s] Level 5:colcon.colcon_core.verb:set package 'serial' build argument 'catkin_skip_building_tests' from command line to 'False'
[0.194s] DEBUG:colcon.colcon_core.verb:Building package 'serial' with the following arguments: {'ament_cmake_args': None, 'build_base': '/home/nikhil/nourish_ws/build/serial', 'catkin_cmake_args': None, 'catkin_skip_building_tests': False, 'cmake_args': None, 'cmake_clean_cache': False, 'cmake_clean_first': False, 'cmake_force_configure': False, 'cmake_target': None, 'cmake_target_skip_unavailable': False, 'install_base': '/home/nikhil/nourish_ws/install/serial', 'merge_install': False, 'path': '/home/nikhil/nourish_ws/src/serial-ros2', 'symlink_install': False, 'test_result_base': None}
[0.196s] Level 5:colcon.colcon_core.verb:set package 'juice_spout' build argument 'cmake_args' from command line to 'None'
[0.196s] Level 5:colcon.colcon_core.verb:set package 'juice_spout' build argument 'cmake_target' from command line to 'None'
[0.196s] Level 5:colcon.colcon_core.verb:set package 'juice_spout' build argument 'cmake_target_skip_unavailable' from command line to 'False'
[0.196s] Level 5:colcon.colcon_core.verb:set package 'juice_spout' build argument 'cmake_clean_cache' from command line to 'False'
[0.196s] Level 5:colcon.colcon_core.verb:set package 'juice_spout' build argument 'cmake_clean_first' from command line to 'False'
[0.196s] Level 5:colcon.colcon_core.verb:set package 'juice_spout' build argument 'cmake_force_configure' from command line to 'False'
[0.196s] Level 5:colcon.colcon_core.verb:set package 'juice_spout' build argument 'ament_cmake_args' from command line to 'None'
[0.196s] Level 5:colcon.colcon_core.verb:set package 'juice_spout' build argument 'catkin_cmake_args' from command line to 'None'
[0.196s] Level 5:colcon.colcon_core.verb:set package 'juice_spout' build argument 'catkin_skip_building_tests' from command line to 'False'
[0.196s] DEBUG:colcon.colcon_core.verb:Building package 'juice_spout' with the following arguments: {'ament_cmake_args': None, 'build_base': '/home/nikhil/nourish_ws/build/juice_spout', 'catkin_cmake_args': None, 'catkin_skip_building_tests': False, 'cmake_args': None, 'cmake_clean_cache': False, 'cmake_clean_first': False, 'cmake_force_configure': False, 'cmake_target': None, 'cmake_target_skip_unavailable': False, 'install_base': '/home/nikhil/nourish_ws/install/juice_spout', 'merge_install': False, 'path': '/home/nikhil/nourish_ws/src/ros2-bbox-juice-machine/juice_spout', 'symlink_install': False, 'test_result_base': None}
[0.199s] Level 5:colcon.colcon_core.verb:set package 'nourish_dcb' build argument 'cmake_args' from command line to 'None'
[0.199s] Level 5:colcon.colcon_core.verb:set package 'nourish_dcb' build argument 'cmake_target' from command line to 'None'
[0.199s] Level 5:colcon.colcon_core.verb:set package 'nourish_dcb' build argument 'cmake_target_skip_unavailable' from command line to 'False'
[0.199s] Level 5:colcon.colcon_core.verb:set package 'nourish_dcb' build argument 'cmake_clean_cache' from command line to 'False'
[0.199s] Level 5:colcon.colcon_core.verb:set package 'nourish_dcb' build argument 'cmake_clean_first' from command line to 'False'
[0.199s] Level 5:colcon.colcon_core.verb:set package 'nourish_dcb' build argument 'cmake_force_configure' from command line to 'False'
[0.199s] Level 5:colcon.colcon_core.verb:set package 'nourish_dcb' build argument 'ament_cmake_args' from command line to 'None'
[0.199s] Level 5:colcon.colcon_core.verb:set package 'nourish_dcb' build argument 'catkin_cmake_args' from command line to 'None'
[0.199s] Level 5:colcon.colcon_core.verb:set package 'nourish_dcb' build argument 'catkin_skip_building_tests' from command line to 'False'
[0.199s] DEBUG:colcon.colcon_core.verb:Building package 'nourish_dcb' with the following arguments: {'ament_cmake_args': None, 'build_base': '/home/nikhil/nourish_ws/build/nourish_dcb', 'catkin_cmake_args': None, 'catkin_skip_building_tests': False, 'cmake_args': None, 'cmake_clean_cache': False, 'cmake_clean_first': False, 'cmake_force_configure': False, 'cmake_target': None, 'cmake_target_skip_unavailable': False, 'install_base': '/home/nikhil/nourish_ws/install/nourish_dcb', 'merge_install': False, 'path': '/home/nikhil/nourish_ws/src/ros2-nourish-dcb', 'symlink_install': False, 'test_result_base': None}
[0.201s] Level 5:colcon.colcon_core.verb:set package 'juice_dcb' build argument 'cmake_args' from command line to 'None'
[0.201s] Level 5:colcon.colcon_core.verb:set package 'juice_dcb' build argument 'cmake_target' from command line to 'None'
[0.201s] Level 5:colcon.colcon_core.verb:set package 'juice_dcb' build argument 'cmake_target_skip_unavailable' from command line to 'False'
[0.201s] Level 5:colcon.colcon_core.verb:set package 'juice_dcb' build argument 'cmake_clean_cache' from command line to 'False'
[0.201s] Level 5:colcon.colcon_core.verb:set package 'juice_dcb' build argument 'cmake_clean_first' from command line to 'False'
[0.201s] Level 5:colcon.colcon_core.verb:set package 'juice_dcb' build argument 'cmake_force_configure' from command line to 'False'
[0.201s] Level 5:colcon.colcon_core.verb:set package 'juice_dcb' build argument 'ament_cmake_args' from command line to 'None'
[0.201s] Level 5:colcon.colcon_core.verb:set package 'juice_dcb' build argument 'catkin_cmake_args' from command line to 'None'
[0.201s] Level 5:colcon.colcon_core.verb:set package 'juice_dcb' build argument 'catkin_skip_building_tests' from command line to 'False'
[0.201s] DEBUG:colcon.colcon_core.verb:Building package 'juice_dcb' with the following arguments: {'ament_cmake_args': None, 'build_base': '/home/nikhil/nourish_ws/build/juice_dcb', 'catkin_cmake_args': None, 'catkin_skip_building_tests': False, 'cmake_args': None, 'cmake_clean_cache': False, 'cmake_clean_first': False, 'cmake_force_configure': False, 'cmake_target': None, 'cmake_target_skip_unavailable': False, 'install_base': '/home/nikhil/nourish_ws/install/juice_dcb', 'merge_install': False, 'path': '/home/nikhil/nourish_ws/src/ros2-bbox-juice-machine/juice_dcb', 'symlink_install': False, 'test_result_base': None}
[0.203s] Level 5:colcon.colcon_core.verb:set package 'nourish_scale' build argument 'cmake_args' from command line to 'None'
[0.203s] Level 5:colcon.colcon_core.verb:set package 'nourish_scale' build argument 'cmake_target' from command line to 'None'
[0.203s] Level 5:colcon.colcon_core.verb:set package 'nourish_scale' build argument 'cmake_target_skip_unavailable' from command line to 'False'
[0.203s] Level 5:colcon.colcon_core.verb:set package 'nourish_scale' build argument 'cmake_clean_cache' from command line to 'False'
[0.203s] Level 5:colcon.colcon_core.verb:set package 'nourish_scale' build argument 'cmake_clean_first' from command line to 'False'
[0.204s] Level 5:colcon.colcon_core.verb:set package 'nourish_scale' build argument 'cmake_force_configure' from command line to 'False'
[0.204s] Level 5:colcon.colcon_core.verb:set package 'nourish_scale' build argument 'ament_cmake_args' from command line to 'None'
[0.204s] Level 5:colcon.colcon_core.verb:set package 'nourish_scale' build argument 'catkin_cmake_args' from command line to 'None'
[0.204s] Level 5:colcon.colcon_core.verb:set package 'nourish_scale' build argument 'catkin_skip_building_tests' from command line to 'False'
[0.204s] DEBUG:colcon.colcon_core.verb:Building package 'nourish_scale' with the following arguments: {'ament_cmake_args': None, 'build_base': '/home/nikhil/nourish_ws/build/nourish_scale', 'catkin_cmake_args': None, 'catkin_skip_building_tests': False, 'cmake_args': None, 'cmake_clean_cache': False, 'cmake_clean_first': False, 'cmake_force_configure': False, 'cmake_target': None, 'cmake_target_skip_unavailable': False, 'install_base': '/home/nikhil/nourish_ws/install/nourish_scale', 'merge_install': False, 'path': '/home/nikhil/nourish_ws/src/ros2-nourish-scale/nourish_scale', 'symlink_install': False, 'test_result_base': None}
[0.204s] INFO:colcon.colcon_core.executor:Executing jobs using 'parallel' executor
[0.212s] DEBUG:colcon.colcon_parallel_executor.executor.parallel:run_until_complete
[0.212s] INFO:colcon.colcon_ros.task.ament_cmake.build:Building ROS package in '/home/nikhil/nourish_ws/src/serial-ros2' with build type 'ament_cmake'
[0.215s] INFO:colcon.colcon_core.plugin_system:Skipping extension 'colcon_core.shell.bat': Not used on non-Windows systems
[0.215s] INFO:colcon.colcon_cmake.task.cmake.build:Building CMake package in '/home/nikhil/nourish_ws/src/serial-ros2'
[0.216s] INFO:colcon.colcon_core.shell:Skip shell extension 'powershell' for command environment: Not usable outside of PowerShell
[0.216s] DEBUG:colcon.colcon_core.shell:Skip shell extension 'dsv' for command environment
[0.221s] INFO:colcon.colcon_ros.task.ament_cmake.build:Building ROS package in '/home/nikhil/nourish_ws/src/ros2-nourish-common-messages/juice_dcb_msgs' with build type 'ament_cmake'
[0.222s] INFO:colcon.colcon_cmake.task.cmake.build:Building CMake package in '/home/nikhil/nourish_ws/src/ros2-nourish-common-messages/juice_dcb_msgs'
[0.222s] INFO:colcon.colcon_core.shell:Skip shell extension 'powershell' for command environment: Not usable outside of PowerShell
[0.222s] DEBUG:colcon.colcon_core.shell:Skip shell extension 'dsv' for command environment
[0.227s] INFO:colcon.colcon_ros.task.ament_cmake.build:Building ROS package in '/home/nikhil/nourish_ws/src/ros2-nourish-common-messages/juice_spout_msgs' with build type 'ament_cmake'
[0.228s] INFO:colcon.colcon_cmake.task.cmake.build:Building CMake package in '/home/nikhil/nourish_ws/src/ros2-nourish-common-messages/juice_spout_msgs'
[0.228s] INFO:colcon.colcon_core.shell:Skip shell extension 'powershell' for command environment: Not usable outside of PowerShell
[0.229s] DEBUG:colcon.colcon_core.shell:Skip shell extension 'dsv' for command environment
[0.233s] INFO:colcon.colcon_ros.task.ament_cmake.build:Building ROS package in '/home/nikhil/nourish_ws/src/ros2-nourish-common-messages/nourish_scale_msgs' with build type 'ament_cmake'
[0.234s] INFO:colcon.colcon_cmake.task.cmake.build:Building CMake package in '/home/nikhil/nourish_ws/src/ros2-nourish-common-messages/nourish_scale_msgs'
[0.234s] INFO:colcon.colcon_core.shell:Skip shell extension 'powershell' for command environment: Not usable outside of PowerShell
[0.235s] DEBUG:colcon.colcon_core.shell:Skip shell extension 'dsv' for command environment
[0.239s] INFO:colcon.colcon_ros.task.ament_cmake.build:Building ROS package in '/home/nikhil/nourish_ws/src/ros2-nourish-common-messages/nourish_robot_arm_msgs' with build type 'ament_cmake'
[0.240s] INFO:colcon.colcon_cmake.task.cmake.build:Building CMake package in '/home/nikhil/nourish_ws/src/ros2-nourish-common-messages/nourish_robot_arm_msgs'
[0.241s] INFO:colcon.colcon_core.shell:Skip shell extension 'powershell' for command environment: Not usable outside of PowerShell
[0.241s] DEBUG:colcon.colcon_core.shell:Skip shell extension 'dsv' for command environment
[0.253s] DEBUG:colcon.colcon_core.event_handler.log_command:Invoking command in '/home/nikhil/nourish_ws/build/serial': /usr/bin/cmake --build /home/nikhil/nourish_ws/build/serial -- -j12 -l12
[0.256s] DEBUG:colcon.colcon_core.event_handler.log_command:Invoking command in '/home/nikhil/nourish_ws/build/juice_dcb_msgs': /usr/bin/cmake --build /home/nikhil/nourish_ws/build/juice_dcb_msgs -- -j12 -l12
[0.260s] DEBUG:colcon.colcon_core.event_handler.log_command:Invoking command in '/home/nikhil/nourish_ws/build/juice_spout_msgs': /usr/bin/cmake --build /home/nikhil/nourish_ws/build/juice_spout_msgs -- -j12 -l12
[0.265s] DEBUG:colcon.colcon_core.event_handler.log_command:Invoking command in '/home/nikhil/nourish_ws/build/nourish_scale_msgs': /usr/bin/cmake --build /home/nikhil/nourish_ws/build/nourish_scale_msgs -- -j12 -l12
[0.270s] DEBUG:colcon.colcon_core.event_handler.log_command:Invoking command in '/home/nikhil/nourish_ws/build/nourish_robot_arm_msgs': /usr/bin/cmake --build /home/nikhil/nourish_ws/build/nourish_robot_arm_msgs -- -j12 -l12
[0.318s] DEBUG:colcon.colcon_core.event_handler.log_command:Invoked command in '/home/nikhil/nourish_ws/build/serial' returned '0': /usr/bin/cmake --build /home/nikhil/nourish_ws/build/serial -- -j12 -l12
[0.412s] DEBUG:colcon.colcon_core.event_handler.log_command:Invoking command in '/home/nikhil/nourish_ws/build/serial': /usr/bin/cmake --build /home/nikhil/nourish_ws/build/serial --target install -- -j12 -l12
[0.500s] Level 1:colcon.colcon_core.environment:create_environment_scripts_only(serial)
[0.502s] DEBUG:colcon.colcon_core.event_handler.log_command:Invoked command in '/home/nikhil/nourish_ws/build/serial' returned '0': /usr/bin/cmake --build /home/nikhil/nourish_ws/build/serial --target install -- -j12 -l12
[0.507s] Level 1:colcon.colcon_core.environment:checking '/home/nikhil/nourish_ws/install/serial' for CMake module files
[0.508s] Level 1:colcon.colcon_core.environment:checking '/home/nikhil/nourish_ws/install/serial' for CMake config files
[0.508s] Level 1:colcon.colcon_core.shell:create_environment_hook('serial', 'cmake_prefix_path')
[0.509s] INFO:colcon.colcon_core.shell:Creating environment hook '/home/nikhil/nourish_ws/install/serial/share/serial/hook/cmake_prefix_path.ps1'
[0.510s] INFO:colcon.colcon_core.shell:Creating environment descriptor '/home/nikhil/nourish_ws/install/serial/share/serial/hook/cmake_prefix_path.dsv'
[0.511s] INFO:colcon.colcon_core.shell:Creating environment hook '/home/nikhil/nourish_ws/install/serial/share/serial/hook/cmake_prefix_path.sh'
[0.513s] Level 1:colcon.colcon_core.environment:checking '/home/nikhil/nourish_ws/install/serial/lib'
[0.513s] Level 1:colcon.colcon_core.environment:checking '/home/nikhil/nourish_ws/install/serial/bin'
[0.513s] Level 1:colcon.colcon_core.environment:checking '/home/nikhil/nourish_ws/install/serial/lib/pkgconfig/serial.pc'
[0.513s] Level 1:colcon.colcon_core.environment:checking '/home/nikhil/nourish_ws/install/serial/lib/python3.6/site-packages'
[0.514s] INFO:colcon.colcon_core.shell:Creating package script '/home/nikhil/nourish_ws/install/serial/share/serial/package.ps1'
[0.516s] INFO:colcon.colcon_core.shell:Creating package descriptor '/home/nikhil/nourish_ws/install/serial/share/serial/package.dsv'
[0.516s] INFO:colcon.colcon_core.shell:Creating package script '/home/nikhil/nourish_ws/install/serial/share/serial/package.sh'
[0.518s] INFO:colcon.colcon_core.shell:Creating package script '/home/nikhil/nourish_ws/install/serial/share/serial/package.bash'
[0.519s] INFO:colcon.colcon_core.shell:Creating package script '/home/nikhil/nourish_ws/install/serial/share/serial/package.zsh'
[0.520s] Level 1:colcon.colcon_core.environment:create_file_with_runtime_dependencies(/home/nikhil/nourish_ws/install/serial/share/colcon-core/packages/serial)
[0.520s] INFO:colcon.colcon_ros.task.ament_cmake.build:Building ROS package in '/home/nikhil/nourish_ws/src/ros2-nourish-dcb' with build type 'ament_cmake'
[0.521s] INFO:colcon.colcon_cmake.task.cmake.build:Building CMake package in '/home/nikhil/nourish_ws/src/ros2-nourish-dcb'
[0.522s] INFO:colcon.colcon_core.shell:Skip shell extension 'powershell' for command environment: Not usable outside of PowerShell
[0.522s] DEBUG:colcon.colcon_core.shell:Skip shell extension 'dsv' for command environment
[0.534s] DEBUG:colcon.colcon_core.event_handler.log_command:Invoked command in '/home/nikhil/nourish_ws/build/nourish_scale_msgs' returned '0': /usr/bin/cmake --build /home/nikhil/nourish_ws/build/nourish_scale_msgs -- -j12 -l12
[0.537s] DEBUG:colcon.colcon_core.event_handler.log_command:Invoked command in '/home/nikhil/nourish_ws/build/juice_dcb_msgs' returned '0': /usr/bin/cmake --build /home/nikhil/nourish_ws/build/juice_dcb_msgs -- -j12 -l12
[0.543s] DEBUG:colcon.colcon_core.event_handler.log_command:Invoking command in '/home/nikhil/nourish_ws/build/nourish_dcb': AMENT_PREFIX_PATH=/home/nikhil/nourish_ws/install/serial:${AMENT_PREFIX_PATH} CMAKE_PREFIX_PATH=/home/nikhil/nourish_ws/install/serial:${CMAKE_PREFIX_PATH} LD_LIBRARY_PATH=/home/nikhil/nourish_ws/install/serial/lib:${LD_LIBRARY_PATH} /usr/bin/cmake --build /home/nikhil/nourish_ws/build/nourish_dcb -- -j12 -l12
[0.546s] DEBUG:colcon.colcon_core.event_handler.log_command:Invoked command in '/home/nikhil/nourish_ws/build/juice_spout_msgs' returned '0': /usr/bin/cmake --build /home/nikhil/nourish_ws/build/juice_spout_msgs -- -j12 -l12
[0.591s] DEBUG:colcon.colcon_core.event_handler.log_command:Invoked command in '/home/nikhil/nourish_ws/build/nourish_robot_arm_msgs' returned '0': /usr/bin/cmake --build /home/nikhil/nourish_ws/build/nourish_robot_arm_msgs -- -j12 -l12
[0.610s] DEBUG:colcon.colcon_core.event_handler.log_command:Invoked command in '/home/nikhil/nourish_ws/build/nourish_dcb' returned '0': AMENT_PREFIX_PATH=/home/nikhil/nourish_ws/install/serial:${AMENT_PREFIX_PATH} CMAKE_PREFIX_PATH=/home/nikhil/nourish_ws/install/serial:${CMAKE_PREFIX_PATH} LD_LIBRARY_PATH=/home/nikhil/nourish_ws/install/serial/lib:${LD_LIBRARY_PATH} /usr/bin/cmake --build /home/nikhil/nourish_ws/build/nourish_dcb -- -j12 -l12
[0.615s] DEBUG:colcon.colcon_core.event_handler.log_command:Invoking command in '/home/nikhil/nourish_ws/build/nourish_scale_msgs': /usr/bin/cmake --build /home/nikhil/nourish_ws/build/nourish_scale_msgs --target install -- -j12 -l12
[0.620s] DEBUG:colcon.colcon_core.event_handler.log_command:Invoking command in '/home/nikhil/nourish_ws/build/juice_dcb_msgs': /usr/bin/cmake --build /home/nikhil/nourish_ws/build/juice_dcb_msgs --target install -- -j12 -l12
[0.637s] DEBUG:colcon.colcon_core.event_handler.log_command:Invoking command in '/home/nikhil/nourish_ws/build/nourish_dcb': AMENT_PREFIX_PATH=/home/nikhil/nourish_ws/install/serial:${AMENT_PREFIX_PATH} CMAKE_PREFIX_PATH=/home/nikhil/nourish_ws/install/serial:${CMAKE_PREFIX_PATH} LD_LIBRARY_PATH=/home/nikhil/nourish_ws/install/serial/lib:${LD_LIBRARY_PATH} /usr/bin/cmake --build /home/nikhil/nourish_ws/build/nourish_dcb --target install -- -j12 -l12
[0.659s] DEBUG:colcon.colcon_core.event_handler.log_command:Invoking command in '/home/nikhil/nourish_ws/build/juice_spout_msgs': /usr/bin/cmake --build /home/nikhil/nourish_ws/build/juice_spout_msgs --target install -- -j12 -l12
[0.746s] Level 1:colcon.colcon_core.environment:create_environment_scripts_only(nourish_dcb)
[0.748s] Level 1:colcon.colcon_core.environment:checking '/home/nikhil/nourish_ws/install/nourish_dcb' for CMake module files
[0.749s] DEBUG:colcon.colcon_core.event_handler.log_command:Invoked command in '/home/nikhil/nourish_ws/build/nourish_dcb' returned '0': AMENT_PREFIX_PATH=/home/nikhil/nourish_ws/install/serial:${AMENT_PREFIX_PATH} CMAKE_PREFIX_PATH=/home/nikhil/nourish_ws/install/serial:${CMAKE_PREFIX_PATH} LD_LIBRARY_PATH=/home/nikhil/nourish_ws/install/serial/lib:${LD_LIBRARY_PATH} /usr/bin/cmake --build /home/nikhil/nourish_ws/build/nourish_dcb --target install -- -j12 -l12
[0.749s] Level 1:colcon.colcon_core.environment:checking '/home/nikhil/nourish_ws/install/nourish_dcb' for CMake config files
[0.750s] Level 1:colcon.colcon_core.shell:create_environment_hook('nourish_dcb', 'cmake_prefix_path')
[0.751s] INFO:colcon.colcon_core.shell:Creating environment hook '/home/nikhil/nourish_ws/install/nourish_dcb/share/nourish_dcb/hook/cmake_prefix_path.ps1'
[0.752s] INFO:colcon.colcon_core.shell:Creating environment descriptor '/home/nikhil/nourish_ws/install/nourish_dcb/share/nourish_dcb/hook/cmake_prefix_path.dsv'
[0.752s] INFO:colcon.colcon_core.shell:Creating environment hook '/home/nikhil/nourish_ws/install/nourish_dcb/share/nourish_dcb/hook/cmake_prefix_path.sh'
[0.753s] Level 1:colcon.colcon_core.environment:checking '/home/nikhil/nourish_ws/install/nourish_dcb/lib'
[0.754s] Level 1:colcon.colcon_core.environment:checking '/home/nikhil/nourish_ws/install/nourish_dcb/bin'
[0.754s] Level 1:colcon.colcon_core.environment:checking '/home/nikhil/nourish_ws/install/nourish_dcb/lib/pkgconfig/nourish_dcb.pc'
[0.754s] Level 1:colcon.colcon_core.environment:checking '/home/nikhil/nourish_ws/install/nourish_dcb/lib/python3.6/site-packages'
[0.755s] INFO:colcon.colcon_core.shell:Creating package script '/home/nikhil/nourish_ws/install/nourish_dcb/share/nourish_dcb/package.ps1'
[0.756s] INFO:colcon.colcon_core.shell:Creating package descriptor '/home/nikhil/nourish_ws/install/nourish_dcb/share/nourish_dcb/package.dsv'
[0.757s] INFO:colcon.colcon_core.shell:Creating package script '/home/nikhil/nourish_ws/install/nourish_dcb/share/nourish_dcb/package.sh'
[0.757s] INFO:colcon.colcon_core.shell:Creating package script '/home/nikhil/nourish_ws/install/nourish_dcb/share/nourish_dcb/package.bash'
[0.758s] INFO:colcon.colcon_core.shell:Creating package script '/home/nikhil/nourish_ws/install/nourish_dcb/share/nourish_dcb/package.zsh'
[0.759s] Level 1:colcon.colcon_core.environment:create_file_with_runtime_dependencies(/home/nikhil/nourish_ws/install/nourish_dcb/share/colcon-core/packages/nourish_dcb)
[0.924s] DEBUG:colcon.colcon_core.event_handler.log_command:Invoking command in '/home/nikhil/nourish_ws/build/nourish_robot_arm_msgs': /usr/bin/cmake --build /home/nikhil/nourish_ws/build/nourish_robot_arm_msgs --target install -- -j12 -l12
[0.948s] Level 1:colcon.colcon_core.environment:create_environment_scripts_only(juice_dcb_msgs)
[0.949s] Level 1:colcon.colcon_core.environment:checking '/home/nikhil/nourish_ws/install/juice_dcb_msgs' for CMake module files
[0.951s] Level 1:colcon.colcon_core.environment:checking '/home/nikhil/nourish_ws/install/juice_dcb_msgs' for CMake config files
[0.953s] DEBUG:colcon.colcon_core.event_handler.log_command:Invoked command in '/home/nikhil/nourish_ws/build/juice_dcb_msgs' returned '0': /usr/bin/cmake --build /home/nikhil/nourish_ws/build/juice_dcb_msgs --target install -- -j12 -l12
[0.956s] Level 1:colcon.colcon_core.shell:create_environment_hook('juice_dcb_msgs', 'cmake_prefix_path')
[0.957s] INFO:colcon.colcon_core.shell:Creating environment hook '/home/nikhil/nourish_ws/install/juice_dcb_msgs/share/juice_dcb_msgs/hook/cmake_prefix_path.ps1'
[0.958s] INFO:colcon.colcon_core.shell:Creating environment descriptor '/home/nikhil/nourish_ws/install/juice_dcb_msgs/share/juice_dcb_msgs/hook/cmake_prefix_path.dsv'
[0.959s] INFO:colcon.colcon_core.shell:Creating environment hook '/home/nikhil/nourish_ws/install/juice_dcb_msgs/share/juice_dcb_msgs/hook/cmake_prefix_path.sh'
[0.961s] Level 1:colcon.colcon_core.environment:checking '/home/nikhil/nourish_ws/install/juice_dcb_msgs/lib'
[0.961s] Level 1:colcon.colcon_core.shell:create_environment_hook('juice_dcb_msgs', 'ld_library_path_lib')
[0.962s] INFO:colcon.colcon_core.shell:Creating environment hook '/home/nikhil/nourish_ws/install/juice_dcb_msgs/share/juice_dcb_msgs/hook/ld_library_path_lib.ps1'
[0.962s] INFO:colcon.colcon_core.shell:Creating environment descriptor '/home/nikhil/nourish_ws/install/juice_dcb_msgs/share/juice_dcb_msgs/hook/ld_library_path_lib.dsv'
[0.963s] INFO:colcon.colcon_core.shell:Creating environment hook '/home/nikhil/nourish_ws/install/juice_dcb_msgs/share/juice_dcb_msgs/hook/ld_library_path_lib.sh'
[0.963s] Level 1:colcon.colcon_core.environment:checking '/home/nikhil/nourish_ws/install/juice_dcb_msgs/bin'
[0.963s] Level 1:colcon.colcon_core.environment:checking '/home/nikhil/nourish_ws/install/juice_dcb_msgs/lib/pkgconfig/juice_dcb_msgs.pc'
[0.964s] Level 1:colcon.colcon_core.environment:checking '/home/nikhil/nourish_ws/install/juice_dcb_msgs/lib/python3.6/site-packages'
[0.964s] Level 1:colcon.colcon_core.shell:create_environment_hook('juice_dcb_msgs', 'pythonpath')
[0.964s] INFO:colcon.colcon_core.shell:Creating environment hook '/home/nikhil/nourish_ws/install/juice_dcb_msgs/share/juice_dcb_msgs/hook/pythonpath.ps1'
[0.965s] INFO:colcon.colcon_core.shell:Creating environment descriptor '/home/nikhil/nourish_ws/install/juice_dcb_msgs/share/juice_dcb_msgs/hook/pythonpath.dsv'
[0.965s] INFO:colcon.colcon_core.shell:Creating environment hook '/home/nikhil/nourish_ws/install/juice_dcb_msgs/share/juice_dcb_msgs/hook/pythonpath.sh'
[0.967s] INFO:colcon.colcon_core.shell:Creating package script '/home/nikhil/nourish_ws/install/juice_dcb_msgs/share/juice_dcb_msgs/package.ps1'
[0.967s] INFO:colcon.colcon_core.shell:Creating package descriptor '/home/nikhil/nourish_ws/install/juice_dcb_msgs/share/juice_dcb_msgs/package.dsv'
[0.968s] INFO:colcon.colcon_core.shell:Creating package script '/home/nikhil/nourish_ws/install/juice_dcb_msgs/share/juice_dcb_msgs/package.sh'
[0.969s] INFO:colcon.colcon_core.shell:Creating package script '/home/nikhil/nourish_ws/install/juice_dcb_msgs/share/juice_dcb_msgs/package.bash'
[0.970s] INFO:colcon.colcon_core.shell:Creating package script '/home/nikhil/nourish_ws/install/juice_dcb_msgs/share/juice_dcb_msgs/package.zsh'
[0.970s] Level 1:colcon.colcon_core.environment:create_file_with_runtime_dependencies(/home/nikhil/nourish_ws/install/juice_dcb_msgs/share/colcon-core/packages/juice_dcb_msgs)
[0.971s] INFO:colcon.colcon_ros.task.ament_cmake.build:Building ROS package in '/home/nikhil/nourish_ws/src/ros2-bbox-juice-machine/juice_dcb' with build type 'ament_cmake'
[0.972s] INFO:colcon.colcon_cmake.task.cmake.build:Building CMake package in '/home/nikhil/nourish_ws/src/ros2-bbox-juice-machine/juice_dcb'
[0.972s] INFO:colcon.colcon_core.shell:Skip shell extension 'powershell' for command environment: Not usable outside of PowerShell
[0.972s] DEBUG:colcon.colcon_core.shell:Skip shell extension 'dsv' for command environment
[0.984s] Level 1:colcon.colcon_core.environment:create_environment_scripts_only(nourish_scale_msgs)
[0.986s] Level 1:colcon.colcon_core.environment:checking '/home/nikhil/nourish_ws/install/nourish_scale_msgs' for CMake module files
[0.987s] DEBUG:colcon.colcon_core.event_handler.log_command:Invoked command in '/home/nikhil/nourish_ws/build/nourish_scale_msgs' returned '0': /usr/bin/cmake --build /home/nikhil/nourish_ws/build/nourish_scale_msgs --target install -- -j12 -l12
[0.987s] Level 1:colcon.colcon_core.environment:checking '/home/nikhil/nourish_ws/install/nourish_scale_msgs' for CMake config files
[0.988s] Level 1:colcon.colcon_core.shell:create_environment_hook('nourish_scale_msgs', 'cmake_prefix_path')
[0.988s] INFO:colcon.colcon_core.shell:Creating environment hook '/home/nikhil/nourish_ws/install/nourish_scale_msgs/share/nourish_scale_msgs/hook/cmake_prefix_path.ps1'
[0.989s] INFO:colcon.colcon_core.shell:Creating environment descriptor '/home/nikhil/nourish_ws/install/nourish_scale_msgs/share/nourish_scale_msgs/hook/cmake_prefix_path.dsv'
[0.989s] INFO:colcon.colcon_core.shell:Creating environment hook '/home/nikhil/nourish_ws/install/nourish_scale_msgs/share/nourish_scale_msgs/hook/cmake_prefix_path.sh'
[0.990s] Level 1:colcon.colcon_core.environment:checking '/home/nikhil/nourish_ws/install/nourish_scale_msgs/lib'
[0.990s] Level 1:colcon.colcon_core.shell:create_environment_hook('nourish_scale_msgs', 'ld_library_path_lib')
[0.991s] INFO:colcon.colcon_core.shell:Creating environment hook '/home/nikhil/nourish_ws/install/nourish_scale_msgs/share/nourish_scale_msgs/hook/ld_library_path_lib.ps1'
[0.991s] INFO:colcon.colcon_core.shell:Creating environment descriptor '/home/nikhil/nourish_ws/install/nourish_scale_msgs/share/nourish_scale_msgs/hook/ld_library_path_lib.dsv'
[0.991s] INFO:colcon.colcon_core.shell:Creating environment hook '/home/nikhil/nourish_ws/install/nourish_scale_msgs/share/nourish_scale_msgs/hook/ld_library_path_lib.sh'
[0.992s] Level 1:colcon.colcon_core.environment:checking '/home/nikhil/nourish_ws/install/nourish_scale_msgs/bin'
[0.992s] Level 1:colcon.colcon_core.environment:checking '/home/nikhil/nourish_ws/install/nourish_scale_msgs/lib/pkgconfig/nourish_scale_msgs.pc'
[0.992s] Level 1:colcon.colcon_core.environment:checking '/home/nikhil/nourish_ws/install/nourish_scale_msgs/lib/python3.6/site-packages'
[0.992s] Level 1:colcon.colcon_core.shell:create_environment_hook('nourish_scale_msgs', 'pythonpath')
[0.993s] INFO:colcon.colcon_core.shell:Creating environment hook '/home/nikhil/nourish_ws/install/nourish_scale_msgs/share/nourish_scale_msgs/hook/pythonpath.ps1'
[0.993s] INFO:colcon.colcon_core.shell:Creating environment descriptor '/home/nikhil/nourish_ws/install/nourish_scale_msgs/share/nourish_scale_msgs/hook/pythonpath.dsv'
[0.993s] INFO:colcon.colcon_core.shell:Creating environment hook '/home/nikhil/nourish_ws/install/nourish_scale_msgs/share/nourish_scale_msgs/hook/pythonpath.sh'
[0.994s] INFO:colcon.colcon_core.shell:Creating package script '/home/nikhil/nourish_ws/install/nourish_scale_msgs/share/nourish_scale_msgs/package.ps1'
[0.995s] INFO:colcon.colcon_core.shell:Creating package descriptor '/home/nikhil/nourish_ws/install/nourish_scale_msgs/share/nourish_scale_msgs/package.dsv'
[0.996s] INFO:colcon.colcon_core.shell:Creating package script '/home/nikhil/nourish_ws/install/nourish_scale_msgs/share/nourish_scale_msgs/package.sh'
[0.996s] INFO:colcon.colcon_core.shell:Creating package script '/home/nikhil/nourish_ws/install/nourish_scale_msgs/share/nourish_scale_msgs/package.bash'
[0.997s] INFO:colcon.colcon_core.shell:Creating package script '/home/nikhil/nourish_ws/install/nourish_scale_msgs/share/nourish_scale_msgs/package.zsh'
[0.997s] Level 1:colcon.colcon_core.environment:create_file_with_runtime_dependencies(/home/nikhil/nourish_ws/install/nourish_scale_msgs/share/colcon-core/packages/nourish_scale_msgs)
[0.998s] INFO:colcon.colcon_ros.task.ament_cmake.build:Building ROS package in '/home/nikhil/nourish_ws/src/ros2-nourish-scale/nourish_scale' with build type 'ament_cmake'
[0.999s] INFO:colcon.colcon_cmake.task.cmake.build:Building CMake package in '/home/nikhil/nourish_ws/src/ros2-nourish-scale/nourish_scale'
[0.999s] INFO:colcon.colcon_core.shell:Skip shell extension 'powershell' for command environment: Not usable outside of PowerShell
[1.000s] DEBUG:colcon.colcon_core.shell:Skip shell extension 'dsv' for command environment
[1.018s] Level 1:colcon.colcon_core.environment:create_environment_scripts_only(juice_spout_msgs)
[1.020s] Level 1:colcon.colcon_core.environment:checking '/home/nikhil/nourish_ws/install/juice_spout_msgs' for CMake module files
[1.023s] Level 1:colcon.colcon_core.environment:checking '/home/nikhil/nourish_ws/install/juice_spout_msgs' for CMake config files
[1.025s] DEBUG:colcon.colcon_core.event_handler.log_command:Invoking command in '/home/nikhil/nourish_ws/build/juice_dcb': AMENT_PREFIX_PATH=/home/nikhil/nourish_ws/install/nourish_dcb:/home/nikhil/nourish_ws/install/serial:/home/nikhil/nourish_ws/install/juice_dcb_msgs:${AMENT_PREFIX_PATH} CMAKE_PREFIX_PATH=/home/nikhil/nourish_ws/install/nourish_dcb:/home/nikhil/nourish_ws/install/serial:/home/nikhil/nourish_ws/install/juice_dcb_msgs:${CMAKE_PREFIX_PATH} LD_LIBRARY_PATH=/home/nikhil/nourish_ws/install/nourish_dcb/lib:/home/nikhil/nourish_ws/install/serial/lib:/home/nikhil/nourish_ws/install/juice_dcb_msgs/lib:${LD_LIBRARY_PATH} PYTHONPATH=/home/nikhil/nourish_ws/install/juice_dcb_msgs/lib/python3.6/site-packages:${PYTHONPATH} /usr/bin/cmake --build /home/nikhil/nourish_ws/build/juice_dcb -- -j12 -l12
[1.026s] DEBUG:colcon.colcon_core.event_handler.log_command:Invoked command in '/home/nikhil/nourish_ws/build/juice_spout_msgs' returned '0': /usr/bin/cmake --build /home/nikhil/nourish_ws/build/juice_spout_msgs --target install -- -j12 -l12
[1.026s] Level 1:colcon.colcon_core.shell:create_environment_hook('juice_spout_msgs', 'cmake_prefix_path')
[1.027s] INFO:colcon.colcon_core.shell:Creating environment hook '/home/nikhil/nourish_ws/install/juice_spout_msgs/share/juice_spout_msgs/hook/cmake_prefix_path.ps1'
[1.028s] INFO:colcon.colcon_core.shell:Creating environment descriptor '/home/nikhil/nourish_ws/install/juice_spout_msgs/share/juice_spout_msgs/hook/cmake_prefix_path.dsv'
[1.028s] INFO:colcon.colcon_core.shell:Creating environment hook '/home/nikhil/nourish_ws/install/juice_spout_msgs/share/juice_spout_msgs/hook/cmake_prefix_path.sh'
[1.029s] Level 1:colcon.colcon_core.environment:checking '/home/nikhil/nourish_ws/install/juice_spout_msgs/lib'
[1.029s] Level 1:colcon.colcon_core.shell:create_environment_hook('juice_spout_msgs', 'ld_library_path_lib')
[1.030s] INFO:colcon.colcon_core.shell:Creating environment hook '/home/nikhil/nourish_ws/install/juice_spout_msgs/share/juice_spout_msgs/hook/ld_library_path_lib.ps1'
[1.031s] INFO:colcon.colcon_core.shell:Creating environment descriptor '/home/nikhil/nourish_ws/install/juice_spout_msgs/share/juice_spout_msgs/hook/ld_library_path_lib.dsv'
[1.031s] INFO:colcon.colcon_core.shell:Creating environment hook '/home/nikhil/nourish_ws/install/juice_spout_msgs/share/juice_spout_msgs/hook/ld_library_path_lib.sh'
[1.031s] Level 1:colcon.colcon_core.environment:checking '/home/nikhil/nourish_ws/install/juice_spout_msgs/bin'
[1.031s] Level 1:colcon.colcon_core.environment:checking '/home/nikhil/nourish_ws/install/juice_spout_msgs/lib/pkgconfig/juice_spout_msgs.pc'
[1.031s] Level 1:colcon.colcon_core.environment:checking '/home/nikhil/nourish_ws/install/juice_spout_msgs/lib/python3.6/site-packages'
[1.031s] Level 1:colcon.colcon_core.shell:create_environment_hook('juice_spout_msgs', 'pythonpath')
[1.032s] INFO:colcon.colcon_core.shell:Creating environment hook '/home/nikhil/nourish_ws/install/juice_spout_msgs/share/juice_spout_msgs/hook/pythonpath.ps1'
[1.032s] INFO:colcon.colcon_core.shell:Creating environment descriptor '/home/nikhil/nourish_ws/install/juice_spout_msgs/share/juice_spout_msgs/hook/pythonpath.dsv'
[1.033s] INFO:colcon.colcon_core.shell:Creating environment hook '/home/nikhil/nourish_ws/install/juice_spout_msgs/share/juice_spout_msgs/hook/pythonpath.sh'
[1.034s] INFO:colcon.colcon_core.shell:Creating package script '/home/nikhil/nourish_ws/install/juice_spout_msgs/share/juice_spout_msgs/package.ps1'
[1.034s] INFO:colcon.colcon_core.shell:Creating package descriptor '/home/nikhil/nourish_ws/install/juice_spout_msgs/share/juice_spout_msgs/package.dsv'
[1.035s] INFO:colcon.colcon_core.shell:Creating package script '/home/nikhil/nourish_ws/install/juice_spout_msgs/share/juice_spout_msgs/package.sh'
[1.035s] INFO:colcon.colcon_core.shell:Creating package script '/home/nikhil/nourish_ws/install/juice_spout_msgs/share/juice_spout_msgs/package.bash'
[1.036s] INFO:colcon.colcon_core.shell:Creating package script '/home/nikhil/nourish_ws/install/juice_spout_msgs/share/juice_spout_msgs/package.zsh'
[1.036s] Level 1:colcon.colcon_core.environment:create_file_with_runtime_dependencies(/home/nikhil/nourish_ws/install/juice_spout_msgs/share/colcon-core/packages/juice_spout_msgs)
[1.037s] INFO:colcon.colcon_ros.task.ament_cmake.build:Building ROS package in '/home/nikhil/nourish_ws/src/ros2-bbox-juice-machine/juice_spout' with build type 'ament_cmake'
[1.038s] INFO:colcon.colcon_cmake.task.cmake.build:Building CMake package in '/home/nikhil/nourish_ws/src/ros2-bbox-juice-machine/juice_spout'
[1.039s] INFO:colcon.colcon_core.shell:Skip shell extension 'powershell' for command environment: Not usable outside of PowerShell
[1.039s] DEBUG:colcon.colcon_core.shell:Skip shell extension 'dsv' for command environment
[1.054s] DEBUG:colcon.colcon_core.event_handler.log_command:Invoking command in '/home/nikhil/nourish_ws/build/nourish_scale': AMENT_PREFIX_PATH=/home/nikhil/nourish_ws/install/nourish_dcb:/home/nikhil/nourish_ws/install/serial:/home/nikhil/nourish_ws/install/nourish_scale_msgs:${AMENT_PREFIX_PATH} CMAKE_PREFIX_PATH=/home/nikhil/nourish_ws/install/nourish_dcb:/home/nikhil/nourish_ws/install/serial:/home/nikhil/nourish_ws/install/nourish_scale_msgs:${CMAKE_PREFIX_PATH} LD_LIBRARY_PATH=/home/nikhil/nourish_ws/install/nourish_dcb/lib:/home/nikhil/nourish_ws/install/serial/lib:/home/nikhil/nourish_ws/install/nourish_scale_msgs/lib:${LD_LIBRARY_PATH} PYTHONPATH=/home/nikhil/nourish_ws/install/nourish_scale_msgs/lib/python3.6/site-packages:${PYTHONPATH} /usr/bin/cmake --build /home/nikhil/nourish_ws/build/nourish_scale -- -j12 -l12
[1.061s] DEBUG:colcon.colcon_core.event_handler.log_command:Invoking command in '/home/nikhil/nourish_ws/build/juice_spout': AMENT_PREFIX_PATH=/home/nikhil/nourish_ws/install/juice_spout_msgs:/home/nikhil/nourish_ws/install/juice_dcb_msgs:${AMENT_PREFIX_PATH} CMAKE_PREFIX_PATH=/home/nikhil/nourish_ws/install/juice_spout_msgs:/home/nikhil/nourish_ws/install/juice_dcb_msgs:${CMAKE_PREFIX_PATH} LD_LIBRARY_PATH=/home/nikhil/nourish_ws/install/juice_spout_msgs/lib:/home/nikhil/nourish_ws/install/juice_dcb_msgs/lib:${LD_LIBRARY_PATH} PYTHONPATH=/home/nikhil/nourish_ws/install/juice_spout_msgs/lib/python3.6/site-packages:/home/nikhil/nourish_ws/install/juice_dcb_msgs/lib/python3.6/site-packages:${PYTHONPATH} /usr/bin/cmake --build /home/nikhil/nourish_ws/build/juice_spout -- -j12 -l12
[1.088s] DEBUG:colcon.colcon_core.event_handler.log_command:Invoked command in '/home/nikhil/nourish_ws/build/juice_dcb' returned '0': AMENT_PREFIX_PATH=/home/nikhil/nourish_ws/install/nourish_dcb:/home/nikhil/nourish_ws/install/serial:/home/nikhil/nourish_ws/install/juice_dcb_msgs:${AMENT_PREFIX_PATH} CMAKE_PREFIX_PATH=/home/nikhil/nourish_ws/install/nourish_dcb:/home/nikhil/nourish_ws/install/serial:/home/nikhil/nourish_ws/install/juice_dcb_msgs:${CMAKE_PREFIX_PATH} LD_LIBRARY_PATH=/home/nikhil/nourish_ws/install/nourish_dcb/lib:/home/nikhil/nourish_ws/install/serial/lib:/home/nikhil/nourish_ws/install/juice_dcb_msgs/lib:${LD_LIBRARY_PATH} PYTHONPATH=/home/nikhil/nourish_ws/install/juice_dcb_msgs/lib/python3.6/site-packages:${PYTHONPATH} /usr/bin/cmake --build /home/nikhil/nourish_ws/build/juice_dcb -- -j12 -l12
[1.124s] DEBUG:colcon.colcon_core.event_handler.log_command:Invoking command in '/home/nikhil/nourish_ws/build/juice_dcb': AMENT_PREFIX_PATH=/home/nikhil/nourish_ws/install/nourish_dcb:/home/nikhil/nourish_ws/install/serial:/home/nikhil/nourish_ws/install/juice_dcb_msgs:${AMENT_PREFIX_PATH} CMAKE_PREFIX_PATH=/home/nikhil/nourish_ws/install/nourish_dcb:/home/nikhil/nourish_ws/install/serial:/home/nikhil/nourish_ws/install/juice_dcb_msgs:${CMAKE_PREFIX_PATH} LD_LIBRARY_PATH=/home/nikhil/nourish_ws/install/nourish_dcb/lib:/home/nikhil/nourish_ws/install/serial/lib:/home/nikhil/nourish_ws/install/juice_dcb_msgs/lib:${LD_LIBRARY_PATH} PYTHONPATH=/home/nikhil/nourish_ws/install/juice_dcb_msgs/lib/python3.6/site-packages:${PYTHONPATH} /usr/bin/cmake --build /home/nikhil/nourish_ws/build/juice_dcb --target install -- -j12 -l12
[1.130s] DEBUG:colcon.colcon_core.event_handler.log_command:Invoked command in '/home/nikhil/nourish_ws/build/juice_spout' returned '0': AMENT_PREFIX_PATH=/home/nikhil/nourish_ws/install/juice_spout_msgs:/home/nikhil/nourish_ws/install/juice_dcb_msgs:${AMENT_PREFIX_PATH} CMAKE_PREFIX_PATH=/home/nikhil/nourish_ws/install/juice_spout_msgs:/home/nikhil/nourish_ws/install/juice_dcb_msgs:${CMAKE_PREFIX_PATH} LD_LIBRARY_PATH=/home/nikhil/nourish_ws/install/juice_spout_msgs/lib:/home/nikhil/nourish_ws/install/juice_dcb_msgs/lib:${LD_LIBRARY_PATH} PYTHONPATH=/home/nikhil/nourish_ws/install/juice_spout_msgs/lib/python3.6/site-packages:/home/nikhil/nourish_ws/install/juice_dcb_msgs/lib/python3.6/site-packages:${PYTHONPATH} /usr/bin/cmake --build /home/nikhil/nourish_ws/build/juice_spout -- -j12 -l12
[1.170s] DEBUG:colcon.colcon_core.event_handler.log_command:Invoking command in '/home/nikhil/nourish_ws/build/juice_spout': AMENT_PREFIX_PATH=/home/nikhil/nourish_ws/install/juice_spout_msgs:/home/nikhil/nourish_ws/install/juice_dcb_msgs:${AMENT_PREFIX_PATH} CMAKE_PREFIX_PATH=/home/nikhil/nourish_ws/install/juice_spout_msgs:/home/nikhil/nourish_ws/install/juice_dcb_msgs:${CMAKE_PREFIX_PATH} LD_LIBRARY_PATH=/home/nikhil/nourish_ws/install/juice_spout_msgs/lib:/home/nikhil/nourish_ws/install/juice_dcb_msgs/lib:${LD_LIBRARY_PATH} PYTHONPATH=/home/nikhil/nourish_ws/install/juice_spout_msgs/lib/python3.6/site-packages:/home/nikhil/nourish_ws/install/juice_dcb_msgs/lib/python3.6/site-packages:${PYTHONPATH} /usr/bin/cmake --build /home/nikhil/nourish_ws/build/juice_spout --target install -- -j12 -l12
[1.279s] Level 1:colcon.colcon_core.environment:create_environment_scripts_only(juice_dcb)
[1.281s] Level 1:colcon.colcon_core.environment:checking '/home/nikhil/nourish_ws/install/juice_dcb' for CMake module files
[1.282s] Level 1:colcon.colcon_core.environment:checking '/home/nikhil/nourish_ws/install/juice_dcb' for CMake config files
[1.282s] Level 1:colcon.colcon_core.shell:create_environment_hook('juice_dcb', 'cmake_prefix_path')
[1.283s] INFO:colcon.colcon_core.shell:Creating environment hook '/home/nikhil/nourish_ws/install/juice_dcb/share/juice_dcb/hook/cmake_prefix_path.ps1'
[1.285s] DEBUG:colcon.colcon_core.event_handler.log_command:Invoked command in '/home/nikhil/nourish_ws/build/juice_dcb' returned '0': AMENT_PREFIX_PATH=/home/nikhil/nourish_ws/install/nourish_dcb:/home/nikhil/nourish_ws/install/serial:/home/nikhil/nourish_ws/install/juice_dcb_msgs:${AMENT_PREFIX_PATH} CMAKE_PREFIX_PATH=/home/nikhil/nourish_ws/install/nourish_dcb:/home/nikhil/nourish_ws/install/serial:/home/nikhil/nourish_ws/install/juice_dcb_msgs:${CMAKE_PREFIX_PATH} LD_LIBRARY_PATH=/home/nikhil/nourish_ws/install/nourish_dcb/lib:/home/nikhil/nourish_ws/install/serial/lib:/home/nikhil/nourish_ws/install/juice_dcb_msgs/lib:${LD_LIBRARY_PATH} PYTHONPATH=/home/nikhil/nourish_ws/install/juice_dcb_msgs/lib/python3.6/site-packages:${PYTHONPATH} /usr/bin/cmake --build /home/nikhil/nourish_ws/build/juice_dcb --target install -- -j12 -l12
[1.286s] INFO:colcon.colcon_core.shell:Creating environment descriptor '/home/nikhil/nourish_ws/install/juice_dcb/share/juice_dcb/hook/cmake_prefix_path.dsv'
[1.286s] INFO:colcon.colcon_core.shell:Creating environment hook '/home/nikhil/nourish_ws/install/juice_dcb/share/juice_dcb/hook/cmake_prefix_path.sh'
[1.287s] Level 1:colcon.colcon_core.environment:checking '/home/nikhil/nourish_ws/install/juice_dcb/lib'
[1.287s] Level 1:colcon.colcon_core.environment:checking '/home/nikhil/nourish_ws/install/juice_dcb/bin'
[1.287s] Level 1:colcon.colcon_core.environment:checking '/home/nikhil/nourish_ws/install/juice_dcb/lib/pkgconfig/juice_dcb.pc'
[1.288s] Level 1:colcon.colcon_core.environment:checking '/home/nikhil/nourish_ws/install/juice_dcb/lib/python3.6/site-packages'
[1.288s] INFO:colcon.colcon_core.shell:Creating package script '/home/nikhil/nourish_ws/install/juice_dcb/share/juice_dcb/package.ps1'
[1.289s] INFO:colcon.colcon_core.shell:Creating package descriptor '/home/nikhil/nourish_ws/install/juice_dcb/share/juice_dcb/package.dsv'
[1.289s] INFO:colcon.colcon_core.shell:Creating package script '/home/nikhil/nourish_ws/install/juice_dcb/share/juice_dcb/package.sh'
[1.290s] INFO:colcon.colcon_core.shell:Creating package script '/home/nikhil/nourish_ws/install/juice_dcb/share/juice_dcb/package.bash'
[1.290s] INFO:colcon.colcon_core.shell:Creating package script '/home/nikhil/nourish_ws/install/juice_dcb/share/juice_dcb/package.zsh'
[1.290s] Level 1:colcon.colcon_core.environment:create_file_with_runtime_dependencies(/home/nikhil/nourish_ws/install/juice_dcb/share/colcon-core/packages/juice_dcb)
[1.303s] Level 1:colcon.colcon_core.environment:create_environment_scripts_only(juice_spout)
[1.305s] Level 1:colcon.colcon_core.environment:checking '/home/nikhil/nourish_ws/install/juice_spout' for CMake module files
[1.306s] DEBUG:colcon.colcon_core.event_handler.log_command:Invoked command in '/home/nikhil/nourish_ws/build/juice_spout' returned '0': AMENT_PREFIX_PATH=/home/nikhil/nourish_ws/install/juice_spout_msgs:/home/nikhil/nourish_ws/install/juice_dcb_msgs:${AMENT_PREFIX_PATH} CMAKE_PREFIX_PATH=/home/nikhil/nourish_ws/install/juice_spout_msgs:/home/nikhil/nourish_ws/install/juice_dcb_msgs:${CMAKE_PREFIX_PATH} LD_LIBRARY_PATH=/home/nikhil/nourish_ws/install/juice_spout_msgs/lib:/home/nikhil/nourish_ws/install/juice_dcb_msgs/lib:${LD_LIBRARY_PATH} PYTHONPATH=/home/nikhil/nourish_ws/install/juice_spout_msgs/lib/python3.6/site-packages:/home/nikhil/nourish_ws/install/juice_dcb_msgs/lib/python3.6/site-packages:${PYTHONPATH} /usr/bin/cmake --build /home/nikhil/nourish_ws/build/juice_spout --target install -- -j12 -l12
[1.308s] Level 1:colcon.colcon_core.environment:checking '/home/nikhil/nourish_ws/install/juice_spout' for CMake config files
[1.310s] Level 1:colcon.colcon_core.shell:create_environment_hook('juice_spout', 'cmake_prefix_path')
[1.311s] INFO:colcon.colcon_core.shell:Creating environment hook '/home/nikhil/nourish_ws/install/juice_spout/share/juice_spout/hook/cmake_prefix_path.ps1'
[1.312s] INFO:colcon.colcon_core.shell:Creating environment descriptor '/home/nikhil/nourish_ws/install/juice_spout/share/juice_spout/hook/cmake_prefix_path.dsv'
[1.313s] INFO:colcon.colcon_core.shell:Creating environment hook '/home/nikhil/nourish_ws/install/juice_spout/share/juice_spout/hook/cmake_prefix_path.sh'
[1.315s] Level 1:colcon.colcon_core.environment:checking '/home/nikhil/nourish_ws/install/juice_spout/lib'
[1.315s] Level 1:colcon.colcon_core.environment:checking '/home/nikhil/nourish_ws/install/juice_spout/bin'
[1.315s] Level 1:colcon.colcon_core.environment:checking '/home/nikhil/nourish_ws/install/juice_spout/lib/pkgconfig/juice_spout.pc'
[1.315s] Level 1:colcon.colcon_core.environment:checking '/home/nikhil/nourish_ws/install/juice_spout/lib/python3.6/site-packages'
[1.316s] INFO:colcon.colcon_core.shell:Creating package script '/home/nikhil/nourish_ws/install/juice_spout/share/juice_spout/package.ps1'
[1.318s] INFO:colcon.colcon_core.shell:Creating package descriptor '/home/nikhil/nourish_ws/install/juice_spout/share/juice_spout/package.dsv'
[1.319s] INFO:colcon.colcon_core.shell:Creating package script '/home/nikhil/nourish_ws/install/juice_spout/share/juice_spout/package.sh'
[1.320s] INFO:colcon.colcon_core.shell:Creating package script '/home/nikhil/nourish_ws/install/juice_spout/share/juice_spout/package.bash'
[1.320s] INFO:colcon.colcon_core.shell:Creating package script '/home/nikhil/nourish_ws/install/juice_spout/share/juice_spout/package.zsh'
[1.322s] Level 1:colcon.colcon_core.environment:create_file_with_runtime_dependencies(/home/nikhil/nourish_ws/install/juice_spout/share/colcon-core/packages/juice_spout)
[1.323s] Level 1:colcon.colcon_core.environment:create_environment_scripts_only(nourish_robot_arm_msgs)
[1.324s] Level 1:colcon.colcon_core.environment:checking '/home/nikhil/nourish_ws/install/nourish_robot_arm_msgs' for CMake module files
[1.326s] Level 1:colcon.colcon_core.environment:checking '/home/nikhil/nourish_ws/install/nourish_robot_arm_msgs' for CMake config files
[1.332s] Level 1:colcon.colcon_core.shell:create_environment_hook('nourish_robot_arm_msgs', 'cmake_prefix_path')
[1.333s] INFO:colcon.colcon_core.shell:Creating environment hook '/home/nikhil/nourish_ws/install/nourish_robot_arm_msgs/share/nourish_robot_arm_msgs/hook/cmake_prefix_path.ps1'
[1.334s] DEBUG:colcon.colcon_core.event_handler.log_command:Invoked command in '/home/nikhil/nourish_ws/build/nourish_robot_arm_msgs' returned '0': /usr/bin/cmake --build /home/nikhil/nourish_ws/build/nourish_robot_arm_msgs --target install -- -j12 -l12
[1.334s] INFO:colcon.colcon_core.shell:Creating environment descriptor '/home/nikhil/nourish_ws/install/nourish_robot_arm_msgs/share/nourish_robot_arm_msgs/hook/cmake_prefix_path.dsv'
[1.334s] INFO:colcon.colcon_core.shell:Creating environment hook '/home/nikhil/nourish_ws/install/nourish_robot_arm_msgs/share/nourish_robot_arm_msgs/hook/cmake_prefix_path.sh'
[1.335s] Level 1:colcon.colcon_core.environment:checking '/home/nikhil/nourish_ws/install/nourish_robot_arm_msgs/lib'
[1.335s] Level 1:colcon.colcon_core.shell:create_environment_hook('nourish_robot_arm_msgs', 'ld_library_path_lib')
[1.336s] INFO:colcon.colcon_core.shell:Creating environment hook '/home/nikhil/nourish_ws/install/nourish_robot_arm_msgs/share/nourish_robot_arm_msgs/hook/ld_library_path_lib.ps1'
[1.336s] INFO:colcon.colcon_core.shell:Creating environment descriptor '/home/nikhil/nourish_ws/install/nourish_robot_arm_msgs/share/nourish_robot_arm_msgs/hook/ld_library_path_lib.dsv'
[1.337s] INFO:colcon.colcon_core.shell:Creating environment hook '/home/nikhil/nourish_ws/install/nourish_robot_arm_msgs/share/nourish_robot_arm_msgs/hook/ld_library_path_lib.sh'
[1.337s] Level 1:colcon.colcon_core.environment:checking '/home/nikhil/nourish_ws/install/nourish_robot_arm_msgs/bin'
[1.337s] Level 1:colcon.colcon_core.environment:checking '/home/nikhil/nourish_ws/install/nourish_robot_arm_msgs/lib/pkgconfig/nourish_robot_arm_msgs.pc'
[1.337s] Level 1:colcon.colcon_core.environment:checking '/home/nikhil/nourish_ws/install/nourish_robot_arm_msgs/lib/python3.6/site-packages'
[1.337s] Level 1:colcon.colcon_core.shell:create_environment_hook('nourish_robot_arm_msgs', 'pythonpath')
[1.338s] INFO:colcon.colcon_core.shell:Creating environment hook '/home/nikhil/nourish_ws/install/nourish_robot_arm_msgs/share/nourish_robot_arm_msgs/hook/pythonpath.ps1'
[1.338s] INFO:colcon.colcon_core.shell:Creating environment descriptor '/home/nikhil/nourish_ws/install/nourish_robot_arm_msgs/share/nourish_robot_arm_msgs/hook/pythonpath.dsv'
[1.338s] INFO:colcon.colcon_core.shell:Creating environment hook '/home/nikhil/nourish_ws/install/nourish_robot_arm_msgs/share/nourish_robot_arm_msgs/hook/pythonpath.sh'
[1.339s] INFO:colcon.colcon_core.shell:Creating package script '/home/nikhil/nourish_ws/install/nourish_robot_arm_msgs/share/nourish_robot_arm_msgs/package.ps1'
[1.340s] INFO:colcon.colcon_core.shell:Creating package descriptor '/home/nikhil/nourish_ws/install/nourish_robot_arm_msgs/share/nourish_robot_arm_msgs/package.dsv'
[1.341s] INFO:colcon.colcon_core.shell:Creating package script '/home/nikhil/nourish_ws/install/nourish_robot_arm_msgs/share/nourish_robot_arm_msgs/package.sh'
[1.341s] INFO:colcon.colcon_core.shell:Creating package script '/home/nikhil/nourish_ws/install/nourish_robot_arm_msgs/share/nourish_robot_arm_msgs/package.bash'
[1.341s] INFO:colcon.colcon_core.shell:Creating package script '/home/nikhil/nourish_ws/install/nourish_robot_arm_msgs/share/nourish_robot_arm_msgs/package.zsh'
[1.342s] Level 1:colcon.colcon_core.environment:create_file_with_runtime_dependencies(/home/nikhil/nourish_ws/install/nourish_robot_arm_msgs/share/colcon-core/packages/nourish_robot_arm_msgs)
[2.781s] DEBUG:colcon.colcon_core.event_handler.log_command:Invoked command in '/home/nikhil/nourish_ws/build/nourish_scale' returned '2': AMENT_PREFIX_PATH=/home/nikhil/nourish_ws/install/nourish_dcb:/home/nikhil/nourish_ws/install/serial:/home/nikhil/nourish_ws/install/nourish_scale_msgs:${AMENT_PREFIX_PATH} CMAKE_PREFIX_PATH=/home/nikhil/nourish_ws/install/nourish_dcb:/home/nikhil/nourish_ws/install/serial:/home/nikhil/nourish_ws/install/nourish_scale_msgs:${CMAKE_PREFIX_PATH} LD_LIBRARY_PATH=/home/nikhil/nourish_ws/install/nourish_dcb/lib:/home/nikhil/nourish_ws/install/serial/lib:/home/nikhil/nourish_ws/install/nourish_scale_msgs/lib:${LD_LIBRARY_PATH} PYTHONPATH=/home/nikhil/nourish_ws/install/nourish_scale_msgs/lib/python3.6/site-packages:${PYTHONPATH} /usr/bin/cmake --build /home/nikhil/nourish_ws/build/nourish_scale -- -j12 -l12
[2.791s] DEBUG:colcon.colcon_parallel_executor.executor.parallel:closing loop
[2.791s] DEBUG:colcon.colcon_parallel_executor.executor.parallel:loop closed
[2.791s] DEBUG:colcon.colcon_parallel_executor.executor.parallel:run_until_complete finished with '2'
[2.793s] DEBUG:colcon.colcon_core.event_reactor:joining thread
[2.798s] INFO:colcon.colcon_core.plugin_system:Skipping extension 'colcon_notification.desktop_notification.terminal_notifier': Not used on non-Darwin systems
[2.798s] INFO:colcon.colcon_core.plugin_system:Skipping extension 'colcon_notification.desktop_notification.win32': Not used on non-Windows systems
[2.798s] INFO:colcon.colcon_notification.desktop_notification:Sending desktop notification using 'notify2'
[2.805s] DEBUG:colcon.colcon_core.event_reactor:joined thread
[2.805s] INFO:colcon.colcon_core.shell:Creating prefix script '/home/nikhil/nourish_ws/install/local_setup.ps1'
[2.806s] INFO:colcon.colcon_core.shell:Creating prefix util module '/home/nikhil/nourish_ws/install/_local_setup_util_ps1.py'
[2.807s] INFO:colcon.colcon_core.shell:Creating prefix chain script '/home/nikhil/nourish_ws/install/setup.ps1'
[2.809s] INFO:colcon.colcon_core.shell:Creating prefix script '/home/nikhil/nourish_ws/install/local_setup.sh'
[2.809s] INFO:colcon.colcon_core.shell:Creating prefix util module '/home/nikhil/nourish_ws/install/_local_setup_util_sh.py'
[2.810s] INFO:colcon.colcon_core.shell:Creating prefix chain script '/home/nikhil/nourish_ws/install/setup.sh'
[2.812s] INFO:colcon.colcon_core.shell:Creating prefix script '/home/nikhil/nourish_ws/install/local_setup.bash'
[2.812s] INFO:colcon.colcon_core.shell:Creating prefix chain script '/home/nikhil/nourish_ws/install/setup.bash'
[2.814s] INFO:colcon.colcon_core.shell:Creating prefix script '/home/nikhil/nourish_ws/install/local_setup.zsh'
[2.814s] INFO:colcon.colcon_core.shell:Creating prefix chain script '/home/nikhil/nourish_ws/install/setup.zsh'
