[0.016s] Invoking command in '/home/nikhil/nourish_ws/build/juice_spout': AMENT_PREFIX_PATH=/home/nikhil/nourish_ws/install/juice_spout_msgs:/home/nikhil/nourish_ws/install/juice_dcb_msgs:${AMENT_PREFIX_PATH} CMAKE_PREFIX_PATH=/home/nikhil/nourish_ws/install/juice_spout_msgs:/home/nikhil/nourish_ws/install/juice_dcb_msgs:${CMAKE_PREFIX_PATH} LD_LIBRARY_PATH=/home/nikhil/nourish_ws/install/juice_spout_msgs/lib:/home/nikhil/nourish_ws/install/juice_dcb_msgs/lib:${LD_LIBRARY_PATH} PYTHONPATH=/home/nikhil/nourish_ws/install/juice_spout_msgs/lib/python3.6/site-packages:/home/nikhil/nourish_ws/install/juice_dcb_msgs/lib/python3.6/site-packages:${PYTHONPATH} /usr/bin/cmake --build /home/nikhil/nourish_ws/build/juice_spout -- -j12 -l12
[0.076s] [100%] Built target juice_spout
[0.088s] Invoked command in '/home/nikhil/nourish_ws/build/juice_spout' returned '0': AMENT_PREFIX_PATH=/home/nikhil/nourish_ws/install/juice_spout_msgs:/home/nikhil/nourish_ws/install/juice_dcb_msgs:${AMENT_PREFIX_PATH} CMAKE_PREFIX_PATH=/home/nikhil/nourish_ws/install/juice_spout_msgs:/home/nikhil/nourish_ws/install/juice_dcb_msgs:${CMAKE_PREFIX_PATH} LD_LIBRARY_PATH=/home/nikhil/nourish_ws/install/juice_spout_msgs/lib:/home/nikhil/nourish_ws/install/juice_dcb_msgs/lib:${LD_LIBRARY_PATH} PYTHONPATH=/home/nikhil/nourish_ws/install/juice_spout_msgs/lib/python3.6/site-packages:/home/nikhil/nourish_ws/install/juice_dcb_msgs/lib/python3.6/site-packages:${PYTHONPATH} /usr/bin/cmake --build /home/nikhil/nourish_ws/build/juice_spout -- -j12 -l12
[0.116s] Invoking command in '/home/nikhil/nourish_ws/build/juice_spout': AMENT_PREFIX_PATH=/home/nikhil/nourish_ws/install/juice_spout_msgs:/home/nikhil/nourish_ws/install/juice_dcb_msgs:${AMENT_PREFIX_PATH} CMAKE_PREFIX_PATH=/home/nikhil/nourish_ws/install/juice_spout_msgs:/home/nikhil/nourish_ws/install/juice_dcb_msgs:${CMAKE_PREFIX_PATH} LD_LIBRARY_PATH=/home/nikhil/nourish_ws/install/juice_spout_msgs/lib:/home/nikhil/nourish_ws/install/juice_dcb_msgs/lib:${LD_LIBRARY_PATH} PYTHONPATH=/home/nikhil/nourish_ws/install/juice_spout_msgs/lib/python3.6/site-packages:/home/nikhil/nourish_ws/install/juice_dcb_msgs/lib/python3.6/site-packages:${PYTHONPATH} /usr/bin/cmake --build /home/nikhil/nourish_ws/build/juice_spout --target install -- -j12 -l12
[0.187s] [100%] Built target juice_spout
[0.217s] [36mInstall the project...[0m
[0.218s] -- Install configuration: ""
[0.218s] -- Up-to-date: /home/nikhil/nourish_ws/install/juice_spout/lib/juice_spout/juice_spout
[0.218s] -- Up-to-date: /home/nikhil/nourish_ws/install/juice_spout/share/ament_index/resource_index/package_run_dependencies/juice_spout
[0.219s] -- Up-to-date: /home/nikhil/nourish_ws/install/juice_spout/share/ament_index/resource_index/parent_prefix_path/juice_spout
[0.219s] -- Up-to-date: /home/nikhil/nourish_ws/install/juice_spout/share/juice_spout/environment/ament_prefix_path.sh
[0.219s] -- Up-to-date: /home/nikhil/nourish_ws/install/juice_spout/share/juice_spout/environment/path.sh
[0.219s] -- Up-to-date: /home/nikhil/nourish_ws/install/juice_spout/share/juice_spout/local_setup.bash
[0.219s] -- Up-to-date: /home/nikhil/nourish_ws/install/juice_spout/share/juice_spout/local_setup.sh
[0.219s] -- Up-to-date: /home/nikhil/nourish_ws/install/juice_spout/share/juice_spout/local_setup.zsh
[0.219s] -- Up-to-date: /home/nikhil/nourish_ws/install/juice_spout/share/ament_index/resource_index/packages/juice_spout
[0.219s] -- Up-to-date: /home/nikhil/nourish_ws/install/juice_spout/share/juice_spout/cmake/juice_spoutConfig.cmake
[0.219s] -- Up-to-date: /home/nikhil/nourish_ws/install/juice_spout/share/juice_spout/cmake/juice_spoutConfig-version.cmake
[0.219s] -- Up-to-date: /home/nikhil/nourish_ws/install/juice_spout/share/juice_spout/package.xml
[0.223s] Invoked command in '/home/nikhil/nourish_ws/build/juice_spout' returned '0': AMENT_PREFIX_PATH=/home/nikhil/nourish_ws/install/juice_spout_msgs:/home/nikhil/nourish_ws/install/juice_dcb_msgs:${AMENT_PREFIX_PATH} CMAKE_PREFIX_PATH=/home/nikhil/nourish_ws/install/juice_spout_msgs:/home/nikhil/nourish_ws/install/juice_dcb_msgs:${CMAKE_PREFIX_PATH} LD_LIBRARY_PATH=/home/nikhil/nourish_ws/install/juice_spout_msgs/lib:/home/nikhil/nourish_ws/install/juice_dcb_msgs/lib:${LD_LIBRARY_PATH} PYTHONPATH=/home/nikhil/nourish_ws/install/juice_spout_msgs/lib/python3.6/site-packages:/home/nikhil/nourish_ws/install/juice_dcb_msgs/lib/python3.6/site-packages:${PYTHONPATH} /usr/bin/cmake --build /home/nikhil/nourish_ws/build/juice_spout --target install -- -j12 -l12
