[0.051s] Invoking command in '/home/nikhil/nourish_ws/build/nourish_scale': AMENT_PREFIX_PATH=/home/nikhil/nourish_ws/install/nourish_dcb:/home/nikhil/nourish_ws/install/serial:/home/nikhil/nourish_ws/install/nourish_scale_msgs:${AMENT_PREFIX_PATH} CMAKE_PREFIX_PATH=/home/nikhil/nourish_ws/install/nourish_dcb:/home/nikhil/nourish_ws/install/serial:/home/nikhil/nourish_ws/install/nourish_scale_msgs:${CMAKE_PREFIX_PATH} LD_LIBRARY_PATH=/home/nikhil/nourish_ws/install/nourish_dcb/lib:/home/nikhil/nourish_ws/install/serial/lib:/home/nikhil/nourish_ws/install/nourish_scale_msgs/lib:${LD_LIBRARY_PATH} PYTHONPATH=/home/nikhil/nourish_ws/install/nourish_scale_msgs/lib/python3.6/site-packages:${PYTHONPATH} /usr/bin/cmake --build /home/nikhil/nourish_ws/build/nourish_scale -- -j12 -l12
[0.105s] [ 16%] Built target gtest_main
[0.106s] [35m[1mScanning dependencies of target scale[0m
[0.113s] [ 33%] Built target gtest
[0.130s] [35m[1mScanning dependencies of target nourish_scale_my_test[0m
[0.139s] [ 41%] [32mBuilding CXX object CMakeFiles/scale.dir/src/scale_node.cpp.o[0m
[0.163s] [ 50%] [32mBuilding CXX object CMakeFiles/nourish_scale_my_test.dir/src/scale_node.cpp.o[0m
[0.936s] [01m[K/home/nikhil/nourish_ws/src/ros2-nourish-scale/nourish_scale/src/scale_node.cpp:[m[K In constructor ‘[01m[Knourish::scale::ScaleNode::ScaleNode(const string&)[m[K’:
[0.937s] [01m[K/home/nikhil/nourish_ws/src/ros2-nourish-scale/nourish_scale/src/scale_node.cpp:26:41:[m[K [01;35m[Kwarning: [m[Kunused parameter ‘[01m[Kserial_port[m[K’ [[01;35m[K-Wunused-parameter[m[K]
[0.937s]  ScaleNode::ScaleNode(const std::string &[01;35m[Kserial_port[m[K):
[0.937s]                                          [01;35m[K^~~~~~~~~~~[m[K
[0.953s] [01m[K/home/nikhil/nourish_ws/src/ros2-nourish-scale/nourish_scale/src/scale_node.cpp:[m[K In constructor ‘[01m[Knourish::scale::ScaleNode::ScaleNode(const string&)[m[K’:
[0.953s] [01m[K/home/nikhil/nourish_ws/src/ros2-nourish-scale/nourish_scale/src/scale_node.cpp:26:41:[m[K [01;35m[Kwarning: [m[Kunused parameter ‘[01m[Kserial_port[m[K’ [[01;35m[K-Wunused-parameter[m[K]
[0.953s]  ScaleNode::ScaleNode(const std::string &[01;35m[Kserial_port[m[K):
[0.953s]                                          [01;35m[K^~~~~~~~~~~[m[K
[2.224s] [ 58%] [32m[1mLinking CXX executable scale[0m
[2.234s] [ 66%] [32m[1mLinking CXX executable nourish_scale_my_test[0m
[2.390s] [ 83%] Built target scale
[2.457s] [100%] Built target nourish_scale_my_test
[2.468s] Invoked command in '/home/nikhil/nourish_ws/build/nourish_scale' returned '0': AMENT_PREFIX_PATH=/home/nikhil/nourish_ws/install/nourish_dcb:/home/nikhil/nourish_ws/install/serial:/home/nikhil/nourish_ws/install/nourish_scale_msgs:${AMENT_PREFIX_PATH} CMAKE_PREFIX_PATH=/home/nikhil/nourish_ws/install/nourish_dcb:/home/nikhil/nourish_ws/install/serial:/home/nikhil/nourish_ws/install/nourish_scale_msgs:${CMAKE_PREFIX_PATH} LD_LIBRARY_PATH=/home/nikhil/nourish_ws/install/nourish_dcb/lib:/home/nikhil/nourish_ws/install/serial/lib:/home/nikhil/nourish_ws/install/nourish_scale_msgs/lib:${LD_LIBRARY_PATH} PYTHONPATH=/home/nikhil/nourish_ws/install/nourish_scale_msgs/lib/python3.6/site-packages:${PYTHONPATH} /usr/bin/cmake --build /home/nikhil/nourish_ws/build/nourish_scale -- -j12 -l12
[2.494s] Invoking command in '/home/nikhil/nourish_ws/build/nourish_scale': AMENT_PREFIX_PATH=/home/nikhil/nourish_ws/install/nourish_dcb:/home/nikhil/nourish_ws/install/serial:/home/nikhil/nourish_ws/install/nourish_scale_msgs:${AMENT_PREFIX_PATH} CMAKE_PREFIX_PATH=/home/nikhil/nourish_ws/install/nourish_dcb:/home/nikhil/nourish_ws/install/serial:/home/nikhil/nourish_ws/install/nourish_scale_msgs:${CMAKE_PREFIX_PATH} LD_LIBRARY_PATH=/home/nikhil/nourish_ws/install/nourish_dcb/lib:/home/nikhil/nourish_ws/install/serial/lib:/home/nikhil/nourish_ws/install/nourish_scale_msgs/lib:${LD_LIBRARY_PATH} PYTHONPATH=/home/nikhil/nourish_ws/install/nourish_scale_msgs/lib/python3.6/site-packages:${PYTHONPATH} /usr/bin/cmake --build /home/nikhil/nourish_ws/build/nourish_scale --target install -- -j12 -l12
[2.541s] [ 33%] Built target gtest
[2.541s] [ 33%] Built target gtest_main
[2.547s] [ 66%] Built target scale
[2.567s] [100%] Built target nourish_scale_my_test
[2.584s] [36mInstall the project...[0m
[2.591s] -- Install configuration: ""
[2.592s] -- Installing: /home/nikhil/nourish_ws/install/nourish_scale/lib/nourish_scale/scale
[2.593s] -- Set runtime path of "/home/nikhil/nourish_ws/install/nourish_scale/lib/nourish_scale/scale" to ""
[2.593s] -- Up-to-date: /home/nikhil/nourish_ws/install/nourish_scale/share/ament_index/resource_index/package_run_dependencies/nourish_scale
[2.593s] -- Up-to-date: /home/nikhil/nourish_ws/install/nourish_scale/share/ament_index/resource_index/parent_prefix_path/nourish_scale
[2.593s] -- Up-to-date: /home/nikhil/nourish_ws/install/nourish_scale/share/nourish_scale/environment/ament_prefix_path.sh
[2.593s] -- Up-to-date: /home/nikhil/nourish_ws/install/nourish_scale/share/nourish_scale/environment/path.sh
[2.593s] -- Up-to-date: /home/nikhil/nourish_ws/install/nourish_scale/share/nourish_scale/local_setup.bash
[2.594s] -- Up-to-date: /home/nikhil/nourish_ws/install/nourish_scale/share/nourish_scale/local_setup.sh
[2.594s] -- Up-to-date: /home/nikhil/nourish_ws/install/nourish_scale/share/nourish_scale/local_setup.zsh
[2.594s] -- Up-to-date: /home/nikhil/nourish_ws/install/nourish_scale/share/ament_index/resource_index/packages/nourish_scale
[2.594s] -- Up-to-date: /home/nikhil/nourish_ws/install/nourish_scale/share/nourish_scale/cmake/nourish_scaleConfig.cmake
[2.594s] -- Up-to-date: /home/nikhil/nourish_ws/install/nourish_scale/share/nourish_scale/cmake/nourish_scaleConfig-version.cmake
[2.594s] -- Up-to-date: /home/nikhil/nourish_ws/install/nourish_scale/share/nourish_scale/package.xml
[2.596s] Invoked command in '/home/nikhil/nourish_ws/build/nourish_scale' returned '0': AMENT_PREFIX_PATH=/home/nikhil/nourish_ws/install/nourish_dcb:/home/nikhil/nourish_ws/install/serial:/home/nikhil/nourish_ws/install/nourish_scale_msgs:${AMENT_PREFIX_PATH} CMAKE_PREFIX_PATH=/home/nikhil/nourish_ws/install/nourish_dcb:/home/nikhil/nourish_ws/install/serial:/home/nikhil/nourish_ws/install/nourish_scale_msgs:${CMAKE_PREFIX_PATH} LD_LIBRARY_PATH=/home/nikhil/nourish_ws/install/nourish_dcb/lib:/home/nikhil/nourish_ws/install/serial/lib:/home/nikhil/nourish_ws/install/nourish_scale_msgs/lib:${LD_LIBRARY_PATH} PYTHONPATH=/home/nikhil/nourish_ws/install/nourish_scale_msgs/lib/python3.6/site-packages:${PYTHONPATH} /usr/bin/cmake --build /home/nikhil/nourish_ws/build/nourish_scale --target install -- -j12 -l12
