[0.038s] Invoking command in '/home/nikhil/nourish_ws/build/nourish_scale_msgs': /usr/bin/cmake --build /home/nikhil/nourish_ws/build/nourish_scale_msgs -- -j12 -l12
[0.105s] [  2%] Built target nourish_scale_msgs__cpp
[0.106s] [ 12%] Built target nourish_scale_msgs__rosidl_generator_c
[0.156s] [ 23%] Built target nourish_scale_msgs__rosidl_typesupport_fastrtps_cpp
[0.163s] [ 33%] Built target nourish_scale_msgs__rosidl_typesupport_introspection_cpp
[0.164s] [ 43%] Built target nourish_scale_msgs__rosidl_typesupport_introspection_c
[0.164s] [ 53%] Built target nourish_scale_msgs__rosidl_typesupport_c
[0.170s] [ 64%] Built target nourish_scale_msgs__rosidl_typesupport_cpp
[0.205s] [ 74%] Built target nourish_scale_msgs__rosidl_typesupport_fastrtps_c
[0.233s] [ 74%] Built target nourish_scale_msgs
[0.261s] [ 76%] Built target nourish_scale_msgs__py
[0.297s] [ 84%] Built target nourish_scale_msgs__python
[0.331s] [ 89%] Built target nourish_scale_msgs__rosidl_typesupport_fastrtps_c__pyext
[0.334s] [ 94%] Built target nourish_scale_msgs__rosidl_typesupport_introspection_c__pyext
[0.335s] [100%] Built target nourish_scale_msgs__rosidl_typesupport_c__pyext
[0.352s] Invoked command in '/home/nikhil/nourish_ws/build/nourish_scale_msgs' returned '0': /usr/bin/cmake --build /home/nikhil/nourish_ws/build/nourish_scale_msgs -- -j12 -l12
[0.438s] Invoking command in '/home/nikhil/nourish_ws/build/nourish_scale_msgs': /usr/bin/cmake --build /home/nikhil/nourish_ws/build/nourish_scale_msgs --target install -- -j12 -l12
[0.506s] [  2%] Built target nourish_scale_msgs__cpp
[0.508s] [ 12%] Built target nourish_scale_msgs__rosidl_generator_c
[0.544s] [ 23%] Built target nourish_scale_msgs__rosidl_typesupport_introspection_cpp
[0.548s] [ 33%] Built target nourish_scale_msgs__rosidl_typesupport_cpp
[0.551s] [ 56%] Built target nourish_scale_msgs__rosidl_typesupport_c
[0.551s] [ 56%] Built target nourish_scale_msgs__rosidl_typesupport_introspection_c
[0.551s] [ 64%] Built target nourish_scale_msgs__rosidl_typesupport_fastrtps_cpp
[0.592s] [ 74%] Built target nourish_scale_msgs__rosidl_typesupport_fastrtps_c
[0.620s] [ 74%] Built target nourish_scale_msgs
[0.642s] [ 76%] Built target nourish_scale_msgs__py
[0.674s] [ 84%] Built target nourish_scale_msgs__python
[0.709s] [ 89%] Built target nourish_scale_msgs__rosidl_typesupport_introspection_c__pyext
[0.709s] [ 94%] Built target nourish_scale_msgs__rosidl_typesupport_fastrtps_c__pyext
[0.712s] [100%] Built target nourish_scale_msgs__rosidl_typesupport_c__pyext
[0.734s] [36mInstall the project...[0m
[0.747s] -- Install configuration: ""
[0.747s] -- Up-to-date: /home/nikhil/nourish_ws/install/nourish_scale_msgs/share/ament_index/resource_index/rosidl_interfaces/nourish_scale_msgs
[0.747s] -- Up-to-date: /home/nikhil/nourish_ws/install/nourish_scale_msgs/lib/libnourish_scale_msgs__rosidl_typesupport_c.so
[0.748s] -- Up-to-date: /home/nikhil/nourish_ws/install/nourish_scale_msgs/share/nourish_scale_msgs/environment/library_path.sh
[0.748s] -- Up-to-date: /home/nikhil/nourish_ws/install/nourish_scale_msgs/lib/libnourish_scale_msgs__rosidl_typesupport_cpp.so
[0.748s] -- Up-to-date: /home/nikhil/nourish_ws/install/nourish_scale_msgs/include/nourish_scale_msgs
[0.748s] -- Up-to-date: /home/nikhil/nourish_ws/install/nourish_scale_msgs/include/nourish_scale_msgs/msg
[0.749s] -- Up-to-date: /home/nikhil/nourish_ws/install/nourish_scale_msgs/include/nourish_scale_msgs/msg/response__functions.h
[0.749s] -- Up-to-date: /home/nikhil/nourish_ws/install/nourish_scale_msgs/include/nourish_scale_msgs/msg/response__type_support.h
[0.749s] -- Up-to-date: /home/nikhil/nourish_ws/install/nourish_scale_msgs/include/nourish_scale_msgs/msg/response.h
[0.749s] -- Up-to-date: /home/nikhil/nourish_ws/install/nourish_scale_msgs/include/nourish_scale_msgs/msg/response__struct.h
[0.749s] -- Up-to-date: /home/nikhil/nourish_ws/install/nourish_scale_msgs/include/nourish_scale_msgs/msg/rosidl_generator_c__visibility_control.h
[0.750s] -- Up-to-date: /home/nikhil/nourish_ws/install/nourish_scale_msgs/include/nourish_scale_msgs/msg/response__functions.c
[0.750s] -- Up-to-date: /home/nikhil/nourish_ws/install/nourish_scale_msgs/include/nourish_scale_msgs/srv
[0.750s] -- Up-to-date: /home/nikhil/nourish_ws/install/nourish_scale_msgs/include/nourish_scale_msgs/srv/tare__functions.h
[0.750s] -- Up-to-date: /home/nikhil/nourish_ws/install/nourish_scale_msgs/include/nourish_scale_msgs/srv/tare__struct.h
[0.750s] -- Up-to-date: /home/nikhil/nourish_ws/install/nourish_scale_msgs/include/nourish_scale_msgs/srv/tare.h
[0.751s] -- Up-to-date: /home/nikhil/nourish_ws/install/nourish_scale_msgs/include/nourish_scale_msgs/srv/tare__functions.c
[0.751s] -- Up-to-date: /home/nikhil/nourish_ws/install/nourish_scale_msgs/include/nourish_scale_msgs/srv/tare__type_support.h
[0.751s] -- Up-to-date: /home/nikhil/nourish_ws/install/nourish_scale_msgs/lib/libnourish_scale_msgs__rosidl_generator_c.so
[0.751s] -- Up-to-date: /home/nikhil/nourish_ws/install/nourish_scale_msgs/include/nourish_scale_msgs
[0.752s] -- Up-to-date: /home/nikhil/nourish_ws/install/nourish_scale_msgs/include/nourish_scale_msgs/msg
[0.752s] -- Up-to-date: /home/nikhil/nourish_ws/install/nourish_scale_msgs/include/nourish_scale_msgs/msg/response.hpp
[0.752s] -- Up-to-date: /home/nikhil/nourish_ws/install/nourish_scale_msgs/include/nourish_scale_msgs/msg/response__traits.hpp
[0.752s] -- Up-to-date: /home/nikhil/nourish_ws/install/nourish_scale_msgs/include/nourish_scale_msgs/msg/response__struct.hpp
[0.752s] -- Up-to-date: /home/nikhil/nourish_ws/install/nourish_scale_msgs/include/nourish_scale_msgs/srv
[0.752s] -- Up-to-date: /home/nikhil/nourish_ws/install/nourish_scale_msgs/include/nourish_scale_msgs/srv/tare.hpp
[0.752s] -- Up-to-date: /home/nikhil/nourish_ws/install/nourish_scale_msgs/include/nourish_scale_msgs/srv/tare__traits.hpp
[0.753s] -- Up-to-date: /home/nikhil/nourish_ws/install/nourish_scale_msgs/include/nourish_scale_msgs/srv/tare__struct.hpp
[0.753s] -- Up-to-date: /home/nikhil/nourish_ws/install/nourish_scale_msgs/include/nourish_scale_msgs
[0.753s] -- Up-to-date: /home/nikhil/nourish_ws/install/nourish_scale_msgs/include/nourish_scale_msgs/msg
[0.753s] -- Up-to-date: /home/nikhil/nourish_ws/install/nourish_scale_msgs/include/nourish_scale_msgs/msg/response__rosidl_typesupport_fastrtps_c.h
[0.753s] -- Up-to-date: /home/nikhil/nourish_ws/install/nourish_scale_msgs/include/nourish_scale_msgs/msg/rosidl_typesupport_fastrtps_c__visibility_control.h
[0.753s] -- Up-to-date: /home/nikhil/nourish_ws/install/nourish_scale_msgs/include/nourish_scale_msgs/srv
[0.753s] -- Up-to-date: /home/nikhil/nourish_ws/install/nourish_scale_msgs/include/nourish_scale_msgs/srv/tare__rosidl_typesupport_fastrtps_c.h
[0.753s] -- Up-to-date: /home/nikhil/nourish_ws/install/nourish_scale_msgs/lib/libnourish_scale_msgs__rosidl_typesupport_fastrtps_c.so
[0.753s] -- Up-to-date: /home/nikhil/nourish_ws/install/nourish_scale_msgs/include/nourish_scale_msgs
[0.754s] -- Up-to-date: /home/nikhil/nourish_ws/install/nourish_scale_msgs/include/nourish_scale_msgs/msg
[0.754s] -- Up-to-date: /home/nikhil/nourish_ws/install/nourish_scale_msgs/include/nourish_scale_msgs/msg/dds_fastrtps
[0.754s] -- Up-to-date: /home/nikhil/nourish_ws/install/nourish_scale_msgs/include/nourish_scale_msgs/msg/response__rosidl_typesupport_fastrtps_cpp.hpp
[0.754s] -- Up-to-date: /home/nikhil/nourish_ws/install/nourish_scale_msgs/include/nourish_scale_msgs/msg/rosidl_typesupport_fastrtps_cpp__visibility_control.h
[0.754s] -- Up-to-date: /home/nikhil/nourish_ws/install/nourish_scale_msgs/include/nourish_scale_msgs/srv
[0.754s] -- Up-to-date: /home/nikhil/nourish_ws/install/nourish_scale_msgs/include/nourish_scale_msgs/srv/dds_fastrtps
[0.754s] -- Up-to-date: /home/nikhil/nourish_ws/install/nourish_scale_msgs/include/nourish_scale_msgs/srv/tare__rosidl_typesupport_fastrtps_cpp.hpp
[0.754s] -- Up-to-date: /home/nikhil/nourish_ws/install/nourish_scale_msgs/lib/libnourish_scale_msgs__rosidl_typesupport_fastrtps_cpp.so
[0.754s] -- Up-to-date: /home/nikhil/nourish_ws/install/nourish_scale_msgs/include/nourish_scale_msgs
[0.754s] -- Up-to-date: /home/nikhil/nourish_ws/install/nourish_scale_msgs/include/nourish_scale_msgs/msg
[0.754s] -- Up-to-date: /home/nikhil/nourish_ws/install/nourish_scale_msgs/include/nourish_scale_msgs/msg/response__rosidl_typesupport_introspection_c.h
[0.754s] -- Up-to-date: /home/nikhil/nourish_ws/install/nourish_scale_msgs/include/nourish_scale_msgs/msg/rosidl_typesupport_introspection_c__visibility_control.h
[0.754s] -- Up-to-date: /home/nikhil/nourish_ws/install/nourish_scale_msgs/include/nourish_scale_msgs/msg/response__type_support.c
[0.754s] -- Up-to-date: /home/nikhil/nourish_ws/install/nourish_scale_msgs/include/nourish_scale_msgs/srv
[0.755s] -- Up-to-date: /home/nikhil/nourish_ws/install/nourish_scale_msgs/include/nourish_scale_msgs/srv/tare__type_support.c
[0.755s] -- Up-to-date: /home/nikhil/nourish_ws/install/nourish_scale_msgs/include/nourish_scale_msgs/srv/tare__rosidl_typesupport_introspection_c.h
[0.755s] -- Up-to-date: /home/nikhil/nourish_ws/install/nourish_scale_msgs/lib/libnourish_scale_msgs__rosidl_typesupport_introspection_c.so
[0.755s] -- Up-to-date: /home/nikhil/nourish_ws/install/nourish_scale_msgs/include/nourish_scale_msgs
[0.755s] -- Up-to-date: /home/nikhil/nourish_ws/install/nourish_scale_msgs/include/nourish_scale_msgs/msg
[0.755s] -- Up-to-date: /home/nikhil/nourish_ws/install/nourish_scale_msgs/include/nourish_scale_msgs/msg/response__rosidl_typesupport_introspection_cpp.hpp
[0.755s] -- Up-to-date: /home/nikhil/nourish_ws/install/nourish_scale_msgs/include/nourish_scale_msgs/msg/response__type_support.cpp
[0.755s] -- Up-to-date: /home/nikhil/nourish_ws/install/nourish_scale_msgs/include/nourish_scale_msgs/srv
[0.755s] -- Up-to-date: /home/nikhil/nourish_ws/install/nourish_scale_msgs/include/nourish_scale_msgs/srv/tare__rosidl_typesupport_introspection_cpp.hpp
[0.755s] -- Up-to-date: /home/nikhil/nourish_ws/install/nourish_scale_msgs/include/nourish_scale_msgs/srv/tare__type_support.cpp
[0.755s] -- Up-to-date: /home/nikhil/nourish_ws/install/nourish_scale_msgs/lib/libnourish_scale_msgs__rosidl_typesupport_introspection_cpp.so
[0.755s] -- Up-to-date: /home/nikhil/nourish_ws/install/nourish_scale_msgs/share/nourish_scale_msgs/environment/pythonpath.sh
[0.755s] -- Up-to-date: /home/nikhil/nourish_ws/install/nourish_scale_msgs/lib/python3.6/site-packages/nourish_scale_msgs/__init__.py
[0.790s] -- Up-to-date: /home/nikhil/nourish_ws/install/nourish_scale_msgs/lib/python3.6/site-packages/nourish_scale_msgs/msg
[0.790s] -- Up-to-date: /home/nikhil/nourish_ws/install/nourish_scale_msgs/lib/python3.6/site-packages/nourish_scale_msgs/msg/_response_s.c
[0.791s] -- Up-to-date: /home/nikhil/nourish_ws/install/nourish_scale_msgs/lib/python3.6/site-packages/nourish_scale_msgs/msg/__init__.py
[0.791s] -- Up-to-date: /home/nikhil/nourish_ws/install/nourish_scale_msgs/lib/python3.6/site-packages/nourish_scale_msgs/msg/_response.py
[0.791s] -- Up-to-date: /home/nikhil/nourish_ws/install/nourish_scale_msgs/lib/python3.6/site-packages/nourish_scale_msgs/srv
[0.791s] -- Up-to-date: /home/nikhil/nourish_ws/install/nourish_scale_msgs/lib/python3.6/site-packages/nourish_scale_msgs/srv/_tare_s.c
[0.791s] -- Up-to-date: /home/nikhil/nourish_ws/install/nourish_scale_msgs/lib/python3.6/site-packages/nourish_scale_msgs/srv/__init__.py
[0.791s] -- Up-to-date: /home/nikhil/nourish_ws/install/nourish_scale_msgs/lib/python3.6/site-packages/nourish_scale_msgs/srv/_tare.py
[0.792s] -- Up-to-date: /home/nikhil/nourish_ws/install/nourish_scale_msgs/lib/python3.6/site-packages/nourish_scale_msgs/nourish_scale_msgs_s__rosidl_typesupport_c.cpython-36m-x86_64-linux-gnu.so
[0.792s] -- Up-to-date: /home/nikhil/nourish_ws/install/nourish_scale_msgs/lib/python3.6/site-packages/nourish_scale_msgs/nourish_scale_msgs_s__rosidl_typesupport_introspection_c.cpython-36m-x86_64-linux-gnu.so
[0.792s] -- Up-to-date: /home/nikhil/nourish_ws/install/nourish_scale_msgs/lib/python3.6/site-packages/nourish_scale_msgs/nourish_scale_msgs_s__rosidl_typesupport_fastrtps_c.cpython-36m-x86_64-linux-gnu.so
[0.793s] -- Up-to-date: /home/nikhil/nourish_ws/install/nourish_scale_msgs/lib/libnourish_scale_msgs__python.so
[0.793s] -- Up-to-date: /home/nikhil/nourish_ws/install/nourish_scale_msgs/share/nourish_scale_msgs/msg/Response.idl
[0.793s] -- Up-to-date: /home/nikhil/nourish_ws/install/nourish_scale_msgs/share/nourish_scale_msgs/srv/Tare.idl
[0.794s] -- Up-to-date: /home/nikhil/nourish_ws/install/nourish_scale_msgs/share/nourish_scale_msgs/msg/Response.msg
[0.794s] -- Up-to-date: /home/nikhil/nourish_ws/install/nourish_scale_msgs/share/nourish_scale_msgs/srv/Tare.srv
[0.794s] -- Up-to-date: /home/nikhil/nourish_ws/install/nourish_scale_msgs/share/nourish_scale_msgs/srv/Tare_Request.msg
[0.794s] -- Up-to-date: /home/nikhil/nourish_ws/install/nourish_scale_msgs/share/nourish_scale_msgs/srv/Tare_Response.msg
[0.794s] -- Up-to-date: /home/nikhil/nourish_ws/install/nourish_scale_msgs/share/ament_index/resource_index/package_run_dependencies/nourish_scale_msgs
[0.795s] -- Up-to-date: /home/nikhil/nourish_ws/install/nourish_scale_msgs/share/ament_index/resource_index/parent_prefix_path/nourish_scale_msgs
[0.795s] -- Up-to-date: /home/nikhil/nourish_ws/install/nourish_scale_msgs/share/nourish_scale_msgs/environment/ament_prefix_path.sh
[0.797s] -- Up-to-date: /home/nikhil/nourish_ws/install/nourish_scale_msgs/share/nourish_scale_msgs/environment/path.sh
[0.798s] -- Up-to-date: /home/nikhil/nourish_ws/install/nourish_scale_msgs/share/nourish_scale_msgs/local_setup.bash
[0.798s] -- Up-to-date: /home/nikhil/nourish_ws/install/nourish_scale_msgs/share/nourish_scale_msgs/local_setup.sh
[0.799s] -- Up-to-date: /home/nikhil/nourish_ws/install/nourish_scale_msgs/share/nourish_scale_msgs/local_setup.zsh
[0.799s] -- Up-to-date: /home/nikhil/nourish_ws/install/nourish_scale_msgs/share/ament_index/resource_index/packages/nourish_scale_msgs
[0.799s] -- Up-to-date: /home/nikhil/nourish_ws/install/nourish_scale_msgs/share/nourish_scale_msgs/cmake/rosidl_cmake-extras.cmake
[0.800s] -- Up-to-date: /home/nikhil/nourish_ws/install/nourish_scale_msgs/share/nourish_scale_msgs/cmake/ament_cmake_export_libraries-extras.cmake
[0.800s] -- Up-to-date: /home/nikhil/nourish_ws/install/nourish_scale_msgs/share/nourish_scale_msgs/cmake/ament_cmake_export_include_directories-extras.cmake
[0.801s] -- Up-to-date: /home/nikhil/nourish_ws/install/nourish_scale_msgs/share/nourish_scale_msgs/cmake/ament_cmake_export_dependencies-extras.cmake
[0.802s] -- Up-to-date: /home/nikhil/nourish_ws/install/nourish_scale_msgs/share/nourish_scale_msgs/cmake/nourish_scale_msgsConfig.cmake
[0.802s] -- Up-to-date: /home/nikhil/nourish_ws/install/nourish_scale_msgs/share/nourish_scale_msgs/cmake/nourish_scale_msgsConfig-version.cmake
[0.803s] -- Up-to-date: /home/nikhil/nourish_ws/install/nourish_scale_msgs/share/nourish_scale_msgs/package.xml
[0.828s] Invoked command in '/home/nikhil/nourish_ws/build/nourish_scale_msgs' returned '0': /usr/bin/cmake --build /home/nikhil/nourish_ws/build/nourish_scale_msgs --target install -- -j12 -l12
