[0.019s] Invoking command in '/home/nikhil/nourish_ws/build/nourish_scale': AMENT_PREFIX_PATH=/home/nikhil/nourish_ws/install/nourish_dcb:/home/nikhil/nourish_ws/install/serial:/home/nikhil/nourish_ws/install/nourish_scale_msgs:${AMENT_PREFIX_PATH} CMAKE_PREFIX_PATH=/home/nikhil/nourish_ws/install/nourish_dcb:/home/nikhil/nourish_ws/install/serial:/home/nikhil/nourish_ws/install/nourish_scale_msgs:${CMAKE_PREFIX_PATH} LD_LIBRARY_PATH=/home/nikhil/nourish_ws/install/nourish_dcb/lib:/home/nikhil/nourish_ws/install/serial/lib:/home/nikhil/nourish_ws/install/nourish_scale_msgs/lib:${LD_LIBRARY_PATH} PYTHONPATH=/home/nikhil/nourish_ws/install/nourish_scale_msgs/lib/python3.6/site-packages:${PYTHONPATH} /usr/bin/cmake --build /home/nikhil/nourish_ws/build/nourish_scale -- -j12 -l12
[0.080s] [ 16%] Built target gtest
[0.084s] [ 33%] Built target gtest_main
[0.097s] [ 66%] Built target scale
[0.125s] [100%] Built target nourish_scale_my_test
[0.135s] Invoked command in '/home/nikhil/nourish_ws/build/nourish_scale' returned '0': AMENT_PREFIX_PATH=/home/nikhil/nourish_ws/install/nourish_dcb:/home/nikhil/nourish_ws/install/serial:/home/nikhil/nourish_ws/install/nourish_scale_msgs:${AMENT_PREFIX_PATH} CMAKE_PREFIX_PATH=/home/nikhil/nourish_ws/install/nourish_dcb:/home/nikhil/nourish_ws/install/serial:/home/nikhil/nourish_ws/install/nourish_scale_msgs:${CMAKE_PREFIX_PATH} LD_LIBRARY_PATH=/home/nikhil/nourish_ws/install/nourish_dcb/lib:/home/nikhil/nourish_ws/install/serial/lib:/home/nikhil/nourish_ws/install/nourish_scale_msgs/lib:${LD_LIBRARY_PATH} PYTHONPATH=/home/nikhil/nourish_ws/install/nourish_scale_msgs/lib/python3.6/site-packages:${PYTHONPATH} /usr/bin/cmake --build /home/nikhil/nourish_ws/build/nourish_scale -- -j12 -l12
[0.176s] Invoking command in '/home/nikhil/nourish_ws/build/nourish_scale': AMENT_PREFIX_PATH=/home/nikhil/nourish_ws/install/nourish_dcb:/home/nikhil/nourish_ws/install/serial:/home/nikhil/nourish_ws/install/nourish_scale_msgs:${AMENT_PREFIX_PATH} CMAKE_PREFIX_PATH=/home/nikhil/nourish_ws/install/nourish_dcb:/home/nikhil/nourish_ws/install/serial:/home/nikhil/nourish_ws/install/nourish_scale_msgs:${CMAKE_PREFIX_PATH} LD_LIBRARY_PATH=/home/nikhil/nourish_ws/install/nourish_dcb/lib:/home/nikhil/nourish_ws/install/serial/lib:/home/nikhil/nourish_ws/install/nourish_scale_msgs/lib:${LD_LIBRARY_PATH} PYTHONPATH=/home/nikhil/nourish_ws/install/nourish_scale_msgs/lib/python3.6/site-packages:${PYTHONPATH} /usr/bin/cmake --build /home/nikhil/nourish_ws/build/nourish_scale --target install -- -j12 -l12
[0.230s] [ 16%] Built target gtest_main
[0.234s] [ 33%] Built target gtest
[0.242s] [ 66%] Built target scale
[0.270s] [100%] Built target nourish_scale_my_test
[0.305s] [36mInstall the project...[0m
[0.305s] -- Install configuration: ""
[0.305s] -- Up-to-date: /home/nikhil/nourish_ws/install/nourish_scale/lib/nourish_scale/scale
[0.305s] -- Up-to-date: /home/nikhil/nourish_ws/install/nourish_scale/share/ament_index/resource_index/package_run_dependencies/nourish_scale
[0.305s] -- Up-to-date: /home/nikhil/nourish_ws/install/nourish_scale/share/ament_index/resource_index/parent_prefix_path/nourish_scale
[0.305s] -- Up-to-date: /home/nikhil/nourish_ws/install/nourish_scale/share/nourish_scale/environment/ament_prefix_path.sh
[0.306s] -- Up-to-date: /home/nikhil/nourish_ws/install/nourish_scale/share/nourish_scale/environment/path.sh
[0.306s] -- Up-to-date: /home/nikhil/nourish_ws/install/nourish_scale/share/nourish_scale/local_setup.bash
[0.306s] -- Up-to-date: /home/nikhil/nourish_ws/install/nourish_scale/share/nourish_scale/local_setup.sh
[0.306s] -- Up-to-date: /home/nikhil/nourish_ws/install/nourish_scale/share/nourish_scale/local_setup.zsh
[0.306s] -- Up-to-date: /home/nikhil/nourish_ws/install/nourish_scale/share/ament_index/resource_index/packages/nourish_scale
[0.306s] -- Up-to-date: /home/nikhil/nourish_ws/install/nourish_scale/share/nourish_scale/cmake/nourish_scaleConfig.cmake
[0.306s] -- Up-to-date: /home/nikhil/nourish_ws/install/nourish_scale/share/nourish_scale/cmake/nourish_scaleConfig-version.cmake
[0.306s] -- Up-to-date: /home/nikhil/nourish_ws/install/nourish_scale/share/nourish_scale/package.xml
[0.307s] Invoked command in '/home/nikhil/nourish_ws/build/nourish_scale' returned '0': AMENT_PREFIX_PATH=/home/nikhil/nourish_ws/install/nourish_dcb:/home/nikhil/nourish_ws/install/serial:/home/nikhil/nourish_ws/install/nourish_scale_msgs:${AMENT_PREFIX_PATH} CMAKE_PREFIX_PATH=/home/nikhil/nourish_ws/install/nourish_dcb:/home/nikhil/nourish_ws/install/serial:/home/nikhil/nourish_ws/install/nourish_scale_msgs:${CMAKE_PREFIX_PATH} LD_LIBRARY_PATH=/home/nikhil/nourish_ws/install/nourish_dcb/lib:/home/nikhil/nourish_ws/install/serial/lib:/home/nikhil/nourish_ws/install/nourish_scale_msgs/lib:${LD_LIBRARY_PATH} PYTHONPATH=/home/nikhil/nourish_ws/install/nourish_scale_msgs/lib/python3.6/site-packages:${PYTHONPATH} /usr/bin/cmake --build /home/nikhil/nourish_ws/build/nourish_scale --target install -- -j12 -l12
