[0.099s] [35m[1mScanning dependencies of target juice_dcb[0m
[0.123s] [ 33%] [32mBuilding CXX object CMakeFiles/juice_dcb.dir/src/juice_dcb.cpp.o[0m
[0.379s] [ 66%] [32m[1mLinking CXX executable juice_dcb[0m
[0.552s] [100%] Built target juice_dcb
[0.631s] [100%] Built target juice_dcb
[0.648s] [36mInstall the project...[0m
[0.661s] -- Install configuration: ""
[0.662s] -- Installing: /home/nikhil/nourish_ws/install/juice_dcb/lib/juice_dcb/juice_dcb
[0.665s] -- Set runtime path of "/home/nikhil/nourish_ws/install/juice_dcb/lib/juice_dcb/juice_dcb" to ""
[0.666s] -- Up-to-date: /home/nikhil/nourish_ws/install/juice_dcb/share/ament_index/resource_index/package_run_dependencies/juice_dcb
[0.667s] -- Up-to-date: /home/nikhil/nourish_ws/install/juice_dcb/share/ament_index/resource_index/parent_prefix_path/juice_dcb
[0.667s] -- Up-to-date: /home/nikhil/nourish_ws/install/juice_dcb/share/juice_dcb/environment/ament_prefix_path.sh
[0.668s] -- Up-to-date: /home/nikhil/nourish_ws/install/juice_dcb/share/juice_dcb/environment/path.sh
[0.668s] -- Up-to-date: /home/nikhil/nourish_ws/install/juice_dcb/share/juice_dcb/local_setup.bash
[0.669s] -- Up-to-date: /home/nikhil/nourish_ws/install/juice_dcb/share/juice_dcb/local_setup.sh
[0.669s] -- Up-to-date: /home/nikhil/nourish_ws/install/juice_dcb/share/juice_dcb/local_setup.zsh
[0.669s] -- Up-to-date: /home/nikhil/nourish_ws/install/juice_dcb/share/ament_index/resource_index/packages/juice_dcb
[0.669s] -- Up-to-date: /home/nikhil/nourish_ws/install/juice_dcb/share/juice_dcb/cmake/juice_dcbConfig.cmake
[0.670s] -- Up-to-date: /home/nikhil/nourish_ws/install/juice_dcb/share/juice_dcb/cmake/juice_dcbConfig-version.cmake
[0.670s] -- Up-to-date: /home/nikhil/nourish_ws/install/juice_dcb/share/juice_dcb/package.xml
