[0.202s] [ 22%] Built target gtest
[0.222s] [ 44%] Built target gtest_main
[0.230s] [ 77%] Built target image_geometry
[0.335s] [100%] Built target image_geometry-utest
[0.562s] [ 22%] Built target gtest_main
[0.575s] [ 55%] Built target image_geometry
[0.586s] [ 77%] Built target gtest
[0.644s] [100%] Built target image_geometry-utest
[0.680s] [36mInstall the project...[0m
[0.702s] -- Install configuration: ""
[0.702s] -- Up-to-date: /home/nikhil/nourish_ws/install/image_geometry/share/image_geometry/environment/pythonpath.sh
[0.703s] -- Up-to-date: /home/nikhil/nourish_ws/install/image_geometry/lib/python3.6/site-packages/image_geometry
[0.703s] -- Up-to-date: /home/nikhil/nourish_ws/install/image_geometry/lib/python3.6/site-packages/image_geometry/cameramodels.py
[0.703s] -- Up-to-date: /home/nikhil/nourish_ws/install/image_geometry/lib/python3.6/site-packages/image_geometry/__init__.py
[0.738s] Listing '/home/nikhil/nourish_ws/install/image_geometry/lib/python3.6/site-packages/image_geometry'...
[0.743s] -- Up-to-date: /home/nikhil/nourish_ws/install/image_geometry/include/image_geometry
[0.743s] -- Up-to-date: /home/nikhil/nourish_ws/install/image_geometry/include/image_geometry/visibility_control.hpp
[0.745s] -- Up-to-date: /home/nikhil/nourish_ws/install/image_geometry/include/image_geometry/stereo_camera_model.h
[0.745s] -- Up-to-date: /home/nikhil/nourish_ws/install/image_geometry/include/image_geometry/pinhole_camera_model.h
[0.745s] -- Up-to-date: /home/nikhil/nourish_ws/install/image_geometry/lib/libimage_geometry.so
[0.745s] -- Up-to-date: /home/nikhil/nourish_ws/install/image_geometry/share/image_geometry/environment/library_path.sh
[0.746s] -- Up-to-date: /home/nikhil/nourish_ws/install/image_geometry/share/ament_index/resource_index/package_run_dependencies/image_geometry
[0.746s] -- Up-to-date: /home/nikhil/nourish_ws/install/image_geometry/share/ament_index/resource_index/parent_prefix_path/image_geometry
[0.746s] -- Up-to-date: /home/nikhil/nourish_ws/install/image_geometry/share/image_geometry/environment/ament_prefix_path.sh
[0.746s] -- Up-to-date: /home/nikhil/nourish_ws/install/image_geometry/share/image_geometry/environment/path.sh
[0.746s] -- Up-to-date: /home/nikhil/nourish_ws/install/image_geometry/share/image_geometry/local_setup.bash
[0.746s] -- Up-to-date: /home/nikhil/nourish_ws/install/image_geometry/share/image_geometry/local_setup.sh
[0.746s] -- Up-to-date: /home/nikhil/nourish_ws/install/image_geometry/share/image_geometry/local_setup.zsh
[0.747s] -- Up-to-date: /home/nikhil/nourish_ws/install/image_geometry/share/ament_index/resource_index/packages/image_geometry
[0.747s] -- Up-to-date: /home/nikhil/nourish_ws/install/image_geometry/share/image_geometry/cmake/ament_cmake_export_libraries-extras.cmake
[0.747s] -- Up-to-date: /home/nikhil/nourish_ws/install/image_geometry/share/image_geometry/cmake/ament_cmake_export_dependencies-extras.cmake
[0.747s] -- Up-to-date: /home/nikhil/nourish_ws/install/image_geometry/share/image_geometry/cmake/ament_cmake_export_include_directories-extras.cmake
[0.747s] -- Up-to-date: /home/nikhil/nourish_ws/install/image_geometry/share/image_geometry/cmake/image_geometryConfig.cmake
[0.747s] -- Up-to-date: /home/nikhil/nourish_ws/install/image_geometry/share/image_geometry/cmake/image_geometryConfig-version.cmake
[0.748s] -- Up-to-date: /home/nikhil/nourish_ws/install/image_geometry/share/image_geometry/package.xml
