[0.023s] Invoking command in '/home/nikhil/nourish_ws/build/gazebo_plugins': AMENT_PREFIX_PATH=/home/nikhil/nourish_ws/install/gazebo_ros:/home/nikhil/nourish_ws/install/camera_info_manager:/home/nikhil/nourish_ws/install/image_transport:/home/nikhil/nourish_ws/install/gazebo_msgs:/home/nikhil/nourish_ws/install/gazebo_dev:/home/nikhil/nourish_ws/install/cv_bridge:/home/nikhil/nourish_ws/install/camera_calibration_parsers:${AMENT_PREFIX_PATH} CMAKE_PREFIX_PATH=/home/nikhil/nourish_ws/install/gazebo_ros:/home/nikhil/nourish_ws/install/camera_info_manager:/home/nikhil/nourish_ws/install/image_transport:/home/nikhil/nourish_ws/install/gazebo_msgs:/home/nikhil/nourish_ws/install/gazebo_dev:/home/nikhil/nourish_ws/install/cv_bridge:/home/nikhil/nourish_ws/install/camera_calibration_parsers:${CMAKE_PREFIX_PATH} LD_LIBRARY_PATH=/home/nikhil/nourish_ws/install/gazebo_ros/lib:/home/nikhil/nourish_ws/install/camera_info_manager/lib:/home/nikhil/nourish_ws/install/image_transport/lib:/home/nikhil/nourish_ws/install/gazebo_msgs/lib:/home/nikhil/nourish_ws/install/cv_bridge/lib:/home/nikhil/nourish_ws/install/camera_calibration_parsers/lib:${LD_LIBRARY_PATH} PYTHONPATH=/home/nikhil/nourish_ws/install/gazebo_ros/lib/python3.6/site-packages:/home/nikhil/nourish_ws/install/gazebo_msgs/lib/python3.6/site-packages:/home/nikhil/nourish_ws/install/cv_bridge/lib/python3.6/site-packages:${PYTHONPATH} /usr/bin/cmake --build /home/nikhil/nourish_ws/build/gazebo_plugins -- -j12 -l12
[0.113s] [  2%] Built target multi_camera_plugin
[0.121s] [  4%] Built target gazebo_ros_template
[0.121s] [  6%] Built target gazebo_ros_vacuum_gripper
[0.122s] [  9%] Built target gazebo_ros_force
[0.122s] [ 11%] Built target gazebo_ros_projector
[0.123s] [ 13%] Built target gazebo_ros_joint_pose_trajectory
[0.125s] [ 16%] Built target gazebo_ros_bumper
[0.126s] [ 20%] Built target gazebo_ros_hand_of_god
[0.127s] [ 20%] Built target gazebo_ros_planar_move
[0.127s] [ 23%] Built target gazebo_ros_ackermann_drive
[0.130s] [ 25%] Built target gazebo_ros_joint_state_publisher
[0.133s] [ 27%] Built target gazebo_ros_diff_drive
[0.171s] [ 30%] Built target gtest
[0.184s] [ 32%] Built target gazebo_ros_elevator
[0.187s] [ 34%] Built target gazebo_ros_ray_sensor
[0.193s] [ 37%] Built target gazebo_ros_video
[0.193s] [ 39%] Built target gazebo_ros_depth_camera
[0.194s] [ 41%] Built target gazebo_ros_gps_sensor
[0.196s] [ 46%] Built target gazebo_ros_harness
[0.196s] [ 46%] Built target gazebo_ros_imu_sensor
[0.197s] [ 48%] Built target gazebo_ros_multi_camera
[0.200s] [ 51%] Built target gazebo_ros_ft_sensor
[0.203s] [ 53%] Built target gazebo_ros_p3d
[0.205s] [ 55%] Built target gazebo_ros_tricycle_drive
[0.207s] [ 58%] Built target gtest_main
[0.265s] [ 60%] Built target gazebo_ros_camera
[0.282s] [ 62%] Built target test_gazebo_ros_elevator
[0.284s] [ 65%] Built target test_gazebo_ros_vacuum_gripper
[0.286s] [ 72%] Built target test_gazebo_ros_force
[0.286s] [ 72%] Built target test_gazebo_ros_harness
[0.287s] [ 72%] Built target test_gazebo_ros_diff_drive
[0.287s] [ 74%] Built target test_gazebo_ros_ft_sensor
[0.287s] [ 76%] Built target test_gazebo_ros_ackermann_drive
[0.287s] [ 79%] Built target test_gazebo_ros_joint_pose_trajectory
[0.288s] [ 81%] Built target test_gazebo_ros_gps_sensor
[0.289s] [ 83%] Built target test_gazebo_ros_hand_of_god
[0.290s] [ 86%] Built target test_gazebo_ros_imu_sensor
[0.336s] [ 88%] Built target test_gazebo_ros_joint_state_publisher
[0.339s] [ 90%] Built target test_gazebo_ros_p3d
[0.339s] [ 93%] Built target test_gazebo_ros_planar_move
[0.347s] [ 95%] Built target test_gazebo_ros_tricycle_drive
[0.348s] [ 97%] Built target test_gazebo_ros_ray_sensor
[0.351s] [100%] Built target test_gazebo_ros_bumper
[0.362s] Invoked command in '/home/nikhil/nourish_ws/build/gazebo_plugins' returned '0': AMENT_PREFIX_PATH=/home/nikhil/nourish_ws/install/gazebo_ros:/home/nikhil/nourish_ws/install/camera_info_manager:/home/nikhil/nourish_ws/install/image_transport:/home/nikhil/nourish_ws/install/gazebo_msgs:/home/nikhil/nourish_ws/install/gazebo_dev:/home/nikhil/nourish_ws/install/cv_bridge:/home/nikhil/nourish_ws/install/camera_calibration_parsers:${AMENT_PREFIX_PATH} CMAKE_PREFIX_PATH=/home/nikhil/nourish_ws/install/gazebo_ros:/home/nikhil/nourish_ws/install/camera_info_manager:/home/nikhil/nourish_ws/install/image_transport:/home/nikhil/nourish_ws/install/gazebo_msgs:/home/nikhil/nourish_ws/install/gazebo_dev:/home/nikhil/nourish_ws/install/cv_bridge:/home/nikhil/nourish_ws/install/camera_calibration_parsers:${CMAKE_PREFIX_PATH} LD_LIBRARY_PATH=/home/nikhil/nourish_ws/install/gazebo_ros/lib:/home/nikhil/nourish_ws/install/camera_info_manager/lib:/home/nikhil/nourish_ws/install/image_transport/lib:/home/nikhil/nourish_ws/install/gazebo_msgs/lib:/home/nikhil/nourish_ws/install/cv_bridge/lib:/home/nikhil/nourish_ws/install/camera_calibration_parsers/lib:${LD_LIBRARY_PATH} PYTHONPATH=/home/nikhil/nourish_ws/install/gazebo_ros/lib/python3.6/site-packages:/home/nikhil/nourish_ws/install/gazebo_msgs/lib/python3.6/site-packages:/home/nikhil/nourish_ws/install/cv_bridge/lib/python3.6/site-packages:${PYTHONPATH} /usr/bin/cmake --build /home/nikhil/nourish_ws/build/gazebo_plugins -- -j12 -l12
[0.506s] Invoking command in '/home/nikhil/nourish_ws/build/gazebo_plugins': AMENT_PREFIX_PATH=/home/nikhil/nourish_ws/install/gazebo_ros:/home/nikhil/nourish_ws/install/camera_info_manager:/home/nikhil/nourish_ws/install/image_transport:/home/nikhil/nourish_ws/install/gazebo_msgs:/home/nikhil/nourish_ws/install/gazebo_dev:/home/nikhil/nourish_ws/install/cv_bridge:/home/nikhil/nourish_ws/install/camera_calibration_parsers:${AMENT_PREFIX_PATH} CMAKE_PREFIX_PATH=/home/nikhil/nourish_ws/install/gazebo_ros:/home/nikhil/nourish_ws/install/camera_info_manager:/home/nikhil/nourish_ws/install/image_transport:/home/nikhil/nourish_ws/install/gazebo_msgs:/home/nikhil/nourish_ws/install/gazebo_dev:/home/nikhil/nourish_ws/install/cv_bridge:/home/nikhil/nourish_ws/install/camera_calibration_parsers:${CMAKE_PREFIX_PATH} LD_LIBRARY_PATH=/home/nikhil/nourish_ws/install/gazebo_ros/lib:/home/nikhil/nourish_ws/install/camera_info_manager/lib:/home/nikhil/nourish_ws/install/image_transport/lib:/home/nikhil/nourish_ws/install/gazebo_msgs/lib:/home/nikhil/nourish_ws/install/cv_bridge/lib:/home/nikhil/nourish_ws/install/camera_calibration_parsers/lib:${LD_LIBRARY_PATH} PYTHONPATH=/home/nikhil/nourish_ws/install/gazebo_ros/lib/python3.6/site-packages:/home/nikhil/nourish_ws/install/gazebo_msgs/lib/python3.6/site-packages:/home/nikhil/nourish_ws/install/cv_bridge/lib/python3.6/site-packages:${PYTHONPATH} /usr/bin/cmake --build /home/nikhil/nourish_ws/build/gazebo_plugins --target install -- -j12 -l12
[0.642s] [  2%] Built target multi_camera_plugin
[0.650s] [  9%] Built target gazebo_ros_joint_state_publisher
[0.650s] [  9%] Built target gazebo_ros_template
[0.650s] [  9%] Built target gazebo_ros_vacuum_gripper
[0.650s] [ 11%] Built target gazebo_ros_force
[0.651s] [ 13%] Built target gazebo_ros_projector
[0.652s] [ 16%] Built target gazebo_ros_joint_pose_trajectory
[0.655s] [ 18%] Built target gazebo_ros_hand_of_god
[0.656s] [ 20%] Built target gazebo_ros_bumper
[0.656s] [ 23%] Built target gazebo_ros_planar_move
[0.657s] [ 25%] Built target gazebo_ros_ackermann_drive
[0.664s] [ 27%] Built target gazebo_ros_diff_drive
[0.701s] [ 30%] Built target gtest
[0.708s] [ 32%] Built target gazebo_ros_elevator
[0.712s] [ 34%] Built target gazebo_ros_ray_sensor
[0.716s] [ 39%] Built target gazebo_ros_depth_camera
[0.716s] [ 39%] Built target gazebo_ros_imu_sensor
[0.717s] [ 41%] Built target gazebo_ros_gps_sensor
[0.719s] [ 46%] Built target gazebo_ros_video
[0.719s] [ 46%] Built target gazebo_ros_multi_camera
[0.720s] [ 48%] Built target gazebo_ros_ft_sensor
[0.720s] [ 51%] Built target gazebo_ros_harness
[0.724s] [ 53%] Built target gazebo_ros_p3d
[0.725s] [ 55%] Built target gazebo_ros_tricycle_drive
[0.730s] [ 58%] Built target gtest_main
[0.781s] [ 60%] Built target gazebo_ros_camera
[0.806s] [ 62%] Built target test_gazebo_ros_vacuum_gripper
[0.806s] [ 65%] Built target test_gazebo_ros_force
[0.808s] [ 67%] Built target test_gazebo_ros_elevator
[0.808s] [ 69%] Built target test_gazebo_ros_harness
[0.809s] [ 74%] Built target test_gazebo_ros_hand_of_god
[0.809s] [ 74%] Built target test_gazebo_ros_ackermann_drive
[0.809s] [ 76%] Built target test_gazebo_ros_ft_sensor
[0.809s] [ 81%] Built target test_gazebo_ros_diff_drive
[0.810s] [ 81%] Built target test_gazebo_ros_joint_pose_trajectory
[0.810s] [ 83%] Built target test_gazebo_ros_gps_sensor
[0.813s] [ 86%] Built target test_gazebo_ros_imu_sensor
[0.849s] [ 88%] Built target test_gazebo_ros_planar_move
[0.858s] [ 90%] Built target test_gazebo_ros_joint_state_publisher
[0.859s] [ 93%] Built target test_gazebo_ros_bumper
[0.862s] [ 95%] Built target test_gazebo_ros_p3d
[0.864s] [ 97%] Built target test_gazebo_ros_tricycle_drive
[0.867s] [100%] Built target test_gazebo_ros_ray_sensor
[0.886s] [36mInstall the project...[0m
[0.895s] -- Install configuration: ""
[0.895s] -- Up-to-date: /home/nikhil/nourish_ws/install/gazebo_plugins/share/gazebo_plugins/environment/library_path.sh
[0.895s] -- Up-to-date: /home/nikhil/nourish_ws/install/gazebo_plugins/share/gazebo_plugins/environment/gazebo_plugins.sh
[0.895s] -- Up-to-date: /home/nikhil/nourish_ws/install/gazebo_plugins/share/ament_index/resource_index/package_run_dependencies/gazebo_plugins
[0.895s] -- Up-to-date: /home/nikhil/nourish_ws/install/gazebo_plugins/share/ament_index/resource_index/parent_prefix_path/gazebo_plugins
[0.895s] -- Up-to-date: /home/nikhil/nourish_ws/install/gazebo_plugins/share/gazebo_plugins/environment/ament_prefix_path.sh
[0.896s] -- Up-to-date: /home/nikhil/nourish_ws/install/gazebo_plugins/share/gazebo_plugins/environment/path.sh
[0.896s] -- Up-to-date: /home/nikhil/nourish_ws/install/gazebo_plugins/share/gazebo_plugins/local_setup.bash
[0.896s] -- Up-to-date: /home/nikhil/nourish_ws/install/gazebo_plugins/share/gazebo_plugins/local_setup.sh
[0.896s] -- Up-to-date: /home/nikhil/nourish_ws/install/gazebo_plugins/share/gazebo_plugins/local_setup.zsh
[0.896s] -- Up-to-date: /home/nikhil/nourish_ws/install/gazebo_plugins/share/ament_index/resource_index/packages/gazebo_plugins
[0.896s] -- Up-to-date: /home/nikhil/nourish_ws/install/gazebo_plugins/share/gazebo_plugins/cmake/ament_cmake_export_libraries-extras.cmake
[0.896s] -- Up-to-date: /home/nikhil/nourish_ws/install/gazebo_plugins/share/gazebo_plugins/cmake/ament_cmake_export_include_directories-extras.cmake
[0.896s] -- Up-to-date: /home/nikhil/nourish_ws/install/gazebo_plugins/share/gazebo_plugins/cmake/ament_cmake_export_dependencies-extras.cmake
[0.896s] -- Up-to-date: /home/nikhil/nourish_ws/install/gazebo_plugins/share/gazebo_plugins/cmake/gazebo_pluginsConfig.cmake
[0.896s] -- Up-to-date: /home/nikhil/nourish_ws/install/gazebo_plugins/share/gazebo_plugins/cmake/gazebo_pluginsConfig-version.cmake
[0.896s] -- Up-to-date: /home/nikhil/nourish_ws/install/gazebo_plugins/share/gazebo_plugins/package.xml
[0.896s] -- Up-to-date: /home/nikhil/nourish_ws/install/gazebo_plugins/include
[0.896s] -- Up-to-date: /home/nikhil/nourish_ws/install/gazebo_plugins/include/gazebo_plugins
[0.896s] -- Up-to-date: /home/nikhil/nourish_ws/install/gazebo_plugins/include/gazebo_plugins/gazebo_ros_vacuum_gripper.hpp
[0.896s] -- Up-to-date: /home/nikhil/nourish_ws/install/gazebo_plugins/include/gazebo_plugins/gazebo_ros_bumper.hpp
[0.896s] -- Up-to-date: /home/nikhil/nourish_ws/install/gazebo_plugins/include/gazebo_plugins/gazebo_ros_ray_sensor.hpp
[0.897s] -- Up-to-date: /home/nikhil/nourish_ws/install/gazebo_plugins/include/gazebo_plugins/gazebo_ros_p3d.hpp
[0.897s] -- Up-to-date: /home/nikhil/nourish_ws/install/gazebo_plugins/include/gazebo_plugins/gazebo_ros_gps_sensor.hpp
[0.897s] -- Up-to-date: /home/nikhil/nourish_ws/install/gazebo_plugins/include/gazebo_plugins/gazebo_ros_joint_pose_trajectory.hpp
[0.897s] -- Up-to-date: /home/nikhil/nourish_ws/install/gazebo_plugins/include/gazebo_plugins/gazebo_ros_ft_sensor.hpp
[0.897s] -- Up-to-date: /home/nikhil/nourish_ws/install/gazebo_plugins/include/gazebo_plugins/gazebo_ros_template.hpp
[0.897s] -- Up-to-date: /home/nikhil/nourish_ws/install/gazebo_plugins/include/gazebo_plugins/gazebo_ros_tricycle_drive.hpp
[0.897s] -- Up-to-date: /home/nikhil/nourish_ws/install/gazebo_plugins/include/gazebo_plugins/gazebo_ros_force.hpp
[0.897s] -- Up-to-date: /home/nikhil/nourish_ws/install/gazebo_plugins/include/gazebo_plugins/gazebo_ros_camera.hpp
[0.897s] -- Up-to-date: /home/nikhil/nourish_ws/install/gazebo_plugins/include/gazebo_plugins/gazebo_ros_imu_sensor.hpp
[0.897s] -- Up-to-date: /home/nikhil/nourish_ws/install/gazebo_plugins/include/gazebo_plugins/gazebo_ros_projector.hpp
[0.897s] -- Up-to-date: /home/nikhil/nourish_ws/install/gazebo_plugins/include/gazebo_plugins/gazebo_ros_planar_move.hpp
[0.897s] -- Up-to-date: /home/nikhil/nourish_ws/install/gazebo_plugins/include/gazebo_plugins/gazebo_ros_ackermann_drive.hpp
[0.897s] -- Up-to-date: /home/nikhil/nourish_ws/install/gazebo_plugins/include/gazebo_plugins/gazebo_ros_joint_state_publisher.hpp
[0.897s] -- Up-to-date: /home/nikhil/nourish_ws/install/gazebo_plugins/include/gazebo_plugins/gazebo_ros_video.hpp
[0.897s] -- Up-to-date: /home/nikhil/nourish_ws/install/gazebo_plugins/include/gazebo_plugins/gazebo_ros_elevator.hpp
[0.897s] -- Up-to-date: /home/nikhil/nourish_ws/install/gazebo_plugins/include/gazebo_plugins/gazebo_ros_diff_drive.hpp
[0.897s] -- Up-to-date: /home/nikhil/nourish_ws/install/gazebo_plugins/include/gazebo_plugins/gazebo_ros_harness.hpp
[0.898s] -- Up-to-date: /home/nikhil/nourish_ws/install/gazebo_plugins/include/gazebo_plugins/gazebo_ros_hand_of_god.hpp
[0.898s] -- Up-to-date: /home/nikhil/nourish_ws/install/gazebo_plugins/include/gazebo_plugins/multi_camera_plugin.hpp
[0.898s] -- Up-to-date: /home/nikhil/nourish_ws/install/gazebo_plugins/lib/libgazebo_ros_ackermann_drive.so
[0.898s] -- Up-to-date: /home/nikhil/nourish_ws/install/gazebo_plugins/lib/libgazebo_ros_bumper.so
[0.898s] -- Up-to-date: /home/nikhil/nourish_ws/install/gazebo_plugins/lib/libgazebo_ros_camera.so
[0.898s] -- Up-to-date: /home/nikhil/nourish_ws/install/gazebo_plugins/lib/libgazebo_ros_depth_camera.so
[0.898s] -- Up-to-date: /home/nikhil/nourish_ws/install/gazebo_plugins/lib/libgazebo_ros_diff_drive.so
[0.898s] -- Up-to-date: /home/nikhil/nourish_ws/install/gazebo_plugins/lib/libgazebo_ros_elevator.so
[0.898s] -- Up-to-date: /home/nikhil/nourish_ws/install/gazebo_plugins/lib/libgazebo_ros_force.so
[0.898s] -- Up-to-date: /home/nikhil/nourish_ws/install/gazebo_plugins/lib/libgazebo_ros_ft_sensor.so
[0.899s] -- Up-to-date: /home/nikhil/nourish_ws/install/gazebo_plugins/lib/libgazebo_ros_hand_of_god.so
[0.899s] -- Up-to-date: /home/nikhil/nourish_ws/install/gazebo_plugins/lib/libgazebo_ros_harness.so
[0.899s] -- Up-to-date: /home/nikhil/nourish_ws/install/gazebo_plugins/lib/libgazebo_ros_imu_sensor.so
[0.900s] -- Up-to-date: /home/nikhil/nourish_ws/install/gazebo_plugins/lib/libgazebo_ros_gps_sensor.so
[0.900s] -- Up-to-date: /home/nikhil/nourish_ws/install/gazebo_plugins/lib/libgazebo_ros_joint_pose_trajectory.so
[0.900s] -- Up-to-date: /home/nikhil/nourish_ws/install/gazebo_plugins/lib/libgazebo_ros_joint_state_publisher.so
[0.901s] -- Up-to-date: /home/nikhil/nourish_ws/install/gazebo_plugins/lib/libgazebo_ros_multi_camera.so
[0.901s] -- Up-to-date: /home/nikhil/nourish_ws/install/gazebo_plugins/lib/libgazebo_ros_planar_move.so
[0.902s] -- Up-to-date: /home/nikhil/nourish_ws/install/gazebo_plugins/lib/libgazebo_ros_projector.so
[0.902s] -- Up-to-date: /home/nikhil/nourish_ws/install/gazebo_plugins/lib/libgazebo_ros_ray_sensor.so
[0.902s] -- Up-to-date: /home/nikhil/nourish_ws/install/gazebo_plugins/lib/libgazebo_ros_p3d.so
[0.903s] -- Up-to-date: /home/nikhil/nourish_ws/install/gazebo_plugins/lib/libgazebo_ros_template.so
[0.903s] -- Up-to-date: /home/nikhil/nourish_ws/install/gazebo_plugins/lib/libgazebo_ros_tricycle_drive.so
[0.904s] -- Up-to-date: /home/nikhil/nourish_ws/install/gazebo_plugins/lib/libgazebo_ros_vacuum_gripper.so
[0.904s] -- Up-to-date: /home/nikhil/nourish_ws/install/gazebo_plugins/lib/libgazebo_ros_video.so
[0.904s] -- Up-to-date: /home/nikhil/nourish_ws/install/gazebo_plugins/lib/libmulti_camera_plugin.so
[0.904s] -- Up-to-date: /home/nikhil/nourish_ws/install/gazebo_plugins/share/gazebo_plugins//worlds
[0.905s] -- Up-to-date: /home/nikhil/nourish_ws/install/gazebo_plugins/share/gazebo_plugins//worlds/gazebo_ros_planar_move_demo.world
[0.905s] -- Up-to-date: /home/nikhil/nourish_ws/install/gazebo_plugins/share/gazebo_plugins//worlds/gazebo_ros_harness_demo.world
[0.905s] -- Up-to-date: /home/nikhil/nourish_ws/install/gazebo_plugins/share/gazebo_plugins//worlds/gazebo_ros_elevator_demo.world
[0.905s] -- Up-to-date: /home/nikhil/nourish_ws/install/gazebo_plugins/share/gazebo_plugins//worlds/gazebo_ros_template_demo.world
[0.905s] -- Up-to-date: /home/nikhil/nourish_ws/install/gazebo_plugins/share/gazebo_plugins//worlds/gazebo_ros_camera_demo.world
[0.905s] -- Up-to-date: /home/nikhil/nourish_ws/install/gazebo_plugins/share/gazebo_plugins//worlds/gazebo_ros_skid_steer_drive_demo.world
[0.905s] -- Up-to-date: /home/nikhil/nourish_ws/install/gazebo_plugins/share/gazebo_plugins//worlds/gazebo_ros_video_demo.world
[0.905s] -- Up-to-date: /home/nikhil/nourish_ws/install/gazebo_plugins/share/gazebo_plugins//worlds/gazebo_ros_camera_distortion_pincushion_demo.world
[0.905s] -- Up-to-date: /home/nikhil/nourish_ws/install/gazebo_plugins/share/gazebo_plugins//worlds/gazebo_ros_ray_sensor_demo.world
[0.905s] -- Up-to-date: /home/nikhil/nourish_ws/install/gazebo_plugins/share/gazebo_plugins//worlds/gazebo_ros_camera_distortion_barrel_demo.world
[0.905s] -- Up-to-date: /home/nikhil/nourish_ws/install/gazebo_plugins/share/gazebo_plugins//worlds/gazebo_ros_diff_drive_demo.world
[0.905s] -- Up-to-date: /home/nikhil/nourish_ws/install/gazebo_plugins/share/gazebo_plugins//worlds/gazebo_ros_ft_sensor_demo.world
[0.905s] -- Up-to-date: /home/nikhil/nourish_ws/install/gazebo_plugins/share/gazebo_plugins//worlds/gazebo_ros_bumper_demo.world
[0.905s] -- Up-to-date: /home/nikhil/nourish_ws/install/gazebo_plugins/share/gazebo_plugins//worlds/gazebo_ros_joint_state_publisher_demo.world
[0.905s] -- Up-to-date: /home/nikhil/nourish_ws/install/gazebo_plugins/share/gazebo_plugins//worlds/gazebo_ros_depth_camera_demo.world
[0.905s] -- Up-to-date: /home/nikhil/nourish_ws/install/gazebo_plugins/share/gazebo_plugins//worlds/gazebo_ros_gps_sensor_demo.world
[0.906s] -- Up-to-date: /home/nikhil/nourish_ws/install/gazebo_plugins/share/gazebo_plugins//worlds/gazebo_ros_force_demo.world
[0.906s] -- Up-to-date: /home/nikhil/nourish_ws/install/gazebo_plugins/share/gazebo_plugins//worlds/gazebo_ros_multi_camera_demo.world
[0.906s] -- Up-to-date: /home/nikhil/nourish_ws/install/gazebo_plugins/share/gazebo_plugins//worlds/gazebo_ros_vacuum_gripper_demo.world
[0.906s] -- Up-to-date: /home/nikhil/nourish_ws/install/gazebo_plugins/share/gazebo_plugins//worlds/gazebo_ros_ackermann_drive_demo.world
[0.906s] -- Up-to-date: /home/nikhil/nourish_ws/install/gazebo_plugins/share/gazebo_plugins//worlds/gazebo_ros_p3d_demo.world
[0.906s] -- Up-to-date: /home/nikhil/nourish_ws/install/gazebo_plugins/share/gazebo_plugins//worlds/gazebo_ros_tricycle_drive_demo.world
[0.906s] -- Up-to-date: /home/nikhil/nourish_ws/install/gazebo_plugins/share/gazebo_plugins//worlds/gazebo_ros_camera_triggered_demo.world
[0.906s] -- Up-to-date: /home/nikhil/nourish_ws/install/gazebo_plugins/share/gazebo_plugins//worlds/gazebo_ros_projector_demo.world
[0.906s] -- Up-to-date: /home/nikhil/nourish_ws/install/gazebo_plugins/share/gazebo_plugins//worlds/gazebo_ros_hand_of_god_demo.world
[0.906s] -- Up-to-date: /home/nikhil/nourish_ws/install/gazebo_plugins/share/gazebo_plugins//worlds/gazebo_ros_joint_pose_trajectory_demo.world
[0.908s] Invoked command in '/home/nikhil/nourish_ws/build/gazebo_plugins' returned '0': AMENT_PREFIX_PATH=/home/nikhil/nourish_ws/install/gazebo_ros:/home/nikhil/nourish_ws/install/camera_info_manager:/home/nikhil/nourish_ws/install/image_transport:/home/nikhil/nourish_ws/install/gazebo_msgs:/home/nikhil/nourish_ws/install/gazebo_dev:/home/nikhil/nourish_ws/install/cv_bridge:/home/nikhil/nourish_ws/install/camera_calibration_parsers:${AMENT_PREFIX_PATH} CMAKE_PREFIX_PATH=/home/nikhil/nourish_ws/install/gazebo_ros:/home/nikhil/nourish_ws/install/camera_info_manager:/home/nikhil/nourish_ws/install/image_transport:/home/nikhil/nourish_ws/install/gazebo_msgs:/home/nikhil/nourish_ws/install/gazebo_dev:/home/nikhil/nourish_ws/install/cv_bridge:/home/nikhil/nourish_ws/install/camera_calibration_parsers:${CMAKE_PREFIX_PATH} LD_LIBRARY_PATH=/home/nikhil/nourish_ws/install/gazebo_ros/lib:/home/nikhil/nourish_ws/install/camera_info_manager/lib:/home/nikhil/nourish_ws/install/image_transport/lib:/home/nikhil/nourish_ws/install/gazebo_msgs/lib:/home/nikhil/nourish_ws/install/cv_bridge/lib:/home/nikhil/nourish_ws/install/camera_calibration_parsers/lib:${LD_LIBRARY_PATH} PYTHONPATH=/home/nikhil/nourish_ws/install/gazebo_ros/lib/python3.6/site-packages:/home/nikhil/nourish_ws/install/gazebo_msgs/lib/python3.6/site-packages:/home/nikhil/nourish_ws/install/cv_bridge/lib/python3.6/site-packages:${PYTHONPATH} /usr/bin/cmake --build /home/nikhil/nourish_ws/build/gazebo_plugins --target install -- -j12 -l12
