[0.066s] -- The C compiler identification is GNU 7.5.0
[0.126s] -- The CXX compiler identification is GNU 7.5.0
[0.129s] -- Check for working C compiler: /usr/bin/cc
[0.220s] -- Check for working C compiler: /usr/bin/cc -- works
[0.220s] -- Detecting C compiler ABI info
[0.321s] -- Detecting C compiler ABI info - done
[0.325s] -- Detecting C compile features
[0.594s] -- Detecting C compile features - done
[0.596s] -- Check for working CXX compiler: /usr/bin/c++
[0.723s] -- Check for working CXX compiler: /usr/bin/c++ -- works
[0.724s] -- Detecting CXX compiler ABI info
[0.862s] -- Detecting CXX compiler ABI info - done
[0.871s] -- Detecting CXX compile features
[2.499s] -- Detecting CXX compile features - done
[2.501s] -- Found ament_cmake: 0.7.4 (/home/nikhil/ros2_dashing/ros2-linux/share/ament_cmake/cmake)
[2.543s] -- Found PythonInterp: /usr/bin/python3 (found suitable version "3.6.9", minimum required is "3") 
[2.543s] -- Using PYTHON_EXECUTABLE: /usr/bin/python3
[2.941s] -- Found serial: 1.2.1 (/home/nikhil/nourish_ws/install/serial/share/serial/cmake)
[2.949s] -- Found ament_lint_auto: 0.7.11 (/home/nikhil/ros2_dashing/ros2-linux/share/ament_lint_auto/cmake)
[3.252s] -- Added test 'copyright' to check for copyright in CMake / C / C++ / Python code
[3.280s] -- Added test 'cppcheck' to perform static code analysis on C / C++ code
[3.281s] -- Configured cppcheck include dirs: /home/nikhil/nourish_ws/src/ros2-nourish-dcb/include
[3.285s] -- Added test 'cpplint' to check C / C++ code against the Google style
[3.304s] -- Added test 'lint_cmake' to check CMake code style
[3.308s] -- Added test 'uncrustify' to check C / C++ code style
[3.310s] -- Added test 'xmllint' to check XML markup files
[3.319s] -- Configuring done
[3.337s] -- Generating done
[3.338s] -- Build files have been written to: /home/nikhil/nourish_ws/build/nourish_dcb
[3.564s] [35m[1mScanning dependencies of target nourish_dcb[0m
[3.651s] [ 50%] [32mBuilding CXX object CMakeFiles/nourish_dcb.dir/src/coms.cpp.o[0m
[4.148s] [100%] [32m[1mLinking CXX static library libnourish_dcb.a[0m
[4.298s] [100%] Built target nourish_dcb
[4.565s] [100%] Built target nourish_dcb
[4.653s] [36mInstall the project...[0m
[4.691s] -- Install configuration: ""
[4.692s] -- Installing: /home/nikhil/nourish_ws/install/nourish_dcb/share/nourish_dcb/environment/library_path.sh
[4.693s] -- Installing: /home/nikhil/nourish_ws/install/nourish_dcb/include
[4.693s] -- Installing: /home/nikhil/nourish_ws/install/nourish_dcb/include/nourish_dcb
[4.693s] -- Installing: /home/nikhil/nourish_ws/install/nourish_dcb/include/nourish_dcb/coms.hpp
[4.693s] -- Installing: /home/nikhil/nourish_ws/install/nourish_dcb/lib/libnourish_dcb.a
[4.694s] -- Installing: /home/nikhil/nourish_ws/install/nourish_dcb/share/ament_index/resource_index/package_run_dependencies/nourish_dcb
[4.694s] -- Installing: /home/nikhil/nourish_ws/install/nourish_dcb/share/ament_index/resource_index/parent_prefix_path/nourish_dcb
[4.698s] -- Installing: /home/nikhil/nourish_ws/install/nourish_dcb/share/nourish_dcb/environment/ament_prefix_path.sh
[4.698s] -- Installing: /home/nikhil/nourish_ws/install/nourish_dcb/share/nourish_dcb/environment/path.sh
[4.698s] -- Installing: /home/nikhil/nourish_ws/install/nourish_dcb/share/nourish_dcb/local_setup.bash
[4.698s] -- Installing: /home/nikhil/nourish_ws/install/nourish_dcb/share/nourish_dcb/local_setup.sh
[4.699s] -- Installing: /home/nikhil/nourish_ws/install/nourish_dcb/share/nourish_dcb/local_setup.zsh
[4.699s] -- Installing: /home/nikhil/nourish_ws/install/nourish_dcb/share/ament_index/resource_index/packages/nourish_dcb
[4.699s] -- Installing: /home/nikhil/nourish_ws/install/nourish_dcb/share/nourish_dcb/cmake/ament_cmake_export_include_directories-extras.cmake
[4.699s] -- Installing: /home/nikhil/nourish_ws/install/nourish_dcb/share/nourish_dcb/cmake/ament_cmake_export_libraries-extras.cmake
[4.699s] -- Installing: /home/nikhil/nourish_ws/install/nourish_dcb/share/nourish_dcb/cmake/ament_cmake_export_dependencies-extras.cmake
[4.699s] -- Installing: /home/nikhil/nourish_ws/install/nourish_dcb/share/nourish_dcb/cmake/nourish_dcbConfig.cmake
[4.700s] -- Installing: /home/nikhil/nourish_ws/install/nourish_dcb/share/nourish_dcb/cmake/nourish_dcbConfig-version.cmake
[4.700s] -- Installing: /home/nikhil/nourish_ws/install/nourish_dcb/share/nourish_dcb/package.xml
