[0.085s] -- Found ament_cmake: 0.7.4 (/home/nikhil/ros2_dashing/ros2-linux/share/ament_cmake/cmake)
[0.122s] -- Using PYTHON_EXECUTABLE: /usr/bin/python3
[0.299s] -- Found ament_lint_auto: 0.7.11 (/home/nikhil/ros2_dashing/ros2-linux/share/ament_lint_auto/cmake)
[0.353s] -- Found camera_info_manager: 2.1.1 (/home/nikhil/nourish_ws/install/camera_info_manager/share/camera_info_manager/cmake)
[0.354s] -- Found gazebo_dev: 3.3.4 (/home/nikhil/nourish_ws/install/gazebo_dev/share/gazebo_dev/cmake)
[0.388s] -- Boost version: 1.65.1
[0.388s] -- Found the following Boost libraries:
[0.388s] --   thread
[0.388s] --   system
[0.388s] --   filesystem
[0.388s] --   program_options
[0.388s] --   regex
[0.388s] --   iostreams
[0.389s] --   date_time
[0.389s] --   chrono
[0.389s] --   atomic
[0.394s] -- Found Protobuf: /usr/lib/x86_64-linux-gnu/libprotobuf.so;-lpthread (found version "3.0.0") 
[0.409s] -- Boost version: 1.65.1
[0.411s] -- Looking for OGRE...
[0.415s] -- Found Ogre Ghadamon (1.9.0)
[0.415s] -- Found OGRE: optimized;/usr/lib/x86_64-linux-gnu/libOgreMain.so;debug;/usr/lib/x86_64-linux-gnu/libOgreMain.so
[0.448s] -- Looking for OGRE_Paging...
[0.448s] -- Found OGRE_Paging: optimized;/usr/lib/x86_64-linux-gnu/libOgrePaging.so;debug;/usr/lib/x86_64-linux-gnu/libOgrePaging.so
[0.449s] -- Looking for OGRE_Terrain...
[0.449s] -- Found OGRE_Terrain: optimized;/usr/lib/x86_64-linux-gnu/libOgreTerrain.so;debug;/usr/lib/x86_64-linux-gnu/libOgreTerrain.so
[0.449s] -- Looking for OGRE_Property...
[0.449s] -- Found OGRE_Property: optimized;/usr/lib/x86_64-linux-gnu/libOgreProperty.so;debug;/usr/lib/x86_64-linux-gnu/libOgreProperty.so
[0.449s] -- Looking for OGRE_RTShaderSystem...
[0.449s] -- Found OGRE_RTShaderSystem: optimized;/usr/lib/x86_64-linux-gnu/libOgreRTShaderSystem.so;debug;/usr/lib/x86_64-linux-gnu/libOgreRTShaderSystem.so
[0.449s] -- Looking for OGRE_Volume...
[0.449s] -- Found OGRE_Volume: optimized;/usr/lib/x86_64-linux-gnu/libOgreVolume.so;debug;/usr/lib/x86_64-linux-gnu/libOgreVolume.so
[0.449s] -- Looking for OGRE_Overlay...
[0.449s] -- Found OGRE_Overlay: optimized;/usr/lib/x86_64-linux-gnu/libOgreOverlay.so;debug;/usr/lib/x86_64-linux-gnu/libOgreOverlay.so
[0.562s] -- Found Protobuf: /usr/lib/x86_64-linux-gnu/libprotobuf.so;-lpthread;-lpthread (found suitable version "3.0.0", minimum required is "2.3.0") 
[0.570s] -- Config-file not installed for ZeroMQ -- checking for pkg-config
[0.573s] -- Checking for module 'libzmq >= 4'
[0.584s] --   Found libzmq , version 4.3.3
[0.617s] -- Checking for module 'uuid'
[0.628s] --   Found uuid, version 2.31.1
[0.666s] -- Checking for module 'tinyxml2'
[0.680s] --   Found tinyxml2, version 6.0.0
[0.716s] -- Looking for dlfcn.h - found
[0.716s] -- Looking for libdl - found
[0.718s] -- FreeImage.pc not found, we will search for FreeImage_INCLUDE_DIRS and FreeImage_LIBRARIES
[0.810s] -- Checking for module 'gts'
[0.820s] --   Found gts, version 0.7.6
[0.862s] -- Checking for module 'libswscale'
[0.879s] --   Found libswscale, version 4.8.100
[0.935s] -- Checking for module 'libavdevice >= 56.4.100'
[0.958s] --   Found libavdevice , version 57.10.100
[1.038s] -- Checking for module 'libavformat'
[1.060s] --   Found libavformat, version 57.83.100
[1.144s] -- Checking for module 'libavcodec'
[1.174s] --   Found libavcodec, version 57.107.100
[1.274s] -- Checking for module 'libavutil'
[1.307s] --   Found libavutil, version 55.78.100
[1.415s] -- Checking for module 'jsoncpp'
[1.445s] --   Found jsoncpp, version 1.7.4
[1.541s] -- Checking for module 'libzip'
[1.572s] --   Found libzip, version 1.1.2
[1.659s] -- Gazebo version: 9.13
[1.660s] -- Found gazebo_msgs: 3.3.4 (/home/nikhil/nourish_ws/install/gazebo_msgs/share/gazebo_msgs/cmake)
[1.683s] -- Found rosidl_adapter: 0.7.9 (/home/nikhil/ros2_dashing/ros2-linux/share/rosidl_adapter/cmake)
[1.744s] -- Found gazebo_ros: 3.3.4 (/home/nikhil/nourish_ws/install/gazebo_ros/share/gazebo_ros/cmake)
[1.753s] -- Found rmw_implementation_cmake: 0.7.2 (/home/nikhil/ros2_dashing/ros2-linux/share/rmw_implementation_cmake/cmake)
[1.755s] -- Using RMW implementation 'rmw_fastrtps_cpp' as default
[1.787s] -- Found image_transport: 2.1.1 (/home/nikhil/nourish_ws/install/image_transport/share/image_transport/cmake)
[1.817s] -- Found tinyxml2_vendor:  (/home/nikhil/ros2_dashing/ros2-linux/share/tinyxml2_vendor/cmake)
[1.827s] -- Found poco_vendor:  (/home/nikhil/ros2_dashing/ros2-linux/share/poco_vendor/cmake)
[1.832s] -- Found cv_bridge: 2.1.4 (/home/nikhil/nourish_ws/install/cv_bridge/share/cv_bridge/cmake)
[1.842s] -- Found nav_msgs: 0.7.0 (/home/nikhil/ros2_dashing/ros2-linux/share/nav_msgs/cmake)
[1.851s] -- Found std_srvs: 0.7.0 (/home/nikhil/ros2_dashing/ros2-linux/share/std_srvs/cmake)
[1.855s] -- Found tf2: 0.11.6 (/home/nikhil/ros2_dashing/ros2-linux/share/tf2/cmake)
[1.857s] -- Found tf2_geometry_msgs: 0.11.6 (/home/nikhil/ros2_dashing/ros2-linux/share/tf2_geometry_msgs/cmake)
[1.914s] CMake Error at /home/nikhil/ros2_dashing/ros2-linux/share/ament_cmake_target_dependencies/cmake/ament_target_dependencies.cmake:35 (message):
[1.914s]   ament_target_dependencies() the first argument must be a valid target name
[1.914s] Call Stack (most recent call first):
[1.914s]   CMakeLists.txt:77 (ament_target_dependencies)
[1.914s] 
[1.914s] 
[1.916s] -- Configuring incomplete, errors occurred!
[1.916s] See also "/home/nikhil/nourish_ws/build/dcb_gazebo/CMakeFiles/CMakeOutput.log".
[1.916s] See also "/home/nikhil/nourish_ws/build/dcb_gazebo/CMakeFiles/CMakeError.log".
[1.920s] Makefile:208: recipe for target 'cmake_check_build_system' failed
[1.920s] make: *** [cmake_check_build_system] Error 1
