[0.158s] [  6%] Built target gtest
[0.180s] [ 13%] Built target gtest_main
[0.191s] [ 40%] Built target image_transport
[0.268s] [ 46%] Built target republish
[0.296s] [ 53%] Built target list_transports
[0.297s] [ 60%] Built target image_transport_plugins
[0.303s] [ 66%] Built target image_transport-camera_common
[0.307s] [ 73%] Built target image_transport-remapping
[0.323s] [ 80%] Built target image_transport-publisher
[0.326s] [ 86%] Built target image_transport-subscriber
[0.327s] [ 93%] Built target image_transport-single_subscriber_publisher
[0.355s] [100%] Built target image_transport-message_passing
[0.687s] [  6%] Built target gtest_main
[0.701s] [ 13%] Built target gtest
[0.707s] [ 40%] Built target image_transport
[0.769s] [ 46%] Built target image_transport_plugins
[0.770s] [ 53%] Built target image_transport-single_subscriber_publisher
[0.772s] [ 60%] Built target image_transport-camera_common
[0.775s] [ 66%] Built target list_transports
[0.776s] [ 73%] Built target image_transport-publisher
[0.782s] [ 80%] Built target image_transport-subscriber
[0.784s] [ 86%] Built target republish
[0.793s] [ 93%] Built target image_transport-message_passing
[0.797s] [100%] Built target image_transport-remapping
[0.823s] [36mInstall the project...[0m
[0.834s] -- Install configuration: ""
[0.834s] -- Up-to-date: /home/nikhil/nourish_ws/install/image_transport/share/image_transport/default_plugins.xml
[0.834s] -- Up-to-date: /home/nikhil/nourish_ws/install/image_transport/lib/libimage_transport.so
[0.834s] -- Up-to-date: /home/nikhil/nourish_ws/install/image_transport/lib/libimage_transport_plugins.so
[0.835s] -- Up-to-date: /home/nikhil/nourish_ws/install/image_transport/lib/image_transport/list_transports
[0.835s] -- Up-to-date: /home/nikhil/nourish_ws/install/image_transport/lib/image_transport/republish
[0.836s] -- Up-to-date: /home/nikhil/nourish_ws/install/image_transport/include
[0.836s] -- Up-to-date: /home/nikhil/nourish_ws/install/image_transport/include/image_transport
[0.836s] -- Up-to-date: /home/nikhil/nourish_ws/install/image_transport/include/image_transport/raw_subscriber.h
[0.836s] -- Up-to-date: /home/nikhil/nourish_ws/install/image_transport/include/image_transport/transport_hints.h
[0.837s] -- Up-to-date: /home/nikhil/nourish_ws/install/image_transport/include/image_transport/subscriber.h
[0.837s] -- Up-to-date: /home/nikhil/nourish_ws/install/image_transport/include/image_transport/camera_subscriber.h
[0.837s] -- Up-to-date: /home/nikhil/nourish_ws/install/image_transport/include/image_transport/visibility_control.hpp
[0.837s] -- Up-to-date: /home/nikhil/nourish_ws/install/image_transport/include/image_transport/subscriber_filter.h
[0.837s] -- Up-to-date: /home/nikhil/nourish_ws/install/image_transport/include/image_transport/simple_publisher_plugin.h
[0.837s] -- Up-to-date: /home/nikhil/nourish_ws/install/image_transport/include/image_transport/raw_publisher.h
[0.837s] -- Up-to-date: /home/nikhil/nourish_ws/install/image_transport/include/image_transport/image_transport.h
[0.837s] -- Up-to-date: /home/nikhil/nourish_ws/install/image_transport/include/image_transport/camera_common.h
[0.837s] -- Up-to-date: /home/nikhil/nourish_ws/install/image_transport/include/image_transport/exception.h
[0.838s] -- Up-to-date: /home/nikhil/nourish_ws/install/image_transport/include/image_transport/loader_fwds.h
[0.838s] -- Up-to-date: /home/nikhil/nourish_ws/install/image_transport/include/image_transport/publisher.h
[0.838s] -- Up-to-date: /home/nikhil/nourish_ws/install/image_transport/include/image_transport/camera_publisher.h
[0.838s] -- Up-to-date: /home/nikhil/nourish_ws/install/image_transport/include/image_transport/subscriber_plugin.h
[0.838s] -- Up-to-date: /home/nikhil/nourish_ws/install/image_transport/include/image_transport/simple_subscriber_plugin.h
[0.838s] -- Up-to-date: /home/nikhil/nourish_ws/install/image_transport/include/image_transport/single_subscriber_publisher.h
[0.838s] -- Up-to-date: /home/nikhil/nourish_ws/install/image_transport/include/image_transport/publisher_plugin.h
[0.838s] -- Up-to-date: /home/nikhil/nourish_ws/install/image_transport/share/image_transport/environment/library_path.sh
[0.838s] -- Up-to-date: /home/nikhil/nourish_ws/install/image_transport/share/ament_index/resource_index/package_run_dependencies/image_transport
[0.838s] -- Up-to-date: /home/nikhil/nourish_ws/install/image_transport/share/ament_index/resource_index/parent_prefix_path/image_transport
[0.838s] -- Up-to-date: /home/nikhil/nourish_ws/install/image_transport/share/image_transport/environment/ament_prefix_path.sh
[0.839s] -- Up-to-date: /home/nikhil/nourish_ws/install/image_transport/share/image_transport/environment/path.sh
[0.839s] -- Up-to-date: /home/nikhil/nourish_ws/install/image_transport/share/image_transport/local_setup.bash
[0.839s] -- Up-to-date: /home/nikhil/nourish_ws/install/image_transport/share/image_transport/local_setup.sh
[0.839s] -- Up-to-date: /home/nikhil/nourish_ws/install/image_transport/share/image_transport/local_setup.zsh
[0.839s] -- Up-to-date: /home/nikhil/nourish_ws/install/image_transport/share/ament_index/resource_index/packages/image_transport
[0.839s] -- Up-to-date: /home/nikhil/nourish_ws/install/image_transport/share/ament_index/resource_index/image_transport__pluginlib__plugin/image_transport
[0.839s] -- Up-to-date: /home/nikhil/nourish_ws/install/image_transport/share/image_transport/cmake/ament_cmake_export_include_directories-extras.cmake
[0.839s] -- Up-to-date: /home/nikhil/nourish_ws/install/image_transport/share/image_transport/cmake/ament_cmake_export_libraries-extras.cmake
[0.839s] -- Up-to-date: /home/nikhil/nourish_ws/install/image_transport/share/image_transport/cmake/ament_cmake_export_dependencies-extras.cmake
[0.839s] -- Up-to-date: /home/nikhil/nourish_ws/install/image_transport/share/image_transport/cmake/image_transportConfig.cmake
[0.840s] -- Up-to-date: /home/nikhil/nourish_ws/install/image_transport/share/image_transport/cmake/image_transportConfig-version.cmake
[0.840s] -- Up-to-date: /home/nikhil/nourish_ws/install/image_transport/share/image_transport/package.xml
