[0.113s] [  2%] Built target multi_camera_plugin
[0.121s] [  4%] Built target gazebo_ros_projector
[0.122s] [  6%] Built target gazebo_ros_force
[0.122s] [ 10%] Built target gazebo_ros_vacuum_gripper
[0.122s] [ 11%] Built target gazebo_ros_template
[0.125s] [ 13%] Built target gazebo_ros_joint_pose_trajectory
[0.125s] [ 16%] Built target gazebo_ros_joint_state_publisher
[0.126s] [ 20%] Built target gazebo_ros_bumper
[0.126s] [ 20%] Built target gazebo_ros_diff_drive
[0.128s] [ 23%] Built target gazebo_ros_ackermann_drive
[0.129s] [ 25%] Built target gazebo_ros_planar_move
[0.132s] [ 27%] Built target gazebo_ros_hand_of_god
[0.171s] [ 30%] Built target gtest
[0.178s] [ 32%] Built target gazebo_ros_ray_sensor
[0.181s] [ 34%] Built target gazebo_ros_elevator
[0.190s] [ 37%] Built target gazebo_ros_gps_sensor
[0.192s] [ 39%] Built target gazebo_ros_harness
[0.192s] [ 41%] Built target gazebo_ros_imu_sensor
[0.193s] [ 44%] Built target gazebo_ros_multi_camera
[0.193s] [ 46%] Built target gazebo_ros_depth_camera
[0.194s] [ 48%] Built target gazebo_ros_video
[0.197s] [ 51%] Built target gazebo_ros_ft_sensor
[0.201s] [ 53%] Built target gazebo_ros_p3d
[0.203s] [ 55%] Built target gtest_main
[0.205s] [ 58%] Built target gazebo_ros_tricycle_drive
[0.255s] [ 60%] Built target gazebo_ros_camera
[0.280s] [ 62%] Built target test_gazebo_ros_force
[0.281s] [ 65%] Built target test_gazebo_ros_diff_drive
[0.281s] [ 67%] Built target test_gazebo_ros_elevator
[0.281s] [ 69%] Built target test_gazebo_ros_harness
[0.282s] [ 72%] Built target test_gazebo_ros_ackermann_drive
[0.283s] [ 74%] Built target test_gazebo_ros_vacuum_gripper
[0.283s] [ 76%] Built target test_gazebo_ros_joint_pose_trajectory
[0.283s] [ 79%] Built target test_gazebo_ros_hand_of_god
[0.286s] [ 81%] Built target test_gazebo_ros_ft_sensor
[0.287s] [ 83%] Built target test_gazebo_ros_imu_sensor
[0.292s] [ 86%] Built target test_gazebo_ros_gps_sensor
[0.316s] [ 88%] Built target test_gazebo_ros_planar_move
[0.332s] [ 93%] Built target test_gazebo_ros_tricycle_drive
[0.332s] [ 93%] Built target test_gazebo_ros_ray_sensor
[0.332s] [ 95%] Built target test_gazebo_ros_p3d
[0.340s] [ 97%] Built target test_gazebo_ros_bumper
[0.341s] [100%] Built target test_gazebo_ros_joint_state_publisher
[0.652s] [  2%] Built target multi_camera_plugin
[0.658s] [  4%] Built target gazebo_ros_joint_pose_trajectory
[0.658s] [  6%] Built target gazebo_ros_template
[0.658s] [  9%] Built target gazebo_ros_projector
[0.659s] [ 11%] Built target gazebo_ros_force
[0.660s] [ 13%] Built target gazebo_ros_vacuum_gripper
[0.661s] [ 16%] Built target gazebo_ros_joint_state_publisher
[0.664s] [ 18%] Built target gazebo_ros_planar_move
[0.664s] [ 20%] Built target gazebo_ros_bumper
[0.665s] [ 23%] Built target gazebo_ros_diff_drive
[0.667s] [ 25%] Built target gazebo_ros_hand_of_god
[0.673s] [ 27%] Built target gazebo_ros_ackermann_drive
[0.721s] [ 30%] Built target gazebo_ros_elevator
[0.722s] [ 32%] Built target gtest
[0.727s] [ 39%] Built target gazebo_ros_gps_sensor
[0.727s] [ 39%] Built target gazebo_ros_imu_sensor
[0.727s] [ 39%] Built target gazebo_ros_ray_sensor
[0.728s] [ 41%] Built target gazebo_ros_harness
[0.728s] [ 44%] Built target gazebo_ros_depth_camera
[0.728s] [ 46%] Built target gazebo_ros_video
[0.729s] [ 48%] Built target gazebo_ros_multi_camera
[0.730s] [ 51%] Built target gazebo_ros_ft_sensor
[0.733s] [ 53%] Built target gazebo_ros_p3d
[0.736s] [ 55%] Built target gazebo_ros_tricycle_drive
[0.746s] [ 58%] Built target gtest_main
[0.789s] [ 60%] Built target gazebo_ros_camera
[0.822s] [ 65%] Built target test_gazebo_ros_force
[0.823s] [ 65%] Built target test_gazebo_ros_vacuum_gripper
[0.823s] [ 67%] Built target test_gazebo_ros_elevator
[0.823s] [ 69%] Built target test_gazebo_ros_ft_sensor
[0.824s] [ 72%] Built target test_gazebo_ros_harness
[0.824s] [ 74%] Built target test_gazebo_ros_diff_drive
[0.825s] [ 76%] Built target test_gazebo_ros_ackermann_drive
[0.825s] [ 79%] Built target test_gazebo_ros_gps_sensor
[0.826s] [ 81%] Built target test_gazebo_ros_hand_of_god
[0.827s] [ 83%] Built target test_gazebo_ros_imu_sensor
[0.828s] [ 86%] Built target test_gazebo_ros_joint_pose_trajectory
[0.854s] [ 88%] Built target test_gazebo_ros_planar_move
[0.879s] [ 93%] Built target test_gazebo_ros_p3d
[0.879s] [ 93%] Built target test_gazebo_ros_ray_sensor
[0.879s] [ 95%] Built target test_gazebo_ros_tricycle_drive
[0.882s] [ 97%] Built target test_gazebo_ros_joint_state_publisher
[0.884s] [100%] Built target test_gazebo_ros_bumper
[0.903s] [36mInstall the project...[0m
[0.912s] -- Install configuration: ""
[0.912s] -- Up-to-date: /home/nikhil/nourish_ws/install/gazebo_plugins/share/gazebo_plugins/environment/library_path.sh
[0.912s] -- Up-to-date: /home/nikhil/nourish_ws/install/gazebo_plugins/share/gazebo_plugins/environment/gazebo_plugins.sh
[0.912s] -- Up-to-date: /home/nikhil/nourish_ws/install/gazebo_plugins/share/ament_index/resource_index/package_run_dependencies/gazebo_plugins
[0.912s] -- Up-to-date: /home/nikhil/nourish_ws/install/gazebo_plugins/share/ament_index/resource_index/parent_prefix_path/gazebo_plugins
[0.913s] -- Up-to-date: /home/nikhil/nourish_ws/install/gazebo_plugins/share/gazebo_plugins/environment/ament_prefix_path.sh
[0.913s] -- Up-to-date: /home/nikhil/nourish_ws/install/gazebo_plugins/share/gazebo_plugins/environment/path.sh
[0.913s] -- Up-to-date: /home/nikhil/nourish_ws/install/gazebo_plugins/share/gazebo_plugins/local_setup.bash
[0.913s] -- Up-to-date: /home/nikhil/nourish_ws/install/gazebo_plugins/share/gazebo_plugins/local_setup.sh
[0.913s] -- Up-to-date: /home/nikhil/nourish_ws/install/gazebo_plugins/share/gazebo_plugins/local_setup.zsh
[0.913s] -- Up-to-date: /home/nikhil/nourish_ws/install/gazebo_plugins/share/ament_index/resource_index/packages/gazebo_plugins
[0.913s] -- Up-to-date: /home/nikhil/nourish_ws/install/gazebo_plugins/share/gazebo_plugins/cmake/ament_cmake_export_libraries-extras.cmake
[0.913s] -- Up-to-date: /home/nikhil/nourish_ws/install/gazebo_plugins/share/gazebo_plugins/cmake/ament_cmake_export_include_directories-extras.cmake
[0.913s] -- Up-to-date: /home/nikhil/nourish_ws/install/gazebo_plugins/share/gazebo_plugins/cmake/ament_cmake_export_dependencies-extras.cmake
[0.913s] -- Up-to-date: /home/nikhil/nourish_ws/install/gazebo_plugins/share/gazebo_plugins/cmake/gazebo_pluginsConfig.cmake
[0.913s] -- Up-to-date: /home/nikhil/nourish_ws/install/gazebo_plugins/share/gazebo_plugins/cmake/gazebo_pluginsConfig-version.cmake
[0.913s] -- Up-to-date: /home/nikhil/nourish_ws/install/gazebo_plugins/share/gazebo_plugins/package.xml
[0.913s] -- Up-to-date: /home/nikhil/nourish_ws/install/gazebo_plugins/include
[0.913s] -- Up-to-date: /home/nikhil/nourish_ws/install/gazebo_plugins/include/gazebo_plugins
[0.914s] -- Up-to-date: /home/nikhil/nourish_ws/install/gazebo_plugins/include/gazebo_plugins/gazebo_ros_vacuum_gripper.hpp
[0.914s] -- Up-to-date: /home/nikhil/nourish_ws/install/gazebo_plugins/include/gazebo_plugins/gazebo_ros_bumper.hpp
[0.914s] -- Up-to-date: /home/nikhil/nourish_ws/install/gazebo_plugins/include/gazebo_plugins/gazebo_ros_ray_sensor.hpp
[0.914s] -- Up-to-date: /home/nikhil/nourish_ws/install/gazebo_plugins/include/gazebo_plugins/gazebo_ros_p3d.hpp
[0.914s] -- Up-to-date: /home/nikhil/nourish_ws/install/gazebo_plugins/include/gazebo_plugins/gazebo_ros_gps_sensor.hpp
[0.914s] -- Up-to-date: /home/nikhil/nourish_ws/install/gazebo_plugins/include/gazebo_plugins/gazebo_ros_joint_pose_trajectory.hpp
[0.914s] -- Up-to-date: /home/nikhil/nourish_ws/install/gazebo_plugins/include/gazebo_plugins/gazebo_ros_ft_sensor.hpp
[0.914s] -- Up-to-date: /home/nikhil/nourish_ws/install/gazebo_plugins/include/gazebo_plugins/gazebo_ros_template.hpp
[0.914s] -- Up-to-date: /home/nikhil/nourish_ws/install/gazebo_plugins/include/gazebo_plugins/gazebo_ros_tricycle_drive.hpp
[0.914s] -- Up-to-date: /home/nikhil/nourish_ws/install/gazebo_plugins/include/gazebo_plugins/gazebo_ros_force.hpp
[0.914s] -- Up-to-date: /home/nikhil/nourish_ws/install/gazebo_plugins/include/gazebo_plugins/gazebo_ros_camera.hpp
[0.914s] -- Up-to-date: /home/nikhil/nourish_ws/install/gazebo_plugins/include/gazebo_plugins/gazebo_ros_imu_sensor.hpp
[0.914s] -- Up-to-date: /home/nikhil/nourish_ws/install/gazebo_plugins/include/gazebo_plugins/gazebo_ros_projector.hpp
[0.914s] -- Up-to-date: /home/nikhil/nourish_ws/install/gazebo_plugins/include/gazebo_plugins/gazebo_ros_planar_move.hpp
[0.914s] -- Up-to-date: /home/nikhil/nourish_ws/install/gazebo_plugins/include/gazebo_plugins/gazebo_ros_ackermann_drive.hpp
[0.914s] -- Up-to-date: /home/nikhil/nourish_ws/install/gazebo_plugins/include/gazebo_plugins/gazebo_ros_joint_state_publisher.hpp
[0.914s] -- Up-to-date: /home/nikhil/nourish_ws/install/gazebo_plugins/include/gazebo_plugins/gazebo_ros_video.hpp
[0.915s] -- Up-to-date: /home/nikhil/nourish_ws/install/gazebo_plugins/include/gazebo_plugins/gazebo_ros_elevator.hpp
[0.915s] -- Up-to-date: /home/nikhil/nourish_ws/install/gazebo_plugins/include/gazebo_plugins/gazebo_ros_diff_drive.hpp
[0.915s] -- Up-to-date: /home/nikhil/nourish_ws/install/gazebo_plugins/include/gazebo_plugins/gazebo_ros_harness.hpp
[0.915s] -- Up-to-date: /home/nikhil/nourish_ws/install/gazebo_plugins/include/gazebo_plugins/gazebo_ros_hand_of_god.hpp
[0.915s] -- Up-to-date: /home/nikhil/nourish_ws/install/gazebo_plugins/include/gazebo_plugins/multi_camera_plugin.hpp
[0.915s] -- Up-to-date: /home/nikhil/nourish_ws/install/gazebo_plugins/lib/libgazebo_ros_ackermann_drive.so
[0.915s] -- Up-to-date: /home/nikhil/nourish_ws/install/gazebo_plugins/lib/libgazebo_ros_bumper.so
[0.915s] -- Up-to-date: /home/nikhil/nourish_ws/install/gazebo_plugins/lib/libgazebo_ros_camera.so
[0.915s] -- Up-to-date: /home/nikhil/nourish_ws/install/gazebo_plugins/lib/libgazebo_ros_depth_camera.so
[0.915s] -- Up-to-date: /home/nikhil/nourish_ws/install/gazebo_plugins/lib/libgazebo_ros_diff_drive.so
[0.915s] -- Up-to-date: /home/nikhil/nourish_ws/install/gazebo_plugins/lib/libgazebo_ros_elevator.so
[0.915s] -- Up-to-date: /home/nikhil/nourish_ws/install/gazebo_plugins/lib/libgazebo_ros_force.so
[0.916s] -- Up-to-date: /home/nikhil/nourish_ws/install/gazebo_plugins/lib/libgazebo_ros_ft_sensor.so
[0.916s] -- Up-to-date: /home/nikhil/nourish_ws/install/gazebo_plugins/lib/libgazebo_ros_hand_of_god.so
[0.916s] -- Up-to-date: /home/nikhil/nourish_ws/install/gazebo_plugins/lib/libgazebo_ros_harness.so
[0.916s] -- Up-to-date: /home/nikhil/nourish_ws/install/gazebo_plugins/lib/libgazebo_ros_imu_sensor.so
[0.917s] -- Up-to-date: /home/nikhil/nourish_ws/install/gazebo_plugins/lib/libgazebo_ros_gps_sensor.so
[0.917s] -- Up-to-date: /home/nikhil/nourish_ws/install/gazebo_plugins/lib/libgazebo_ros_joint_pose_trajectory.so
[0.917s] -- Up-to-date: /home/nikhil/nourish_ws/install/gazebo_plugins/lib/libgazebo_ros_joint_state_publisher.so
[0.918s] -- Up-to-date: /home/nikhil/nourish_ws/install/gazebo_plugins/lib/libgazebo_ros_multi_camera.so
[0.918s] -- Up-to-date: /home/nikhil/nourish_ws/install/gazebo_plugins/lib/libgazebo_ros_planar_move.so
[0.918s] -- Up-to-date: /home/nikhil/nourish_ws/install/gazebo_plugins/lib/libgazebo_ros_projector.so
[0.919s] -- Up-to-date: /home/nikhil/nourish_ws/install/gazebo_plugins/lib/libgazebo_ros_ray_sensor.so
[0.919s] -- Up-to-date: /home/nikhil/nourish_ws/install/gazebo_plugins/lib/libgazebo_ros_p3d.so
[0.919s] -- Up-to-date: /home/nikhil/nourish_ws/install/gazebo_plugins/lib/libgazebo_ros_template.so
[0.920s] -- Up-to-date: /home/nikhil/nourish_ws/install/gazebo_plugins/lib/libgazebo_ros_tricycle_drive.so
[0.920s] -- Up-to-date: /home/nikhil/nourish_ws/install/gazebo_plugins/lib/libgazebo_ros_vacuum_gripper.so
[0.920s] -- Up-to-date: /home/nikhil/nourish_ws/install/gazebo_plugins/lib/libgazebo_ros_video.so
[0.921s] -- Up-to-date: /home/nikhil/nourish_ws/install/gazebo_plugins/lib/libmulti_camera_plugin.so
[0.921s] -- Up-to-date: /home/nikhil/nourish_ws/install/gazebo_plugins/share/gazebo_plugins//worlds
[0.921s] -- Up-to-date: /home/nikhil/nourish_ws/install/gazebo_plugins/share/gazebo_plugins//worlds/gazebo_ros_planar_move_demo.world
[0.921s] -- Up-to-date: /home/nikhil/nourish_ws/install/gazebo_plugins/share/gazebo_plugins//worlds/gazebo_ros_harness_demo.world
[0.921s] -- Up-to-date: /home/nikhil/nourish_ws/install/gazebo_plugins/share/gazebo_plugins//worlds/gazebo_ros_elevator_demo.world
[0.921s] -- Up-to-date: /home/nikhil/nourish_ws/install/gazebo_plugins/share/gazebo_plugins//worlds/gazebo_ros_template_demo.world
[0.921s] -- Up-to-date: /home/nikhil/nourish_ws/install/gazebo_plugins/share/gazebo_plugins//worlds/gazebo_ros_camera_demo.world
[0.921s] -- Up-to-date: /home/nikhil/nourish_ws/install/gazebo_plugins/share/gazebo_plugins//worlds/gazebo_ros_skid_steer_drive_demo.world
[0.921s] -- Up-to-date: /home/nikhil/nourish_ws/install/gazebo_plugins/share/gazebo_plugins//worlds/gazebo_ros_video_demo.world
[0.922s] -- Up-to-date: /home/nikhil/nourish_ws/install/gazebo_plugins/share/gazebo_plugins//worlds/gazebo_ros_camera_distortion_pincushion_demo.world
[0.922s] -- Up-to-date: /home/nikhil/nourish_ws/install/gazebo_plugins/share/gazebo_plugins//worlds/gazebo_ros_ray_sensor_demo.world
[0.922s] -- Up-to-date: /home/nikhil/nourish_ws/install/gazebo_plugins/share/gazebo_plugins//worlds/gazebo_ros_camera_distortion_barrel_demo.world
[0.922s] -- Up-to-date: /home/nikhil/nourish_ws/install/gazebo_plugins/share/gazebo_plugins//worlds/gazebo_ros_diff_drive_demo.world
[0.922s] -- Up-to-date: /home/nikhil/nourish_ws/install/gazebo_plugins/share/gazebo_plugins//worlds/gazebo_ros_ft_sensor_demo.world
[0.922s] -- Up-to-date: /home/nikhil/nourish_ws/install/gazebo_plugins/share/gazebo_plugins//worlds/gazebo_ros_bumper_demo.world
[0.922s] -- Up-to-date: /home/nikhil/nourish_ws/install/gazebo_plugins/share/gazebo_plugins//worlds/gazebo_ros_joint_state_publisher_demo.world
[0.922s] -- Up-to-date: /home/nikhil/nourish_ws/install/gazebo_plugins/share/gazebo_plugins//worlds/gazebo_ros_depth_camera_demo.world
[0.922s] -- Up-to-date: /home/nikhil/nourish_ws/install/gazebo_plugins/share/gazebo_plugins//worlds/gazebo_ros_gps_sensor_demo.world
[0.922s] -- Up-to-date: /home/nikhil/nourish_ws/install/gazebo_plugins/share/gazebo_plugins//worlds/gazebo_ros_force_demo.world
[0.922s] -- Up-to-date: /home/nikhil/nourish_ws/install/gazebo_plugins/share/gazebo_plugins//worlds/gazebo_ros_multi_camera_demo.world
[0.922s] -- Up-to-date: /home/nikhil/nourish_ws/install/gazebo_plugins/share/gazebo_plugins//worlds/gazebo_ros_vacuum_gripper_demo.world
[0.922s] -- Up-to-date: /home/nikhil/nourish_ws/install/gazebo_plugins/share/gazebo_plugins//worlds/gazebo_ros_ackermann_drive_demo.world
[0.922s] -- Up-to-date: /home/nikhil/nourish_ws/install/gazebo_plugins/share/gazebo_plugins//worlds/gazebo_ros_p3d_demo.world
[0.922s] -- Up-to-date: /home/nikhil/nourish_ws/install/gazebo_plugins/share/gazebo_plugins//worlds/gazebo_ros_tricycle_drive_demo.world
[0.922s] -- Up-to-date: /home/nikhil/nourish_ws/install/gazebo_plugins/share/gazebo_plugins//worlds/gazebo_ros_camera_triggered_demo.world
[0.922s] -- Up-to-date: /home/nikhil/nourish_ws/install/gazebo_plugins/share/gazebo_plugins//worlds/gazebo_ros_projector_demo.world
[0.922s] -- Up-to-date: /home/nikhil/nourish_ws/install/gazebo_plugins/share/gazebo_plugins//worlds/gazebo_ros_hand_of_god_demo.world
[0.922s] -- Up-to-date: /home/nikhil/nourish_ws/install/gazebo_plugins/share/gazebo_plugins//worlds/gazebo_ros_joint_pose_trajectory_demo.world
