[0.064s] Invoking command in '/home/nikhil/nourish_ws/build/image_geometry': /usr/bin/cmake --build /home/nikhil/nourish_ws/build/image_geometry -- -j12 -l12
[0.201s] [ 22%] Built target gtest
[0.217s] [ 55%] Built target image_geometry
[0.236s] [ 77%] Built target gtest_main
[0.316s] [100%] Built target image_geometry-utest
[0.365s] Invoked command in '/home/nikhil/nourish_ws/build/image_geometry' returned '0': /usr/bin/cmake --build /home/nikhil/nourish_ws/build/image_geometry -- -j12 -l12
[0.432s] Invoking command in '/home/nikhil/nourish_ws/build/image_geometry': /usr/bin/cmake --build /home/nikhil/nourish_ws/build/image_geometry --target install -- -j12 -l12
[0.539s] [ 33%] Built target image_geometry
[0.541s] [ 55%] Built target gtest
[0.554s] [ 77%] Built target gtest_main
[0.608s] [100%] Built target image_geometry-utest
[0.628s] [36mInstall the project...[0m
[0.644s] -- Install configuration: ""
[0.644s] -- Up-to-date: /home/nikhil/nourish_ws/install/image_geometry/share/image_geometry/environment/pythonpath.sh
[0.645s] -- Up-to-date: /home/nikhil/nourish_ws/install/image_geometry/lib/python3.6/site-packages/image_geometry
[0.645s] -- Up-to-date: /home/nikhil/nourish_ws/install/image_geometry/lib/python3.6/site-packages/image_geometry/cameramodels.py
[0.645s] -- Up-to-date: /home/nikhil/nourish_ws/install/image_geometry/lib/python3.6/site-packages/image_geometry/__init__.py
[0.705s] Listing '/home/nikhil/nourish_ws/install/image_geometry/lib/python3.6/site-packages/image_geometry'...
[0.710s] -- Up-to-date: /home/nikhil/nourish_ws/install/image_geometry/include/image_geometry
[0.710s] -- Up-to-date: /home/nikhil/nourish_ws/install/image_geometry/include/image_geometry/visibility_control.hpp
[0.711s] -- Up-to-date: /home/nikhil/nourish_ws/install/image_geometry/include/image_geometry/stereo_camera_model.h
[0.711s] -- Up-to-date: /home/nikhil/nourish_ws/install/image_geometry/include/image_geometry/pinhole_camera_model.h
[0.712s] -- Up-to-date: /home/nikhil/nourish_ws/install/image_geometry/lib/libimage_geometry.so
[0.712s] -- Up-to-date: /home/nikhil/nourish_ws/install/image_geometry/share/image_geometry/environment/library_path.sh
[0.712s] -- Up-to-date: /home/nikhil/nourish_ws/install/image_geometry/share/ament_index/resource_index/package_run_dependencies/image_geometry
[0.712s] -- Up-to-date: /home/nikhil/nourish_ws/install/image_geometry/share/ament_index/resource_index/parent_prefix_path/image_geometry
[0.713s] -- Up-to-date: /home/nikhil/nourish_ws/install/image_geometry/share/image_geometry/environment/ament_prefix_path.sh
[0.713s] -- Up-to-date: /home/nikhil/nourish_ws/install/image_geometry/share/image_geometry/environment/path.sh
[0.713s] -- Up-to-date: /home/nikhil/nourish_ws/install/image_geometry/share/image_geometry/local_setup.bash
[0.713s] -- Up-to-date: /home/nikhil/nourish_ws/install/image_geometry/share/image_geometry/local_setup.sh
[0.713s] -- Up-to-date: /home/nikhil/nourish_ws/install/image_geometry/share/image_geometry/local_setup.zsh
[0.718s] -- Up-to-date: /home/nikhil/nourish_ws/install/image_geometry/share/ament_index/resource_index/packages/image_geometry
[0.718s] -- Up-to-date: /home/nikhil/nourish_ws/install/image_geometry/share/image_geometry/cmake/ament_cmake_export_libraries-extras.cmake
[0.718s] -- Up-to-date: /home/nikhil/nourish_ws/install/image_geometry/share/image_geometry/cmake/ament_cmake_export_dependencies-extras.cmake
[0.719s] -- Up-to-date: /home/nikhil/nourish_ws/install/image_geometry/share/image_geometry/cmake/ament_cmake_export_include_directories-extras.cmake
[0.719s] -- Up-to-date: /home/nikhil/nourish_ws/install/image_geometry/share/image_geometry/cmake/image_geometryConfig.cmake
[0.719s] -- Up-to-date: /home/nikhil/nourish_ws/install/image_geometry/share/image_geometry/cmake/image_geometryConfig-version.cmake
[0.719s] -- Up-to-date: /home/nikhil/nourish_ws/install/image_geometry/share/image_geometry/package.xml
[1.009s] Invoked command in '/home/nikhil/nourish_ws/build/image_geometry' returned '0': /usr/bin/cmake --build /home/nikhil/nourish_ws/build/image_geometry --target install -- -j12 -l12
