[0.064s] Invoking command in '/home/nikhil/nourish_ws/build/nourish_scale_msgs': /usr/bin/cmake --build /home/nikhil/nourish_ws/build/nourish_scale_msgs -- -j12 -l12
[0.157s] [  2%] Built target nourish_scale_msgs__cpp
[0.181s] [ 12%] Built target nourish_scale_msgs__rosidl_generator_c
[0.238s] [ 23%] Built target nourish_scale_msgs__rosidl_typesupport_cpp
[0.253s] [ 33%] Built target nourish_scale_msgs__rosidl_typesupport_introspection_c
[0.255s] [ 43%] Built target nourish_scale_msgs__rosidl_typesupport_c
[0.255s] [ 53%] Built target nourish_scale_msgs__rosidl_typesupport_fastrtps_cpp
[0.268s] [ 64%] Built target nourish_scale_msgs__rosidl_typesupport_introspection_cpp
[0.304s] [ 74%] Built target nourish_scale_msgs__rosidl_typesupport_fastrtps_c
[0.340s] [ 74%] Built target nourish_scale_msgs
[0.373s] [ 76%] Built target nourish_scale_msgs__py
[0.412s] [ 84%] Built target nourish_scale_msgs__python
[0.463s] [ 89%] Built target nourish_scale_msgs__rosidl_typesupport_c__pyext
[0.471s] [ 94%] Built target nourish_scale_msgs__rosidl_typesupport_fastrtps_c__pyext
[0.472s] [100%] Built target nourish_scale_msgs__rosidl_typesupport_introspection_c__pyext
[0.495s] Invoked command in '/home/nikhil/nourish_ws/build/nourish_scale_msgs' returned '0': /usr/bin/cmake --build /home/nikhil/nourish_ws/build/nourish_scale_msgs -- -j12 -l12
[0.672s] Invoking command in '/home/nikhil/nourish_ws/build/nourish_scale_msgs': /usr/bin/cmake --build /home/nikhil/nourish_ws/build/nourish_scale_msgs --target install -- -j12 -l12
[0.760s] [ 10%] Built target nourish_scale_msgs__rosidl_generator_c
[0.761s] [ 12%] Built target nourish_scale_msgs__cpp
[0.805s] [ 23%] Built target nourish_scale_msgs__rosidl_typesupport_introspection_c
[0.808s] [ 33%] Built target nourish_scale_msgs__rosidl_typesupport_introspection_cpp
[0.824s] [ 43%] Built target nourish_scale_msgs__rosidl_typesupport_cpp
[0.826s] [ 53%] Built target nourish_scale_msgs__rosidl_typesupport_fastrtps_cpp
[0.844s] [ 64%] Built target nourish_scale_msgs__rosidl_typesupport_c
[0.874s] [ 74%] Built target nourish_scale_msgs__rosidl_typesupport_fastrtps_c
[0.924s] [ 74%] Built target nourish_scale_msgs
[0.962s] [ 76%] Built target nourish_scale_msgs__py
[1.003s] [ 84%] Built target nourish_scale_msgs__python
[1.047s] [ 89%] Built target nourish_scale_msgs__rosidl_typesupport_c__pyext
[1.048s] [ 94%] Built target nourish_scale_msgs__rosidl_typesupport_introspection_c__pyext
[1.055s] [100%] Built target nourish_scale_msgs__rosidl_typesupport_fastrtps_c__pyext
[1.091s] [36mInstall the project...[0m
[1.107s] -- Install configuration: ""
[1.107s] -- Up-to-date: /home/nikhil/nourish_ws/install/nourish_scale_msgs/share/ament_index/resource_index/rosidl_interfaces/nourish_scale_msgs
[1.107s] -- Up-to-date: /home/nikhil/nourish_ws/install/nourish_scale_msgs/lib/libnourish_scale_msgs__rosidl_typesupport_c.so
[1.108s] -- Up-to-date: /home/nikhil/nourish_ws/install/nourish_scale_msgs/share/nourish_scale_msgs/environment/library_path.sh
[1.108s] -- Up-to-date: /home/nikhil/nourish_ws/install/nourish_scale_msgs/lib/libnourish_scale_msgs__rosidl_typesupport_cpp.so
[1.108s] -- Up-to-date: /home/nikhil/nourish_ws/install/nourish_scale_msgs/include/nourish_scale_msgs
[1.109s] -- Up-to-date: /home/nikhil/nourish_ws/install/nourish_scale_msgs/include/nourish_scale_msgs/msg
[1.109s] -- Up-to-date: /home/nikhil/nourish_ws/install/nourish_scale_msgs/include/nourish_scale_msgs/msg/response__functions.h
[1.109s] -- Up-to-date: /home/nikhil/nourish_ws/install/nourish_scale_msgs/include/nourish_scale_msgs/msg/response__type_support.h
[1.109s] -- Up-to-date: /home/nikhil/nourish_ws/install/nourish_scale_msgs/include/nourish_scale_msgs/msg/response.h
[1.110s] -- Up-to-date: /home/nikhil/nourish_ws/install/nourish_scale_msgs/include/nourish_scale_msgs/msg/response__struct.h
[1.110s] -- Up-to-date: /home/nikhil/nourish_ws/install/nourish_scale_msgs/include/nourish_scale_msgs/msg/rosidl_generator_c__visibility_control.h
[1.110s] -- Up-to-date: /home/nikhil/nourish_ws/install/nourish_scale_msgs/include/nourish_scale_msgs/msg/response__functions.c
[1.110s] -- Up-to-date: /home/nikhil/nourish_ws/install/nourish_scale_msgs/include/nourish_scale_msgs/srv
[1.111s] -- Up-to-date: /home/nikhil/nourish_ws/install/nourish_scale_msgs/include/nourish_scale_msgs/srv/tare__functions.h
[1.111s] -- Up-to-date: /home/nikhil/nourish_ws/install/nourish_scale_msgs/include/nourish_scale_msgs/srv/tare__struct.h
[1.111s] -- Up-to-date: /home/nikhil/nourish_ws/install/nourish_scale_msgs/include/nourish_scale_msgs/srv/tare.h
[1.111s] -- Up-to-date: /home/nikhil/nourish_ws/install/nourish_scale_msgs/include/nourish_scale_msgs/srv/tare__functions.c
[1.112s] -- Up-to-date: /home/nikhil/nourish_ws/install/nourish_scale_msgs/include/nourish_scale_msgs/srv/tare__type_support.h
[1.112s] -- Up-to-date: /home/nikhil/nourish_ws/install/nourish_scale_msgs/lib/libnourish_scale_msgs__rosidl_generator_c.so
[1.112s] -- Up-to-date: /home/nikhil/nourish_ws/install/nourish_scale_msgs/include/nourish_scale_msgs
[1.112s] -- Up-to-date: /home/nikhil/nourish_ws/install/nourish_scale_msgs/include/nourish_scale_msgs/msg
[1.112s] -- Up-to-date: /home/nikhil/nourish_ws/install/nourish_scale_msgs/include/nourish_scale_msgs/msg/response.hpp
[1.113s] -- Up-to-date: /home/nikhil/nourish_ws/install/nourish_scale_msgs/include/nourish_scale_msgs/msg/response__traits.hpp
[1.113s] -- Up-to-date: /home/nikhil/nourish_ws/install/nourish_scale_msgs/include/nourish_scale_msgs/msg/response__struct.hpp
[1.113s] -- Up-to-date: /home/nikhil/nourish_ws/install/nourish_scale_msgs/include/nourish_scale_msgs/srv
[1.113s] -- Up-to-date: /home/nikhil/nourish_ws/install/nourish_scale_msgs/include/nourish_scale_msgs/srv/tare.hpp
[1.113s] -- Up-to-date: /home/nikhil/nourish_ws/install/nourish_scale_msgs/include/nourish_scale_msgs/srv/tare__traits.hpp
[1.114s] -- Up-to-date: /home/nikhil/nourish_ws/install/nourish_scale_msgs/include/nourish_scale_msgs/srv/tare__struct.hpp
[1.114s] -- Up-to-date: /home/nikhil/nourish_ws/install/nourish_scale_msgs/include/nourish_scale_msgs
[1.114s] -- Up-to-date: /home/nikhil/nourish_ws/install/nourish_scale_msgs/include/nourish_scale_msgs/msg
[1.114s] -- Up-to-date: /home/nikhil/nourish_ws/install/nourish_scale_msgs/include/nourish_scale_msgs/msg/response__rosidl_typesupport_fastrtps_c.h
[1.115s] -- Up-to-date: /home/nikhil/nourish_ws/install/nourish_scale_msgs/include/nourish_scale_msgs/msg/rosidl_typesupport_fastrtps_c__visibility_control.h
[1.115s] -- Up-to-date: /home/nikhil/nourish_ws/install/nourish_scale_msgs/include/nourish_scale_msgs/srv
[1.115s] -- Up-to-date: /home/nikhil/nourish_ws/install/nourish_scale_msgs/include/nourish_scale_msgs/srv/tare__rosidl_typesupport_fastrtps_c.h
[1.115s] -- Up-to-date: /home/nikhil/nourish_ws/install/nourish_scale_msgs/lib/libnourish_scale_msgs__rosidl_typesupport_fastrtps_c.so
[1.115s] -- Up-to-date: /home/nikhil/nourish_ws/install/nourish_scale_msgs/include/nourish_scale_msgs
[1.116s] -- Up-to-date: /home/nikhil/nourish_ws/install/nourish_scale_msgs/include/nourish_scale_msgs/msg
[1.116s] -- Up-to-date: /home/nikhil/nourish_ws/install/nourish_scale_msgs/include/nourish_scale_msgs/msg/dds_fastrtps
[1.116s] -- Up-to-date: /home/nikhil/nourish_ws/install/nourish_scale_msgs/include/nourish_scale_msgs/msg/response__rosidl_typesupport_fastrtps_cpp.hpp
[1.116s] -- Up-to-date: /home/nikhil/nourish_ws/install/nourish_scale_msgs/include/nourish_scale_msgs/msg/rosidl_typesupport_fastrtps_cpp__visibility_control.h
[1.116s] -- Up-to-date: /home/nikhil/nourish_ws/install/nourish_scale_msgs/include/nourish_scale_msgs/srv
[1.116s] -- Up-to-date: /home/nikhil/nourish_ws/install/nourish_scale_msgs/include/nourish_scale_msgs/srv/dds_fastrtps
[1.117s] -- Up-to-date: /home/nikhil/nourish_ws/install/nourish_scale_msgs/include/nourish_scale_msgs/srv/tare__rosidl_typesupport_fastrtps_cpp.hpp
[1.117s] -- Up-to-date: /home/nikhil/nourish_ws/install/nourish_scale_msgs/lib/libnourish_scale_msgs__rosidl_typesupport_fastrtps_cpp.so
[1.117s] -- Up-to-date: /home/nikhil/nourish_ws/install/nourish_scale_msgs/include/nourish_scale_msgs
[1.117s] -- Up-to-date: /home/nikhil/nourish_ws/install/nourish_scale_msgs/include/nourish_scale_msgs/msg
[1.117s] -- Up-to-date: /home/nikhil/nourish_ws/install/nourish_scale_msgs/include/nourish_scale_msgs/msg/response__rosidl_typesupport_introspection_c.h
[1.117s] -- Up-to-date: /home/nikhil/nourish_ws/install/nourish_scale_msgs/include/nourish_scale_msgs/msg/rosidl_typesupport_introspection_c__visibility_control.h
[1.117s] -- Up-to-date: /home/nikhil/nourish_ws/install/nourish_scale_msgs/include/nourish_scale_msgs/msg/response__type_support.c
[1.117s] -- Up-to-date: /home/nikhil/nourish_ws/install/nourish_scale_msgs/include/nourish_scale_msgs/srv
[1.117s] -- Up-to-date: /home/nikhil/nourish_ws/install/nourish_scale_msgs/include/nourish_scale_msgs/srv/tare__type_support.c
[1.118s] -- Up-to-date: /home/nikhil/nourish_ws/install/nourish_scale_msgs/include/nourish_scale_msgs/srv/tare__rosidl_typesupport_introspection_c.h
[1.118s] -- Up-to-date: /home/nikhil/nourish_ws/install/nourish_scale_msgs/lib/libnourish_scale_msgs__rosidl_typesupport_introspection_c.so
[1.118s] -- Up-to-date: /home/nikhil/nourish_ws/install/nourish_scale_msgs/include/nourish_scale_msgs
[1.118s] -- Up-to-date: /home/nikhil/nourish_ws/install/nourish_scale_msgs/include/nourish_scale_msgs/msg
[1.118s] -- Up-to-date: /home/nikhil/nourish_ws/install/nourish_scale_msgs/include/nourish_scale_msgs/msg/response__rosidl_typesupport_introspection_cpp.hpp
[1.118s] -- Up-to-date: /home/nikhil/nourish_ws/install/nourish_scale_msgs/include/nourish_scale_msgs/msg/response__type_support.cpp
[1.119s] -- Up-to-date: /home/nikhil/nourish_ws/install/nourish_scale_msgs/include/nourish_scale_msgs/srv
[1.119s] -- Up-to-date: /home/nikhil/nourish_ws/install/nourish_scale_msgs/include/nourish_scale_msgs/srv/tare__rosidl_typesupport_introspection_cpp.hpp
[1.119s] -- Up-to-date: /home/nikhil/nourish_ws/install/nourish_scale_msgs/include/nourish_scale_msgs/srv/tare__type_support.cpp
[1.119s] -- Up-to-date: /home/nikhil/nourish_ws/install/nourish_scale_msgs/lib/libnourish_scale_msgs__rosidl_typesupport_introspection_cpp.so
[1.119s] -- Up-to-date: /home/nikhil/nourish_ws/install/nourish_scale_msgs/share/nourish_scale_msgs/environment/pythonpath.sh
[1.119s] -- Up-to-date: /home/nikhil/nourish_ws/install/nourish_scale_msgs/lib/python3.6/site-packages/nourish_scale_msgs/__init__.py
[1.174s] -- Up-to-date: /home/nikhil/nourish_ws/install/nourish_scale_msgs/lib/python3.6/site-packages/nourish_scale_msgs/msg
[1.174s] -- Up-to-date: /home/nikhil/nourish_ws/install/nourish_scale_msgs/lib/python3.6/site-packages/nourish_scale_msgs/msg/_response_s.c
[1.175s] -- Up-to-date: /home/nikhil/nourish_ws/install/nourish_scale_msgs/lib/python3.6/site-packages/nourish_scale_msgs/msg/__init__.py
[1.175s] -- Up-to-date: /home/nikhil/nourish_ws/install/nourish_scale_msgs/lib/python3.6/site-packages/nourish_scale_msgs/msg/_response.py
[1.175s] -- Up-to-date: /home/nikhil/nourish_ws/install/nourish_scale_msgs/lib/python3.6/site-packages/nourish_scale_msgs/srv
[1.175s] -- Up-to-date: /home/nikhil/nourish_ws/install/nourish_scale_msgs/lib/python3.6/site-packages/nourish_scale_msgs/srv/_tare_s.c
[1.175s] -- Up-to-date: /home/nikhil/nourish_ws/install/nourish_scale_msgs/lib/python3.6/site-packages/nourish_scale_msgs/srv/__init__.py
[1.175s] -- Up-to-date: /home/nikhil/nourish_ws/install/nourish_scale_msgs/lib/python3.6/site-packages/nourish_scale_msgs/srv/_tare.py
[1.176s] -- Up-to-date: /home/nikhil/nourish_ws/install/nourish_scale_msgs/lib/python3.6/site-packages/nourish_scale_msgs/nourish_scale_msgs_s__rosidl_typesupport_c.cpython-36m-x86_64-linux-gnu.so
[1.176s] -- Up-to-date: /home/nikhil/nourish_ws/install/nourish_scale_msgs/lib/python3.6/site-packages/nourish_scale_msgs/nourish_scale_msgs_s__rosidl_typesupport_introspection_c.cpython-36m-x86_64-linux-gnu.so
[1.177s] -- Up-to-date: /home/nikhil/nourish_ws/install/nourish_scale_msgs/lib/python3.6/site-packages/nourish_scale_msgs/nourish_scale_msgs_s__rosidl_typesupport_fastrtps_c.cpython-36m-x86_64-linux-gnu.so
[1.178s] -- Up-to-date: /home/nikhil/nourish_ws/install/nourish_scale_msgs/lib/libnourish_scale_msgs__python.so
[1.179s] -- Up-to-date: /home/nikhil/nourish_ws/install/nourish_scale_msgs/share/nourish_scale_msgs/msg/Response.idl
[1.179s] -- Up-to-date: /home/nikhil/nourish_ws/install/nourish_scale_msgs/share/nourish_scale_msgs/srv/Tare.idl
[1.179s] -- Up-to-date: /home/nikhil/nourish_ws/install/nourish_scale_msgs/share/nourish_scale_msgs/msg/Response.msg
[1.180s] -- Up-to-date: /home/nikhil/nourish_ws/install/nourish_scale_msgs/share/nourish_scale_msgs/srv/Tare.srv
[1.180s] -- Up-to-date: /home/nikhil/nourish_ws/install/nourish_scale_msgs/share/nourish_scale_msgs/srv/Tare_Request.msg
[1.180s] -- Up-to-date: /home/nikhil/nourish_ws/install/nourish_scale_msgs/share/nourish_scale_msgs/srv/Tare_Response.msg
[1.180s] -- Up-to-date: /home/nikhil/nourish_ws/install/nourish_scale_msgs/share/ament_index/resource_index/package_run_dependencies/nourish_scale_msgs
[1.180s] -- Up-to-date: /home/nikhil/nourish_ws/install/nourish_scale_msgs/share/ament_index/resource_index/parent_prefix_path/nourish_scale_msgs
[1.180s] -- Up-to-date: /home/nikhil/nourish_ws/install/nourish_scale_msgs/share/nourish_scale_msgs/environment/ament_prefix_path.sh
[1.181s] -- Up-to-date: /home/nikhil/nourish_ws/install/nourish_scale_msgs/share/nourish_scale_msgs/environment/path.sh
[1.181s] -- Up-to-date: /home/nikhil/nourish_ws/install/nourish_scale_msgs/share/nourish_scale_msgs/local_setup.bash
[1.181s] -- Up-to-date: /home/nikhil/nourish_ws/install/nourish_scale_msgs/share/nourish_scale_msgs/local_setup.sh
[1.181s] -- Up-to-date: /home/nikhil/nourish_ws/install/nourish_scale_msgs/share/nourish_scale_msgs/local_setup.zsh
[1.181s] -- Up-to-date: /home/nikhil/nourish_ws/install/nourish_scale_msgs/share/ament_index/resource_index/packages/nourish_scale_msgs
[1.181s] -- Up-to-date: /home/nikhil/nourish_ws/install/nourish_scale_msgs/share/nourish_scale_msgs/cmake/rosidl_cmake-extras.cmake
[1.182s] -- Up-to-date: /home/nikhil/nourish_ws/install/nourish_scale_msgs/share/nourish_scale_msgs/cmake/ament_cmake_export_libraries-extras.cmake
[1.182s] -- Up-to-date: /home/nikhil/nourish_ws/install/nourish_scale_msgs/share/nourish_scale_msgs/cmake/ament_cmake_export_include_directories-extras.cmake
[1.182s] -- Up-to-date: /home/nikhil/nourish_ws/install/nourish_scale_msgs/share/nourish_scale_msgs/cmake/ament_cmake_export_dependencies-extras.cmake
[1.182s] -- Up-to-date: /home/nikhil/nourish_ws/install/nourish_scale_msgs/share/nourish_scale_msgs/cmake/nourish_scale_msgsConfig.cmake
[1.182s] -- Up-to-date: /home/nikhil/nourish_ws/install/nourish_scale_msgs/share/nourish_scale_msgs/cmake/nourish_scale_msgsConfig-version.cmake
[1.182s] -- Up-to-date: /home/nikhil/nourish_ws/install/nourish_scale_msgs/share/nourish_scale_msgs/package.xml
[1.186s] Invoked command in '/home/nikhil/nourish_ws/build/nourish_scale_msgs' returned '0': /usr/bin/cmake --build /home/nikhil/nourish_ws/build/nourish_scale_msgs --target install -- -j12 -l12
