[0.059s] -- The C compiler identification is GNU 7.5.0
[0.103s] -- The CXX compiler identification is GNU 7.5.0
[0.106s] -- Check for working C compiler: /usr/bin/cc
[0.169s] -- Check for working C compiler: /usr/bin/cc -- works
[0.169s] -- Detecting C compiler ABI info
[0.231s] -- Detecting C compiler ABI info - done
[0.235s] -- Detecting C compile features
[0.414s] -- Detecting C compile features - done
[0.416s] -- Check for working CXX compiler: /usr/bin/c++
[0.488s] -- Check for working CXX compiler: /usr/bin/c++ -- works
[0.489s] -- Detecting CXX compiler ABI info
[0.567s] -- Detecting CXX compiler ABI info - done
[0.571s] -- Detecting CXX compile features
[0.909s] -- Detecting CXX compile features - done
[0.912s] -- Found ament_cmake: 0.7.4 (/home/nikhil/ros2_dashing/ros2-linux/share/ament_cmake/cmake)
[0.948s] -- Found PythonInterp: /usr/bin/python3 (found suitable version "3.6.9", minimum required is "3") 
[0.948s] -- Using PYTHON_EXECUTABLE: /usr/bin/python3
[1.146s] -- Found builtin_interfaces: 0.7.4 (/home/nikhil/ros2_dashing/ros2-linux/share/builtin_interfaces/cmake)
[1.159s] -- Found rosidl_adapter: 0.7.9 (/home/nikhil/ros2_dashing/ros2-linux/share/rosidl_adapter/cmake)
[1.191s] -- Found rclcpp: 0.7.12 (/home/nikhil/ros2_dashing/ros2-linux/share/rclcpp/cmake)
[1.205s] -- Found rmw_implementation_cmake: 0.7.2 (/home/nikhil/ros2_dashing/ros2-linux/share/rmw_implementation_cmake/cmake)
[1.206s] -- Using RMW implementation 'rmw_fastrtps_cpp' as default
[1.207s] -- Looking for pthread.h
[1.266s] -- Looking for pthread.h - found
[1.266s] -- Looking for pthread_create
[1.324s] -- Looking for pthread_create - not found
[1.324s] -- Looking for pthread_create in pthreads
[1.375s] -- Looking for pthread_create in pthreads - not found
[1.375s] -- Looking for pthread_create in pthread
[1.453s] -- Looking for pthread_create in pthread - found
[1.454s] -- Found Threads: TRUE  
[1.490s] -- Found gazebo_dev: 3.3.4 (/home/nikhil/nourish_ws/install/gazebo_dev/share/gazebo_dev/cmake)
[1.498s] -- Found PkgConfig: /usr/bin/pkg-config (found version "0.29.1") 
[1.502s] -- Checking for module 'bullet>=2.82'
[1.512s] --   Found bullet, version 2.87
[1.543s] -- Found Simbody: /usr/include/simbody  
[1.613s] -- Boost version: 1.65.1
[1.613s] -- Found the following Boost libraries:
[1.613s] --   thread
[1.613s] --   system
[1.613s] --   filesystem
[1.613s] --   program_options
[1.613s] --   regex
[1.613s] --   iostreams
[1.613s] --   date_time
[1.613s] --   chrono
[1.613s] --   atomic
[1.628s] -- Found Protobuf: /usr/lib/x86_64-linux-gnu/libprotobuf.so;-lpthread (found version "3.0.0") 
[1.650s] -- Boost version: 1.65.1
[1.651s] -- Looking for OGRE...
[1.651s] -- OGRE_PREFIX_WATCH changed.
[1.655s] -- Checking for module 'OGRE'
[1.665s] --   Found OGRE, version 1.9.0
[1.693s] -- Found Ogre Ghadamon (1.9.0)
[1.699s] -- Found OGRE: optimized;/usr/lib/x86_64-linux-gnu/libOgreMain.so;debug;/usr/lib/x86_64-linux-gnu/libOgreMain.so
[1.731s] -- Looking for OGRE_Paging...
[1.736s] -- Found OGRE_Paging: optimized;/usr/lib/x86_64-linux-gnu/libOgrePaging.so;debug;/usr/lib/x86_64-linux-gnu/libOgrePaging.so
[1.736s] -- Looking for OGRE_Terrain...
[1.740s] -- Found OGRE_Terrain: optimized;/usr/lib/x86_64-linux-gnu/libOgreTerrain.so;debug;/usr/lib/x86_64-linux-gnu/libOgreTerrain.so
[1.740s] -- Looking for OGRE_Property...
[1.744s] -- Found OGRE_Property: optimized;/usr/lib/x86_64-linux-gnu/libOgreProperty.so;debug;/usr/lib/x86_64-linux-gnu/libOgreProperty.so
[1.744s] -- Looking for OGRE_RTShaderSystem...
[1.748s] -- Found OGRE_RTShaderSystem: optimized;/usr/lib/x86_64-linux-gnu/libOgreRTShaderSystem.so;debug;/usr/lib/x86_64-linux-gnu/libOgreRTShaderSystem.so
[1.749s] -- Looking for OGRE_Volume...
[1.753s] -- Found OGRE_Volume: optimized;/usr/lib/x86_64-linux-gnu/libOgreVolume.so;debug;/usr/lib/x86_64-linux-gnu/libOgreVolume.so
[1.753s] -- Looking for OGRE_Overlay...
[1.757s] -- Found OGRE_Overlay: optimized;/usr/lib/x86_64-linux-gnu/libOgreOverlay.so;debug;/usr/lib/x86_64-linux-gnu/libOgreOverlay.so
[1.863s] -- Found Protobuf: /usr/lib/x86_64-linux-gnu/libprotobuf.so;-lpthread;-lpthread (found suitable version "3.0.0", minimum required is "2.3.0") 
[1.870s] -- Config-file not installed for ZeroMQ -- checking for pkg-config
[1.874s] -- Checking for module 'libzmq >= 4'
[1.884s] --   Found libzmq , version 4.3.3
[1.912s] -- Found ZeroMQ: TRUE (Required is at least version "4") 
[1.916s] -- Checking for module 'uuid'
[1.926s] --   Found uuid, version 2.31.1
[1.956s] -- Found UUID: TRUE  
[1.967s] -- Checking for module 'tinyxml2'
[1.977s] --   Found tinyxml2, version 6.0.0
[2.005s] -- Looking for dlfcn.h - found
[2.006s] -- Looking for libdl - found
[2.007s] -- Found DL: TRUE  
[2.008s] -- FreeImage.pc not found, we will search for FreeImage_INCLUDE_DIRS and FreeImage_LIBRARIES
[2.083s] -- Checking for module 'gts'
[2.094s] --   Found gts, version 0.7.6
[2.129s] -- Found GTS: TRUE  
[2.133s] -- Checking for module 'libswscale'
[2.145s] --   Found libswscale, version 4.8.100
[2.176s] -- Found SWSCALE: TRUE  
[2.180s] -- Checking for module 'libavdevice >= 56.4.100'
[2.193s] --   Found libavdevice , version 57.10.100
[2.230s] -- Found AVDEVICE: TRUE (Required is at least version "56.4.100") 
[2.234s] -- Checking for module 'libavformat'
[2.244s] --   Found libavformat, version 57.83.100
[2.276s] -- Found AVFORMAT: TRUE  
[2.280s] -- Checking for module 'libavcodec'
[2.290s] --   Found libavcodec, version 57.107.100
[2.322s] -- Found AVCODEC: TRUE  
[2.326s] -- Checking for module 'libavutil'
[2.336s] --   Found libavutil, version 55.78.100
[2.367s] -- Found AVUTIL: TRUE  
[2.373s] -- Found CURL: /usr/lib/x86_64-linux-gnu/libcurl.so (found version "7.58.0") 
[2.380s] -- Checking for module 'jsoncpp'
[2.391s] --   Found jsoncpp, version 1.7.4
[2.420s] -- Found JSONCPP: TRUE  
[2.426s] -- Checking for module 'libzip'
[2.437s] --   Found libzip, version 1.1.2
[2.467s] -- Found ZIP: TRUE  
[2.468s] -- Gazebo version: 9.13
[2.468s] -- Found gazebo_msgs: 3.3.4 (/home/nikhil/nourish_ws/install/gazebo_msgs/share/gazebo_msgs/cmake)
[2.509s] -- Found std_srvs: 0.7.0 (/home/nikhil/ros2_dashing/ros2-linux/share/std_srvs/cmake)
[2.515s] -- Found tinyxml_vendor:  (/home/nikhil/ros2_dashing/ros2-linux/share/tinyxml_vendor/cmake)
[2.697s] -- Found ament_cmake_gtest: 0.7.4 (/home/nikhil/ros2_dashing/ros2-linux/share/ament_cmake_gtest/cmake)
[2.700s] -- Found sensor_msgs: 0.7.0 (/home/nikhil/ros2_dashing/ros2-linux/share/sensor_msgs/cmake)
[2.831s] -- Found gtest sources under '/home/nikhil/ros2_dashing/ros2-linux/src/gtest_vendor': C++ tests using 'Google Test' will be built
[2.833s] -- Check if compiler accepts -pthread
[2.900s] -- Check if compiler accepts -pthread - yes
[3.673s] -- Found ament_lint_auto: 0.7.11 (/home/nikhil/ros2_dashing/ros2-linux/share/ament_lint_auto/cmake)
[3.758s] -- Added test 'copyright' to check for copyright in CMake / C / C++ / Python code
[3.760s] -- Added test 'cppcheck' to perform static code analysis on C / C++ code
[3.762s] -- Configured cppcheck include dirs: /home/nikhil/nourish_ws/src/ros-simulation/gazebo_ros_pkgs/gazebo_ros/include
[3.764s] -- Added test 'cpplint' to check C / C++ code against the Google style
[3.765s] -- Added test 'flake8' to check Python code syntax and style conventions
[3.766s] -- Added test 'lint_cmake' to check CMake code style
[3.766s] -- Added test 'pep257' to check Python code against some of the style conventions in PEP 257
[3.768s] -- Added test 'uncrustify' to check C / C++ code style
[3.769s] -- Added test 'xmllint' to check XML markup files
[3.773s] -- Configuring done
[4.311s] -- Generating done
[4.314s] -- Build files have been written to: /home/nikhil/nourish_ws/build/gazebo_ros
[4.365s] [35m[1mScanning dependencies of target gtest[0m
[4.366s] [35m[1mScanning dependencies of target gazebo_ros_utils[0m
[4.366s] [35m[1mScanning dependencies of target gtest_main[0m
[4.366s] [35m[1mScanning dependencies of target gazebo_ros_node[0m
[4.386s] [  2%] [32mBuilding CXX object gtest/CMakeFiles/gtest.dir/src/gtest-all.cc.o[0m
[4.387s] [  4%] [32mBuilding CXX object gtest/CMakeFiles/gtest_main.dir/src/gtest_main.cc.o[0m
[4.417s] [  8%] [32mBuilding CXX object CMakeFiles/gazebo_ros_node.dir/src/executor.cpp.o[0m
[4.418s] [  8%] [32mBuilding CXX object CMakeFiles/gazebo_ros_node.dir/src/node.cpp.o[0m
[4.475s] [ 11%] [32mBuilding CXX object CMakeFiles/gazebo_ros_utils.dir/src/utils.cpp.o[0m
[4.987s] [ 13%] [32m[1mLinking CXX static library libgtest_main.a[0m
[5.031s] [ 13%] Built target gtest_main
[7.050s] [ 15%] [32m[1mLinking CXX static library libgtest.a[0m
[7.103s] [ 15%] Built target gtest
[8.341s] [ 17%] [32m[1mLinking CXX shared library libgazebo_ros_node.so[0m
[8.563s] [ 20%] [32m[1mLinking CXX shared library libgazebo_ros_utils.so[0m
[8.563s] [ 20%] Built target gazebo_ros_node
[8.575s] [35m[1mScanning dependencies of target gazebo_ros_state[0m
[8.575s] [35m[1mScanning dependencies of target args_init[0m
[8.578s] [35m[1mScanning dependencies of target multiple_nodes[0m
[8.578s] [35m[1mScanning dependencies of target gazebo_ros_properties[0m
[8.578s] [35m[1mScanning dependencies of target ros_world_plugin[0m
[8.579s] [35m[1mScanning dependencies of target create_node_without_init[0m
[8.579s] [35m[1mScanning dependencies of target sdf_node[0m
[8.624s] [ 22%] [32mBuilding CXX object test/CMakeFiles/args_init.dir/plugins/args_init.cpp.o[0m
[8.647s] [ 24%] [32mBuilding CXX object test/CMakeFiles/multiple_nodes.dir/plugins/multiple_nodes.cpp.o[0m
[8.651s] [ 28%] [32mBuilding CXX object test/CMakeFiles/ros_world_plugin.dir/plugins/ros_world_plugin.cpp.o[0m
[8.651s] [ 28%] [32mBuilding CXX object test/CMakeFiles/create_node_without_init.dir/plugins/create_node_without_init.cpp.o[0m
[8.653s] [ 31%] [32mBuilding CXX object test/CMakeFiles/sdf_node.dir/plugins/sdf_node.cpp.o[0m
[8.721s] [ 33%] [32mBuilding CXX object CMakeFiles/gazebo_ros_state.dir/src/gazebo_ros_state.cpp.o[0m
[8.732s] [ 35%] [32mBuilding CXX object CMakeFiles/gazebo_ros_properties.dir/src/gazebo_ros_properties.cpp.o[0m
[8.817s] [ 35%] Built target gazebo_ros_utils
[8.837s] [35m[1mScanning dependencies of target gazebo_ros_factory[0m
[8.837s] [35m[1mScanning dependencies of target test_utils[0m
[8.838s] [35m[1mScanning dependencies of target test_plugins[0m
[8.838s] [35m[1mScanning dependencies of target gazebo_ros_init[0m
[8.838s] [35m[1mScanning dependencies of target test_conversions[0m
[8.912s] [ 37%] [32mBuilding CXX object test/CMakeFiles/test_conversions.dir/test_conversions.cpp.o[0m
[8.925s] [ 40%] [32mBuilding CXX object test/CMakeFiles/test_plugins.dir/test_plugins.cpp.o[0m
[9.016s] [ 42%] [32mBuilding CXX object test/CMakeFiles/test_utils.dir/test_utils.cpp.o[0m
[9.035s] [ 44%] [32mBuilding CXX object CMakeFiles/gazebo_ros_init.dir/src/gazebo_ros_init.cpp.o[0m
[9.041s] [ 46%] [32mBuilding CXX object CMakeFiles/gazebo_ros_factory.dir/src/gazebo_ros_factory.cpp.o[0m
[10.969s] [ 48%] [32m[1mLinking CXX executable test_conversions[0m
[12.446s] [ 48%] Built target test_conversions
[12.468s] [35m[1mScanning dependencies of target test_gazebo_ros_properties[0m
[12.723s] [ 51%] [32mBuilding CXX object test/CMakeFiles/test_gazebo_ros_properties.dir/test_gazebo_ros_properties.cpp.o[0m
[14.400s] [ 53%] [32m[1mLinking CXX executable test_plugins[0m
[15.477s] [ 53%] Built target test_plugins
[15.561s] [35m[1mScanning dependencies of target test_sim_time[0m
[15.687s] [ 55%] [32mBuilding CXX object test/CMakeFiles/test_sim_time.dir/test_sim_time.cpp.o[0m
[15.818s] [ 57%] [32m[1mLinking CXX shared library libcreate_node_without_init.so[0m
[15.834s] [ 60%] [32m[1mLinking CXX shared library libmultiple_nodes.so[0m
[15.956s] [ 62%] [32m[1mLinking CXX shared library libros_world_plugin.so[0m
[16.173s] [ 64%] [32m[1mLinking CXX shared library libargs_init.so[0m
[16.265s] [ 66%] [32m[1mLinking CXX shared library libsdf_node.so[0m
[16.371s] [ 66%] Built target create_node_without_init
[16.397s] [35m[1mScanning dependencies of target test_gazebo_ros_factory[0m
[16.406s] [ 66%] Built target multiple_nodes
[16.428s] [35m[1mScanning dependencies of target test_gazebo_ros_state[0m
[16.636s] [ 68%] [32mBuilding CXX object test/CMakeFiles/test_gazebo_ros_factory.dir/test_gazebo_ros_factory.cpp.o[0m
[16.653s] [ 68%] Built target ros_world_plugin
[16.656s] [ 71%] [32mBuilding CXX object test/CMakeFiles/test_gazebo_ros_state.dir/test_gazebo_ros_state.cpp.o[0m
[16.675s] [35m[1mScanning dependencies of target test_gazebo_ros_init[0m
[16.749s] [ 71%] Built target args_init
[16.772s] [35m[1mScanning dependencies of target test_node[0m
[16.775s] [ 71%] Built target sdf_node
[16.870s] [ 73%] [32mBuilding CXX object test/CMakeFiles/test_node.dir/test_node.cpp.o[0m
[16.898s] [ 75%] [32mBuilding CXX object test/CMakeFiles/test_gazebo_ros_init.dir/test_gazebo_ros_init.cpp.o[0m
[18.437s] [ 77%] [32m[1mLinking CXX executable test_utils[0m
[19.882s] [ 77%] Built target test_utils
[20.289s] [ 80%] [32m[1mLinking CXX executable test_sim_time[0m
[20.332s] [ 82%] [32m[1mLinking CXX shared library libgazebo_ros_init.so[0m
[21.023s] [ 82%] Built target test_sim_time
[21.113s] [ 82%] Built target gazebo_ros_init
[22.846s] [ 84%] [32m[1mLinking CXX shared library libgazebo_ros_factory.so[0m
[23.151s] [ 86%] [32m[1mLinking CXX executable test_node[0m
[23.159s] [ 88%] [32m[1mLinking CXX shared library libgazebo_ros_state.so[0m
[23.923s] [ 88%] Built target gazebo_ros_factory
[24.138s] [ 88%] Built target gazebo_ros_state
[24.185s] [ 91%] [32m[1mLinking CXX shared library libgazebo_ros_properties.so[0m
[24.291s] [ 91%] Built target test_node
[24.952s] [ 91%] Built target gazebo_ros_properties
[31.749s] [ 93%] [32m[1mLinking CXX executable test_gazebo_ros_init[0m
[32.104s] [ 95%] [32m[1mLinking CXX executable test_gazebo_ros_factory[0m
[33.039s] [ 95%] Built target test_gazebo_ros_init
[33.398s] [ 95%] Built target test_gazebo_ros_factory
[33.833s] [ 97%] [32m[1mLinking CXX executable test_gazebo_ros_properties[0m
[34.069s] [100%] [32m[1mLinking CXX executable test_gazebo_ros_state[0m
[35.064s] [100%] Built target test_gazebo_ros_properties
[35.226s] [100%] Built target test_gazebo_ros_state
[35.341s] [  4%] Built target gtest_main
[35.344s] [  8%] Built target gtest
[35.349s] [ 13%] Built target gazebo_ros_utils
[35.352s] [ 20%] Built target gazebo_ros_node
[35.402s] [ 24%] Built target test_conversions
[35.402s] [ 31%] Built target test_plugins
[35.403s] [ 33%] Built target args_init
[35.403s] [ 37%] Built target ros_world_plugin
[35.403s] [ 42%] Built target sdf_node
[35.404s] [ 46%] Built target multiple_nodes
[35.412s] [ 51%] Built target test_utils
[35.414s] [ 55%] Built target gazebo_ros_init
[35.416s] [ 60%] Built target gazebo_ros_state
[35.417s] [ 64%] Built target gazebo_ros_factory
[35.426s] [ 68%] Built target gazebo_ros_properties
[35.429s] [ 73%] Built target test_gazebo_ros_properties
[35.443s] [ 77%] Built target test_node
[35.445s] [ 82%] Built target test_sim_time
[35.445s] [ 86%] Built target create_node_without_init
[35.461s] [ 91%] Built target test_gazebo_ros_factory
[35.466s] [ 95%] Built target test_gazebo_ros_state
[35.467s] [100%] Built target test_gazebo_ros_init
[35.485s] [36mInstall the project...[0m
[35.493s] -- Install configuration: ""
[35.493s] -- Installing: /home/nikhil/nourish_ws/install/gazebo_ros/share/gazebo_ros/environment/pythonpath.sh
[35.493s] -- Installing: /home/nikhil/nourish_ws/install/gazebo_ros/lib/python3.6/site-packages/scripts/
[35.493s] -- Installing: /home/nikhil/nourish_ws/install/gazebo_ros/lib/python3.6/site-packages/scripts//gazebo_ros_paths.py
[35.493s] -- Installing: /home/nikhil/nourish_ws/install/gazebo_ros/lib/python3.6/site-packages/scripts//__init__.py
[35.494s] -- Installing: /home/nikhil/nourish_ws/install/gazebo_ros/lib/python3.6/site-packages/scripts//spawn_entity.py
[35.524s] Listing '/home/nikhil/nourish_ws/install/gazebo_ros/lib/python3.6/site-packages/scripts/'...
[35.524s] Compiling '/home/nikhil/nourish_ws/install/gazebo_ros/lib/python3.6/site-packages/scripts/__init__.py'...
[35.524s] Compiling '/home/nikhil/nourish_ws/install/gazebo_ros/lib/python3.6/site-packages/scripts/gazebo_ros_paths.py'...
[35.524s] Compiling '/home/nikhil/nourish_ws/install/gazebo_ros/lib/python3.6/site-packages/scripts/spawn_entity.py'...
[35.527s] -- Installing: /home/nikhil/nourish_ws/install/gazebo_ros/share/gazebo_ros/environment/library_path.sh
[35.527s] -- Installing: /home/nikhil/nourish_ws/install/gazebo_ros/share/ament_index/resource_index/package_run_dependencies/gazebo_ros
[35.527s] -- Installing: /home/nikhil/nourish_ws/install/gazebo_ros/share/ament_index/resource_index/parent_prefix_path/gazebo_ros
[35.527s] -- Installing: /home/nikhil/nourish_ws/install/gazebo_ros/share/gazebo_ros/environment/ament_prefix_path.sh
[35.527s] -- Installing: /home/nikhil/nourish_ws/install/gazebo_ros/share/gazebo_ros/environment/path.sh
[35.527s] -- Installing: /home/nikhil/nourish_ws/install/gazebo_ros/share/gazebo_ros/local_setup.bash
[35.527s] -- Installing: /home/nikhil/nourish_ws/install/gazebo_ros/share/gazebo_ros/local_setup.sh
[35.528s] -- Installing: /home/nikhil/nourish_ws/install/gazebo_ros/share/gazebo_ros/local_setup.zsh
[35.528s] -- Installing: /home/nikhil/nourish_ws/install/gazebo_ros/share/ament_index/resource_index/packages/gazebo_ros
[35.528s] -- Installing: /home/nikhil/nourish_ws/install/gazebo_ros/share/gazebo_ros/cmake/ament_cmake_export_libraries-extras.cmake
[35.528s] -- Installing: /home/nikhil/nourish_ws/install/gazebo_ros/share/gazebo_ros/cmake/ament_cmake_export_include_directories-extras.cmake
[35.528s] -- Installing: /home/nikhil/nourish_ws/install/gazebo_ros/share/gazebo_ros/cmake/ament_cmake_export_dependencies-extras.cmake
[35.528s] -- Installing: /home/nikhil/nourish_ws/install/gazebo_ros/share/gazebo_ros/cmake/gazebo_rosConfig.cmake
[35.528s] -- Installing: /home/nikhil/nourish_ws/install/gazebo_ros/share/gazebo_ros/cmake/gazebo_rosConfig-version.cmake
[35.528s] -- Installing: /home/nikhil/nourish_ws/install/gazebo_ros/share/gazebo_ros/package.xml
[35.528s] -- Installing: /home/nikhil/nourish_ws/install/gazebo_ros/include
[35.528s] -- Installing: /home/nikhil/nourish_ws/install/gazebo_ros/include/gazebo_ros
[35.528s] -- Installing: /home/nikhil/nourish_ws/install/gazebo_ros/include/gazebo_ros/gazebo_ros_state.hpp
[35.528s] -- Installing: /home/nikhil/nourish_ws/install/gazebo_ros/include/gazebo_ros/conversions
[35.528s] -- Installing: /home/nikhil/nourish_ws/install/gazebo_ros/include/gazebo_ros/conversions/geometry_msgs.hpp
[35.529s] -- Installing: /home/nikhil/nourish_ws/install/gazebo_ros/include/gazebo_ros/conversions/sensor_msgs.hpp
[35.529s] -- Installing: /home/nikhil/nourish_ws/install/gazebo_ros/include/gazebo_ros/conversions/generic.hpp
[35.529s] -- Installing: /home/nikhil/nourish_ws/install/gazebo_ros/include/gazebo_ros/conversions/builtin_interfaces.hpp
[35.529s] -- Installing: /home/nikhil/nourish_ws/install/gazebo_ros/include/gazebo_ros/conversions/gazebo_msgs.hpp
[35.529s] -- Installing: /home/nikhil/nourish_ws/install/gazebo_ros/include/gazebo_ros/node.hpp
[35.529s] -- Installing: /home/nikhil/nourish_ws/install/gazebo_ros/include/gazebo_ros/gazebo_ros_factory.hpp
[35.529s] -- Installing: /home/nikhil/nourish_ws/install/gazebo_ros/include/gazebo_ros/testing_utils.hpp
[35.529s] -- Installing: /home/nikhil/nourish_ws/install/gazebo_ros/include/gazebo_ros/gazebo_ros_properties.hpp
[35.529s] -- Installing: /home/nikhil/nourish_ws/install/gazebo_ros/include/gazebo_ros/executor.hpp
[35.529s] -- Installing: /home/nikhil/nourish_ws/install/gazebo_ros/include/gazebo_ros/gazebo_ros_init.hpp
[35.529s] -- Installing: /home/nikhil/nourish_ws/install/gazebo_ros/include/gazebo_ros/utils.hpp
[35.529s] -- Installing: /home/nikhil/nourish_ws/install/gazebo_ros/lib/gazebo_ros/gazebo_ros_paths.py
[35.529s] -- Installing: /home/nikhil/nourish_ws/install/gazebo_ros/lib/libgazebo_ros_factory.so
[35.530s] -- Set runtime path of "/home/nikhil/nourish_ws/install/gazebo_ros/lib/libgazebo_ros_factory.so" to ""
[35.530s] -- Installing: /home/nikhil/nourish_ws/install/gazebo_ros/lib/libgazebo_ros_init.so
[35.532s] -- Set runtime path of "/home/nikhil/nourish_ws/install/gazebo_ros/lib/libgazebo_ros_init.so" to ""
[35.532s] -- Installing: /home/nikhil/nourish_ws/install/gazebo_ros/lib/libgazebo_ros_node.so
[35.533s] -- Set runtime path of "/home/nikhil/nourish_ws/install/gazebo_ros/lib/libgazebo_ros_node.so" to ""
[35.533s] -- Installing: /home/nikhil/nourish_ws/install/gazebo_ros/lib/libgazebo_ros_properties.so
[35.534s] -- Set runtime path of "/home/nikhil/nourish_ws/install/gazebo_ros/lib/libgazebo_ros_properties.so" to ""
[35.535s] -- Installing: /home/nikhil/nourish_ws/install/gazebo_ros/lib/libgazebo_ros_state.so
[35.536s] -- Set runtime path of "/home/nikhil/nourish_ws/install/gazebo_ros/lib/libgazebo_ros_state.so" to ""
[35.536s] -- Installing: /home/nikhil/nourish_ws/install/gazebo_ros/lib/libgazebo_ros_utils.so
[35.537s] -- Set runtime path of "/home/nikhil/nourish_ws/install/gazebo_ros/lib/libgazebo_ros_utils.so" to ""
[35.537s] -- Installing: /home/nikhil/nourish_ws/install/gazebo_ros/lib/gazebo_ros/spawn_entity.py
[35.537s] -- Installing: /home/nikhil/nourish_ws/install/gazebo_ros/share/gazebo_ros//launch
[35.537s] -- Installing: /home/nikhil/nourish_ws/install/gazebo_ros/share/gazebo_ros//launch/gazebo.launch.py
[35.537s] -- Installing: /home/nikhil/nourish_ws/install/gazebo_ros/share/gazebo_ros//launch/empty_world.launch.py
[35.537s] -- Installing: /home/nikhil/nourish_ws/install/gazebo_ros/share/gazebo_ros//launch/gzclient.launch.py
[35.538s] -- Installing: /home/nikhil/nourish_ws/install/gazebo_ros/share/gazebo_ros//launch/gzserver.launch.py
[35.538s] -- Installing: /home/nikhil/nourish_ws/install/gazebo_ros/share/gazebo_ros//launch/spawn_entity_demo.launch.py
