[0.266s] -- The C compiler identification is GNU 7.5.0
[0.368s] -- The CXX compiler identification is GNU 7.5.0
[0.377s] -- Check for working C compiler: /usr/bin/cc
[0.578s] -- Check for working C compiler: /usr/bin/cc -- works
[0.579s] -- Detecting C compiler ABI info
[0.837s] -- Detecting C compiler ABI info - done
[0.847s] -- Detecting C compile features
[1.655s] -- Detecting C compile features - done
[1.659s] -- Check for working CXX compiler: /usr/bin/c++
[1.799s] -- Check for working CXX compiler: /usr/bin/c++ -- works
[1.800s] -- Detecting CXX compiler ABI info
[1.932s] -- Detecting CXX compiler ABI info - done
[1.940s] -- Detecting CXX compile features
[2.346s] -- Detecting CXX compile features - done
[2.348s] -- Found ament_cmake: 0.7.4 (/home/nikhil/ros2_dashing/ros2-linux/share/ament_cmake/cmake)
[2.376s] -- Found PythonInterp: /usr/bin/python3 (found suitable version "3.6.9", minimum required is "3") 
[2.376s] -- Using PYTHON_EXECUTABLE: /usr/bin/python3
[2.624s] -- Found rclcpp: 0.7.12 (/home/nikhil/ros2_dashing/ros2-linux/share/rclcpp/cmake)
[2.644s] -- Found rosidl_adapter: 0.7.9 (/home/nikhil/ros2_dashing/ros2-linux/share/rosidl_adapter/cmake)
[2.698s] -- Found rmw_implementation_cmake: 0.7.2 (/home/nikhil/ros2_dashing/ros2-linux/share/rmw_implementation_cmake/cmake)
[2.699s] -- Using RMW implementation 'rmw_fastrtps_cpp' as default
[2.700s] -- Looking for pthread.h
[2.792s] -- Looking for pthread.h - found
[2.792s] -- Looking for pthread_create
[2.892s] -- Looking for pthread_create - not found
[2.892s] -- Looking for pthread_create in pthreads
[2.963s] -- Looking for pthread_create in pthreads - not found
[2.963s] -- Looking for pthread_create in pthread
[3.039s] -- Looking for pthread_create in pthread - found
[3.041s] -- Found Threads: TRUE  
[3.089s] -- Found std_msgs: 0.7.0 (/home/nikhil/ros2_dashing/ros2-linux/share/std_msgs/cmake)
[3.095s] -- Found nourish_scale_msgs: 0.0.0 (/home/nikhil/nourish_ws/install/nourish_scale_msgs/share/nourish_scale_msgs/cmake)
[3.098s] -- Found nourish_dcb: 0.0.0 (/home/nikhil/nourish_ws/install/nourish_dcb/share/nourish_dcb/cmake)
[3.119s] -- Found ament_lint_auto: 0.7.11 (/home/nikhil/ros2_dashing/ros2-linux/share/ament_lint_auto/cmake)
[3.121s] -- Found ament_cmake_gtest: 0.7.4 (/home/nikhil/ros2_dashing/ros2-linux/share/ament_cmake_gtest/cmake)
[3.234s] -- Found gtest sources under '/home/nikhil/ros2_dashing/ros2-linux/src/gtest_vendor': C++ tests using 'Google Test' will be built
[3.236s] -- Check if compiler accepts -pthread
[3.320s] -- Check if compiler accepts -pthread - yes
[3.342s] -- Added test 'copyright' to check for copyright in CMake / C / C++ / Python code
[3.344s] -- Added test 'cppcheck' to perform static code analysis on C / C++ code
[3.344s] -- Configured cppcheck include dirs: /home/nikhil/nourish_ws/src/ros2-nourish-scale/nourish_scale/include
[3.345s] -- Added test 'cpplint' to check C / C++ code against the Google style
[3.346s] -- Added test 'lint_cmake' to check CMake code style
[3.347s] -- Added test 'uncrustify' to check C / C++ code style
[3.347s] -- Added test 'xmllint' to check XML markup files
[3.350s] -- Configuring done
[3.383s] -- Generating done
[3.384s] -- Build files have been written to: /home/nikhil/nourish_ws/build/nourish_scale
[3.448s] [35m[1mScanning dependencies of target gtest[0m
[3.449s] [35m[1mScanning dependencies of target gtest_main[0m
[3.449s] [35m[1mScanning dependencies of target scale[0m
[3.469s] [  8%] [32mBuilding CXX object gtest/CMakeFiles/gtest_main.dir/src/gtest_main.cc.o[0m
[3.479s] [ 16%] [32mBuilding CXX object gtest/CMakeFiles/gtest.dir/src/gtest-all.cc.o[0m
[3.507s] [ 25%] [32mBuilding CXX object CMakeFiles/scale.dir/src/scale.cpp.o[0m
[3.508s] [ 33%] [32mBuilding CXX object CMakeFiles/scale.dir/src/scale_node_main.cpp.o[0m
[3.509s] [ 41%] [32mBuilding CXX object CMakeFiles/scale.dir/src/scale_node.cpp.o[0m
[4.547s] [ 50%] [32m[1mLinking CXX static library libgtest_main.a[0m
[4.797s] [ 50%] Built target gtest_main
[7.058s] [ 58%] [32m[1mLinking CXX static library libgtest.a[0m
[7.128s] [ 66%] [32m[1mLinking CXX executable scale[0m
[7.131s] [ 66%] Built target gtest
[7.144s] [35m[1mScanning dependencies of target nourish_scale_my_test[0m
[7.189s] [ 75%] [32mBuilding CXX object CMakeFiles/nourish_scale_my_test.dir/src/scale.cpp.o[0m
[7.189s] [ 91%] [32mBuilding CXX object CMakeFiles/nourish_scale_my_test.dir/test/sample_test.cpp.o[0m
[7.189s] [ 91%] [32mBuilding CXX object CMakeFiles/nourish_scale_my_test.dir/src/scale_node.cpp.o[0m
[7.330s] [ 91%] Built target scale
[9.837s] [100%] [32m[1mLinking CXX executable nourish_scale_my_test[0m
[10.149s] [100%] Built target nourish_scale_my_test
[10.263s] [ 16%] Built target gtest
[10.277s] [ 33%] Built target gtest_main
[10.282s] [ 66%] Built target scale
[10.318s] [100%] Built target nourish_scale_my_test
[10.342s] [36mInstall the project...[0m
[10.352s] -- Install configuration: ""
[10.352s] -- Installing: /home/nikhil/nourish_ws/install/nourish_scale/lib/nourish_scale/scale
[10.353s] -- Set runtime path of "/home/nikhil/nourish_ws/install/nourish_scale/lib/nourish_scale/scale" to ""
[10.353s] -- Installing: /home/nikhil/nourish_ws/install/nourish_scale/share/ament_index/resource_index/package_run_dependencies/nourish_scale
[10.354s] -- Installing: /home/nikhil/nourish_ws/install/nourish_scale/share/ament_index/resource_index/parent_prefix_path/nourish_scale
[10.354s] -- Installing: /home/nikhil/nourish_ws/install/nourish_scale/share/nourish_scale/environment/ament_prefix_path.sh
[10.354s] -- Installing: /home/nikhil/nourish_ws/install/nourish_scale/share/nourish_scale/environment/path.sh
[10.354s] -- Installing: /home/nikhil/nourish_ws/install/nourish_scale/share/nourish_scale/local_setup.bash
[10.354s] -- Installing: /home/nikhil/nourish_ws/install/nourish_scale/share/nourish_scale/local_setup.sh
[10.354s] -- Installing: /home/nikhil/nourish_ws/install/nourish_scale/share/nourish_scale/local_setup.zsh
[10.354s] -- Installing: /home/nikhil/nourish_ws/install/nourish_scale/share/ament_index/resource_index/packages/nourish_scale
[10.354s] -- Installing: /home/nikhil/nourish_ws/install/nourish_scale/share/nourish_scale/cmake/nourish_scaleConfig.cmake
[10.354s] -- Installing: /home/nikhil/nourish_ws/install/nourish_scale/share/nourish_scale/cmake/nourish_scaleConfig-version.cmake
[10.355s] -- Installing: /home/nikhil/nourish_ws/install/nourish_scale/share/nourish_scale/package.xml
