[0.077s] [ 16%] Built target gtest_main
[0.080s] [ 33%] Built target gtest
[0.084s] [ 41%] [32m[1mLinking CXX executable scale[0m
[0.124s] [ 50%] [32m[1mLinking CXX executable nourish_scale_my_test[0m
[0.337s] [ 75%] Built target scale
[0.440s] [100%] Built target nourish_scale_my_test
[0.537s] [ 33%] Built target gtest
[0.537s] [ 33%] Built target gtest_main
[0.544s] [ 66%] Built target scale
[0.563s] [100%] Built target nourish_scale_my_test
[0.580s] [36mInstall the project...[0m
[0.588s] -- Install configuration: ""
[0.588s] -- Installing: /home/nikhil/nourish_ws/install/nourish_scale/lib/nourish_scale/scale
[0.590s] -- Set runtime path of "/home/nikhil/nourish_ws/install/nourish_scale/lib/nourish_scale/scale" to ""
[0.590s] -- Up-to-date: /home/nikhil/nourish_ws/install/nourish_scale/share/ament_index/resource_index/package_run_dependencies/nourish_scale
[0.590s] -- Up-to-date: /home/nikhil/nourish_ws/install/nourish_scale/share/ament_index/resource_index/parent_prefix_path/nourish_scale
[0.590s] -- Up-to-date: /home/nikhil/nourish_ws/install/nourish_scale/share/nourish_scale/environment/ament_prefix_path.sh
[0.590s] -- Up-to-date: /home/nikhil/nourish_ws/install/nourish_scale/share/nourish_scale/environment/path.sh
[0.590s] -- Up-to-date: /home/nikhil/nourish_ws/install/nourish_scale/share/nourish_scale/local_setup.bash
[0.590s] -- Up-to-date: /home/nikhil/nourish_ws/install/nourish_scale/share/nourish_scale/local_setup.sh
[0.590s] -- Up-to-date: /home/nikhil/nourish_ws/install/nourish_scale/share/nourish_scale/local_setup.zsh
[0.591s] -- Up-to-date: /home/nikhil/nourish_ws/install/nourish_scale/share/ament_index/resource_index/packages/nourish_scale
[0.591s] -- Up-to-date: /home/nikhil/nourish_ws/install/nourish_scale/share/nourish_scale/cmake/nourish_scaleConfig.cmake
[0.591s] -- Up-to-date: /home/nikhil/nourish_ws/install/nourish_scale/share/nourish_scale/cmake/nourish_scaleConfig-version.cmake
[0.591s] -- Up-to-date: /home/nikhil/nourish_ws/install/nourish_scale/share/nourish_scale/package.xml
