[0.086s] Invoking command in '/home/nikhil/nourish_ws/build/cv_bridge': /usr/bin/cmake --build /home/nikhil/nourish_ws/build/cv_bridge -- -j12 -l12
[0.173s] [ 12%] Built target gtest
[0.175s] [ 31%] Built target cv_bridge
[0.176s] [ 43%] Built target gtest_main
[0.239s] [ 81%] Built target cv_bridge-utest
[0.250s] [100%] Built target cv_bridge_boost
[0.285s] Invoked command in '/home/nikhil/nourish_ws/build/cv_bridge' returned '0': /usr/bin/cmake --build /home/nikhil/nourish_ws/build/cv_bridge -- -j12 -l12
[0.435s] Invoking command in '/home/nikhil/nourish_ws/build/cv_bridge': /usr/bin/cmake --build /home/nikhil/nourish_ws/build/cv_bridge --target install -- -j12 -l12
[0.525s] [ 12%] Built target gtest
[0.530s] [ 25%] Built target gtest_main
[0.535s] [ 43%] Built target cv_bridge
[0.592s] [ 62%] Built target cv_bridge_boost
[0.594s] [100%] Built target cv_bridge-utest
[0.634s] [36mInstall the project...[0m
[0.654s] -- Install configuration: ""
[0.655s] -- Up-to-date: /home/nikhil/nourish_ws/install/cv_bridge/share/cv_bridge/environment/library_path.sh
[0.655s] -- Up-to-date: /home/nikhil/nourish_ws/install/cv_bridge/include/cv_bridge
[0.655s] -- Up-to-date: /home/nikhil/nourish_ws/install/cv_bridge/include/cv_bridge/rgb_colors.h
[0.655s] -- Up-to-date: /home/nikhil/nourish_ws/install/cv_bridge/include/cv_bridge/cv_bridge.h
[0.655s] -- Up-to-date: /home/nikhil/nourish_ws/install/cv_bridge/share/ament_index/resource_index/package_run_dependencies/cv_bridge
[0.656s] -- Up-to-date: /home/nikhil/nourish_ws/install/cv_bridge/share/ament_index/resource_index/parent_prefix_path/cv_bridge
[0.656s] -- Up-to-date: /home/nikhil/nourish_ws/install/cv_bridge/share/cv_bridge/environment/ament_prefix_path.sh
[0.656s] -- Up-to-date: /home/nikhil/nourish_ws/install/cv_bridge/share/cv_bridge/environment/path.sh
[0.657s] -- Up-to-date: /home/nikhil/nourish_ws/install/cv_bridge/share/cv_bridge/local_setup.bash
[0.657s] -- Up-to-date: /home/nikhil/nourish_ws/install/cv_bridge/share/cv_bridge/local_setup.sh
[0.657s] -- Up-to-date: /home/nikhil/nourish_ws/install/cv_bridge/share/cv_bridge/local_setup.zsh
[0.658s] -- Up-to-date: /home/nikhil/nourish_ws/install/cv_bridge/share/ament_index/resource_index/packages/cv_bridge
[0.658s] -- Up-to-date: /home/nikhil/nourish_ws/install/cv_bridge/share/cv_bridge/cmake/cv_bridge-extras.cmake
[0.658s] -- Up-to-date: /home/nikhil/nourish_ws/install/cv_bridge/share/cv_bridge/cmake/ament_cmake_export_dependencies-extras.cmake
[0.659s] -- Up-to-date: /home/nikhil/nourish_ws/install/cv_bridge/share/cv_bridge/cmake/ament_cmake_export_include_directories-extras.cmake
[0.659s] -- Up-to-date: /home/nikhil/nourish_ws/install/cv_bridge/share/cv_bridge/cmake/ament_cmake_export_libraries-extras.cmake
[0.659s] -- Up-to-date: /home/nikhil/nourish_ws/install/cv_bridge/share/cv_bridge/cmake/cv_bridgeConfig.cmake
[0.660s] -- Up-to-date: /home/nikhil/nourish_ws/install/cv_bridge/share/cv_bridge/cmake/cv_bridgeConfig-version.cmake
[0.660s] -- Up-to-date: /home/nikhil/nourish_ws/install/cv_bridge/share/cv_bridge/package.xml
[0.661s] -- Up-to-date: /home/nikhil/nourish_ws/install/cv_bridge/share/cv_bridge/environment/pythonpath.sh
[0.661s] -- Up-to-date: /home/nikhil/nourish_ws/install/cv_bridge/lib/python3.6/site-packages/cv_bridge
[0.661s] -- Up-to-date: /home/nikhil/nourish_ws/install/cv_bridge/lib/python3.6/site-packages/cv_bridge/__init__.py
[0.662s] -- Up-to-date: /home/nikhil/nourish_ws/install/cv_bridge/lib/python3.6/site-packages/cv_bridge/core.py
[0.713s] Listing '/home/nikhil/nourish_ws/install/cv_bridge/lib/python3.6/site-packages/cv_bridge'...
[0.714s] Listing '/home/nikhil/nourish_ws/install/cv_bridge/lib/python3.6/site-packages/cv_bridge/boost'...
[0.719s] -- Up-to-date: /home/nikhil/nourish_ws/install/cv_bridge/lib/libcv_bridge.so
[0.720s] -- Up-to-date: /home/nikhil/nourish_ws/install/cv_bridge/include/cv_bridge/cv_bridge_export.h
[0.721s] -- Up-to-date: /home/nikhil/nourish_ws/install/cv_bridge/lib/python3.6/site-packages/cv_bridge/boost/cv_bridge_boost.so
[0.729s] Invoked command in '/home/nikhil/nourish_ws/build/cv_bridge' returned '0': /usr/bin/cmake --build /home/nikhil/nourish_ws/build/cv_bridge --target install -- -j12 -l12
