[0.034s] Invoking command in '/home/nikhil/nourish_ws/build/nourish_scale_msgs': /usr/bin/cmake --build /home/nikhil/nourish_ws/build/nourish_scale_msgs -- -j12 -l12
[0.102s] [  2%] Built target nourish_scale_msgs__cpp
[0.111s] [ 12%] Built target nourish_scale_msgs__rosidl_generator_c
[0.159s] [ 23%] Built target nourish_scale_msgs__rosidl_typesupport_fastrtps_cpp
[0.161s] [ 33%] Built target nourish_scale_msgs__rosidl_typesupport_introspection_cpp
[0.162s] [ 53%] Built target nourish_scale_msgs__rosidl_typesupport_cpp
[0.162s] [ 53%] Built target nourish_scale_msgs__rosidl_typesupport_introspection_c
[0.165s] [ 64%] Built target nourish_scale_msgs__rosidl_typesupport_c
[0.195s] [ 74%] Built target nourish_scale_msgs__rosidl_typesupport_fastrtps_c
[0.218s] [ 74%] Built target nourish_scale_msgs
[0.250s] [ 76%] Built target nourish_scale_msgs__py
[0.269s] [ 84%] Built target nourish_scale_msgs__python
[0.304s] [ 89%] Built target nourish_scale_msgs__rosidl_typesupport_introspection_c__pyext
[0.311s] [ 94%] Built target nourish_scale_msgs__rosidl_typesupport_fastrtps_c__pyext
[0.311s] [100%] Built target nourish_scale_msgs__rosidl_typesupport_c__pyext
[0.329s] Invoked command in '/home/nikhil/nourish_ws/build/nourish_scale_msgs' returned '0': /usr/bin/cmake --build /home/nikhil/nourish_ws/build/nourish_scale_msgs -- -j12 -l12
[0.418s] Invoking command in '/home/nikhil/nourish_ws/build/nourish_scale_msgs': /usr/bin/cmake --build /home/nikhil/nourish_ws/build/nourish_scale_msgs --target install -- -j12 -l12
[0.477s] [ 10%] Built target nourish_scale_msgs__rosidl_generator_c
[0.479s] [ 12%] Built target nourish_scale_msgs__cpp
[0.516s] [ 23%] Built target nourish_scale_msgs__rosidl_typesupport_introspection_c
[0.521s] [ 33%] Built target nourish_scale_msgs__rosidl_typesupport_c
[0.521s] [ 43%] Built target nourish_scale_msgs__rosidl_typesupport_fastrtps_cpp
[0.522s] [ 53%] Built target nourish_scale_msgs__rosidl_typesupport_introspection_cpp
[0.522s] [ 64%] Built target nourish_scale_msgs__rosidl_typesupport_cpp
[0.550s] [ 74%] Built target nourish_scale_msgs__rosidl_typesupport_fastrtps_c
[0.583s] [ 74%] Built target nourish_scale_msgs
[0.608s] [ 76%] Built target nourish_scale_msgs__py
[0.641s] [ 84%] Built target nourish_scale_msgs__python
[0.673s] [ 89%] Built target nourish_scale_msgs__rosidl_typesupport_introspection_c__pyext
[0.675s] [ 94%] Built target nourish_scale_msgs__rosidl_typesupport_c__pyext
[0.678s] [100%] Built target nourish_scale_msgs__rosidl_typesupport_fastrtps_c__pyext
[0.704s] [36mInstall the project...[0m
[0.709s] -- Install configuration: ""
[0.709s] -- Up-to-date: /home/nikhil/nourish_ws/install/nourish_scale_msgs/share/ament_index/resource_index/rosidl_interfaces/nourish_scale_msgs
[0.709s] -- Up-to-date: /home/nikhil/nourish_ws/install/nourish_scale_msgs/lib/libnourish_scale_msgs__rosidl_typesupport_c.so
[0.709s] -- Up-to-date: /home/nikhil/nourish_ws/install/nourish_scale_msgs/share/nourish_scale_msgs/environment/library_path.sh
[0.710s] -- Up-to-date: /home/nikhil/nourish_ws/install/nourish_scale_msgs/lib/libnourish_scale_msgs__rosidl_typesupport_cpp.so
[0.710s] -- Up-to-date: /home/nikhil/nourish_ws/install/nourish_scale_msgs/include/nourish_scale_msgs
[0.710s] -- Up-to-date: /home/nikhil/nourish_ws/install/nourish_scale_msgs/include/nourish_scale_msgs/msg
[0.710s] -- Up-to-date: /home/nikhil/nourish_ws/install/nourish_scale_msgs/include/nourish_scale_msgs/msg/response__functions.h
[0.710s] -- Up-to-date: /home/nikhil/nourish_ws/install/nourish_scale_msgs/include/nourish_scale_msgs/msg/response__type_support.h
[0.710s] -- Up-to-date: /home/nikhil/nourish_ws/install/nourish_scale_msgs/include/nourish_scale_msgs/msg/response.h
[0.710s] -- Up-to-date: /home/nikhil/nourish_ws/install/nourish_scale_msgs/include/nourish_scale_msgs/msg/response__struct.h
[0.710s] -- Up-to-date: /home/nikhil/nourish_ws/install/nourish_scale_msgs/include/nourish_scale_msgs/msg/rosidl_generator_c__visibility_control.h
[0.711s] -- Up-to-date: /home/nikhil/nourish_ws/install/nourish_scale_msgs/include/nourish_scale_msgs/msg/response__functions.c
[0.711s] -- Up-to-date: /home/nikhil/nourish_ws/install/nourish_scale_msgs/include/nourish_scale_msgs/srv
[0.711s] -- Up-to-date: /home/nikhil/nourish_ws/install/nourish_scale_msgs/include/nourish_scale_msgs/srv/tare__functions.h
[0.711s] -- Up-to-date: /home/nikhil/nourish_ws/install/nourish_scale_msgs/include/nourish_scale_msgs/srv/tare__struct.h
[0.711s] -- Up-to-date: /home/nikhil/nourish_ws/install/nourish_scale_msgs/include/nourish_scale_msgs/srv/tare.h
[0.711s] -- Up-to-date: /home/nikhil/nourish_ws/install/nourish_scale_msgs/include/nourish_scale_msgs/srv/tare__functions.c
[0.711s] -- Up-to-date: /home/nikhil/nourish_ws/install/nourish_scale_msgs/include/nourish_scale_msgs/srv/tare__type_support.h
[0.712s] -- Up-to-date: /home/nikhil/nourish_ws/install/nourish_scale_msgs/lib/libnourish_scale_msgs__rosidl_generator_c.so
[0.712s] -- Up-to-date: /home/nikhil/nourish_ws/install/nourish_scale_msgs/include/nourish_scale_msgs
[0.712s] -- Up-to-date: /home/nikhil/nourish_ws/install/nourish_scale_msgs/include/nourish_scale_msgs/msg
[0.712s] -- Up-to-date: /home/nikhil/nourish_ws/install/nourish_scale_msgs/include/nourish_scale_msgs/msg/response.hpp
[0.712s] -- Up-to-date: /home/nikhil/nourish_ws/install/nourish_scale_msgs/include/nourish_scale_msgs/msg/response__traits.hpp
[0.712s] -- Up-to-date: /home/nikhil/nourish_ws/install/nourish_scale_msgs/include/nourish_scale_msgs/msg/response__struct.hpp
[0.712s] -- Up-to-date: /home/nikhil/nourish_ws/install/nourish_scale_msgs/include/nourish_scale_msgs/srv
[0.712s] -- Up-to-date: /home/nikhil/nourish_ws/install/nourish_scale_msgs/include/nourish_scale_msgs/srv/tare.hpp
[0.712s] -- Up-to-date: /home/nikhil/nourish_ws/install/nourish_scale_msgs/include/nourish_scale_msgs/srv/tare__traits.hpp
[0.712s] -- Up-to-date: /home/nikhil/nourish_ws/install/nourish_scale_msgs/include/nourish_scale_msgs/srv/tare__struct.hpp
[0.713s] -- Up-to-date: /home/nikhil/nourish_ws/install/nourish_scale_msgs/include/nourish_scale_msgs
[0.713s] -- Up-to-date: /home/nikhil/nourish_ws/install/nourish_scale_msgs/include/nourish_scale_msgs/msg
[0.713s] -- Up-to-date: /home/nikhil/nourish_ws/install/nourish_scale_msgs/include/nourish_scale_msgs/msg/response__rosidl_typesupport_fastrtps_c.h
[0.713s] -- Up-to-date: /home/nikhil/nourish_ws/install/nourish_scale_msgs/include/nourish_scale_msgs/msg/rosidl_typesupport_fastrtps_c__visibility_control.h
[0.713s] -- Up-to-date: /home/nikhil/nourish_ws/install/nourish_scale_msgs/include/nourish_scale_msgs/srv
[0.713s] -- Up-to-date: /home/nikhil/nourish_ws/install/nourish_scale_msgs/include/nourish_scale_msgs/srv/tare__rosidl_typesupport_fastrtps_c.h
[0.713s] -- Up-to-date: /home/nikhil/nourish_ws/install/nourish_scale_msgs/lib/libnourish_scale_msgs__rosidl_typesupport_fastrtps_c.so
[0.713s] -- Up-to-date: /home/nikhil/nourish_ws/install/nourish_scale_msgs/include/nourish_scale_msgs
[0.713s] -- Up-to-date: /home/nikhil/nourish_ws/install/nourish_scale_msgs/include/nourish_scale_msgs/msg
[0.713s] -- Up-to-date: /home/nikhil/nourish_ws/install/nourish_scale_msgs/include/nourish_scale_msgs/msg/dds_fastrtps
[0.714s] -- Up-to-date: /home/nikhil/nourish_ws/install/nourish_scale_msgs/include/nourish_scale_msgs/msg/response__rosidl_typesupport_fastrtps_cpp.hpp
[0.714s] -- Up-to-date: /home/nikhil/nourish_ws/install/nourish_scale_msgs/include/nourish_scale_msgs/msg/rosidl_typesupport_fastrtps_cpp__visibility_control.h
[0.714s] -- Up-to-date: /home/nikhil/nourish_ws/install/nourish_scale_msgs/include/nourish_scale_msgs/srv
[0.714s] -- Up-to-date: /home/nikhil/nourish_ws/install/nourish_scale_msgs/include/nourish_scale_msgs/srv/dds_fastrtps
[0.714s] -- Up-to-date: /home/nikhil/nourish_ws/install/nourish_scale_msgs/include/nourish_scale_msgs/srv/tare__rosidl_typesupport_fastrtps_cpp.hpp
[0.714s] -- Up-to-date: /home/nikhil/nourish_ws/install/nourish_scale_msgs/lib/libnourish_scale_msgs__rosidl_typesupport_fastrtps_cpp.so
[0.714s] -- Up-to-date: /home/nikhil/nourish_ws/install/nourish_scale_msgs/include/nourish_scale_msgs
[0.714s] -- Up-to-date: /home/nikhil/nourish_ws/install/nourish_scale_msgs/include/nourish_scale_msgs/msg
[0.714s] -- Up-to-date: /home/nikhil/nourish_ws/install/nourish_scale_msgs/include/nourish_scale_msgs/msg/response__rosidl_typesupport_introspection_c.h
[0.714s] -- Up-to-date: /home/nikhil/nourish_ws/install/nourish_scale_msgs/include/nourish_scale_msgs/msg/rosidl_typesupport_introspection_c__visibility_control.h
[0.714s] -- Up-to-date: /home/nikhil/nourish_ws/install/nourish_scale_msgs/include/nourish_scale_msgs/msg/response__type_support.c
[0.714s] -- Up-to-date: /home/nikhil/nourish_ws/install/nourish_scale_msgs/include/nourish_scale_msgs/srv
[0.714s] -- Up-to-date: /home/nikhil/nourish_ws/install/nourish_scale_msgs/include/nourish_scale_msgs/srv/tare__type_support.c
[0.714s] -- Up-to-date: /home/nikhil/nourish_ws/install/nourish_scale_msgs/include/nourish_scale_msgs/srv/tare__rosidl_typesupport_introspection_c.h
[0.715s] -- Up-to-date: /home/nikhil/nourish_ws/install/nourish_scale_msgs/lib/libnourish_scale_msgs__rosidl_typesupport_introspection_c.so
[0.715s] -- Up-to-date: /home/nikhil/nourish_ws/install/nourish_scale_msgs/include/nourish_scale_msgs
[0.715s] -- Up-to-date: /home/nikhil/nourish_ws/install/nourish_scale_msgs/include/nourish_scale_msgs/msg
[0.715s] -- Up-to-date: /home/nikhil/nourish_ws/install/nourish_scale_msgs/include/nourish_scale_msgs/msg/response__rosidl_typesupport_introspection_cpp.hpp
[0.715s] -- Up-to-date: /home/nikhil/nourish_ws/install/nourish_scale_msgs/include/nourish_scale_msgs/msg/response__type_support.cpp
[0.715s] -- Up-to-date: /home/nikhil/nourish_ws/install/nourish_scale_msgs/include/nourish_scale_msgs/srv
[0.715s] -- Up-to-date: /home/nikhil/nourish_ws/install/nourish_scale_msgs/include/nourish_scale_msgs/srv/tare__rosidl_typesupport_introspection_cpp.hpp
[0.715s] -- Up-to-date: /home/nikhil/nourish_ws/install/nourish_scale_msgs/include/nourish_scale_msgs/srv/tare__type_support.cpp
[0.715s] -- Up-to-date: /home/nikhil/nourish_ws/install/nourish_scale_msgs/lib/libnourish_scale_msgs__rosidl_typesupport_introspection_cpp.so
[0.715s] -- Up-to-date: /home/nikhil/nourish_ws/install/nourish_scale_msgs/share/nourish_scale_msgs/environment/pythonpath.sh
[0.715s] -- Up-to-date: /home/nikhil/nourish_ws/install/nourish_scale_msgs/lib/python3.6/site-packages/nourish_scale_msgs/__init__.py
[0.757s] -- Up-to-date: /home/nikhil/nourish_ws/install/nourish_scale_msgs/lib/python3.6/site-packages/nourish_scale_msgs/msg
[0.757s] -- Up-to-date: /home/nikhil/nourish_ws/install/nourish_scale_msgs/lib/python3.6/site-packages/nourish_scale_msgs/msg/_response_s.c
[0.758s] -- Up-to-date: /home/nikhil/nourish_ws/install/nourish_scale_msgs/lib/python3.6/site-packages/nourish_scale_msgs/msg/__init__.py
[0.758s] -- Up-to-date: /home/nikhil/nourish_ws/install/nourish_scale_msgs/lib/python3.6/site-packages/nourish_scale_msgs/msg/_response.py
[0.759s] -- Up-to-date: /home/nikhil/nourish_ws/install/nourish_scale_msgs/lib/python3.6/site-packages/nourish_scale_msgs/srv
[0.759s] -- Up-to-date: /home/nikhil/nourish_ws/install/nourish_scale_msgs/lib/python3.6/site-packages/nourish_scale_msgs/srv/_tare_s.c
[0.760s] -- Up-to-date: /home/nikhil/nourish_ws/install/nourish_scale_msgs/lib/python3.6/site-packages/nourish_scale_msgs/srv/__init__.py
[0.762s] -- Up-to-date: /home/nikhil/nourish_ws/install/nourish_scale_msgs/lib/python3.6/site-packages/nourish_scale_msgs/srv/_tare.py
[0.762s] -- Up-to-date: /home/nikhil/nourish_ws/install/nourish_scale_msgs/lib/python3.6/site-packages/nourish_scale_msgs/nourish_scale_msgs_s__rosidl_typesupport_c.cpython-36m-x86_64-linux-gnu.so
[0.762s] -- Up-to-date: /home/nikhil/nourish_ws/install/nourish_scale_msgs/lib/python3.6/site-packages/nourish_scale_msgs/nourish_scale_msgs_s__rosidl_typesupport_introspection_c.cpython-36m-x86_64-linux-gnu.so
[0.762s] -- Up-to-date: /home/nikhil/nourish_ws/install/nourish_scale_msgs/lib/python3.6/site-packages/nourish_scale_msgs/nourish_scale_msgs_s__rosidl_typesupport_fastrtps_c.cpython-36m-x86_64-linux-gnu.so
[0.762s] -- Up-to-date: /home/nikhil/nourish_ws/install/nourish_scale_msgs/lib/libnourish_scale_msgs__python.so
[0.763s] -- Up-to-date: /home/nikhil/nourish_ws/install/nourish_scale_msgs/share/nourish_scale_msgs/msg/Response.idl
[0.763s] -- Up-to-date: /home/nikhil/nourish_ws/install/nourish_scale_msgs/share/nourish_scale_msgs/srv/Tare.idl
[0.763s] -- Up-to-date: /home/nikhil/nourish_ws/install/nourish_scale_msgs/share/nourish_scale_msgs/msg/Response.msg
[0.763s] -- Up-to-date: /home/nikhil/nourish_ws/install/nourish_scale_msgs/share/nourish_scale_msgs/srv/Tare.srv
[0.763s] -- Up-to-date: /home/nikhil/nourish_ws/install/nourish_scale_msgs/share/nourish_scale_msgs/srv/Tare_Request.msg
[0.765s] -- Up-to-date: /home/nikhil/nourish_ws/install/nourish_scale_msgs/share/nourish_scale_msgs/srv/Tare_Response.msg
[0.766s] -- Up-to-date: /home/nikhil/nourish_ws/install/nourish_scale_msgs/share/ament_index/resource_index/package_run_dependencies/nourish_scale_msgs
[0.767s] -- Up-to-date: /home/nikhil/nourish_ws/install/nourish_scale_msgs/share/ament_index/resource_index/parent_prefix_path/nourish_scale_msgs
[0.767s] -- Up-to-date: /home/nikhil/nourish_ws/install/nourish_scale_msgs/share/nourish_scale_msgs/environment/ament_prefix_path.sh
[0.767s] -- Up-to-date: /home/nikhil/nourish_ws/install/nourish_scale_msgs/share/nourish_scale_msgs/environment/path.sh
[0.768s] -- Up-to-date: /home/nikhil/nourish_ws/install/nourish_scale_msgs/share/nourish_scale_msgs/local_setup.bash
[0.769s] -- Up-to-date: /home/nikhil/nourish_ws/install/nourish_scale_msgs/share/nourish_scale_msgs/local_setup.sh
[0.769s] -- Up-to-date: /home/nikhil/nourish_ws/install/nourish_scale_msgs/share/nourish_scale_msgs/local_setup.zsh
[0.769s] -- Up-to-date: /home/nikhil/nourish_ws/install/nourish_scale_msgs/share/ament_index/resource_index/packages/nourish_scale_msgs
[0.769s] -- Up-to-date: /home/nikhil/nourish_ws/install/nourish_scale_msgs/share/nourish_scale_msgs/cmake/rosidl_cmake-extras.cmake
[0.770s] -- Up-to-date: /home/nikhil/nourish_ws/install/nourish_scale_msgs/share/nourish_scale_msgs/cmake/ament_cmake_export_libraries-extras.cmake
[0.770s] -- Up-to-date: /home/nikhil/nourish_ws/install/nourish_scale_msgs/share/nourish_scale_msgs/cmake/ament_cmake_export_include_directories-extras.cmake
[0.770s] -- Up-to-date: /home/nikhil/nourish_ws/install/nourish_scale_msgs/share/nourish_scale_msgs/cmake/ament_cmake_export_dependencies-extras.cmake
[0.770s] -- Up-to-date: /home/nikhil/nourish_ws/install/nourish_scale_msgs/share/nourish_scale_msgs/cmake/nourish_scale_msgsConfig.cmake
[0.770s] -- Up-to-date: /home/nikhil/nourish_ws/install/nourish_scale_msgs/share/nourish_scale_msgs/cmake/nourish_scale_msgsConfig-version.cmake
[0.771s] -- Up-to-date: /home/nikhil/nourish_ws/install/nourish_scale_msgs/share/nourish_scale_msgs/package.xml
[0.774s] Invoked command in '/home/nikhil/nourish_ws/build/nourish_scale_msgs' returned '0': /usr/bin/cmake --build /home/nikhil/nourish_ws/build/nourish_scale_msgs --target install -- -j12 -l12
