[0.092s] -- The C compiler identification is GNU 7.5.0
[0.140s] -- The CXX compiler identification is GNU 7.5.0
[0.144s] -- Check for working C compiler: /usr/bin/cc
[0.213s] -- Check for working C compiler: /usr/bin/cc -- works
[0.214s] -- Detecting C compiler ABI info
[0.287s] -- Detecting C compiler ABI info - done
[0.292s] -- Detecting C compile features
[0.497s] -- Detecting C compile features - done
[0.499s] -- Check for working CXX compiler: /usr/bin/c++
[0.585s] -- Check for working CXX compiler: /usr/bin/c++ -- works
[0.586s] -- Detecting CXX compiler ABI info
[0.664s] -- Detecting CXX compiler ABI info - done
[0.668s] -- Detecting CXX compile features
[1.027s] -- Detecting CXX compile features - done
[1.029s] -- Found ament_cmake: 0.7.4 (/home/nikhil/ros2_dashing/ros2-linux/share/ament_cmake/cmake)
[1.055s] -- Found PythonInterp: /usr/bin/python3 (found suitable version "3.6.9", minimum required is "3") 
[1.055s] -- Using PYTHON_EXECUTABLE: /usr/bin/python3
[1.333s] -- Configuring done
[1.336s] -- Generating done
[1.337s] -- Build files have been written to: /home/nikhil/nourish_ws/build/serial
[1.389s] [35m[1mScanning dependencies of target serial[0m
[1.405s] [ 25%] [32mBuilding CXX object CMakeFiles/serial.dir/src/serial.cc.o[0m
[1.406s] [ 75%] [32mBuilding CXX object CMakeFiles/serial.dir/src/impl/unix.cc.o[0m
[1.406s] [ 75%] [32mBuilding CXX object CMakeFiles/serial.dir/src/impl/list_ports/list_ports_linux.cc.o[0m
[1.873s] [100%] [32m[1mLinking CXX static library libserial.a[0m
[1.905s] [100%] Built target serial
[2.015s] [100%] Built target serial
[2.037s] [36mInstall the project...[0m
[2.048s] -- Install configuration: ""
[2.048s] -- Installing: /home/nikhil/nourish_ws/install/serial/share/serial/environment/library_path.sh
[2.048s] -- Installing: /home/nikhil/nourish_ws/install/serial/lib/libserial.a
[2.049s] -- Installing: /home/nikhil/nourish_ws/install/serial/include/serial/serial.h
[2.049s] -- Installing: /home/nikhil/nourish_ws/install/serial/include/serial/v8stdint.h
[2.049s] -- Installing: /home/nikhil/nourish_ws/install/serial/share/ament_index/resource_index/package_run_dependencies/serial
[2.049s] -- Installing: /home/nikhil/nourish_ws/install/serial/share/ament_index/resource_index/parent_prefix_path/serial
[2.049s] -- Installing: /home/nikhil/nourish_ws/install/serial/share/serial/environment/ament_prefix_path.sh
[2.049s] -- Installing: /home/nikhil/nourish_ws/install/serial/share/serial/environment/path.sh
[2.050s] -- Installing: /home/nikhil/nourish_ws/install/serial/share/serial/local_setup.bash
[2.050s] -- Installing: /home/nikhil/nourish_ws/install/serial/share/serial/local_setup.sh
[2.050s] -- Installing: /home/nikhil/nourish_ws/install/serial/share/serial/local_setup.zsh
[2.050s] -- Installing: /home/nikhil/nourish_ws/install/serial/share/ament_index/resource_index/packages/serial
[2.050s] -- Installing: /home/nikhil/nourish_ws/install/serial/share/serial/cmake/ament_cmake_export_include_directories-extras.cmake
[2.050s] -- Installing: /home/nikhil/nourish_ws/install/serial/share/serial/cmake/ament_cmake_export_libraries-extras.cmake
[2.050s] -- Installing: /home/nikhil/nourish_ws/install/serial/share/serial/cmake/serialConfig.cmake
[2.051s] -- Installing: /home/nikhil/nourish_ws/install/serial/share/serial/cmake/serialConfig-version.cmake
[2.051s] -- Installing: /home/nikhil/nourish_ws/install/serial/share/serial/package.xml
