[0.021s] Invoking command in '/home/nikhil/nourish_ws/build/nourish_dcb': AMENT_PREFIX_PATH=/home/nikhil/nourish_ws/install/serial:${AMENT_PREFIX_PATH} CMAKE_PREFIX_PATH=/home/nikhil/nourish_ws/install/serial:${CMAKE_PREFIX_PATH} LD_LIBRARY_PATH=/home/nikhil/nourish_ws/install/serial/lib:${LD_LIBRARY_PATH} /usr/bin/cmake --build /home/nikhil/nourish_ws/build/nourish_dcb -- -j12 -l12
[0.087s] [ 50%] [32mBuilding CXX object CMakeFiles/nourish_dcb.dir/src/coms.cpp.o[0m
[0.323s] [01m[K/home/nikhil/nourish_ws/src/ros2-nourish-dcb/src/coms.cpp:[m[K In member function ‘[01m[Kfloat nourish::dcb::DCBComs::run_read_float(const string&)[m[K’:
[0.323s] [01m[K/home/nikhil/nourish_ws/src/ros2-nourish-dcb/src/coms.cpp:209:5:[m[K [01;31m[Kerror: [m[K‘[01m[Kresult[m[K’ was not declared in this scope
[0.323s]      [01;31m[Kresult[m[K = "WGT=60.0";
[0.323s]      [01;31m[K^~~~~~[m[K
[0.358s] [01m[K/home/nikhil/nourish_ws/src/ros2-nourish-dcb/src/coms.cpp:218:1:[m[K [01;35m[Kwarning: [m[Kcontrol reaches end of non-void function [[01;35m[K-Wreturn-type[m[K]
[0.358s]  [01;35m[K}[m[K
[0.358s]  [01;35m[K^[m[K
[0.358s] [01m[K/home/nikhil/nourish_ws/src/ros2-nourish-dcb/src/coms.cpp:[m[K At global scope:
[0.358s] [01m[K/home/nikhil/nourish_ws/src/ros2-nourish-dcb/src/coms.cpp:40:13:[m[K [01;35m[Kwarning: [m[K‘[01m[Kbool remove_prefix_if_exists(std::__cxx11::string&, const string&)[m[K’ defined but not used [[01;35m[K-Wunused-function[m[K]
[0.359s]  static bool [01;35m[Kremove_prefix_if_exists[m[K(std::string &str, const std::string &prefix)
[0.359s]              [01;35m[K^~~~~~~~~~~~~~~~~~~~~~~[m[K
[0.362s] CMakeFiles/nourish_dcb.dir/build.make:62: recipe for target 'CMakeFiles/nourish_dcb.dir/src/coms.cpp.o' failed
[0.362s] make[2]: *** [CMakeFiles/nourish_dcb.dir/src/coms.cpp.o] Error 1
[0.362s] CMakeFiles/Makefile2:67: recipe for target 'CMakeFiles/nourish_dcb.dir/all' failed
[0.363s] make[1]: *** [CMakeFiles/nourish_dcb.dir/all] Error 2
[0.363s] Makefile:140: recipe for target 'all' failed
[0.363s] make: *** [all] Error 2
[0.365s] Invoked command in '/home/nikhil/nourish_ws/build/nourish_dcb' returned '2': AMENT_PREFIX_PATH=/home/nikhil/nourish_ws/install/serial:${AMENT_PREFIX_PATH} CMAKE_PREFIX_PATH=/home/nikhil/nourish_ws/install/serial:${CMAKE_PREFIX_PATH} LD_LIBRARY_PATH=/home/nikhil/nourish_ws/install/serial/lib:${LD_LIBRARY_PATH} /usr/bin/cmake --build /home/nikhil/nourish_ws/build/nourish_dcb -- -j12 -l12
