[0.163s] [ 14%] Built target gtest
[0.170s] [ 28%] Built target gtest_main
[0.179s] [ 57%] Built target camera_calibration_parsers
[0.244s] [ 71%] Built target camera_calibration_parsers-parse_yml
[0.265s] [ 85%] Built target camera_calibration_parsers-parse_ini
[0.268s] [100%] Built target convert
[0.557s] [ 14%] Built target gtest_main
[0.567s] [ 28%] Built target gtest
[0.568s] [ 57%] Built target camera_calibration_parsers
[0.614s] [ 71%] Built target convert
[0.617s] [ 85%] Built target camera_calibration_parsers-parse_yml
[0.618s] [100%] Built target camera_calibration_parsers-parse_ini
[0.648s] [36mInstall the project...[0m
[0.662s] -- Install configuration: ""
[0.663s] -- Up-to-date: /home/nikhil/nourish_ws/install/camera_calibration_parsers/lib/libcamera_calibration_parsers.so
[0.664s] -- Up-to-date: /home/nikhil/nourish_ws/install/camera_calibration_parsers/lib/camera_calibration_parsers/convert
[0.664s] -- Up-to-date: /home/nikhil/nourish_ws/install/camera_calibration_parsers/include
[0.664s] -- Up-to-date: /home/nikhil/nourish_ws/install/camera_calibration_parsers/include/camera_calibration_parsers
[0.665s] -- Up-to-date: /home/nikhil/nourish_ws/install/camera_calibration_parsers/include/camera_calibration_parsers/parse_yml.h
[0.665s] -- Up-to-date: /home/nikhil/nourish_ws/install/camera_calibration_parsers/include/camera_calibration_parsers/visibility_control.hpp
[0.665s] -- Up-to-date: /home/nikhil/nourish_ws/install/camera_calibration_parsers/include/camera_calibration_parsers/parse.h
[0.665s] -- Up-to-date: /home/nikhil/nourish_ws/install/camera_calibration_parsers/include/camera_calibration_parsers/parse_ini.h
[0.665s] -- Up-to-date: /home/nikhil/nourish_ws/install/camera_calibration_parsers/include/camera_calibration_parsers/impl
[0.665s] -- Up-to-date: /home/nikhil/nourish_ws/install/camera_calibration_parsers/include/camera_calibration_parsers/impl/split.hpp
[0.665s] -- Up-to-date: /home/nikhil/nourish_ws/install/camera_calibration_parsers/include/camera_calibration_parsers/impl/filesystem_helper.hpp
[0.665s] -- Up-to-date: /home/nikhil/nourish_ws/install/camera_calibration_parsers/share/camera_calibration_parsers/environment/library_path.sh
[0.666s] -- Up-to-date: /home/nikhil/nourish_ws/install/camera_calibration_parsers/share/ament_index/resource_index/package_run_dependencies/camera_calibration_parsers
[0.666s] -- Up-to-date: /home/nikhil/nourish_ws/install/camera_calibration_parsers/share/ament_index/resource_index/parent_prefix_path/camera_calibration_parsers
[0.666s] -- Up-to-date: /home/nikhil/nourish_ws/install/camera_calibration_parsers/share/camera_calibration_parsers/environment/ament_prefix_path.sh
[0.666s] -- Up-to-date: /home/nikhil/nourish_ws/install/camera_calibration_parsers/share/camera_calibration_parsers/environment/path.sh
[0.666s] -- Up-to-date: /home/nikhil/nourish_ws/install/camera_calibration_parsers/share/camera_calibration_parsers/local_setup.bash
[0.666s] -- Up-to-date: /home/nikhil/nourish_ws/install/camera_calibration_parsers/share/camera_calibration_parsers/local_setup.sh
[0.666s] -- Up-to-date: /home/nikhil/nourish_ws/install/camera_calibration_parsers/share/camera_calibration_parsers/local_setup.zsh
[0.667s] -- Up-to-date: /home/nikhil/nourish_ws/install/camera_calibration_parsers/share/ament_index/resource_index/packages/camera_calibration_parsers
[0.667s] -- Up-to-date: /home/nikhil/nourish_ws/install/camera_calibration_parsers/share/camera_calibration_parsers/cmake/ament_cmake_export_include_directories-extras.cmake
[0.667s] -- Up-to-date: /home/nikhil/nourish_ws/install/camera_calibration_parsers/share/camera_calibration_parsers/cmake/ament_cmake_export_libraries-extras.cmake
[0.667s] -- Up-to-date: /home/nikhil/nourish_ws/install/camera_calibration_parsers/share/camera_calibration_parsers/cmake/ament_cmake_export_dependencies-extras.cmake
[0.667s] -- Up-to-date: /home/nikhil/nourish_ws/install/camera_calibration_parsers/share/camera_calibration_parsers/cmake/camera_calibration_parsersConfig.cmake
[0.667s] -- Up-to-date: /home/nikhil/nourish_ws/install/camera_calibration_parsers/share/camera_calibration_parsers/cmake/camera_calibration_parsersConfig-version.cmake
[0.667s] -- Up-to-date: /home/nikhil/nourish_ws/install/camera_calibration_parsers/share/camera_calibration_parsers/package.xml
