[0.041s] Invoking command in '/home/nikhil/nourish_ws/build/nourish_scale': AMENT_PREFIX_PATH=/home/nikhil/nourish_ws/install/nourish_dcb:/home/nikhil/nourish_ws/install/serial:/home/nikhil/nourish_ws/install/nourish_scale_msgs:${AMENT_PREFIX_PATH} CMAKE_PREFIX_PATH=/home/nikhil/nourish_ws/install/nourish_dcb:/home/nikhil/nourish_ws/install/serial:/home/nikhil/nourish_ws/install/nourish_scale_msgs:${CMAKE_PREFIX_PATH} LD_LIBRARY_PATH=/home/nikhil/nourish_ws/install/nourish_dcb/lib:/home/nikhil/nourish_ws/install/serial/lib:/home/nikhil/nourish_ws/install/nourish_scale_msgs/lib:${LD_LIBRARY_PATH} PYTHONPATH=/home/nikhil/nourish_ws/install/nourish_scale_msgs/lib/python3.6/site-packages:${PYTHONPATH} /usr/bin/cmake --build /home/nikhil/nourish_ws/build/nourish_scale -- -j12 -l12
[0.104s] [35m[1mScanning dependencies of target scale[0m
[0.109s] [ 16%] Built target gtest
[0.111s] [ 33%] Built target gtest_main
[0.136s] [ 41%] [32mBuilding CXX object CMakeFiles/scale.dir/src/scale_node.cpp.o[0m
[0.136s] [35m[1mScanning dependencies of target nourish_scale_my_test[0m
[0.166s] [ 50%] [32mBuilding CXX object CMakeFiles/nourish_scale_my_test.dir/src/scale_node.cpp.o[0m
[0.994s] [01m[K/home/nikhil/nourish_ws/src/ros2-nourish-scale/nourish_scale/src/scale_node.cpp:[m[K In constructor ‘[01m[Knourish::scale::ScaleNode::ScaleNode(const string&)[m[K’:
[0.994s] [01m[K/home/nikhil/nourish_ws/src/ros2-nourish-scale/nourish_scale/src/scale_node.cpp:26:41:[m[K [01;35m[Kwarning: [m[Kunused parameter ‘[01m[Kserial_port[m[K’ [[01;35m[K-Wunused-parameter[m[K]
[0.994s]  ScaleNode::ScaleNode(const std::string &[01;35m[Kserial_port[m[K):
[0.994s]                                          [01;35m[K^~~~~~~~~~~[m[K
[1.005s] [01m[K/home/nikhil/nourish_ws/src/ros2-nourish-scale/nourish_scale/src/scale_node.cpp:[m[K In constructor ‘[01m[Knourish::scale::ScaleNode::ScaleNode(const string&)[m[K’:
[1.005s] [01m[K/home/nikhil/nourish_ws/src/ros2-nourish-scale/nourish_scale/src/scale_node.cpp:26:41:[m[K [01;35m[Kwarning: [m[Kunused parameter ‘[01m[Kserial_port[m[K’ [[01;35m[K-Wunused-parameter[m[K]
[1.005s]  ScaleNode::ScaleNode(const std::string &[01;35m[Kserial_port[m[K):
[1.005s]                                          [01;35m[K^~~~~~~~~~~[m[K
[2.289s] [ 58%] [32m[1mLinking CXX executable nourish_scale_my_test[0m
[2.307s] [ 66%] [32m[1mLinking CXX executable scale[0m
[2.461s] [ 83%] Built target scale
[2.512s] [100%] Built target nourish_scale_my_test
[2.521s] Invoked command in '/home/nikhil/nourish_ws/build/nourish_scale' returned '0': AMENT_PREFIX_PATH=/home/nikhil/nourish_ws/install/nourish_dcb:/home/nikhil/nourish_ws/install/serial:/home/nikhil/nourish_ws/install/nourish_scale_msgs:${AMENT_PREFIX_PATH} CMAKE_PREFIX_PATH=/home/nikhil/nourish_ws/install/nourish_dcb:/home/nikhil/nourish_ws/install/serial:/home/nikhil/nourish_ws/install/nourish_scale_msgs:${CMAKE_PREFIX_PATH} LD_LIBRARY_PATH=/home/nikhil/nourish_ws/install/nourish_dcb/lib:/home/nikhil/nourish_ws/install/serial/lib:/home/nikhil/nourish_ws/install/nourish_scale_msgs/lib:${LD_LIBRARY_PATH} PYTHONPATH=/home/nikhil/nourish_ws/install/nourish_scale_msgs/lib/python3.6/site-packages:${PYTHONPATH} /usr/bin/cmake --build /home/nikhil/nourish_ws/build/nourish_scale -- -j12 -l12
[2.549s] Invoking command in '/home/nikhil/nourish_ws/build/nourish_scale': AMENT_PREFIX_PATH=/home/nikhil/nourish_ws/install/nourish_dcb:/home/nikhil/nourish_ws/install/serial:/home/nikhil/nourish_ws/install/nourish_scale_msgs:${AMENT_PREFIX_PATH} CMAKE_PREFIX_PATH=/home/nikhil/nourish_ws/install/nourish_dcb:/home/nikhil/nourish_ws/install/serial:/home/nikhil/nourish_ws/install/nourish_scale_msgs:${CMAKE_PREFIX_PATH} LD_LIBRARY_PATH=/home/nikhil/nourish_ws/install/nourish_dcb/lib:/home/nikhil/nourish_ws/install/serial/lib:/home/nikhil/nourish_ws/install/nourish_scale_msgs/lib:${LD_LIBRARY_PATH} PYTHONPATH=/home/nikhil/nourish_ws/install/nourish_scale_msgs/lib/python3.6/site-packages:${PYTHONPATH} /usr/bin/cmake --build /home/nikhil/nourish_ws/build/nourish_scale --target install -- -j12 -l12
[2.604s] [ 16%] Built target gtest
[2.607s] [ 33%] Built target gtest_main
[2.612s] [ 66%] Built target scale
[2.639s] [100%] Built target nourish_scale_my_test
[2.659s] [36mInstall the project...[0m
[2.668s] -- Install configuration: ""
[2.668s] -- Installing: /home/nikhil/nourish_ws/install/nourish_scale/lib/nourish_scale/scale
[2.670s] -- Set runtime path of "/home/nikhil/nourish_ws/install/nourish_scale/lib/nourish_scale/scale" to ""
[2.670s] -- Up-to-date: /home/nikhil/nourish_ws/install/nourish_scale/share/ament_index/resource_index/package_run_dependencies/nourish_scale
[2.670s] -- Up-to-date: /home/nikhil/nourish_ws/install/nourish_scale/share/ament_index/resource_index/parent_prefix_path/nourish_scale
[2.670s] -- Up-to-date: /home/nikhil/nourish_ws/install/nourish_scale/share/nourish_scale/environment/ament_prefix_path.sh
[2.670s] -- Up-to-date: /home/nikhil/nourish_ws/install/nourish_scale/share/nourish_scale/environment/path.sh
[2.670s] -- Up-to-date: /home/nikhil/nourish_ws/install/nourish_scale/share/nourish_scale/local_setup.bash
[2.671s] -- Up-to-date: /home/nikhil/nourish_ws/install/nourish_scale/share/nourish_scale/local_setup.sh
[2.671s] -- Up-to-date: /home/nikhil/nourish_ws/install/nourish_scale/share/nourish_scale/local_setup.zsh
[2.671s] -- Up-to-date: /home/nikhil/nourish_ws/install/nourish_scale/share/ament_index/resource_index/packages/nourish_scale
[2.671s] -- Up-to-date: /home/nikhil/nourish_ws/install/nourish_scale/share/nourish_scale/cmake/nourish_scaleConfig.cmake
[2.671s] -- Up-to-date: /home/nikhil/nourish_ws/install/nourish_scale/share/nourish_scale/cmake/nourish_scaleConfig-version.cmake
[2.671s] -- Up-to-date: /home/nikhil/nourish_ws/install/nourish_scale/share/nourish_scale/package.xml
[2.674s] Invoked command in '/home/nikhil/nourish_ws/build/nourish_scale' returned '0': AMENT_PREFIX_PATH=/home/nikhil/nourish_ws/install/nourish_dcb:/home/nikhil/nourish_ws/install/serial:/home/nikhil/nourish_ws/install/nourish_scale_msgs:${AMENT_PREFIX_PATH} CMAKE_PREFIX_PATH=/home/nikhil/nourish_ws/install/nourish_dcb:/home/nikhil/nourish_ws/install/serial:/home/nikhil/nourish_ws/install/nourish_scale_msgs:${CMAKE_PREFIX_PATH} LD_LIBRARY_PATH=/home/nikhil/nourish_ws/install/nourish_dcb/lib:/home/nikhil/nourish_ws/install/serial/lib:/home/nikhil/nourish_ws/install/nourish_scale_msgs/lib:${LD_LIBRARY_PATH} PYTHONPATH=/home/nikhil/nourish_ws/install/nourish_scale_msgs/lib/python3.6/site-packages:${PYTHONPATH} /usr/bin/cmake --build /home/nikhil/nourish_ws/build/nourish_scale --target install -- -j12 -l12
