[0.151s] -- The C compiler identification is GNU 7.5.0
[0.214s] -- The CXX compiler identification is GNU 7.5.0
[0.218s] -- Check for working C compiler: /usr/bin/cc
[0.302s] -- Check for working C compiler: /usr/bin/cc -- works
[0.303s] -- Detecting C compiler ABI info
[0.411s] -- Detecting C compiler ABI info - done
[0.419s] -- Detecting C compile features
[0.683s] -- Detecting C compile features - done
[0.687s] -- Check for working CXX compiler: /usr/bin/c++
[0.797s] -- Check for working CXX compiler: /usr/bin/c++ -- works
[0.798s] -- Detecting CXX compiler ABI info
[0.909s] -- Detecting CXX compiler ABI info - done
[0.917s] -- Detecting CXX compile features
[1.518s] -- Detecting CXX compile features - done
[1.522s] -- Found ament_cmake: 0.7.4 (/home/nikhil/ros2_dashing/ros2-linux/share/ament_cmake/cmake)
[1.569s] -- Found PythonInterp: /usr/bin/python3 (found suitable version "3.6.9", minimum required is "3") 
[1.569s] -- Using PYTHON_EXECUTABLE: /usr/bin/python3
[1.814s] -- Found rclcpp: 0.7.12 (/home/nikhil/ros2_dashing/ros2-linux/share/rclcpp/cmake)
[1.835s] -- Found rosidl_adapter: 0.7.9 (/home/nikhil/ros2_dashing/ros2-linux/share/rosidl_adapter/cmake)
[1.878s] -- Found rmw_implementation_cmake: 0.7.2 (/home/nikhil/ros2_dashing/ros2-linux/share/rmw_implementation_cmake/cmake)
[1.880s] -- Using RMW implementation 'rmw_fastrtps_cpp' as default
[1.881s] -- Looking for pthread.h
[1.971s] -- Looking for pthread.h - found
[1.972s] -- Looking for pthread_create
[2.053s] -- Looking for pthread_create - not found
[2.054s] -- Looking for pthread_create in pthreads
[2.133s] -- Looking for pthread_create in pthreads - not found
[2.133s] -- Looking for pthread_create in pthread
[2.221s] -- Looking for pthread_create in pthread - found
[2.222s] -- Found Threads: TRUE  
[2.274s] -- Found std_msgs: 0.7.0 (/home/nikhil/ros2_dashing/ros2-linux/share/std_msgs/cmake)
[2.280s] -- Found juice_dcb_msgs: 0.0.0 (/home/nikhil/nourish_ws/install/juice_dcb_msgs/share/juice_dcb_msgs/cmake)
[2.284s] -- Found juice_spout_msgs: 0.0.0 (/home/nikhil/nourish_ws/install/juice_spout_msgs/share/juice_spout_msgs/cmake)
[2.342s] -- Found ament_lint_auto: 0.7.11 (/home/nikhil/ros2_dashing/ros2-linux/share/ament_lint_auto/cmake)
[2.426s] -- Added test 'copyright' to check for copyright in CMake / C / C++ / Python code
[2.427s] -- Added test 'cppcheck' to perform static code analysis on C / C++ code
[2.428s] -- Configured cppcheck include dirs: /home/nikhil/nourish_ws/src/ros2-bbox-juice-machine/juice_spout/include
[2.428s] -- Added test 'cpplint' to check C / C++ code against the Google style
[2.429s] -- Added test 'lint_cmake' to check CMake code style
[2.430s] -- Added test 'uncrustify' to check C / C++ code style
[2.430s] -- Added test 'xmllint' to check XML markup files
[2.433s] -- Configuring done
[2.453s] -- Generating done
[2.455s] -- Build files have been written to: /home/nikhil/nourish_ws/build/juice_spout
[2.514s] [35m[1mScanning dependencies of target juice_spout[0m
[2.556s] [ 50%] [32mBuilding CXX object CMakeFiles/juice_spout.dir/src/juice_spout_node.cpp.o[0m
[3.585s] [01m[K/home/nikhil/nourish_ws/src/ros2-bbox-juice-machine/juice_spout/src/juice_spout_node.cpp:[m[K In constructor ‘[01m[KJuiceSpoutNode::JuiceSpoutNode()[m[K’:
[3.585s] [01m[K/home/nikhil/nourish_ws/src/ros2-bbox-juice-machine/juice_spout/src/juice_spout_node.cpp:38:6:[m[K [01;35m[Kwarning: [m[K‘[01m[Kstd::shared_ptr<SubscriptionT> rclcpp::Node::create_subscription(const string&, CallbackT&&, const rmw_qos_profile_t&, rclcpp::callback_group::CallbackGroup::SharedPtr, bool, typename rclcpp::message_memory_strategy::MessageMemoryStrategy<typename rclcpp::subscription_traits::has_message_type<CallbackT>::type, AllocatorT>::SharedPtr, std::shared_ptr<PublisherT>) [with MessageT = std_msgs::msg::Bool_<std::allocator<void> >; CallbackT = JuiceSpoutNode::JuiceSpoutNode()::<lambda(std_msgs::msg::Bool_<std::allocator<void> >::SharedPtr)>; Alloc = std::allocator<void>; SubscriptionT = rclcpp::Subscription<std_msgs::msg::Bool_<std::allocator<void> > >; std::__cxx11::string = std::__cxx11::basic_string<char>; rmw_qos_profile_t = rmw_qos_profile_t; rclcpp::callback_group::CallbackGroup::SharedPtr = std::shared_ptr<rclcpp::callback_group::CallbackGroup>; typename rclcpp::message_memory_strategy::MessageMemoryStrategy<typename rclcpp::subscription_traits::has_message_type<CallbackT>::type, AllocatorT>::SharedPtr = std::shared_ptr<rclcpp::message_memory_strategy::MessageMemoryStrategy<std_msgs::msg::Bool_<std::allocator<void> >, std::allocator<void> > >][m[K’ is deprecated: use create_subscription(const std::string &, const rclcpp::QoS &, CallbackT, ...) instead [[01;35m[K-Wdeprecated-declarations[m[K]
[3.585s]      }[01;35m[K)[m[K;
[3.585s]       [01;35m[K^[m[K
[3.585s] In file included from [01m[K/home/nikhil/ros2_dashing/ros2-linux/include/rclcpp/node.hpp:1206:0[m[K,
[3.585s]                  from [01m[K/home/nikhil/ros2_dashing/ros2-linux/include/rclcpp/executors/single_threaded_executor.hpp:28[m[K,
[3.585s]                  from [01m[K/home/nikhil/ros2_dashing/ros2-linux/include/rclcpp/executors.hpp:22[m[K,
[3.585s]                  from [01m[K/home/nikhil/ros2_dashing/ros2-linux/include/rclcpp/rclcpp.hpp:144[m[K,
[3.585s]                  from [01m[K/home/nikhil/nourish_ws/src/ros2-bbox-juice-machine/juice_spout/src/juice_spout_node.cpp:4[m[K:
[3.585s] [01m[K/home/nikhil/ros2_dashing/ros2-linux/include/rclcpp/node_impl.hpp:139:1:[m[K [01;36m[Knote: [m[Kdeclared here
[3.585s]  [01;36m[KNode[m[K::create_subscription(
[3.586s]  [01;36m[K^~~~[m[K
[3.590s] [01m[K/home/nikhil/nourish_ws/src/ros2-bbox-juice-machine/juice_spout/src/juice_spout_node.cpp:43:6:[m[K [01;35m[Kwarning: [m[K‘[01m[Kstd::shared_ptr<SubscriptionT> rclcpp::Node::create_subscription(const string&, CallbackT&&, const rmw_qos_profile_t&, rclcpp::callback_group::CallbackGroup::SharedPtr, bool, typename rclcpp::message_memory_strategy::MessageMemoryStrategy<typename rclcpp::subscription_traits::has_message_type<CallbackT>::type, AllocatorT>::SharedPtr, std::shared_ptr<PublisherT>) [with MessageT = std_msgs::msg::Float32_<std::allocator<void> >; CallbackT = JuiceSpoutNode::JuiceSpoutNode()::<lambda(std_msgs::msg::Float32_<std::allocator<void> >::SharedPtr)>; Alloc = std::allocator<void>; SubscriptionT = rclcpp::Subscription<std_msgs::msg::Float32_<std::allocator<void> > >; std::__cxx11::string = std::__cxx11::basic_string<char>; rmw_qos_profile_t = rmw_qos_profile_t; rclcpp::callback_group::CallbackGroup::SharedPtr = std::shared_ptr<rclcpp::callback_group::CallbackGroup>; typename rclcpp::message_memory_strategy::MessageMemoryStrategy<typename rclcpp::subscription_traits::has_message_type<CallbackT>::type, AllocatorT>::SharedPtr = std::shared_ptr<rclcpp::message_memory_strategy::MessageMemoryStrategy<std_msgs::msg::Float32_<std::allocator<void> >, std::allocator<void> > >][m[K’ is deprecated: use create_subscription(const std::string &, const rclcpp::QoS &, CallbackT, ...) instead [[01;35m[K-Wdeprecated-declarations[m[K]
[3.591s]      }[01;35m[K)[m[K;
[3.591s]       [01;35m[K^[m[K
[3.591s] In file included from [01m[K/home/nikhil/ros2_dashing/ros2-linux/include/rclcpp/node.hpp:1206:0[m[K,
[3.591s]                  from [01m[K/home/nikhil/ros2_dashing/ros2-linux/include/rclcpp/executors/single_threaded_executor.hpp:28[m[K,
[3.591s]                  from [01m[K/home/nikhil/ros2_dashing/ros2-linux/include/rclcpp/executors.hpp:22[m[K,
[3.591s]                  from [01m[K/home/nikhil/ros2_dashing/ros2-linux/include/rclcpp/rclcpp.hpp:144[m[K,
[3.591s]                  from [01m[K/home/nikhil/nourish_ws/src/ros2-bbox-juice-machine/juice_spout/src/juice_spout_node.cpp:4[m[K:
[3.591s] [01m[K/home/nikhil/ros2_dashing/ros2-linux/include/rclcpp/node_impl.hpp:139:1:[m[K [01;36m[Knote: [m[Kdeclared here
[3.591s]  [01;36m[KNode[m[K::create_subscription(
[3.591s]  [01;36m[K^~~~[m[K
[6.473s] [100%] [32m[1mLinking CXX executable juice_spout[0m
[6.709s] [100%] Built target juice_spout
[6.791s] [100%] Built target juice_spout
[6.808s] [36mInstall the project...[0m
[6.815s] -- Install configuration: ""
[6.816s] -- Installing: /home/nikhil/nourish_ws/install/juice_spout/lib/juice_spout/juice_spout
[6.817s] -- Set runtime path of "/home/nikhil/nourish_ws/install/juice_spout/lib/juice_spout/juice_spout" to ""
[6.817s] -- Installing: /home/nikhil/nourish_ws/install/juice_spout/share/ament_index/resource_index/package_run_dependencies/juice_spout
[6.817s] -- Installing: /home/nikhil/nourish_ws/install/juice_spout/share/ament_index/resource_index/parent_prefix_path/juice_spout
[6.817s] -- Installing: /home/nikhil/nourish_ws/install/juice_spout/share/juice_spout/environment/ament_prefix_path.sh
[6.817s] -- Installing: /home/nikhil/nourish_ws/install/juice_spout/share/juice_spout/environment/path.sh
[6.818s] -- Installing: /home/nikhil/nourish_ws/install/juice_spout/share/juice_spout/local_setup.bash
[6.818s] -- Installing: /home/nikhil/nourish_ws/install/juice_spout/share/juice_spout/local_setup.sh
[6.818s] -- Installing: /home/nikhil/nourish_ws/install/juice_spout/share/juice_spout/local_setup.zsh
[6.818s] -- Installing: /home/nikhil/nourish_ws/install/juice_spout/share/ament_index/resource_index/packages/juice_spout
[6.818s] -- Installing: /home/nikhil/nourish_ws/install/juice_spout/share/juice_spout/cmake/juice_spoutConfig.cmake
[6.818s] -- Installing: /home/nikhil/nourish_ws/install/juice_spout/share/juice_spout/cmake/juice_spoutConfig-version.cmake
[6.818s] -- Installing: /home/nikhil/nourish_ws/install/juice_spout/share/juice_spout/package.xml
