[0.127s] DEBUG:colcon:Command line arguments: ['/usr/bin/colcon', 'build']
[0.128s] DEBUG:colcon:Parsed command line arguments: Namespace(ament_cmake_args=None, base_paths=['.'], build_base='build', catkin_cmake_args=None, catkin_skip_building_tests=False, cmake_args=None, cmake_clean_cache=False, cmake_clean_first=False, cmake_force_configure=False, cmake_target=None, cmake_target_skip_unavailable=False, continue_on_error=False, event_handlers=None, executor='parallel', ignore_user_meta=False, install_base='install', log_base=None, log_level=None, main=<bound method BuildVerb.main of <colcon_core.verb.build.BuildVerb object at 0x7f1df717d978>>, merge_install=False, metas=['./colcon.meta'], packages_above=None, packages_above_depth=None, packages_end=None, packages_ignore=None, packages_ignore_regex=None, packages_select=None, packages_select_build_failed=False, packages_select_by_dep=None, packages_select_regex=None, packages_select_test_failures=False, packages_skip=None, packages_skip_build_finished=False, packages_skip_by_dep=None, packages_skip_regex=None, packages_skip_test_passed=False, packages_skip_up_to=None, packages_start=None, packages_up_to=None, parallel_workers=12, paths=None, symlink_install=False, test_result_base=None, verb_extension=<colcon_core.verb.build.BuildVerb object at 0x7f1df717d978>, verb_name='build', verb_parser=<colcon_defaults.argument_parser.defaults.DefaultArgumentsDecorator object at 0x7f1df717dcc0>)
[0.158s] Level 1:colcon.colcon_core.package_discovery:discover_packages(colcon_meta) check parameters
[0.158s] Level 1:colcon.colcon_core.package_discovery:discover_packages(recursive) check parameters
[0.158s] Level 1:colcon.colcon_core.package_discovery:discover_packages(ignore) check parameters
[0.158s] Level 1:colcon.colcon_core.package_discovery:discover_packages(path) check parameters
[0.158s] Level 1:colcon.colcon_core.package_discovery:discover_packages(colcon_meta) discover
[0.158s] Level 1:colcon.colcon_core.package_discovery:discover_packages(recursive) discover
[0.158s] INFO:colcon.colcon_core.package_discovery:Crawling recursively for packages in '/home/nikhil/nourish_ws'
[0.158s] Level 1:colcon.colcon_core.package_identification:_identify(.) by extensions ['ignore', 'ignore_ament_install']
[0.158s] Level 1:colcon.colcon_core.package_identification:_identify(.) by extension 'ignore'
[0.158s] Level 1:colcon.colcon_core.package_identification:_identify(.) by extension 'ignore_ament_install'
[0.159s] Level 1:colcon.colcon_core.package_identification:_identify(.) by extensions ['colcon_pkg']
[0.159s] Level 1:colcon.colcon_core.package_identification:_identify(.) by extension 'colcon_pkg'
[0.159s] Level 1:colcon.colcon_core.package_identification:_identify(.) by extensions ['colcon_meta']
[0.159s] Level 1:colcon.colcon_core.package_identification:_identify(.) by extension 'colcon_meta'
[0.159s] Level 1:colcon.colcon_core.package_identification:_identify(.) by extensions ['ros']
[0.159s] Level 1:colcon.colcon_core.package_identification:_identify(.) by extension 'ros'
[0.169s] Level 1:colcon.colcon_core.package_identification:_identify(.) by extensions ['cmake', 'python']
[0.169s] Level 1:colcon.colcon_core.package_identification:_identify(.) by extension 'cmake'
[0.169s] Level 1:colcon.colcon_core.package_identification:_identify(.) by extension 'python'
[0.169s] Level 1:colcon.colcon_core.package_identification:_identify(.) by extensions ['python_setup_py']
[0.169s] Level 1:colcon.colcon_core.package_identification:_identify(.) by extension 'python_setup_py'
[0.169s] Level 1:colcon.colcon_core.package_identification:_identify(build) by extensions ['ignore', 'ignore_ament_install']
[0.169s] Level 1:colcon.colcon_core.package_identification:_identify(build) by extension 'ignore'
[0.169s] Level 1:colcon.colcon_core.package_identification:_identify(build) ignored
[0.169s] Level 1:colcon.colcon_core.package_identification:_identify(install) by extensions ['ignore', 'ignore_ament_install']
[0.170s] Level 1:colcon.colcon_core.package_identification:_identify(install) by extension 'ignore'
[0.170s] Level 1:colcon.colcon_core.package_identification:_identify(install) ignored
[0.170s] Level 1:colcon.colcon_core.package_identification:_identify(log) by extensions ['ignore', 'ignore_ament_install']
[0.170s] Level 1:colcon.colcon_core.package_identification:_identify(log) by extension 'ignore'
[0.170s] Level 1:colcon.colcon_core.package_identification:_identify(log) ignored
[0.170s] Level 1:colcon.colcon_core.package_identification:_identify(src) by extensions ['ignore', 'ignore_ament_install']
[0.170s] Level 1:colcon.colcon_core.package_identification:_identify(src) by extension 'ignore'
[0.170s] Level 1:colcon.colcon_core.package_identification:_identify(src) by extension 'ignore_ament_install'
[0.170s] Level 1:colcon.colcon_core.package_identification:_identify(src) by extensions ['colcon_pkg']
[0.170s] Level 1:colcon.colcon_core.package_identification:_identify(src) by extension 'colcon_pkg'
[0.170s] Level 1:colcon.colcon_core.package_identification:_identify(src) by extensions ['colcon_meta']
[0.170s] Level 1:colcon.colcon_core.package_identification:_identify(src) by extension 'colcon_meta'
[0.170s] Level 1:colcon.colcon_core.package_identification:_identify(src) by extensions ['ros']
[0.170s] Level 1:colcon.colcon_core.package_identification:_identify(src) by extension 'ros'
[0.170s] Level 1:colcon.colcon_core.package_identification:_identify(src) by extensions ['cmake', 'python']
[0.170s] Level 1:colcon.colcon_core.package_identification:_identify(src) by extension 'cmake'
[0.170s] Level 1:colcon.colcon_core.package_identification:_identify(src) by extension 'python'
[0.170s] Level 1:colcon.colcon_core.package_identification:_identify(src) by extensions ['python_setup_py']
[0.170s] Level 1:colcon.colcon_core.package_identification:_identify(src) by extension 'python_setup_py'
[0.171s] Level 1:colcon.colcon_core.package_identification:_identify(src/dcb_gazebo) by extensions ['ignore', 'ignore_ament_install']
[0.171s] Level 1:colcon.colcon_core.package_identification:_identify(src/dcb_gazebo) by extension 'ignore'
[0.171s] Level 1:colcon.colcon_core.package_identification:_identify(src/dcb_gazebo) by extension 'ignore_ament_install'
[0.171s] Level 1:colcon.colcon_core.package_identification:_identify(src/dcb_gazebo) by extensions ['colcon_pkg']
[0.171s] Level 1:colcon.colcon_core.package_identification:_identify(src/dcb_gazebo) by extension 'colcon_pkg'
[0.171s] Level 1:colcon.colcon_core.package_identification:_identify(src/dcb_gazebo) by extensions ['colcon_meta']
[0.171s] Level 1:colcon.colcon_core.package_identification:_identify(src/dcb_gazebo) by extension 'colcon_meta'
[0.171s] Level 1:colcon.colcon_core.package_identification:_identify(src/dcb_gazebo) by extensions ['ros']
[0.171s] Level 1:colcon.colcon_core.package_identification:_identify(src/dcb_gazebo) by extension 'ros'
[0.171s] Level 1:colcon.colcon_core.package_identification:_identify(src/dcb_gazebo) by extensions ['cmake', 'python']
[0.171s] Level 1:colcon.colcon_core.package_identification:_identify(src/dcb_gazebo) by extension 'cmake'
[0.171s] Level 1:colcon.colcon_core.package_identification:_identify(src/dcb_gazebo) by extension 'python'
[0.171s] Level 1:colcon.colcon_core.package_identification:_identify(src/dcb_gazebo) by extensions ['python_setup_py']
[0.171s] Level 1:colcon.colcon_core.package_identification:_identify(src/dcb_gazebo) by extension 'python_setup_py'
[0.171s] Level 1:colcon.colcon_core.package_identification:_identify(src/dcb_gazebo/launch) by extensions ['ignore', 'ignore_ament_install']
[0.171s] Level 1:colcon.colcon_core.package_identification:_identify(src/dcb_gazebo/launch) by extension 'ignore'
[0.171s] Level 1:colcon.colcon_core.package_identification:_identify(src/dcb_gazebo/launch) by extension 'ignore_ament_install'
[0.171s] Level 1:colcon.colcon_core.package_identification:_identify(src/dcb_gazebo/launch) by extensions ['colcon_pkg']
[0.171s] Level 1:colcon.colcon_core.package_identification:_identify(src/dcb_gazebo/launch) by extension 'colcon_pkg'
[0.171s] Level 1:colcon.colcon_core.package_identification:_identify(src/dcb_gazebo/launch) by extensions ['colcon_meta']
[0.171s] Level 1:colcon.colcon_core.package_identification:_identify(src/dcb_gazebo/launch) by extension 'colcon_meta'
[0.171s] Level 1:colcon.colcon_core.package_identification:_identify(src/dcb_gazebo/launch) by extensions ['ros']
[0.172s] Level 1:colcon.colcon_core.package_identification:_identify(src/dcb_gazebo/launch) by extension 'ros'
[0.172s] Level 1:colcon.colcon_core.package_identification:_identify(src/dcb_gazebo/launch) by extensions ['cmake', 'python']
[0.172s] Level 1:colcon.colcon_core.package_identification:_identify(src/dcb_gazebo/launch) by extension 'cmake'
[0.172s] Level 1:colcon.colcon_core.package_identification:_identify(src/dcb_gazebo/launch) by extension 'python'
[0.172s] Level 1:colcon.colcon_core.package_identification:_identify(src/dcb_gazebo/launch) by extensions ['python_setup_py']
[0.172s] Level 1:colcon.colcon_core.package_identification:_identify(src/dcb_gazebo/launch) by extension 'python_setup_py'
[0.172s] Level 1:colcon.colcon_core.package_identification:_identify(src/dcb_plugin) by extensions ['ignore', 'ignore_ament_install']
[0.172s] Level 1:colcon.colcon_core.package_identification:_identify(src/dcb_plugin) by extension 'ignore'
[0.172s] Level 1:colcon.colcon_core.package_identification:_identify(src/dcb_plugin) by extension 'ignore_ament_install'
[0.172s] Level 1:colcon.colcon_core.package_identification:_identify(src/dcb_plugin) by extensions ['colcon_pkg']
[0.172s] Level 1:colcon.colcon_core.package_identification:_identify(src/dcb_plugin) by extension 'colcon_pkg'
[0.172s] Level 1:colcon.colcon_core.package_identification:_identify(src/dcb_plugin) by extensions ['colcon_meta']
[0.172s] Level 1:colcon.colcon_core.package_identification:_identify(src/dcb_plugin) by extension 'colcon_meta'
[0.172s] Level 1:colcon.colcon_core.package_identification:_identify(src/dcb_plugin) by extensions ['ros']
[0.172s] Level 1:colcon.colcon_core.package_identification:_identify(src/dcb_plugin) by extension 'ros'
[0.172s] Level 1:colcon.colcon_core.package_identification:_identify(src/dcb_plugin) by extensions ['cmake', 'python']
[0.172s] Level 1:colcon.colcon_core.package_identification:_identify(src/dcb_plugin) by extension 'cmake'
[0.172s] Level 1:colcon.colcon_core.package_identification:_identify(src/dcb_plugin) by extension 'python'
[0.172s] Level 1:colcon.colcon_core.package_identification:_identify(src/dcb_plugin) by extensions ['python_setup_py']
[0.172s] Level 1:colcon.colcon_core.package_identification:_identify(src/dcb_plugin) by extension 'python_setup_py'
[0.172s] Level 1:colcon.colcon_core.package_identification:_identify(src/ros2-bbox-juice-machine) by extensions ['ignore', 'ignore_ament_install']
[0.173s] Level 1:colcon.colcon_core.package_identification:_identify(src/ros2-bbox-juice-machine) by extension 'ignore'
[0.173s] Level 1:colcon.colcon_core.package_identification:_identify(src/ros2-bbox-juice-machine) by extension 'ignore_ament_install'
[0.173s] Level 1:colcon.colcon_core.package_identification:_identify(src/ros2-bbox-juice-machine) by extensions ['colcon_pkg']
[0.173s] Level 1:colcon.colcon_core.package_identification:_identify(src/ros2-bbox-juice-machine) by extension 'colcon_pkg'
[0.173s] Level 1:colcon.colcon_core.package_identification:_identify(src/ros2-bbox-juice-machine) by extensions ['colcon_meta']
[0.173s] Level 1:colcon.colcon_core.package_identification:_identify(src/ros2-bbox-juice-machine) by extension 'colcon_meta'
[0.173s] Level 1:colcon.colcon_core.package_identification:_identify(src/ros2-bbox-juice-machine) by extensions ['ros']
[0.173s] Level 1:colcon.colcon_core.package_identification:_identify(src/ros2-bbox-juice-machine) by extension 'ros'
[0.173s] Level 1:colcon.colcon_core.package_identification:_identify(src/ros2-bbox-juice-machine) by extensions ['cmake', 'python']
[0.173s] Level 1:colcon.colcon_core.package_identification:_identify(src/ros2-bbox-juice-machine) by extension 'cmake'
[0.173s] Level 1:colcon.colcon_core.package_identification:_identify(src/ros2-bbox-juice-machine) by extension 'python'
[0.173s] Level 1:colcon.colcon_core.package_identification:_identify(src/ros2-bbox-juice-machine) by extensions ['python_setup_py']
[0.173s] Level 1:colcon.colcon_core.package_identification:_identify(src/ros2-bbox-juice-machine) by extension 'python_setup_py'
[0.173s] Level 1:colcon.colcon_core.package_identification:_identify(src/ros2-bbox-juice-machine/juice_dcb) by extensions ['ignore', 'ignore_ament_install']
[0.173s] Level 1:colcon.colcon_core.package_identification:_identify(src/ros2-bbox-juice-machine/juice_dcb) by extension 'ignore'
[0.173s] Level 1:colcon.colcon_core.package_identification:_identify(src/ros2-bbox-juice-machine/juice_dcb) by extension 'ignore_ament_install'
[0.173s] Level 1:colcon.colcon_core.package_identification:_identify(src/ros2-bbox-juice-machine/juice_dcb) by extensions ['colcon_pkg']
[0.173s] Level 1:colcon.colcon_core.package_identification:_identify(src/ros2-bbox-juice-machine/juice_dcb) by extension 'colcon_pkg'
[0.173s] Level 1:colcon.colcon_core.package_identification:_identify(src/ros2-bbox-juice-machine/juice_dcb) by extensions ['colcon_meta']
[0.173s] Level 1:colcon.colcon_core.package_identification:_identify(src/ros2-bbox-juice-machine/juice_dcb) by extension 'colcon_meta'
[0.173s] Level 1:colcon.colcon_core.package_identification:_identify(src/ros2-bbox-juice-machine/juice_dcb) by extensions ['ros']
[0.173s] Level 1:colcon.colcon_core.package_identification:_identify(src/ros2-bbox-juice-machine/juice_dcb) by extension 'ros'
[0.175s] DEBUG:colcon.colcon_core.package_identification:Package 'src/ros2-bbox-juice-machine/juice_dcb' with type 'ros.ament_cmake' and name 'juice_dcb'
[0.175s] Level 1:colcon.colcon_core.package_identification:_identify(src/ros2-bbox-juice-machine/juice_spout) by extensions ['ignore', 'ignore_ament_install']
[0.175s] Level 1:colcon.colcon_core.package_identification:_identify(src/ros2-bbox-juice-machine/juice_spout) by extension 'ignore'
[0.175s] Level 1:colcon.colcon_core.package_identification:_identify(src/ros2-bbox-juice-machine/juice_spout) by extension 'ignore_ament_install'
[0.175s] Level 1:colcon.colcon_core.package_identification:_identify(src/ros2-bbox-juice-machine/juice_spout) by extensions ['colcon_pkg']
[0.175s] Level 1:colcon.colcon_core.package_identification:_identify(src/ros2-bbox-juice-machine/juice_spout) by extension 'colcon_pkg'
[0.176s] Level 1:colcon.colcon_core.package_identification:_identify(src/ros2-bbox-juice-machine/juice_spout) by extensions ['colcon_meta']
[0.176s] Level 1:colcon.colcon_core.package_identification:_identify(src/ros2-bbox-juice-machine/juice_spout) by extension 'colcon_meta'
[0.176s] Level 1:colcon.colcon_core.package_identification:_identify(src/ros2-bbox-juice-machine/juice_spout) by extensions ['ros']
[0.176s] Level 1:colcon.colcon_core.package_identification:_identify(src/ros2-bbox-juice-machine/juice_spout) by extension 'ros'
[0.176s] DEBUG:colcon.colcon_core.package_identification:Package 'src/ros2-bbox-juice-machine/juice_spout' with type 'ros.ament_cmake' and name 'juice_spout'
[0.176s] Level 1:colcon.colcon_core.package_identification:_identify(src/ros2-nourish-common-messages) by extensions ['ignore', 'ignore_ament_install']
[0.176s] Level 1:colcon.colcon_core.package_identification:_identify(src/ros2-nourish-common-messages) by extension 'ignore'
[0.176s] Level 1:colcon.colcon_core.package_identification:_identify(src/ros2-nourish-common-messages) by extension 'ignore_ament_install'
[0.176s] Level 1:colcon.colcon_core.package_identification:_identify(src/ros2-nourish-common-messages) by extensions ['colcon_pkg']
[0.177s] Level 1:colcon.colcon_core.package_identification:_identify(src/ros2-nourish-common-messages) by extension 'colcon_pkg'
[0.177s] Level 1:colcon.colcon_core.package_identification:_identify(src/ros2-nourish-common-messages) by extensions ['colcon_meta']
[0.177s] Level 1:colcon.colcon_core.package_identification:_identify(src/ros2-nourish-common-messages) by extension 'colcon_meta'
[0.177s] Level 1:colcon.colcon_core.package_identification:_identify(src/ros2-nourish-common-messages) by extensions ['ros']
[0.177s] Level 1:colcon.colcon_core.package_identification:_identify(src/ros2-nourish-common-messages) by extension 'ros'
[0.177s] Level 1:colcon.colcon_core.package_identification:_identify(src/ros2-nourish-common-messages) by extensions ['cmake', 'python']
[0.177s] Level 1:colcon.colcon_core.package_identification:_identify(src/ros2-nourish-common-messages) by extension 'cmake'
[0.177s] Level 1:colcon.colcon_core.package_identification:_identify(src/ros2-nourish-common-messages) by extension 'python'
[0.177s] Level 1:colcon.colcon_core.package_identification:_identify(src/ros2-nourish-common-messages) by extensions ['python_setup_py']
[0.177s] Level 1:colcon.colcon_core.package_identification:_identify(src/ros2-nourish-common-messages) by extension 'python_setup_py'
[0.177s] Level 1:colcon.colcon_core.package_identification:_identify(src/ros2-nourish-common-messages/juice_dcb_msgs) by extensions ['ignore', 'ignore_ament_install']
[0.177s] Level 1:colcon.colcon_core.package_identification:_identify(src/ros2-nourish-common-messages/juice_dcb_msgs) by extension 'ignore'
[0.177s] Level 1:colcon.colcon_core.package_identification:_identify(src/ros2-nourish-common-messages/juice_dcb_msgs) by extension 'ignore_ament_install'
[0.177s] Level 1:colcon.colcon_core.package_identification:_identify(src/ros2-nourish-common-messages/juice_dcb_msgs) by extensions ['colcon_pkg']
[0.177s] Level 1:colcon.colcon_core.package_identification:_identify(src/ros2-nourish-common-messages/juice_dcb_msgs) by extension 'colcon_pkg'
[0.177s] Level 1:colcon.colcon_core.package_identification:_identify(src/ros2-nourish-common-messages/juice_dcb_msgs) by extensions ['colcon_meta']
[0.177s] Level 1:colcon.colcon_core.package_identification:_identify(src/ros2-nourish-common-messages/juice_dcb_msgs) by extension 'colcon_meta'
[0.177s] Level 1:colcon.colcon_core.package_identification:_identify(src/ros2-nourish-common-messages/juice_dcb_msgs) by extensions ['ros']
[0.177s] Level 1:colcon.colcon_core.package_identification:_identify(src/ros2-nourish-common-messages/juice_dcb_msgs) by extension 'ros'
[0.178s] DEBUG:colcon.colcon_core.package_identification:Package 'src/ros2-nourish-common-messages/juice_dcb_msgs' with type 'ros.ament_cmake' and name 'juice_dcb_msgs'
[0.178s] Level 1:colcon.colcon_core.package_identification:_identify(src/ros2-nourish-common-messages/juice_spout_msgs) by extensions ['ignore', 'ignore_ament_install']
[0.178s] Level 1:colcon.colcon_core.package_identification:_identify(src/ros2-nourish-common-messages/juice_spout_msgs) by extension 'ignore'
[0.178s] Level 1:colcon.colcon_core.package_identification:_identify(src/ros2-nourish-common-messages/juice_spout_msgs) by extension 'ignore_ament_install'
[0.178s] Level 1:colcon.colcon_core.package_identification:_identify(src/ros2-nourish-common-messages/juice_spout_msgs) by extensions ['colcon_pkg']
[0.178s] Level 1:colcon.colcon_core.package_identification:_identify(src/ros2-nourish-common-messages/juice_spout_msgs) by extension 'colcon_pkg'
[0.178s] Level 1:colcon.colcon_core.package_identification:_identify(src/ros2-nourish-common-messages/juice_spout_msgs) by extensions ['colcon_meta']
[0.178s] Level 1:colcon.colcon_core.package_identification:_identify(src/ros2-nourish-common-messages/juice_spout_msgs) by extension 'colcon_meta'
[0.178s] Level 1:colcon.colcon_core.package_identification:_identify(src/ros2-nourish-common-messages/juice_spout_msgs) by extensions ['ros']
[0.178s] Level 1:colcon.colcon_core.package_identification:_identify(src/ros2-nourish-common-messages/juice_spout_msgs) by extension 'ros'
[0.179s] DEBUG:colcon.colcon_core.package_identification:Package 'src/ros2-nourish-common-messages/juice_spout_msgs' with type 'ros.ament_cmake' and name 'juice_spout_msgs'
[0.179s] Level 1:colcon.colcon_core.package_identification:_identify(src/ros2-nourish-common-messages/nourish_robot_arm_msgs) by extensions ['ignore', 'ignore_ament_install']
[0.179s] Level 1:colcon.colcon_core.package_identification:_identify(src/ros2-nourish-common-messages/nourish_robot_arm_msgs) by extension 'ignore'
[0.179s] Level 1:colcon.colcon_core.package_identification:_identify(src/ros2-nourish-common-messages/nourish_robot_arm_msgs) by extension 'ignore_ament_install'
[0.179s] Level 1:colcon.colcon_core.package_identification:_identify(src/ros2-nourish-common-messages/nourish_robot_arm_msgs) by extensions ['colcon_pkg']
[0.179s] Level 1:colcon.colcon_core.package_identification:_identify(src/ros2-nourish-common-messages/nourish_robot_arm_msgs) by extension 'colcon_pkg'
[0.179s] Level 1:colcon.colcon_core.package_identification:_identify(src/ros2-nourish-common-messages/nourish_robot_arm_msgs) by extensions ['colcon_meta']
[0.179s] Level 1:colcon.colcon_core.package_identification:_identify(src/ros2-nourish-common-messages/nourish_robot_arm_msgs) by extension 'colcon_meta'
[0.179s] Level 1:colcon.colcon_core.package_identification:_identify(src/ros2-nourish-common-messages/nourish_robot_arm_msgs) by extensions ['ros']
[0.179s] Level 1:colcon.colcon_core.package_identification:_identify(src/ros2-nourish-common-messages/nourish_robot_arm_msgs) by extension 'ros'
[0.179s] DEBUG:colcon.colcon_core.package_identification:Package 'src/ros2-nourish-common-messages/nourish_robot_arm_msgs' with type 'ros.ament_cmake' and name 'nourish_robot_arm_msgs'
[0.180s] Level 1:colcon.colcon_core.package_identification:_identify(src/ros2-nourish-common-messages/nourish_scale_msgs) by extensions ['ignore', 'ignore_ament_install']
[0.180s] Level 1:colcon.colcon_core.package_identification:_identify(src/ros2-nourish-common-messages/nourish_scale_msgs) by extension 'ignore'
[0.180s] Level 1:colcon.colcon_core.package_identification:_identify(src/ros2-nourish-common-messages/nourish_scale_msgs) by extension 'ignore_ament_install'
[0.180s] Level 1:colcon.colcon_core.package_identification:_identify(src/ros2-nourish-common-messages/nourish_scale_msgs) by extensions ['colcon_pkg']
[0.180s] Level 1:colcon.colcon_core.package_identification:_identify(src/ros2-nourish-common-messages/nourish_scale_msgs) by extension 'colcon_pkg'
[0.180s] Level 1:colcon.colcon_core.package_identification:_identify(src/ros2-nourish-common-messages/nourish_scale_msgs) by extensions ['colcon_meta']
[0.180s] Level 1:colcon.colcon_core.package_identification:_identify(src/ros2-nourish-common-messages/nourish_scale_msgs) by extension 'colcon_meta'
[0.180s] Level 1:colcon.colcon_core.package_identification:_identify(src/ros2-nourish-common-messages/nourish_scale_msgs) by extensions ['ros']
[0.180s] Level 1:colcon.colcon_core.package_identification:_identify(src/ros2-nourish-common-messages/nourish_scale_msgs) by extension 'ros'
[0.180s] DEBUG:colcon.colcon_core.package_identification:Package 'src/ros2-nourish-common-messages/nourish_scale_msgs' with type 'ros.ament_cmake' and name 'nourish_scale_msgs'
[0.180s] Level 1:colcon.colcon_core.package_identification:_identify(src/ros2-nourish-dcb) by extensions ['ignore', 'ignore_ament_install']
[0.181s] Level 1:colcon.colcon_core.package_identification:_identify(src/ros2-nourish-dcb) by extension 'ignore'
[0.181s] Level 1:colcon.colcon_core.package_identification:_identify(src/ros2-nourish-dcb) by extension 'ignore_ament_install'
[0.181s] Level 1:colcon.colcon_core.package_identification:_identify(src/ros2-nourish-dcb) by extensions ['colcon_pkg']
[0.181s] Level 1:colcon.colcon_core.package_identification:_identify(src/ros2-nourish-dcb) by extension 'colcon_pkg'
[0.181s] Level 1:colcon.colcon_core.package_identification:_identify(src/ros2-nourish-dcb) by extensions ['colcon_meta']
[0.181s] Level 1:colcon.colcon_core.package_identification:_identify(src/ros2-nourish-dcb) by extension 'colcon_meta'
[0.181s] Level 1:colcon.colcon_core.package_identification:_identify(src/ros2-nourish-dcb) by extensions ['ros']
[0.181s] Level 1:colcon.colcon_core.package_identification:_identify(src/ros2-nourish-dcb) by extension 'ros'
[0.181s] DEBUG:colcon.colcon_core.package_identification:Package 'src/ros2-nourish-dcb' with type 'ros.ament_cmake' and name 'nourish_dcb'
[0.181s] Level 1:colcon.colcon_core.package_identification:_identify(src/ros2-nourish-scale) by extensions ['ignore', 'ignore_ament_install']
[0.181s] Level 1:colcon.colcon_core.package_identification:_identify(src/ros2-nourish-scale) by extension 'ignore'
[0.181s] Level 1:colcon.colcon_core.package_identification:_identify(src/ros2-nourish-scale) by extension 'ignore_ament_install'
[0.182s] Level 1:colcon.colcon_core.package_identification:_identify(src/ros2-nourish-scale) by extensions ['colcon_pkg']
[0.182s] Level 1:colcon.colcon_core.package_identification:_identify(src/ros2-nourish-scale) by extension 'colcon_pkg'
[0.182s] Level 1:colcon.colcon_core.package_identification:_identify(src/ros2-nourish-scale) by extensions ['colcon_meta']
[0.182s] Level 1:colcon.colcon_core.package_identification:_identify(src/ros2-nourish-scale) by extension 'colcon_meta'
[0.182s] Level 1:colcon.colcon_core.package_identification:_identify(src/ros2-nourish-scale) by extensions ['ros']
[0.182s] Level 1:colcon.colcon_core.package_identification:_identify(src/ros2-nourish-scale) by extension 'ros'
[0.182s] Level 1:colcon.colcon_core.package_identification:_identify(src/ros2-nourish-scale) by extensions ['cmake', 'python']
[0.182s] Level 1:colcon.colcon_core.package_identification:_identify(src/ros2-nourish-scale) by extension 'cmake'
[0.182s] Level 1:colcon.colcon_core.package_identification:_identify(src/ros2-nourish-scale) by extension 'python'
[0.182s] Level 1:colcon.colcon_core.package_identification:_identify(src/ros2-nourish-scale) by extensions ['python_setup_py']
[0.182s] Level 1:colcon.colcon_core.package_identification:_identify(src/ros2-nourish-scale) by extension 'python_setup_py'
[0.182s] Level 1:colcon.colcon_core.package_identification:_identify(src/ros2-nourish-scale/nourish_scale) by extensions ['ignore', 'ignore_ament_install']
[0.182s] Level 1:colcon.colcon_core.package_identification:_identify(src/ros2-nourish-scale/nourish_scale) by extension 'ignore'
[0.182s] Level 1:colcon.colcon_core.package_identification:_identify(src/ros2-nourish-scale/nourish_scale) by extension 'ignore_ament_install'
[0.182s] Level 1:colcon.colcon_core.package_identification:_identify(src/ros2-nourish-scale/nourish_scale) by extensions ['colcon_pkg']
[0.182s] Level 1:colcon.colcon_core.package_identification:_identify(src/ros2-nourish-scale/nourish_scale) by extension 'colcon_pkg'
[0.182s] Level 1:colcon.colcon_core.package_identification:_identify(src/ros2-nourish-scale/nourish_scale) by extensions ['colcon_meta']
[0.182s] Level 1:colcon.colcon_core.package_identification:_identify(src/ros2-nourish-scale/nourish_scale) by extension 'colcon_meta'
[0.182s] Level 1:colcon.colcon_core.package_identification:_identify(src/ros2-nourish-scale/nourish_scale) by extensions ['ros']
[0.182s] Level 1:colcon.colcon_core.package_identification:_identify(src/ros2-nourish-scale/nourish_scale) by extension 'ros'
[0.183s] DEBUG:colcon.colcon_core.package_identification:Package 'src/ros2-nourish-scale/nourish_scale' with type 'ros.ament_cmake' and name 'nourish_scale'
[0.183s] Level 1:colcon.colcon_core.package_identification:_identify(src/serial-ros2) by extensions ['ignore', 'ignore_ament_install']
[0.183s] Level 1:colcon.colcon_core.package_identification:_identify(src/serial-ros2) by extension 'ignore'
[0.183s] Level 1:colcon.colcon_core.package_identification:_identify(src/serial-ros2) by extension 'ignore_ament_install'
[0.183s] Level 1:colcon.colcon_core.package_identification:_identify(src/serial-ros2) by extensions ['colcon_pkg']
[0.183s] Level 1:colcon.colcon_core.package_identification:_identify(src/serial-ros2) by extension 'colcon_pkg'
[0.183s] Level 1:colcon.colcon_core.package_identification:_identify(src/serial-ros2) by extensions ['colcon_meta']
[0.183s] Level 1:colcon.colcon_core.package_identification:_identify(src/serial-ros2) by extension 'colcon_meta'
[0.183s] Level 1:colcon.colcon_core.package_identification:_identify(src/serial-ros2) by extensions ['ros']
[0.183s] Level 1:colcon.colcon_core.package_identification:_identify(src/serial-ros2) by extension 'ros'
[0.184s] DEBUG:colcon.colcon_core.package_identification:Package 'src/serial-ros2' with type 'ros.ament_cmake' and name 'serial'
[0.184s] Level 1:colcon.colcon_core.package_discovery:discover_packages(recursive) using defaults
[0.184s] Level 1:colcon.colcon_core.package_discovery:discover_packages(ignore) discover
[0.184s] Level 1:colcon.colcon_core.package_discovery:discover_packages(ignore) using defaults
[0.184s] Level 1:colcon.colcon_core.package_discovery:discover_packages(path) discover
[0.184s] Level 1:colcon.colcon_core.package_discovery:discover_packages(path) using defaults
[0.189s] Level 5:colcon.colcon_core.verb:set package 'juice_dcb_msgs' build argument 'cmake_args' from command line to 'None'
[0.189s] Level 5:colcon.colcon_core.verb:set package 'juice_dcb_msgs' build argument 'cmake_target' from command line to 'None'
[0.189s] Level 5:colcon.colcon_core.verb:set package 'juice_dcb_msgs' build argument 'cmake_target_skip_unavailable' from command line to 'False'
[0.189s] Level 5:colcon.colcon_core.verb:set package 'juice_dcb_msgs' build argument 'cmake_clean_cache' from command line to 'False'
[0.189s] Level 5:colcon.colcon_core.verb:set package 'juice_dcb_msgs' build argument 'cmake_clean_first' from command line to 'False'
[0.189s] Level 5:colcon.colcon_core.verb:set package 'juice_dcb_msgs' build argument 'cmake_force_configure' from command line to 'False'
[0.189s] Level 5:colcon.colcon_core.verb:set package 'juice_dcb_msgs' build argument 'ament_cmake_args' from command line to 'None'
[0.189s] Level 5:colcon.colcon_core.verb:set package 'juice_dcb_msgs' build argument 'catkin_cmake_args' from command line to 'None'
[0.189s] Level 5:colcon.colcon_core.verb:set package 'juice_dcb_msgs' build argument 'catkin_skip_building_tests' from command line to 'False'
[0.189s] DEBUG:colcon.colcon_core.verb:Building package 'juice_dcb_msgs' with the following arguments: {'ament_cmake_args': None, 'build_base': '/home/nikhil/nourish_ws/build/juice_dcb_msgs', 'catkin_cmake_args': None, 'catkin_skip_building_tests': False, 'cmake_args': None, 'cmake_clean_cache': False, 'cmake_clean_first': False, 'cmake_force_configure': False, 'cmake_target': None, 'cmake_target_skip_unavailable': False, 'install_base': '/home/nikhil/nourish_ws/install/juice_dcb_msgs', 'merge_install': False, 'path': '/home/nikhil/nourish_ws/src/ros2-nourish-common-messages/juice_dcb_msgs', 'symlink_install': False, 'test_result_base': None}
[0.191s] Level 5:colcon.colcon_core.verb:set package 'juice_spout_msgs' build argument 'cmake_args' from command line to 'None'
[0.191s] Level 5:colcon.colcon_core.verb:set package 'juice_spout_msgs' build argument 'cmake_target' from command line to 'None'
[0.191s] Level 5:colcon.colcon_core.verb:set package 'juice_spout_msgs' build argument 'cmake_target_skip_unavailable' from command line to 'False'
[0.191s] Level 5:colcon.colcon_core.verb:set package 'juice_spout_msgs' build argument 'cmake_clean_cache' from command line to 'False'
[0.191s] Level 5:colcon.colcon_core.verb:set package 'juice_spout_msgs' build argument 'cmake_clean_first' from command line to 'False'
[0.191s] Level 5:colcon.colcon_core.verb:set package 'juice_spout_msgs' build argument 'cmake_force_configure' from command line to 'False'
[0.191s] Level 5:colcon.colcon_core.verb:set package 'juice_spout_msgs' build argument 'ament_cmake_args' from command line to 'None'
[0.191s] Level 5:colcon.colcon_core.verb:set package 'juice_spout_msgs' build argument 'catkin_cmake_args' from command line to 'None'
[0.191s] Level 5:colcon.colcon_core.verb:set package 'juice_spout_msgs' build argument 'catkin_skip_building_tests' from command line to 'False'
[0.191s] DEBUG:colcon.colcon_core.verb:Building package 'juice_spout_msgs' with the following arguments: {'ament_cmake_args': None, 'build_base': '/home/nikhil/nourish_ws/build/juice_spout_msgs', 'catkin_cmake_args': None, 'catkin_skip_building_tests': False, 'cmake_args': None, 'cmake_clean_cache': False, 'cmake_clean_first': False, 'cmake_force_configure': False, 'cmake_target': None, 'cmake_target_skip_unavailable': False, 'install_base': '/home/nikhil/nourish_ws/install/juice_spout_msgs', 'merge_install': False, 'path': '/home/nikhil/nourish_ws/src/ros2-nourish-common-messages/juice_spout_msgs', 'symlink_install': False, 'test_result_base': None}
[0.194s] Level 5:colcon.colcon_core.verb:set package 'nourish_robot_arm_msgs' build argument 'cmake_args' from command line to 'None'
[0.194s] Level 5:colcon.colcon_core.verb:set package 'nourish_robot_arm_msgs' build argument 'cmake_target' from command line to 'None'
[0.194s] Level 5:colcon.colcon_core.verb:set package 'nourish_robot_arm_msgs' build argument 'cmake_target_skip_unavailable' from command line to 'False'
[0.194s] Level 5:colcon.colcon_core.verb:set package 'nourish_robot_arm_msgs' build argument 'cmake_clean_cache' from command line to 'False'
[0.194s] Level 5:colcon.colcon_core.verb:set package 'nourish_robot_arm_msgs' build argument 'cmake_clean_first' from command line to 'False'
[0.194s] Level 5:colcon.colcon_core.verb:set package 'nourish_robot_arm_msgs' build argument 'cmake_force_configure' from command line to 'False'
[0.194s] Level 5:colcon.colcon_core.verb:set package 'nourish_robot_arm_msgs' build argument 'ament_cmake_args' from command line to 'None'
[0.194s] Level 5:colcon.colcon_core.verb:set package 'nourish_robot_arm_msgs' build argument 'catkin_cmake_args' from command line to 'None'
[0.194s] Level 5:colcon.colcon_core.verb:set package 'nourish_robot_arm_msgs' build argument 'catkin_skip_building_tests' from command line to 'False'
[0.194s] DEBUG:colcon.colcon_core.verb:Building package 'nourish_robot_arm_msgs' with the following arguments: {'ament_cmake_args': None, 'build_base': '/home/nikhil/nourish_ws/build/nourish_robot_arm_msgs', 'catkin_cmake_args': None, 'catkin_skip_building_tests': False, 'cmake_args': None, 'cmake_clean_cache': False, 'cmake_clean_first': False, 'cmake_force_configure': False, 'cmake_target': None, 'cmake_target_skip_unavailable': False, 'install_base': '/home/nikhil/nourish_ws/install/nourish_robot_arm_msgs', 'merge_install': False, 'path': '/home/nikhil/nourish_ws/src/ros2-nourish-common-messages/nourish_robot_arm_msgs', 'symlink_install': False, 'test_result_base': None}
[0.196s] Level 5:colcon.colcon_core.verb:set package 'nourish_scale_msgs' build argument 'cmake_args' from command line to 'None'
[0.196s] Level 5:colcon.colcon_core.verb:set package 'nourish_scale_msgs' build argument 'cmake_target' from command line to 'None'
[0.196s] Level 5:colcon.colcon_core.verb:set package 'nourish_scale_msgs' build argument 'cmake_target_skip_unavailable' from command line to 'False'
[0.196s] Level 5:colcon.colcon_core.verb:set package 'nourish_scale_msgs' build argument 'cmake_clean_cache' from command line to 'False'
[0.196s] Level 5:colcon.colcon_core.verb:set package 'nourish_scale_msgs' build argument 'cmake_clean_first' from command line to 'False'
[0.196s] Level 5:colcon.colcon_core.verb:set package 'nourish_scale_msgs' build argument 'cmake_force_configure' from command line to 'False'
[0.196s] Level 5:colcon.colcon_core.verb:set package 'nourish_scale_msgs' build argument 'ament_cmake_args' from command line to 'None'
[0.196s] Level 5:colcon.colcon_core.verb:set package 'nourish_scale_msgs' build argument 'catkin_cmake_args' from command line to 'None'
[0.196s] Level 5:colcon.colcon_core.verb:set package 'nourish_scale_msgs' build argument 'catkin_skip_building_tests' from command line to 'False'
[0.196s] DEBUG:colcon.colcon_core.verb:Building package 'nourish_scale_msgs' with the following arguments: {'ament_cmake_args': None, 'build_base': '/home/nikhil/nourish_ws/build/nourish_scale_msgs', 'catkin_cmake_args': None, 'catkin_skip_building_tests': False, 'cmake_args': None, 'cmake_clean_cache': False, 'cmake_clean_first': False, 'cmake_force_configure': False, 'cmake_target': None, 'cmake_target_skip_unavailable': False, 'install_base': '/home/nikhil/nourish_ws/install/nourish_scale_msgs', 'merge_install': False, 'path': '/home/nikhil/nourish_ws/src/ros2-nourish-common-messages/nourish_scale_msgs', 'symlink_install': False, 'test_result_base': None}
[0.199s] Level 5:colcon.colcon_core.verb:set package 'serial' build argument 'cmake_args' from command line to 'None'
[0.199s] Level 5:colcon.colcon_core.verb:set package 'serial' build argument 'cmake_target' from command line to 'None'
[0.199s] Level 5:colcon.colcon_core.verb:set package 'serial' build argument 'cmake_target_skip_unavailable' from command line to 'False'
[0.199s] Level 5:colcon.colcon_core.verb:set package 'serial' build argument 'cmake_clean_cache' from command line to 'False'
[0.199s] Level 5:colcon.colcon_core.verb:set package 'serial' build argument 'cmake_clean_first' from command line to 'False'
[0.199s] Level 5:colcon.colcon_core.verb:set package 'serial' build argument 'cmake_force_configure' from command line to 'False'
[0.199s] Level 5:colcon.colcon_core.verb:set package 'serial' build argument 'ament_cmake_args' from command line to 'None'
[0.199s] Level 5:colcon.colcon_core.verb:set package 'serial' build argument 'catkin_cmake_args' from command line to 'None'
[0.200s] Level 5:colcon.colcon_core.verb:set package 'serial' build argument 'catkin_skip_building_tests' from command line to 'False'
[0.200s] DEBUG:colcon.colcon_core.verb:Building package 'serial' with the following arguments: {'ament_cmake_args': None, 'build_base': '/home/nikhil/nourish_ws/build/serial', 'catkin_cmake_args': None, 'catkin_skip_building_tests': False, 'cmake_args': None, 'cmake_clean_cache': False, 'cmake_clean_first': False, 'cmake_force_configure': False, 'cmake_target': None, 'cmake_target_skip_unavailable': False, 'install_base': '/home/nikhil/nourish_ws/install/serial', 'merge_install': False, 'path': '/home/nikhil/nourish_ws/src/serial-ros2', 'symlink_install': False, 'test_result_base': None}
[0.202s] Level 5:colcon.colcon_core.verb:set package 'juice_spout' build argument 'cmake_args' from command line to 'None'
[0.202s] Level 5:colcon.colcon_core.verb:set package 'juice_spout' build argument 'cmake_target' from command line to 'None'
[0.202s] Level 5:colcon.colcon_core.verb:set package 'juice_spout' build argument 'cmake_target_skip_unavailable' from command line to 'False'
[0.202s] Level 5:colcon.colcon_core.verb:set package 'juice_spout' build argument 'cmake_clean_cache' from command line to 'False'
[0.202s] Level 5:colcon.colcon_core.verb:set package 'juice_spout' build argument 'cmake_clean_first' from command line to 'False'
[0.202s] Level 5:colcon.colcon_core.verb:set package 'juice_spout' build argument 'cmake_force_configure' from command line to 'False'
[0.202s] Level 5:colcon.colcon_core.verb:set package 'juice_spout' build argument 'ament_cmake_args' from command line to 'None'
[0.202s] Level 5:colcon.colcon_core.verb:set package 'juice_spout' build argument 'catkin_cmake_args' from command line to 'None'
[0.202s] Level 5:colcon.colcon_core.verb:set package 'juice_spout' build argument 'catkin_skip_building_tests' from command line to 'False'
[0.202s] DEBUG:colcon.colcon_core.verb:Building package 'juice_spout' with the following arguments: {'ament_cmake_args': None, 'build_base': '/home/nikhil/nourish_ws/build/juice_spout', 'catkin_cmake_args': None, 'catkin_skip_building_tests': False, 'cmake_args': None, 'cmake_clean_cache': False, 'cmake_clean_first': False, 'cmake_force_configure': False, 'cmake_target': None, 'cmake_target_skip_unavailable': False, 'install_base': '/home/nikhil/nourish_ws/install/juice_spout', 'merge_install': False, 'path': '/home/nikhil/nourish_ws/src/ros2-bbox-juice-machine/juice_spout', 'symlink_install': False, 'test_result_base': None}
[0.204s] Level 5:colcon.colcon_core.verb:set package 'nourish_dcb' build argument 'cmake_args' from command line to 'None'
[0.204s] Level 5:colcon.colcon_core.verb:set package 'nourish_dcb' build argument 'cmake_target' from command line to 'None'
[0.204s] Level 5:colcon.colcon_core.verb:set package 'nourish_dcb' build argument 'cmake_target_skip_unavailable' from command line to 'False'
[0.204s] Level 5:colcon.colcon_core.verb:set package 'nourish_dcb' build argument 'cmake_clean_cache' from command line to 'False'
[0.204s] Level 5:colcon.colcon_core.verb:set package 'nourish_dcb' build argument 'cmake_clean_first' from command line to 'False'
[0.204s] Level 5:colcon.colcon_core.verb:set package 'nourish_dcb' build argument 'cmake_force_configure' from command line to 'False'
[0.204s] Level 5:colcon.colcon_core.verb:set package 'nourish_dcb' build argument 'ament_cmake_args' from command line to 'None'
[0.204s] Level 5:colcon.colcon_core.verb:set package 'nourish_dcb' build argument 'catkin_cmake_args' from command line to 'None'
[0.205s] Level 5:colcon.colcon_core.verb:set package 'nourish_dcb' build argument 'catkin_skip_building_tests' from command line to 'False'
[0.205s] DEBUG:colcon.colcon_core.verb:Building package 'nourish_dcb' with the following arguments: {'ament_cmake_args': None, 'build_base': '/home/nikhil/nourish_ws/build/nourish_dcb', 'catkin_cmake_args': None, 'catkin_skip_building_tests': False, 'cmake_args': None, 'cmake_clean_cache': False, 'cmake_clean_first': False, 'cmake_force_configure': False, 'cmake_target': None, 'cmake_target_skip_unavailable': False, 'install_base': '/home/nikhil/nourish_ws/install/nourish_dcb', 'merge_install': False, 'path': '/home/nikhil/nourish_ws/src/ros2-nourish-dcb', 'symlink_install': False, 'test_result_base': None}
[0.207s] Level 5:colcon.colcon_core.verb:set package 'juice_dcb' build argument 'cmake_args' from command line to 'None'
[0.207s] Level 5:colcon.colcon_core.verb:set package 'juice_dcb' build argument 'cmake_target' from command line to 'None'
[0.207s] Level 5:colcon.colcon_core.verb:set package 'juice_dcb' build argument 'cmake_target_skip_unavailable' from command line to 'False'
[0.207s] Level 5:colcon.colcon_core.verb:set package 'juice_dcb' build argument 'cmake_clean_cache' from command line to 'False'
[0.207s] Level 5:colcon.colcon_core.verb:set package 'juice_dcb' build argument 'cmake_clean_first' from command line to 'False'
[0.207s] Level 5:colcon.colcon_core.verb:set package 'juice_dcb' build argument 'cmake_force_configure' from command line to 'False'
[0.207s] Level 5:colcon.colcon_core.verb:set package 'juice_dcb' build argument 'ament_cmake_args' from command line to 'None'
[0.207s] Level 5:colcon.colcon_core.verb:set package 'juice_dcb' build argument 'catkin_cmake_args' from command line to 'None'
[0.207s] Level 5:colcon.colcon_core.verb:set package 'juice_dcb' build argument 'catkin_skip_building_tests' from command line to 'False'
[0.207s] DEBUG:colcon.colcon_core.verb:Building package 'juice_dcb' with the following arguments: {'ament_cmake_args': None, 'build_base': '/home/nikhil/nourish_ws/build/juice_dcb', 'catkin_cmake_args': None, 'catkin_skip_building_tests': False, 'cmake_args': None, 'cmake_clean_cache': False, 'cmake_clean_first': False, 'cmake_force_configure': False, 'cmake_target': None, 'cmake_target_skip_unavailable': False, 'install_base': '/home/nikhil/nourish_ws/install/juice_dcb', 'merge_install': False, 'path': '/home/nikhil/nourish_ws/src/ros2-bbox-juice-machine/juice_dcb', 'symlink_install': False, 'test_result_base': None}
[0.209s] Level 5:colcon.colcon_core.verb:set package 'nourish_scale' build argument 'cmake_args' from command line to 'None'
[0.209s] Level 5:colcon.colcon_core.verb:set package 'nourish_scale' build argument 'cmake_target' from command line to 'None'
[0.209s] Level 5:colcon.colcon_core.verb:set package 'nourish_scale' build argument 'cmake_target_skip_unavailable' from command line to 'False'
[0.209s] Level 5:colcon.colcon_core.verb:set package 'nourish_scale' build argument 'cmake_clean_cache' from command line to 'False'
[0.209s] Level 5:colcon.colcon_core.verb:set package 'nourish_scale' build argument 'cmake_clean_first' from command line to 'False'
[0.209s] Level 5:colcon.colcon_core.verb:set package 'nourish_scale' build argument 'cmake_force_configure' from command line to 'False'
[0.209s] Level 5:colcon.colcon_core.verb:set package 'nourish_scale' build argument 'ament_cmake_args' from command line to 'None'
[0.209s] Level 5:colcon.colcon_core.verb:set package 'nourish_scale' build argument 'catkin_cmake_args' from command line to 'None'
[0.209s] Level 5:colcon.colcon_core.verb:set package 'nourish_scale' build argument 'catkin_skip_building_tests' from command line to 'False'
[0.209s] DEBUG:colcon.colcon_core.verb:Building package 'nourish_scale' with the following arguments: {'ament_cmake_args': None, 'build_base': '/home/nikhil/nourish_ws/build/nourish_scale', 'catkin_cmake_args': None, 'catkin_skip_building_tests': False, 'cmake_args': None, 'cmake_clean_cache': False, 'cmake_clean_first': False, 'cmake_force_configure': False, 'cmake_target': None, 'cmake_target_skip_unavailable': False, 'install_base': '/home/nikhil/nourish_ws/install/nourish_scale', 'merge_install': False, 'path': '/home/nikhil/nourish_ws/src/ros2-nourish-scale/nourish_scale', 'symlink_install': False, 'test_result_base': None}
[0.210s] INFO:colcon.colcon_core.executor:Executing jobs using 'parallel' executor
[0.219s] DEBUG:colcon.colcon_parallel_executor.executor.parallel:run_until_complete
[0.219s] INFO:colcon.colcon_ros.task.ament_cmake.build:Building ROS package in '/home/nikhil/nourish_ws/src/serial-ros2' with build type 'ament_cmake'
[0.223s] INFO:colcon.colcon_core.plugin_system:Skipping extension 'colcon_core.shell.bat': Not used on non-Windows systems
[0.223s] INFO:colcon.colcon_cmake.task.cmake.build:Building CMake package in '/home/nikhil/nourish_ws/src/serial-ros2'
[0.223s] INFO:colcon.colcon_core.shell:Skip shell extension 'powershell' for command environment: Not usable outside of PowerShell
[0.223s] DEBUG:colcon.colcon_core.shell:Skip shell extension 'dsv' for command environment
[0.230s] INFO:colcon.colcon_ros.task.ament_cmake.build:Building ROS package in '/home/nikhil/nourish_ws/src/ros2-nourish-common-messages/juice_dcb_msgs' with build type 'ament_cmake'
[0.231s] INFO:colcon.colcon_cmake.task.cmake.build:Building CMake package in '/home/nikhil/nourish_ws/src/ros2-nourish-common-messages/juice_dcb_msgs'
[0.232s] INFO:colcon.colcon_core.shell:Skip shell extension 'powershell' for command environment: Not usable outside of PowerShell
[0.232s] DEBUG:colcon.colcon_core.shell:Skip shell extension 'dsv' for command environment
[0.238s] INFO:colcon.colcon_ros.task.ament_cmake.build:Building ROS package in '/home/nikhil/nourish_ws/src/ros2-nourish-common-messages/juice_spout_msgs' with build type 'ament_cmake'
[0.239s] INFO:colcon.colcon_cmake.task.cmake.build:Building CMake package in '/home/nikhil/nourish_ws/src/ros2-nourish-common-messages/juice_spout_msgs'
[0.240s] INFO:colcon.colcon_core.shell:Skip shell extension 'powershell' for command environment: Not usable outside of PowerShell
[0.240s] DEBUG:colcon.colcon_core.shell:Skip shell extension 'dsv' for command environment
[0.246s] INFO:colcon.colcon_ros.task.ament_cmake.build:Building ROS package in '/home/nikhil/nourish_ws/src/ros2-nourish-common-messages/nourish_scale_msgs' with build type 'ament_cmake'
[0.247s] INFO:colcon.colcon_cmake.task.cmake.build:Building CMake package in '/home/nikhil/nourish_ws/src/ros2-nourish-common-messages/nourish_scale_msgs'
[0.247s] INFO:colcon.colcon_core.shell:Skip shell extension 'powershell' for command environment: Not usable outside of PowerShell
[0.247s] DEBUG:colcon.colcon_core.shell:Skip shell extension 'dsv' for command environment
[0.253s] INFO:colcon.colcon_ros.task.ament_cmake.build:Building ROS package in '/home/nikhil/nourish_ws/src/ros2-nourish-common-messages/nourish_robot_arm_msgs' with build type 'ament_cmake'
[0.254s] INFO:colcon.colcon_cmake.task.cmake.build:Building CMake package in '/home/nikhil/nourish_ws/src/ros2-nourish-common-messages/nourish_robot_arm_msgs'
[0.254s] INFO:colcon.colcon_core.shell:Skip shell extension 'powershell' for command environment: Not usable outside of PowerShell
[0.254s] DEBUG:colcon.colcon_core.shell:Skip shell extension 'dsv' for command environment
[0.264s] DEBUG:colcon.colcon_core.event_handler.log_command:Invoking command in '/home/nikhil/nourish_ws/build/serial': /usr/bin/cmake --build /home/nikhil/nourish_ws/build/serial -- -j12 -l12
[0.270s] DEBUG:colcon.colcon_core.event_handler.log_command:Invoking command in '/home/nikhil/nourish_ws/build/juice_dcb_msgs': /usr/bin/cmake --build /home/nikhil/nourish_ws/build/juice_dcb_msgs -- -j12 -l12
[0.273s] DEBUG:colcon.colcon_core.event_handler.log_command:Invoking command in '/home/nikhil/nourish_ws/build/juice_spout_msgs': /usr/bin/cmake --build /home/nikhil/nourish_ws/build/juice_spout_msgs -- -j12 -l12
[0.278s] DEBUG:colcon.colcon_core.event_handler.log_command:Invoking command in '/home/nikhil/nourish_ws/build/nourish_scale_msgs': /usr/bin/cmake --build /home/nikhil/nourish_ws/build/nourish_scale_msgs -- -j12 -l12
[0.282s] DEBUG:colcon.colcon_core.event_handler.log_command:Invoking command in '/home/nikhil/nourish_ws/build/nourish_robot_arm_msgs': /usr/bin/cmake --build /home/nikhil/nourish_ws/build/nourish_robot_arm_msgs -- -j12 -l12
[0.557s] DEBUG:colcon.colcon_core.event_handler.log_command:Invoked command in '/home/nikhil/nourish_ws/build/juice_dcb_msgs' returned '0': /usr/bin/cmake --build /home/nikhil/nourish_ws/build/juice_dcb_msgs -- -j12 -l12
[0.593s] DEBUG:colcon.colcon_core.event_handler.log_command:Invoked command in '/home/nikhil/nourish_ws/build/nourish_scale_msgs' returned '0': /usr/bin/cmake --build /home/nikhil/nourish_ws/build/nourish_scale_msgs -- -j12 -l12
[0.600s] DEBUG:colcon.colcon_core.event_handler.log_command:Invoked command in '/home/nikhil/nourish_ws/build/juice_spout_msgs' returned '0': /usr/bin/cmake --build /home/nikhil/nourish_ws/build/juice_spout_msgs -- -j12 -l12
[0.639s] DEBUG:colcon.colcon_core.event_handler.log_command:Invoked command in '/home/nikhil/nourish_ws/build/nourish_robot_arm_msgs' returned '0': /usr/bin/cmake --build /home/nikhil/nourish_ws/build/nourish_robot_arm_msgs -- -j12 -l12
[0.679s] DEBUG:colcon.colcon_core.event_handler.log_command:Invoking command in '/home/nikhil/nourish_ws/build/juice_dcb_msgs': /usr/bin/cmake --build /home/nikhil/nourish_ws/build/juice_dcb_msgs --target install -- -j12 -l12
[0.696s] DEBUG:colcon.colcon_core.event_handler.log_command:Invoking command in '/home/nikhil/nourish_ws/build/nourish_scale_msgs': /usr/bin/cmake --build /home/nikhil/nourish_ws/build/nourish_scale_msgs --target install -- -j12 -l12
[0.753s] DEBUG:colcon.colcon_core.event_handler.log_command:Invoking command in '/home/nikhil/nourish_ws/build/juice_spout_msgs': /usr/bin/cmake --build /home/nikhil/nourish_ws/build/juice_spout_msgs --target install -- -j12 -l12
[0.835s] DEBUG:colcon.colcon_core.event_handler.log_command:Invoked command in '/home/nikhil/nourish_ws/build/serial' returned '0': /usr/bin/cmake --build /home/nikhil/nourish_ws/build/serial -- -j12 -l12
[0.874s] DEBUG:colcon.colcon_core.event_handler.log_command:Invoking command in '/home/nikhil/nourish_ws/build/serial': /usr/bin/cmake --build /home/nikhil/nourish_ws/build/serial --target install -- -j12 -l12
[0.975s] Level 1:colcon.colcon_core.environment:create_environment_scripts_only(serial)
[0.977s] DEBUG:colcon.colcon_core.event_handler.log_command:Invoked command in '/home/nikhil/nourish_ws/build/serial' returned '0': /usr/bin/cmake --build /home/nikhil/nourish_ws/build/serial --target install -- -j12 -l12
[0.981s] Level 1:colcon.colcon_core.environment:checking '/home/nikhil/nourish_ws/install/serial' for CMake module files
[0.981s] Level 1:colcon.colcon_core.environment:checking '/home/nikhil/nourish_ws/install/serial' for CMake config files
[0.982s] Level 1:colcon.colcon_core.shell:create_environment_hook('serial', 'cmake_prefix_path')
[0.983s] INFO:colcon.colcon_core.shell:Creating environment hook '/home/nikhil/nourish_ws/install/serial/share/serial/hook/cmake_prefix_path.ps1'
[0.984s] INFO:colcon.colcon_core.shell:Creating environment descriptor '/home/nikhil/nourish_ws/install/serial/share/serial/hook/cmake_prefix_path.dsv'
[0.985s] INFO:colcon.colcon_core.shell:Creating environment hook '/home/nikhil/nourish_ws/install/serial/share/serial/hook/cmake_prefix_path.sh'
[0.987s] Level 1:colcon.colcon_core.environment:checking '/home/nikhil/nourish_ws/install/serial/lib'
[0.987s] Level 1:colcon.colcon_core.environment:checking '/home/nikhil/nourish_ws/install/serial/bin'
[0.987s] Level 1:colcon.colcon_core.environment:checking '/home/nikhil/nourish_ws/install/serial/lib/pkgconfig/serial.pc'
[0.987s] Level 1:colcon.colcon_core.environment:checking '/home/nikhil/nourish_ws/install/serial/lib/python3.6/site-packages'
[0.989s] INFO:colcon.colcon_core.shell:Creating package script '/home/nikhil/nourish_ws/install/serial/share/serial/package.ps1'
[0.990s] INFO:colcon.colcon_core.shell:Creating package descriptor '/home/nikhil/nourish_ws/install/serial/share/serial/package.dsv'
[0.992s] INFO:colcon.colcon_core.shell:Creating package script '/home/nikhil/nourish_ws/install/serial/share/serial/package.sh'
[0.994s] INFO:colcon.colcon_core.shell:Creating package script '/home/nikhil/nourish_ws/install/serial/share/serial/package.bash'
[0.996s] INFO:colcon.colcon_core.shell:Creating package script '/home/nikhil/nourish_ws/install/serial/share/serial/package.zsh'
[0.997s] Level 1:colcon.colcon_core.environment:create_file_with_runtime_dependencies(/home/nikhil/nourish_ws/install/serial/share/colcon-core/packages/serial)
[0.998s] INFO:colcon.colcon_ros.task.ament_cmake.build:Building ROS package in '/home/nikhil/nourish_ws/src/ros2-nourish-dcb' with build type 'ament_cmake'
[1.000s] INFO:colcon.colcon_cmake.task.cmake.build:Building CMake package in '/home/nikhil/nourish_ws/src/ros2-nourish-dcb'
[1.000s] INFO:colcon.colcon_core.shell:Skip shell extension 'powershell' for command environment: Not usable outside of PowerShell
[1.001s] DEBUG:colcon.colcon_core.shell:Skip shell extension 'dsv' for command environment
[1.036s] DEBUG:colcon.colcon_core.event_handler.log_command:Invoking command in '/home/nikhil/nourish_ws/build/nourish_dcb': AMENT_PREFIX_PATH=/home/nikhil/nourish_ws/install/serial:${AMENT_PREFIX_PATH} CMAKE_PREFIX_PATH=/home/nikhil/nourish_ws/install/serial:${CMAKE_PREFIX_PATH} LD_LIBRARY_PATH=/home/nikhil/nourish_ws/install/serial/lib:${LD_LIBRARY_PATH} /usr/bin/cmake --build /home/nikhil/nourish_ws/build/nourish_dcb -- -j12 -l12
[1.037s] Level 1:colcon.colcon_core.environment:create_environment_scripts_only(juice_dcb_msgs)
[1.039s] Level 1:colcon.colcon_core.environment:checking '/home/nikhil/nourish_ws/install/juice_dcb_msgs' for CMake module files
[1.039s] DEBUG:colcon.colcon_core.event_handler.log_command:Invoked command in '/home/nikhil/nourish_ws/build/juice_dcb_msgs' returned '0': /usr/bin/cmake --build /home/nikhil/nourish_ws/build/juice_dcb_msgs --target install -- -j12 -l12
[1.040s] Level 1:colcon.colcon_core.environment:checking '/home/nikhil/nourish_ws/install/juice_dcb_msgs' for CMake config files
[1.041s] Level 1:colcon.colcon_core.shell:create_environment_hook('juice_dcb_msgs', 'cmake_prefix_path')
[1.042s] INFO:colcon.colcon_core.shell:Creating environment hook '/home/nikhil/nourish_ws/install/juice_dcb_msgs/share/juice_dcb_msgs/hook/cmake_prefix_path.ps1'
[1.043s] INFO:colcon.colcon_core.shell:Creating environment descriptor '/home/nikhil/nourish_ws/install/juice_dcb_msgs/share/juice_dcb_msgs/hook/cmake_prefix_path.dsv'
[1.043s] INFO:colcon.colcon_core.shell:Creating environment hook '/home/nikhil/nourish_ws/install/juice_dcb_msgs/share/juice_dcb_msgs/hook/cmake_prefix_path.sh'
[1.045s] Level 1:colcon.colcon_core.environment:checking '/home/nikhil/nourish_ws/install/juice_dcb_msgs/lib'
[1.045s] Level 1:colcon.colcon_core.shell:create_environment_hook('juice_dcb_msgs', 'ld_library_path_lib')
[1.046s] INFO:colcon.colcon_core.shell:Creating environment hook '/home/nikhil/nourish_ws/install/juice_dcb_msgs/share/juice_dcb_msgs/hook/ld_library_path_lib.ps1'
[1.047s] INFO:colcon.colcon_core.shell:Creating environment descriptor '/home/nikhil/nourish_ws/install/juice_dcb_msgs/share/juice_dcb_msgs/hook/ld_library_path_lib.dsv'
[1.047s] INFO:colcon.colcon_core.shell:Creating environment hook '/home/nikhil/nourish_ws/install/juice_dcb_msgs/share/juice_dcb_msgs/hook/ld_library_path_lib.sh'
[1.048s] Level 1:colcon.colcon_core.environment:checking '/home/nikhil/nourish_ws/install/juice_dcb_msgs/bin'
[1.048s] Level 1:colcon.colcon_core.environment:checking '/home/nikhil/nourish_ws/install/juice_dcb_msgs/lib/pkgconfig/juice_dcb_msgs.pc'
[1.048s] Level 1:colcon.colcon_core.environment:checking '/home/nikhil/nourish_ws/install/juice_dcb_msgs/lib/python3.6/site-packages'
[1.048s] Level 1:colcon.colcon_core.shell:create_environment_hook('juice_dcb_msgs', 'pythonpath')
[1.049s] INFO:colcon.colcon_core.shell:Creating environment hook '/home/nikhil/nourish_ws/install/juice_dcb_msgs/share/juice_dcb_msgs/hook/pythonpath.ps1'
[1.050s] INFO:colcon.colcon_core.shell:Creating environment descriptor '/home/nikhil/nourish_ws/install/juice_dcb_msgs/share/juice_dcb_msgs/hook/pythonpath.dsv'
[1.050s] INFO:colcon.colcon_core.shell:Creating environment hook '/home/nikhil/nourish_ws/install/juice_dcb_msgs/share/juice_dcb_msgs/hook/pythonpath.sh'
[1.052s] INFO:colcon.colcon_core.shell:Creating package script '/home/nikhil/nourish_ws/install/juice_dcb_msgs/share/juice_dcb_msgs/package.ps1'
[1.053s] INFO:colcon.colcon_core.shell:Creating package descriptor '/home/nikhil/nourish_ws/install/juice_dcb_msgs/share/juice_dcb_msgs/package.dsv'
[1.054s] INFO:colcon.colcon_core.shell:Creating package script '/home/nikhil/nourish_ws/install/juice_dcb_msgs/share/juice_dcb_msgs/package.sh'
[1.057s] INFO:colcon.colcon_core.shell:Creating package script '/home/nikhil/nourish_ws/install/juice_dcb_msgs/share/juice_dcb_msgs/package.bash'
[1.058s] INFO:colcon.colcon_core.shell:Creating package script '/home/nikhil/nourish_ws/install/juice_dcb_msgs/share/juice_dcb_msgs/package.zsh'
[1.060s] Level 1:colcon.colcon_core.environment:create_file_with_runtime_dependencies(/home/nikhil/nourish_ws/install/juice_dcb_msgs/share/colcon-core/packages/juice_dcb_msgs)
[1.071s] Level 1:colcon.colcon_core.environment:create_environment_scripts_only(nourish_scale_msgs)
[1.073s] Level 1:colcon.colcon_core.environment:checking '/home/nikhil/nourish_ws/install/nourish_scale_msgs' for CMake module files
[1.074s] Level 1:colcon.colcon_core.environment:checking '/home/nikhil/nourish_ws/install/nourish_scale_msgs' for CMake config files
[1.075s] Level 1:colcon.colcon_core.shell:create_environment_hook('nourish_scale_msgs', 'cmake_prefix_path')
[1.076s] INFO:colcon.colcon_core.shell:Creating environment hook '/home/nikhil/nourish_ws/install/nourish_scale_msgs/share/nourish_scale_msgs/hook/cmake_prefix_path.ps1'
[1.078s] INFO:colcon.colcon_core.shell:Creating environment descriptor '/home/nikhil/nourish_ws/install/nourish_scale_msgs/share/nourish_scale_msgs/hook/cmake_prefix_path.dsv'
[1.079s] DEBUG:colcon.colcon_core.event_handler.log_command:Invoking command in '/home/nikhil/nourish_ws/build/nourish_robot_arm_msgs': /usr/bin/cmake --build /home/nikhil/nourish_ws/build/nourish_robot_arm_msgs --target install -- -j12 -l12
[1.080s] DEBUG:colcon.colcon_core.event_handler.log_command:Invoked command in '/home/nikhil/nourish_ws/build/nourish_scale_msgs' returned '0': /usr/bin/cmake --build /home/nikhil/nourish_ws/build/nourish_scale_msgs --target install -- -j12 -l12
[1.082s] INFO:colcon.colcon_core.shell:Creating environment hook '/home/nikhil/nourish_ws/install/nourish_scale_msgs/share/nourish_scale_msgs/hook/cmake_prefix_path.sh'
[1.088s] Level 1:colcon.colcon_core.environment:checking '/home/nikhil/nourish_ws/install/nourish_scale_msgs/lib'
[1.088s] Level 1:colcon.colcon_core.shell:create_environment_hook('nourish_scale_msgs', 'ld_library_path_lib')
[1.090s] INFO:colcon.colcon_core.shell:Creating environment hook '/home/nikhil/nourish_ws/install/nourish_scale_msgs/share/nourish_scale_msgs/hook/ld_library_path_lib.ps1'
[1.091s] INFO:colcon.colcon_core.shell:Creating environment descriptor '/home/nikhil/nourish_ws/install/nourish_scale_msgs/share/nourish_scale_msgs/hook/ld_library_path_lib.dsv'
[1.093s] INFO:colcon.colcon_core.shell:Creating environment hook '/home/nikhil/nourish_ws/install/nourish_scale_msgs/share/nourish_scale_msgs/hook/ld_library_path_lib.sh'
[1.093s] Level 1:colcon.colcon_core.environment:checking '/home/nikhil/nourish_ws/install/nourish_scale_msgs/bin'
[1.094s] Level 1:colcon.colcon_core.environment:checking '/home/nikhil/nourish_ws/install/nourish_scale_msgs/lib/pkgconfig/nourish_scale_msgs.pc'
[1.094s] Level 1:colcon.colcon_core.environment:checking '/home/nikhil/nourish_ws/install/nourish_scale_msgs/lib/python3.6/site-packages'
[1.094s] Level 1:colcon.colcon_core.shell:create_environment_hook('nourish_scale_msgs', 'pythonpath')
[1.096s] INFO:colcon.colcon_core.shell:Creating environment hook '/home/nikhil/nourish_ws/install/nourish_scale_msgs/share/nourish_scale_msgs/hook/pythonpath.ps1'
[1.098s] INFO:colcon.colcon_core.shell:Creating environment descriptor '/home/nikhil/nourish_ws/install/nourish_scale_msgs/share/nourish_scale_msgs/hook/pythonpath.dsv'
[1.099s] INFO:colcon.colcon_core.shell:Creating environment hook '/home/nikhil/nourish_ws/install/nourish_scale_msgs/share/nourish_scale_msgs/hook/pythonpath.sh'
[1.101s] INFO:colcon.colcon_core.shell:Creating package script '/home/nikhil/nourish_ws/install/nourish_scale_msgs/share/nourish_scale_msgs/package.ps1'
[1.102s] INFO:colcon.colcon_core.shell:Creating package descriptor '/home/nikhil/nourish_ws/install/nourish_scale_msgs/share/nourish_scale_msgs/package.dsv'
[1.105s] INFO:colcon.colcon_core.shell:Creating package script '/home/nikhil/nourish_ws/install/nourish_scale_msgs/share/nourish_scale_msgs/package.sh'
[1.106s] INFO:colcon.colcon_core.shell:Creating package script '/home/nikhil/nourish_ws/install/nourish_scale_msgs/share/nourish_scale_msgs/package.bash'
[1.107s] INFO:colcon.colcon_core.shell:Creating package script '/home/nikhil/nourish_ws/install/nourish_scale_msgs/share/nourish_scale_msgs/package.zsh'
[1.108s] Level 1:colcon.colcon_core.environment:create_file_with_runtime_dependencies(/home/nikhil/nourish_ws/install/nourish_scale_msgs/share/colcon-core/packages/nourish_scale_msgs)
[1.157s] DEBUG:colcon.colcon_core.event_handler.log_command:Invoked command in '/home/nikhil/nourish_ws/build/nourish_dcb' returned '0': AMENT_PREFIX_PATH=/home/nikhil/nourish_ws/install/serial:${AMENT_PREFIX_PATH} CMAKE_PREFIX_PATH=/home/nikhil/nourish_ws/install/serial:${CMAKE_PREFIX_PATH} LD_LIBRARY_PATH=/home/nikhil/nourish_ws/install/serial/lib:${LD_LIBRARY_PATH} /usr/bin/cmake --build /home/nikhil/nourish_ws/build/nourish_dcb -- -j12 -l12
[1.172s] Level 1:colcon.colcon_core.environment:create_environment_scripts_only(juice_spout_msgs)
[1.174s] Level 1:colcon.colcon_core.environment:checking '/home/nikhil/nourish_ws/install/juice_spout_msgs' for CMake module files
[1.175s] Level 1:colcon.colcon_core.environment:checking '/home/nikhil/nourish_ws/install/juice_spout_msgs' for CMake config files
[1.176s] Level 1:colcon.colcon_core.shell:create_environment_hook('juice_spout_msgs', 'cmake_prefix_path')
[1.178s] INFO:colcon.colcon_core.shell:Creating environment hook '/home/nikhil/nourish_ws/install/juice_spout_msgs/share/juice_spout_msgs/hook/cmake_prefix_path.ps1'
[1.178s] INFO:colcon.colcon_core.shell:Creating environment descriptor '/home/nikhil/nourish_ws/install/juice_spout_msgs/share/juice_spout_msgs/hook/cmake_prefix_path.dsv'
[1.179s] INFO:colcon.colcon_core.shell:Creating environment hook '/home/nikhil/nourish_ws/install/juice_spout_msgs/share/juice_spout_msgs/hook/cmake_prefix_path.sh'
[1.180s] DEBUG:colcon.colcon_core.event_handler.log_command:Invoked command in '/home/nikhil/nourish_ws/build/juice_spout_msgs' returned '0': /usr/bin/cmake --build /home/nikhil/nourish_ws/build/juice_spout_msgs --target install -- -j12 -l12
[1.182s] Level 1:colcon.colcon_core.environment:checking '/home/nikhil/nourish_ws/install/juice_spout_msgs/lib'
[1.182s] Level 1:colcon.colcon_core.shell:create_environment_hook('juice_spout_msgs', 'ld_library_path_lib')
[1.183s] INFO:colcon.colcon_core.shell:Creating environment hook '/home/nikhil/nourish_ws/install/juice_spout_msgs/share/juice_spout_msgs/hook/ld_library_path_lib.ps1'
[1.184s] INFO:colcon.colcon_core.shell:Creating environment descriptor '/home/nikhil/nourish_ws/install/juice_spout_msgs/share/juice_spout_msgs/hook/ld_library_path_lib.dsv'
[1.184s] INFO:colcon.colcon_core.shell:Creating environment hook '/home/nikhil/nourish_ws/install/juice_spout_msgs/share/juice_spout_msgs/hook/ld_library_path_lib.sh'
[1.185s] Level 1:colcon.colcon_core.environment:checking '/home/nikhil/nourish_ws/install/juice_spout_msgs/bin'
[1.185s] Level 1:colcon.colcon_core.environment:checking '/home/nikhil/nourish_ws/install/juice_spout_msgs/lib/pkgconfig/juice_spout_msgs.pc'
[1.185s] Level 1:colcon.colcon_core.environment:checking '/home/nikhil/nourish_ws/install/juice_spout_msgs/lib/python3.6/site-packages'
[1.186s] Level 1:colcon.colcon_core.shell:create_environment_hook('juice_spout_msgs', 'pythonpath')
[1.187s] INFO:colcon.colcon_core.shell:Creating environment hook '/home/nikhil/nourish_ws/install/juice_spout_msgs/share/juice_spout_msgs/hook/pythonpath.ps1'
[1.187s] INFO:colcon.colcon_core.shell:Creating environment descriptor '/home/nikhil/nourish_ws/install/juice_spout_msgs/share/juice_spout_msgs/hook/pythonpath.dsv'
[1.187s] INFO:colcon.colcon_core.shell:Creating environment hook '/home/nikhil/nourish_ws/install/juice_spout_msgs/share/juice_spout_msgs/hook/pythonpath.sh'
[1.189s] INFO:colcon.colcon_core.shell:Creating package script '/home/nikhil/nourish_ws/install/juice_spout_msgs/share/juice_spout_msgs/package.ps1'
[1.189s] INFO:colcon.colcon_core.shell:Creating package descriptor '/home/nikhil/nourish_ws/install/juice_spout_msgs/share/juice_spout_msgs/package.dsv'
[1.190s] INFO:colcon.colcon_core.shell:Creating package script '/home/nikhil/nourish_ws/install/juice_spout_msgs/share/juice_spout_msgs/package.sh'
[1.190s] INFO:colcon.colcon_core.shell:Creating package script '/home/nikhil/nourish_ws/install/juice_spout_msgs/share/juice_spout_msgs/package.bash'
[1.191s] INFO:colcon.colcon_core.shell:Creating package script '/home/nikhil/nourish_ws/install/juice_spout_msgs/share/juice_spout_msgs/package.zsh'
[1.191s] Level 1:colcon.colcon_core.environment:create_file_with_runtime_dependencies(/home/nikhil/nourish_ws/install/juice_spout_msgs/share/colcon-core/packages/juice_spout_msgs)
[1.193s] INFO:colcon.colcon_ros.task.ament_cmake.build:Building ROS package in '/home/nikhil/nourish_ws/src/ros2-bbox-juice-machine/juice_spout' with build type 'ament_cmake'
[1.194s] INFO:colcon.colcon_cmake.task.cmake.build:Building CMake package in '/home/nikhil/nourish_ws/src/ros2-bbox-juice-machine/juice_spout'
[1.195s] INFO:colcon.colcon_core.shell:Skip shell extension 'powershell' for command environment: Not usable outside of PowerShell
[1.196s] DEBUG:colcon.colcon_core.shell:Skip shell extension 'dsv' for command environment
[1.243s] DEBUG:colcon.colcon_core.event_handler.log_command:Invoking command in '/home/nikhil/nourish_ws/build/juice_spout': AMENT_PREFIX_PATH=/home/nikhil/nourish_ws/install/juice_spout_msgs:/home/nikhil/nourish_ws/install/juice_dcb_msgs:${AMENT_PREFIX_PATH} CMAKE_PREFIX_PATH=/home/nikhil/nourish_ws/install/juice_spout_msgs:/home/nikhil/nourish_ws/install/juice_dcb_msgs:${CMAKE_PREFIX_PATH} LD_LIBRARY_PATH=/home/nikhil/nourish_ws/install/juice_spout_msgs/lib:/home/nikhil/nourish_ws/install/juice_dcb_msgs/lib:${LD_LIBRARY_PATH} PYTHONPATH=/home/nikhil/nourish_ws/install/juice_spout_msgs/lib/python3.6/site-packages:/home/nikhil/nourish_ws/install/juice_dcb_msgs/lib/python3.6/site-packages:${PYTHONPATH} /usr/bin/cmake --build /home/nikhil/nourish_ws/build/juice_spout -- -j12 -l12
[1.247s] DEBUG:colcon.colcon_core.event_handler.log_command:Invoking command in '/home/nikhil/nourish_ws/build/nourish_dcb': AMENT_PREFIX_PATH=/home/nikhil/nourish_ws/install/serial:${AMENT_PREFIX_PATH} CMAKE_PREFIX_PATH=/home/nikhil/nourish_ws/install/serial:${CMAKE_PREFIX_PATH} LD_LIBRARY_PATH=/home/nikhil/nourish_ws/install/serial/lib:${LD_LIBRARY_PATH} /usr/bin/cmake --build /home/nikhil/nourish_ws/build/nourish_dcb --target install -- -j12 -l12
[1.337s] DEBUG:colcon.colcon_core.event_handler.log_command:Invoked command in '/home/nikhil/nourish_ws/build/juice_spout' returned '0': AMENT_PREFIX_PATH=/home/nikhil/nourish_ws/install/juice_spout_msgs:/home/nikhil/nourish_ws/install/juice_dcb_msgs:${AMENT_PREFIX_PATH} CMAKE_PREFIX_PATH=/home/nikhil/nourish_ws/install/juice_spout_msgs:/home/nikhil/nourish_ws/install/juice_dcb_msgs:${CMAKE_PREFIX_PATH} LD_LIBRARY_PATH=/home/nikhil/nourish_ws/install/juice_spout_msgs/lib:/home/nikhil/nourish_ws/install/juice_dcb_msgs/lib:${LD_LIBRARY_PATH} PYTHONPATH=/home/nikhil/nourish_ws/install/juice_spout_msgs/lib/python3.6/site-packages:/home/nikhil/nourish_ws/install/juice_dcb_msgs/lib/python3.6/site-packages:${PYTHONPATH} /usr/bin/cmake --build /home/nikhil/nourish_ws/build/juice_spout -- -j12 -l12
[1.355s] Level 1:colcon.colcon_core.environment:create_environment_scripts_only(nourish_dcb)
[1.356s] Level 1:colcon.colcon_core.environment:checking '/home/nikhil/nourish_ws/install/nourish_dcb' for CMake module files
[1.356s] DEBUG:colcon.colcon_core.event_handler.log_command:Invoked command in '/home/nikhil/nourish_ws/build/nourish_dcb' returned '0': AMENT_PREFIX_PATH=/home/nikhil/nourish_ws/install/serial:${AMENT_PREFIX_PATH} CMAKE_PREFIX_PATH=/home/nikhil/nourish_ws/install/serial:${CMAKE_PREFIX_PATH} LD_LIBRARY_PATH=/home/nikhil/nourish_ws/install/serial/lib:${LD_LIBRARY_PATH} /usr/bin/cmake --build /home/nikhil/nourish_ws/build/nourish_dcb --target install -- -j12 -l12
[1.357s] Level 1:colcon.colcon_core.environment:checking '/home/nikhil/nourish_ws/install/nourish_dcb' for CMake config files
[1.358s] Level 1:colcon.colcon_core.shell:create_environment_hook('nourish_dcb', 'cmake_prefix_path')
[1.359s] INFO:colcon.colcon_core.shell:Creating environment hook '/home/nikhil/nourish_ws/install/nourish_dcb/share/nourish_dcb/hook/cmake_prefix_path.ps1'
[1.359s] INFO:colcon.colcon_core.shell:Creating environment descriptor '/home/nikhil/nourish_ws/install/nourish_dcb/share/nourish_dcb/hook/cmake_prefix_path.dsv'
[1.359s] INFO:colcon.colcon_core.shell:Creating environment hook '/home/nikhil/nourish_ws/install/nourish_dcb/share/nourish_dcb/hook/cmake_prefix_path.sh'
[1.360s] Level 1:colcon.colcon_core.environment:checking '/home/nikhil/nourish_ws/install/nourish_dcb/lib'
[1.360s] Level 1:colcon.colcon_core.environment:checking '/home/nikhil/nourish_ws/install/nourish_dcb/bin'
[1.360s] Level 1:colcon.colcon_core.environment:checking '/home/nikhil/nourish_ws/install/nourish_dcb/lib/pkgconfig/nourish_dcb.pc'
[1.360s] Level 1:colcon.colcon_core.environment:checking '/home/nikhil/nourish_ws/install/nourish_dcb/lib/python3.6/site-packages'
[1.361s] INFO:colcon.colcon_core.shell:Creating package script '/home/nikhil/nourish_ws/install/nourish_dcb/share/nourish_dcb/package.ps1'
[1.361s] INFO:colcon.colcon_core.shell:Creating package descriptor '/home/nikhil/nourish_ws/install/nourish_dcb/share/nourish_dcb/package.dsv'
[1.362s] INFO:colcon.colcon_core.shell:Creating package script '/home/nikhil/nourish_ws/install/nourish_dcb/share/nourish_dcb/package.sh'
[1.362s] INFO:colcon.colcon_core.shell:Creating package script '/home/nikhil/nourish_ws/install/nourish_dcb/share/nourish_dcb/package.bash'
[1.363s] INFO:colcon.colcon_core.shell:Creating package script '/home/nikhil/nourish_ws/install/nourish_dcb/share/nourish_dcb/package.zsh'
[1.363s] Level 1:colcon.colcon_core.environment:create_file_with_runtime_dependencies(/home/nikhil/nourish_ws/install/nourish_dcb/share/colcon-core/packages/nourish_dcb)
[1.364s] INFO:colcon.colcon_ros.task.ament_cmake.build:Building ROS package in '/home/nikhil/nourish_ws/src/ros2-bbox-juice-machine/juice_dcb' with build type 'ament_cmake'
[1.365s] INFO:colcon.colcon_cmake.task.cmake.build:Building CMake package in '/home/nikhil/nourish_ws/src/ros2-bbox-juice-machine/juice_dcb'
[1.367s] INFO:colcon.colcon_core.shell:Skip shell extension 'powershell' for command environment: Not usable outside of PowerShell
[1.368s] DEBUG:colcon.colcon_core.shell:Skip shell extension 'dsv' for command environment
[1.378s] INFO:colcon.colcon_ros.task.ament_cmake.build:Building ROS package in '/home/nikhil/nourish_ws/src/ros2-nourish-scale/nourish_scale' with build type 'ament_cmake'
[1.379s] INFO:colcon.colcon_cmake.task.cmake.build:Building CMake package in '/home/nikhil/nourish_ws/src/ros2-nourish-scale/nourish_scale'
[1.380s] INFO:colcon.colcon_core.shell:Skip shell extension 'powershell' for command environment: Not usable outside of PowerShell
[1.380s] DEBUG:colcon.colcon_core.shell:Skip shell extension 'dsv' for command environment
[1.391s] DEBUG:colcon.colcon_core.event_handler.log_command:Invoking command in '/home/nikhil/nourish_ws/build/juice_spout': AMENT_PREFIX_PATH=/home/nikhil/nourish_ws/install/juice_spout_msgs:/home/nikhil/nourish_ws/install/juice_dcb_msgs:${AMENT_PREFIX_PATH} CMAKE_PREFIX_PATH=/home/nikhil/nourish_ws/install/juice_spout_msgs:/home/nikhil/nourish_ws/install/juice_dcb_msgs:${CMAKE_PREFIX_PATH} LD_LIBRARY_PATH=/home/nikhil/nourish_ws/install/juice_spout_msgs/lib:/home/nikhil/nourish_ws/install/juice_dcb_msgs/lib:${LD_LIBRARY_PATH} PYTHONPATH=/home/nikhil/nourish_ws/install/juice_spout_msgs/lib/python3.6/site-packages:/home/nikhil/nourish_ws/install/juice_dcb_msgs/lib/python3.6/site-packages:${PYTHONPATH} /usr/bin/cmake --build /home/nikhil/nourish_ws/build/juice_spout --target install -- -j12 -l12
[1.403s] DEBUG:colcon.colcon_core.event_handler.log_command:Invoking command in '/home/nikhil/nourish_ws/build/juice_dcb': AMENT_PREFIX_PATH=/home/nikhil/nourish_ws/install/nourish_dcb:/home/nikhil/nourish_ws/install/serial:/home/nikhil/nourish_ws/install/juice_dcb_msgs:${AMENT_PREFIX_PATH} CMAKE_PREFIX_PATH=/home/nikhil/nourish_ws/install/nourish_dcb:/home/nikhil/nourish_ws/install/serial:/home/nikhil/nourish_ws/install/juice_dcb_msgs:${CMAKE_PREFIX_PATH} LD_LIBRARY_PATH=/home/nikhil/nourish_ws/install/nourish_dcb/lib:/home/nikhil/nourish_ws/install/serial/lib:/home/nikhil/nourish_ws/install/juice_dcb_msgs/lib:${LD_LIBRARY_PATH} PYTHONPATH=/home/nikhil/nourish_ws/install/juice_dcb_msgs/lib/python3.6/site-packages:${PYTHONPATH} /usr/bin/cmake --build /home/nikhil/nourish_ws/build/juice_dcb -- -j12 -l12
[1.412s] DEBUG:colcon.colcon_core.event_handler.log_command:Invoking command in '/home/nikhil/nourish_ws/build/nourish_scale': AMENT_PREFIX_PATH=/home/nikhil/nourish_ws/install/nourish_dcb:/home/nikhil/nourish_ws/install/serial:/home/nikhil/nourish_ws/install/nourish_scale_msgs:${AMENT_PREFIX_PATH} CMAKE_PREFIX_PATH=/home/nikhil/nourish_ws/install/nourish_dcb:/home/nikhil/nourish_ws/install/serial:/home/nikhil/nourish_ws/install/nourish_scale_msgs:${CMAKE_PREFIX_PATH} LD_LIBRARY_PATH=/home/nikhil/nourish_ws/install/nourish_dcb/lib:/home/nikhil/nourish_ws/install/serial/lib:/home/nikhil/nourish_ws/install/nourish_scale_msgs/lib:${LD_LIBRARY_PATH} PYTHONPATH=/home/nikhil/nourish_ws/install/nourish_scale_msgs/lib/python3.6/site-packages:${PYTHONPATH} /usr/bin/cmake --build /home/nikhil/nourish_ws/build/nourish_scale -- -j12 -l12
[1.537s] Level 1:colcon.colcon_core.environment:create_environment_scripts_only(juice_spout)
[1.538s] Level 1:colcon.colcon_core.environment:checking '/home/nikhil/nourish_ws/install/juice_spout' for CMake module files
[1.539s] DEBUG:colcon.colcon_core.event_handler.log_command:Invoked command in '/home/nikhil/nourish_ws/build/juice_spout' returned '0': AMENT_PREFIX_PATH=/home/nikhil/nourish_ws/install/juice_spout_msgs:/home/nikhil/nourish_ws/install/juice_dcb_msgs:${AMENT_PREFIX_PATH} CMAKE_PREFIX_PATH=/home/nikhil/nourish_ws/install/juice_spout_msgs:/home/nikhil/nourish_ws/install/juice_dcb_msgs:${CMAKE_PREFIX_PATH} LD_LIBRARY_PATH=/home/nikhil/nourish_ws/install/juice_spout_msgs/lib:/home/nikhil/nourish_ws/install/juice_dcb_msgs/lib:${LD_LIBRARY_PATH} PYTHONPATH=/home/nikhil/nourish_ws/install/juice_spout_msgs/lib/python3.6/site-packages:/home/nikhil/nourish_ws/install/juice_dcb_msgs/lib/python3.6/site-packages:${PYTHONPATH} /usr/bin/cmake --build /home/nikhil/nourish_ws/build/juice_spout --target install -- -j12 -l12
[1.539s] Level 1:colcon.colcon_core.environment:checking '/home/nikhil/nourish_ws/install/juice_spout' for CMake config files
[1.540s] Level 1:colcon.colcon_core.shell:create_environment_hook('juice_spout', 'cmake_prefix_path')
[1.541s] INFO:colcon.colcon_core.shell:Creating environment hook '/home/nikhil/nourish_ws/install/juice_spout/share/juice_spout/hook/cmake_prefix_path.ps1'
[1.542s] INFO:colcon.colcon_core.shell:Creating environment descriptor '/home/nikhil/nourish_ws/install/juice_spout/share/juice_spout/hook/cmake_prefix_path.dsv'
[1.543s] INFO:colcon.colcon_core.shell:Creating environment hook '/home/nikhil/nourish_ws/install/juice_spout/share/juice_spout/hook/cmake_prefix_path.sh'
[1.544s] Level 1:colcon.colcon_core.environment:checking '/home/nikhil/nourish_ws/install/juice_spout/lib'
[1.544s] Level 1:colcon.colcon_core.environment:checking '/home/nikhil/nourish_ws/install/juice_spout/bin'
[1.545s] Level 1:colcon.colcon_core.environment:checking '/home/nikhil/nourish_ws/install/juice_spout/lib/pkgconfig/juice_spout.pc'
[1.546s] Level 1:colcon.colcon_core.environment:checking '/home/nikhil/nourish_ws/install/juice_spout/lib/python3.6/site-packages'
[1.546s] INFO:colcon.colcon_core.shell:Creating package script '/home/nikhil/nourish_ws/install/juice_spout/share/juice_spout/package.ps1'
[1.547s] INFO:colcon.colcon_core.shell:Creating package descriptor '/home/nikhil/nourish_ws/install/juice_spout/share/juice_spout/package.dsv'
[1.547s] INFO:colcon.colcon_core.shell:Creating package script '/home/nikhil/nourish_ws/install/juice_spout/share/juice_spout/package.sh'
[1.548s] INFO:colcon.colcon_core.shell:Creating package script '/home/nikhil/nourish_ws/install/juice_spout/share/juice_spout/package.bash'
[1.549s] INFO:colcon.colcon_core.shell:Creating package script '/home/nikhil/nourish_ws/install/juice_spout/share/juice_spout/package.zsh'
[1.549s] Level 1:colcon.colcon_core.environment:create_file_with_runtime_dependencies(/home/nikhil/nourish_ws/install/juice_spout/share/colcon-core/packages/juice_spout)
[1.589s] Level 1:colcon.colcon_core.environment:create_environment_scripts_only(nourish_robot_arm_msgs)
[1.590s] Level 1:colcon.colcon_core.environment:checking '/home/nikhil/nourish_ws/install/nourish_robot_arm_msgs' for CMake module files
[1.592s] Level 1:colcon.colcon_core.environment:checking '/home/nikhil/nourish_ws/install/nourish_robot_arm_msgs' for CMake config files
[1.595s] DEBUG:colcon.colcon_core.event_handler.log_command:Invoked command in '/home/nikhil/nourish_ws/build/nourish_robot_arm_msgs' returned '0': /usr/bin/cmake --build /home/nikhil/nourish_ws/build/nourish_robot_arm_msgs --target install -- -j12 -l12
[1.596s] Level 1:colcon.colcon_core.shell:create_environment_hook('nourish_robot_arm_msgs', 'cmake_prefix_path')
[1.598s] INFO:colcon.colcon_core.shell:Creating environment hook '/home/nikhil/nourish_ws/install/nourish_robot_arm_msgs/share/nourish_robot_arm_msgs/hook/cmake_prefix_path.ps1'
[1.598s] INFO:colcon.colcon_core.shell:Creating environment descriptor '/home/nikhil/nourish_ws/install/nourish_robot_arm_msgs/share/nourish_robot_arm_msgs/hook/cmake_prefix_path.dsv'
[1.599s] INFO:colcon.colcon_core.shell:Creating environment hook '/home/nikhil/nourish_ws/install/nourish_robot_arm_msgs/share/nourish_robot_arm_msgs/hook/cmake_prefix_path.sh'
[1.600s] Level 1:colcon.colcon_core.environment:checking '/home/nikhil/nourish_ws/install/nourish_robot_arm_msgs/lib'
[1.601s] Level 1:colcon.colcon_core.shell:create_environment_hook('nourish_robot_arm_msgs', 'ld_library_path_lib')
[1.602s] INFO:colcon.colcon_core.shell:Creating environment hook '/home/nikhil/nourish_ws/install/nourish_robot_arm_msgs/share/nourish_robot_arm_msgs/hook/ld_library_path_lib.ps1'
[1.603s] INFO:colcon.colcon_core.shell:Creating environment descriptor '/home/nikhil/nourish_ws/install/nourish_robot_arm_msgs/share/nourish_robot_arm_msgs/hook/ld_library_path_lib.dsv'
[1.603s] INFO:colcon.colcon_core.shell:Creating environment hook '/home/nikhil/nourish_ws/install/nourish_robot_arm_msgs/share/nourish_robot_arm_msgs/hook/ld_library_path_lib.sh'
[1.604s] Level 1:colcon.colcon_core.environment:checking '/home/nikhil/nourish_ws/install/nourish_robot_arm_msgs/bin'
[1.604s] Level 1:colcon.colcon_core.environment:checking '/home/nikhil/nourish_ws/install/nourish_robot_arm_msgs/lib/pkgconfig/nourish_robot_arm_msgs.pc'
[1.604s] Level 1:colcon.colcon_core.environment:checking '/home/nikhil/nourish_ws/install/nourish_robot_arm_msgs/lib/python3.6/site-packages'
[1.604s] Level 1:colcon.colcon_core.shell:create_environment_hook('nourish_robot_arm_msgs', 'pythonpath')
[1.605s] INFO:colcon.colcon_core.shell:Creating environment hook '/home/nikhil/nourish_ws/install/nourish_robot_arm_msgs/share/nourish_robot_arm_msgs/hook/pythonpath.ps1'
[1.606s] INFO:colcon.colcon_core.shell:Creating environment descriptor '/home/nikhil/nourish_ws/install/nourish_robot_arm_msgs/share/nourish_robot_arm_msgs/hook/pythonpath.dsv'
[1.607s] INFO:colcon.colcon_core.shell:Creating environment hook '/home/nikhil/nourish_ws/install/nourish_robot_arm_msgs/share/nourish_robot_arm_msgs/hook/pythonpath.sh'
[1.609s] INFO:colcon.colcon_core.shell:Creating package script '/home/nikhil/nourish_ws/install/nourish_robot_arm_msgs/share/nourish_robot_arm_msgs/package.ps1'
[1.610s] INFO:colcon.colcon_core.shell:Creating package descriptor '/home/nikhil/nourish_ws/install/nourish_robot_arm_msgs/share/nourish_robot_arm_msgs/package.dsv'
[1.611s] INFO:colcon.colcon_core.shell:Creating package script '/home/nikhil/nourish_ws/install/nourish_robot_arm_msgs/share/nourish_robot_arm_msgs/package.sh'
[1.612s] INFO:colcon.colcon_core.shell:Creating package script '/home/nikhil/nourish_ws/install/nourish_robot_arm_msgs/share/nourish_robot_arm_msgs/package.bash'
[1.613s] INFO:colcon.colcon_core.shell:Creating package script '/home/nikhil/nourish_ws/install/nourish_robot_arm_msgs/share/nourish_robot_arm_msgs/package.zsh'
[1.614s] Level 1:colcon.colcon_core.environment:create_file_with_runtime_dependencies(/home/nikhil/nourish_ws/install/nourish_robot_arm_msgs/share/colcon-core/packages/nourish_robot_arm_msgs)
[1.740s] DEBUG:colcon.colcon_core.event_handler.log_command:Invoked command in '/home/nikhil/nourish_ws/build/juice_dcb' returned '0': AMENT_PREFIX_PATH=/home/nikhil/nourish_ws/install/nourish_dcb:/home/nikhil/nourish_ws/install/serial:/home/nikhil/nourish_ws/install/juice_dcb_msgs:${AMENT_PREFIX_PATH} CMAKE_PREFIX_PATH=/home/nikhil/nourish_ws/install/nourish_dcb:/home/nikhil/nourish_ws/install/serial:/home/nikhil/nourish_ws/install/juice_dcb_msgs:${CMAKE_PREFIX_PATH} LD_LIBRARY_PATH=/home/nikhil/nourish_ws/install/nourish_dcb/lib:/home/nikhil/nourish_ws/install/serial/lib:/home/nikhil/nourish_ws/install/juice_dcb_msgs/lib:${LD_LIBRARY_PATH} PYTHONPATH=/home/nikhil/nourish_ws/install/juice_dcb_msgs/lib/python3.6/site-packages:${PYTHONPATH} /usr/bin/cmake --build /home/nikhil/nourish_ws/build/juice_dcb -- -j12 -l12
[1.770s] DEBUG:colcon.colcon_core.event_handler.log_command:Invoking command in '/home/nikhil/nourish_ws/build/juice_dcb': AMENT_PREFIX_PATH=/home/nikhil/nourish_ws/install/nourish_dcb:/home/nikhil/nourish_ws/install/serial:/home/nikhil/nourish_ws/install/juice_dcb_msgs:${AMENT_PREFIX_PATH} CMAKE_PREFIX_PATH=/home/nikhil/nourish_ws/install/nourish_dcb:/home/nikhil/nourish_ws/install/serial:/home/nikhil/nourish_ws/install/juice_dcb_msgs:${CMAKE_PREFIX_PATH} LD_LIBRARY_PATH=/home/nikhil/nourish_ws/install/nourish_dcb/lib:/home/nikhil/nourish_ws/install/serial/lib:/home/nikhil/nourish_ws/install/juice_dcb_msgs/lib:${LD_LIBRARY_PATH} PYTHONPATH=/home/nikhil/nourish_ws/install/juice_dcb_msgs/lib/python3.6/site-packages:${PYTHONPATH} /usr/bin/cmake --build /home/nikhil/nourish_ws/build/juice_dcb --target install -- -j12 -l12
[1.865s] DEBUG:colcon.colcon_core.event_handler.log_command:Invoked command in '/home/nikhil/nourish_ws/build/nourish_scale' returned '0': AMENT_PREFIX_PATH=/home/nikhil/nourish_ws/install/nourish_dcb:/home/nikhil/nourish_ws/install/serial:/home/nikhil/nourish_ws/install/nourish_scale_msgs:${AMENT_PREFIX_PATH} CMAKE_PREFIX_PATH=/home/nikhil/nourish_ws/install/nourish_dcb:/home/nikhil/nourish_ws/install/serial:/home/nikhil/nourish_ws/install/nourish_scale_msgs:${CMAKE_PREFIX_PATH} LD_LIBRARY_PATH=/home/nikhil/nourish_ws/install/nourish_dcb/lib:/home/nikhil/nourish_ws/install/serial/lib:/home/nikhil/nourish_ws/install/nourish_scale_msgs/lib:${LD_LIBRARY_PATH} PYTHONPATH=/home/nikhil/nourish_ws/install/nourish_scale_msgs/lib/python3.6/site-packages:${PYTHONPATH} /usr/bin/cmake --build /home/nikhil/nourish_ws/build/nourish_scale -- -j12 -l12
[1.873s] Level 1:colcon.colcon_core.environment:create_environment_scripts_only(juice_dcb)
[1.874s] Level 1:colcon.colcon_core.environment:checking '/home/nikhil/nourish_ws/install/juice_dcb' for CMake module files
[1.875s] DEBUG:colcon.colcon_core.event_handler.log_command:Invoked command in '/home/nikhil/nourish_ws/build/juice_dcb' returned '0': AMENT_PREFIX_PATH=/home/nikhil/nourish_ws/install/nourish_dcb:/home/nikhil/nourish_ws/install/serial:/home/nikhil/nourish_ws/install/juice_dcb_msgs:${AMENT_PREFIX_PATH} CMAKE_PREFIX_PATH=/home/nikhil/nourish_ws/install/nourish_dcb:/home/nikhil/nourish_ws/install/serial:/home/nikhil/nourish_ws/install/juice_dcb_msgs:${CMAKE_PREFIX_PATH} LD_LIBRARY_PATH=/home/nikhil/nourish_ws/install/nourish_dcb/lib:/home/nikhil/nourish_ws/install/serial/lib:/home/nikhil/nourish_ws/install/juice_dcb_msgs/lib:${LD_LIBRARY_PATH} PYTHONPATH=/home/nikhil/nourish_ws/install/juice_dcb_msgs/lib/python3.6/site-packages:${PYTHONPATH} /usr/bin/cmake --build /home/nikhil/nourish_ws/build/juice_dcb --target install -- -j12 -l12
[1.875s] Level 1:colcon.colcon_core.environment:checking '/home/nikhil/nourish_ws/install/juice_dcb' for CMake config files
[1.876s] Level 1:colcon.colcon_core.shell:create_environment_hook('juice_dcb', 'cmake_prefix_path')
[1.876s] INFO:colcon.colcon_core.shell:Creating environment hook '/home/nikhil/nourish_ws/install/juice_dcb/share/juice_dcb/hook/cmake_prefix_path.ps1'
[1.877s] INFO:colcon.colcon_core.shell:Creating environment descriptor '/home/nikhil/nourish_ws/install/juice_dcb/share/juice_dcb/hook/cmake_prefix_path.dsv'
[1.877s] INFO:colcon.colcon_core.shell:Creating environment hook '/home/nikhil/nourish_ws/install/juice_dcb/share/juice_dcb/hook/cmake_prefix_path.sh'
[1.878s] Level 1:colcon.colcon_core.environment:checking '/home/nikhil/nourish_ws/install/juice_dcb/lib'
[1.878s] Level 1:colcon.colcon_core.environment:checking '/home/nikhil/nourish_ws/install/juice_dcb/bin'
[1.878s] Level 1:colcon.colcon_core.environment:checking '/home/nikhil/nourish_ws/install/juice_dcb/lib/pkgconfig/juice_dcb.pc'
[1.878s] Level 1:colcon.colcon_core.environment:checking '/home/nikhil/nourish_ws/install/juice_dcb/lib/python3.6/site-packages'
[1.879s] INFO:colcon.colcon_core.shell:Creating package script '/home/nikhil/nourish_ws/install/juice_dcb/share/juice_dcb/package.ps1'
[1.880s] INFO:colcon.colcon_core.shell:Creating package descriptor '/home/nikhil/nourish_ws/install/juice_dcb/share/juice_dcb/package.dsv'
[1.880s] INFO:colcon.colcon_core.shell:Creating package script '/home/nikhil/nourish_ws/install/juice_dcb/share/juice_dcb/package.sh'
[1.881s] INFO:colcon.colcon_core.shell:Creating package script '/home/nikhil/nourish_ws/install/juice_dcb/share/juice_dcb/package.bash'
[1.881s] INFO:colcon.colcon_core.shell:Creating package script '/home/nikhil/nourish_ws/install/juice_dcb/share/juice_dcb/package.zsh'
[1.882s] Level 1:colcon.colcon_core.environment:create_file_with_runtime_dependencies(/home/nikhil/nourish_ws/install/juice_dcb/share/colcon-core/packages/juice_dcb)
[1.897s] DEBUG:colcon.colcon_core.event_handler.log_command:Invoking command in '/home/nikhil/nourish_ws/build/nourish_scale': AMENT_PREFIX_PATH=/home/nikhil/nourish_ws/install/nourish_dcb:/home/nikhil/nourish_ws/install/serial:/home/nikhil/nourish_ws/install/nourish_scale_msgs:${AMENT_PREFIX_PATH} CMAKE_PREFIX_PATH=/home/nikhil/nourish_ws/install/nourish_dcb:/home/nikhil/nourish_ws/install/serial:/home/nikhil/nourish_ws/install/nourish_scale_msgs:${CMAKE_PREFIX_PATH} LD_LIBRARY_PATH=/home/nikhil/nourish_ws/install/nourish_dcb/lib:/home/nikhil/nourish_ws/install/serial/lib:/home/nikhil/nourish_ws/install/nourish_scale_msgs/lib:${LD_LIBRARY_PATH} PYTHONPATH=/home/nikhil/nourish_ws/install/nourish_scale_msgs/lib/python3.6/site-packages:${PYTHONPATH} /usr/bin/cmake --build /home/nikhil/nourish_ws/build/nourish_scale --target install -- -j12 -l12
[2.010s] Level 1:colcon.colcon_core.environment:create_environment_scripts_only(nourish_scale)
[2.011s] Level 1:colcon.colcon_core.environment:checking '/home/nikhil/nourish_ws/install/nourish_scale' for CMake module files
[2.012s] DEBUG:colcon.colcon_core.event_handler.log_command:Invoked command in '/home/nikhil/nourish_ws/build/nourish_scale' returned '0': AMENT_PREFIX_PATH=/home/nikhil/nourish_ws/install/nourish_dcb:/home/nikhil/nourish_ws/install/serial:/home/nikhil/nourish_ws/install/nourish_scale_msgs:${AMENT_PREFIX_PATH} CMAKE_PREFIX_PATH=/home/nikhil/nourish_ws/install/nourish_dcb:/home/nikhil/nourish_ws/install/serial:/home/nikhil/nourish_ws/install/nourish_scale_msgs:${CMAKE_PREFIX_PATH} LD_LIBRARY_PATH=/home/nikhil/nourish_ws/install/nourish_dcb/lib:/home/nikhil/nourish_ws/install/serial/lib:/home/nikhil/nourish_ws/install/nourish_scale_msgs/lib:${LD_LIBRARY_PATH} PYTHONPATH=/home/nikhil/nourish_ws/install/nourish_scale_msgs/lib/python3.6/site-packages:${PYTHONPATH} /usr/bin/cmake --build /home/nikhil/nourish_ws/build/nourish_scale --target install -- -j12 -l12
[2.012s] Level 1:colcon.colcon_core.environment:checking '/home/nikhil/nourish_ws/install/nourish_scale' for CMake config files
[2.012s] Level 1:colcon.colcon_core.shell:create_environment_hook('nourish_scale', 'cmake_prefix_path')
[2.013s] INFO:colcon.colcon_core.shell:Creating environment hook '/home/nikhil/nourish_ws/install/nourish_scale/share/nourish_scale/hook/cmake_prefix_path.ps1'
[2.013s] INFO:colcon.colcon_core.shell:Creating environment descriptor '/home/nikhil/nourish_ws/install/nourish_scale/share/nourish_scale/hook/cmake_prefix_path.dsv'
[2.013s] INFO:colcon.colcon_core.shell:Creating environment hook '/home/nikhil/nourish_ws/install/nourish_scale/share/nourish_scale/hook/cmake_prefix_path.sh'
[2.014s] Level 1:colcon.colcon_core.environment:checking '/home/nikhil/nourish_ws/install/nourish_scale/lib'
[2.014s] Level 1:colcon.colcon_core.environment:checking '/home/nikhil/nourish_ws/install/nourish_scale/bin'
[2.014s] Level 1:colcon.colcon_core.environment:checking '/home/nikhil/nourish_ws/install/nourish_scale/lib/pkgconfig/nourish_scale.pc'
[2.014s] Level 1:colcon.colcon_core.environment:checking '/home/nikhil/nourish_ws/install/nourish_scale/lib/python3.6/site-packages'
[2.015s] INFO:colcon.colcon_core.shell:Creating package script '/home/nikhil/nourish_ws/install/nourish_scale/share/nourish_scale/package.ps1'
[2.015s] INFO:colcon.colcon_core.shell:Creating package descriptor '/home/nikhil/nourish_ws/install/nourish_scale/share/nourish_scale/package.dsv'
[2.016s] INFO:colcon.colcon_core.shell:Creating package script '/home/nikhil/nourish_ws/install/nourish_scale/share/nourish_scale/package.sh'
[2.016s] INFO:colcon.colcon_core.shell:Creating package script '/home/nikhil/nourish_ws/install/nourish_scale/share/nourish_scale/package.bash'
[2.016s] INFO:colcon.colcon_core.shell:Creating package script '/home/nikhil/nourish_ws/install/nourish_scale/share/nourish_scale/package.zsh'
[2.017s] Level 1:colcon.colcon_core.environment:create_file_with_runtime_dependencies(/home/nikhil/nourish_ws/install/nourish_scale/share/colcon-core/packages/nourish_scale)
[2.017s] DEBUG:colcon.colcon_parallel_executor.executor.parallel:closing loop
[2.019s] DEBUG:colcon.colcon_parallel_executor.executor.parallel:loop closed
[2.019s] DEBUG:colcon.colcon_parallel_executor.executor.parallel:run_until_complete finished with '0'
[2.019s] DEBUG:colcon.colcon_core.event_reactor:joining thread
[2.024s] INFO:colcon.colcon_core.plugin_system:Skipping extension 'colcon_notification.desktop_notification.terminal_notifier': Not used on non-Darwin systems
[2.024s] INFO:colcon.colcon_core.plugin_system:Skipping extension 'colcon_notification.desktop_notification.win32': Not used on non-Windows systems
[2.024s] INFO:colcon.colcon_notification.desktop_notification:Sending desktop notification using 'notify2'
[2.027s] DEBUG:colcon.colcon_core.event_reactor:joined thread
[2.027s] INFO:colcon.colcon_core.shell:Creating prefix script '/home/nikhil/nourish_ws/install/local_setup.ps1'
[2.028s] INFO:colcon.colcon_core.shell:Creating prefix util module '/home/nikhil/nourish_ws/install/_local_setup_util_ps1.py'
[2.029s] INFO:colcon.colcon_core.shell:Creating prefix chain script '/home/nikhil/nourish_ws/install/setup.ps1'
[2.031s] INFO:colcon.colcon_core.shell:Creating prefix script '/home/nikhil/nourish_ws/install/local_setup.sh'
[2.032s] INFO:colcon.colcon_core.shell:Creating prefix util module '/home/nikhil/nourish_ws/install/_local_setup_util_sh.py'
[2.032s] INFO:colcon.colcon_core.shell:Creating prefix chain script '/home/nikhil/nourish_ws/install/setup.sh'
[2.034s] INFO:colcon.colcon_core.shell:Creating prefix script '/home/nikhil/nourish_ws/install/local_setup.bash'
[2.035s] INFO:colcon.colcon_core.shell:Creating prefix chain script '/home/nikhil/nourish_ws/install/setup.bash'
[2.037s] INFO:colcon.colcon_core.shell:Creating prefix script '/home/nikhil/nourish_ws/install/local_setup.zsh'
[2.037s] INFO:colcon.colcon_core.shell:Creating prefix chain script '/home/nikhil/nourish_ws/install/setup.zsh'
