[0.101s] -- The C compiler identification is GNU 7.5.0
[0.181s] -- The CXX compiler identification is GNU 7.5.0
[0.184s] -- Check for working C compiler: /usr/bin/cc
[0.250s] -- Check for working C compiler: /usr/bin/cc -- works
[0.250s] -- Detecting C compiler ABI info
[0.311s] -- Detecting C compiler ABI info - done
[0.315s] -- Detecting C compile features
[0.514s] -- Detecting C compile features - done
[0.516s] -- Check for working CXX compiler: /usr/bin/c++
[0.598s] -- Check for working CXX compiler: /usr/bin/c++ -- works
[0.599s] -- Detecting CXX compiler ABI info
[0.677s] -- Detecting CXX compiler ABI info - done
[0.680s] -- Detecting CXX compile features
[1.009s] -- Detecting CXX compile features - done
[1.011s] -- Found ament_cmake: 0.7.4 (/home/nikhil/ros2_dashing/ros2-linux/share/ament_cmake/cmake)
[1.037s] -- Found PythonInterp: /usr/bin/python3 (found suitable version "3.6.9", minimum required is "3") 
[1.037s] -- Using PYTHON_EXECUTABLE: /usr/bin/python3
[1.251s] -- Found action_msgs: 0.7.4 (/home/nikhil/ros2_dashing/ros2-linux/share/action_msgs/cmake)
[1.270s] -- Found rosidl_adapter: 0.7.9 (/home/nikhil/ros2_dashing/ros2-linux/share/rosidl_adapter/cmake)
[1.312s] -- Found rosidl_default_generators: 0.7.0 (/home/nikhil/ros2_dashing/ros2-linux/share/rosidl_default_generators/cmake)
[1.330s] -- Could not find RTI Connext - skipping rosidl_typesupport_connext_c
[1.342s] -- Could not find RTI Connext - skipping rosidl_typesupport_connext_cpp
[1.419s] -- Found OpenSSL: /usr/lib/x86_64-linux-gnu/libcrypto.so (found version "1.1.1") 
[1.446s] -- Found FastRTPS: /home/nikhil/ros2_dashing/ros2-linux/include  
[1.520s] -- Could not find PrismTech OpenSplice - skipping rosidl_typesupport_opensplice_c
[1.525s] -- Could not find PrismTech OpenSplice - skipping rosidl_typesupport_opensplice_cpp
[1.576s] -- Found PythonInterp: /usr/bin/python3 (found version "3.6.9") 
[1.870s] -- Using all available rosidl_typesupport_c: rosidl_typesupport_connext_c;rosidl_typesupport_fastrtps_c;rosidl_typesupport_introspection_c;rosidl_typesupport_opensplice_c
[1.882s] -- Using all available rosidl_typesupport_cpp: rosidl_typesupport_connext_cpp;rosidl_typesupport_fastrtps_cpp;rosidl_typesupport_introspection_cpp;rosidl_typesupport_opensplice_cpp
[2.005s] -- Found rmw_implementation_cmake: 0.7.2 (/home/nikhil/ros2_dashing/ros2-linux/share/rmw_implementation_cmake/cmake)
[2.029s] -- Found PythonInterp: /usr/bin/python3 (found suitable version "3.6.9", minimum required is "3.5") 
[2.033s] -- Found python_cmake_module: 0.7.10 (/home/nikhil/ros2_dashing/ros2-linux/share/python_cmake_module/cmake)
[2.058s] -- Found PythonLibs: /usr/lib/x86_64-linux-gnu/libpython3.6m.so (found suitable version "3.6.9", minimum required is "3.5") 
[2.058s] -- Using PYTHON_EXECUTABLE: /usr/bin/python3
[2.058s] -- Using PYTHON_INCLUDE_DIRS: /usr/include/python3.6m
[2.058s] -- Using PYTHON_LIBRARIES: /usr/lib/x86_64-linux-gnu/libpython3.6m.so
[2.085s] -- Found PythonExtra: .so  
[2.088s] -- Could not find RTI Connext - skipping rmw_connext_cpp
[2.091s] CMake Warning at /home/nikhil/ros2_dashing/ros2-linux/share/rmw_connext_shared_cpp/cmake/ament_cmake_export_include_directories-extras.cmake:11 (message):
[2.092s]   Package 'rmw_connext_shared_cpp' exports the include directory
[2.092s]   '/opt/rti.com/rti_connext_dds-5.3.1/include' which doesn't exist
[2.092s] Call Stack (most recent call first):
[2.092s]   /home/nikhil/ros2_dashing/ros2-linux/share/rmw_connext_shared_cpp/cmake/rmw_connext_shared_cppConfig.cmake:38 (include)
[2.092s]   /home/nikhil/ros2_dashing/ros2-linux/share/rmw_connext_cpp/cmake/ament_cmake_export_dependencies-extras.cmake:21 (find_package)
[2.092s]   /home/nikhil/ros2_dashing/ros2-linux/share/rmw_connext_cpp/cmake/rmw_connext_cppConfig.cmake:38 (include)
[2.092s]   /home/nikhil/ros2_dashing/ros2-linux/share/rmw_implementation_cmake/cmake/call_for_each_rmw_implementation.cmake:61 (find_package)
[2.092s]   /home/nikhil/ros2_dashing/ros2-linux/share/rosidl_generator_py/cmake/rosidl_generator_py_get_typesupports.cmake:26 (call_for_each_rmw_implementation)
[2.092s]   /home/nikhil/ros2_dashing/ros2-linux/share/rosidl_generator_py/cmake/rosidl_generator_py_generate_interfaces.cmake:27 (rosidl_generator_py_get_typesupports)
[2.092s]   /home/nikhil/ros2_dashing/ros2-linux/share/ament_cmake_core/cmake/core/ament_execute_extensions.cmake:48 (include)
[2.092s]   /home/nikhil/ros2_dashing/ros2-linux/share/rosidl_cmake/cmake/rosidl_generate_interfaces.cmake:286 (ament_execute_extensions)
[2.092s]   CMakeLists.txt:54 (rosidl_generate_interfaces)
[2.092s] 
[2.092s] 
[2.093s] CMake Warning at /home/nikhil/ros2_dashing/ros2-linux/share/rmw_connext_shared_cpp/cmake/ament_cmake_export_include_directories-extras.cmake:11 (message):
[2.093s]   Package 'rmw_connext_shared_cpp' exports the include directory
[2.093s]   '/opt/rti.com/rti_connext_dds-5.3.1/include/ndds' which doesn't exist
[2.093s] Call Stack (most recent call first):
[2.093s]   /home/nikhil/ros2_dashing/ros2-linux/share/rmw_connext_shared_cpp/cmake/rmw_connext_shared_cppConfig.cmake:38 (include)
[2.093s]   /home/nikhil/ros2_dashing/ros2-linux/share/rmw_connext_cpp/cmake/ament_cmake_export_dependencies-extras.cmake:21 (find_package)
[2.093s]   /home/nikhil/ros2_dashing/ros2-linux/share/rmw_connext_cpp/cmake/rmw_connext_cppConfig.cmake:38 (include)
[2.093s]   /home/nikhil/ros2_dashing/ros2-linux/share/rmw_implementation_cmake/cmake/call_for_each_rmw_implementation.cmake:61 (find_package)
[2.093s]   /home/nikhil/ros2_dashing/ros2-linux/share/rosidl_generator_py/cmake/rosidl_generator_py_get_typesupports.cmake:26 (call_for_each_rmw_implementation)
[2.093s]   /home/nikhil/ros2_dashing/ros2-linux/share/rosidl_generator_py/cmake/rosidl_generator_py_generate_interfaces.cmake:27 (rosidl_generator_py_get_typesupports)
[2.093s]   /home/nikhil/ros2_dashing/ros2-linux/share/ament_cmake_core/cmake/core/ament_execute_extensions.cmake:48 (include)
[2.094s]   /home/nikhil/ros2_dashing/ros2-linux/share/rosidl_cmake/cmake/rosidl_generate_interfaces.cmake:286 (ament_execute_extensions)
[2.094s]   CMakeLists.txt:54 (rosidl_generate_interfaces)
[2.094s] 
[2.094s] 
[2.094s] CMake Warning at /home/nikhil/ros2_dashing/ros2-linux/share/rmw_connext_shared_cpp/cmake/ament_cmake_export_libraries-extras.cmake:62 (message):
[2.094s]   Package 'rmw_connext_shared_cpp' exports the library
[2.094s]   '/opt/rti.com/rti_connext_dds-5.3.1/lib/x64Linux3gcc5.4.0/libnddsc.so'
[2.094s]   which doesn't exist
[2.094s] Call Stack (most recent call first):
[2.095s]   /home/nikhil/ros2_dashing/ros2-linux/share/rmw_connext_shared_cpp/cmake/rmw_connext_shared_cppConfig.cmake:38 (include)
[2.095s]   /home/nikhil/ros2_dashing/ros2-linux/share/rmw_connext_cpp/cmake/ament_cmake_export_dependencies-extras.cmake:21 (find_package)
[2.095s]   /home/nikhil/ros2_dashing/ros2-linux/share/rmw_connext_cpp/cmake/rmw_connext_cppConfig.cmake:38 (include)
[2.095s]   /home/nikhil/ros2_dashing/ros2-linux/share/rmw_implementation_cmake/cmake/call_for_each_rmw_implementation.cmake:61 (find_package)
[2.095s]   /home/nikhil/ros2_dashing/ros2-linux/share/rosidl_generator_py/cmake/rosidl_generator_py_get_typesupports.cmake:26 (call_for_each_rmw_implementation)
[2.095s]   /home/nikhil/ros2_dashing/ros2-linux/share/rosidl_generator_py/cmake/rosidl_generator_py_generate_interfaces.cmake:27 (rosidl_generator_py_get_typesupports)
[2.095s]   /home/nikhil/ros2_dashing/ros2-linux/share/ament_cmake_core/cmake/core/ament_execute_extensions.cmake:48 (include)
[2.095s]   /home/nikhil/ros2_dashing/ros2-linux/share/rosidl_cmake/cmake/rosidl_generate_interfaces.cmake:286 (ament_execute_extensions)
[2.095s]   CMakeLists.txt:54 (rosidl_generate_interfaces)
[2.095s] 
[2.095s] 
[2.095s] CMake Warning at /home/nikhil/ros2_dashing/ros2-linux/share/rmw_connext_shared_cpp/cmake/ament_cmake_export_libraries-extras.cmake:62 (message):
[2.095s]   Package 'rmw_connext_shared_cpp' exports the library
[2.095s]   '/opt/rti.com/rti_connext_dds-5.3.1/lib/x64Linux3gcc5.4.0/libnddscore.so'
[2.095s]   which doesn't exist
[2.095s] Call Stack (most recent call first):
[2.095s]   /home/nikhil/ros2_dashing/ros2-linux/share/rmw_connext_shared_cpp/cmake/rmw_connext_shared_cppConfig.cmake:38 (include)
[2.095s]   /home/nikhil/ros2_dashing/ros2-linux/share/rmw_connext_cpp/cmake/ament_cmake_export_dependencies-extras.cmake:21 (find_package)
[2.096s]   /home/nikhil/ros2_dashing/ros2-linux/share/rmw_connext_cpp/cmake/rmw_connext_cppConfig.cmake:38 (include)
[2.096s]   /home/nikhil/ros2_dashing/ros2-linux/share/rmw_implementation_cmake/cmake/call_for_each_rmw_implementation.cmake:61 (find_package)
[2.096s]   /home/nikhil/ros2_dashing/ros2-linux/share/rosidl_generator_py/cmake/rosidl_generator_py_get_typesupports.cmake:26 (call_for_each_rmw_implementation)
[2.096s]   /home/nikhil/ros2_dashing/ros2-linux/share/rosidl_generator_py/cmake/rosidl_generator_py_generate_interfaces.cmake:27 (rosidl_generator_py_get_typesupports)
[2.096s]   /home/nikhil/ros2_dashing/ros2-linux/share/ament_cmake_core/cmake/core/ament_execute_extensions.cmake:48 (include)
[2.096s]   /home/nikhil/ros2_dashing/ros2-linux/share/rosidl_cmake/cmake/rosidl_generate_interfaces.cmake:286 (ament_execute_extensions)
[2.096s]   CMakeLists.txt:54 (rosidl_generate_interfaces)
[2.096s] 
[2.096s] 
[2.096s] CMake Warning at /home/nikhil/ros2_dashing/ros2-linux/share/rmw_connext_shared_cpp/cmake/ament_cmake_export_libraries-extras.cmake:62 (message):
[2.096s]   Package 'rmw_connext_shared_cpp' exports the library
[2.096s]   '/opt/rti.com/rti_connext_dds-5.3.1/lib/x64Linux3gcc5.4.0/libnddscpp.so'
[2.096s]   which doesn't exist
[2.096s] Call Stack (most recent call first):
[2.096s]   /home/nikhil/ros2_dashing/ros2-linux/share/rmw_connext_shared_cpp/cmake/rmw_connext_shared_cppConfig.cmake:38 (include)
[2.096s]   /home/nikhil/ros2_dashing/ros2-linux/share/rmw_connext_cpp/cmake/ament_cmake_export_dependencies-extras.cmake:21 (find_package)
[2.096s]   /home/nikhil/ros2_dashing/ros2-linux/share/rmw_connext_cpp/cmake/rmw_connext_cppConfig.cmake:38 (include)
[2.096s]   /home/nikhil/ros2_dashing/ros2-linux/share/rmw_implementation_cmake/cmake/call_for_each_rmw_implementation.cmake:61 (find_package)
[2.097s]   /home/nikhil/ros2_dashing/ros2-linux/share/rosidl_generator_py/cmake/rosidl_generator_py_get_typesupports.cmake:26 (call_for_each_rmw_implementation)
[2.097s]   /home/nikhil/ros2_dashing/ros2-linux/share/rosidl_generator_py/cmake/rosidl_generator_py_generate_interfaces.cmake:27 (rosidl_generator_py_get_typesupports)
[2.097s]   /home/nikhil/ros2_dashing/ros2-linux/share/ament_cmake_core/cmake/core/ament_execute_extensions.cmake:48 (include)
[2.097s]   /home/nikhil/ros2_dashing/ros2-linux/share/rosidl_cmake/cmake/rosidl_generate_interfaces.cmake:286 (ament_execute_extensions)
[2.097s]   CMakeLists.txt:54 (rosidl_generate_interfaces)
[2.097s] 
[2.097s] 
[2.097s] CMake Warning at /home/nikhil/ros2_dashing/ros2-linux/share/rmw_connext_shared_cpp/cmake/ament_cmake_export_libraries-extras.cmake:62 (message):
[2.097s]   Package 'rmw_connext_shared_cpp' exports the library
[2.097s]   '/opt/rti.com/rti_connext_dds-5.3.1/lib/x64Linux3gcc5.4.0/librticonnextmsgcpp.so'
[2.097s]   which doesn't exist
[2.097s] Call Stack (most recent call first):
[2.097s]   /home/nikhil/ros2_dashing/ros2-linux/share/rmw_connext_shared_cpp/cmake/rmw_connext_shared_cppConfig.cmake:38 (include)
[2.097s]   /home/nikhil/ros2_dashing/ros2-linux/share/rmw_connext_cpp/cmake/ament_cmake_export_dependencies-extras.cmake:21 (find_package)
[2.097s]   /home/nikhil/ros2_dashing/ros2-linux/share/rmw_connext_cpp/cmake/rmw_connext_cppConfig.cmake:38 (include)
[2.097s]   /home/nikhil/ros2_dashing/ros2-linux/share/rmw_implementation_cmake/cmake/call_for_each_rmw_implementation.cmake:61 (find_package)
[2.097s]   /home/nikhil/ros2_dashing/ros2-linux/share/rosidl_generator_py/cmake/rosidl_generator_py_get_typesupports.cmake:26 (call_for_each_rmw_implementation)
[2.097s]   /home/nikhil/ros2_dashing/ros2-linux/share/rosidl_generator_py/cmake/rosidl_generator_py_generate_interfaces.cmake:27 (rosidl_generator_py_get_typesupports)
[2.098s]   /home/nikhil/ros2_dashing/ros2-linux/share/ament_cmake_core/cmake/core/ament_execute_extensions.cmake:48 (include)
[2.098s]   /home/nikhil/ros2_dashing/ros2-linux/share/rosidl_cmake/cmake/rosidl_generate_interfaces.cmake:286 (ament_execute_extensions)
[2.098s]   CMakeLists.txt:54 (rosidl_generate_interfaces)
[2.098s] 
[2.098s] 
[2.098s] CMake Warning at /home/nikhil/ros2_dashing/ros2-linux/share/rmw_connext_shared_cpp/cmake/ament_cmake_export_libraries-extras.cmake:62 (message):
[2.098s]   Package 'rmw_connext_shared_cpp' exports the library
[2.098s]   '/opt/rti.com/rti_connext_dds-5.3.1/lib/x64Linux3gcc5.4.0/libnddscd.so'
[2.098s]   which doesn't exist
[2.098s] Call Stack (most recent call first):
[2.098s]   /home/nikhil/ros2_dashing/ros2-linux/share/rmw_connext_shared_cpp/cmake/rmw_connext_shared_cppConfig.cmake:38 (include)
[2.098s]   /home/nikhil/ros2_dashing/ros2-linux/share/rmw_connext_cpp/cmake/ament_cmake_export_dependencies-extras.cmake:21 (find_package)
[2.098s]   /home/nikhil/ros2_dashing/ros2-linux/share/rmw_connext_cpp/cmake/rmw_connext_cppConfig.cmake:38 (include)
[2.098s]   /home/nikhil/ros2_dashing/ros2-linux/share/rmw_implementation_cmake/cmake/call_for_each_rmw_implementation.cmake:61 (find_package)
[2.098s]   /home/nikhil/ros2_dashing/ros2-linux/share/rosidl_generator_py/cmake/rosidl_generator_py_get_typesupports.cmake:26 (call_for_each_rmw_implementation)
[2.098s]   /home/nikhil/ros2_dashing/ros2-linux/share/rosidl_generator_py/cmake/rosidl_generator_py_generate_interfaces.cmake:27 (rosidl_generator_py_get_typesupports)
[2.099s]   /home/nikhil/ros2_dashing/ros2-linux/share/ament_cmake_core/cmake/core/ament_execute_extensions.cmake:48 (include)
[2.099s]   /home/nikhil/ros2_dashing/ros2-linux/share/rosidl_cmake/cmake/rosidl_generate_interfaces.cmake:286 (ament_execute_extensions)
[2.099s]   CMakeLists.txt:54 (rosidl_generate_interfaces)
[2.099s] 
[2.099s] 
[2.099s] CMake Warning at /home/nikhil/ros2_dashing/ros2-linux/share/rmw_connext_shared_cpp/cmake/ament_cmake_export_libraries-extras.cmake:62 (message):
[2.099s]   Package 'rmw_connext_shared_cpp' exports the library
[2.099s]   '/opt/rti.com/rti_connext_dds-5.3.1/lib/x64Linux3gcc5.4.0/libnddscored.so'
[2.099s]   which doesn't exist
[2.099s] Call Stack (most recent call first):
[2.099s]   /home/nikhil/ros2_dashing/ros2-linux/share/rmw_connext_shared_cpp/cmake/rmw_connext_shared_cppConfig.cmake:38 (include)
[2.099s]   /home/nikhil/ros2_dashing/ros2-linux/share/rmw_connext_cpp/cmake/ament_cmake_export_dependencies-extras.cmake:21 (find_package)
[2.099s]   /home/nikhil/ros2_dashing/ros2-linux/share/rmw_connext_cpp/cmake/rmw_connext_cppConfig.cmake:38 (include)
[2.099s]   /home/nikhil/ros2_dashing/ros2-linux/share/rmw_implementation_cmake/cmake/call_for_each_rmw_implementation.cmake:61 (find_package)
[2.099s]   /home/nikhil/ros2_dashing/ros2-linux/share/rosidl_generator_py/cmake/rosidl_generator_py_get_typesupports.cmake:26 (call_for_each_rmw_implementation)
[2.100s]   /home/nikhil/ros2_dashing/ros2-linux/share/rosidl_generator_py/cmake/rosidl_generator_py_generate_interfaces.cmake:27 (rosidl_generator_py_get_typesupports)
[2.100s]   /home/nikhil/ros2_dashing/ros2-linux/share/ament_cmake_core/cmake/core/ament_execute_extensions.cmake:48 (include)
[2.100s]   /home/nikhil/ros2_dashing/ros2-linux/share/rosidl_cmake/cmake/rosidl_generate_interfaces.cmake:286 (ament_execute_extensions)
[2.100s]   CMakeLists.txt:54 (rosidl_generate_interfaces)
[2.100s] 
[2.100s] 
[2.100s] CMake Warning at /home/nikhil/ros2_dashing/ros2-linux/share/rmw_connext_shared_cpp/cmake/ament_cmake_export_libraries-extras.cmake:62 (message):
[2.100s]   Package 'rmw_connext_shared_cpp' exports the library
[2.100s]   '/opt/rti.com/rti_connext_dds-5.3.1/lib/x64Linux3gcc5.4.0/libnddscppd.so'
[2.100s]   which doesn't exist
[2.100s] Call Stack (most recent call first):
[2.101s]   /home/nikhil/ros2_dashing/ros2-linux/share/rmw_connext_shared_cpp/cmake/rmw_connext_shared_cppConfig.cmake:38 (include)
[2.101s]   /home/nikhil/ros2_dashing/ros2-linux/share/rmw_connext_cpp/cmake/ament_cmake_export_dependencies-extras.cmake:21 (find_package)
[2.101s]   /home/nikhil/ros2_dashing/ros2-linux/share/rmw_connext_cpp/cmake/rmw_connext_cppConfig.cmake:38 (include)
[2.101s]   /home/nikhil/ros2_dashing/ros2-linux/share/rmw_implementation_cmake/cmake/call_for_each_rmw_implementation.cmake:61 (find_package)
[2.101s]   /home/nikhil/ros2_dashing/ros2-linux/share/rosidl_generator_py/cmake/rosidl_generator_py_get_typesupports.cmake:26 (call_for_each_rmw_implementation)
[2.101s]   /home/nikhil/ros2_dashing/ros2-linux/share/rosidl_generator_py/cmake/rosidl_generator_py_generate_interfaces.cmake:27 (rosidl_generator_py_get_typesupports)
[2.101s]   /home/nikhil/ros2_dashing/ros2-linux/share/ament_cmake_core/cmake/core/ament_execute_extensions.cmake:48 (include)
[2.101s]   /home/nikhil/ros2_dashing/ros2-linux/share/rosidl_cmake/cmake/rosidl_generate_interfaces.cmake:286 (ament_execute_extensions)
[2.101s]   CMakeLists.txt:54 (rosidl_generate_interfaces)
[2.101s] 
[2.101s] 
[2.101s] CMake Warning at /home/nikhil/ros2_dashing/ros2-linux/share/rmw_connext_shared_cpp/cmake/ament_cmake_export_libraries-extras.cmake:62 (message):
[2.101s]   Package 'rmw_connext_shared_cpp' exports the library
[2.101s]   '/opt/rti.com/rti_connext_dds-5.3.1/lib/x64Linux3gcc5.4.0/librticonnextmsgcppd.so'
[2.101s]   which doesn't exist
[2.101s] Call Stack (most recent call first):
[2.101s]   /home/nikhil/ros2_dashing/ros2-linux/share/rmw_connext_shared_cpp/cmake/rmw_connext_shared_cppConfig.cmake:38 (include)
[2.102s]   /home/nikhil/ros2_dashing/ros2-linux/share/rmw_connext_cpp/cmake/ament_cmake_export_dependencies-extras.cmake:21 (find_package)
[2.102s]   /home/nikhil/ros2_dashing/ros2-linux/share/rmw_connext_cpp/cmake/rmw_connext_cppConfig.cmake:38 (include)
[2.102s]   /home/nikhil/ros2_dashing/ros2-linux/share/rmw_implementation_cmake/cmake/call_for_each_rmw_implementation.cmake:61 (find_package)
[2.102s]   /home/nikhil/ros2_dashing/ros2-linux/share/rosidl_generator_py/cmake/rosidl_generator_py_get_typesupports.cmake:26 (call_for_each_rmw_implementation)
[2.102s]   /home/nikhil/ros2_dashing/ros2-linux/share/rosidl_generator_py/cmake/rosidl_generator_py_generate_interfaces.cmake:27 (rosidl_generator_py_get_typesupports)
[2.102s]   /home/nikhil/ros2_dashing/ros2-linux/share/ament_cmake_core/cmake/core/ament_execute_extensions.cmake:48 (include)
[2.102s]   /home/nikhil/ros2_dashing/ros2-linux/share/rosidl_cmake/cmake/rosidl_generate_interfaces.cmake:286 (ament_execute_extensions)
[2.102s]   CMakeLists.txt:54 (rosidl_generate_interfaces)
[2.102s] 
[2.102s] 
[2.213s] -- Could not find PrismTech OpenSplice - skipping rmw_opensplice_cpp
[2.277s] -- Found ament_lint_auto: 0.7.11 (/home/nikhil/ros2_dashing/ros2-linux/share/ament_lint_auto/cmake)
[2.297s] -- Added test 'lint_cmake' to check CMake code style
[2.299s] -- Added test 'xmllint' to check XML markup files
[2.303s] -- Configuring done
[2.527s] -- Generating done
[2.531s] -- Build files have been written to: /home/nikhil/nourish_ws/build/nourish_robot_arm_msgs
[2.620s] [35m[1mScanning dependencies of target nourish_robot_arm_msgs__cpp[0m
[2.625s] [  1%] [34m[1mGenerating C code for ROS interfaces[0m
[2.663s] [  1%] [34m[1mGenerating C++ code for ROS interfaces[0m
[5.589s] [  1%] Built target nourish_robot_arm_msgs__cpp
[5.649s] [  2%] [34m[1mGenerating C++ type support dispatch for ROS interfaces[0m
[5.676s] [  3%] [34m[1mGenerating C++ type support for eProsima Fast-RTPS[0m
[5.690s] [  3%] [34m[1mGenerating C++ introspection for ROS interfaces[0m
[5.949s] [35m[1mScanning dependencies of target nourish_robot_arm_msgs__rosidl_generator_c[0m
[6.057s] [  4%] [32mBuilding C object CMakeFiles/nourish_robot_arm_msgs__rosidl_generator_c.dir/rosidl_generator_c/nourish_robot_arm_msgs/msg/pose__functions.c.o[0m
[6.071s] [  5%] [32mBuilding C object CMakeFiles/nourish_robot_arm_msgs__rosidl_generator_c.dir/rosidl_generator_c/nourish_robot_arm_msgs/action/register_point__functions.c.o[0m
[6.075s] [  7%] [32mBuilding C object CMakeFiles/nourish_robot_arm_msgs__rosidl_generator_c.dir/rosidl_generator_c/nourish_robot_arm_msgs/srv/poll_position__functions.c.o[0m
[6.076s] [  8%] [32mBuilding C object CMakeFiles/nourish_robot_arm_msgs__rosidl_generator_c.dir/rosidl_generator_c/nourish_robot_arm_msgs/srv/poll_status__functions.c.o[0m
[6.076s] [  8%] [32mBuilding C object CMakeFiles/nourish_robot_arm_msgs__rosidl_generator_c.dir/rosidl_generator_c/nourish_robot_arm_msgs/msg/acceleration__functions.c.o[0m
[6.077s] [  9%] [32mBuilding C object CMakeFiles/nourish_robot_arm_msgs__rosidl_generator_c.dir/rosidl_generator_c/nourish_robot_arm_msgs/action/execute_path__functions.c.o[0m
[6.079s] [  9%] [32mBuilding C object CMakeFiles/nourish_robot_arm_msgs__rosidl_generator_c.dir/rosidl_generator_c/nourish_robot_arm_msgs/msg/joint__functions.c.o[0m
[6.080s] [  6%] [32mBuilding C object CMakeFiles/nourish_robot_arm_msgs__rosidl_generator_c.dir/rosidl_generator_c/nourish_robot_arm_msgs/msg/robot_arm_state__functions.c.o[0m
[6.090s] [ 10%] [32mBuilding C object CMakeFiles/nourish_robot_arm_msgs__rosidl_generator_c.dir/rosidl_generator_c/nourish_robot_arm_msgs/msg/robot_move__functions.c.o[0m
[6.242s] [ 10%] [32mBuilding C object CMakeFiles/nourish_robot_arm_msgs__rosidl_generator_c.dir/rosidl_generator_c/nourish_robot_arm_msgs/msg/speed__functions.c.o[0m
[6.275s] [ 11%] [32mBuilding C object CMakeFiles/nourish_robot_arm_msgs__rosidl_generator_c.dir/rosidl_generator_c/nourish_robot_arm_msgs/msg/tool__functions.c.o[0m
[6.284s] [ 12%] [32mBuilding C object CMakeFiles/nourish_robot_arm_msgs__rosidl_generator_c.dir/rosidl_generator_c/nourish_robot_arm_msgs/msg/work_object__functions.c.o[0m
[6.294s] [ 13%] [32mBuilding C object CMakeFiles/nourish_robot_arm_msgs__rosidl_generator_c.dir/rosidl_generator_c/nourish_robot_arm_msgs/msg/position_state__functions.c.o[0m
[6.306s] [ 13%] [32mBuilding C object CMakeFiles/nourish_robot_arm_msgs__rosidl_generator_c.dir/rosidl_generator_c/nourish_robot_arm_msgs/msg/zone__functions.c.o[0m
[6.414s] [ 14%] [32m[1mLinking C shared library libnourish_robot_arm_msgs__rosidl_generator_c.so[0m
[6.482s] [ 14%] Built target nourish_robot_arm_msgs__rosidl_generator_c
[6.500s] [ 16%] [34m[1mGenerating C type support dispatch for ROS interfaces[0m
[6.500s] [ 16%] [34m[1mGenerating C introspection for ROS interfaces[0m
[7.685s] [35m[1mScanning dependencies of target nourish_robot_arm_msgs__rosidl_typesupport_cpp[0m
[7.730s] [ 17%] [32mBuilding CXX object CMakeFiles/nourish_robot_arm_msgs__rosidl_typesupport_cpp.dir/rosidl_typesupport_cpp/nourish_robot_arm_msgs/srv/poll_status__type_support.cpp.o[0m
[7.740s] [ 18%] [32mBuilding CXX object CMakeFiles/nourish_robot_arm_msgs__rosidl_typesupport_cpp.dir/rosidl_typesupport_cpp/nourish_robot_arm_msgs/msg/robot_arm_state__type_support.cpp.o[0m
[7.751s] [ 19%] [32mBuilding CXX object CMakeFiles/nourish_robot_arm_msgs__rosidl_typesupport_cpp.dir/rosidl_typesupport_cpp/nourish_robot_arm_msgs/srv/poll_position__type_support.cpp.o[0m
[7.754s] [ 20%] [32mBuilding CXX object CMakeFiles/nourish_robot_arm_msgs__rosidl_typesupport_cpp.dir/rosidl_typesupport_cpp/nourish_robot_arm_msgs/action/register_point__type_support.cpp.o[0m
[7.760s] [ 21%] [32mBuilding CXX object CMakeFiles/nourish_robot_arm_msgs__rosidl_typesupport_cpp.dir/rosidl_typesupport_cpp/nourish_robot_arm_msgs/msg/acceleration__type_support.cpp.o[0m
[7.764s] [ 21%] [32mBuilding CXX object CMakeFiles/nourish_robot_arm_msgs__rosidl_typesupport_cpp.dir/rosidl_typesupport_cpp/nourish_robot_arm_msgs/action/execute_path__type_support.cpp.o[0m
[7.770s] [ 21%] [32mBuilding CXX object CMakeFiles/nourish_robot_arm_msgs__rosidl_typesupport_cpp.dir/rosidl_typesupport_cpp/nourish_robot_arm_msgs/msg/joint__type_support.cpp.o[0m
[7.771s] [ 22%] [32mBuilding CXX object CMakeFiles/nourish_robot_arm_msgs__rosidl_typesupport_cpp.dir/rosidl_typesupport_cpp/nourish_robot_arm_msgs/msg/pose__type_support.cpp.o[0m
[8.191s] [ 23%] [32mBuilding CXX object CMakeFiles/nourish_robot_arm_msgs__rosidl_typesupport_cpp.dir/rosidl_typesupport_cpp/nourish_robot_arm_msgs/msg/robot_move__type_support.cpp.o[0m
[8.199s] [ 23%] [32mBuilding CXX object CMakeFiles/nourish_robot_arm_msgs__rosidl_typesupport_cpp.dir/rosidl_typesupport_cpp/nourish_robot_arm_msgs/msg/speed__type_support.cpp.o[0m
[8.244s] [ 24%] [32mBuilding CXX object CMakeFiles/nourish_robot_arm_msgs__rosidl_typesupport_cpp.dir/rosidl_typesupport_cpp/nourish_robot_arm_msgs/msg/tool__type_support.cpp.o[0m
[8.287s] [ 25%] [32mBuilding CXX object CMakeFiles/nourish_robot_arm_msgs__rosidl_typesupport_cpp.dir/rosidl_typesupport_cpp/nourish_robot_arm_msgs/msg/work_object__type_support.cpp.o[0m
[8.316s] [ 26%] [32mBuilding CXX object CMakeFiles/nourish_robot_arm_msgs__rosidl_typesupport_cpp.dir/rosidl_typesupport_cpp/nourish_robot_arm_msgs/msg/zone__type_support.cpp.o[0m
[8.373s] [ 26%] [32mBuilding CXX object CMakeFiles/nourish_robot_arm_msgs__rosidl_typesupport_cpp.dir/rosidl_typesupport_cpp/nourish_robot_arm_msgs/msg/position_state__type_support.cpp.o[0m
[8.627s] [35m[1mScanning dependencies of target nourish_robot_arm_msgs__rosidl_typesupport_c[0m
[8.662s] [ 28%] [32mBuilding CXX object CMakeFiles/nourish_robot_arm_msgs__rosidl_typesupport_c.dir/rosidl_typesupport_c/nourish_robot_arm_msgs/action/execute_path__type_support.cpp.o[0m
[8.662s] [ 28%] [32mBuilding CXX object CMakeFiles/nourish_robot_arm_msgs__rosidl_typesupport_c.dir/rosidl_typesupport_c/nourish_robot_arm_msgs/action/register_point__type_support.cpp.o[0m
[8.664s] [ 28%] [32mBuilding CXX object CMakeFiles/nourish_robot_arm_msgs__rosidl_typesupport_c.dir/rosidl_typesupport_c/nourish_robot_arm_msgs/srv/poll_position__type_support.cpp.o[0m
[8.666s] [ 29%] [32mBuilding CXX object CMakeFiles/nourish_robot_arm_msgs__rosidl_typesupport_c.dir/rosidl_typesupport_c/nourish_robot_arm_msgs/msg/joint__type_support.cpp.o[0m
[8.669s] [35m[1mScanning dependencies of target nourish_robot_arm_msgs__rosidl_typesupport_fastrtps_cpp[0m
[8.671s] [ 29%] [32mBuilding CXX object CMakeFiles/nourish_robot_arm_msgs__rosidl_typesupport_c.dir/rosidl_typesupport_c/nourish_robot_arm_msgs/msg/acceleration__type_support.cpp.o[0m
[8.678s] [ 30%] [32mBuilding CXX object CMakeFiles/nourish_robot_arm_msgs__rosidl_typesupport_c.dir/rosidl_typesupport_c/nourish_robot_arm_msgs/srv/poll_status__type_support.cpp.o[0m
[8.678s] [35m[1mScanning dependencies of target nourish_robot_arm_msgs__rosidl_typesupport_introspection_cpp[0m
[8.721s] [ 31%] [32mBuilding CXX object CMakeFiles/nourish_robot_arm_msgs__rosidl_typesupport_fastrtps_cpp.dir/rosidl_typesupport_fastrtps_cpp/nourish_robot_arm_msgs/srv/dds_fastrtps/poll_position__type_support.cpp.o[0m
[8.723s] [ 32%] [32mBuilding CXX object CMakeFiles/nourish_robot_arm_msgs__rosidl_typesupport_introspection_cpp.dir/rosidl_typesupport_introspection_cpp/nourish_robot_arm_msgs/srv/poll_position__type_support.cpp.o[0m
[8.724s] [ 33%] [32mBuilding CXX object CMakeFiles/nourish_robot_arm_msgs__rosidl_typesupport_fastrtps_cpp.dir/rosidl_typesupport_fastrtps_cpp/nourish_robot_arm_msgs/srv/dds_fastrtps/poll_status__type_support.cpp.o[0m
[8.730s] [ 34%] [32mBuilding CXX object CMakeFiles/nourish_robot_arm_msgs__rosidl_typesupport_c.dir/rosidl_typesupport_c/nourish_robot_arm_msgs/msg/pose__type_support.cpp.o[0m
[8.733s] [ 34%] [32mBuilding CXX object CMakeFiles/nourish_robot_arm_msgs__rosidl_typesupport_fastrtps_cpp.dir/rosidl_typesupport_fastrtps_cpp/nourish_robot_arm_msgs/action/dds_fastrtps/execute_path__type_support.cpp.o[0m
[8.735s] [ 35%] [32mBuilding CXX object CMakeFiles/nourish_robot_arm_msgs__rosidl_typesupport_c.dir/rosidl_typesupport_c/nourish_robot_arm_msgs/msg/robot_arm_state__type_support.cpp.o[0m
[8.740s] [ 36%] [32mBuilding CXX object CMakeFiles/nourish_robot_arm_msgs__rosidl_typesupport_introspection_cpp.dir/rosidl_typesupport_introspection_cpp/nourish_robot_arm_msgs/srv/poll_status__type_support.cpp.o[0m
[8.740s] [ 37%] [32mBuilding CXX object CMakeFiles/nourish_robot_arm_msgs__rosidl_typesupport_fastrtps_cpp.dir/rosidl_typesupport_fastrtps_cpp/nourish_robot_arm_msgs/action/dds_fastrtps/register_point__type_support.cpp.o[0m
[8.743s] [ 37%] [32mBuilding CXX object CMakeFiles/nourish_robot_arm_msgs__rosidl_typesupport_c.dir/rosidl_typesupport_c/nourish_robot_arm_msgs/msg/robot_move__type_support.cpp.o[0m
[8.747s] [ 38%] [32mBuilding CXX object CMakeFiles/nourish_robot_arm_msgs__rosidl_typesupport_introspection_cpp.dir/rosidl_typesupport_introspection_cpp/nourish_robot_arm_msgs/action/execute_path__type_support.cpp.o[0m
[8.801s] [ 38%] [32mBuilding CXX object CMakeFiles/nourish_robot_arm_msgs__rosidl_typesupport_introspection_cpp.dir/rosidl_typesupport_introspection_cpp/nourish_robot_arm_msgs/action/register_point__type_support.cpp.o[0m
[8.805s] [ 39%] [32mBuilding CXX object CMakeFiles/nourish_robot_arm_msgs__rosidl_typesupport_introspection_cpp.dir/rosidl_typesupport_introspection_cpp/nourish_robot_arm_msgs/msg/acceleration__type_support.cpp.o[0m
[8.832s] [ 40%] [32mBuilding CXX object CMakeFiles/nourish_robot_arm_msgs__rosidl_typesupport_c.dir/rosidl_typesupport_c/nourish_robot_arm_msgs/msg/speed__type_support.cpp.o[0m
[8.927s] [ 41%] [32mBuilding CXX object CMakeFiles/nourish_robot_arm_msgs__rosidl_typesupport_c.dir/rosidl_typesupport_c/nourish_robot_arm_msgs/msg/tool__type_support.cpp.o[0m
[8.945s] [ 42%] [32m[1mLinking CXX shared library libnourish_robot_arm_msgs__rosidl_typesupport_cpp.so[0m
[8.998s] [ 43%] [32mBuilding CXX object CMakeFiles/nourish_robot_arm_msgs__rosidl_typesupport_c.dir/rosidl_typesupport_c/nourish_robot_arm_msgs/msg/work_object__type_support.cpp.o[0m
[9.071s] [ 43%] [32mBuilding CXX object CMakeFiles/nourish_robot_arm_msgs__rosidl_typesupport_c.dir/rosidl_typesupport_c/nourish_robot_arm_msgs/msg/zone__type_support.cpp.o[0m
[9.083s] [ 43%] Built target nourish_robot_arm_msgs__rosidl_typesupport_cpp
[9.120s] [ 44%] [32mBuilding CXX object CMakeFiles/nourish_robot_arm_msgs__rosidl_typesupport_introspection_cpp.dir/rosidl_typesupport_introspection_cpp/nourish_robot_arm_msgs/msg/joint__type_support.cpp.o[0m
[9.140s] [ 45%] [32mBuilding CXX object CMakeFiles/nourish_robot_arm_msgs__rosidl_typesupport_fastrtps_cpp.dir/rosidl_typesupport_fastrtps_cpp/nourish_robot_arm_msgs/msg/dds_fastrtps/acceleration__type_support.cpp.o[0m
[9.140s] [ 46%] [32mBuilding CXX object CMakeFiles/nourish_robot_arm_msgs__rosidl_typesupport_c.dir/rosidl_typesupport_c/nourish_robot_arm_msgs/msg/position_state__type_support.cpp.o[0m
[9.154s] [ 47%] [32mBuilding CXX object CMakeFiles/nourish_robot_arm_msgs__rosidl_typesupport_introspection_cpp.dir/rosidl_typesupport_introspection_cpp/nourish_robot_arm_msgs/msg/pose__type_support.cpp.o[0m
[9.224s] [ 47%] [32mBuilding CXX object CMakeFiles/nourish_robot_arm_msgs__rosidl_typesupport_introspection_cpp.dir/rosidl_typesupport_introspection_cpp/nourish_robot_arm_msgs/msg/robot_arm_state__type_support.cpp.o[0m
[9.245s] [ 48%] [32m[1mLinking CXX shared library libnourish_robot_arm_msgs__rosidl_typesupport_c.so[0m
[9.246s] [ 49%] [32mBuilding CXX object CMakeFiles/nourish_robot_arm_msgs__rosidl_typesupport_introspection_cpp.dir/rosidl_typesupport_introspection_cpp/nourish_robot_arm_msgs/msg/robot_move__type_support.cpp.o[0m
[9.341s] [ 49%] [32mBuilding CXX object CMakeFiles/nourish_robot_arm_msgs__rosidl_typesupport_fastrtps_cpp.dir/rosidl_typesupport_fastrtps_cpp/nourish_robot_arm_msgs/msg/dds_fastrtps/pose__type_support.cpp.o[0m
[9.367s] [ 50%] [32mBuilding CXX object CMakeFiles/nourish_robot_arm_msgs__rosidl_typesupport_fastrtps_cpp.dir/rosidl_typesupport_fastrtps_cpp/nourish_robot_arm_msgs/msg/dds_fastrtps/joint__type_support.cpp.o[0m
[9.371s] [ 51%] [32mBuilding CXX object CMakeFiles/nourish_robot_arm_msgs__rosidl_typesupport_introspection_cpp.dir/rosidl_typesupport_introspection_cpp/nourish_robot_arm_msgs/msg/speed__type_support.cpp.o[0m
[9.415s] [ 51%] Built target nourish_robot_arm_msgs__rosidl_typesupport_c
[9.521s] [ 52%] [32mBuilding CXX object CMakeFiles/nourish_robot_arm_msgs__rosidl_typesupport_fastrtps_cpp.dir/rosidl_typesupport_fastrtps_cpp/nourish_robot_arm_msgs/msg/dds_fastrtps/robot_arm_state__type_support.cpp.o[0m
[9.537s] [ 53%] [32mBuilding CXX object CMakeFiles/nourish_robot_arm_msgs__rosidl_typesupport_introspection_cpp.dir/rosidl_typesupport_introspection_cpp/nourish_robot_arm_msgs/msg/tool__type_support.cpp.o[0m
[9.541s] [ 53%] [32mBuilding CXX object CMakeFiles/nourish_robot_arm_msgs__rosidl_typesupport_introspection_cpp.dir/rosidl_typesupport_introspection_cpp/nourish_robot_arm_msgs/msg/work_object__type_support.cpp.o[0m
[9.560s] [35m[1mScanning dependencies of target nourish_robot_arm_msgs__rosidl_typesupport_introspection_c[0m
[9.615s] [ 54%] [32mBuilding CXX object CMakeFiles/nourish_robot_arm_msgs__rosidl_typesupport_introspection_cpp.dir/rosidl_typesupport_introspection_cpp/nourish_robot_arm_msgs/msg/zone__type_support.cpp.o[0m
[9.678s] [ 55%] [32mBuilding CXX object CMakeFiles/nourish_robot_arm_msgs__rosidl_typesupport_introspection_cpp.dir/rosidl_typesupport_introspection_cpp/nourish_robot_arm_msgs/msg/position_state__type_support.cpp.o[0m
[9.682s] [ 56%] [32mBuilding C object CMakeFiles/nourish_robot_arm_msgs__rosidl_typesupport_introspection_c.dir/rosidl_typesupport_introspection_c/nourish_robot_arm_msgs/srv/poll_position__type_support.c.o[0m
[9.692s] [ 57%] [32mBuilding CXX object CMakeFiles/nourish_robot_arm_msgs__rosidl_typesupport_fastrtps_cpp.dir/rosidl_typesupport_fastrtps_cpp/nourish_robot_arm_msgs/msg/dds_fastrtps/robot_move__type_support.cpp.o[0m
[9.785s] [ 58%] [32mBuilding C object CMakeFiles/nourish_robot_arm_msgs__rosidl_typesupport_introspection_c.dir/rosidl_typesupport_introspection_c/nourish_robot_arm_msgs/srv/poll_status__type_support.c.o[0m
[9.792s] [ 59%] [32mBuilding CXX object CMakeFiles/nourish_robot_arm_msgs__rosidl_typesupport_fastrtps_cpp.dir/rosidl_typesupport_fastrtps_cpp/nourish_robot_arm_msgs/msg/dds_fastrtps/speed__type_support.cpp.o[0m
[9.812s] [ 59%] [32mBuilding CXX object CMakeFiles/nourish_robot_arm_msgs__rosidl_typesupport_fastrtps_cpp.dir/rosidl_typesupport_fastrtps_cpp/nourish_robot_arm_msgs/msg/dds_fastrtps/tool__type_support.cpp.o[0m
[9.869s] [ 60%] [32mBuilding CXX object CMakeFiles/nourish_robot_arm_msgs__rosidl_typesupport_fastrtps_cpp.dir/rosidl_typesupport_fastrtps_cpp/nourish_robot_arm_msgs/msg/dds_fastrtps/work_object__type_support.cpp.o[0m
[9.917s] [ 60%] [32mBuilding C object CMakeFiles/nourish_robot_arm_msgs__rosidl_typesupport_introspection_c.dir/rosidl_typesupport_introspection_c/nourish_robot_arm_msgs/action/execute_path__type_support.c.o[0m
[10.017s] [ 61%] [32mBuilding C object CMakeFiles/nourish_robot_arm_msgs__rosidl_typesupport_introspection_c.dir/rosidl_typesupport_introspection_c/nourish_robot_arm_msgs/action/register_point__type_support.c.o[0m
[10.034s] [ 62%] [32mBuilding CXX object CMakeFiles/nourish_robot_arm_msgs__rosidl_typesupport_fastrtps_cpp.dir/rosidl_typesupport_fastrtps_cpp/nourish_robot_arm_msgs/msg/dds_fastrtps/zone__type_support.cpp.o[0m
[10.061s] [ 63%] [32mBuilding C object CMakeFiles/nourish_robot_arm_msgs__rosidl_typesupport_introspection_c.dir/rosidl_typesupport_introspection_c/nourish_robot_arm_msgs/msg/acceleration__type_support.c.o[0m
[10.063s] [ 64%] [32mBuilding CXX object CMakeFiles/nourish_robot_arm_msgs__rosidl_typesupport_fastrtps_cpp.dir/rosidl_typesupport_fastrtps_cpp/nourish_robot_arm_msgs/msg/dds_fastrtps/position_state__type_support.cpp.o[0m
[10.092s] [ 65%] [32m[1mLinking CXX shared library libnourish_robot_arm_msgs__rosidl_typesupport_introspection_cpp.so[0m
[10.107s] [ 66%] [32mBuilding C object CMakeFiles/nourish_robot_arm_msgs__rosidl_typesupport_introspection_c.dir/rosidl_typesupport_introspection_c/nourish_robot_arm_msgs/msg/joint__type_support.c.o[0m
[10.128s] [ 66%] [32mBuilding C object CMakeFiles/nourish_robot_arm_msgs__rosidl_typesupport_introspection_c.dir/rosidl_typesupport_introspection_c/nourish_robot_arm_msgs/msg/pose__type_support.c.o[0m
[10.164s] [ 67%] [32mBuilding C object CMakeFiles/nourish_robot_arm_msgs__rosidl_typesupport_introspection_c.dir/rosidl_typesupport_introspection_c/nourish_robot_arm_msgs/msg/robot_arm_state__type_support.c.o[0m
[10.186s] [ 68%] [32mBuilding C object CMakeFiles/nourish_robot_arm_msgs__rosidl_typesupport_introspection_c.dir/rosidl_typesupport_introspection_c/nourish_robot_arm_msgs/msg/robot_move__type_support.c.o[0m
[10.194s] [ 68%] [32mBuilding C object CMakeFiles/nourish_robot_arm_msgs__rosidl_typesupport_introspection_c.dir/rosidl_typesupport_introspection_c/nourish_robot_arm_msgs/msg/speed__type_support.c.o[0m
[10.217s] [ 69%] [32mBuilding C object CMakeFiles/nourish_robot_arm_msgs__rosidl_typesupport_introspection_c.dir/rosidl_typesupport_introspection_c/nourish_robot_arm_msgs/msg/tool__type_support.c.o[0m
[10.233s] [ 70%] [32mBuilding C object CMakeFiles/nourish_robot_arm_msgs__rosidl_typesupport_introspection_c.dir/rosidl_typesupport_introspection_c/nourish_robot_arm_msgs/msg/work_object__type_support.c.o[0m
[10.247s] [ 71%] [32mBuilding C object CMakeFiles/nourish_robot_arm_msgs__rosidl_typesupport_introspection_c.dir/rosidl_typesupport_introspection_c/nourish_robot_arm_msgs/msg/zone__type_support.c.o[0m
[10.248s] [ 71%] Built target nourish_robot_arm_msgs__rosidl_typesupport_introspection_cpp
[10.277s] [ 71%] [32mBuilding C object CMakeFiles/nourish_robot_arm_msgs__rosidl_typesupport_introspection_c.dir/rosidl_typesupport_introspection_c/nourish_robot_arm_msgs/msg/position_state__type_support.c.o[0m
[10.321s] [ 72%] [32m[1mLinking C shared library libnourish_robot_arm_msgs__rosidl_typesupport_introspection_c.so[0m
[10.385s] [ 72%] Built target nourish_robot_arm_msgs__rosidl_typesupport_introspection_c
[10.576s] [ 72%] [32m[1mLinking CXX shared library libnourish_robot_arm_msgs__rosidl_typesupport_fastrtps_cpp.so[0m
[10.673s] [ 72%] Built target nourish_robot_arm_msgs__rosidl_typesupport_fastrtps_cpp
[10.687s] [ 73%] [34m[1mGenerating C type support for eProsima Fast-RTPS[0m
[12.296s] [35m[1mScanning dependencies of target nourish_robot_arm_msgs__rosidl_typesupport_fastrtps_c[0m
[12.334s] [ 74%] [32mBuilding CXX object CMakeFiles/nourish_robot_arm_msgs__rosidl_typesupport_fastrtps_c.dir/rosidl_typesupport_fastrtps_c/nourish_robot_arm_msgs/srv/poll_status__type_support_c.cpp.o[0m
[12.334s] [ 74%] [32mBuilding CXX object CMakeFiles/nourish_robot_arm_msgs__rosidl_typesupport_fastrtps_c.dir/rosidl_typesupport_fastrtps_c/nourish_robot_arm_msgs/srv/poll_position__type_support_c.cpp.o[0m
[12.335s] [ 75%] [32mBuilding CXX object CMakeFiles/nourish_robot_arm_msgs__rosidl_typesupport_fastrtps_c.dir/rosidl_typesupport_fastrtps_c/nourish_robot_arm_msgs/action/execute_path__type_support_c.cpp.o[0m
[12.335s] [ 76%] [32mBuilding CXX object CMakeFiles/nourish_robot_arm_msgs__rosidl_typesupport_fastrtps_c.dir/rosidl_typesupport_fastrtps_c/nourish_robot_arm_msgs/msg/acceleration__type_support_c.cpp.o[0m
[12.335s] [ 77%] [32mBuilding CXX object CMakeFiles/nourish_robot_arm_msgs__rosidl_typesupport_fastrtps_c.dir/rosidl_typesupport_fastrtps_c/nourish_robot_arm_msgs/action/register_point__type_support_c.cpp.o[0m
[12.335s] [ 77%] [32mBuilding CXX object CMakeFiles/nourish_robot_arm_msgs__rosidl_typesupport_fastrtps_c.dir/rosidl_typesupport_fastrtps_c/nourish_robot_arm_msgs/msg/joint__type_support_c.cpp.o[0m
[12.337s] [ 78%] [32mBuilding CXX object CMakeFiles/nourish_robot_arm_msgs__rosidl_typesupport_fastrtps_c.dir/rosidl_typesupport_fastrtps_c/nourish_robot_arm_msgs/msg/robot_move__type_support_c.cpp.o[0m
[12.338s] [ 79%] [32mBuilding CXX object CMakeFiles/nourish_robot_arm_msgs__rosidl_typesupport_fastrtps_c.dir/rosidl_typesupport_fastrtps_c/nourish_robot_arm_msgs/msg/pose__type_support_c.cpp.o[0m
[12.340s] [ 79%] [32mBuilding CXX object CMakeFiles/nourish_robot_arm_msgs__rosidl_typesupport_fastrtps_c.dir/rosidl_typesupport_fastrtps_c/nourish_robot_arm_msgs/msg/speed__type_support_c.cpp.o[0m
[12.343s] [ 80%] [32mBuilding CXX object CMakeFiles/nourish_robot_arm_msgs__rosidl_typesupport_fastrtps_c.dir/rosidl_typesupport_fastrtps_c/nourish_robot_arm_msgs/msg/tool__type_support_c.cpp.o[0m
[12.346s] [ 81%] [32mBuilding CXX object CMakeFiles/nourish_robot_arm_msgs__rosidl_typesupport_fastrtps_c.dir/rosidl_typesupport_fastrtps_c/nourish_robot_arm_msgs/msg/work_object__type_support_c.cpp.o[0m
[12.349s] [ 82%] [32mBuilding CXX object CMakeFiles/nourish_robot_arm_msgs__rosidl_typesupport_fastrtps_c.dir/rosidl_typesupport_fastrtps_c/nourish_robot_arm_msgs/msg/robot_arm_state__type_support_c.cpp.o[0m
[12.850s] [ 83%] [32mBuilding CXX object CMakeFiles/nourish_robot_arm_msgs__rosidl_typesupport_fastrtps_c.dir/rosidl_typesupport_fastrtps_c/nourish_robot_arm_msgs/msg/zone__type_support_c.cpp.o[0m
[12.858s] [ 83%] [32mBuilding CXX object CMakeFiles/nourish_robot_arm_msgs__rosidl_typesupport_fastrtps_c.dir/rosidl_typesupport_fastrtps_c/nourish_robot_arm_msgs/msg/position_state__type_support_c.cpp.o[0m
[13.359s] [ 84%] [32m[1mLinking CXX shared library libnourish_robot_arm_msgs__rosidl_typesupport_fastrtps_c.so[0m
[13.490s] [ 84%] Built target nourish_robot_arm_msgs__rosidl_typesupport_fastrtps_c
[13.502s] [35m[1mScanning dependencies of target nourish_robot_arm_msgs[0m
[13.521s] [ 84%] Built target nourish_robot_arm_msgs
[13.534s] [35m[1mScanning dependencies of target nourish_robot_arm_msgs__py[0m
[13.548s] [ 85%] [34m[1mGenerating Python code for ROS interfaces[0m
[17.408s] [ 85%] Built target nourish_robot_arm_msgs__py
[17.419s] [35m[1mScanning dependencies of target nourish_robot_arm_msgs__python[0m
[17.463s] [ 86%] [32mBuilding C object CMakeFiles/nourish_robot_arm_msgs__python.dir/rosidl_generator_py/nourish_robot_arm_msgs/srv/_poll_status_s.c.o[0m
[17.463s] [ 86%] [32mBuilding C object CMakeFiles/nourish_robot_arm_msgs__python.dir/rosidl_generator_py/nourish_robot_arm_msgs/srv/_poll_position_s.c.o[0m
[17.464s] [ 88%] [32mBuilding C object CMakeFiles/nourish_robot_arm_msgs__python.dir/rosidl_generator_py/nourish_robot_arm_msgs/action/_register_point_s.c.o[0m
[17.464s] [ 89%] [32mBuilding C object CMakeFiles/nourish_robot_arm_msgs__python.dir/rosidl_generator_py/nourish_robot_arm_msgs/msg/_acceleration_s.c.o[0m
[17.465s] [ 89%] [32mBuilding C object CMakeFiles/nourish_robot_arm_msgs__python.dir/rosidl_generator_py/nourish_robot_arm_msgs/msg/_joint_s.c.o[0m
[17.465s] [ 90%] [32mBuilding C object CMakeFiles/nourish_robot_arm_msgs__python.dir/rosidl_generator_py/nourish_robot_arm_msgs/msg/_pose_s.c.o[0m
[17.465s] [ 88%] [32mBuilding C object CMakeFiles/nourish_robot_arm_msgs__python.dir/rosidl_generator_py/nourish_robot_arm_msgs/action/_execute_path_s.c.o[0m
[17.466s] [ 91%] [32mBuilding C object CMakeFiles/nourish_robot_arm_msgs__python.dir/rosidl_generator_py/nourish_robot_arm_msgs/msg/_robot_move_s.c.o[0m
[17.466s] [ 92%] [32mBuilding C object CMakeFiles/nourish_robot_arm_msgs__python.dir/rosidl_generator_py/nourish_robot_arm_msgs/msg/_robot_arm_state_s.c.o[0m
[17.467s] [ 92%] [32mBuilding C object CMakeFiles/nourish_robot_arm_msgs__python.dir/rosidl_generator_py/nourish_robot_arm_msgs/msg/_speed_s.c.o[0m
[17.477s] [ 94%] [32mBuilding C object CMakeFiles/nourish_robot_arm_msgs__python.dir/rosidl_generator_py/nourish_robot_arm_msgs/msg/_work_object_s.c.o[0m
[17.480s] [ 94%] [32mBuilding C object CMakeFiles/nourish_robot_arm_msgs__python.dir/rosidl_generator_py/nourish_robot_arm_msgs/msg/_tool_s.c.o[0m
[17.602s] [ 95%] [32mBuilding C object CMakeFiles/nourish_robot_arm_msgs__python.dir/rosidl_generator_py/nourish_robot_arm_msgs/msg/_position_state_s.c.o[0m
[17.603s] [ 95%] [32mBuilding C object CMakeFiles/nourish_robot_arm_msgs__python.dir/rosidl_generator_py/nourish_robot_arm_msgs/msg/_zone_s.c.o[0m
[17.705s] [ 96%] [32m[1mLinking C shared library rosidl_generator_py/nourish_robot_arm_msgs/libnourish_robot_arm_msgs__python.so[0m
[17.754s] [ 96%] Built target nourish_robot_arm_msgs__python
[17.764s] [35m[1mScanning dependencies of target nourish_robot_arm_msgs__rosidl_typesupport_introspection_c__pyext[0m
[17.765s] [35m[1mScanning dependencies of target nourish_robot_arm_msgs__rosidl_typesupport_fastrtps_c__pyext[0m
[17.768s] [35m[1mScanning dependencies of target nourish_robot_arm_msgs__rosidl_typesupport_c__pyext[0m
[17.788s] [ 97%] [32mBuilding C object CMakeFiles/nourish_robot_arm_msgs__rosidl_typesupport_fastrtps_c__pyext.dir/rosidl_generator_py/nourish_robot_arm_msgs/_nourish_robot_arm_msgs_s.ep.rosidl_typesupport_fastrtps_c.c.o[0m
[17.791s] [ 98%] [32mBuilding C object CMakeFiles/nourish_robot_arm_msgs__rosidl_typesupport_introspection_c__pyext.dir/rosidl_generator_py/nourish_robot_arm_msgs/_nourish_robot_arm_msgs_s.ep.rosidl_typesupport_introspection_c.c.o[0m
[17.797s] [ 99%] [32mBuilding C object CMakeFiles/nourish_robot_arm_msgs__rosidl_typesupport_c__pyext.dir/rosidl_generator_py/nourish_robot_arm_msgs/_nourish_robot_arm_msgs_s.ep.rosidl_typesupport_c.c.o[0m
[17.962s] [ 99%] [32m[1mLinking C shared library rosidl_generator_py/nourish_robot_arm_msgs/nourish_robot_arm_msgs_s__rosidl_typesupport_fastrtps_c.cpython-36m-x86_64-linux-gnu.so[0m
[17.969s] [ 99%] [32m[1mLinking C shared library rosidl_generator_py/nourish_robot_arm_msgs/nourish_robot_arm_msgs_s__rosidl_typesupport_c.cpython-36m-x86_64-linux-gnu.so[0m
[17.999s] [100%] [32m[1mLinking C shared library rosidl_generator_py/nourish_robot_arm_msgs/nourish_robot_arm_msgs_s__rosidl_typesupport_introspection_c.cpython-36m-x86_64-linux-gnu.so[0m
[18.039s] [100%] Built target nourish_robot_arm_msgs__rosidl_typesupport_fastrtps_c__pyext
[18.044s] [100%] Built target nourish_robot_arm_msgs__rosidl_typesupport_c__pyext
[18.059s] [100%] Built target nourish_robot_arm_msgs__rosidl_typesupport_introspection_c__pyext
[18.360s] [  0%] Built target nourish_robot_arm_msgs__cpp
[18.369s] [ 12%] Built target nourish_robot_arm_msgs__rosidl_generator_c
[18.386s] [ 24%] Built target nourish_robot_arm_msgs__rosidl_typesupport_introspection_cpp
[18.390s] [ 36%] Built target nourish_robot_arm_msgs__rosidl_typesupport_cpp
[18.399s] [ 48%] Built target nourish_robot_arm_msgs__rosidl_typesupport_fastrtps_cpp
[18.401s] [ 60%] Built target nourish_robot_arm_msgs__rosidl_typesupport_c
[18.402s] [ 72%] Built target nourish_robot_arm_msgs__rosidl_typesupport_introspection_c
[18.434s] [ 84%] Built target nourish_robot_arm_msgs__rosidl_typesupport_fastrtps_c
[18.458s] [ 84%] Built target nourish_robot_arm_msgs
[18.478s] [ 85%] Built target nourish_robot_arm_msgs__py
[18.512s] [ 96%] Built target nourish_robot_arm_msgs__python
[18.539s] [ 97%] Built target nourish_robot_arm_msgs__rosidl_typesupport_fastrtps_c__pyext
[18.542s] [ 98%] Built target nourish_robot_arm_msgs__rosidl_typesupport_c__pyext
[18.550s] [100%] Built target nourish_robot_arm_msgs__rosidl_typesupport_introspection_c__pyext
[18.571s] [36mInstall the project...[0m
[18.584s] -- Install configuration: ""
[18.584s] -- Installing: /home/nikhil/nourish_ws/install/nourish_robot_arm_msgs/share/ament_index/resource_index/rosidl_interfaces/nourish_robot_arm_msgs
[18.584s] -- Installing: /home/nikhil/nourish_ws/install/nourish_robot_arm_msgs/include/nourish_robot_arm_msgs
[18.584s] -- Installing: /home/nikhil/nourish_ws/install/nourish_robot_arm_msgs/include/nourish_robot_arm_msgs/action
[18.585s] -- Installing: /home/nikhil/nourish_ws/install/nourish_robot_arm_msgs/include/nourish_robot_arm_msgs/action/execute_path__traits.hpp
[18.585s] -- Installing: /home/nikhil/nourish_ws/install/nourish_robot_arm_msgs/include/nourish_robot_arm_msgs/action/execute_path.hpp
[18.585s] -- Installing: /home/nikhil/nourish_ws/install/nourish_robot_arm_msgs/include/nourish_robot_arm_msgs/action/register_point__traits.hpp
[18.585s] -- Installing: /home/nikhil/nourish_ws/install/nourish_robot_arm_msgs/include/nourish_robot_arm_msgs/action/register_point.hpp
[18.585s] -- Installing: /home/nikhil/nourish_ws/install/nourish_robot_arm_msgs/include/nourish_robot_arm_msgs/action/execute_path__struct.hpp
[18.585s] -- Installing: /home/nikhil/nourish_ws/install/nourish_robot_arm_msgs/include/nourish_robot_arm_msgs/action/register_point__struct.hpp
[18.585s] -- Installing: /home/nikhil/nourish_ws/install/nourish_robot_arm_msgs/include/nourish_robot_arm_msgs/msg
[18.585s] -- Installing: /home/nikhil/nourish_ws/install/nourish_robot_arm_msgs/include/nourish_robot_arm_msgs/msg/joint.hpp
[18.586s] -- Installing: /home/nikhil/nourish_ws/install/nourish_robot_arm_msgs/include/nourish_robot_arm_msgs/msg/tool__traits.hpp
[18.586s] -- Installing: /home/nikhil/nourish_ws/install/nourish_robot_arm_msgs/include/nourish_robot_arm_msgs/msg/acceleration__traits.hpp
[18.586s] -- Installing: /home/nikhil/nourish_ws/install/nourish_robot_arm_msgs/include/nourish_robot_arm_msgs/msg/robot_arm_state__traits.hpp
[18.586s] -- Installing: /home/nikhil/nourish_ws/install/nourish_robot_arm_msgs/include/nourish_robot_arm_msgs/msg/speed__traits.hpp
[18.586s] -- Installing: /home/nikhil/nourish_ws/install/nourish_robot_arm_msgs/include/nourish_robot_arm_msgs/msg/work_object.hpp
[18.586s] -- Installing: /home/nikhil/nourish_ws/install/nourish_robot_arm_msgs/include/nourish_robot_arm_msgs/msg/pose__traits.hpp
[18.586s] -- Installing: /home/nikhil/nourish_ws/install/nourish_robot_arm_msgs/include/nourish_robot_arm_msgs/msg/robot_move__traits.hpp
[18.586s] -- Installing: /home/nikhil/nourish_ws/install/nourish_robot_arm_msgs/include/nourish_robot_arm_msgs/msg/robot_arm_state.hpp
[18.586s] -- Installing: /home/nikhil/nourish_ws/install/nourish_robot_arm_msgs/include/nourish_robot_arm_msgs/msg/tool.hpp
[18.586s] -- Installing: /home/nikhil/nourish_ws/install/nourish_robot_arm_msgs/include/nourish_robot_arm_msgs/msg/pose.hpp
[18.587s] -- Installing: /home/nikhil/nourish_ws/install/nourish_robot_arm_msgs/include/nourish_robot_arm_msgs/msg/joint__struct.hpp
[18.587s] -- Installing: /home/nikhil/nourish_ws/install/nourish_robot_arm_msgs/include/nourish_robot_arm_msgs/msg/acceleration.hpp
[18.587s] -- Installing: /home/nikhil/nourish_ws/install/nourish_robot_arm_msgs/include/nourish_robot_arm_msgs/msg/zone__struct.hpp
[18.587s] -- Installing: /home/nikhil/nourish_ws/install/nourish_robot_arm_msgs/include/nourish_robot_arm_msgs/msg/zone__traits.hpp
[18.587s] -- Installing: /home/nikhil/nourish_ws/install/nourish_robot_arm_msgs/include/nourish_robot_arm_msgs/msg/work_object__traits.hpp
[18.587s] -- Installing: /home/nikhil/nourish_ws/install/nourish_robot_arm_msgs/include/nourish_robot_arm_msgs/msg/robot_arm_state__struct.hpp
[18.587s] -- Installing: /home/nikhil/nourish_ws/install/nourish_robot_arm_msgs/include/nourish_robot_arm_msgs/msg/acceleration__struct.hpp
[18.587s] -- Installing: /home/nikhil/nourish_ws/install/nourish_robot_arm_msgs/include/nourish_robot_arm_msgs/msg/joint__traits.hpp
[18.587s] -- Installing: /home/nikhil/nourish_ws/install/nourish_robot_arm_msgs/include/nourish_robot_arm_msgs/msg/position_state.hpp
[18.587s] -- Installing: /home/nikhil/nourish_ws/install/nourish_robot_arm_msgs/include/nourish_robot_arm_msgs/msg/pose__struct.hpp
[18.587s] -- Installing: /home/nikhil/nourish_ws/install/nourish_robot_arm_msgs/include/nourish_robot_arm_msgs/msg/speed.hpp
[18.588s] -- Installing: /home/nikhil/nourish_ws/install/nourish_robot_arm_msgs/include/nourish_robot_arm_msgs/msg/position_state__traits.hpp
[18.588s] -- Installing: /home/nikhil/nourish_ws/install/nourish_robot_arm_msgs/include/nourish_robot_arm_msgs/msg/robot_move__struct.hpp
[18.588s] -- Installing: /home/nikhil/nourish_ws/install/nourish_robot_arm_msgs/include/nourish_robot_arm_msgs/msg/robot_move.hpp
[18.588s] -- Installing: /home/nikhil/nourish_ws/install/nourish_robot_arm_msgs/include/nourish_robot_arm_msgs/msg/tool__struct.hpp
[18.588s] -- Installing: /home/nikhil/nourish_ws/install/nourish_robot_arm_msgs/include/nourish_robot_arm_msgs/msg/position_state__struct.hpp
[18.588s] -- Installing: /home/nikhil/nourish_ws/install/nourish_robot_arm_msgs/include/nourish_robot_arm_msgs/msg/speed__struct.hpp
[18.588s] -- Installing: /home/nikhil/nourish_ws/install/nourish_robot_arm_msgs/include/nourish_robot_arm_msgs/msg/work_object__struct.hpp
[18.588s] -- Installing: /home/nikhil/nourish_ws/install/nourish_robot_arm_msgs/include/nourish_robot_arm_msgs/msg/zone.hpp
[18.588s] -- Installing: /home/nikhil/nourish_ws/install/nourish_robot_arm_msgs/include/nourish_robot_arm_msgs/srv
[18.588s] -- Installing: /home/nikhil/nourish_ws/install/nourish_robot_arm_msgs/include/nourish_robot_arm_msgs/srv/poll_position.hpp
[18.588s] -- Installing: /home/nikhil/nourish_ws/install/nourish_robot_arm_msgs/include/nourish_robot_arm_msgs/srv/poll_position__traits.hpp
[18.589s] -- Installing: /home/nikhil/nourish_ws/install/nourish_robot_arm_msgs/include/nourish_robot_arm_msgs/srv/poll_status.hpp
[18.589s] -- Installing: /home/nikhil/nourish_ws/install/nourish_robot_arm_msgs/include/nourish_robot_arm_msgs/srv/poll_status__traits.hpp
[18.589s] -- Installing: /home/nikhil/nourish_ws/install/nourish_robot_arm_msgs/include/nourish_robot_arm_msgs/srv/poll_status__struct.hpp
[18.589s] -- Installing: /home/nikhil/nourish_ws/install/nourish_robot_arm_msgs/include/nourish_robot_arm_msgs/srv/poll_position__struct.hpp
[18.589s] -- Up-to-date: /home/nikhil/nourish_ws/install/nourish_robot_arm_msgs/include/nourish_robot_arm_msgs
[18.589s] -- Up-to-date: /home/nikhil/nourish_ws/install/nourish_robot_arm_msgs/include/nourish_robot_arm_msgs/action
[18.589s] -- Installing: /home/nikhil/nourish_ws/install/nourish_robot_arm_msgs/include/nourish_robot_arm_msgs/action/execute_path__type_support.h
[18.589s] -- Installing: /home/nikhil/nourish_ws/install/nourish_robot_arm_msgs/include/nourish_robot_arm_msgs/action/register_point.h
[18.590s] -- Installing: /home/nikhil/nourish_ws/install/nourish_robot_arm_msgs/include/nourish_robot_arm_msgs/action/execute_path__struct.h
[18.590s] -- Installing: /home/nikhil/nourish_ws/install/nourish_robot_arm_msgs/include/nourish_robot_arm_msgs/action/register_point__functions.h
[18.590s] -- Installing: /home/nikhil/nourish_ws/install/nourish_robot_arm_msgs/include/nourish_robot_arm_msgs/action/execute_path__functions.h
[18.590s] -- Installing: /home/nikhil/nourish_ws/install/nourish_robot_arm_msgs/include/nourish_robot_arm_msgs/action/register_point__type_support.h
[18.590s] -- Installing: /home/nikhil/nourish_ws/install/nourish_robot_arm_msgs/include/nourish_robot_arm_msgs/action/register_point__struct.h
[18.590s] -- Installing: /home/nikhil/nourish_ws/install/nourish_robot_arm_msgs/include/nourish_robot_arm_msgs/action/execute_path__functions.c
[18.590s] -- Installing: /home/nikhil/nourish_ws/install/nourish_robot_arm_msgs/include/nourish_robot_arm_msgs/action/execute_path.h
[18.591s] -- Installing: /home/nikhil/nourish_ws/install/nourish_robot_arm_msgs/include/nourish_robot_arm_msgs/action/register_point__functions.c
[18.591s] -- Up-to-date: /home/nikhil/nourish_ws/install/nourish_robot_arm_msgs/include/nourish_robot_arm_msgs/msg
[18.591s] -- Installing: /home/nikhil/nourish_ws/install/nourish_robot_arm_msgs/include/nourish_robot_arm_msgs/msg/speed__struct.h
[18.591s] -- Installing: /home/nikhil/nourish_ws/install/nourish_robot_arm_msgs/include/nourish_robot_arm_msgs/msg/robot_move__type_support.h
[18.591s] -- Installing: /home/nikhil/nourish_ws/install/nourish_robot_arm_msgs/include/nourish_robot_arm_msgs/msg/joint__functions.c
[18.591s] -- Installing: /home/nikhil/nourish_ws/install/nourish_robot_arm_msgs/include/nourish_robot_arm_msgs/msg/zone__type_support.h
[18.591s] -- Installing: /home/nikhil/nourish_ws/install/nourish_robot_arm_msgs/include/nourish_robot_arm_msgs/msg/robot_move.h
[18.592s] -- Installing: /home/nikhil/nourish_ws/install/nourish_robot_arm_msgs/include/nourish_robot_arm_msgs/msg/joint__struct.h
[18.592s] -- Installing: /home/nikhil/nourish_ws/install/nourish_robot_arm_msgs/include/nourish_robot_arm_msgs/msg/zone__struct.h
[18.592s] -- Installing: /home/nikhil/nourish_ws/install/nourish_robot_arm_msgs/include/nourish_robot_arm_msgs/msg/robot_move__functions.h
[18.592s] -- Installing: /home/nikhil/nourish_ws/install/nourish_robot_arm_msgs/include/nourish_robot_arm_msgs/msg/position_state__type_support.h
[18.592s] -- Installing: /home/nikhil/nourish_ws/install/nourish_robot_arm_msgs/include/nourish_robot_arm_msgs/msg/work_object__type_support.h
[18.592s] -- Installing: /home/nikhil/nourish_ws/install/nourish_robot_arm_msgs/include/nourish_robot_arm_msgs/msg/work_object__functions.h
[18.593s] -- Installing: /home/nikhil/nourish_ws/install/nourish_robot_arm_msgs/include/nourish_robot_arm_msgs/msg/work_object.h
[18.593s] -- Installing: /home/nikhil/nourish_ws/install/nourish_robot_arm_msgs/include/nourish_robot_arm_msgs/msg/work_object__struct.h
[18.593s] -- Installing: /home/nikhil/nourish_ws/install/nourish_robot_arm_msgs/include/nourish_robot_arm_msgs/msg/speed__functions.h
[18.593s] -- Installing: /home/nikhil/nourish_ws/install/nourish_robot_arm_msgs/include/nourish_robot_arm_msgs/msg/joint.h
[18.593s] -- Installing: /home/nikhil/nourish_ws/install/nourish_robot_arm_msgs/include/nourish_robot_arm_msgs/msg/acceleration__functions.h
[18.593s] -- Installing: /home/nikhil/nourish_ws/install/nourish_robot_arm_msgs/include/nourish_robot_arm_msgs/msg/position_state__functions.c
[18.593s] -- Installing: /home/nikhil/nourish_ws/install/nourish_robot_arm_msgs/include/nourish_robot_arm_msgs/msg/robot_arm_state__functions.h
[18.593s] -- Installing: /home/nikhil/nourish_ws/install/nourish_robot_arm_msgs/include/nourish_robot_arm_msgs/msg/robot_arm_state__struct.h
[18.594s] -- Installing: /home/nikhil/nourish_ws/install/nourish_robot_arm_msgs/include/nourish_robot_arm_msgs/msg/robot_arm_state__type_support.h
[18.594s] -- Installing: /home/nikhil/nourish_ws/install/nourish_robot_arm_msgs/include/nourish_robot_arm_msgs/msg/joint__functions.h
[18.594s] -- Installing: /home/nikhil/nourish_ws/install/nourish_robot_arm_msgs/include/nourish_robot_arm_msgs/msg/pose__struct.h
[18.594s] -- Installing: /home/nikhil/nourish_ws/install/nourish_robot_arm_msgs/include/nourish_robot_arm_msgs/msg/tool__functions.h
[18.594s] -- Installing: /home/nikhil/nourish_ws/install/nourish_robot_arm_msgs/include/nourish_robot_arm_msgs/msg/speed__functions.c
[18.594s] -- Installing: /home/nikhil/nourish_ws/install/nourish_robot_arm_msgs/include/nourish_robot_arm_msgs/msg/zone__functions.h
[18.595s] -- Installing: /home/nikhil/nourish_ws/install/nourish_robot_arm_msgs/include/nourish_robot_arm_msgs/msg/speed.h
[18.595s] -- Installing: /home/nikhil/nourish_ws/install/nourish_robot_arm_msgs/include/nourish_robot_arm_msgs/msg/tool__struct.h
[18.595s] -- Installing: /home/nikhil/nourish_ws/install/nourish_robot_arm_msgs/include/nourish_robot_arm_msgs/msg/pose__functions.h
[18.595s] -- Installing: /home/nikhil/nourish_ws/install/nourish_robot_arm_msgs/include/nourish_robot_arm_msgs/msg/position_state__struct.h
[18.595s] -- Installing: /home/nikhil/nourish_ws/install/nourish_robot_arm_msgs/include/nourish_robot_arm_msgs/msg/robot_move__struct.h
[18.595s] -- Installing: /home/nikhil/nourish_ws/install/nourish_robot_arm_msgs/include/nourish_robot_arm_msgs/msg/tool.h
[18.596s] -- Installing: /home/nikhil/nourish_ws/install/nourish_robot_arm_msgs/include/nourish_robot_arm_msgs/msg/pose__type_support.h
[18.596s] -- Installing: /home/nikhil/nourish_ws/install/nourish_robot_arm_msgs/include/nourish_robot_arm_msgs/msg/pose__functions.c
[18.596s] -- Installing: /home/nikhil/nourish_ws/install/nourish_robot_arm_msgs/include/nourish_robot_arm_msgs/msg/rosidl_generator_c__visibility_control.h
[18.596s] -- Installing: /home/nikhil/nourish_ws/install/nourish_robot_arm_msgs/include/nourish_robot_arm_msgs/msg/zone__functions.c
[18.596s] -- Installing: /home/nikhil/nourish_ws/install/nourish_robot_arm_msgs/include/nourish_robot_arm_msgs/msg/acceleration__type_support.h
[18.596s] -- Installing: /home/nikhil/nourish_ws/install/nourish_robot_arm_msgs/include/nourish_robot_arm_msgs/msg/speed__type_support.h
[18.596s] -- Installing: /home/nikhil/nourish_ws/install/nourish_robot_arm_msgs/include/nourish_robot_arm_msgs/msg/zone.h
[18.596s] -- Installing: /home/nikhil/nourish_ws/install/nourish_robot_arm_msgs/include/nourish_robot_arm_msgs/msg/pose.h
[18.596s] -- Installing: /home/nikhil/nourish_ws/install/nourish_robot_arm_msgs/include/nourish_robot_arm_msgs/msg/work_object__functions.c
[18.596s] -- Installing: /home/nikhil/nourish_ws/install/nourish_robot_arm_msgs/include/nourish_robot_arm_msgs/msg/acceleration__struct.h
[18.597s] -- Installing: /home/nikhil/nourish_ws/install/nourish_robot_arm_msgs/include/nourish_robot_arm_msgs/msg/position_state__functions.h
[18.597s] -- Installing: /home/nikhil/nourish_ws/install/nourish_robot_arm_msgs/include/nourish_robot_arm_msgs/msg/robot_arm_state.h
[18.597s] -- Installing: /home/nikhil/nourish_ws/install/nourish_robot_arm_msgs/include/nourish_robot_arm_msgs/msg/acceleration__functions.c
[18.597s] -- Installing: /home/nikhil/nourish_ws/install/nourish_robot_arm_msgs/include/nourish_robot_arm_msgs/msg/tool__functions.c
[18.597s] -- Installing: /home/nikhil/nourish_ws/install/nourish_robot_arm_msgs/include/nourish_robot_arm_msgs/msg/acceleration.h
[18.597s] -- Installing: /home/nikhil/nourish_ws/install/nourish_robot_arm_msgs/include/nourish_robot_arm_msgs/msg/robot_arm_state__functions.c
[18.597s] -- Installing: /home/nikhil/nourish_ws/install/nourish_robot_arm_msgs/include/nourish_robot_arm_msgs/msg/tool__type_support.h
[18.597s] -- Installing: /home/nikhil/nourish_ws/install/nourish_robot_arm_msgs/include/nourish_robot_arm_msgs/msg/robot_move__functions.c
[18.597s] -- Installing: /home/nikhil/nourish_ws/install/nourish_robot_arm_msgs/include/nourish_robot_arm_msgs/msg/joint__type_support.h
[18.597s] -- Installing: /home/nikhil/nourish_ws/install/nourish_robot_arm_msgs/include/nourish_robot_arm_msgs/msg/position_state.h
[18.597s] -- Up-to-date: /home/nikhil/nourish_ws/install/nourish_robot_arm_msgs/include/nourish_robot_arm_msgs/srv
[18.597s] -- Installing: /home/nikhil/nourish_ws/install/nourish_robot_arm_msgs/include/nourish_robot_arm_msgs/srv/poll_status.h
[18.598s] -- Installing: /home/nikhil/nourish_ws/install/nourish_robot_arm_msgs/include/nourish_robot_arm_msgs/srv/poll_position__functions.c
[18.598s] -- Installing: /home/nikhil/nourish_ws/install/nourish_robot_arm_msgs/include/nourish_robot_arm_msgs/srv/poll_status__struct.h
[18.598s] -- Installing: /home/nikhil/nourish_ws/install/nourish_robot_arm_msgs/include/nourish_robot_arm_msgs/srv/poll_position__type_support.h
[18.598s] -- Installing: /home/nikhil/nourish_ws/install/nourish_robot_arm_msgs/include/nourish_robot_arm_msgs/srv/poll_position.h
[18.598s] -- Installing: /home/nikhil/nourish_ws/install/nourish_robot_arm_msgs/include/nourish_robot_arm_msgs/srv/poll_position__struct.h
[18.599s] -- Installing: /home/nikhil/nourish_ws/install/nourish_robot_arm_msgs/include/nourish_robot_arm_msgs/srv/poll_position__functions.h
[18.599s] -- Installing: /home/nikhil/nourish_ws/install/nourish_robot_arm_msgs/include/nourish_robot_arm_msgs/srv/poll_status__functions.h
[18.599s] -- Installing: /home/nikhil/nourish_ws/install/nourish_robot_arm_msgs/include/nourish_robot_arm_msgs/srv/poll_status__type_support.h
[18.599s] -- Installing: /home/nikhil/nourish_ws/install/nourish_robot_arm_msgs/include/nourish_robot_arm_msgs/srv/poll_status__functions.c
[18.599s] -- Installing: /home/nikhil/nourish_ws/install/nourish_robot_arm_msgs/share/nourish_robot_arm_msgs/environment/library_path.sh
[18.600s] -- Installing: /home/nikhil/nourish_ws/install/nourish_robot_arm_msgs/lib/libnourish_robot_arm_msgs__rosidl_generator_c.so
[18.600s] -- Set runtime path of "/home/nikhil/nourish_ws/install/nourish_robot_arm_msgs/lib/libnourish_robot_arm_msgs__rosidl_generator_c.so" to ""
[18.600s] -- Installing: /home/nikhil/nourish_ws/install/nourish_robot_arm_msgs/lib/libnourish_robot_arm_msgs__rosidl_typesupport_c.so
[18.600s] -- Set runtime path of "/home/nikhil/nourish_ws/install/nourish_robot_arm_msgs/lib/libnourish_robot_arm_msgs__rosidl_typesupport_c.so" to ""
[18.600s] -- Installing: /home/nikhil/nourish_ws/install/nourish_robot_arm_msgs/lib/libnourish_robot_arm_msgs__rosidl_typesupport_cpp.so
[18.601s] -- Set runtime path of "/home/nikhil/nourish_ws/install/nourish_robot_arm_msgs/lib/libnourish_robot_arm_msgs__rosidl_typesupport_cpp.so" to ""
[18.601s] -- Up-to-date: /home/nikhil/nourish_ws/install/nourish_robot_arm_msgs/include/nourish_robot_arm_msgs
[18.601s] -- Up-to-date: /home/nikhil/nourish_ws/install/nourish_robot_arm_msgs/include/nourish_robot_arm_msgs/action
[18.601s] -- Installing: /home/nikhil/nourish_ws/install/nourish_robot_arm_msgs/include/nourish_robot_arm_msgs/action/execute_path__rosidl_typesupport_introspection_c.h
[18.601s] -- Installing: /home/nikhil/nourish_ws/install/nourish_robot_arm_msgs/include/nourish_robot_arm_msgs/action/register_point__type_support.c
[18.601s] -- Installing: /home/nikhil/nourish_ws/install/nourish_robot_arm_msgs/include/nourish_robot_arm_msgs/action/register_point__rosidl_typesupport_introspection_c.h
[18.601s] -- Installing: /home/nikhil/nourish_ws/install/nourish_robot_arm_msgs/include/nourish_robot_arm_msgs/action/execute_path__type_support.c
[18.602s] -- Up-to-date: /home/nikhil/nourish_ws/install/nourish_robot_arm_msgs/include/nourish_robot_arm_msgs/msg
[18.602s] -- Installing: /home/nikhil/nourish_ws/install/nourish_robot_arm_msgs/include/nourish_robot_arm_msgs/msg/speed__rosidl_typesupport_introspection_c.h
[18.602s] -- Installing: /home/nikhil/nourish_ws/install/nourish_robot_arm_msgs/include/nourish_robot_arm_msgs/msg/pose__type_support.c
[18.602s] -- Installing: /home/nikhil/nourish_ws/install/nourish_robot_arm_msgs/include/nourish_robot_arm_msgs/msg/pose__rosidl_typesupport_introspection_c.h
[18.602s] -- Installing: /home/nikhil/nourish_ws/install/nourish_robot_arm_msgs/include/nourish_robot_arm_msgs/msg/position_state__type_support.c
[18.603s] -- Installing: /home/nikhil/nourish_ws/install/nourish_robot_arm_msgs/include/nourish_robot_arm_msgs/msg/tool__type_support.c
[18.603s] -- Installing: /home/nikhil/nourish_ws/install/nourish_robot_arm_msgs/include/nourish_robot_arm_msgs/msg/rosidl_typesupport_introspection_c__visibility_control.h
[18.603s] -- Installing: /home/nikhil/nourish_ws/install/nourish_robot_arm_msgs/include/nourish_robot_arm_msgs/msg/robot_move__rosidl_typesupport_introspection_c.h
[18.603s] -- Installing: /home/nikhil/nourish_ws/install/nourish_robot_arm_msgs/include/nourish_robot_arm_msgs/msg/joint__rosidl_typesupport_introspection_c.h
[18.603s] -- Installing: /home/nikhil/nourish_ws/install/nourish_robot_arm_msgs/include/nourish_robot_arm_msgs/msg/speed__type_support.c
[18.604s] -- Installing: /home/nikhil/nourish_ws/install/nourish_robot_arm_msgs/include/nourish_robot_arm_msgs/msg/zone__rosidl_typesupport_introspection_c.h
[18.604s] -- Installing: /home/nikhil/nourish_ws/install/nourish_robot_arm_msgs/include/nourish_robot_arm_msgs/msg/work_object__type_support.c
[18.604s] -- Installing: /home/nikhil/nourish_ws/install/nourish_robot_arm_msgs/include/nourish_robot_arm_msgs/msg/acceleration__rosidl_typesupport_introspection_c.h
[18.604s] -- Installing: /home/nikhil/nourish_ws/install/nourish_robot_arm_msgs/include/nourish_robot_arm_msgs/msg/tool__rosidl_typesupport_introspection_c.h
[18.604s] -- Installing: /home/nikhil/nourish_ws/install/nourish_robot_arm_msgs/include/nourish_robot_arm_msgs/msg/zone__type_support.c
[18.604s] -- Installing: /home/nikhil/nourish_ws/install/nourish_robot_arm_msgs/include/nourish_robot_arm_msgs/msg/acceleration__type_support.c
[18.605s] -- Installing: /home/nikhil/nourish_ws/install/nourish_robot_arm_msgs/include/nourish_robot_arm_msgs/msg/robot_arm_state__type_support.c
[18.605s] -- Installing: /home/nikhil/nourish_ws/install/nourish_robot_arm_msgs/include/nourish_robot_arm_msgs/msg/robot_arm_state__rosidl_typesupport_introspection_c.h
[18.605s] -- Installing: /home/nikhil/nourish_ws/install/nourish_robot_arm_msgs/include/nourish_robot_arm_msgs/msg/work_object__rosidl_typesupport_introspection_c.h
[18.605s] -- Installing: /home/nikhil/nourish_ws/install/nourish_robot_arm_msgs/include/nourish_robot_arm_msgs/msg/position_state__rosidl_typesupport_introspection_c.h
[18.605s] -- Installing: /home/nikhil/nourish_ws/install/nourish_robot_arm_msgs/include/nourish_robot_arm_msgs/msg/joint__type_support.c
[18.605s] -- Installing: /home/nikhil/nourish_ws/install/nourish_robot_arm_msgs/include/nourish_robot_arm_msgs/msg/robot_move__type_support.c
[18.605s] -- Up-to-date: /home/nikhil/nourish_ws/install/nourish_robot_arm_msgs/include/nourish_robot_arm_msgs/srv
[18.605s] -- Installing: /home/nikhil/nourish_ws/install/nourish_robot_arm_msgs/include/nourish_robot_arm_msgs/srv/poll_position__type_support.c
[18.605s] -- Installing: /home/nikhil/nourish_ws/install/nourish_robot_arm_msgs/include/nourish_robot_arm_msgs/srv/poll_position__rosidl_typesupport_introspection_c.h
[18.605s] -- Installing: /home/nikhil/nourish_ws/install/nourish_robot_arm_msgs/include/nourish_robot_arm_msgs/srv/poll_status__type_support.c
[18.605s] -- Installing: /home/nikhil/nourish_ws/install/nourish_robot_arm_msgs/include/nourish_robot_arm_msgs/srv/poll_status__rosidl_typesupport_introspection_c.h
[18.606s] -- Installing: /home/nikhil/nourish_ws/install/nourish_robot_arm_msgs/lib/libnourish_robot_arm_msgs__rosidl_typesupport_introspection_c.so
[18.606s] -- Set runtime path of "/home/nikhil/nourish_ws/install/nourish_robot_arm_msgs/lib/libnourish_robot_arm_msgs__rosidl_typesupport_introspection_c.so" to ""
[18.606s] -- Up-to-date: /home/nikhil/nourish_ws/install/nourish_robot_arm_msgs/include/nourish_robot_arm_msgs
[18.606s] -- Up-to-date: /home/nikhil/nourish_ws/install/nourish_robot_arm_msgs/include/nourish_robot_arm_msgs/action
[18.606s] -- Installing: /home/nikhil/nourish_ws/install/nourish_robot_arm_msgs/include/nourish_robot_arm_msgs/action/register_point__type_support.cpp
[18.606s] -- Installing: /home/nikhil/nourish_ws/install/nourish_robot_arm_msgs/include/nourish_robot_arm_msgs/action/register_point__rosidl_typesupport_introspection_cpp.hpp
[18.606s] -- Installing: /home/nikhil/nourish_ws/install/nourish_robot_arm_msgs/include/nourish_robot_arm_msgs/action/execute_path__type_support.cpp
[18.606s] -- Installing: /home/nikhil/nourish_ws/install/nourish_robot_arm_msgs/include/nourish_robot_arm_msgs/action/execute_path__rosidl_typesupport_introspection_cpp.hpp
[18.606s] -- Up-to-date: /home/nikhil/nourish_ws/install/nourish_robot_arm_msgs/include/nourish_robot_arm_msgs/msg
[18.606s] -- Installing: /home/nikhil/nourish_ws/install/nourish_robot_arm_msgs/include/nourish_robot_arm_msgs/msg/robot_arm_state__type_support.cpp
[18.607s] -- Installing: /home/nikhil/nourish_ws/install/nourish_robot_arm_msgs/include/nourish_robot_arm_msgs/msg/robot_arm_state__rosidl_typesupport_introspection_cpp.hpp
[18.607s] -- Installing: /home/nikhil/nourish_ws/install/nourish_robot_arm_msgs/include/nourish_robot_arm_msgs/msg/joint__rosidl_typesupport_introspection_cpp.hpp
[18.607s] -- Installing: /home/nikhil/nourish_ws/install/nourish_robot_arm_msgs/include/nourish_robot_arm_msgs/msg/zone__type_support.cpp
[18.607s] -- Installing: /home/nikhil/nourish_ws/install/nourish_robot_arm_msgs/include/nourish_robot_arm_msgs/msg/joint__type_support.cpp
[18.607s] -- Installing: /home/nikhil/nourish_ws/install/nourish_robot_arm_msgs/include/nourish_robot_arm_msgs/msg/work_object__type_support.cpp
[18.607s] -- Installing: /home/nikhil/nourish_ws/install/nourish_robot_arm_msgs/include/nourish_robot_arm_msgs/msg/position_state__type_support.cpp
[18.607s] -- Installing: /home/nikhil/nourish_ws/install/nourish_robot_arm_msgs/include/nourish_robot_arm_msgs/msg/acceleration__rosidl_typesupport_introspection_cpp.hpp
[18.607s] -- Installing: /home/nikhil/nourish_ws/install/nourish_robot_arm_msgs/include/nourish_robot_arm_msgs/msg/robot_move__rosidl_typesupport_introspection_cpp.hpp
[18.607s] -- Installing: /home/nikhil/nourish_ws/install/nourish_robot_arm_msgs/include/nourish_robot_arm_msgs/msg/acceleration__type_support.cpp
[18.607s] -- Installing: /home/nikhil/nourish_ws/install/nourish_robot_arm_msgs/include/nourish_robot_arm_msgs/msg/zone__rosidl_typesupport_introspection_cpp.hpp
[18.607s] -- Installing: /home/nikhil/nourish_ws/install/nourish_robot_arm_msgs/include/nourish_robot_arm_msgs/msg/speed__type_support.cpp
[18.607s] -- Installing: /home/nikhil/nourish_ws/install/nourish_robot_arm_msgs/include/nourish_robot_arm_msgs/msg/tool__type_support.cpp
[18.607s] -- Installing: /home/nikhil/nourish_ws/install/nourish_robot_arm_msgs/include/nourish_robot_arm_msgs/msg/pose__type_support.cpp
[18.607s] -- Installing: /home/nikhil/nourish_ws/install/nourish_robot_arm_msgs/include/nourish_robot_arm_msgs/msg/speed__rosidl_typesupport_introspection_cpp.hpp
[18.607s] -- Installing: /home/nikhil/nourish_ws/install/nourish_robot_arm_msgs/include/nourish_robot_arm_msgs/msg/position_state__rosidl_typesupport_introspection_cpp.hpp
[18.608s] -- Installing: /home/nikhil/nourish_ws/install/nourish_robot_arm_msgs/include/nourish_robot_arm_msgs/msg/tool__rosidl_typesupport_introspection_cpp.hpp
[18.608s] -- Installing: /home/nikhil/nourish_ws/install/nourish_robot_arm_msgs/include/nourish_robot_arm_msgs/msg/work_object__rosidl_typesupport_introspection_cpp.hpp
[18.608s] -- Installing: /home/nikhil/nourish_ws/install/nourish_robot_arm_msgs/include/nourish_robot_arm_msgs/msg/robot_move__type_support.cpp
[18.608s] -- Installing: /home/nikhil/nourish_ws/install/nourish_robot_arm_msgs/include/nourish_robot_arm_msgs/msg/pose__rosidl_typesupport_introspection_cpp.hpp
[18.608s] -- Up-to-date: /home/nikhil/nourish_ws/install/nourish_robot_arm_msgs/include/nourish_robot_arm_msgs/srv
[18.608s] -- Installing: /home/nikhil/nourish_ws/install/nourish_robot_arm_msgs/include/nourish_robot_arm_msgs/srv/poll_status__type_support.cpp
[18.608s] -- Installing: /home/nikhil/nourish_ws/install/nourish_robot_arm_msgs/include/nourish_robot_arm_msgs/srv/poll_status__rosidl_typesupport_introspection_cpp.hpp
[18.608s] -- Installing: /home/nikhil/nourish_ws/install/nourish_robot_arm_msgs/include/nourish_robot_arm_msgs/srv/poll_position__type_support.cpp
[18.608s] -- Installing: /home/nikhil/nourish_ws/install/nourish_robot_arm_msgs/include/nourish_robot_arm_msgs/srv/poll_position__rosidl_typesupport_introspection_cpp.hpp
[18.608s] -- Installing: /home/nikhil/nourish_ws/install/nourish_robot_arm_msgs/lib/libnourish_robot_arm_msgs__rosidl_typesupport_introspection_cpp.so
[18.609s] -- Set runtime path of "/home/nikhil/nourish_ws/install/nourish_robot_arm_msgs/lib/libnourish_robot_arm_msgs__rosidl_typesupport_introspection_cpp.so" to ""
[18.609s] -- Up-to-date: /home/nikhil/nourish_ws/install/nourish_robot_arm_msgs/include/nourish_robot_arm_msgs
[18.609s] -- Up-to-date: /home/nikhil/nourish_ws/install/nourish_robot_arm_msgs/include/nourish_robot_arm_msgs/action
[18.609s] -- Installing: /home/nikhil/nourish_ws/install/nourish_robot_arm_msgs/include/nourish_robot_arm_msgs/action/register_point__rosidl_typesupport_fastrtps_c.h
[18.609s] -- Installing: /home/nikhil/nourish_ws/install/nourish_robot_arm_msgs/include/nourish_robot_arm_msgs/action/execute_path__rosidl_typesupport_fastrtps_c.h
[18.609s] -- Up-to-date: /home/nikhil/nourish_ws/install/nourish_robot_arm_msgs/include/nourish_robot_arm_msgs/msg
[18.609s] -- Installing: /home/nikhil/nourish_ws/install/nourish_robot_arm_msgs/include/nourish_robot_arm_msgs/msg/robot_arm_state__rosidl_typesupport_fastrtps_c.h
[18.609s] -- Installing: /home/nikhil/nourish_ws/install/nourish_robot_arm_msgs/include/nourish_robot_arm_msgs/msg/position_state__rosidl_typesupport_fastrtps_c.h
[18.609s] -- Installing: /home/nikhil/nourish_ws/install/nourish_robot_arm_msgs/include/nourish_robot_arm_msgs/msg/tool__rosidl_typesupport_fastrtps_c.h
[18.610s] -- Installing: /home/nikhil/nourish_ws/install/nourish_robot_arm_msgs/include/nourish_robot_arm_msgs/msg/robot_move__rosidl_typesupport_fastrtps_c.h
[18.610s] -- Installing: /home/nikhil/nourish_ws/install/nourish_robot_arm_msgs/include/nourish_robot_arm_msgs/msg/work_object__rosidl_typesupport_fastrtps_c.h
[18.610s] -- Installing: /home/nikhil/nourish_ws/install/nourish_robot_arm_msgs/include/nourish_robot_arm_msgs/msg/acceleration__rosidl_typesupport_fastrtps_c.h
[18.610s] -- Installing: /home/nikhil/nourish_ws/install/nourish_robot_arm_msgs/include/nourish_robot_arm_msgs/msg/joint__rosidl_typesupport_fastrtps_c.h
[18.610s] -- Installing: /home/nikhil/nourish_ws/install/nourish_robot_arm_msgs/include/nourish_robot_arm_msgs/msg/zone__rosidl_typesupport_fastrtps_c.h
[18.610s] -- Installing: /home/nikhil/nourish_ws/install/nourish_robot_arm_msgs/include/nourish_robot_arm_msgs/msg/speed__rosidl_typesupport_fastrtps_c.h
[18.610s] -- Installing: /home/nikhil/nourish_ws/install/nourish_robot_arm_msgs/include/nourish_robot_arm_msgs/msg/rosidl_typesupport_fastrtps_c__visibility_control.h
[18.610s] -- Installing: /home/nikhil/nourish_ws/install/nourish_robot_arm_msgs/include/nourish_robot_arm_msgs/msg/pose__rosidl_typesupport_fastrtps_c.h
[18.610s] -- Up-to-date: /home/nikhil/nourish_ws/install/nourish_robot_arm_msgs/include/nourish_robot_arm_msgs/srv
[18.610s] -- Installing: /home/nikhil/nourish_ws/install/nourish_robot_arm_msgs/include/nourish_robot_arm_msgs/srv/poll_position__rosidl_typesupport_fastrtps_c.h
[18.610s] -- Installing: /home/nikhil/nourish_ws/install/nourish_robot_arm_msgs/include/nourish_robot_arm_msgs/srv/poll_status__rosidl_typesupport_fastrtps_c.h
[18.610s] -- Installing: /home/nikhil/nourish_ws/install/nourish_robot_arm_msgs/lib/libnourish_robot_arm_msgs__rosidl_typesupport_fastrtps_c.so
[18.610s] -- Set runtime path of "/home/nikhil/nourish_ws/install/nourish_robot_arm_msgs/lib/libnourish_robot_arm_msgs__rosidl_typesupport_fastrtps_c.so" to ""
[18.611s] -- Up-to-date: /home/nikhil/nourish_ws/install/nourish_robot_arm_msgs/include/nourish_robot_arm_msgs
[18.611s] -- Up-to-date: /home/nikhil/nourish_ws/install/nourish_robot_arm_msgs/include/nourish_robot_arm_msgs/action
[18.611s] -- Installing: /home/nikhil/nourish_ws/install/nourish_robot_arm_msgs/include/nourish_robot_arm_msgs/action/register_point__rosidl_typesupport_fastrtps_cpp.hpp
[18.611s] -- Installing: /home/nikhil/nourish_ws/install/nourish_robot_arm_msgs/include/nourish_robot_arm_msgs/action/execute_path__rosidl_typesupport_fastrtps_cpp.hpp
[18.611s] -- Installing: /home/nikhil/nourish_ws/install/nourish_robot_arm_msgs/include/nourish_robot_arm_msgs/action/dds_fastrtps
[18.611s] -- Up-to-date: /home/nikhil/nourish_ws/install/nourish_robot_arm_msgs/include/nourish_robot_arm_msgs/msg
[18.611s] -- Installing: /home/nikhil/nourish_ws/install/nourish_robot_arm_msgs/include/nourish_robot_arm_msgs/msg/robot_move__rosidl_typesupport_fastrtps_cpp.hpp
[18.611s] -- Installing: /home/nikhil/nourish_ws/install/nourish_robot_arm_msgs/include/nourish_robot_arm_msgs/msg/dds_fastrtps
[18.611s] -- Installing: /home/nikhil/nourish_ws/install/nourish_robot_arm_msgs/include/nourish_robot_arm_msgs/msg/work_object__rosidl_typesupport_fastrtps_cpp.hpp
[18.611s] -- Installing: /home/nikhil/nourish_ws/install/nourish_robot_arm_msgs/include/nourish_robot_arm_msgs/msg/speed__rosidl_typesupport_fastrtps_cpp.hpp
[18.611s] -- Installing: /home/nikhil/nourish_ws/install/nourish_robot_arm_msgs/include/nourish_robot_arm_msgs/msg/tool__rosidl_typesupport_fastrtps_cpp.hpp
[18.611s] -- Installing: /home/nikhil/nourish_ws/install/nourish_robot_arm_msgs/include/nourish_robot_arm_msgs/msg/zone__rosidl_typesupport_fastrtps_cpp.hpp
[18.611s] -- Installing: /home/nikhil/nourish_ws/install/nourish_robot_arm_msgs/include/nourish_robot_arm_msgs/msg/position_state__rosidl_typesupport_fastrtps_cpp.hpp
[18.611s] -- Installing: /home/nikhil/nourish_ws/install/nourish_robot_arm_msgs/include/nourish_robot_arm_msgs/msg/pose__rosidl_typesupport_fastrtps_cpp.hpp
[18.611s] -- Installing: /home/nikhil/nourish_ws/install/nourish_robot_arm_msgs/include/nourish_robot_arm_msgs/msg/robot_arm_state__rosidl_typesupport_fastrtps_cpp.hpp
[18.612s] -- Installing: /home/nikhil/nourish_ws/install/nourish_robot_arm_msgs/include/nourish_robot_arm_msgs/msg/rosidl_typesupport_fastrtps_cpp__visibility_control.h
[18.612s] -- Installing: /home/nikhil/nourish_ws/install/nourish_robot_arm_msgs/include/nourish_robot_arm_msgs/msg/joint__rosidl_typesupport_fastrtps_cpp.hpp
[18.612s] -- Installing: /home/nikhil/nourish_ws/install/nourish_robot_arm_msgs/include/nourish_robot_arm_msgs/msg/acceleration__rosidl_typesupport_fastrtps_cpp.hpp
[18.612s] -- Up-to-date: /home/nikhil/nourish_ws/install/nourish_robot_arm_msgs/include/nourish_robot_arm_msgs/srv
[18.612s] -- Installing: /home/nikhil/nourish_ws/install/nourish_robot_arm_msgs/include/nourish_robot_arm_msgs/srv/poll_position__rosidl_typesupport_fastrtps_cpp.hpp
[18.612s] -- Installing: /home/nikhil/nourish_ws/install/nourish_robot_arm_msgs/include/nourish_robot_arm_msgs/srv/dds_fastrtps
[18.612s] -- Installing: /home/nikhil/nourish_ws/install/nourish_robot_arm_msgs/include/nourish_robot_arm_msgs/srv/poll_status__rosidl_typesupport_fastrtps_cpp.hpp
[18.612s] -- Installing: /home/nikhil/nourish_ws/install/nourish_robot_arm_msgs/lib/libnourish_robot_arm_msgs__rosidl_typesupport_fastrtps_cpp.so
[18.612s] -- Set runtime path of "/home/nikhil/nourish_ws/install/nourish_robot_arm_msgs/lib/libnourish_robot_arm_msgs__rosidl_typesupport_fastrtps_cpp.so" to ""
[18.612s] -- Installing: /home/nikhil/nourish_ws/install/nourish_robot_arm_msgs/share/nourish_robot_arm_msgs/environment/pythonpath.sh
[18.612s] -- Installing: /home/nikhil/nourish_ws/install/nourish_robot_arm_msgs/lib/python3.6/site-packages/nourish_robot_arm_msgs/__init__.py
[18.640s] Compiling '/home/nikhil/nourish_ws/install/nourish_robot_arm_msgs/lib/python3.6/site-packages/nourish_robot_arm_msgs/__init__.py'...
[18.645s] -- Installing: /home/nikhil/nourish_ws/install/nourish_robot_arm_msgs/lib/python3.6/site-packages/nourish_robot_arm_msgs/srv
[18.646s] -- Installing: /home/nikhil/nourish_ws/install/nourish_robot_arm_msgs/lib/python3.6/site-packages/nourish_robot_arm_msgs/srv/_poll_position.py
[18.646s] -- Installing: /home/nikhil/nourish_ws/install/nourish_robot_arm_msgs/lib/python3.6/site-packages/nourish_robot_arm_msgs/srv/__init__.py
[18.646s] -- Installing: /home/nikhil/nourish_ws/install/nourish_robot_arm_msgs/lib/python3.6/site-packages/nourish_robot_arm_msgs/srv/_poll_status_s.c
[18.646s] -- Installing: /home/nikhil/nourish_ws/install/nourish_robot_arm_msgs/lib/python3.6/site-packages/nourish_robot_arm_msgs/srv/_poll_status.py
[18.646s] -- Installing: /home/nikhil/nourish_ws/install/nourish_robot_arm_msgs/lib/python3.6/site-packages/nourish_robot_arm_msgs/srv/_poll_position_s.c
[18.646s] -- Installing: /home/nikhil/nourish_ws/install/nourish_robot_arm_msgs/lib/python3.6/site-packages/nourish_robot_arm_msgs/action
[18.646s] -- Installing: /home/nikhil/nourish_ws/install/nourish_robot_arm_msgs/lib/python3.6/site-packages/nourish_robot_arm_msgs/action/_execute_path.py
[18.646s] -- Installing: /home/nikhil/nourish_ws/install/nourish_robot_arm_msgs/lib/python3.6/site-packages/nourish_robot_arm_msgs/action/__init__.py
[18.646s] -- Installing: /home/nikhil/nourish_ws/install/nourish_robot_arm_msgs/lib/python3.6/site-packages/nourish_robot_arm_msgs/action/_execute_path_s.c
[18.647s] -- Installing: /home/nikhil/nourish_ws/install/nourish_robot_arm_msgs/lib/python3.6/site-packages/nourish_robot_arm_msgs/action/_register_point.py
[18.647s] -- Installing: /home/nikhil/nourish_ws/install/nourish_robot_arm_msgs/lib/python3.6/site-packages/nourish_robot_arm_msgs/action/_register_point_s.c
[18.647s] -- Installing: /home/nikhil/nourish_ws/install/nourish_robot_arm_msgs/lib/python3.6/site-packages/nourish_robot_arm_msgs/msg
[18.647s] -- Installing: /home/nikhil/nourish_ws/install/nourish_robot_arm_msgs/lib/python3.6/site-packages/nourish_robot_arm_msgs/msg/_position_state_s.c
[18.647s] -- Installing: /home/nikhil/nourish_ws/install/nourish_robot_arm_msgs/lib/python3.6/site-packages/nourish_robot_arm_msgs/msg/_acceleration_s.c
[18.647s] -- Installing: /home/nikhil/nourish_ws/install/nourish_robot_arm_msgs/lib/python3.6/site-packages/nourish_robot_arm_msgs/msg/_tool_s.c
[18.647s] -- Installing: /home/nikhil/nourish_ws/install/nourish_robot_arm_msgs/lib/python3.6/site-packages/nourish_robot_arm_msgs/msg/_position_state.py
[18.647s] -- Installing: /home/nikhil/nourish_ws/install/nourish_robot_arm_msgs/lib/python3.6/site-packages/nourish_robot_arm_msgs/msg/_robot_move_s.c
[18.647s] -- Installing: /home/nikhil/nourish_ws/install/nourish_robot_arm_msgs/lib/python3.6/site-packages/nourish_robot_arm_msgs/msg/_robot_arm_state.py
[18.647s] -- Installing: /home/nikhil/nourish_ws/install/nourish_robot_arm_msgs/lib/python3.6/site-packages/nourish_robot_arm_msgs/msg/_joint_s.c
[18.647s] -- Installing: /home/nikhil/nourish_ws/install/nourish_robot_arm_msgs/lib/python3.6/site-packages/nourish_robot_arm_msgs/msg/_acceleration.py
[18.648s] -- Installing: /home/nikhil/nourish_ws/install/nourish_robot_arm_msgs/lib/python3.6/site-packages/nourish_robot_arm_msgs/msg/_robot_arm_state_s.c
[18.648s] -- Installing: /home/nikhil/nourish_ws/install/nourish_robot_arm_msgs/lib/python3.6/site-packages/nourish_robot_arm_msgs/msg/_joint.py
[18.648s] -- Installing: /home/nikhil/nourish_ws/install/nourish_robot_arm_msgs/lib/python3.6/site-packages/nourish_robot_arm_msgs/msg/_speed_s.c
[18.648s] -- Installing: /home/nikhil/nourish_ws/install/nourish_robot_arm_msgs/lib/python3.6/site-packages/nourish_robot_arm_msgs/msg/_work_object_s.c
[18.648s] -- Installing: /home/nikhil/nourish_ws/install/nourish_robot_arm_msgs/lib/python3.6/site-packages/nourish_robot_arm_msgs/msg/__init__.py
[18.648s] -- Installing: /home/nikhil/nourish_ws/install/nourish_robot_arm_msgs/lib/python3.6/site-packages/nourish_robot_arm_msgs/msg/_pose_s.c
[18.648s] -- Installing: /home/nikhil/nourish_ws/install/nourish_robot_arm_msgs/lib/python3.6/site-packages/nourish_robot_arm_msgs/msg/_pose.py
[18.648s] -- Installing: /home/nikhil/nourish_ws/install/nourish_robot_arm_msgs/lib/python3.6/site-packages/nourish_robot_arm_msgs/msg/_zone.py
[18.648s] -- Installing: /home/nikhil/nourish_ws/install/nourish_robot_arm_msgs/lib/python3.6/site-packages/nourish_robot_arm_msgs/msg/_robot_move.py
[18.648s] -- Installing: /home/nikhil/nourish_ws/install/nourish_robot_arm_msgs/lib/python3.6/site-packages/nourish_robot_arm_msgs/msg/_zone_s.c
[18.648s] -- Installing: /home/nikhil/nourish_ws/install/nourish_robot_arm_msgs/lib/python3.6/site-packages/nourish_robot_arm_msgs/msg/_work_object.py
[18.648s] -- Installing: /home/nikhil/nourish_ws/install/nourish_robot_arm_msgs/lib/python3.6/site-packages/nourish_robot_arm_msgs/msg/_speed.py
[18.648s] -- Installing: /home/nikhil/nourish_ws/install/nourish_robot_arm_msgs/lib/python3.6/site-packages/nourish_robot_arm_msgs/msg/_tool.py
[18.648s] -- Installing: /home/nikhil/nourish_ws/install/nourish_robot_arm_msgs/lib/python3.6/site-packages/nourish_robot_arm_msgs/nourish_robot_arm_msgs_s__rosidl_typesupport_c.cpython-36m-x86_64-linux-gnu.so
[18.649s] -- Set runtime path of "/home/nikhil/nourish_ws/install/nourish_robot_arm_msgs/lib/python3.6/site-packages/nourish_robot_arm_msgs/nourish_robot_arm_msgs_s__rosidl_typesupport_c.cpython-36m-x86_64-linux-gnu.so" to ""
[18.649s] -- Installing: /home/nikhil/nourish_ws/install/nourish_robot_arm_msgs/lib/python3.6/site-packages/nourish_robot_arm_msgs/nourish_robot_arm_msgs_s__rosidl_typesupport_introspection_c.cpython-36m-x86_64-linux-gnu.so
[18.649s] -- Set runtime path of "/home/nikhil/nourish_ws/install/nourish_robot_arm_msgs/lib/python3.6/site-packages/nourish_robot_arm_msgs/nourish_robot_arm_msgs_s__rosidl_typesupport_introspection_c.cpython-36m-x86_64-linux-gnu.so" to ""
[18.649s] -- Installing: /home/nikhil/nourish_ws/install/nourish_robot_arm_msgs/lib/python3.6/site-packages/nourish_robot_arm_msgs/nourish_robot_arm_msgs_s__rosidl_typesupport_fastrtps_c.cpython-36m-x86_64-linux-gnu.so
[18.650s] -- Set runtime path of "/home/nikhil/nourish_ws/install/nourish_robot_arm_msgs/lib/python3.6/site-packages/nourish_robot_arm_msgs/nourish_robot_arm_msgs_s__rosidl_typesupport_fastrtps_c.cpython-36m-x86_64-linux-gnu.so" to ""
[18.650s] -- Installing: /home/nikhil/nourish_ws/install/nourish_robot_arm_msgs/lib/libnourish_robot_arm_msgs__python.so
[18.651s] -- Set runtime path of "/home/nikhil/nourish_ws/install/nourish_robot_arm_msgs/lib/libnourish_robot_arm_msgs__python.so" to ""
[18.651s] -- Installing: /home/nikhil/nourish_ws/install/nourish_robot_arm_msgs/share/nourish_robot_arm_msgs/srv/PollPosition.idl
[18.651s] -- Installing: /home/nikhil/nourish_ws/install/nourish_robot_arm_msgs/share/nourish_robot_arm_msgs/srv/PollStatus.idl
[18.651s] -- Installing: /home/nikhil/nourish_ws/install/nourish_robot_arm_msgs/share/nourish_robot_arm_msgs/action/ExecutePath.idl
[18.651s] -- Installing: /home/nikhil/nourish_ws/install/nourish_robot_arm_msgs/share/nourish_robot_arm_msgs/action/RegisterPoint.idl
[18.651s] -- Installing: /home/nikhil/nourish_ws/install/nourish_robot_arm_msgs/share/nourish_robot_arm_msgs/msg/Acceleration.idl
[18.651s] -- Installing: /home/nikhil/nourish_ws/install/nourish_robot_arm_msgs/share/nourish_robot_arm_msgs/msg/Joint.idl
[18.652s] -- Installing: /home/nikhil/nourish_ws/install/nourish_robot_arm_msgs/share/nourish_robot_arm_msgs/msg/Pose.idl
[18.652s] -- Installing: /home/nikhil/nourish_ws/install/nourish_robot_arm_msgs/share/nourish_robot_arm_msgs/msg/RobotArmState.idl
[18.652s] -- Installing: /home/nikhil/nourish_ws/install/nourish_robot_arm_msgs/share/nourish_robot_arm_msgs/msg/RobotMove.idl
[18.652s] -- Installing: /home/nikhil/nourish_ws/install/nourish_robot_arm_msgs/share/nourish_robot_arm_msgs/msg/Speed.idl
[18.652s] -- Installing: /home/nikhil/nourish_ws/install/nourish_robot_arm_msgs/share/nourish_robot_arm_msgs/msg/Tool.idl
[18.652s] -- Installing: /home/nikhil/nourish_ws/install/nourish_robot_arm_msgs/share/nourish_robot_arm_msgs/msg/WorkObject.idl
[18.652s] -- Installing: /home/nikhil/nourish_ws/install/nourish_robot_arm_msgs/share/nourish_robot_arm_msgs/msg/Zone.idl
[18.652s] -- Installing: /home/nikhil/nourish_ws/install/nourish_robot_arm_msgs/share/nourish_robot_arm_msgs/msg/PositionState.idl
[18.652s] -- Installing: /home/nikhil/nourish_ws/install/nourish_robot_arm_msgs/share/nourish_robot_arm_msgs/srv/PollPosition.srv
[18.652s] -- Installing: /home/nikhil/nourish_ws/install/nourish_robot_arm_msgs/share/nourish_robot_arm_msgs/srv/PollPosition_Request.msg
[18.652s] -- Installing: /home/nikhil/nourish_ws/install/nourish_robot_arm_msgs/share/nourish_robot_arm_msgs/srv/PollPosition_Response.msg
[18.653s] -- Installing: /home/nikhil/nourish_ws/install/nourish_robot_arm_msgs/share/nourish_robot_arm_msgs/srv/PollStatus.srv
[18.653s] -- Installing: /home/nikhil/nourish_ws/install/nourish_robot_arm_msgs/share/nourish_robot_arm_msgs/srv/PollStatus_Request.msg
[18.653s] -- Installing: /home/nikhil/nourish_ws/install/nourish_robot_arm_msgs/share/nourish_robot_arm_msgs/srv/PollStatus_Response.msg
[18.653s] -- Installing: /home/nikhil/nourish_ws/install/nourish_robot_arm_msgs/share/nourish_robot_arm_msgs/action/ExecutePath.action
[18.653s] -- Installing: /home/nikhil/nourish_ws/install/nourish_robot_arm_msgs/share/nourish_robot_arm_msgs/action/RegisterPoint.action
[18.653s] -- Installing: /home/nikhil/nourish_ws/install/nourish_robot_arm_msgs/share/nourish_robot_arm_msgs/msg/Acceleration.msg
[18.653s] -- Installing: /home/nikhil/nourish_ws/install/nourish_robot_arm_msgs/share/nourish_robot_arm_msgs/msg/Joint.msg
[18.653s] -- Installing: /home/nikhil/nourish_ws/install/nourish_robot_arm_msgs/share/nourish_robot_arm_msgs/msg/Pose.msg
[18.653s] -- Installing: /home/nikhil/nourish_ws/install/nourish_robot_arm_msgs/share/nourish_robot_arm_msgs/msg/RobotArmState.msg
[18.653s] -- Installing: /home/nikhil/nourish_ws/install/nourish_robot_arm_msgs/share/nourish_robot_arm_msgs/msg/RobotMove.msg
[18.654s] -- Installing: /home/nikhil/nourish_ws/install/nourish_robot_arm_msgs/share/nourish_robot_arm_msgs/msg/Speed.msg
[18.654s] -- Installing: /home/nikhil/nourish_ws/install/nourish_robot_arm_msgs/share/nourish_robot_arm_msgs/msg/Tool.msg
[18.654s] -- Installing: /home/nikhil/nourish_ws/install/nourish_robot_arm_msgs/share/nourish_robot_arm_msgs/msg/WorkObject.msg
[18.654s] -- Installing: /home/nikhil/nourish_ws/install/nourish_robot_arm_msgs/share/nourish_robot_arm_msgs/msg/Zone.msg
[18.654s] -- Installing: /home/nikhil/nourish_ws/install/nourish_robot_arm_msgs/share/nourish_robot_arm_msgs/msg/PositionState.msg
[18.654s] -- Installing: /home/nikhil/nourish_ws/install/nourish_robot_arm_msgs/share/ament_index/resource_index/package_run_dependencies/nourish_robot_arm_msgs
[18.654s] -- Installing: /home/nikhil/nourish_ws/install/nourish_robot_arm_msgs/share/ament_index/resource_index/parent_prefix_path/nourish_robot_arm_msgs
[18.654s] -- Installing: /home/nikhil/nourish_ws/install/nourish_robot_arm_msgs/share/nourish_robot_arm_msgs/environment/ament_prefix_path.sh
[18.655s] -- Installing: /home/nikhil/nourish_ws/install/nourish_robot_arm_msgs/share/nourish_robot_arm_msgs/environment/path.sh
[18.655s] -- Installing: /home/nikhil/nourish_ws/install/nourish_robot_arm_msgs/share/nourish_robot_arm_msgs/local_setup.bash
[18.655s] -- Installing: /home/nikhil/nourish_ws/install/nourish_robot_arm_msgs/share/nourish_robot_arm_msgs/local_setup.sh
[18.655s] -- Installing: /home/nikhil/nourish_ws/install/nourish_robot_arm_msgs/share/nourish_robot_arm_msgs/local_setup.zsh
[18.655s] -- Installing: /home/nikhil/nourish_ws/install/nourish_robot_arm_msgs/share/ament_index/resource_index/packages/nourish_robot_arm_msgs
[18.655s] -- Installing: /home/nikhil/nourish_ws/install/nourish_robot_arm_msgs/share/nourish_robot_arm_msgs/cmake/rosidl_cmake-extras.cmake
[18.655s] -- Installing: /home/nikhil/nourish_ws/install/nourish_robot_arm_msgs/share/nourish_robot_arm_msgs/cmake/ament_cmake_export_dependencies-extras.cmake
[18.655s] -- Installing: /home/nikhil/nourish_ws/install/nourish_robot_arm_msgs/share/nourish_robot_arm_msgs/cmake/ament_cmake_export_include_directories-extras.cmake
[18.656s] -- Installing: /home/nikhil/nourish_ws/install/nourish_robot_arm_msgs/share/nourish_robot_arm_msgs/cmake/ament_cmake_export_libraries-extras.cmake
[18.656s] -- Installing: /home/nikhil/nourish_ws/install/nourish_robot_arm_msgs/share/nourish_robot_arm_msgs/cmake/nourish_robot_arm_msgsConfig.cmake
[18.656s] -- Installing: /home/nikhil/nourish_ws/install/nourish_robot_arm_msgs/share/nourish_robot_arm_msgs/cmake/nourish_robot_arm_msgsConfig-version.cmake
[18.656s] -- Installing: /home/nikhil/nourish_ws/install/nourish_robot_arm_msgs/share/nourish_robot_arm_msgs/package.xml
