[0.118s] -- The C compiler identification is GNU 7.5.0
[0.201s] -- The CXX compiler identification is GNU 7.5.0
[0.203s] -- Check for working C compiler: /usr/bin/cc
[0.264s] -- Check for working C compiler: /usr/bin/cc -- works
[0.265s] -- Detecting C compiler ABI info
[0.330s] -- Detecting C compiler ABI info - done
[0.334s] -- Detecting C compile features
[0.533s] -- Detecting C compile features - done
[0.536s] -- Check for working CXX compiler: /usr/bin/c++
[0.619s] -- Check for working CXX compiler: /usr/bin/c++ -- works
[0.620s] -- Detecting CXX compiler ABI info
[0.694s] -- Detecting CXX compiler ABI info - done
[0.698s] -- Detecting CXX compile features
[1.058s] -- Detecting CXX compile features - done
[1.059s] -- Found ament_cmake: 0.7.4 (/home/nikhil/ros2_dashing/ros2-linux/share/ament_cmake/cmake)
[1.084s] -- Found PythonInterp: /usr/bin/python3 (found suitable version "3.6.9", minimum required is "3") 
[1.084s] -- Using PYTHON_EXECUTABLE: /usr/bin/python3
[1.360s] -- Configuring done
[1.363s] -- Generating done
[1.363s] -- Build files have been written to: /home/nikhil/nourish_ws/build/serial
[1.407s] [35m[1mScanning dependencies of target serial[0m
[1.419s] [ 25%] [32mBuilding CXX object CMakeFiles/serial.dir/src/impl/unix.cc.o[0m
[1.420s] [ 50%] [32mBuilding CXX object CMakeFiles/serial.dir/src/impl/list_ports/list_ports_linux.cc.o[0m
[1.421s] [ 75%] [32mBuilding CXX object CMakeFiles/serial.dir/src/serial.cc.o[0m
[1.854s] [100%] [32m[1mLinking CXX static library libserial.a[0m
[1.886s] [100%] Built target serial
[1.991s] [100%] Built target serial
[2.015s] [36mInstall the project...[0m
[2.022s] -- Install configuration: ""
[2.022s] -- Installing: /home/nikhil/nourish_ws/install/serial/share/serial/environment/library_path.sh
[2.023s] -- Installing: /home/nikhil/nourish_ws/install/serial/lib/libserial.a
[2.023s] -- Installing: /home/nikhil/nourish_ws/install/serial/include/serial/serial.h
[2.023s] -- Installing: /home/nikhil/nourish_ws/install/serial/include/serial/v8stdint.h
[2.023s] -- Installing: /home/nikhil/nourish_ws/install/serial/share/ament_index/resource_index/package_run_dependencies/serial
[2.023s] -- Installing: /home/nikhil/nourish_ws/install/serial/share/ament_index/resource_index/parent_prefix_path/serial
[2.023s] -- Installing: /home/nikhil/nourish_ws/install/serial/share/serial/environment/ament_prefix_path.sh
[2.024s] -- Installing: /home/nikhil/nourish_ws/install/serial/share/serial/environment/path.sh
[2.024s] -- Installing: /home/nikhil/nourish_ws/install/serial/share/serial/local_setup.bash
[2.024s] -- Installing: /home/nikhil/nourish_ws/install/serial/share/serial/local_setup.sh
[2.024s] -- Installing: /home/nikhil/nourish_ws/install/serial/share/serial/local_setup.zsh
[2.024s] -- Installing: /home/nikhil/nourish_ws/install/serial/share/ament_index/resource_index/packages/serial
[2.024s] -- Installing: /home/nikhil/nourish_ws/install/serial/share/serial/cmake/ament_cmake_export_include_directories-extras.cmake
[2.024s] -- Installing: /home/nikhil/nourish_ws/install/serial/share/serial/cmake/ament_cmake_export_libraries-extras.cmake
[2.024s] -- Installing: /home/nikhil/nourish_ws/install/serial/share/serial/cmake/serialConfig.cmake
[2.025s] -- Installing: /home/nikhil/nourish_ws/install/serial/share/serial/cmake/serialConfig-version.cmake
[2.025s] -- Installing: /home/nikhil/nourish_ws/install/serial/share/serial/package.xml
