[0.094s] [  1%] Built target juice_spout_msgs__cpp
[0.096s] [ 12%] Built target juice_spout_msgs__rosidl_generator_c
[0.145s] [ 23%] Built target juice_spout_msgs__rosidl_typesupport_introspection_cpp
[0.146s] [ 34%] Built target juice_spout_msgs__rosidl_typesupport_cpp
[0.148s] [ 45%] Built target juice_spout_msgs__rosidl_typesupport_fastrtps_cpp
[0.154s] [ 56%] Built target juice_spout_msgs__rosidl_typesupport_introspection_c
[0.159s] [ 67%] Built target juice_spout_msgs__rosidl_typesupport_c
[0.186s] [ 78%] Built target juice_spout_msgs__rosidl_typesupport_fastrtps_c
[0.208s] [ 78%] Built target juice_spout_msgs
[0.228s] [ 80%] Built target juice_spout_msgs__py
[0.259s] [ 89%] Built target juice_spout_msgs__python
[0.296s] [ 92%] Built target juice_spout_msgs__rosidl_typesupport_fastrtps_c__pyext
[0.296s] [ 96%] Built target juice_spout_msgs__rosidl_typesupport_c__pyext
[0.296s] [100%] Built target juice_spout_msgs__rosidl_typesupport_introspection_c__pyext
[0.501s] [  1%] Built target juice_spout_msgs__cpp
[0.508s] [ 12%] Built target juice_spout_msgs__rosidl_generator_c
[0.529s] [ 23%] Built target juice_spout_msgs__rosidl_typesupport_introspection_cpp
[0.530s] [ 34%] Built target juice_spout_msgs__rosidl_typesupport_cpp
[0.536s] [ 45%] Built target juice_spout_msgs__rosidl_typesupport_introspection_c
[0.541s] [ 56%] Built target juice_spout_msgs__rosidl_typesupport_fastrtps_cpp
[0.542s] [ 67%] Built target juice_spout_msgs__rosidl_typesupport_c
[0.574s] [ 78%] Built target juice_spout_msgs__rosidl_typesupport_fastrtps_c
[0.599s] [ 78%] Built target juice_spout_msgs
[0.626s] [ 80%] Built target juice_spout_msgs__py
[0.656s] [ 89%] Built target juice_spout_msgs__python
[0.686s] [ 92%] Built target juice_spout_msgs__rosidl_typesupport_fastrtps_c__pyext
[0.688s] [ 96%] Built target juice_spout_msgs__rosidl_typesupport_c__pyext
[0.695s] [100%] Built target juice_spout_msgs__rosidl_typesupport_introspection_c__pyext
[0.712s] [36mInstall the project...[0m
[0.724s] -- Install configuration: ""
[0.724s] -- Up-to-date: /home/nikhil/nourish_ws/install/juice_spout_msgs/share/ament_index/resource_index/rosidl_interfaces/juice_spout_msgs
[0.724s] -- Up-to-date: /home/nikhil/nourish_ws/install/juice_spout_msgs/include/juice_spout_msgs
[0.724s] -- Up-to-date: /home/nikhil/nourish_ws/install/juice_spout_msgs/include/juice_spout_msgs/action
[0.724s] -- Up-to-date: /home/nikhil/nourish_ws/install/juice_spout_msgs/include/juice_spout_msgs/action/run_action_recipe.hpp
[0.724s] -- Up-to-date: /home/nikhil/nourish_ws/install/juice_spout_msgs/include/juice_spout_msgs/action/run_action_recipe__struct.hpp
[0.724s] -- Up-to-date: /home/nikhil/nourish_ws/install/juice_spout_msgs/include/juice_spout_msgs/action/run_action_recipe__traits.hpp
[0.724s] -- Up-to-date: /home/nikhil/nourish_ws/install/juice_spout_msgs/include/juice_spout_msgs/msg
[0.724s] -- Up-to-date: /home/nikhil/nourish_ws/install/juice_spout_msgs/include/juice_spout_msgs/msg/spout_state__traits.hpp
[0.725s] -- Up-to-date: /home/nikhil/nourish_ws/install/juice_spout_msgs/include/juice_spout_msgs/msg/spout_state.hpp
[0.725s] -- Up-to-date: /home/nikhil/nourish_ws/install/juice_spout_msgs/include/juice_spout_msgs/msg/spout_state__struct.hpp
[0.725s] -- Up-to-date: /home/nikhil/nourish_ws/install/juice_spout_msgs/include/juice_spout_msgs/srv
[0.725s] -- Up-to-date: /home/nikhil/nourish_ws/install/juice_spout_msgs/include/juice_spout_msgs/srv/run_recipe__struct.hpp
[0.725s] -- Up-to-date: /home/nikhil/nourish_ws/install/juice_spout_msgs/include/juice_spout_msgs/srv/set_fill.hpp
[0.725s] -- Up-to-date: /home/nikhil/nourish_ws/install/juice_spout_msgs/include/juice_spout_msgs/srv/set_fill__traits.hpp
[0.725s] -- Up-to-date: /home/nikhil/nourish_ws/install/juice_spout_msgs/include/juice_spout_msgs/srv/run_recipe.hpp
[0.725s] -- Up-to-date: /home/nikhil/nourish_ws/install/juice_spout_msgs/include/juice_spout_msgs/srv/set_fill__struct.hpp
[0.725s] -- Up-to-date: /home/nikhil/nourish_ws/install/juice_spout_msgs/include/juice_spout_msgs/srv/run_recipe__traits.hpp
[0.726s] -- Up-to-date: /home/nikhil/nourish_ws/install/juice_spout_msgs/include/juice_spout_msgs
[0.726s] -- Up-to-date: /home/nikhil/nourish_ws/install/juice_spout_msgs/include/juice_spout_msgs/action
[0.727s] -- Up-to-date: /home/nikhil/nourish_ws/install/juice_spout_msgs/include/juice_spout_msgs/action/run_action_recipe.h
[0.728s] -- Up-to-date: /home/nikhil/nourish_ws/install/juice_spout_msgs/include/juice_spout_msgs/action/run_action_recipe__type_support.h
[0.728s] -- Up-to-date: /home/nikhil/nourish_ws/install/juice_spout_msgs/include/juice_spout_msgs/action/run_action_recipe__functions.c
[0.729s] -- Up-to-date: /home/nikhil/nourish_ws/install/juice_spout_msgs/include/juice_spout_msgs/action/run_action_recipe__functions.h
[0.729s] -- Up-to-date: /home/nikhil/nourish_ws/install/juice_spout_msgs/include/juice_spout_msgs/action/run_action_recipe__struct.h
[0.729s] -- Up-to-date: /home/nikhil/nourish_ws/install/juice_spout_msgs/include/juice_spout_msgs/msg
[0.729s] -- Up-to-date: /home/nikhil/nourish_ws/install/juice_spout_msgs/include/juice_spout_msgs/msg/spout_state__struct.h
[0.730s] -- Up-to-date: /home/nikhil/nourish_ws/install/juice_spout_msgs/include/juice_spout_msgs/msg/spout_state__type_support.h
[0.730s] -- Up-to-date: /home/nikhil/nourish_ws/install/juice_spout_msgs/include/juice_spout_msgs/msg/spout_state__functions.c
[0.730s] -- Up-to-date: /home/nikhil/nourish_ws/install/juice_spout_msgs/include/juice_spout_msgs/msg/rosidl_generator_c__visibility_control.h
[0.731s] -- Up-to-date: /home/nikhil/nourish_ws/install/juice_spout_msgs/include/juice_spout_msgs/msg/spout_state__functions.h
[0.731s] -- Up-to-date: /home/nikhil/nourish_ws/install/juice_spout_msgs/include/juice_spout_msgs/msg/spout_state.h
[0.731s] -- Up-to-date: /home/nikhil/nourish_ws/install/juice_spout_msgs/include/juice_spout_msgs/srv
[0.732s] -- Up-to-date: /home/nikhil/nourish_ws/install/juice_spout_msgs/include/juice_spout_msgs/srv/run_recipe.h
[0.733s] -- Up-to-date: /home/nikhil/nourish_ws/install/juice_spout_msgs/include/juice_spout_msgs/srv/set_fill__type_support.h
[0.733s] -- Up-to-date: /home/nikhil/nourish_ws/install/juice_spout_msgs/include/juice_spout_msgs/srv/run_recipe__functions.c
[0.733s] -- Up-to-date: /home/nikhil/nourish_ws/install/juice_spout_msgs/include/juice_spout_msgs/srv/set_fill__functions.c
[0.733s] -- Up-to-date: /home/nikhil/nourish_ws/install/juice_spout_msgs/include/juice_spout_msgs/srv/run_recipe__struct.h
[0.733s] -- Up-to-date: /home/nikhil/nourish_ws/install/juice_spout_msgs/include/juice_spout_msgs/srv/set_fill.h
[0.734s] -- Up-to-date: /home/nikhil/nourish_ws/install/juice_spout_msgs/include/juice_spout_msgs/srv/set_fill__struct.h
[0.735s] -- Up-to-date: /home/nikhil/nourish_ws/install/juice_spout_msgs/include/juice_spout_msgs/srv/run_recipe__type_support.h
[0.735s] -- Up-to-date: /home/nikhil/nourish_ws/install/juice_spout_msgs/include/juice_spout_msgs/srv/set_fill__functions.h
[0.735s] -- Up-to-date: /home/nikhil/nourish_ws/install/juice_spout_msgs/include/juice_spout_msgs/srv/run_recipe__functions.h
[0.735s] -- Up-to-date: /home/nikhil/nourish_ws/install/juice_spout_msgs/share/juice_spout_msgs/environment/library_path.sh
[0.735s] -- Up-to-date: /home/nikhil/nourish_ws/install/juice_spout_msgs/lib/libjuice_spout_msgs__rosidl_generator_c.so
[0.735s] -- Up-to-date: /home/nikhil/nourish_ws/install/juice_spout_msgs/lib/libjuice_spout_msgs__rosidl_typesupport_c.so
[0.736s] -- Up-to-date: /home/nikhil/nourish_ws/install/juice_spout_msgs/lib/libjuice_spout_msgs__rosidl_typesupport_cpp.so
[0.736s] -- Up-to-date: /home/nikhil/nourish_ws/install/juice_spout_msgs/include/juice_spout_msgs
[0.736s] -- Up-to-date: /home/nikhil/nourish_ws/install/juice_spout_msgs/include/juice_spout_msgs/action
[0.736s] -- Up-to-date: /home/nikhil/nourish_ws/install/juice_spout_msgs/include/juice_spout_msgs/action/run_action_recipe__rosidl_typesupport_introspection_c.h
[0.737s] -- Up-to-date: /home/nikhil/nourish_ws/install/juice_spout_msgs/include/juice_spout_msgs/action/run_action_recipe__type_support.c
[0.738s] -- Up-to-date: /home/nikhil/nourish_ws/install/juice_spout_msgs/include/juice_spout_msgs/msg
[0.738s] -- Up-to-date: /home/nikhil/nourish_ws/install/juice_spout_msgs/include/juice_spout_msgs/msg/spout_state__type_support.c
[0.739s] -- Up-to-date: /home/nikhil/nourish_ws/install/juice_spout_msgs/include/juice_spout_msgs/msg/rosidl_typesupport_introspection_c__visibility_control.h
[0.739s] -- Up-to-date: /home/nikhil/nourish_ws/install/juice_spout_msgs/include/juice_spout_msgs/msg/spout_state__rosidl_typesupport_introspection_c.h
[0.739s] -- Up-to-date: /home/nikhil/nourish_ws/install/juice_spout_msgs/include/juice_spout_msgs/srv
[0.739s] -- Up-to-date: /home/nikhil/nourish_ws/install/juice_spout_msgs/include/juice_spout_msgs/srv/run_recipe__rosidl_typesupport_introspection_c.h
[0.740s] -- Up-to-date: /home/nikhil/nourish_ws/install/juice_spout_msgs/include/juice_spout_msgs/srv/set_fill__type_support.c
[0.740s] -- Up-to-date: /home/nikhil/nourish_ws/install/juice_spout_msgs/include/juice_spout_msgs/srv/set_fill__rosidl_typesupport_introspection_c.h
[0.740s] -- Up-to-date: /home/nikhil/nourish_ws/install/juice_spout_msgs/include/juice_spout_msgs/srv/run_recipe__type_support.c
[0.740s] -- Up-to-date: /home/nikhil/nourish_ws/install/juice_spout_msgs/lib/libjuice_spout_msgs__rosidl_typesupport_introspection_c.so
[0.740s] -- Up-to-date: /home/nikhil/nourish_ws/install/juice_spout_msgs/include/juice_spout_msgs
[0.740s] -- Up-to-date: /home/nikhil/nourish_ws/install/juice_spout_msgs/include/juice_spout_msgs/action
[0.741s] -- Up-to-date: /home/nikhil/nourish_ws/install/juice_spout_msgs/include/juice_spout_msgs/action/run_action_recipe__rosidl_typesupport_introspection_cpp.hpp
[0.741s] -- Up-to-date: /home/nikhil/nourish_ws/install/juice_spout_msgs/include/juice_spout_msgs/action/run_action_recipe__type_support.cpp
[0.741s] -- Up-to-date: /home/nikhil/nourish_ws/install/juice_spout_msgs/include/juice_spout_msgs/msg
[0.741s] -- Up-to-date: /home/nikhil/nourish_ws/install/juice_spout_msgs/include/juice_spout_msgs/msg/spout_state__rosidl_typesupport_introspection_cpp.hpp
[0.743s] -- Up-to-date: /home/nikhil/nourish_ws/install/juice_spout_msgs/include/juice_spout_msgs/msg/spout_state__type_support.cpp
[0.744s] -- Up-to-date: /home/nikhil/nourish_ws/install/juice_spout_msgs/include/juice_spout_msgs/srv
[0.744s] -- Up-to-date: /home/nikhil/nourish_ws/install/juice_spout_msgs/include/juice_spout_msgs/srv/run_recipe__type_support.cpp
[0.744s] -- Up-to-date: /home/nikhil/nourish_ws/install/juice_spout_msgs/include/juice_spout_msgs/srv/set_fill__rosidl_typesupport_introspection_cpp.hpp
[0.745s] -- Up-to-date: /home/nikhil/nourish_ws/install/juice_spout_msgs/include/juice_spout_msgs/srv/run_recipe__rosidl_typesupport_introspection_cpp.hpp
[0.745s] -- Up-to-date: /home/nikhil/nourish_ws/install/juice_spout_msgs/include/juice_spout_msgs/srv/set_fill__type_support.cpp
[0.745s] -- Up-to-date: /home/nikhil/nourish_ws/install/juice_spout_msgs/lib/libjuice_spout_msgs__rosidl_typesupport_introspection_cpp.so
[0.745s] -- Up-to-date: /home/nikhil/nourish_ws/install/juice_spout_msgs/include/juice_spout_msgs
[0.745s] -- Up-to-date: /home/nikhil/nourish_ws/install/juice_spout_msgs/include/juice_spout_msgs/action
[0.745s] -- Up-to-date: /home/nikhil/nourish_ws/install/juice_spout_msgs/include/juice_spout_msgs/action/run_action_recipe__rosidl_typesupport_fastrtps_c.h
[0.745s] -- Up-to-date: /home/nikhil/nourish_ws/install/juice_spout_msgs/include/juice_spout_msgs/msg
[0.745s] -- Up-to-date: /home/nikhil/nourish_ws/install/juice_spout_msgs/include/juice_spout_msgs/msg/spout_state__rosidl_typesupport_fastrtps_c.h
[0.746s] -- Up-to-date: /home/nikhil/nourish_ws/install/juice_spout_msgs/include/juice_spout_msgs/msg/rosidl_typesupport_fastrtps_c__visibility_control.h
[0.746s] -- Up-to-date: /home/nikhil/nourish_ws/install/juice_spout_msgs/include/juice_spout_msgs/srv
[0.746s] -- Up-to-date: /home/nikhil/nourish_ws/install/juice_spout_msgs/include/juice_spout_msgs/srv/run_recipe__rosidl_typesupport_fastrtps_c.h
[0.746s] -- Up-to-date: /home/nikhil/nourish_ws/install/juice_spout_msgs/include/juice_spout_msgs/srv/set_fill__rosidl_typesupport_fastrtps_c.h
[0.746s] -- Up-to-date: /home/nikhil/nourish_ws/install/juice_spout_msgs/lib/libjuice_spout_msgs__rosidl_typesupport_fastrtps_c.so
[0.746s] -- Up-to-date: /home/nikhil/nourish_ws/install/juice_spout_msgs/include/juice_spout_msgs
[0.746s] -- Up-to-date: /home/nikhil/nourish_ws/install/juice_spout_msgs/include/juice_spout_msgs/action
[0.746s] -- Up-to-date: /home/nikhil/nourish_ws/install/juice_spout_msgs/include/juice_spout_msgs/action/run_action_recipe__rosidl_typesupport_fastrtps_cpp.hpp
[0.746s] -- Up-to-date: /home/nikhil/nourish_ws/install/juice_spout_msgs/include/juice_spout_msgs/action/dds_fastrtps
[0.746s] -- Up-to-date: /home/nikhil/nourish_ws/install/juice_spout_msgs/include/juice_spout_msgs/msg
[0.747s] -- Up-to-date: /home/nikhil/nourish_ws/install/juice_spout_msgs/include/juice_spout_msgs/msg/dds_fastrtps
[0.747s] -- Up-to-date: /home/nikhil/nourish_ws/install/juice_spout_msgs/include/juice_spout_msgs/msg/rosidl_typesupport_fastrtps_cpp__visibility_control.h
[0.747s] -- Up-to-date: /home/nikhil/nourish_ws/install/juice_spout_msgs/include/juice_spout_msgs/msg/spout_state__rosidl_typesupport_fastrtps_cpp.hpp
[0.747s] -- Up-to-date: /home/nikhil/nourish_ws/install/juice_spout_msgs/include/juice_spout_msgs/srv
[0.747s] -- Up-to-date: /home/nikhil/nourish_ws/install/juice_spout_msgs/include/juice_spout_msgs/srv/run_recipe__rosidl_typesupport_fastrtps_cpp.hpp
[0.747s] -- Up-to-date: /home/nikhil/nourish_ws/install/juice_spout_msgs/include/juice_spout_msgs/srv/set_fill__rosidl_typesupport_fastrtps_cpp.hpp
[0.747s] -- Up-to-date: /home/nikhil/nourish_ws/install/juice_spout_msgs/include/juice_spout_msgs/srv/dds_fastrtps
[0.747s] -- Up-to-date: /home/nikhil/nourish_ws/install/juice_spout_msgs/lib/libjuice_spout_msgs__rosidl_typesupport_fastrtps_cpp.so
[0.748s] -- Up-to-date: /home/nikhil/nourish_ws/install/juice_spout_msgs/share/juice_spout_msgs/environment/pythonpath.sh
[0.748s] -- Up-to-date: /home/nikhil/nourish_ws/install/juice_spout_msgs/lib/python3.6/site-packages/juice_spout_msgs/__init__.py
[0.777s] -- Up-to-date: /home/nikhil/nourish_ws/install/juice_spout_msgs/lib/python3.6/site-packages/juice_spout_msgs/srv
[0.778s] -- Up-to-date: /home/nikhil/nourish_ws/install/juice_spout_msgs/lib/python3.6/site-packages/juice_spout_msgs/srv/_run_recipe.py
[0.779s] -- Up-to-date: /home/nikhil/nourish_ws/install/juice_spout_msgs/lib/python3.6/site-packages/juice_spout_msgs/srv/__init__.py
[0.780s] -- Up-to-date: /home/nikhil/nourish_ws/install/juice_spout_msgs/lib/python3.6/site-packages/juice_spout_msgs/srv/_set_fill.py
[0.780s] -- Up-to-date: /home/nikhil/nourish_ws/install/juice_spout_msgs/lib/python3.6/site-packages/juice_spout_msgs/srv/_run_recipe_s.c
[0.781s] -- Up-to-date: /home/nikhil/nourish_ws/install/juice_spout_msgs/lib/python3.6/site-packages/juice_spout_msgs/srv/_set_fill_s.c
[0.781s] -- Up-to-date: /home/nikhil/nourish_ws/install/juice_spout_msgs/lib/python3.6/site-packages/juice_spout_msgs/action
[0.781s] -- Up-to-date: /home/nikhil/nourish_ws/install/juice_spout_msgs/lib/python3.6/site-packages/juice_spout_msgs/action/_run_action_recipe_s.c
[0.781s] -- Up-to-date: /home/nikhil/nourish_ws/install/juice_spout_msgs/lib/python3.6/site-packages/juice_spout_msgs/action/__init__.py
[0.782s] -- Up-to-date: /home/nikhil/nourish_ws/install/juice_spout_msgs/lib/python3.6/site-packages/juice_spout_msgs/action/_run_action_recipe.py
[0.784s] -- Up-to-date: /home/nikhil/nourish_ws/install/juice_spout_msgs/lib/python3.6/site-packages/juice_spout_msgs/msg
[0.784s] -- Up-to-date: /home/nikhil/nourish_ws/install/juice_spout_msgs/lib/python3.6/site-packages/juice_spout_msgs/msg/_spout_state.py
[0.784s] -- Up-to-date: /home/nikhil/nourish_ws/install/juice_spout_msgs/lib/python3.6/site-packages/juice_spout_msgs/msg/_spout_state_s.c
[0.784s] -- Up-to-date: /home/nikhil/nourish_ws/install/juice_spout_msgs/lib/python3.6/site-packages/juice_spout_msgs/msg/__init__.py
[0.784s] -- Up-to-date: /home/nikhil/nourish_ws/install/juice_spout_msgs/lib/python3.6/site-packages/juice_spout_msgs/juice_spout_msgs_s__rosidl_typesupport_c.cpython-36m-x86_64-linux-gnu.so
[0.785s] -- Up-to-date: /home/nikhil/nourish_ws/install/juice_spout_msgs/lib/python3.6/site-packages/juice_spout_msgs/juice_spout_msgs_s__rosidl_typesupport_introspection_c.cpython-36m-x86_64-linux-gnu.so
[0.785s] -- Up-to-date: /home/nikhil/nourish_ws/install/juice_spout_msgs/lib/python3.6/site-packages/juice_spout_msgs/juice_spout_msgs_s__rosidl_typesupport_fastrtps_c.cpython-36m-x86_64-linux-gnu.so
[0.785s] -- Up-to-date: /home/nikhil/nourish_ws/install/juice_spout_msgs/lib/libjuice_spout_msgs__python.so
[0.786s] -- Up-to-date: /home/nikhil/nourish_ws/install/juice_spout_msgs/share/juice_spout_msgs/srv/RunRecipe.idl
[0.786s] -- Up-to-date: /home/nikhil/nourish_ws/install/juice_spout_msgs/share/juice_spout_msgs/srv/SetFill.idl
[0.786s] -- Up-to-date: /home/nikhil/nourish_ws/install/juice_spout_msgs/share/juice_spout_msgs/action/RunActionRecipe.idl
[0.786s] -- Up-to-date: /home/nikhil/nourish_ws/install/juice_spout_msgs/share/juice_spout_msgs/msg/SpoutState.idl
[0.787s] -- Up-to-date: /home/nikhil/nourish_ws/install/juice_spout_msgs/share/juice_spout_msgs/srv/RunRecipe.srv
[0.788s] -- Up-to-date: /home/nikhil/nourish_ws/install/juice_spout_msgs/share/juice_spout_msgs/srv/RunRecipe_Request.msg
[0.791s] -- Up-to-date: /home/nikhil/nourish_ws/install/juice_spout_msgs/share/juice_spout_msgs/srv/RunRecipe_Response.msg
[0.791s] -- Up-to-date: /home/nikhil/nourish_ws/install/juice_spout_msgs/share/juice_spout_msgs/srv/SetFill.srv
[0.792s] -- Up-to-date: /home/nikhil/nourish_ws/install/juice_spout_msgs/share/juice_spout_msgs/srv/SetFill_Request.msg
[0.792s] -- Up-to-date: /home/nikhil/nourish_ws/install/juice_spout_msgs/share/juice_spout_msgs/srv/SetFill_Response.msg
[0.792s] -- Up-to-date: /home/nikhil/nourish_ws/install/juice_spout_msgs/share/juice_spout_msgs/action/RunActionRecipe.action
[0.792s] -- Up-to-date: /home/nikhil/nourish_ws/install/juice_spout_msgs/share/juice_spout_msgs/msg/SpoutState.msg
[0.792s] -- Up-to-date: /home/nikhil/nourish_ws/install/juice_spout_msgs/share/ament_index/resource_index/package_run_dependencies/juice_spout_msgs
[0.792s] -- Up-to-date: /home/nikhil/nourish_ws/install/juice_spout_msgs/share/ament_index/resource_index/parent_prefix_path/juice_spout_msgs
[0.792s] -- Up-to-date: /home/nikhil/nourish_ws/install/juice_spout_msgs/share/juice_spout_msgs/environment/ament_prefix_path.sh
[0.793s] -- Up-to-date: /home/nikhil/nourish_ws/install/juice_spout_msgs/share/juice_spout_msgs/environment/path.sh
[0.793s] -- Up-to-date: /home/nikhil/nourish_ws/install/juice_spout_msgs/share/juice_spout_msgs/local_setup.bash
[0.793s] -- Up-to-date: /home/nikhil/nourish_ws/install/juice_spout_msgs/share/juice_spout_msgs/local_setup.sh
[0.793s] -- Up-to-date: /home/nikhil/nourish_ws/install/juice_spout_msgs/share/juice_spout_msgs/local_setup.zsh
[0.793s] -- Up-to-date: /home/nikhil/nourish_ws/install/juice_spout_msgs/share/ament_index/resource_index/packages/juice_spout_msgs
[0.793s] -- Up-to-date: /home/nikhil/nourish_ws/install/juice_spout_msgs/share/juice_spout_msgs/cmake/rosidl_cmake-extras.cmake
[0.793s] -- Up-to-date: /home/nikhil/nourish_ws/install/juice_spout_msgs/share/juice_spout_msgs/cmake/ament_cmake_export_dependencies-extras.cmake
[0.794s] -- Up-to-date: /home/nikhil/nourish_ws/install/juice_spout_msgs/share/juice_spout_msgs/cmake/ament_cmake_export_include_directories-extras.cmake
[0.794s] -- Up-to-date: /home/nikhil/nourish_ws/install/juice_spout_msgs/share/juice_spout_msgs/cmake/ament_cmake_export_libraries-extras.cmake
[0.794s] -- Up-to-date: /home/nikhil/nourish_ws/install/juice_spout_msgs/share/juice_spout_msgs/cmake/juice_spout_msgsConfig.cmake
[0.794s] -- Up-to-date: /home/nikhil/nourish_ws/install/juice_spout_msgs/share/juice_spout_msgs/cmake/juice_spout_msgsConfig-version.cmake
[0.794s] -- Up-to-date: /home/nikhil/nourish_ws/install/juice_spout_msgs/share/juice_spout_msgs/package.xml
