[0.592s] Invoking command in '/home/nikhil/nourish_ws/build/vision_opencv': AMENT_PREFIX_PATH=/home/nikhil/nourish_ws/install/image_geometry:/home/nikhil/nourish_ws/install/cv_bridge:${AMENT_PREFIX_PATH} CMAKE_PREFIX_PATH=/home/nikhil/nourish_ws/install/image_geometry:/home/nikhil/nourish_ws/install/cv_bridge:${CMAKE_PREFIX_PATH} LD_LIBRARY_PATH=/home/nikhil/nourish_ws/install/image_geometry/lib:/home/nikhil/nourish_ws/install/cv_bridge/lib:${LD_LIBRARY_PATH} PYTHONPATH=/home/nikhil/nourish_ws/install/image_geometry/lib/python3.6/site-packages:/home/nikhil/nourish_ws/install/cv_bridge/lib/python3.6/site-packages:${PYTHONPATH} /usr/bin/cmake /home/nikhil/nourish_ws/src/ros-perception/vision_opencv/vision_opencv -DCMAKE_INSTALL_PREFIX=/home/nikhil/nourish_ws/install/vision_opencv
[0.704s] -- The C compiler identification is GNU 7.5.0
[0.824s] -- The CXX compiler identification is GNU 7.5.0
[0.830s] -- Check for working C compiler: /usr/bin/cc
[0.950s] -- Check for working C compiler: /usr/bin/cc -- works
[0.950s] -- Detecting C compiler ABI info
[1.053s] -- Detecting C compiler ABI info - done
[1.061s] -- Detecting C compile features
[1.382s] -- Detecting C compile features - done
[1.386s] -- Check for working CXX compiler: /usr/bin/c++
[1.503s] -- Check for working CXX compiler: /usr/bin/c++ -- works
[1.504s] -- Detecting CXX compiler ABI info
[1.631s] -- Detecting CXX compiler ABI info - done
[1.639s] -- Detecting CXX compile features
[2.128s] -- Detecting CXX compile features - done
[2.133s] -- Found ament_cmake: 0.7.4 (/home/nikhil/ros2_dashing/ros2-linux/share/ament_cmake/cmake)
[2.170s] -- Found PythonInterp: /usr/bin/python3 (found suitable version "3.6.9", minimum required is "3") 
[2.170s] -- Using PYTHON_EXECUTABLE: /usr/bin/python3
[2.685s] -- Configuring done
[2.688s] -- Generating done
[2.689s] -- Build files have been written to: /home/nikhil/nourish_ws/build/vision_opencv
[2.693s] Invoked command in '/home/nikhil/nourish_ws/build/vision_opencv' returned '0': AMENT_PREFIX_PATH=/home/nikhil/nourish_ws/install/image_geometry:/home/nikhil/nourish_ws/install/cv_bridge:${AMENT_PREFIX_PATH} CMAKE_PREFIX_PATH=/home/nikhil/nourish_ws/install/image_geometry:/home/nikhil/nourish_ws/install/cv_bridge:${CMAKE_PREFIX_PATH} LD_LIBRARY_PATH=/home/nikhil/nourish_ws/install/image_geometry/lib:/home/nikhil/nourish_ws/install/cv_bridge/lib:${LD_LIBRARY_PATH} PYTHONPATH=/home/nikhil/nourish_ws/install/image_geometry/lib/python3.6/site-packages:/home/nikhil/nourish_ws/install/cv_bridge/lib/python3.6/site-packages:${PYTHONPATH} /usr/bin/cmake /home/nikhil/nourish_ws/src/ros-perception/vision_opencv/vision_opencv -DCMAKE_INSTALL_PREFIX=/home/nikhil/nourish_ws/install/vision_opencv
[2.694s] Invoking command in '/home/nikhil/nourish_ws/build/vision_opencv': AMENT_PREFIX_PATH=/home/nikhil/nourish_ws/install/image_geometry:/home/nikhil/nourish_ws/install/cv_bridge:${AMENT_PREFIX_PATH} CMAKE_PREFIX_PATH=/home/nikhil/nourish_ws/install/image_geometry:/home/nikhil/nourish_ws/install/cv_bridge:${CMAKE_PREFIX_PATH} LD_LIBRARY_PATH=/home/nikhil/nourish_ws/install/image_geometry/lib:/home/nikhil/nourish_ws/install/cv_bridge/lib:${LD_LIBRARY_PATH} PYTHONPATH=/home/nikhil/nourish_ws/install/image_geometry/lib/python3.6/site-packages:/home/nikhil/nourish_ws/install/cv_bridge/lib/python3.6/site-packages:${PYTHONPATH} /usr/bin/cmake --build /home/nikhil/nourish_ws/build/vision_opencv -- -j12 -l12
[2.760s] Invoked command in '/home/nikhil/nourish_ws/build/vision_opencv' returned '0': AMENT_PREFIX_PATH=/home/nikhil/nourish_ws/install/image_geometry:/home/nikhil/nourish_ws/install/cv_bridge:${AMENT_PREFIX_PATH} CMAKE_PREFIX_PATH=/home/nikhil/nourish_ws/install/image_geometry:/home/nikhil/nourish_ws/install/cv_bridge:${CMAKE_PREFIX_PATH} LD_LIBRARY_PATH=/home/nikhil/nourish_ws/install/image_geometry/lib:/home/nikhil/nourish_ws/install/cv_bridge/lib:${LD_LIBRARY_PATH} PYTHONPATH=/home/nikhil/nourish_ws/install/image_geometry/lib/python3.6/site-packages:/home/nikhil/nourish_ws/install/cv_bridge/lib/python3.6/site-packages:${PYTHONPATH} /usr/bin/cmake --build /home/nikhil/nourish_ws/build/vision_opencv -- -j12 -l12
[2.792s] Invoking command in '/home/nikhil/nourish_ws/build/vision_opencv': AMENT_PREFIX_PATH=/home/nikhil/nourish_ws/install/image_geometry:/home/nikhil/nourish_ws/install/cv_bridge:${AMENT_PREFIX_PATH} CMAKE_PREFIX_PATH=/home/nikhil/nourish_ws/install/image_geometry:/home/nikhil/nourish_ws/install/cv_bridge:${CMAKE_PREFIX_PATH} LD_LIBRARY_PATH=/home/nikhil/nourish_ws/install/image_geometry/lib:/home/nikhil/nourish_ws/install/cv_bridge/lib:${LD_LIBRARY_PATH} PYTHONPATH=/home/nikhil/nourish_ws/install/image_geometry/lib/python3.6/site-packages:/home/nikhil/nourish_ws/install/cv_bridge/lib/python3.6/site-packages:${PYTHONPATH} /usr/bin/cmake --build /home/nikhil/nourish_ws/build/vision_opencv --target install -- -j12 -l12
[2.874s] [36mInstall the project...[0m
[2.889s] -- Install configuration: ""
[2.890s] -- Installing: /home/nikhil/nourish_ws/install/vision_opencv/share/ament_index/resource_index/package_run_dependencies/vision_opencv
[2.890s] -- Installing: /home/nikhil/nourish_ws/install/vision_opencv/share/ament_index/resource_index/parent_prefix_path/vision_opencv
[2.890s] -- Installing: /home/nikhil/nourish_ws/install/vision_opencv/share/vision_opencv/environment/ament_prefix_path.sh
[2.890s] -- Installing: /home/nikhil/nourish_ws/install/vision_opencv/share/vision_opencv/environment/path.sh
[2.890s] -- Installing: /home/nikhil/nourish_ws/install/vision_opencv/share/vision_opencv/local_setup.bash
[2.891s] -- Installing: /home/nikhil/nourish_ws/install/vision_opencv/share/vision_opencv/local_setup.sh
[2.891s] -- Installing: /home/nikhil/nourish_ws/install/vision_opencv/share/vision_opencv/local_setup.zsh
[2.891s] -- Installing: /home/nikhil/nourish_ws/install/vision_opencv/share/ament_index/resource_index/packages/vision_opencv
[2.891s] -- Installing: /home/nikhil/nourish_ws/install/vision_opencv/share/vision_opencv/cmake/vision_opencvConfig.cmake
[2.891s] -- Installing: /home/nikhil/nourish_ws/install/vision_opencv/share/vision_opencv/cmake/vision_opencvConfig-version.cmake
[2.892s] -- Installing: /home/nikhil/nourish_ws/install/vision_opencv/share/vision_opencv/package.xml
[2.897s] Invoked command in '/home/nikhil/nourish_ws/build/vision_opencv' returned '0': AMENT_PREFIX_PATH=/home/nikhil/nourish_ws/install/image_geometry:/home/nikhil/nourish_ws/install/cv_bridge:${AMENT_PREFIX_PATH} CMAKE_PREFIX_PATH=/home/nikhil/nourish_ws/install/image_geometry:/home/nikhil/nourish_ws/install/cv_bridge:${CMAKE_PREFIX_PATH} LD_LIBRARY_PATH=/home/nikhil/nourish_ws/install/image_geometry/lib:/home/nikhil/nourish_ws/install/cv_bridge/lib:${LD_LIBRARY_PATH} PYTHONPATH=/home/nikhil/nourish_ws/install/image_geometry/lib/python3.6/site-packages:/home/nikhil/nourish_ws/install/cv_bridge/lib/python3.6/site-packages:${PYTHONPATH} /usr/bin/cmake --build /home/nikhil/nourish_ws/build/vision_opencv --target install -- -j12 -l12
