[0.052s] Invoking command in '/home/nikhil/nourish_ws/build/dcb_gazebo': AMENT_PREFIX_PATH=/home/nikhil/nourish_ws/install/gazebo_ros_pkgs:/home/nikhil/nourish_ws/install/gazebo_plugins:/home/nikhil/nourish_ws/install/gazebo_ros:/home/nikhil/nourish_ws/install/camera_info_manager:/home/nikhil/nourish_ws/install/image_transport:/home/nikhil/nourish_ws/install/gazebo_msgs:/home/nikhil/nourish_ws/install/gazebo_dev:/home/nikhil/nourish_ws/install/cv_bridge:/home/nikhil/nourish_ws/install/camera_calibration_parsers:${AMENT_PREFIX_PATH} CMAKE_PREFIX_PATH=/home/nikhil/nourish_ws/install/gazebo_ros_pkgs:/home/nikhil/nourish_ws/install/gazebo_plugins:/home/nikhil/nourish_ws/install/juice_spout:/home/nikhil/nourish_ws/install/gazebo_ros:/home/nikhil/nourish_ws/install/camera_info_manager:/home/nikhil/nourish_ws/install/juice_spout_msgs:/home/nikhil/nourish_ws/install/juice_dcb_msgs:/home/nikhil/nourish_ws/install/image_transport:/home/nikhil/nourish_ws/install/gazebo_msgs:/home/nikhil/nourish_ws/install/gazebo_dev:/home/nikhil/nourish_ws/install/cv_bridge:/home/nikhil/nourish_ws/install/camera_calibration_parsers:/home/nikhil/nourish_ws/install/nourish_scale:/home/nikhil/nourish_ws/install/juice_dcb:/home/nikhil/nourish_ws/install/nourish_dcb:/home/nikhil/nourish_ws/install/serial:/home/nikhil/nourish_ws/install/nourish_scale_msgs:/home/nikhil/nourish_ws/install/nourish_robot_arm_msgs:/home/nikhil/nourish_ws/install/dcb_gazebo:/home/nikhil/ros2_dashing/ros2-linux LD_LIBRARY_PATH=/usr/lib/x86_64-linux-gnu/gazebo-9/plugins:/home/nikhil/nourish_ws/install/gazebo_plugins/lib:/home/nikhil/nourish_ws/install/gazebo_ros/lib:/home/nikhil/nourish_ws/install/camera_info_manager/lib:/home/nikhil/nourish_ws/install/juice_spout_msgs/lib:/home/nikhil/nourish_ws/install/juice_dcb_msgs/lib:/home/nikhil/nourish_ws/install/image_transport/lib:/home/nikhil/nourish_ws/install/gazebo_msgs/lib:/home/nikhil/nourish_ws/install/cv_bridge/lib:/home/nikhil/nourish_ws/install/camera_calibration_parsers/lib:/home/nikhil/nourish_ws/install/nourish_dcb/lib:/home/nikhil/nourish_ws/install/serial/lib:/home/nikhil/nourish_ws/install/nourish_scale_msgs/lib:/home/nikhil/nourish_ws/install/nourish_robot_arm_msgs/lib:/home/nikhil/ros2_dashing/ros2-linux/opt/yaml_cpp_vendor/lib:/home/nikhil/ros2_dashing/ros2-linux/opt/rviz_ogre_vendor/lib:/usr/lib:/home/nikhil/ros2_dashing/ros2-linux/lib:/usr/local/lib PYTHONPATH=/home/nikhil/nourish_ws/install/gazebo_ros/lib/python3.6/site-packages:/home/nikhil/nourish_ws/install/juice_spout_msgs/lib/python3.6/site-packages:/home/nikhil/nourish_ws/install/juice_dcb_msgs/lib/python3.6/site-packages:/home/nikhil/nourish_ws/install/gazebo_msgs/lib/python3.6/site-packages:/home/nikhil/nourish_ws/install/cv_bridge/lib/python3.6/site-packages:/home/nikhil/nourish_ws/install/nourish_scale_msgs/lib/python3.6/site-packages:/home/nikhil/nourish_ws/install/nourish_robot_arm_msgs/lib/python3.6/site-packages:/home/nikhil/ros2_dashing/ros2-linux/lib/python3.6/site-packages /usr/bin/cmake --build /home/nikhil/nourish_ws/build/dcb_gazebo -- -j12 -l12
[0.092s] -- Found ament_cmake: 0.7.4 (/home/nikhil/ros2_dashing/ros2-linux/share/ament_cmake/cmake)
[0.132s] -- Using PYTHON_EXECUTABLE: /usr/bin/python3
[0.307s] -- Found ament_lint_auto: 0.7.11 (/home/nikhil/ros2_dashing/ros2-linux/share/ament_lint_auto/cmake)
[0.377s] -- Added test 'copyright' to check for copyright in CMake / C / C++ / Python code
[0.388s] -- Added test 'cppcheck' to perform static code analysis on C / C++ code
[0.388s] -- Configured cppcheck include dirs: 
[0.400s] -- Added test 'cpplint' to check C / C++ code against the Google style
[0.401s] -- Added test 'flake8' to check Python code syntax and style conventions
[0.404s] -- Added test 'lint_cmake' to check CMake code style
[0.406s] -- Added test 'pep257' to check Python code against some of the style conventions in PEP 257
[0.418s] -- Added test 'uncrustify' to check C / C++ code style
[0.419s] -- Added test 'xmllint' to check XML markup files
[0.420s] -- Found camera_info_manager: 2.1.1 (/home/nikhil/nourish_ws/install/camera_info_manager/share/camera_info_manager/cmake)
[0.421s] -- Found gazebo_dev: 3.3.4 (/home/nikhil/nourish_ws/install/gazebo_dev/share/gazebo_dev/cmake)
[0.455s] -- Boost version: 1.65.1
[0.455s] -- Found the following Boost libraries:
[0.455s] --   thread
[0.455s] --   system
[0.455s] --   filesystem
[0.455s] --   program_options
[0.456s] --   regex
[0.456s] --   iostreams
[0.456s] --   date_time
[0.456s] --   chrono
[0.456s] --   atomic
[0.461s] -- Found Protobuf: /usr/lib/x86_64-linux-gnu/libprotobuf.so;-lpthread (found version "3.0.0") 
[0.476s] -- Boost version: 1.65.1
[0.477s] -- Looking for OGRE...
[0.481s] -- Found Ogre Ghadamon (1.9.0)
[0.482s] -- Found OGRE: optimized;/usr/lib/x86_64-linux-gnu/libOgreMain.so;debug;/usr/lib/x86_64-linux-gnu/libOgreMain.so
[0.515s] -- Looking for OGRE_Paging...
[0.515s] -- Found OGRE_Paging: optimized;/usr/lib/x86_64-linux-gnu/libOgrePaging.so;debug;/usr/lib/x86_64-linux-gnu/libOgrePaging.so
[0.516s] -- Looking for OGRE_Terrain...
[0.516s] -- Found OGRE_Terrain: optimized;/usr/lib/x86_64-linux-gnu/libOgreTerrain.so;debug;/usr/lib/x86_64-linux-gnu/libOgreTerrain.so
[0.516s] -- Looking for OGRE_Property...
[0.516s] -- Found OGRE_Property: optimized;/usr/lib/x86_64-linux-gnu/libOgreProperty.so;debug;/usr/lib/x86_64-linux-gnu/libOgreProperty.so
[0.516s] -- Looking for OGRE_RTShaderSystem...
[0.516s] -- Found OGRE_RTShaderSystem: optimized;/usr/lib/x86_64-linux-gnu/libOgreRTShaderSystem.so;debug;/usr/lib/x86_64-linux-gnu/libOgreRTShaderSystem.so
[0.516s] -- Looking for OGRE_Volume...
[0.516s] -- Found OGRE_Volume: optimized;/usr/lib/x86_64-linux-gnu/libOgreVolume.so;debug;/usr/lib/x86_64-linux-gnu/libOgreVolume.so
[0.516s] -- Looking for OGRE_Overlay...
[0.516s] -- Found OGRE_Overlay: optimized;/usr/lib/x86_64-linux-gnu/libOgreOverlay.so;debug;/usr/lib/x86_64-linux-gnu/libOgreOverlay.so
[0.629s] -- Found Protobuf: /usr/lib/x86_64-linux-gnu/libprotobuf.so;-lpthread;-lpthread (found suitable version "3.0.0", minimum required is "2.3.0") 
[0.637s] -- Config-file not installed for ZeroMQ -- checking for pkg-config
[0.640s] -- Checking for module 'libzmq >= 4'
[0.651s] --   Found libzmq , version 4.3.3
[0.684s] -- Checking for module 'uuid'
[0.695s] --   Found uuid, version 2.31.1
[0.734s] -- Checking for module 'tinyxml2'
[0.747s] --   Found tinyxml2, version 6.0.0
[0.802s] -- Looking for dlfcn.h - found
[0.802s] -- Looking for libdl - found
[0.806s] -- FreeImage.pc not found, we will search for FreeImage_INCLUDE_DIRS and FreeImage_LIBRARIES
[0.946s] -- Checking for module 'gts'
[0.962s] --   Found gts, version 0.7.6
[1.055s] -- Checking for module 'libswscale'
[1.074s] --   Found libswscale, version 4.8.100
[1.112s] -- Checking for module 'libavdevice >= 56.4.100'
[1.128s] --   Found libavdevice , version 57.10.100
[1.224s] -- Checking for module 'libavformat'
[1.257s] --   Found libavformat, version 57.83.100
[1.365s] -- Checking for module 'libavcodec'
[1.397s] --   Found libavcodec, version 57.107.100
[1.499s] -- Checking for module 'libavutil'
[1.529s] --   Found libavutil, version 55.78.100
[1.644s] -- Checking for module 'jsoncpp'
[1.678s] --   Found jsoncpp, version 1.7.4
[1.741s] -- Checking for module 'libzip'
[1.761s] --   Found libzip, version 1.1.2
[1.831s] -- Gazebo version: 9.13
[1.832s] -- Found gazebo_msgs: 3.3.4 (/home/nikhil/nourish_ws/install/gazebo_msgs/share/gazebo_msgs/cmake)
[1.853s] -- Found rosidl_adapter: 0.7.9 (/home/nikhil/ros2_dashing/ros2-linux/share/rosidl_adapter/cmake)
[1.916s] -- Found gazebo_ros: 3.3.4 (/home/nikhil/nourish_ws/install/gazebo_ros/share/gazebo_ros/cmake)
[1.925s] -- Found rmw_implementation_cmake: 0.7.2 (/home/nikhil/ros2_dashing/ros2-linux/share/rmw_implementation_cmake/cmake)
[1.927s] -- Using RMW implementation 'rmw_fastrtps_cpp' as default
[1.959s] -- Found image_transport: 2.1.1 (/home/nikhil/nourish_ws/install/image_transport/share/image_transport/cmake)
[1.984s] -- Found tinyxml2_vendor:  (/home/nikhil/ros2_dashing/ros2-linux/share/tinyxml2_vendor/cmake)
[1.994s] -- Found poco_vendor:  (/home/nikhil/ros2_dashing/ros2-linux/share/poco_vendor/cmake)
[1.999s] -- Found cv_bridge: 2.1.4 (/home/nikhil/nourish_ws/install/cv_bridge/share/cv_bridge/cmake)
[2.010s] -- Found nav_msgs: 0.7.0 (/home/nikhil/ros2_dashing/ros2-linux/share/nav_msgs/cmake)
[2.019s] -- Found std_srvs: 0.7.0 (/home/nikhil/ros2_dashing/ros2-linux/share/std_srvs/cmake)
[2.022s] -- Found tf2: 0.11.6 (/home/nikhil/ros2_dashing/ros2-linux/share/tf2/cmake)
[2.024s] -- Found tf2_geometry_msgs: 0.11.6 (/home/nikhil/ros2_dashing/ros2-linux/share/tf2_geometry_msgs/cmake)
[2.080s] CMake Error at /home/nikhil/ros2_dashing/ros2-linux/share/ament_cmake_export_include_directories/cmake/ament_export_include_directories.cmake:30 (message):
[2.080s]   ament_export_include_directories() must be called before ament_package()
[2.080s] Call Stack (most recent call first):
[2.080s]   CMakeLists.txt:77 (ament_export_include_directories)
[2.081s] 
[2.081s] 
[2.082s] -- Configuring incomplete, errors occurred!
[2.082s] See also "/home/nikhil/nourish_ws/build/dcb_gazebo/CMakeFiles/CMakeOutput.log".
[2.082s] See also "/home/nikhil/nourish_ws/build/dcb_gazebo/CMakeFiles/CMakeError.log".
[2.086s] Makefile:208: recipe for target 'cmake_check_build_system' failed
[2.086s] make: *** [cmake_check_build_system] Error 1
[2.088s] Invoked command in '/home/nikhil/nourish_ws/build/dcb_gazebo' returned '2': AMENT_PREFIX_PATH=/home/nikhil/nourish_ws/install/gazebo_ros_pkgs:/home/nikhil/nourish_ws/install/gazebo_plugins:/home/nikhil/nourish_ws/install/gazebo_ros:/home/nikhil/nourish_ws/install/camera_info_manager:/home/nikhil/nourish_ws/install/image_transport:/home/nikhil/nourish_ws/install/gazebo_msgs:/home/nikhil/nourish_ws/install/gazebo_dev:/home/nikhil/nourish_ws/install/cv_bridge:/home/nikhil/nourish_ws/install/camera_calibration_parsers:${AMENT_PREFIX_PATH} CMAKE_PREFIX_PATH=/home/nikhil/nourish_ws/install/gazebo_ros_pkgs:/home/nikhil/nourish_ws/install/gazebo_plugins:/home/nikhil/nourish_ws/install/juice_spout:/home/nikhil/nourish_ws/install/gazebo_ros:/home/nikhil/nourish_ws/install/camera_info_manager:/home/nikhil/nourish_ws/install/juice_spout_msgs:/home/nikhil/nourish_ws/install/juice_dcb_msgs:/home/nikhil/nourish_ws/install/image_transport:/home/nikhil/nourish_ws/install/gazebo_msgs:/home/nikhil/nourish_ws/install/gazebo_dev:/home/nikhil/nourish_ws/install/cv_bridge:/home/nikhil/nourish_ws/install/camera_calibration_parsers:/home/nikhil/nourish_ws/install/nourish_scale:/home/nikhil/nourish_ws/install/juice_dcb:/home/nikhil/nourish_ws/install/nourish_dcb:/home/nikhil/nourish_ws/install/serial:/home/nikhil/nourish_ws/install/nourish_scale_msgs:/home/nikhil/nourish_ws/install/nourish_robot_arm_msgs:/home/nikhil/nourish_ws/install/dcb_gazebo:/home/nikhil/ros2_dashing/ros2-linux LD_LIBRARY_PATH=/usr/lib/x86_64-linux-gnu/gazebo-9/plugins:/home/nikhil/nourish_ws/install/gazebo_plugins/lib:/home/nikhil/nourish_ws/install/gazebo_ros/lib:/home/nikhil/nourish_ws/install/camera_info_manager/lib:/home/nikhil/nourish_ws/install/juice_spout_msgs/lib:/home/nikhil/nourish_ws/install/juice_dcb_msgs/lib:/home/nikhil/nourish_ws/install/image_transport/lib:/home/nikhil/nourish_ws/install/gazebo_msgs/lib:/home/nikhil/nourish_ws/install/cv_bridge/lib:/home/nikhil/nourish_ws/install/camera_calibration_parsers/lib:/home/nikhil/nourish_ws/install/nourish_dcb/lib:/home/nikhil/nourish_ws/install/serial/lib:/home/nikhil/nourish_ws/install/nourish_scale_msgs/lib:/home/nikhil/nourish_ws/install/nourish_robot_arm_msgs/lib:/home/nikhil/ros2_dashing/ros2-linux/opt/yaml_cpp_vendor/lib:/home/nikhil/ros2_dashing/ros2-linux/opt/rviz_ogre_vendor/lib:/usr/lib:/home/nikhil/ros2_dashing/ros2-linux/lib:/usr/local/lib PYTHONPATH=/home/nikhil/nourish_ws/install/gazebo_ros/lib/python3.6/site-packages:/home/nikhil/nourish_ws/install/juice_spout_msgs/lib/python3.6/site-packages:/home/nikhil/nourish_ws/install/juice_dcb_msgs/lib/python3.6/site-packages:/home/nikhil/nourish_ws/install/gazebo_msgs/lib/python3.6/site-packages:/home/nikhil/nourish_ws/install/cv_bridge/lib/python3.6/site-packages:/home/nikhil/nourish_ws/install/nourish_scale_msgs/lib/python3.6/site-packages:/home/nikhil/nourish_ws/install/nourish_robot_arm_msgs/lib/python3.6/site-packages:/home/nikhil/ros2_dashing/ros2-linux/lib/python3.6/site-packages /usr/bin/cmake --build /home/nikhil/nourish_ws/build/dcb_gazebo -- -j12 -l12
